08/06 07:05:08AM parser.py:28 [INFO] 
08/06 07:05:08AM parser.py:29 [INFO] Parameters:
08/06 07:05:08AM parser.py:31 [INFO] T=1.0
08/06 07:05:08AM parser.py:31 [INFO] ADVANCED=True
08/06 07:05:08AM parser.py:31 [INFO] AUX_WEIGHT=0.4
08/06 07:05:08AM parser.py:31 [INFO] BATCH_SIZE=64
08/06 07:05:08AM parser.py:31 [INFO] CUTOUT_LENGTH=16
08/06 07:05:08AM parser.py:31 [INFO] DATA_PATH=../data/
08/06 07:05:08AM parser.py:31 [INFO] DATASET=cifar100
08/06 07:05:08AM parser.py:31 [INFO] DESCRIPTION=evaluate_arch_weight_only_KD
08/06 07:05:08AM parser.py:31 [INFO] DROP_PATH_PROB=0.2
08/06 07:05:08AM parser.py:31 [INFO] EPOCHS=100
08/06 07:05:08AM parser.py:31 [INFO] EXP_NAME=044204-20240806-070508
08/06 07:05:08AM parser.py:31 [INFO] GENOTYPE=Genotype3(normal1=[[('sep_conv_3x3', 0), ('sep_conv_3x3', 1)], [('sep_conv_3x3', 0), ('sep_conv_3x3', 2)], [('sep_conv_3x3', 1), ('sep_conv_3x3', 0)], [('sep_conv_3x3', 0), ('sep_conv_3x3', 1)]], normal1_concat=range(2, 6), reduce1=[[('sep_conv_3x3', 1), ('max_pool_3x3', 0)], [('dil_conv_3x3', 1), ('max_pool_3x3', 0)], [('sep_conv_3x3', 2), ('skip_connect', 1)], [('max_pool_3x3', 1), ('skip_connect', 0)]], reduce1_concat=range(2, 6), normal2=[[('skip_connect', 0), ('dil_conv_3x3', 1)], [('skip_connect', 0), ('skip_connect', 2)], [('skip_connect', 0), ('skip_connect', 2)], [('skip_connect', 0), ('skip_connect', 2)]], normal2_concat=range(2, 6), reduce2=[[('avg_pool_3x3', 0), ('max_pool_3x3', 1)], [('avg_pool_3x3', 0), ('max_pool_3x3', 1)], [('avg_pool_3x3', 0), ('skip_connect', 3)], [('avg_pool_3x3', 0), ('skip_connect', 3)]], reduce2_concat=range(2, 6), normal3=[[('skip_connect', 0), ('dil_conv_5x5', 1)], [('skip_connect', 0), ('skip_connect', 2)], [('skip_connect', 0), ('skip_connect', 2)], [('skip_connect', 0), ('skip_connect', 2)]], normal3_concat=range(2, 6))
08/06 07:05:08AM parser.py:31 [INFO] GPUS=[0]
08/06 07:05:08AM parser.py:31 [INFO] GRAD_CLIP=5.0
08/06 07:05:08AM parser.py:31 [INFO] INIT_CHANNELS=32
08/06 07:05:08AM parser.py:31 [INFO] L=1.0
08/06 07:05:08AM parser.py:31 [INFO] LAYERS=20
08/06 07:05:08AM parser.py:31 [INFO] LOGGER=<Logger H-DAS (INFO)>
08/06 07:05:08AM parser.py:31 [INFO] LR=0.025
08/06 07:05:08AM parser.py:31 [INFO] LR_MIN=0.001
08/06 07:05:08AM parser.py:31 [INFO] MOMENTUM=0.9
08/06 07:05:08AM parser.py:31 [INFO] NAME=ARCH_WEIGHT
08/06 07:05:08AM parser.py:31 [INFO] NONKD=True
08/06 07:05:08AM parser.py:31 [INFO] PATH=results/evaluate_cell_KD/cifar100/ARCH_WEIGHT/044204-20240806-070508
08/06 07:05:08AM parser.py:31 [INFO] PRINT_FREQ=50
08/06 07:05:08AM parser.py:31 [INFO] RESUME_PATH=None
08/06 07:05:08AM parser.py:31 [INFO] SAVE=044204
08/06 07:05:08AM parser.py:31 [INFO] SEED=0
08/06 07:05:08AM parser.py:31 [INFO] TEACHER_NAME=non
08/06 07:05:08AM parser.py:31 [INFO] TEACHER_PATH=non
08/06 07:05:08AM parser.py:31 [INFO] TRAIN_PORTION=0.9
08/06 07:05:08AM parser.py:31 [INFO] WEIGHT_DECAY=0.0003
08/06 07:05:08AM parser.py:31 [INFO] WORKERS=4
08/06 07:05:08AM parser.py:32 [INFO] 
08/06 07:05:10AM evaluateCell_trainer.py:102 [INFO] --> No loaded checkpoint!
08/06 07:06:23AM evaluateCell_trainer.py:199 [INFO] Valid: Epoch: [0][50/79]	Step 704	Loss 3.5066	Prec@(1,5) (17.9%, 44.3%)
08/06 07:06:24AM evaluateCell_trainer.py:199 [INFO] Valid: Epoch: [0][78/79]	Step 704	Loss 3.5335	Prec@(1,5) (17.2%, 43.4%)
08/06 07:06:24AM evaluateCell_trainer.py:206 [INFO] Valid: [  0/99] Final Prec@1 17.1800%
08/06 07:06:24午前 evaluateCell_main.py:75 [INFO] Until now, best Prec@1 = 17.1800%
08/06 07:07:44午前 evaluateCell_trainer.py:199 [INFO] Valid: Epoch: [1][50/79]	Step 1408	Loss 2.9697	Prec@(1,5) (26.0%, 56.8%)
08/06 07:07:45午前 evaluateCell_trainer.py:199 [INFO] Valid: Epoch: [1][78/79]	Step 1408	Loss 2.9337	Prec@(1,5) (26.7%, 57.7%)
08/06 07:07:45午前 evaluateCell_trainer.py:206 [INFO] Valid: [  1/99] Final Prec@1 26.7800%
08/06 07:07:45午前 evaluateCell_main.py:75 [INFO] Until now, best Prec@1 = 26.7800%
08/06 07:09:05午前 evaluateCell_trainer.py:199 [INFO] Valid: Epoch: [2][50/79]	Step 2112	Loss 2.6331	Prec@(1,5) (31.5%, 64.5%)
08/06 07:09:06午前 evaluateCell_trainer.py:199 [INFO] Valid: Epoch: [2][78/79]	Step 2112	Loss 2.6060	Prec@(1,5) (31.9%, 65.0%)
08/06 07:09:06午前 evaluateCell_trainer.py:206 [INFO] Valid: [  2/99] Final Prec@1 31.8000%
08/06 07:09:06午前 evaluateCell_main.py:75 [INFO] Until now, best Prec@1 = 31.8000%
08/06 07:10:27午前 evaluateCell_trainer.py:199 [INFO] Valid: Epoch: [3][50/79]	Step 2816	Loss 2.5388	Prec@(1,5) (34.7%, 67.1%)
08/06 07:10:27午前 evaluateCell_trainer.py:199 [INFO] Valid: Epoch: [3][78/79]	Step 2816	Loss 2.5022	Prec@(1,5) (35.6%, 67.6%)
08/06 07:10:27午前 evaluateCell_trainer.py:206 [INFO] Valid: [  3/99] Final Prec@1 35.6200%
08/06 07:10:28午前 evaluateCell_main.py:75 [INFO] Until now, best Prec@1 = 35.6200%
08/06 07:11:49午前 evaluateCell_trainer.py:199 [INFO] Valid: Epoch: [4][50/79]	Step 3520	Loss 2.3112	Prec@(1,5) (39.1%, 71.3%)
08/06 07:11:50午前 evaluateCell_trainer.py:199 [INFO] Valid: Epoch: [4][78/79]	Step 3520	Loss 2.3142	Prec@(1,5) (39.3%, 71.4%)
08/06 07:11:50午前 evaluateCell_trainer.py:206 [INFO] Valid: [  4/99] Final Prec@1 39.3000%
08/06 07:11:50午前 evaluateCell_main.py:75 [INFO] Until now, best Prec@1 = 39.3000%
08/06 07:13:10午前 evaluateCell_trainer.py:199 [INFO] Valid: Epoch: [5][50/79]	Step 4224	Loss 2.1516	Prec@(1,5) (42.2%, 74.5%)
08/06 07:13:10午前 evaluateCell_trainer.py:199 [INFO] Valid: Epoch: [5][78/79]	Step 4224	Loss 2.1612	Prec@(1,5) (42.3%, 74.5%)
08/06 07:13:10午前 evaluateCell_trainer.py:206 [INFO] Valid: [  5/99] Final Prec@1 42.3200%
08/06 07:13:11午前 evaluateCell_main.py:75 [INFO] Until now, best Prec@1 = 42.3200%
08/06 07:14:30午前 evaluateCell_trainer.py:199 [INFO] Valid: Epoch: [6][50/79]	Step 4928	Loss 2.1506	Prec@(1,5) (42.5%, 76.1%)
08/06 07:14:30午前 evaluateCell_trainer.py:199 [INFO] Valid: Epoch: [6][78/79]	Step 4928	Loss 2.1342	Prec@(1,5) (43.2%, 76.3%)
08/06 07:14:30午前 evaluateCell_trainer.py:206 [INFO] Valid: [  6/99] Final Prec@1 43.2200%
08/06 07:14:31午前 evaluateCell_main.py:75 [INFO] Until now, best Prec@1 = 43.2200%
08/06 07:15:49午前 evaluateCell_trainer.py:199 [INFO] Valid: Epoch: [7][50/79]	Step 5632	Loss 2.0686	Prec@(1,5) (44.4%, 76.2%)
08/06 07:15:50午前 evaluateCell_trainer.py:199 [INFO] Valid: Epoch: [7][78/79]	Step 5632	Loss 2.1179	Prec@(1,5) (43.3%, 75.5%)
08/06 07:15:50午前 evaluateCell_trainer.py:206 [INFO] Valid: [  7/99] Final Prec@1 43.3800%
08/06 07:15:51午前 evaluateCell_main.py:75 [INFO] Until now, best Prec@1 = 43.3800%
08/06 07:17:12午前 evaluateCell_trainer.py:199 [INFO] Valid: Epoch: [8][50/79]	Step 6336	Loss 2.0109	Prec@(1,5) (45.3%, 77.8%)
08/06 07:17:13午前 evaluateCell_trainer.py:199 [INFO] Valid: Epoch: [8][78/79]	Step 6336	Loss 2.0246	Prec@(1,5) (45.6%, 77.5%)
08/06 07:17:13午前 evaluateCell_trainer.py:206 [INFO] Valid: [  8/99] Final Prec@1 45.6200%
08/06 07:17:13午前 evaluateCell_main.py:75 [INFO] Until now, best Prec@1 = 45.6200%
08/06 07:18:33午前 evaluateCell_trainer.py:199 [INFO] Valid: Epoch: [9][50/79]	Step 7040	Loss 1.8757	Prec@(1,5) (47.3%, 80.7%)
08/06 07:18:34午前 evaluateCell_trainer.py:199 [INFO] Valid: Epoch: [9][78/79]	Step 7040	Loss 1.8810	Prec@(1,5) (48.0%, 80.2%)
08/06 07:18:34午前 evaluateCell_trainer.py:206 [INFO] Valid: [  9/99] Final Prec@1 47.9200%
08/06 07:18:35午前 evaluateCell_main.py:75 [INFO] Until now, best Prec@1 = 47.9200%
08/06 07:19:54午前 evaluateCell_trainer.py:199 [INFO] Valid: Epoch: [10][50/79]	Step 7744	Loss 1.8643	Prec@(1,5) (48.7%, 79.7%)
08/06 07:19:55午前 evaluateCell_trainer.py:199 [INFO] Valid: Epoch: [10][78/79]	Step 7744	Loss 1.8892	Prec@(1,5) (47.8%, 79.5%)
08/06 07:19:55午前 evaluateCell_trainer.py:206 [INFO] Valid: [ 10/99] Final Prec@1 47.7800%
08/06 07:19:55午前 evaluateCell_main.py:75 [INFO] Until now, best Prec@1 = 47.9200%
08/06 07:21:14午前 evaluateCell_trainer.py:199 [INFO] Valid: Epoch: [11][50/79]	Step 8448	Loss 1.8412	Prec@(1,5) (49.7%, 80.4%)
08/06 07:21:15午前 evaluateCell_trainer.py:199 [INFO] Valid: Epoch: [11][78/79]	Step 8448	Loss 1.8782	Prec@(1,5) (49.3%, 79.7%)
08/06 07:21:15午前 evaluateCell_trainer.py:206 [INFO] Valid: [ 11/99] Final Prec@1 49.2800%
08/06 07:21:15午前 evaluateCell_main.py:75 [INFO] Until now, best Prec@1 = 49.2800%
08/06 07:22:34午前 evaluateCell_trainer.py:199 [INFO] Valid: Epoch: [12][50/79]	Step 9152	Loss 1.8187	Prec@(1,5) (50.4%, 81.2%)
08/06 07:22:34午前 evaluateCell_trainer.py:199 [INFO] Valid: Epoch: [12][78/79]	Step 9152	Loss 1.8140	Prec@(1,5) (50.4%, 80.9%)
08/06 07:22:35午前 evaluateCell_trainer.py:206 [INFO] Valid: [ 12/99] Final Prec@1 50.4000%
08/06 07:22:35午前 evaluateCell_main.py:75 [INFO] Until now, best Prec@1 = 50.4000%
08/06 07:23:53午前 evaluateCell_trainer.py:199 [INFO] Valid: Epoch: [13][50/79]	Step 9856	Loss 1.8243	Prec@(1,5) (50.6%, 81.7%)
08/06 07:23:54午前 evaluateCell_trainer.py:199 [INFO] Valid: Epoch: [13][78/79]	Step 9856	Loss 1.7783	Prec@(1,5) (51.2%, 82.4%)
08/06 07:23:54午前 evaluateCell_trainer.py:206 [INFO] Valid: [ 13/99] Final Prec@1 51.2200%
08/06 07:23:54午前 evaluateCell_main.py:75 [INFO] Until now, best Prec@1 = 51.2200%
08/06 07:25:13午前 evaluateCell_trainer.py:199 [INFO] Valid: Epoch: [14][50/79]	Step 10560	Loss 1.8763	Prec@(1,5) (49.5%, 80.2%)
08/06 07:25:14午前 evaluateCell_trainer.py:199 [INFO] Valid: Epoch: [14][78/79]	Step 10560	Loss 1.8746	Prec@(1,5) (49.2%, 80.0%)
08/06 07:25:14午前 evaluateCell_trainer.py:206 [INFO] Valid: [ 14/99] Final Prec@1 49.2000%
08/06 07:25:14午前 evaluateCell_main.py:75 [INFO] Until now, best Prec@1 = 51.2200%
08/06 07:26:35午前 evaluateCell_trainer.py:199 [INFO] Valid: Epoch: [15][50/79]	Step 11264	Loss 1.7859	Prec@(1,5) (50.4%, 81.8%)
08/06 07:26:36午前 evaluateCell_trainer.py:199 [INFO] Valid: Epoch: [15][78/79]	Step 11264	Loss 1.7501	Prec@(1,5) (52.0%, 82.1%)
08/06 07:26:36午前 evaluateCell_trainer.py:206 [INFO] Valid: [ 15/99] Final Prec@1 51.9400%
08/06 07:26:36午前 evaluateCell_main.py:75 [INFO] Until now, best Prec@1 = 51.9400%
08/06 07:27:55午前 evaluateCell_trainer.py:199 [INFO] Valid: Epoch: [16][50/79]	Step 11968	Loss 1.8352	Prec@(1,5) (51.0%, 81.7%)
08/06 07:27:56午前 evaluateCell_trainer.py:199 [INFO] Valid: Epoch: [16][78/79]	Step 11968	Loss 1.8284	Prec@(1,5) (51.1%, 81.1%)
08/06 07:27:56午前 evaluateCell_trainer.py:206 [INFO] Valid: [ 16/99] Final Prec@1 51.1600%
08/06 07:27:56午前 evaluateCell_main.py:75 [INFO] Until now, best Prec@1 = 51.9400%
08/06 07:29:16午前 evaluateCell_trainer.py:199 [INFO] Valid: Epoch: [17][50/79]	Step 12672	Loss 1.7293	Prec@(1,5) (52.9%, 82.4%)
08/06 07:29:16午前 evaluateCell_trainer.py:199 [INFO] Valid: Epoch: [17][78/79]	Step 12672	Loss 1.7517	Prec@(1,5) (52.4%, 82.0%)
08/06 07:29:16午前 evaluateCell_trainer.py:206 [INFO] Valid: [ 17/99] Final Prec@1 52.3800%
08/06 07:29:17午前 evaluateCell_main.py:75 [INFO] Until now, best Prec@1 = 52.3800%
08/06 07:30:36午前 evaluateCell_trainer.py:199 [INFO] Valid: Epoch: [18][50/79]	Step 13376	Loss 1.7982	Prec@(1,5) (52.2%, 82.5%)
08/06 07:30:37午前 evaluateCell_trainer.py:199 [INFO] Valid: Epoch: [18][78/79]	Step 13376	Loss 1.7476	Prec@(1,5) (53.3%, 83.4%)
08/06 07:30:37午前 evaluateCell_trainer.py:206 [INFO] Valid: [ 18/99] Final Prec@1 53.3200%
08/06 07:30:37午前 evaluateCell_main.py:75 [INFO] Until now, best Prec@1 = 53.3200%
08/06 07:31:58午前 evaluateCell_trainer.py:199 [INFO] Valid: Epoch: [19][50/79]	Step 14080	Loss 1.7981	Prec@(1,5) (51.6%, 83.0%)
08/06 07:31:58午前 evaluateCell_trainer.py:199 [INFO] Valid: Epoch: [19][78/79]	Step 14080	Loss 1.8027	Prec@(1,5) (51.4%, 82.4%)
08/06 07:31:59午前 evaluateCell_trainer.py:206 [INFO] Valid: [ 19/99] Final Prec@1 51.4000%
08/06 07:31:59午前 evaluateCell_main.py:75 [INFO] Until now, best Prec@1 = 53.3200%
08/06 07:33:19午前 evaluateCell_trainer.py:199 [INFO] Valid: Epoch: [20][50/79]	Step 14784	Loss 1.8268	Prec@(1,5) (50.6%, 82.0%)
08/06 07:33:20午前 evaluateCell_trainer.py:199 [INFO] Valid: Epoch: [20][78/79]	Step 14784	Loss 1.7985	Prec@(1,5) (51.3%, 82.1%)
08/06 07:33:20午前 evaluateCell_trainer.py:206 [INFO] Valid: [ 20/99] Final Prec@1 51.2400%
08/06 07:33:20午前 evaluateCell_main.py:75 [INFO] Until now, best Prec@1 = 53.3200%
08/06 07:34:40午前 evaluateCell_trainer.py:199 [INFO] Valid: Epoch: [21][50/79]	Step 15488	Loss 1.6500	Prec@(1,5) (56.0%, 84.6%)
08/06 07:34:41午前 evaluateCell_trainer.py:199 [INFO] Valid: Epoch: [21][78/79]	Step 15488	Loss 1.6420	Prec@(1,5) (56.0%, 84.7%)
08/06 07:34:41午前 evaluateCell_trainer.py:206 [INFO] Valid: [ 21/99] Final Prec@1 55.9800%
08/06 07:34:41午前 evaluateCell_main.py:75 [INFO] Until now, best Prec@1 = 55.9800%
08/06 07:36:01午前 evaluateCell_trainer.py:199 [INFO] Valid: Epoch: [22][50/79]	Step 16192	Loss 1.6967	Prec@(1,5) (54.9%, 83.1%)
08/06 07:36:02午前 evaluateCell_trainer.py:199 [INFO] Valid: Epoch: [22][78/79]	Step 16192	Loss 1.6934	Prec@(1,5) (54.9%, 83.2%)
08/06 07:36:02午前 evaluateCell_trainer.py:206 [INFO] Valid: [ 22/99] Final Prec@1 54.9200%
08/06 07:36:02午前 evaluateCell_main.py:75 [INFO] Until now, best Prec@1 = 55.9800%
08/06 07:37:22午前 evaluateCell_trainer.py:199 [INFO] Valid: Epoch: [23][50/79]	Step 16896	Loss 1.7773	Prec@(1,5) (52.1%, 82.2%)
08/06 07:37:23午前 evaluateCell_trainer.py:199 [INFO] Valid: Epoch: [23][78/79]	Step 16896	Loss 1.7662	Prec@(1,5) (52.6%, 82.3%)
08/06 07:37:23午前 evaluateCell_trainer.py:206 [INFO] Valid: [ 23/99] Final Prec@1 52.5800%
08/06 07:37:23午前 evaluateCell_main.py:75 [INFO] Until now, best Prec@1 = 55.9800%
08/06 07:38:43午前 evaluateCell_trainer.py:199 [INFO] Valid: Epoch: [24][50/79]	Step 17600	Loss 1.5700	Prec@(1,5) (56.4%, 85.9%)
08/06 07:38:43午前 evaluateCell_trainer.py:199 [INFO] Valid: Epoch: [24][78/79]	Step 17600	Loss 1.6089	Prec@(1,5) (55.3%, 85.1%)
08/06 07:38:43午前 evaluateCell_trainer.py:206 [INFO] Valid: [ 24/99] Final Prec@1 55.2800%
08/06 07:38:44午前 evaluateCell_main.py:75 [INFO] Until now, best Prec@1 = 55.9800%
08/06 07:40:03午前 evaluateCell_trainer.py:199 [INFO] Valid: Epoch: [25][50/79]	Step 18304	Loss 1.6625	Prec@(1,5) (55.0%, 83.8%)
08/06 07:40:03午前 evaluateCell_trainer.py:199 [INFO] Valid: Epoch: [25][78/79]	Step 18304	Loss 1.6633	Prec@(1,5) (54.9%, 83.9%)
08/06 07:40:03午前 evaluateCell_trainer.py:206 [INFO] Valid: [ 25/99] Final Prec@1 54.9000%
08/06 07:40:04午前 evaluateCell_main.py:75 [INFO] Until now, best Prec@1 = 55.9800%
08/06 07:41:23午前 evaluateCell_trainer.py:199 [INFO] Valid: Epoch: [26][50/79]	Step 19008	Loss 1.5914	Prec@(1,5) (55.9%, 85.4%)
08/06 07:41:24午前 evaluateCell_trainer.py:199 [INFO] Valid: Epoch: [26][78/79]	Step 19008	Loss 1.6003	Prec@(1,5) (56.0%, 85.3%)
08/06 07:41:24午前 evaluateCell_trainer.py:206 [INFO] Valid: [ 26/99] Final Prec@1 55.9600%
08/06 07:41:24午前 evaluateCell_main.py:75 [INFO] Until now, best Prec@1 = 55.9800%
08/06 07:42:44午前 evaluateCell_trainer.py:199 [INFO] Valid: Epoch: [27][50/79]	Step 19712	Loss 1.6677	Prec@(1,5) (55.7%, 84.0%)
08/06 07:42:45午前 evaluateCell_trainer.py:199 [INFO] Valid: Epoch: [27][78/79]	Step 19712	Loss 1.6645	Prec@(1,5) (55.9%, 84.1%)
08/06 07:42:45午前 evaluateCell_trainer.py:206 [INFO] Valid: [ 27/99] Final Prec@1 55.9000%
08/06 07:42:45午前 evaluateCell_main.py:75 [INFO] Until now, best Prec@1 = 55.9800%
08/06 07:44:05午前 evaluateCell_trainer.py:199 [INFO] Valid: Epoch: [28][50/79]	Step 20416	Loss 1.5629	Prec@(1,5) (57.0%, 85.9%)
08/06 07:44:06午前 evaluateCell_trainer.py:199 [INFO] Valid: Epoch: [28][78/79]	Step 20416	Loss 1.5536	Prec@(1,5) (57.7%, 85.8%)
08/06 07:44:06午前 evaluateCell_trainer.py:206 [INFO] Valid: [ 28/99] Final Prec@1 57.6800%
08/06 07:44:06午前 evaluateCell_main.py:75 [INFO] Until now, best Prec@1 = 57.6800%
08/06 07:45:27午前 evaluateCell_trainer.py:199 [INFO] Valid: Epoch: [29][50/79]	Step 21120	Loss 1.6032	Prec@(1,5) (57.0%, 85.2%)
08/06 07:45:28午前 evaluateCell_trainer.py:199 [INFO] Valid: Epoch: [29][78/79]	Step 21120	Loss 1.6050	Prec@(1,5) (56.5%, 85.5%)
08/06 07:45:28午前 evaluateCell_trainer.py:206 [INFO] Valid: [ 29/99] Final Prec@1 56.5200%
08/06 07:45:28午前 evaluateCell_main.py:75 [INFO] Until now, best Prec@1 = 57.6800%
08/06 07:46:47午前 evaluateCell_trainer.py:199 [INFO] Valid: Epoch: [30][50/79]	Step 21824	Loss 1.6022	Prec@(1,5) (57.0%, 84.8%)
08/06 07:46:47午前 evaluateCell_trainer.py:199 [INFO] Valid: Epoch: [30][78/79]	Step 21824	Loss 1.5987	Prec@(1,5) (57.2%, 84.9%)
08/06 07:46:48午前 evaluateCell_trainer.py:206 [INFO] Valid: [ 30/99] Final Prec@1 57.2400%
08/06 07:46:48午前 evaluateCell_main.py:75 [INFO] Until now, best Prec@1 = 57.6800%
08/06 07:48:07午前 evaluateCell_trainer.py:199 [INFO] Valid: Epoch: [31][50/79]	Step 22528	Loss 1.5533	Prec@(1,5) (57.7%, 85.7%)
08/06 07:48:07午前 evaluateCell_trainer.py:199 [INFO] Valid: Epoch: [31][78/79]	Step 22528	Loss 1.5527	Prec@(1,5) (57.9%, 85.6%)
08/06 07:48:08午前 evaluateCell_trainer.py:206 [INFO] Valid: [ 31/99] Final Prec@1 57.8800%
08/06 07:48:08午前 evaluateCell_main.py:75 [INFO] Until now, best Prec@1 = 57.8800%
08/06 07:49:27午前 evaluateCell_trainer.py:199 [INFO] Valid: Epoch: [32][50/79]	Step 23232	Loss 1.4912	Prec@(1,5) (58.2%, 86.6%)
08/06 07:49:28午前 evaluateCell_trainer.py:199 [INFO] Valid: Epoch: [32][78/79]	Step 23232	Loss 1.5094	Prec@(1,5) (58.2%, 86.3%)
08/06 07:49:28午前 evaluateCell_trainer.py:206 [INFO] Valid: [ 32/99] Final Prec@1 58.1400%
08/06 07:49:28午前 evaluateCell_main.py:75 [INFO] Until now, best Prec@1 = 58.1400%
08/06 07:50:49午前 evaluateCell_trainer.py:199 [INFO] Valid: Epoch: [33][50/79]	Step 23936	Loss 1.5392	Prec@(1,5) (56.9%, 86.0%)
08/06 07:50:49午前 evaluateCell_trainer.py:199 [INFO] Valid: Epoch: [33][78/79]	Step 23936	Loss 1.5618	Prec@(1,5) (57.3%, 85.7%)
08/06 07:50:49午前 evaluateCell_trainer.py:206 [INFO] Valid: [ 33/99] Final Prec@1 57.2200%
08/06 07:50:49午前 evaluateCell_main.py:75 [INFO] Until now, best Prec@1 = 58.1400%
08/06 07:52:10午前 evaluateCell_trainer.py:199 [INFO] Valid: Epoch: [34][50/79]	Step 24640	Loss 1.5276	Prec@(1,5) (58.0%, 86.0%)
08/06 07:52:11午前 evaluateCell_trainer.py:199 [INFO] Valid: Epoch: [34][78/79]	Step 24640	Loss 1.5284	Prec@(1,5) (58.3%, 85.9%)
08/06 07:52:11午前 evaluateCell_trainer.py:206 [INFO] Valid: [ 34/99] Final Prec@1 58.3600%
08/06 07:52:11午前 evaluateCell_main.py:75 [INFO] Until now, best Prec@1 = 58.3600%
08/06 07:53:31午前 evaluateCell_trainer.py:199 [INFO] Valid: Epoch: [35][50/79]	Step 25344	Loss 1.5199	Prec@(1,5) (58.5%, 85.4%)
08/06 07:53:32午前 evaluateCell_trainer.py:199 [INFO] Valid: Epoch: [35][78/79]	Step 25344	Loss 1.5159	Prec@(1,5) (58.9%, 85.6%)
08/06 07:53:32午前 evaluateCell_trainer.py:206 [INFO] Valid: [ 35/99] Final Prec@1 58.8600%
08/06 07:53:32午前 evaluateCell_main.py:75 [INFO] Until now, best Prec@1 = 58.8600%
08/06 07:54:51午前 evaluateCell_trainer.py:199 [INFO] Valid: Epoch: [36][50/79]	Step 26048	Loss 1.6673	Prec@(1,5) (55.3%, 85.5%)
08/06 07:54:52午前 evaluateCell_trainer.py:199 [INFO] Valid: Epoch: [36][78/79]	Step 26048	Loss 1.6351	Prec@(1,5) (55.8%, 85.7%)
08/06 07:54:52午前 evaluateCell_trainer.py:206 [INFO] Valid: [ 36/99] Final Prec@1 55.8800%
08/06 07:54:52午前 evaluateCell_main.py:75 [INFO] Until now, best Prec@1 = 58.8600%
08/06 07:56:12午前 evaluateCell_trainer.py:199 [INFO] Valid: Epoch: [37][50/79]	Step 26752	Loss 1.4947	Prec@(1,5) (60.2%, 86.9%)
08/06 07:56:12午前 evaluateCell_trainer.py:199 [INFO] Valid: Epoch: [37][78/79]	Step 26752	Loss 1.4895	Prec@(1,5) (59.8%, 86.9%)
08/06 07:56:12午前 evaluateCell_trainer.py:206 [INFO] Valid: [ 37/99] Final Prec@1 59.7800%
08/06 07:56:13午前 evaluateCell_main.py:75 [INFO] Until now, best Prec@1 = 59.7800%
08/06 07:57:33午前 evaluateCell_trainer.py:199 [INFO] Valid: Epoch: [38][50/79]	Step 27456	Loss 1.5694	Prec@(1,5) (57.6%, 86.4%)
08/06 07:57:34午前 evaluateCell_trainer.py:199 [INFO] Valid: Epoch: [38][78/79]	Step 27456	Loss 1.5536	Prec@(1,5) (57.8%, 86.5%)
08/06 07:57:34午前 evaluateCell_trainer.py:206 [INFO] Valid: [ 38/99] Final Prec@1 57.8200%
08/06 07:57:34午前 evaluateCell_main.py:75 [INFO] Until now, best Prec@1 = 59.7800%
08/06 07:58:53午前 evaluateCell_trainer.py:199 [INFO] Valid: Epoch: [39][50/79]	Step 28160	Loss 1.4958	Prec@(1,5) (58.9%, 86.7%)
08/06 07:58:54午前 evaluateCell_trainer.py:199 [INFO] Valid: Epoch: [39][78/79]	Step 28160	Loss 1.4865	Prec@(1,5) (59.5%, 86.9%)
08/06 07:58:54午前 evaluateCell_trainer.py:206 [INFO] Valid: [ 39/99] Final Prec@1 59.5400%
08/06 07:58:54午前 evaluateCell_main.py:75 [INFO] Until now, best Prec@1 = 59.7800%
08/06 08:00:13午前 evaluateCell_trainer.py:199 [INFO] Valid: Epoch: [40][50/79]	Step 28864	Loss 1.4296	Prec@(1,5) (60.5%, 87.7%)
08/06 08:00:14午前 evaluateCell_trainer.py:199 [INFO] Valid: Epoch: [40][78/79]	Step 28864	Loss 1.4596	Prec@(1,5) (60.0%, 87.2%)
08/06 08:00:14午前 evaluateCell_trainer.py:206 [INFO] Valid: [ 40/99] Final Prec@1 60.0200%
08/06 08:00:14午前 evaluateCell_main.py:75 [INFO] Until now, best Prec@1 = 60.0200%
08/06 08:01:33午前 evaluateCell_trainer.py:199 [INFO] Valid: Epoch: [41][50/79]	Step 29568	Loss 1.4532	Prec@(1,5) (60.7%, 87.0%)
08/06 08:01:34午前 evaluateCell_trainer.py:199 [INFO] Valid: Epoch: [41][78/79]	Step 29568	Loss 1.4635	Prec@(1,5) (60.1%, 87.3%)
08/06 08:01:34午前 evaluateCell_trainer.py:206 [INFO] Valid: [ 41/99] Final Prec@1 60.1000%
08/06 08:01:35午前 evaluateCell_main.py:75 [INFO] Until now, best Prec@1 = 60.1000%
08/06 08:02:54午前 evaluateCell_trainer.py:199 [INFO] Valid: Epoch: [42][50/79]	Step 30272	Loss 1.4191	Prec@(1,5) (60.0%, 88.0%)
08/06 08:02:55午前 evaluateCell_trainer.py:199 [INFO] Valid: Epoch: [42][78/79]	Step 30272	Loss 1.4192	Prec@(1,5) (60.6%, 88.0%)
08/06 08:02:55午前 evaluateCell_trainer.py:206 [INFO] Valid: [ 42/99] Final Prec@1 60.5400%
08/06 08:02:55午前 evaluateCell_main.py:75 [INFO] Until now, best Prec@1 = 60.5400%
08/06 08:04:15午前 evaluateCell_trainer.py:199 [INFO] Valid: Epoch: [43][50/79]	Step 30976	Loss 1.4522	Prec@(1,5) (60.4%, 87.8%)
08/06 08:04:15午前 evaluateCell_trainer.py:199 [INFO] Valid: Epoch: [43][78/79]	Step 30976	Loss 1.4460	Prec@(1,5) (60.1%, 88.0%)
08/06 08:04:15午前 evaluateCell_trainer.py:206 [INFO] Valid: [ 43/99] Final Prec@1 60.1600%
08/06 08:04:16午前 evaluateCell_main.py:75 [INFO] Until now, best Prec@1 = 60.5400%
08/06 08:05:35午前 evaluateCell_trainer.py:199 [INFO] Valid: Epoch: [44][50/79]	Step 31680	Loss 1.4541	Prec@(1,5) (61.7%, 86.9%)
08/06 08:05:36午前 evaluateCell_trainer.py:199 [INFO] Valid: Epoch: [44][78/79]	Step 31680	Loss 1.4350	Prec@(1,5) (61.9%, 87.2%)
08/06 08:05:36午前 evaluateCell_trainer.py:206 [INFO] Valid: [ 44/99] Final Prec@1 61.8800%
08/06 08:05:36午前 evaluateCell_main.py:75 [INFO] Until now, best Prec@1 = 61.8800%
08/06 08:06:56午前 evaluateCell_trainer.py:199 [INFO] Valid: Epoch: [45][50/79]	Step 32384	Loss 1.4576	Prec@(1,5) (61.5%, 88.1%)
08/06 08:06:57午前 evaluateCell_trainer.py:199 [INFO] Valid: Epoch: [45][78/79]	Step 32384	Loss 1.4539	Prec@(1,5) (61.2%, 88.2%)
08/06 08:06:57午前 evaluateCell_trainer.py:206 [INFO] Valid: [ 45/99] Final Prec@1 61.1800%
08/06 08:06:57午前 evaluateCell_main.py:75 [INFO] Until now, best Prec@1 = 61.8800%
08/06 08:08:17午前 evaluateCell_trainer.py:199 [INFO] Valid: Epoch: [46][50/79]	Step 33088	Loss 1.4144	Prec@(1,5) (60.8%, 88.1%)
08/06 08:08:18午前 evaluateCell_trainer.py:199 [INFO] Valid: Epoch: [46][78/79]	Step 33088	Loss 1.4400	Prec@(1,5) (60.4%, 87.7%)
08/06 08:08:18午前 evaluateCell_trainer.py:206 [INFO] Valid: [ 46/99] Final Prec@1 60.4400%
08/06 08:08:18午前 evaluateCell_main.py:75 [INFO] Until now, best Prec@1 = 61.8800%
08/06 08:09:39午前 evaluateCell_trainer.py:199 [INFO] Valid: Epoch: [47][50/79]	Step 33792	Loss 1.4288	Prec@(1,5) (61.8%, 88.6%)
08/06 08:09:39午前 evaluateCell_trainer.py:199 [INFO] Valid: Epoch: [47][78/79]	Step 33792	Loss 1.4209	Prec@(1,5) (61.5%, 88.7%)
08/06 08:09:39午前 evaluateCell_trainer.py:206 [INFO] Valid: [ 47/99] Final Prec@1 61.4400%
08/06 08:09:40午前 evaluateCell_main.py:75 [INFO] Until now, best Prec@1 = 61.8800%
08/06 08:11:00午前 evaluateCell_trainer.py:199 [INFO] Valid: Epoch: [48][50/79]	Step 34496	Loss 1.4715	Prec@(1,5) (61.4%, 87.5%)
08/06 08:11:00午前 evaluateCell_trainer.py:199 [INFO] Valid: Epoch: [48][78/79]	Step 34496	Loss 1.4444	Prec@(1,5) (62.0%, 87.6%)
08/06 08:11:00午前 evaluateCell_trainer.py:206 [INFO] Valid: [ 48/99] Final Prec@1 61.9400%
08/06 08:11:01午前 evaluateCell_main.py:75 [INFO] Until now, best Prec@1 = 61.9400%
08/06 08:12:20午前 evaluateCell_trainer.py:199 [INFO] Valid: Epoch: [49][50/79]	Step 35200	Loss 1.4427	Prec@(1,5) (61.0%, 88.9%)
08/06 08:12:21午前 evaluateCell_trainer.py:199 [INFO] Valid: Epoch: [49][78/79]	Step 35200	Loss 1.4284	Prec@(1,5) (61.2%, 88.9%)
08/06 08:12:21午前 evaluateCell_trainer.py:206 [INFO] Valid: [ 49/99] Final Prec@1 61.2200%
08/06 08:12:21午前 evaluateCell_main.py:75 [INFO] Until now, best Prec@1 = 61.9400%
08/06 08:13:42午前 evaluateCell_trainer.py:199 [INFO] Valid: Epoch: [50][50/79]	Step 35904	Loss 1.5043	Prec@(1,5) (60.8%, 86.7%)
08/06 08:13:43午前 evaluateCell_trainer.py:199 [INFO] Valid: Epoch: [50][78/79]	Step 35904	Loss 1.4807	Prec@(1,5) (60.9%, 87.0%)
08/06 08:13:43午前 evaluateCell_trainer.py:206 [INFO] Valid: [ 50/99] Final Prec@1 60.8800%
08/06 08:13:43午前 evaluateCell_main.py:75 [INFO] Until now, best Prec@1 = 61.9400%
08/06 08:15:02午前 evaluateCell_trainer.py:199 [INFO] Valid: Epoch: [51][50/79]	Step 36608	Loss 1.3766	Prec@(1,5) (62.6%, 88.1%)
08/06 08:15:03午前 evaluateCell_trainer.py:199 [INFO] Valid: Epoch: [51][78/79]	Step 36608	Loss 1.3979	Prec@(1,5) (62.2%, 88.0%)
08/06 08:15:03午前 evaluateCell_trainer.py:206 [INFO] Valid: [ 51/99] Final Prec@1 62.2200%
08/06 08:15:03午前 evaluateCell_main.py:75 [INFO] Until now, best Prec@1 = 62.2200%
08/06 08:16:23午前 evaluateCell_trainer.py:199 [INFO] Valid: Epoch: [52][50/79]	Step 37312	Loss 1.3982	Prec@(1,5) (61.7%, 88.6%)
08/06 08:16:23午前 evaluateCell_trainer.py:199 [INFO] Valid: Epoch: [52][78/79]	Step 37312	Loss 1.4045	Prec@(1,5) (61.6%, 88.8%)
08/06 08:16:23午前 evaluateCell_trainer.py:206 [INFO] Valid: [ 52/99] Final Prec@1 61.6600%
08/06 08:16:23午前 evaluateCell_main.py:75 [INFO] Until now, best Prec@1 = 62.2200%
08/06 08:17:44午前 evaluateCell_trainer.py:199 [INFO] Valid: Epoch: [53][50/79]	Step 38016	Loss 1.4459	Prec@(1,5) (61.3%, 88.1%)
08/06 08:17:45午前 evaluateCell_trainer.py:199 [INFO] Valid: Epoch: [53][78/79]	Step 38016	Loss 1.4879	Prec@(1,5) (60.6%, 87.8%)
08/06 08:17:45午前 evaluateCell_trainer.py:206 [INFO] Valid: [ 53/99] Final Prec@1 60.5600%
08/06 08:17:45午前 evaluateCell_main.py:75 [INFO] Until now, best Prec@1 = 62.2200%
08/06 08:19:05午前 evaluateCell_trainer.py:199 [INFO] Valid: Epoch: [54][50/79]	Step 38720	Loss 1.3096	Prec@(1,5) (65.5%, 89.7%)
08/06 08:19:05午前 evaluateCell_trainer.py:199 [INFO] Valid: Epoch: [54][78/79]	Step 38720	Loss 1.3229	Prec@(1,5) (64.5%, 89.5%)
08/06 08:19:05午前 evaluateCell_trainer.py:206 [INFO] Valid: [ 54/99] Final Prec@1 64.4600%
08/06 08:19:06午前 evaluateCell_main.py:75 [INFO] Until now, best Prec@1 = 64.4600%
08/06 08:20:26午前 evaluateCell_trainer.py:199 [INFO] Valid: Epoch: [55][50/79]	Step 39424	Loss 1.3500	Prec@(1,5) (64.4%, 89.2%)
08/06 08:20:26午前 evaluateCell_trainer.py:199 [INFO] Valid: Epoch: [55][78/79]	Step 39424	Loss 1.3409	Prec@(1,5) (64.3%, 89.5%)
08/06 08:20:26午前 evaluateCell_trainer.py:206 [INFO] Valid: [ 55/99] Final Prec@1 64.2400%
08/06 08:20:26午前 evaluateCell_main.py:75 [INFO] Until now, best Prec@1 = 64.4600%
08/06 08:21:46午前 evaluateCell_trainer.py:199 [INFO] Valid: Epoch: [56][50/79]	Step 40128	Loss 1.3117	Prec@(1,5) (64.2%, 90.3%)
08/06 08:21:47午前 evaluateCell_trainer.py:199 [INFO] Valid: Epoch: [56][78/79]	Step 40128	Loss 1.3406	Prec@(1,5) (63.6%, 90.2%)
08/06 08:21:47午前 evaluateCell_trainer.py:206 [INFO] Valid: [ 56/99] Final Prec@1 63.6600%
08/06 08:21:47午前 evaluateCell_main.py:75 [INFO] Until now, best Prec@1 = 64.4600%
08/06 08:23:07午前 evaluateCell_trainer.py:199 [INFO] Valid: Epoch: [57][50/79]	Step 40832	Loss 1.3799	Prec@(1,5) (62.5%, 89.4%)
08/06 08:23:08午前 evaluateCell_trainer.py:199 [INFO] Valid: Epoch: [57][78/79]	Step 40832	Loss 1.3513	Prec@(1,5) (63.3%, 89.5%)
08/06 08:23:08午前 evaluateCell_trainer.py:206 [INFO] Valid: [ 57/99] Final Prec@1 63.2600%
08/06 08:23:08午前 evaluateCell_main.py:75 [INFO] Until now, best Prec@1 = 64.4600%
08/06 08:24:27午前 evaluateCell_trainer.py:199 [INFO] Valid: Epoch: [58][50/79]	Step 41536	Loss 1.3735	Prec@(1,5) (64.5%, 88.5%)
08/06 08:24:28午前 evaluateCell_trainer.py:199 [INFO] Valid: Epoch: [58][78/79]	Step 41536	Loss 1.3727	Prec@(1,5) (63.9%, 88.9%)
08/06 08:24:28午前 evaluateCell_trainer.py:206 [INFO] Valid: [ 58/99] Final Prec@1 63.8600%
08/06 08:24:28午前 evaluateCell_main.py:75 [INFO] Until now, best Prec@1 = 64.4600%
08/06 08:25:49午前 evaluateCell_trainer.py:199 [INFO] Valid: Epoch: [59][50/79]	Step 42240	Loss 1.3507	Prec@(1,5) (63.8%, 89.2%)
08/06 08:25:49午前 evaluateCell_trainer.py:199 [INFO] Valid: Epoch: [59][78/79]	Step 42240	Loss 1.3358	Prec@(1,5) (64.4%, 89.2%)
08/06 08:25:49午前 evaluateCell_trainer.py:206 [INFO] Valid: [ 59/99] Final Prec@1 64.3800%
08/06 08:25:50午前 evaluateCell_main.py:75 [INFO] Until now, best Prec@1 = 64.4600%
08/06 08:27:09午前 evaluateCell_trainer.py:199 [INFO] Valid: Epoch: [60][50/79]	Step 42944	Loss 1.3385	Prec@(1,5) (63.6%, 89.9%)
08/06 08:27:10午前 evaluateCell_trainer.py:199 [INFO] Valid: Epoch: [60][78/79]	Step 42944	Loss 1.3260	Prec@(1,5) (64.5%, 89.9%)
08/06 08:27:10午前 evaluateCell_trainer.py:206 [INFO] Valid: [ 60/99] Final Prec@1 64.5400%
08/06 08:27:10午前 evaluateCell_main.py:75 [INFO] Until now, best Prec@1 = 64.5400%
08/06 08:28:31午前 evaluateCell_trainer.py:199 [INFO] Valid: Epoch: [61][50/79]	Step 43648	Loss 1.3544	Prec@(1,5) (64.2%, 89.3%)
08/06 08:28:32午前 evaluateCell_trainer.py:199 [INFO] Valid: Epoch: [61][78/79]	Step 43648	Loss 1.3353	Prec@(1,5) (64.6%, 89.5%)
08/06 08:28:32午前 evaluateCell_trainer.py:206 [INFO] Valid: [ 61/99] Final Prec@1 64.5400%
08/06 08:28:32午前 evaluateCell_main.py:75 [INFO] Until now, best Prec@1 = 64.5400%
08/06 08:29:52午前 evaluateCell_trainer.py:199 [INFO] Valid: Epoch: [62][50/79]	Step 44352	Loss 1.3092	Prec@(1,5) (63.6%, 91.0%)
08/06 08:29:52午前 evaluateCell_trainer.py:199 [INFO] Valid: Epoch: [62][78/79]	Step 44352	Loss 1.3191	Prec@(1,5) (63.9%, 90.0%)
08/06 08:29:52午前 evaluateCell_trainer.py:206 [INFO] Valid: [ 62/99] Final Prec@1 63.8600%
08/06 08:29:52午前 evaluateCell_main.py:75 [INFO] Until now, best Prec@1 = 64.5400%
08/06 08:31:13午前 evaluateCell_trainer.py:199 [INFO] Valid: Epoch: [63][50/79]	Step 45056	Loss 1.3291	Prec@(1,5) (65.0%, 90.1%)
08/06 08:31:14午前 evaluateCell_trainer.py:199 [INFO] Valid: Epoch: [63][78/79]	Step 45056	Loss 1.3009	Prec@(1,5) (65.2%, 90.3%)
08/06 08:31:14午前 evaluateCell_trainer.py:206 [INFO] Valid: [ 63/99] Final Prec@1 65.2800%
08/06 08:31:14午前 evaluateCell_main.py:75 [INFO] Until now, best Prec@1 = 65.2800%
08/06 08:32:34午前 evaluateCell_trainer.py:199 [INFO] Valid: Epoch: [64][50/79]	Step 45760	Loss 1.3205	Prec@(1,5) (65.2%, 89.3%)
08/06 08:32:34午前 evaluateCell_trainer.py:199 [INFO] Valid: Epoch: [64][78/79]	Step 45760	Loss 1.3233	Prec@(1,5) (65.0%, 89.7%)
08/06 08:32:34午前 evaluateCell_trainer.py:206 [INFO] Valid: [ 64/99] Final Prec@1 65.0000%
08/06 08:32:34午前 evaluateCell_main.py:75 [INFO] Until now, best Prec@1 = 65.2800%
08/06 08:33:55午前 evaluateCell_trainer.py:199 [INFO] Valid: Epoch: [65][50/79]	Step 46464	Loss 1.3046	Prec@(1,5) (66.1%, 90.3%)
08/06 08:33:56午前 evaluateCell_trainer.py:199 [INFO] Valid: Epoch: [65][78/79]	Step 46464	Loss 1.2786	Prec@(1,5) (66.1%, 90.4%)
08/06 08:33:56午前 evaluateCell_trainer.py:206 [INFO] Valid: [ 65/99] Final Prec@1 66.0600%
08/06 08:33:56午前 evaluateCell_main.py:75 [INFO] Until now, best Prec@1 = 66.0600%
08/06 08:35:16午前 evaluateCell_trainer.py:199 [INFO] Valid: Epoch: [66][50/79]	Step 47168	Loss 1.2338	Prec@(1,5) (66.6%, 91.4%)
08/06 08:35:17午前 evaluateCell_trainer.py:199 [INFO] Valid: Epoch: [66][78/79]	Step 47168	Loss 1.2745	Prec@(1,5) (66.6%, 90.7%)
08/06 08:35:17午前 evaluateCell_trainer.py:206 [INFO] Valid: [ 66/99] Final Prec@1 66.5600%
08/06 08:35:17午前 evaluateCell_main.py:75 [INFO] Until now, best Prec@1 = 66.5600%
08/06 08:36:38午前 evaluateCell_trainer.py:199 [INFO] Valid: Epoch: [67][50/79]	Step 47872	Loss 1.2719	Prec@(1,5) (66.9%, 90.3%)
08/06 08:36:39午前 evaluateCell_trainer.py:199 [INFO] Valid: Epoch: [67][78/79]	Step 47872	Loss 1.2801	Prec@(1,5) (66.7%, 90.3%)
08/06 08:36:39午前 evaluateCell_trainer.py:206 [INFO] Valid: [ 67/99] Final Prec@1 66.6800%
08/06 08:36:39午前 evaluateCell_main.py:75 [INFO] Until now, best Prec@1 = 66.6800%
08/06 08:37:58午前 evaluateCell_trainer.py:199 [INFO] Valid: Epoch: [68][50/79]	Step 48576	Loss 1.3095	Prec@(1,5) (66.4%, 90.2%)
08/06 08:37:59午前 evaluateCell_trainer.py:199 [INFO] Valid: Epoch: [68][78/79]	Step 48576	Loss 1.3014	Prec@(1,5) (66.6%, 90.5%)
08/06 08:37:59午前 evaluateCell_trainer.py:206 [INFO] Valid: [ 68/99] Final Prec@1 66.6400%
08/06 08:37:59午前 evaluateCell_main.py:75 [INFO] Until now, best Prec@1 = 66.6800%
08/06 08:39:18午前 evaluateCell_trainer.py:199 [INFO] Valid: Epoch: [69][50/79]	Step 49280	Loss 1.3258	Prec@(1,5) (65.9%, 90.1%)
08/06 08:39:19午前 evaluateCell_trainer.py:199 [INFO] Valid: Epoch: [69][78/79]	Step 49280	Loss 1.2923	Prec@(1,5) (66.9%, 90.4%)
08/06 08:39:19午前 evaluateCell_trainer.py:206 [INFO] Valid: [ 69/99] Final Prec@1 66.9000%
08/06 08:39:19午前 evaluateCell_main.py:75 [INFO] Until now, best Prec@1 = 66.9000%
08/06 08:40:38午前 evaluateCell_trainer.py:199 [INFO] Valid: Epoch: [70][50/79]	Step 49984	Loss 1.2644	Prec@(1,5) (67.6%, 90.9%)
08/06 08:40:39午前 evaluateCell_trainer.py:199 [INFO] Valid: Epoch: [70][78/79]	Step 49984	Loss 1.2609	Prec@(1,5) (67.8%, 90.8%)
08/06 08:40:39午前 evaluateCell_trainer.py:206 [INFO] Valid: [ 70/99] Final Prec@1 67.7800%
08/06 08:40:39午前 evaluateCell_main.py:75 [INFO] Until now, best Prec@1 = 67.7800%
08/06 08:41:59午前 evaluateCell_trainer.py:199 [INFO] Valid: Epoch: [71][50/79]	Step 50688	Loss 1.2707	Prec@(1,5) (66.5%, 91.1%)
08/06 08:41:59午前 evaluateCell_trainer.py:199 [INFO] Valid: Epoch: [71][78/79]	Step 50688	Loss 1.2573	Prec@(1,5) (66.7%, 91.3%)
08/06 08:42:00午前 evaluateCell_trainer.py:206 [INFO] Valid: [ 71/99] Final Prec@1 66.6400%
08/06 08:42:00午前 evaluateCell_main.py:75 [INFO] Until now, best Prec@1 = 67.7800%
08/06 08:43:18午前 evaluateCell_trainer.py:199 [INFO] Valid: Epoch: [72][50/79]	Step 51392	Loss 1.2796	Prec@(1,5) (66.6%, 90.6%)
08/06 08:43:19午前 evaluateCell_trainer.py:199 [INFO] Valid: Epoch: [72][78/79]	Step 51392	Loss 1.2779	Prec@(1,5) (67.1%, 90.9%)
08/06 08:43:19午前 evaluateCell_trainer.py:206 [INFO] Valid: [ 72/99] Final Prec@1 67.1400%
08/06 08:43:19午前 evaluateCell_main.py:75 [INFO] Until now, best Prec@1 = 67.7800%
08/06 08:44:38午前 evaluateCell_trainer.py:199 [INFO] Valid: Epoch: [73][50/79]	Step 52096	Loss 1.2641	Prec@(1,5) (66.5%, 91.6%)
08/06 08:44:39午前 evaluateCell_trainer.py:199 [INFO] Valid: Epoch: [73][78/79]	Step 52096	Loss 1.2454	Prec@(1,5) (67.3%, 91.6%)
08/06 08:44:39午前 evaluateCell_trainer.py:206 [INFO] Valid: [ 73/99] Final Prec@1 67.3000%
08/06 08:44:39午前 evaluateCell_main.py:75 [INFO] Until now, best Prec@1 = 67.7800%
08/06 08:45:59午前 evaluateCell_trainer.py:199 [INFO] Valid: Epoch: [74][50/79]	Step 52800	Loss 1.3317	Prec@(1,5) (67.1%, 90.4%)
08/06 08:46:00午前 evaluateCell_trainer.py:199 [INFO] Valid: Epoch: [74][78/79]	Step 52800	Loss 1.2955	Prec@(1,5) (67.6%, 90.7%)
08/06 08:46:00午前 evaluateCell_trainer.py:206 [INFO] Valid: [ 74/99] Final Prec@1 67.6600%
08/06 08:46:00午前 evaluateCell_main.py:75 [INFO] Until now, best Prec@1 = 67.7800%
08/06 08:47:21午前 evaluateCell_trainer.py:199 [INFO] Valid: Epoch: [75][50/79]	Step 53504	Loss 1.2423	Prec@(1,5) (68.4%, 91.4%)
08/06 08:47:21午前 evaluateCell_trainer.py:199 [INFO] Valid: Epoch: [75][78/79]	Step 53504	Loss 1.2408	Prec@(1,5) (68.0%, 91.4%)
08/06 08:47:21午前 evaluateCell_trainer.py:206 [INFO] Valid: [ 75/99] Final Prec@1 68.0400%
08/06 08:47:22午前 evaluateCell_main.py:75 [INFO] Until now, best Prec@1 = 68.0400%
08/06 08:48:41午前 evaluateCell_trainer.py:199 [INFO] Valid: Epoch: [76][50/79]	Step 54208	Loss 1.1860	Prec@(1,5) (68.9%, 91.3%)
08/06 08:48:42午前 evaluateCell_trainer.py:199 [INFO] Valid: Epoch: [76][78/79]	Step 54208	Loss 1.2596	Prec@(1,5) (68.1%, 90.7%)
08/06 08:48:42午前 evaluateCell_trainer.py:206 [INFO] Valid: [ 76/99] Final Prec@1 68.0800%
08/06 08:48:42午前 evaluateCell_main.py:75 [INFO] Until now, best Prec@1 = 68.0800%
08/06 08:50:01午前 evaluateCell_trainer.py:199 [INFO] Valid: Epoch: [77][50/79]	Step 54912	Loss 1.1944	Prec@(1,5) (68.8%, 92.0%)
08/06 08:50:02午前 evaluateCell_trainer.py:199 [INFO] Valid: Epoch: [77][78/79]	Step 54912	Loss 1.2192	Prec@(1,5) (68.1%, 91.5%)
08/06 08:50:02午前 evaluateCell_trainer.py:206 [INFO] Valid: [ 77/99] Final Prec@1 68.1600%
08/06 08:50:02午前 evaluateCell_main.py:75 [INFO] Until now, best Prec@1 = 68.1600%
08/06 08:51:21午前 evaluateCell_trainer.py:199 [INFO] Valid: Epoch: [78][50/79]	Step 55616	Loss 1.2868	Prec@(1,5) (67.2%, 91.3%)
08/06 08:51:22午前 evaluateCell_trainer.py:199 [INFO] Valid: Epoch: [78][78/79]	Step 55616	Loss 1.2786	Prec@(1,5) (68.0%, 91.2%)
08/06 08:51:22午前 evaluateCell_trainer.py:206 [INFO] Valid: [ 78/99] Final Prec@1 68.0400%
08/06 08:51:22午前 evaluateCell_main.py:75 [INFO] Until now, best Prec@1 = 68.1600%
08/06 08:52:42午前 evaluateCell_trainer.py:199 [INFO] Valid: Epoch: [79][50/79]	Step 56320	Loss 1.2373	Prec@(1,5) (68.3%, 91.4%)
08/06 08:52:42午前 evaluateCell_trainer.py:199 [INFO] Valid: Epoch: [79][78/79]	Step 56320	Loss 1.2667	Prec@(1,5) (68.4%, 91.1%)
08/06 08:52:43午前 evaluateCell_trainer.py:206 [INFO] Valid: [ 79/99] Final Prec@1 68.3800%
08/06 08:52:43午前 evaluateCell_main.py:75 [INFO] Until now, best Prec@1 = 68.3800%
08/06 08:54:04午前 evaluateCell_trainer.py:199 [INFO] Valid: Epoch: [80][50/79]	Step 57024	Loss 1.2693	Prec@(1,5) (67.8%, 91.4%)
08/06 08:54:04午前 evaluateCell_trainer.py:199 [INFO] Valid: Epoch: [80][78/79]	Step 57024	Loss 1.2538	Prec@(1,5) (68.5%, 91.6%)
08/06 08:54:04午前 evaluateCell_trainer.py:206 [INFO] Valid: [ 80/99] Final Prec@1 68.5600%
08/06 08:54:05午前 evaluateCell_main.py:75 [INFO] Until now, best Prec@1 = 68.5600%
08/06 08:55:24午前 evaluateCell_trainer.py:199 [INFO] Valid: Epoch: [81][50/79]	Step 57728	Loss 1.3068	Prec@(1,5) (67.6%, 91.0%)
08/06 08:55:25午前 evaluateCell_trainer.py:199 [INFO] Valid: Epoch: [81][78/79]	Step 57728	Loss 1.2752	Prec@(1,5) (68.5%, 91.2%)
08/06 08:55:25午前 evaluateCell_trainer.py:206 [INFO] Valid: [ 81/99] Final Prec@1 68.5200%
08/06 08:55:25午前 evaluateCell_main.py:75 [INFO] Until now, best Prec@1 = 68.5600%
08/06 08:56:44午前 evaluateCell_trainer.py:199 [INFO] Valid: Epoch: [82][50/79]	Step 58432	Loss 1.2017	Prec@(1,5) (69.2%, 91.8%)
08/06 08:56:45午前 evaluateCell_trainer.py:199 [INFO] Valid: Epoch: [82][78/79]	Step 58432	Loss 1.2436	Prec@(1,5) (68.5%, 91.6%)
08/06 08:56:45午前 evaluateCell_trainer.py:206 [INFO] Valid: [ 82/99] Final Prec@1 68.5800%
08/06 08:56:45午前 evaluateCell_main.py:75 [INFO] Until now, best Prec@1 = 68.5800%
08/06 08:58:04午前 evaluateCell_trainer.py:199 [INFO] Valid: Epoch: [83][50/79]	Step 59136	Loss 1.2247	Prec@(1,5) (69.5%, 91.7%)
08/06 08:58:05午前 evaluateCell_trainer.py:199 [INFO] Valid: Epoch: [83][78/79]	Step 59136	Loss 1.2274	Prec@(1,5) (69.4%, 91.4%)
08/06 08:58:05午前 evaluateCell_trainer.py:206 [INFO] Valid: [ 83/99] Final Prec@1 69.3600%
08/06 08:58:05午前 evaluateCell_main.py:75 [INFO] Until now, best Prec@1 = 69.3600%
08/06 08:59:26午前 evaluateCell_trainer.py:199 [INFO] Valid: Epoch: [84][50/79]	Step 59840	Loss 1.2237	Prec@(1,5) (69.5%, 91.7%)
08/06 08:59:27午前 evaluateCell_trainer.py:199 [INFO] Valid: Epoch: [84][78/79]	Step 59840	Loss 1.2254	Prec@(1,5) (69.5%, 91.5%)
08/06 08:59:27午前 evaluateCell_trainer.py:206 [INFO] Valid: [ 84/99] Final Prec@1 69.5800%
08/06 08:59:27午前 evaluateCell_main.py:75 [INFO] Until now, best Prec@1 = 69.5800%
08/06 09:00:47午前 evaluateCell_trainer.py:199 [INFO] Valid: Epoch: [85][50/79]	Step 60544	Loss 1.1743	Prec@(1,5) (70.0%, 91.7%)
08/06 09:00:48午前 evaluateCell_trainer.py:199 [INFO] Valid: Epoch: [85][78/79]	Step 60544	Loss 1.2412	Prec@(1,5) (69.4%, 91.5%)
08/06 09:00:48午前 evaluateCell_trainer.py:206 [INFO] Valid: [ 85/99] Final Prec@1 69.4200%
08/06 09:00:48午前 evaluateCell_main.py:75 [INFO] Until now, best Prec@1 = 69.5800%
08/06 09:02:08午前 evaluateCell_trainer.py:199 [INFO] Valid: Epoch: [86][50/79]	Step 61248	Loss 1.1821	Prec@(1,5) (70.1%, 92.2%)
08/06 09:02:09午前 evaluateCell_trainer.py:199 [INFO] Valid: Epoch: [86][78/79]	Step 61248	Loss 1.2387	Prec@(1,5) (69.5%, 91.7%)
08/06 09:02:09午前 evaluateCell_trainer.py:206 [INFO] Valid: [ 86/99] Final Prec@1 69.4200%
08/06 09:02:09午前 evaluateCell_main.py:75 [INFO] Until now, best Prec@1 = 69.5800%
08/06 09:03:28午前 evaluateCell_trainer.py:199 [INFO] Valid: Epoch: [87][50/79]	Step 61952	Loss 1.2571	Prec@(1,5) (68.7%, 91.4%)
08/06 09:03:29午前 evaluateCell_trainer.py:199 [INFO] Valid: Epoch: [87][78/79]	Step 61952	Loss 1.2316	Prec@(1,5) (69.7%, 91.7%)
08/06 09:03:29午前 evaluateCell_trainer.py:206 [INFO] Valid: [ 87/99] Final Prec@1 69.7000%
08/06 09:03:29午前 evaluateCell_main.py:75 [INFO] Until now, best Prec@1 = 69.7000%
08/06 09:04:50午前 evaluateCell_trainer.py:199 [INFO] Valid: Epoch: [88][50/79]	Step 62656	Loss 1.1702	Prec@(1,5) (70.0%, 92.2%)
08/06 09:04:50午前 evaluateCell_trainer.py:199 [INFO] Valid: Epoch: [88][78/79]	Step 62656	Loss 1.2242	Prec@(1,5) (69.6%, 91.9%)
08/06 09:04:51午前 evaluateCell_trainer.py:206 [INFO] Valid: [ 88/99] Final Prec@1 69.5600%
08/06 09:04:51午前 evaluateCell_main.py:75 [INFO] Until now, best Prec@1 = 69.7000%
08/06 09:06:10午前 evaluateCell_trainer.py:199 [INFO] Valid: Epoch: [89][50/79]	Step 63360	Loss 1.2093	Prec@(1,5) (69.6%, 91.9%)
08/06 09:06:10午前 evaluateCell_trainer.py:199 [INFO] Valid: Epoch: [89][78/79]	Step 63360	Loss 1.1980	Prec@(1,5) (70.0%, 92.0%)
08/06 09:06:10午前 evaluateCell_trainer.py:206 [INFO] Valid: [ 89/99] Final Prec@1 69.9600%
08/06 09:06:11午前 evaluateCell_main.py:75 [INFO] Until now, best Prec@1 = 69.9600%
08/06 09:07:30午前 evaluateCell_trainer.py:199 [INFO] Valid: Epoch: [90][50/79]	Step 64064	Loss 1.2203	Prec@(1,5) (69.8%, 92.0%)
08/06 09:07:30午前 evaluateCell_trainer.py:199 [INFO] Valid: Epoch: [90][78/79]	Step 64064	Loss 1.2360	Prec@(1,5) (69.4%, 91.9%)
08/06 09:07:30午前 evaluateCell_trainer.py:206 [INFO] Valid: [ 90/99] Final Prec@1 69.3000%
08/06 09:07:31午前 evaluateCell_main.py:75 [INFO] Until now, best Prec@1 = 69.9600%
08/06 09:08:53午前 evaluateCell_trainer.py:199 [INFO] Valid: Epoch: [91][50/79]	Step 64768	Loss 1.2560	Prec@(1,5) (69.9%, 91.4%)
08/06 09:08:54午前 evaluateCell_trainer.py:199 [INFO] Valid: Epoch: [91][78/79]	Step 64768	Loss 1.2465	Prec@(1,5) (69.4%, 91.4%)
08/06 09:08:54午前 evaluateCell_trainer.py:206 [INFO] Valid: [ 91/99] Final Prec@1 69.3400%
08/06 09:08:54午前 evaluateCell_main.py:75 [INFO] Until now, best Prec@1 = 69.9600%
08/06 09:10:14午前 evaluateCell_trainer.py:199 [INFO] Valid: Epoch: [92][50/79]	Step 65472	Loss 1.2547	Prec@(1,5) (69.7%, 91.4%)
08/06 09:10:15午前 evaluateCell_trainer.py:199 [INFO] Valid: Epoch: [92][78/79]	Step 65472	Loss 1.2200	Prec@(1,5) (69.7%, 91.8%)
08/06 09:10:15午前 evaluateCell_trainer.py:206 [INFO] Valid: [ 92/99] Final Prec@1 69.7400%
08/06 09:10:15午前 evaluateCell_main.py:75 [INFO] Until now, best Prec@1 = 69.9600%
08/06 09:11:35午前 evaluateCell_trainer.py:199 [INFO] Valid: Epoch: [93][50/79]	Step 66176	Loss 1.2125	Prec@(1,5) (69.5%, 92.7%)
08/06 09:11:36午前 evaluateCell_trainer.py:199 [INFO] Valid: Epoch: [93][78/79]	Step 66176	Loss 1.2436	Prec@(1,5) (69.4%, 92.0%)
08/06 09:11:36午前 evaluateCell_trainer.py:206 [INFO] Valid: [ 93/99] Final Prec@1 69.4400%
08/06 09:11:36午前 evaluateCell_main.py:75 [INFO] Until now, best Prec@1 = 69.9600%
08/06 09:12:56午前 evaluateCell_trainer.py:199 [INFO] Valid: Epoch: [94][50/79]	Step 66880	Loss 1.2327	Prec@(1,5) (70.2%, 92.2%)
08/06 09:12:57午前 evaluateCell_trainer.py:199 [INFO] Valid: Epoch: [94][78/79]	Step 66880	Loss 1.2427	Prec@(1,5) (69.7%, 92.1%)
08/06 09:12:57午前 evaluateCell_trainer.py:206 [INFO] Valid: [ 94/99] Final Prec@1 69.6800%
08/06 09:12:57午前 evaluateCell_main.py:75 [INFO] Until now, best Prec@1 = 69.9600%
08/06 09:14:16午前 evaluateCell_trainer.py:199 [INFO] Valid: Epoch: [95][50/79]	Step 67584	Loss 1.2308	Prec@(1,5) (69.8%, 92.0%)
08/06 09:14:17午前 evaluateCell_trainer.py:199 [INFO] Valid: Epoch: [95][78/79]	Step 67584	Loss 1.2318	Prec@(1,5) (70.0%, 92.1%)
08/06 09:14:17午前 evaluateCell_trainer.py:206 [INFO] Valid: [ 95/99] Final Prec@1 69.9800%
08/06 09:14:17午前 evaluateCell_main.py:75 [INFO] Until now, best Prec@1 = 69.9800%
08/06 09:15:37午前 evaluateCell_trainer.py:199 [INFO] Valid: Epoch: [96][50/79]	Step 68288	Loss 1.2937	Prec@(1,5) (69.7%, 91.5%)
08/06 09:15:37午前 evaluateCell_trainer.py:199 [INFO] Valid: Epoch: [96][78/79]	Step 68288	Loss 1.2536	Prec@(1,5) (69.9%, 91.9%)
08/06 09:15:37午前 evaluateCell_trainer.py:206 [INFO] Valid: [ 96/99] Final Prec@1 69.9000%
08/06 09:15:38午前 evaluateCell_main.py:75 [INFO] Until now, best Prec@1 = 69.9800%
08/06 09:16:57午前 evaluateCell_trainer.py:199 [INFO] Valid: Epoch: [97][50/79]	Step 68992	Loss 1.2329	Prec@(1,5) (70.2%, 92.0%)
08/06 09:16:58午前 evaluateCell_trainer.py:199 [INFO] Valid: Epoch: [97][78/79]	Step 68992	Loss 1.2299	Prec@(1,5) (69.9%, 92.0%)
08/06 09:16:58午前 evaluateCell_trainer.py:206 [INFO] Valid: [ 97/99] Final Prec@1 69.9000%
08/06 09:16:58午前 evaluateCell_main.py:75 [INFO] Until now, best Prec@1 = 69.9800%
08/06 09:18:17午前 evaluateCell_trainer.py:199 [INFO] Valid: Epoch: [98][50/79]	Step 69696	Loss 1.2222	Prec@(1,5) (70.5%, 91.7%)
08/06 09:18:18午前 evaluateCell_trainer.py:199 [INFO] Valid: Epoch: [98][78/79]	Step 69696	Loss 1.2248	Prec@(1,5) (70.2%, 91.7%)
08/06 09:18:18午前 evaluateCell_trainer.py:206 [INFO] Valid: [ 98/99] Final Prec@1 70.2200%
08/06 09:18:18午前 evaluateCell_main.py:75 [INFO] Until now, best Prec@1 = 70.2200%
08/06 09:19:38午前 evaluateCell_trainer.py:199 [INFO] Valid: Epoch: [99][50/79]	Step 70400	Loss 1.1998	Prec@(1,5) (69.4%, 92.3%)
08/06 09:19:39午前 evaluateCell_trainer.py:199 [INFO] Valid: Epoch: [99][78/79]	Step 70400	Loss 1.2368	Prec@(1,5) (69.4%, 91.9%)
08/06 09:19:39午前 evaluateCell_trainer.py:206 [INFO] Valid: [ 99/99] Final Prec@1 69.3600%
08/06 09:19:39午前 evaluateCell_main.py:75 [INFO] Until now, best Prec@1 = 70.2200%
08/06 09:19:39午前 evaluateCell_main.py:79 [INFO] Final best Prec@1 = 70.2200%
