07/13 06:58:28PM parser.py:28 [INFO] 
07/13 06:58:28PM parser.py:29 [INFO] Parameters:
07/13 06:58:28PM parser.py:31 [INFO] ADVANCED=True
07/13 06:58:28PM parser.py:31 [INFO] BATCH_SIZE=64
07/13 06:58:28PM parser.py:31 [INFO] CIFAR=True
07/13 06:58:28PM parser.py:31 [INFO] CUTOUT_LENGTH=16
07/13 06:58:28PM parser.py:31 [INFO] DATA_PATH=../data/
07/13 06:58:28PM parser.py:31 [INFO] DATASET=cifar100
07/13 06:58:28PM parser.py:31 [INFO] DESCRIPTION=pretrained_LR-0.01_minlr-0.0001_warmup-0
07/13 06:58:28PM parser.py:31 [INFO] EPOCHS=100
07/13 06:58:28PM parser.py:31 [INFO] EXP_NAME=pretrained-20240713-185828
07/13 06:58:28PM parser.py:31 [INFO] GPUS=[0]
07/13 06:58:28PM parser.py:31 [INFO] LOGGER=<Logger H-DAS (INFO)>
07/13 06:58:28PM parser.py:31 [INFO] LR=0.01
07/13 06:58:28PM parser.py:31 [INFO] LR_MIN=0.0001
07/13 06:58:28PM parser.py:31 [INFO] MODEL_NAME=efficientnet_b0
07/13 06:58:28PM parser.py:31 [INFO] MOMENTUM=0.9
07/13 06:58:28PM parser.py:31 [INFO] NAME=FINETUNE2
07/13 06:58:28PM parser.py:31 [INFO] PATH=results/teacher/cifar100/efficientnet_b0/FINETUNE2/pretrained-20240713-185828
07/13 06:58:28PM parser.py:31 [INFO] PRETRAINED=True
07/13 06:58:28PM parser.py:31 [INFO] SAVE=pretrained
07/13 06:58:28PM parser.py:31 [INFO] SEED=0
07/13 06:58:28PM parser.py:31 [INFO] TRAIN_PORTION=0.9
07/13 06:58:28PM parser.py:31 [INFO] WEIGHT_DECAY=0.0003
07/13 06:58:28PM parser.py:31 [INFO] WORKERS=4
07/13 06:58:28PM parser.py:32 [INFO] 
07/13 06:58:28PM trainTeacher_main.py:114 [INFO] model classifier is replaced to Sequential(
  (0): Dropout(p=0.2, inplace=True)
  (1): Linear(in_features=1280, out_features=100, bias=True)
)
07/13 06:59:07PM trainTeacher_main.py:209 [INFO] Train: [  0/99] Final Prec@1 53.0200%
07/13 06:59:08PM trainTeacher_main.py:237 [INFO] Valid: [  0/99] Final Prec@1 70.9800%
07/13 06:59:08PM trainTeacher_main.py:153 [INFO] model parameters unfreezed!
07/13 06:59:09午後 trainTeacher_main.py:179 [INFO] Until now, best Prec@1 = 70.9800%
07/13 06:59:45午後 trainTeacher_main.py:209 [INFO] Train: [  1/99] Final Prec@1 74.1556%
07/13 06:59:46午後 trainTeacher_main.py:237 [INFO] Valid: [  1/99] Final Prec@1 72.9400%
07/13 06:59:46午後 trainTeacher_main.py:179 [INFO] Until now, best Prec@1 = 72.9400%
07/13 07:00:22午後 trainTeacher_main.py:209 [INFO] Train: [  2/99] Final Prec@1 79.3289%
07/13 07:00:23午後 trainTeacher_main.py:237 [INFO] Valid: [  2/99] Final Prec@1 76.9600%
07/13 07:00:24午後 trainTeacher_main.py:179 [INFO] Until now, best Prec@1 = 76.9600%
07/13 07:01:00午後 trainTeacher_main.py:209 [INFO] Train: [  3/99] Final Prec@1 82.7333%
07/13 07:01:01午後 trainTeacher_main.py:237 [INFO] Valid: [  3/99] Final Prec@1 78.3800%
07/13 07:01:01午後 trainTeacher_main.py:179 [INFO] Until now, best Prec@1 = 78.3800%
07/13 07:01:37午後 trainTeacher_main.py:209 [INFO] Train: [  4/99] Final Prec@1 85.1111%
07/13 07:01:38午後 trainTeacher_main.py:237 [INFO] Valid: [  4/99] Final Prec@1 78.3400%
07/13 07:01:39午後 trainTeacher_main.py:179 [INFO] Until now, best Prec@1 = 78.3800%
07/13 07:02:15午後 trainTeacher_main.py:209 [INFO] Train: [  5/99] Final Prec@1 87.2067%
07/13 07:02:16午後 trainTeacher_main.py:237 [INFO] Valid: [  5/99] Final Prec@1 79.9600%
07/13 07:02:16午後 trainTeacher_main.py:179 [INFO] Until now, best Prec@1 = 79.9600%
07/13 07:02:52午後 trainTeacher_main.py:209 [INFO] Train: [  6/99] Final Prec@1 88.3667%
07/13 07:02:53午後 trainTeacher_main.py:237 [INFO] Valid: [  6/99] Final Prec@1 80.2800%
07/13 07:02:53午後 trainTeacher_main.py:179 [INFO] Until now, best Prec@1 = 80.2800%
