10/03 06:06:13PM parser.py:28 [INFO] 
10/03 06:06:13PM parser.py:29 [INFO] Parameters:
10/03 06:06:13PM parser.py:31 [INFO] DAG_PATH=results/search_stage_KD/cifar100/ARCH-KD/l1.0-h_das_teacher/DAG
10/03 06:06:13PM parser.py:31 [INFO] T=10.0
10/03 06:06:13PM parser.py:31 [INFO] ADVANCED=True
10/03 06:06:13PM parser.py:31 [INFO] ALPHA_LR=0.0003
10/03 06:06:13PM parser.py:31 [INFO] ALPHA_WEIGHT_DECAY=0.001
10/03 06:06:13PM parser.py:31 [INFO] BATCH_SIZE=64
10/03 06:06:13PM parser.py:31 [INFO] CASCADE=False
10/03 06:06:13PM parser.py:31 [INFO] CHECKPOINT_RESET=False
10/03 06:06:13PM parser.py:31 [INFO] CUTOUT_LENGTH=0
10/03 06:06:13PM parser.py:31 [INFO] DATA_PATH=../data/
10/03 06:06:13PM parser.py:31 [INFO] DATASET=cifar100
10/03 06:06:13PM parser.py:31 [INFO] DEPTH_COEF=0.0
10/03 06:06:13PM parser.py:31 [INFO] DESCRIPTION=ArchHint_KD_mimic_only_teacher_archtecture
10/03 06:06:13PM parser.py:31 [INFO] EPOCHS=50
10/03 06:06:13PM parser.py:31 [INFO] EXP_NAME=l1.0-h_das_teacher
10/03 06:06:13PM parser.py:31 [INFO] GENOTYPE=Genotype3(normal1=[[('sep_conv_5x5', 0), ('sep_conv_3x3', 1)], [('sep_conv_3x3', 1), ('sep_conv_3x3', 0)], [('sep_conv_3x3', 1), ('sep_conv_3x3', 2)], [('sep_conv_3x3', 0), ('sep_conv_5x5', 4)]], normal1_concat=range(2, 6), reduce1=[[('sep_conv_3x3', 0), ('skip_connect', 1)], [('sep_conv_3x3', 1), ('max_pool_3x3', 0)], [('sep_conv_3x3', 2), ('sep_conv_3x3', 1)], [('max_pool_3x3', 0), ('dil_conv_3x3', 1)]], reduce1_concat=range(2, 6), normal2=[[('skip_connect', 0), ('sep_conv_5x5', 1)], [('skip_connect', 0), ('skip_connect', 2)], [('avg_pool_3x3', 0), ('avg_pool_3x3', 2)], [('skip_connect', 0), ('avg_pool_3x3', 2)]], normal2_concat=range(2, 6), reduce2=[[('avg_pool_3x3', 0), ('avg_pool_3x3', 1)], [('avg_pool_3x3', 0), ('skip_connect', 2)], [('skip_connect', 2), ('avg_pool_3x3', 0)], [('skip_connect', 2), ('avg_pool_3x3', 0)]], reduce2_concat=range(2, 6), normal3=[[('skip_connect', 0), ('skip_connect', 1)], [('skip_connect', 0), ('dil_conv_3x3', 1)], [('skip_connect', 0), ('skip_connect', 1)], [('skip_connect', 0), ('skip_connect', 2)]], normal3_concat=range(2, 6))
10/03 06:06:13PM parser.py:31 [INFO] GPUS=[0]
10/03 06:06:13PM parser.py:31 [INFO] HINT_EPOCHS=[16, 32]
10/03 06:06:13PM parser.py:31 [INFO] INIT_CHANNELS=16
10/03 06:06:13PM parser.py:31 [INFO] L=1.0
10/03 06:06:13PM parser.py:31 [INFO] LAYERS=20
10/03 06:06:13PM parser.py:31 [INFO] LOGGER=<Logger H-DAS (INFO)>
10/03 06:06:13PM parser.py:31 [INFO] NAME=ARCH-KD
10/03 06:06:13PM parser.py:31 [INFO] NONKD=False
10/03 06:06:13PM parser.py:31 [INFO] PATH=results/search_stage_KD/cifar100/ARCH-KD/l1.0-h_das_teacher
10/03 06:06:13PM parser.py:31 [INFO] PCDARTS=False
10/03 06:06:13PM parser.py:31 [INFO] PLOT_PATH=results/search_stage_KD/cifar100/ARCH-KD/l1.0-h_das_teacher/plots
10/03 06:06:13PM parser.py:31 [INFO] PRINT_FREQ=100
10/03 06:06:13PM parser.py:31 [INFO] RESUME_PATH=None
10/03 06:06:13PM parser.py:31 [INFO] SAVE=l1.0-h_das_teacher
10/03 06:06:13PM parser.py:31 [INFO] SEED=0
10/03 06:06:13PM parser.py:31 [INFO] SHARE_STAGE=False
10/03 06:06:13PM parser.py:31 [INFO] SLIDE_WINDOW=8
10/03 06:06:13PM parser.py:31 [INFO] SPEC_CELL=True
10/03 06:06:13PM parser.py:31 [INFO] TEACHER_NAME=h_das_224baseline
10/03 06:06:13PM parser.py:31 [INFO] TEACHER_PATH=/home/miura/lab/KD-hdas/results/evaluate_stage_KD/cifar100/noDepthLoss/s0-BaselineBestCell/best.pth.tar
10/03 06:06:13PM parser.py:31 [INFO] TRAIN_PORTION=0.5
10/03 06:06:13PM parser.py:31 [INFO] TYPE=ArchKD
10/03 06:06:13PM parser.py:31 [INFO] W_GRAD_CLIP=5.0
10/03 06:06:13PM parser.py:31 [INFO] W_LR=0.025
10/03 06:06:13PM parser.py:31 [INFO] W_LR_MIN=0.001
10/03 06:06:13PM parser.py:31 [INFO] W_MOMENTUM=0.9
10/03 06:06:13PM parser.py:31 [INFO] W_WEIGHT_DECAY=0.0003
10/03 06:06:13PM parser.py:31 [INFO] WORKERS=4
10/03 06:06:13PM parser.py:32 [INFO] 
10/03 06:06:16PM searchStage_ArchKD_trainer.py:91 [INFO] --> Loaded teacher model 'h_das_224baseline' from '/home/miura/lab/KD-hdas/results/evaluate_stage_KD/cifar100/noDepthLoss/s0-BaselineBestCell/best.pth.tar' and Freezed parameters)
10/03 06:06:16PM searchStage_trainer.py:136 [INFO] --> No loaded checkpoint!
10/03 06:07:07PM searchStage_ArchKD_trainer.py:165 [INFO] Train: Epoch: [0][100/390]	Step 100	lr 0.025	Loss 3.9909 (4.4567)	Arch Loss 58.1170 (59.8906)	Arch Hard Loss 20.9767 (22.1868)	Arch Alpha Loss 37.1402 (37.7037)	Arch depth Loss 0.0000 (0.0000)	Prec@(1,5) (3.2%, 13.6%)	
10/03 06:07:54PM searchStage_ArchKD_trainer.py:165 [INFO] Train: Epoch: [0][200/390]	Step 200	lr 0.025	Loss 4.0482 (4.2853)	Arch Loss 55.3383 (58.3608)	Arch Hard Loss 19.3725 (21.2341)	Arch Alpha Loss 35.9658 (37.1267)	Arch depth Loss 0.0000 (0.0000)	Prec@(1,5) (4.8%, 18.1%)	
10/03 06:08:40PM searchStage_ArchKD_trainer.py:165 [INFO] Train: Epoch: [0][300/390]	Step 300	lr 0.025	Loss 3.9838 (4.1733)	Arch Loss 54.0760 (57.2876)	Arch Hard Loss 19.3123 (20.7497)	Arch Alpha Loss 34.7637 (36.5379)	Arch depth Loss 0.0000 (0.0000)	Prec@(1,5) (5.6%, 21.1%)	
10/03 06:09:22PM searchStage_ArchKD_trainer.py:165 [INFO] Train: Epoch: [0][390/390]	Step 390	lr 0.025	Loss 3.7992 (4.1054)	Arch Loss 52.3467 (56.4168)	Arch Hard Loss 18.6758 (20.4156)	Arch Alpha Loss 33.6708 (36.0012)	Arch depth Loss 0.0000 (0.0000)	Prec@(1,5) (6.4%, 23.1%)	
10/03 06:09:24PM searchStage_ArchKD_trainer.py:179 [INFO] Train: [  0/49] Final Prec@1 6.4200%
10/03 06:09:31PM searchStage_trainer.py:311 [INFO] Valid: Epoch: [0][100/391]	Step 391	Loss 3.8057	Prec@(1,5) (9.9%, 32.2%)
10/03 06:09:37PM searchStage_trainer.py:311 [INFO] Valid: Epoch: [0][200/391]	Step 391	Loss 3.8163	Prec@(1,5) (10.1%, 32.1%)
10/03 06:09:43PM searchStage_trainer.py:311 [INFO] Valid: Epoch: [0][300/391]	Step 391	Loss 3.8183	Prec@(1,5) (10.0%, 31.8%)
10/03 06:09:48PM searchStage_trainer.py:311 [INFO] Valid: Epoch: [0][390/391]	Step 391	Loss 3.8132	Prec@(1,5) (10.1%, 32.0%)
10/03 06:09:48PM searchStage_trainer.py:322 [INFO] Valid: [  0/49] Final Prec@1 10.0560%
10/03 06:09:48PM searchStage_KD_main.py:71 [INFO] DAG = Genotype2(DAG1=[[('skip_connect', 1), ('skip_connect', 0)], [('skip_connect', 0), ('skip_connect', 1)], [('skip_connect', 1), ('skip_connect', 3)], [('skip_connect', 4), ('skip_connect', 3)], [('skip_connect', 4), ('skip_connect', 3)], [('skip_connect', 6), ('skip_connect', 4)]], DAG1_concat=range(6, 8), DAG2=[[('skip_connect', 0), ('skip_connect', 1)], [('skip_connect', 0), ('skip_connect', 1)], [('skip_connect', 2), ('skip_connect', 1)], [('skip_connect', 2), ('skip_connect', 3)], [('skip_connect', 4), ('skip_connect', 3)], [('skip_connect', 5), ('skip_connect', 4)]], DAG2_concat=range(6, 8), DAG3=[[('skip_connect', 0), ('skip_connect', 1)], [('skip_connect', 0), ('skip_connect', 1)], [('skip_connect', 1), ('skip_connect', 2)], [('skip_connect', 3), ('skip_connect', 2)], [('skip_connect', 3), ('skip_connect', 4)], [('skip_connect', 5), ('skip_connect', 4)]], DAG3_concat=range(6, 8))
10/03 06:09:49PM searchStage_KD_main.py:102 [INFO] Until now, best Prec@1 = 10.0560%
10/03 06:10:37午後 searchStage_ArchKD_trainer.py:165 [INFO] Train: Epoch: [1][100/390]	Step 491	lr 0.02498	Loss 3.5837 (3.7760)	Arch Loss 50.3057 (51.8144)	Arch Hard Loss 17.8641 (18.7699)	Arch Alpha Loss 32.4416 (33.0445)	Arch depth Loss 0.0000 (0.0000)	Prec@(1,5) (11.2%, 33.4%)	
10/03 06:11:23午後 searchStage_ArchKD_trainer.py:165 [INFO] Train: Epoch: [1][200/390]	Step 591	lr 0.02498	Loss 3.6621 (3.7344)	Arch Loss 48.9193 (51.1298)	Arch Hard Loss 17.6927 (18.6940)	Arch Alpha Loss 31.2266 (32.4359)	Arch depth Loss 0.0000 (0.0000)	Prec@(1,5) (11.6%, 34.6%)	
10/03 06:12:09午後 searchStage_ArchKD_trainer.py:165 [INFO] Train: Epoch: [1][300/390]	Step 691	lr 0.02498	Loss 3.8406 (3.7174)	Arch Loss 47.9590 (50.3496)	Arch Hard Loss 17.9263 (18.5184)	Arch Alpha Loss 30.0327 (31.8312)	Arch depth Loss 0.0000 (0.0000)	Prec@(1,5) (12.0%, 35.0%)	
10/03 06:12:50午後 searchStage_ArchKD_trainer.py:165 [INFO] Train: Epoch: [1][390/390]	Step 781	lr 0.02498	Loss 3.3926 (3.6786)	Arch Loss 46.4379 (49.6751)	Arch Hard Loss 17.4640 (18.3827)	Arch Alpha Loss 28.9739 (31.2923)	Arch depth Loss 0.0000 (0.0000)	Prec@(1,5) (12.6%, 36.1%)	
10/03 06:12:51午後 searchStage_ArchKD_trainer.py:179 [INFO] Train: [  1/49] Final Prec@1 12.5680%
10/03 06:12:57午後 searchStage_trainer.py:311 [INFO] Valid: Epoch: [1][100/391]	Step 782	Loss 3.5979	Prec@(1,5) (13.0%, 39.1%)
10/03 06:13:03午後 searchStage_trainer.py:311 [INFO] Valid: Epoch: [1][200/391]	Step 782	Loss 3.5874	Prec@(1,5) (13.6%, 39.3%)
10/03 06:13:09午後 searchStage_trainer.py:311 [INFO] Valid: Epoch: [1][300/391]	Step 782	Loss 3.5830	Prec@(1,5) (13.6%, 39.6%)
10/03 06:13:14午後 searchStage_trainer.py:311 [INFO] Valid: Epoch: [1][390/391]	Step 782	Loss 3.5817	Prec@(1,5) (13.8%, 39.6%)
10/03 06:13:14午後 searchStage_trainer.py:322 [INFO] Valid: [  1/49] Final Prec@1 13.7600%
10/03 06:13:14午後 searchStage_KD_main.py:71 [INFO] DAG = Genotype2(DAG1=[[('skip_connect', 1), ('skip_connect', 0)], [('skip_connect', 0), ('skip_connect', 1)], [('skip_connect', 1), ('skip_connect', 3)], [('skip_connect', 4), ('skip_connect', 3)], [('skip_connect', 4), ('skip_connect', 3)], [('skip_connect', 6), ('skip_connect', 4)]], DAG1_concat=range(6, 8), DAG2=[[('skip_connect', 0), ('skip_connect', 1)], [('skip_connect', 0), ('skip_connect', 1)], [('skip_connect', 2), ('skip_connect', 1)], [('skip_connect', 2), ('skip_connect', 3)], [('skip_connect', 4), ('skip_connect', 3)], [('skip_connect', 5), ('skip_connect', 4)]], DAG2_concat=range(6, 8), DAG3=[[('skip_connect', 0), ('skip_connect', 1)], [('skip_connect', 1), ('skip_connect', 0)], [('skip_connect', 1), ('skip_connect', 2)], [('skip_connect', 2), ('skip_connect', 3)], [('skip_connect', 3), ('skip_connect', 4)], [('skip_connect', 5), ('skip_connect', 4)]], DAG3_concat=range(6, 8))
10/03 06:13:15午後 searchStage_KD_main.py:102 [INFO] Until now, best Prec@1 = 13.7600%
10/03 06:14:03午後 searchStage_ArchKD_trainer.py:165 [INFO] Train: Epoch: [2][100/390]	Step 882	lr 0.02491	Loss 3.7862 (3.5080)	Arch Loss 45.8349 (46.0874)	Arch Hard Loss 18.0188 (17.7071)	Arch Alpha Loss 27.8160 (28.3803)	Arch depth Loss 0.0000 (0.0000)	Prec@(1,5) (15.1%, 40.9%)	
10/03 06:14:49午後 searchStage_ArchKD_trainer.py:165 [INFO] Train: Epoch: [2][200/390]	Step 982	lr 0.02491	Loss 3.3467 (3.4785)	Arch Loss 44.5043 (45.3280)	Arch Hard Loss 17.7935 (17.5105)	Arch Alpha Loss 26.7108 (27.8174)	Arch depth Loss 0.0000 (0.0000)	Prec@(1,5) (15.7%, 41.9%)	
10/03 06:15:36午後 searchStage_ArchKD_trainer.py:165 [INFO] Train: Epoch: [2][300/390]	Step 1082	lr 0.02491	Loss 3.2178 (3.4340)	Arch Loss 42.5037 (44.5695)	Arch Hard Loss 16.8591 (17.3015)	Arch Alpha Loss 25.6446 (27.2681)	Arch depth Loss 0.0000 (0.0000)	Prec@(1,5) (16.8%, 43.2%)	
10/03 06:16:18午後 searchStage_ArchKD_trainer.py:165 [INFO] Train: Epoch: [2][390/390]	Step 1172	lr 0.02491	Loss 3.3588 (3.4083)	Arch Loss 41.8092 (43.9333)	Arch Hard Loss 17.0813 (17.1475)	Arch Alpha Loss 24.7279 (26.7858)	Arch depth Loss 0.0000 (0.0000)	Prec@(1,5) (17.3%, 43.9%)	
10/03 06:16:19午後 searchStage_ArchKD_trainer.py:179 [INFO] Train: [  2/49] Final Prec@1 17.2640%
10/03 06:16:25午後 searchStage_trainer.py:311 [INFO] Valid: Epoch: [2][100/391]	Step 1173	Loss 3.2937	Prec@(1,5) (20.2%, 47.3%)
10/03 06:16:31午後 searchStage_trainer.py:311 [INFO] Valid: Epoch: [2][200/391]	Step 1173	Loss 3.2881	Prec@(1,5) (19.8%, 47.1%)
10/03 06:16:37午後 searchStage_trainer.py:311 [INFO] Valid: Epoch: [2][300/391]	Step 1173	Loss 3.2808	Prec@(1,5) (20.1%, 47.5%)
10/03 06:16:43午後 searchStage_trainer.py:311 [INFO] Valid: Epoch: [2][390/391]	Step 1173	Loss 3.2865	Prec@(1,5) (20.0%, 47.3%)
10/03 06:16:43午後 searchStage_trainer.py:322 [INFO] Valid: [  2/49] Final Prec@1 20.0480%
10/03 06:16:43午後 searchStage_KD_main.py:71 [INFO] DAG = Genotype2(DAG1=[[('skip_connect', 1), ('skip_connect', 0)], [('skip_connect', 0), ('skip_connect', 1)], [('skip_connect', 1), ('skip_connect', 3)], [('skip_connect', 4), ('skip_connect', 3)], [('skip_connect', 4), ('skip_connect', 3)], [('skip_connect', 6), ('skip_connect', 4)]], DAG1_concat=range(6, 8), DAG2=[[('skip_connect', 0), ('skip_connect', 1)], [('skip_connect', 0), ('skip_connect', 1)], [('skip_connect', 2), ('skip_connect', 1)], [('skip_connect', 2), ('skip_connect', 3)], [('skip_connect', 4), ('skip_connect', 3)], [('skip_connect', 5), ('skip_connect', 4)]], DAG2_concat=range(6, 8), DAG3=[[('skip_connect', 0), ('skip_connect', 1)], [('skip_connect', 1), ('skip_connect', 0)], [('skip_connect', 1), ('skip_connect', 2)], [('skip_connect', 2), ('skip_connect', 3)], [('skip_connect', 3), ('skip_connect', 4)], [('skip_connect', 5), ('skip_connect', 4)]], DAG3_concat=range(6, 8))
10/03 06:16:43午後 searchStage_KD_main.py:102 [INFO] Until now, best Prec@1 = 20.0480%
10/03 06:17:31午後 searchStage_ArchKD_trainer.py:165 [INFO] Train: Epoch: [3][100/390]	Step 1273	lr 0.02479	Loss 2.9456 (3.2357)	Arch Loss 39.4919 (40.6521)	Arch Hard Loss 15.7464 (16.4299)	Arch Alpha Loss 23.7454 (24.2222)	Arch depth Loss 0.0000 (0.0000)	Prec@(1,5) (20.3%, 48.5%)	
10/03 06:18:18午後 searchStage_ArchKD_trainer.py:165 [INFO] Train: Epoch: [3][200/390]	Step 1373	lr 0.02479	Loss 3.3627 (3.2176)	Arch Loss 38.6622 (40.0401)	Arch Hard Loss 15.8368 (16.2910)	Arch Alpha Loss 22.8254 (23.7491)	Arch depth Loss 0.0000 (0.0000)	Prec@(1,5) (20.4%, 48.9%)	
10/03 06:19:04午後 searchStage_ArchKD_trainer.py:165 [INFO] Train: Epoch: [3][300/390]	Step 1473	lr 0.02479	Loss 3.0660 (3.1861)	Arch Loss 37.3147 (39.4013)	Arch Hard Loss 15.3545 (16.1072)	Arch Alpha Loss 21.9602 (23.2941)	Arch depth Loss 0.0000 (0.0000)	Prec@(1,5) (20.9%, 50.0%)	
10/03 06:19:45午後 searchStage_ArchKD_trainer.py:165 [INFO] Train: Epoch: [3][390/390]	Step 1563	lr 0.02479	Loss 3.2721 (3.1687)	Arch Loss 37.6251 (38.9243)	Arch Hard Loss 16.3995 (16.0245)	Arch Alpha Loss 21.2255 (22.8998)	Arch depth Loss 0.0000 (0.0000)	Prec@(1,5) (21.1%, 50.5%)	
10/03 06:19:46午後 searchStage_ArchKD_trainer.py:179 [INFO] Train: [  3/49] Final Prec@1 21.1320%
10/03 06:19:52午後 searchStage_trainer.py:311 [INFO] Valid: Epoch: [3][100/391]	Step 1564	Loss 3.1374	Prec@(1,5) (21.7%, 52.1%)
10/03 06:19:58午後 searchStage_trainer.py:311 [INFO] Valid: Epoch: [3][200/391]	Step 1564	Loss 3.1429	Prec@(1,5) (21.7%, 52.0%)
10/03 06:20:04午後 searchStage_trainer.py:311 [INFO] Valid: Epoch: [3][300/391]	Step 1564	Loss 3.1461	Prec@(1,5) (21.6%, 51.8%)
10/03 06:20:10午後 searchStage_trainer.py:311 [INFO] Valid: Epoch: [3][390/391]	Step 1564	Loss 3.1487	Prec@(1,5) (21.8%, 51.6%)
10/03 06:20:10午後 searchStage_trainer.py:322 [INFO] Valid: [  3/49] Final Prec@1 21.8320%
10/03 06:20:10午後 searchStage_KD_main.py:71 [INFO] DAG = Genotype2(DAG1=[[('skip_connect', 1), ('skip_connect', 0)], [('skip_connect', 0), ('skip_connect', 1)], [('skip_connect', 1), ('skip_connect', 3)], [('skip_connect', 4), ('skip_connect', 3)], [('skip_connect', 4), ('skip_connect', 3)], [('skip_connect', 6), ('skip_connect', 4)]], DAG1_concat=range(6, 8), DAG2=[[('skip_connect', 0), ('skip_connect', 1)], [('skip_connect', 0), ('skip_connect', 1)], [('skip_connect', 2), ('skip_connect', 1)], [('skip_connect', 2), ('skip_connect', 3)], [('skip_connect', 4), ('skip_connect', 3)], [('skip_connect', 5), ('skip_connect', 4)]], DAG2_concat=range(6, 8), DAG3=[[('skip_connect', 0), ('skip_connect', 1)], [('skip_connect', 1), ('skip_connect', 0)], [('skip_connect', 1), ('skip_connect', 2)], [('skip_connect', 3), ('skip_connect', 2)], [('skip_connect', 3), ('skip_connect', 4)], [('skip_connect', 5), ('skip_connect', 4)]], DAG3_concat=range(6, 8))
10/03 06:20:10午後 searchStage_KD_main.py:102 [INFO] Until now, best Prec@1 = 21.8320%
10/03 06:20:58午後 searchStage_ArchKD_trainer.py:165 [INFO] Train: Epoch: [4][100/390]	Step 1664	lr 0.02462	Loss 2.6671 (2.9959)	Arch Loss 34.3352 (36.1862)	Arch Hard Loss 13.8831 (15.3589)	Arch Alpha Loss 20.4521 (20.8273)	Arch depth Loss 0.0000 (0.0000)	Prec@(1,5) (25.0%, 55.5%)	
10/03 06:21:45午後 searchStage_ArchKD_trainer.py:165 [INFO] Train: Epoch: [4][200/390]	Step 1764	lr 0.02462	Loss 2.6459 (2.9759)	Arch Loss 33.8789 (35.6779)	Arch Hard Loss 14.1417 (15.2211)	Arch Alpha Loss 19.7372 (20.4568)	Arch depth Loss 0.0000 (0.0000)	Prec@(1,5) (25.2%, 56.1%)	
10/03 06:22:32午後 searchStage_ArchKD_trainer.py:165 [INFO] Train: Epoch: [4][300/390]	Step 1864	lr 0.02462	Loss 3.0289 (2.9561)	Arch Loss 33.1706 (35.2223)	Arch Hard Loss 14.0976 (15.1180)	Arch Alpha Loss 19.0729 (20.1043)	Arch depth Loss 0.0000 (0.0000)	Prec@(1,5) (25.4%, 56.5%)	
10/03 06:23:14午後 searchStage_ArchKD_trainer.py:165 [INFO] Train: Epoch: [4][390/390]	Step 1954	lr 0.02462	Loss 2.9881 (2.9455)	Arch Loss 33.3290 (34.7893)	Arch Hard Loss 14.8126 (14.9887)	Arch Alpha Loss 18.5165 (19.8006)	Arch depth Loss 0.0000 (0.0000)	Prec@(1,5) (25.6%, 56.8%)	
10/03 06:23:14午後 searchStage_ArchKD_trainer.py:179 [INFO] Train: [  4/49] Final Prec@1 25.6120%
10/03 06:23:21午後 searchStage_trainer.py:311 [INFO] Valid: Epoch: [4][100/391]	Step 1955	Loss 2.8552	Prec@(1,5) (27.4%, 58.7%)
10/03 06:23:27午後 searchStage_trainer.py:311 [INFO] Valid: Epoch: [4][200/391]	Step 1955	Loss 2.8580	Prec@(1,5) (27.3%, 58.8%)
10/03 06:23:33午後 searchStage_trainer.py:311 [INFO] Valid: Epoch: [4][300/391]	Step 1955	Loss 2.8812	Prec@(1,5) (27.0%, 58.5%)
10/03 06:23:38午後 searchStage_trainer.py:311 [INFO] Valid: Epoch: [4][390/391]	Step 1955	Loss 2.8870	Prec@(1,5) (26.8%, 58.4%)
10/03 06:23:39午後 searchStage_trainer.py:322 [INFO] Valid: [  4/49] Final Prec@1 26.8240%
10/03 06:23:39午後 searchStage_KD_main.py:71 [INFO] DAG = Genotype2(DAG1=[[('skip_connect', 1), ('skip_connect', 0)], [('skip_connect', 0), ('skip_connect', 1)], [('skip_connect', 1), ('skip_connect', 3)], [('skip_connect', 4), ('skip_connect', 3)], [('skip_connect', 4), ('skip_connect', 3)], [('skip_connect', 4), ('skip_connect', 6)]], DAG1_concat=range(6, 8), DAG2=[[('skip_connect', 0), ('skip_connect', 1)], [('skip_connect', 0), ('skip_connect', 1)], [('skip_connect', 2), ('skip_connect', 1)], [('skip_connect', 2), ('skip_connect', 3)], [('skip_connect', 4), ('skip_connect', 3)], [('skip_connect', 5), ('skip_connect', 4)]], DAG2_concat=range(6, 8), DAG3=[[('skip_connect', 0), ('skip_connect', 1)], [('skip_connect', 1), ('skip_connect', 0)], [('skip_connect', 1), ('skip_connect', 2)], [('skip_connect', 3), ('skip_connect', 2)], [('skip_connect', 3), ('skip_connect', 4)], [('skip_connect', 5), ('skip_connect', 4)]], DAG3_concat=range(6, 8))
10/03 06:23:39午後 searchStage_KD_main.py:102 [INFO] Until now, best Prec@1 = 26.8240%
10/03 06:24:27午後 searchStage_ArchKD_trainer.py:165 [INFO] Train: Epoch: [5][100/390]	Step 2055	lr 0.02441	Loss 2.7722 (2.7794)	Arch Loss 31.8069 (32.6564)	Arch Hard Loss 13.8732 (14.4413)	Arch Alpha Loss 17.9337 (18.2151)	Arch depth Loss 0.0000 (0.0000)	Prec@(1,5) (29.1%, 61.5%)	
10/03 06:25:14午後 searchStage_ArchKD_trainer.py:165 [INFO] Train: Epoch: [5][200/390]	Step 2155	lr 0.02441	Loss 2.9727 (2.7735)	Arch Loss 29.7435 (32.2654)	Arch Hard Loss 12.3427 (14.3274)	Arch Alpha Loss 17.4008 (17.9380)	Arch depth Loss 0.0000 (0.0000)	Prec@(1,5) (29.2%, 61.3%)	
10/03 06:25:59午後 searchStage_ArchKD_trainer.py:165 [INFO] Train: Epoch: [5][300/390]	Step 2255	lr 0.02441	Loss 2.5190 (2.7702)	Arch Loss 30.3917 (31.9150)	Arch Hard Loss 13.4821 (14.2400)	Arch Alpha Loss 16.9097 (17.6750)	Arch depth Loss 0.0000 (0.0000)	Prec@(1,5) (29.1%, 61.2%)	
10/03 06:26:41午後 searchStage_ArchKD_trainer.py:165 [INFO] Train: Epoch: [5][390/390]	Step 2345	lr 0.02441	Loss 2.7061 (2.7504)	Arch Loss 29.2404 (31.5505)	Arch Hard Loss 12.7405 (14.1004)	Arch Alpha Loss 16.4999 (17.4501)	Arch depth Loss 0.0000 (0.0000)	Prec@(1,5) (29.6%, 61.6%)	
10/03 06:26:41午後 searchStage_ArchKD_trainer.py:179 [INFO] Train: [  5/49] Final Prec@1 29.5760%
10/03 06:26:48午後 searchStage_trainer.py:311 [INFO] Valid: Epoch: [5][100/391]	Step 2346	Loss 2.7572	Prec@(1,5) (29.3%, 61.5%)
10/03 06:26:54午後 searchStage_trainer.py:311 [INFO] Valid: Epoch: [5][200/391]	Step 2346	Loss 2.7585	Prec@(1,5) (29.7%, 61.9%)
10/03 06:26:59午後 searchStage_trainer.py:311 [INFO] Valid: Epoch: [5][300/391]	Step 2346	Loss 2.7671	Prec@(1,5) (29.0%, 61.5%)
10/03 06:27:05午後 searchStage_trainer.py:311 [INFO] Valid: Epoch: [5][390/391]	Step 2346	Loss 2.7651	Prec@(1,5) (29.1%, 61.7%)
10/03 06:27:05午後 searchStage_trainer.py:322 [INFO] Valid: [  5/49] Final Prec@1 29.0680%
10/03 06:27:05午後 searchStage_KD_main.py:71 [INFO] DAG = Genotype2(DAG1=[[('skip_connect', 1), ('skip_connect', 0)], [('skip_connect', 0), ('skip_connect', 1)], [('skip_connect', 1), ('skip_connect', 3)], [('skip_connect', 4), ('skip_connect', 3)], [('skip_connect', 4), ('skip_connect', 3)], [('skip_connect', 4), ('skip_connect', 6)]], DAG1_concat=range(6, 8), DAG2=[[('skip_connect', 0), ('skip_connect', 1)], [('skip_connect', 0), ('skip_connect', 1)], [('skip_connect', 1), ('skip_connect', 2)], [('skip_connect', 2), ('skip_connect', 3)], [('skip_connect', 4), ('skip_connect', 3)], [('skip_connect', 5), ('skip_connect', 4)]], DAG2_concat=range(6, 8), DAG3=[[('skip_connect', 0), ('skip_connect', 1)], [('skip_connect', 1), ('skip_connect', 0)], [('skip_connect', 1), ('skip_connect', 2)], [('skip_connect', 3), ('skip_connect', 2)], [('skip_connect', 3), ('skip_connect', 4)], [('skip_connect', 5), ('skip_connect', 4)]], DAG3_concat=range(6, 8))
10/03 06:27:05午後 searchStage_KD_main.py:102 [INFO] Until now, best Prec@1 = 29.0680%
10/03 06:27:53午後 searchStage_ArchKD_trainer.py:165 [INFO] Train: Epoch: [6][100/390]	Step 2446	lr 0.02416	Loss 2.7265 (2.5964)	Arch Loss 29.3892 (29.8940)	Arch Hard Loss 13.3153 (13.6140)	Arch Alpha Loss 16.0740 (16.2800)	Arch depth Loss 0.0000 (0.0000)	Prec@(1,5) (32.5%, 65.6%)	
10/03 06:28:40午後 searchStage_ArchKD_trainer.py:165 [INFO] Train: Epoch: [6][200/390]	Step 2546	lr 0.02416	Loss 2.3513 (2.6116)	Arch Loss 29.0676 (29.7817)	Arch Hard Loss 13.3809 (13.7040)	Arch Alpha Loss 15.6867 (16.0777)	Arch depth Loss 0.0000 (0.0000)	Prec@(1,5) (32.1%, 64.8%)	
10/03 06:29:27午後 searchStage_ArchKD_trainer.py:165 [INFO] Train: Epoch: [6][300/390]	Step 2646	lr 0.02416	Loss 2.6286 (2.5991)	Arch Loss 29.2308 (29.4139)	Arch Hard Loss 13.9013 (13.5274)	Arch Alpha Loss 15.3295 (15.8864)	Arch depth Loss 0.0000 (0.0000)	Prec@(1,5) (32.2%, 65.3%)	
10/03 06:30:09午後 searchStage_ArchKD_trainer.py:165 [INFO] Train: Epoch: [6][390/390]	Step 2736	lr 0.02416	Loss 2.7268 (2.5949)	Arch Loss 26.5165 (29.1831)	Arch Hard Loss 11.4830 (13.4601)	Arch Alpha Loss 15.0335 (15.7230)	Arch depth Loss 0.0000 (0.0000)	Prec@(1,5) (32.5%, 65.2%)	
10/03 06:30:10午後 searchStage_ArchKD_trainer.py:179 [INFO] Train: [  6/49] Final Prec@1 32.5480%
10/03 06:30:16午後 searchStage_trainer.py:311 [INFO] Valid: Epoch: [6][100/391]	Step 2737	Loss 2.7184	Prec@(1,5) (31.0%, 62.7%)
10/03 06:30:22午後 searchStage_trainer.py:311 [INFO] Valid: Epoch: [6][200/391]	Step 2737	Loss 2.7157	Prec@(1,5) (31.1%, 62.4%)
10/03 06:30:28午後 searchStage_trainer.py:311 [INFO] Valid: Epoch: [6][300/391]	Step 2737	Loss 2.7021	Prec@(1,5) (31.4%, 62.8%)
10/03 06:30:34午後 searchStage_trainer.py:311 [INFO] Valid: Epoch: [6][390/391]	Step 2737	Loss 2.7071	Prec@(1,5) (31.3%, 62.7%)
10/03 06:30:34午後 searchStage_trainer.py:322 [INFO] Valid: [  6/49] Final Prec@1 31.2600%
10/03 06:30:34午後 searchStage_KD_main.py:71 [INFO] DAG = Genotype2(DAG1=[[('skip_connect', 1), ('skip_connect', 0)], [('skip_connect', 0), ('skip_connect', 1)], [('skip_connect', 1), ('skip_connect', 3)], [('skip_connect', 4), ('skip_connect', 3)], [('skip_connect', 4), ('skip_connect', 3)], [('skip_connect', 4), ('skip_connect', 6)]], DAG1_concat=range(6, 8), DAG2=[[('skip_connect', 0), ('skip_connect', 1)], [('skip_connect', 0), ('skip_connect', 1)], [('skip_connect', 1), ('skip_connect', 2)], [('skip_connect', 2), ('skip_connect', 3)], [('skip_connect', 4), ('skip_connect', 3)], [('skip_connect', 5), ('skip_connect', 4)]], DAG2_concat=range(6, 8), DAG3=[[('skip_connect', 0), ('skip_connect', 1)], [('skip_connect', 1), ('skip_connect', 0)], [('skip_connect', 1), ('skip_connect', 2)], [('skip_connect', 2), ('skip_connect', 3)], [('skip_connect', 3), ('skip_connect', 4)], [('skip_connect', 5), ('skip_connect', 4)]], DAG3_concat=range(6, 8))
10/03 06:30:34午後 searchStage_KD_main.py:102 [INFO] Until now, best Prec@1 = 31.2600%
10/03 06:31:22午後 searchStage_ArchKD_trainer.py:165 [INFO] Train: Epoch: [7][100/390]	Step 2837	lr 0.02386	Loss 2.7898 (2.4418)	Arch Loss 26.4370 (27.9113)	Arch Hard Loss 11.7103 (13.0366)	Arch Alpha Loss 14.7267 (14.8747)	Arch depth Loss 0.0000 (0.0000)	Prec@(1,5) (35.9%, 68.4%)	
10/03 06:32:09午後 searchStage_ArchKD_trainer.py:165 [INFO] Train: Epoch: [7][200/390]	Step 2937	lr 0.02386	Loss 2.4959 (2.4431)	Arch Loss 25.6280 (27.7126)	Arch Hard Loss 11.1788 (12.9829)	Arch Alpha Loss 14.4492 (14.7297)	Arch depth Loss 0.0000 (0.0000)	Prec@(1,5) (35.7%, 68.5%)	
10/03 06:32:55午後 searchStage_ArchKD_trainer.py:165 [INFO] Train: Epoch: [7][300/390]	Step 3037	lr 0.02386	Loss 2.9455 (2.4488)	Arch Loss 27.9262 (27.5598)	Arch Hard Loss 13.7324 (12.9673)	Arch Alpha Loss 14.1938 (14.5926)	Arch depth Loss 0.0000 (0.0000)	Prec@(1,5) (35.6%, 68.5%)	
10/03 06:33:36午後 searchStage_ArchKD_trainer.py:165 [INFO] Train: Epoch: [7][390/390]	Step 3127	lr 0.02386	Loss 2.2288 (2.4480)	Arch Loss 25.9513 (27.3069)	Arch Hard Loss 11.9672 (12.8311)	Arch Alpha Loss 13.9841 (14.4757)	Arch depth Loss 0.0000 (0.0000)	Prec@(1,5) (35.5%, 68.7%)	
10/03 06:33:37午後 searchStage_ArchKD_trainer.py:179 [INFO] Train: [  7/49] Final Prec@1 35.5280%
10/03 06:33:43午後 searchStage_trainer.py:311 [INFO] Valid: Epoch: [7][100/391]	Step 3128	Loss 2.5585	Prec@(1,5) (33.6%, 66.0%)
10/03 06:33:49午後 searchStage_trainer.py:311 [INFO] Valid: Epoch: [7][200/391]	Step 3128	Loss 2.5284	Prec@(1,5) (34.4%, 66.9%)
10/03 06:33:55午後 searchStage_trainer.py:311 [INFO] Valid: Epoch: [7][300/391]	Step 3128	Loss 2.5171	Prec@(1,5) (34.6%, 67.3%)
10/03 06:34:00午後 searchStage_trainer.py:311 [INFO] Valid: Epoch: [7][390/391]	Step 3128	Loss 2.5194	Prec@(1,5) (34.8%, 67.2%)
10/03 06:34:00午後 searchStage_trainer.py:322 [INFO] Valid: [  7/49] Final Prec@1 34.7560%
10/03 06:34:00午後 searchStage_KD_main.py:71 [INFO] DAG = Genotype2(DAG1=[[('skip_connect', 1), ('skip_connect', 0)], [('skip_connect', 0), ('skip_connect', 1)], [('skip_connect', 1), ('skip_connect', 3)], [('skip_connect', 4), ('skip_connect', 3)], [('skip_connect', 4), ('skip_connect', 3)], [('skip_connect', 4), ('skip_connect', 6)]], DAG1_concat=range(6, 8), DAG2=[[('skip_connect', 0), ('skip_connect', 1)], [('skip_connect', 0), ('skip_connect', 1)], [('skip_connect', 1), ('skip_connect', 2)], [('skip_connect', 2), ('skip_connect', 3)], [('skip_connect', 4), ('skip_connect', 3)], [('skip_connect', 4), ('skip_connect', 5)]], DAG2_concat=range(6, 8), DAG3=[[('skip_connect', 0), ('skip_connect', 1)], [('skip_connect', 1), ('skip_connect', 0)], [('skip_connect', 2), ('skip_connect', 1)], [('skip_connect', 2), ('skip_connect', 3)], [('skip_connect', 3), ('skip_connect', 4)], [('skip_connect', 4), ('skip_connect', 5)]], DAG3_concat=range(6, 8))
10/03 06:34:01午後 searchStage_KD_main.py:102 [INFO] Until now, best Prec@1 = 34.7560%
10/03 06:34:48午後 searchStage_ArchKD_trainer.py:165 [INFO] Train: Epoch: [8][100/390]	Step 3228	lr 0.02352	Loss 1.8921 (2.3087)	Arch Loss 24.8742 (26.3870)	Arch Hard Loss 11.1102 (12.5168)	Arch Alpha Loss 13.7640 (13.8702)	Arch depth Loss 0.0000 (0.0000)	Prec@(1,5) (38.4%, 71.6%)	
10/03 06:35:35午後 searchStage_ArchKD_trainer.py:165 [INFO] Train: Epoch: [8][200/390]	Step 3328	lr 0.02352	Loss 2.0904 (2.3314)	Arch Loss 25.6214 (26.2442)	Arch Hard Loss 12.0568 (12.4779)	Arch Alpha Loss 13.5646 (13.7663)	Arch depth Loss 0.0000 (0.0000)	Prec@(1,5) (37.6%, 70.9%)	
10/03 06:36:22午後 searchStage_ArchKD_trainer.py:165 [INFO] Train: Epoch: [8][300/390]	Step 3428	lr 0.02352	Loss 2.2658 (2.3329)	Arch Loss 25.3706 (26.0684)	Arch Hard Loss 11.9881 (12.4004)	Arch Alpha Loss 13.3825 (13.6679)	Arch depth Loss 0.0000 (0.0000)	Prec@(1,5) (37.7%, 70.8%)	
10/03 06:37:04午後 searchStage_ArchKD_trainer.py:165 [INFO] Train: Epoch: [8][390/390]	Step 3518	lr 0.02352	Loss 2.3075 (2.3324)	Arch Loss 25.8255 (25.9362)	Arch Hard Loss 12.5945 (12.3520)	Arch Alpha Loss 13.2310 (13.5842)	Arch depth Loss 0.0000 (0.0000)	Prec@(1,5) (37.9%, 70.9%)	
10/03 06:37:05午後 searchStage_ArchKD_trainer.py:179 [INFO] Train: [  8/49] Final Prec@1 37.8800%
10/03 06:37:11午後 searchStage_trainer.py:311 [INFO] Valid: Epoch: [8][100/391]	Step 3519	Loss 2.4256	Prec@(1,5) (36.9%, 68.6%)
10/03 06:37:17午後 searchStage_trainer.py:311 [INFO] Valid: Epoch: [8][200/391]	Step 3519	Loss 2.4407	Prec@(1,5) (36.6%, 68.4%)
10/03 06:37:23午後 searchStage_trainer.py:311 [INFO] Valid: Epoch: [8][300/391]	Step 3519	Loss 2.4531	Prec@(1,5) (36.4%, 68.3%)
10/03 06:37:29午後 searchStage_trainer.py:311 [INFO] Valid: Epoch: [8][390/391]	Step 3519	Loss 2.4578	Prec@(1,5) (36.5%, 68.0%)
10/03 06:37:29午後 searchStage_trainer.py:322 [INFO] Valid: [  8/49] Final Prec@1 36.5200%
10/03 06:37:29午後 searchStage_KD_main.py:71 [INFO] DAG = Genotype2(DAG1=[[('skip_connect', 1), ('skip_connect', 0)], [('skip_connect', 0), ('skip_connect', 1)], [('skip_connect', 1), ('skip_connect', 3)], [('skip_connect', 4), ('skip_connect', 3)], [('skip_connect', 3), ('skip_connect', 4)], [('skip_connect', 4), ('skip_connect', 6)]], DAG1_concat=range(6, 8), DAG2=[[('skip_connect', 0), ('skip_connect', 1)], [('skip_connect', 0), ('skip_connect', 1)], [('skip_connect', 1), ('skip_connect', 2)], [('skip_connect', 2), ('skip_connect', 3)], [('skip_connect', 4), ('skip_connect', 3)], [('skip_connect', 5), ('skip_connect', 4)]], DAG2_concat=range(6, 8), DAG3=[[('skip_connect', 0), ('skip_connect', 1)], [('skip_connect', 1), ('skip_connect', 0)], [('skip_connect', 1), ('skip_connect', 2)], [('skip_connect', 2), ('skip_connect', 3)], [('skip_connect', 4), ('skip_connect', 3)], [('skip_connect', 4), ('skip_connect', 5)]], DAG3_concat=range(6, 8))
10/03 06:37:30午後 searchStage_KD_main.py:102 [INFO] Until now, best Prec@1 = 36.5200%
10/03 06:38:17午後 searchStage_ArchKD_trainer.py:165 [INFO] Train: Epoch: [9][100/390]	Step 3619	lr 0.02313	Loss 1.7063 (2.2116)	Arch Loss 27.8906 (25.1884)	Arch Hard Loss 14.8156 (12.0379)	Arch Alpha Loss 13.0750 (13.1505)	Arch depth Loss 0.0000 (0.0000)	Prec@(1,5) (41.9%, 73.5%)	
10/03 06:39:04午後 searchStage_ArchKD_trainer.py:165 [INFO] Train: Epoch: [9][200/390]	Step 3719	lr 0.02313	Loss 2.1713 (2.2207)	Arch Loss 25.1686 (25.1337)	Arch Hard Loss 12.2355 (12.0573)	Arch Alpha Loss 12.9330 (13.0764)	Arch depth Loss 0.0000 (0.0000)	Prec@(1,5) (40.8%, 73.2%)	
10/03 06:39:50午後 searchStage_ArchKD_trainer.py:165 [INFO] Train: Epoch: [9][300/390]	Step 3819	lr 0.02313	Loss 1.8845 (2.2364)	Arch Loss 24.8981 (24.9458)	Arch Hard Loss 12.0950 (11.9394)	Arch Alpha Loss 12.8032 (13.0065)	Arch depth Loss 0.0000 (0.0000)	Prec@(1,5) (40.5%, 73.0%)	
10/03 06:40:31午後 searchStage_ArchKD_trainer.py:165 [INFO] Train: Epoch: [9][390/390]	Step 3909	lr 0.02313	Loss 2.0053 (2.2310)	Arch Loss 24.1880 (24.8117)	Arch Hard Loss 11.4928 (11.8649)	Arch Alpha Loss 12.6952 (12.9468)	Arch depth Loss 0.0000 (0.0000)	Prec@(1,5) (40.5%, 73.1%)	
10/03 06:40:32午後 searchStage_ArchKD_trainer.py:179 [INFO] Train: [  9/49] Final Prec@1 40.4840%
10/03 06:40:38午後 searchStage_trainer.py:311 [INFO] Valid: Epoch: [9][100/391]	Step 3910	Loss 2.3575	Prec@(1,5) (38.2%, 70.5%)
10/03 06:40:44午後 searchStage_trainer.py:311 [INFO] Valid: Epoch: [9][200/391]	Step 3910	Loss 2.3286	Prec@(1,5) (39.0%, 71.3%)
10/03 06:40:50午後 searchStage_trainer.py:311 [INFO] Valid: Epoch: [9][300/391]	Step 3910	Loss 2.3262	Prec@(1,5) (39.1%, 71.2%)
10/03 06:40:56午後 searchStage_trainer.py:311 [INFO] Valid: Epoch: [9][390/391]	Step 3910	Loss 2.3249	Prec@(1,5) (39.1%, 71.1%)
10/03 06:40:56午後 searchStage_trainer.py:322 [INFO] Valid: [  9/49] Final Prec@1 39.0560%
10/03 06:40:56午後 searchStage_KD_main.py:71 [INFO] DAG = Genotype2(DAG1=[[('skip_connect', 1), ('skip_connect', 0)], [('skip_connect', 0), ('skip_connect', 1)], [('skip_connect', 3), ('skip_connect', 1)], [('skip_connect', 4), ('skip_connect', 3)], [('skip_connect', 4), ('skip_connect', 3)], [('skip_connect', 4), ('skip_connect', 6)]], DAG1_concat=range(6, 8), DAG2=[[('skip_connect', 0), ('skip_connect', 1)], [('skip_connect', 0), ('skip_connect', 1)], [('skip_connect', 1), ('skip_connect', 2)], [('skip_connect', 2), ('skip_connect', 3)], [('skip_connect', 4), ('skip_connect', 3)], [('skip_connect', 5), ('skip_connect', 4)]], DAG2_concat=range(6, 8), DAG3=[[('skip_connect', 0), ('skip_connect', 1)], [('skip_connect', 1), ('skip_connect', 0)], [('skip_connect', 1), ('skip_connect', 2)], [('skip_connect', 2), ('skip_connect', 3)], [('skip_connect', 3), ('skip_connect', 4)], [('skip_connect', 4), ('skip_connect', 5)]], DAG3_concat=range(6, 8))
10/03 06:40:56午後 searchStage_KD_main.py:102 [INFO] Until now, best Prec@1 = 39.0560%
10/03 06:41:43午後 searchStage_ArchKD_trainer.py:165 [INFO] Train: Epoch: [10][100/390]	Step 4010	lr 0.02271	Loss 2.2993 (2.1083)	Arch Loss 23.1869 (24.3465)	Arch Hard Loss 10.6022 (11.7087)	Arch Alpha Loss 12.5847 (12.6379)	Arch depth Loss 0.0000 (0.0000)	Prec@(1,5) (42.6%, 75.5%)	
10/03 06:42:30午後 searchStage_ArchKD_trainer.py:165 [INFO] Train: Epoch: [10][200/390]	Step 4110	lr 0.02271	Loss 2.1197 (2.1244)	Arch Loss 24.2531 (24.2239)	Arch Hard Loss 11.7697 (11.6384)	Arch Alpha Loss 12.4834 (12.5855)	Arch depth Loss 0.0000 (0.0000)	Prec@(1,5) (42.7%, 75.4%)	
10/03 06:43:17午後 searchStage_ArchKD_trainer.py:165 [INFO] Train: Epoch: [10][300/390]	Step 4210	lr 0.02271	Loss 1.9178 (2.1315)	Arch Loss 23.3348 (24.1246)	Arch Hard Loss 10.9446 (11.5891)	Arch Alpha Loss 12.3902 (12.5355)	Arch depth Loss 0.0000 (0.0000)	Prec@(1,5) (42.5%, 75.3%)	
10/03 06:43:59午後 searchStage_ArchKD_trainer.py:165 [INFO] Train: Epoch: [10][390/390]	Step 4300	lr 0.02271	Loss 2.2051 (2.1456)	Arch Loss 23.4897 (24.0497)	Arch Hard Loss 11.1762 (11.5568)	Arch Alpha Loss 12.3135 (12.4929)	Arch depth Loss 0.0000 (0.0000)	Prec@(1,5) (42.2%, 75.0%)	
10/03 06:43:59午後 searchStage_ArchKD_trainer.py:179 [INFO] Train: [ 10/49] Final Prec@1 42.1800%
10/03 06:44:06午後 searchStage_trainer.py:311 [INFO] Valid: Epoch: [10][100/391]	Step 4301	Loss 2.3099	Prec@(1,5) (39.7%, 71.0%)
10/03 06:44:12午後 searchStage_trainer.py:311 [INFO] Valid: Epoch: [10][200/391]	Step 4301	Loss 2.3147	Prec@(1,5) (39.3%, 71.0%)
10/03 06:44:18午後 searchStage_trainer.py:311 [INFO] Valid: Epoch: [10][300/391]	Step 4301	Loss 2.2869	Prec@(1,5) (39.7%, 71.4%)
10/03 06:44:23午後 searchStage_trainer.py:311 [INFO] Valid: Epoch: [10][390/391]	Step 4301	Loss 2.2818	Prec@(1,5) (39.9%, 71.6%)
10/03 06:44:24午後 searchStage_trainer.py:322 [INFO] Valid: [ 10/49] Final Prec@1 39.8640%
10/03 06:44:24午後 searchStage_KD_main.py:71 [INFO] DAG = Genotype2(DAG1=[[('skip_connect', 1), ('skip_connect', 0)], [('skip_connect', 0), ('skip_connect', 1)], [('skip_connect', 1), ('skip_connect', 3)], [('skip_connect', 4), ('skip_connect', 3)], [('skip_connect', 4), ('skip_connect', 3)], [('skip_connect', 4), ('skip_connect', 6)]], DAG1_concat=range(6, 8), DAG2=[[('skip_connect', 0), ('skip_connect', 1)], [('skip_connect', 0), ('skip_connect', 1)], [('skip_connect', 1), ('skip_connect', 2)], [('skip_connect', 2), ('skip_connect', 3)], [('skip_connect', 4), ('skip_connect', 3)], [('skip_connect', 5), ('skip_connect', 4)]], DAG2_concat=range(6, 8), DAG3=[[('skip_connect', 0), ('skip_connect', 1)], [('skip_connect', 1), ('skip_connect', 0)], [('skip_connect', 1), ('skip_connect', 2)], [('skip_connect', 2), ('skip_connect', 3)], [('skip_connect', 3), ('skip_connect', 4)], [('skip_connect', 4), ('skip_connect', 5)]], DAG3_concat=range(6, 8))
10/03 06:44:24午後 searchStage_KD_main.py:102 [INFO] Until now, best Prec@1 = 39.8640%
10/03 06:45:12午後 searchStage_ArchKD_trainer.py:165 [INFO] Train: Epoch: [11][100/390]	Step 4401	lr 0.02225	Loss 2.2500 (2.0249)	Arch Loss 23.5998 (23.7850)	Arch Hard Loss 11.3661 (11.5128)	Arch Alpha Loss 12.2336 (12.2721)	Arch depth Loss 0.0000 (0.0000)	Prec@(1,5) (45.1%, 77.6%)	
10/03 06:45:59午後 searchStage_ArchKD_trainer.py:165 [INFO] Train: Epoch: [11][200/390]	Step 4501	lr 0.02225	Loss 2.4418 (2.0466)	Arch Loss 23.1473 (23.5816)	Arch Hard Loss 10.9866 (11.3473)	Arch Alpha Loss 12.1607 (12.2343)	Arch depth Loss 0.0000 (0.0000)	Prec@(1,5) (44.3%, 77.0%)	
10/03 06:46:45午後 searchStage_ArchKD_trainer.py:165 [INFO] Train: Epoch: [11][300/390]	Step 4601	lr 0.02225	Loss 2.4340 (2.0502)	Arch Loss 23.7113 (23.4777)	Arch Hard Loss 11.6166 (11.2792)	Arch Alpha Loss 12.0947 (12.1985)	Arch depth Loss 0.0000 (0.0000)	Prec@(1,5) (44.2%, 76.9%)	
10/03 06:47:27午後 searchStage_ArchKD_trainer.py:165 [INFO] Train: Epoch: [11][390/390]	Step 4691	lr 0.02225	Loss 1.7366 (2.0466)	Arch Loss 24.4681 (23.4349)	Arch Hard Loss 12.4292 (11.2670)	Arch Alpha Loss 12.0389 (12.1679)	Arch depth Loss 0.0000 (0.0000)	Prec@(1,5) (44.5%, 77.0%)	
10/03 06:47:27午後 searchStage_ArchKD_trainer.py:179 [INFO] Train: [ 11/49] Final Prec@1 44.4440%
10/03 06:47:33午後 searchStage_trainer.py:311 [INFO] Valid: Epoch: [11][100/391]	Step 4692	Loss 2.3192	Prec@(1,5) (40.0%, 71.4%)
10/03 06:47:39午後 searchStage_trainer.py:311 [INFO] Valid: Epoch: [11][200/391]	Step 4692	Loss 2.3045	Prec@(1,5) (39.8%, 71.5%)
10/03 06:47:45午後 searchStage_trainer.py:311 [INFO] Valid: Epoch: [11][300/391]	Step 4692	Loss 2.2955	Prec@(1,5) (39.7%, 71.9%)
10/03 06:47:51午後 searchStage_trainer.py:311 [INFO] Valid: Epoch: [11][390/391]	Step 4692	Loss 2.2821	Prec@(1,5) (39.8%, 72.2%)
10/03 06:47:51午後 searchStage_trainer.py:322 [INFO] Valid: [ 11/49] Final Prec@1 39.7880%
10/03 06:47:51午後 searchStage_KD_main.py:71 [INFO] DAG = Genotype2(DAG1=[[('skip_connect', 1), ('skip_connect', 0)], [('skip_connect', 0), ('skip_connect', 1)], [('skip_connect', 3), ('skip_connect', 1)], [('skip_connect', 4), ('skip_connect', 3)], [('skip_connect', 4), ('skip_connect', 3)], [('skip_connect', 4), ('skip_connect', 6)]], DAG1_concat=range(6, 8), DAG2=[[('skip_connect', 0), ('skip_connect', 1)], [('skip_connect', 0), ('skip_connect', 1)], [('skip_connect', 1), ('skip_connect', 2)], [('skip_connect', 2), ('skip_connect', 3)], [('skip_connect', 4), ('skip_connect', 3)], [('skip_connect', 5), ('skip_connect', 4)]], DAG2_concat=range(6, 8), DAG3=[[('skip_connect', 0), ('skip_connect', 1)], [('skip_connect', 1), ('skip_connect', 0)], [('skip_connect', 1), ('skip_connect', 2)], [('skip_connect', 2), ('skip_connect', 3)], [('skip_connect', 3), ('skip_connect', 4)], [('skip_connect', 4), ('skip_connect', 5)]], DAG3_concat=range(6, 8))
10/03 06:47:51午後 searchStage_KD_main.py:102 [INFO] Until now, best Prec@1 = 39.8640%
