08/06 10:17:28PM parser.py:28 [INFO] 
08/06 10:17:28PM parser.py:29 [INFO] Parameters:
08/06 10:17:28PM parser.py:31 [INFO] ADVANCED=True
08/06 10:17:28PM parser.py:31 [INFO] BATCH_SIZE=64
08/06 10:17:28PM parser.py:31 [INFO] CIFAR=True
08/06 10:17:28PM parser.py:31 [INFO] CUTOUT_LENGTH=16
08/06 10:17:28PM parser.py:31 [INFO] DATA_PATH=../data/
08/06 10:17:28PM parser.py:31 [INFO] DATASET=cifar100
08/06 10:17:28PM parser.py:31 [INFO] DESCRIPTION=pretrained_LR_features-0.001_classifier-0.01_cosine_warmup-0
08/06 10:17:28PM parser.py:31 [INFO] EPOCHS=50
08/06 10:17:28PM parser.py:31 [INFO] EXP_NAME=pretrained-20240806-221728
08/06 10:17:28PM parser.py:31 [INFO] GPUS=[0]
08/06 10:17:28PM parser.py:31 [INFO] LOGGER=<Logger H-DAS (INFO)>
08/06 10:17:28PM parser.py:31 [INFO] LR=0.1
08/06 10:17:28PM parser.py:31 [INFO] LR_MIN=0.0001
08/06 10:17:28PM parser.py:31 [INFO] MODEL_NAME=wide_resnet50_2
08/06 10:17:28PM parser.py:31 [INFO] MOMENTUM=0.9
08/06 10:17:28PM parser.py:31 [INFO] NAME=FINETUNE2
08/06 10:17:28PM parser.py:31 [INFO] PATH=results/teacher/cifar100/wide_resnet50_2/FINETUNE2/pretrained-20240806-221728
08/06 10:17:28PM parser.py:31 [INFO] PRETRAINED=True
08/06 10:17:28PM parser.py:31 [INFO] SAVE=pretrained
08/06 10:17:28PM parser.py:31 [INFO] SEED=0
08/06 10:17:28PM parser.py:31 [INFO] TRAIN_PORTION=0.9
08/06 10:17:28PM parser.py:31 [INFO] WEIGHT_DECAY=0.0003
08/06 10:17:28PM parser.py:31 [INFO] WORKERS=4
08/06 10:17:28PM parser.py:32 [INFO] 
08/06 10:17:32PM layer_replace.py:21 [INFO] model classifier is replaced to Linear(in_features=2048, out_features=100, bias=True)
08/06 10:18:56PM trainTeacher_main.py:209 [INFO] Train: [  0/49] Final Prec@1 53.2978%
08/06 10:18:59PM trainTeacher_main.py:237 [INFO] Valid: [  0/49] Final Prec@1 70.0000%
08/06 10:19:00午後 trainTeacher_main.py:179 [INFO] Until now, best Prec@1 = 70.0000%
08/06 10:20:18午後 trainTeacher_main.py:209 [INFO] Train: [  1/49] Final Prec@1 76.0289%
08/06 10:20:21午後 trainTeacher_main.py:237 [INFO] Valid: [  1/49] Final Prec@1 76.4000%
08/06 10:20:22午後 trainTeacher_main.py:179 [INFO] Until now, best Prec@1 = 76.4000%
08/06 10:21:39午後 trainTeacher_main.py:209 [INFO] Train: [  2/49] Final Prec@1 81.2689%
08/06 10:21:42午後 trainTeacher_main.py:237 [INFO] Valid: [  2/49] Final Prec@1 78.7200%
08/06 10:21:44午後 trainTeacher_main.py:179 [INFO] Until now, best Prec@1 = 78.7200%
08/06 10:23:01午後 trainTeacher_main.py:209 [INFO] Train: [  3/49] Final Prec@1 84.2022%
08/06 10:23:04午後 trainTeacher_main.py:237 [INFO] Valid: [  3/49] Final Prec@1 79.2400%
08/06 10:23:06午後 trainTeacher_main.py:179 [INFO] Until now, best Prec@1 = 79.2400%
08/06 10:24:23午後 trainTeacher_main.py:209 [INFO] Train: [  4/49] Final Prec@1 86.9289%
08/06 10:24:26午後 trainTeacher_main.py:237 [INFO] Valid: [  4/49] Final Prec@1 80.7200%
08/06 10:24:28午後 trainTeacher_main.py:179 [INFO] Until now, best Prec@1 = 80.7200%
08/06 10:25:45午後 trainTeacher_main.py:209 [INFO] Train: [  5/49] Final Prec@1 88.6244%
08/06 10:25:48午後 trainTeacher_main.py:237 [INFO] Valid: [  5/49] Final Prec@1 80.9200%
08/06 10:25:49午後 trainTeacher_main.py:179 [INFO] Until now, best Prec@1 = 80.9200%
08/06 10:27:06午後 trainTeacher_main.py:209 [INFO] Train: [  6/49] Final Prec@1 90.3556%
08/06 10:27:10午後 trainTeacher_main.py:237 [INFO] Valid: [  6/49] Final Prec@1 80.7400%
08/06 10:27:10午後 trainTeacher_main.py:179 [INFO] Until now, best Prec@1 = 80.9200%
08/06 10:28:27午後 trainTeacher_main.py:209 [INFO] Train: [  7/49] Final Prec@1 91.5556%
08/06 10:28:30午後 trainTeacher_main.py:237 [INFO] Valid: [  7/49] Final Prec@1 81.7000%
08/06 10:28:32午後 trainTeacher_main.py:179 [INFO] Until now, best Prec@1 = 81.7000%
08/06 10:29:49午後 trainTeacher_main.py:209 [INFO] Train: [  8/49] Final Prec@1 92.7133%
08/06 10:29:52午後 trainTeacher_main.py:237 [INFO] Valid: [  8/49] Final Prec@1 81.8000%
08/06 10:29:53午後 trainTeacher_main.py:179 [INFO] Until now, best Prec@1 = 81.8000%
08/06 10:31:10午後 trainTeacher_main.py:209 [INFO] Train: [  9/49] Final Prec@1 93.6556%
08/06 10:31:14午後 trainTeacher_main.py:237 [INFO] Valid: [  9/49] Final Prec@1 81.8800%
08/06 10:31:15午後 trainTeacher_main.py:179 [INFO] Until now, best Prec@1 = 81.8800%
08/06 10:32:32午後 trainTeacher_main.py:209 [INFO] Train: [ 10/49] Final Prec@1 94.6556%
08/06 10:32:35午後 trainTeacher_main.py:237 [INFO] Valid: [ 10/49] Final Prec@1 82.3800%
08/06 10:32:37午後 trainTeacher_main.py:179 [INFO] Until now, best Prec@1 = 82.3800%
08/06 10:33:54午後 trainTeacher_main.py:209 [INFO] Train: [ 11/49] Final Prec@1 95.0311%
08/06 10:33:57午後 trainTeacher_main.py:237 [INFO] Valid: [ 11/49] Final Prec@1 81.6800%
08/06 10:33:57午後 trainTeacher_main.py:179 [INFO] Until now, best Prec@1 = 82.3800%
08/06 10:35:14午後 trainTeacher_main.py:209 [INFO] Train: [ 12/49] Final Prec@1 95.8511%
08/06 10:35:18午後 trainTeacher_main.py:237 [INFO] Valid: [ 12/49] Final Prec@1 82.6600%
08/06 10:35:19午後 trainTeacher_main.py:179 [INFO] Until now, best Prec@1 = 82.6600%
08/06 10:36:36午後 trainTeacher_main.py:209 [INFO] Train: [ 13/49] Final Prec@1 96.4089%
08/06 10:36:40午後 trainTeacher_main.py:237 [INFO] Valid: [ 13/49] Final Prec@1 81.8600%
08/06 10:36:40午後 trainTeacher_main.py:179 [INFO] Until now, best Prec@1 = 82.6600%
08/06 10:37:57午後 trainTeacher_main.py:209 [INFO] Train: [ 14/49] Final Prec@1 96.8556%
08/06 10:38:00午後 trainTeacher_main.py:237 [INFO] Valid: [ 14/49] Final Prec@1 81.9800%
08/06 10:38:00午後 trainTeacher_main.py:179 [INFO] Until now, best Prec@1 = 82.6600%
08/06 10:39:17午後 trainTeacher_main.py:209 [INFO] Train: [ 15/49] Final Prec@1 97.2467%
08/06 10:39:20午後 trainTeacher_main.py:237 [INFO] Valid: [ 15/49] Final Prec@1 82.2200%
08/06 10:39:21午後 trainTeacher_main.py:179 [INFO] Until now, best Prec@1 = 82.6600%
08/06 10:40:38午後 trainTeacher_main.py:209 [INFO] Train: [ 16/49] Final Prec@1 97.5378%
08/06 10:40:41午後 trainTeacher_main.py:237 [INFO] Valid: [ 16/49] Final Prec@1 82.8800%
08/06 10:40:42午後 trainTeacher_main.py:179 [INFO] Until now, best Prec@1 = 82.8800%
08/06 10:41:59午後 trainTeacher_main.py:209 [INFO] Train: [ 17/49] Final Prec@1 97.6733%
08/06 10:42:03午後 trainTeacher_main.py:237 [INFO] Valid: [ 17/49] Final Prec@1 82.1200%
08/06 10:42:03午後 trainTeacher_main.py:179 [INFO] Until now, best Prec@1 = 82.8800%
08/06 10:43:20午後 trainTeacher_main.py:209 [INFO] Train: [ 18/49] Final Prec@1 97.9556%
08/06 10:43:23午後 trainTeacher_main.py:237 [INFO] Valid: [ 18/49] Final Prec@1 82.1600%
08/06 10:43:23午後 trainTeacher_main.py:179 [INFO] Until now, best Prec@1 = 82.8800%
08/06 10:44:40午後 trainTeacher_main.py:209 [INFO] Train: [ 19/49] Final Prec@1 98.1378%
08/06 10:44:43午後 trainTeacher_main.py:237 [INFO] Valid: [ 19/49] Final Prec@1 82.9200%
08/06 10:44:45午後 trainTeacher_main.py:179 [INFO] Until now, best Prec@1 = 82.9200%
08/06 10:46:02午後 trainTeacher_main.py:209 [INFO] Train: [ 20/49] Final Prec@1 98.3911%
08/06 10:46:05午後 trainTeacher_main.py:237 [INFO] Valid: [ 20/49] Final Prec@1 82.4200%
08/06 10:46:05午後 trainTeacher_main.py:179 [INFO] Until now, best Prec@1 = 82.9200%
08/06 10:47:22午後 trainTeacher_main.py:209 [INFO] Train: [ 21/49] Final Prec@1 98.5422%
08/06 10:47:26午後 trainTeacher_main.py:237 [INFO] Valid: [ 21/49] Final Prec@1 82.3800%
08/06 10:47:26午後 trainTeacher_main.py:179 [INFO] Until now, best Prec@1 = 82.9200%
08/06 10:48:43午後 trainTeacher_main.py:209 [INFO] Train: [ 22/49] Final Prec@1 98.5400%
08/06 10:48:46午後 trainTeacher_main.py:237 [INFO] Valid: [ 22/49] Final Prec@1 82.6400%
08/06 10:48:46午後 trainTeacher_main.py:179 [INFO] Until now, best Prec@1 = 82.9200%
08/06 10:50:04午後 trainTeacher_main.py:209 [INFO] Train: [ 23/49] Final Prec@1 98.7489%
08/06 10:50:07午後 trainTeacher_main.py:237 [INFO] Valid: [ 23/49] Final Prec@1 82.8400%
08/06 10:50:07午後 trainTeacher_main.py:179 [INFO] Until now, best Prec@1 = 82.9200%
08/06 10:51:24午後 trainTeacher_main.py:209 [INFO] Train: [ 24/49] Final Prec@1 98.7711%
08/06 10:51:27午後 trainTeacher_main.py:237 [INFO] Valid: [ 24/49] Final Prec@1 82.5800%
08/06 10:51:27午後 trainTeacher_main.py:179 [INFO] Until now, best Prec@1 = 82.9200%
08/06 10:52:44午後 trainTeacher_main.py:209 [INFO] Train: [ 25/49] Final Prec@1 98.8733%
08/06 10:52:47午後 trainTeacher_main.py:237 [INFO] Valid: [ 25/49] Final Prec@1 82.5000%
08/06 10:52:48午後 trainTeacher_main.py:179 [INFO] Until now, best Prec@1 = 82.9200%
08/06 10:54:05午後 trainTeacher_main.py:209 [INFO] Train: [ 26/49] Final Prec@1 98.9044%
08/06 10:54:08午後 trainTeacher_main.py:237 [INFO] Valid: [ 26/49] Final Prec@1 82.8800%
08/06 10:54:08午後 trainTeacher_main.py:179 [INFO] Until now, best Prec@1 = 82.9200%
08/06 10:55:25午後 trainTeacher_main.py:209 [INFO] Train: [ 27/49] Final Prec@1 98.9689%
08/06 10:55:28午後 trainTeacher_main.py:237 [INFO] Valid: [ 27/49] Final Prec@1 82.9600%
08/06 10:55:30午後 trainTeacher_main.py:179 [INFO] Until now, best Prec@1 = 82.9600%
08/06 10:56:47午後 trainTeacher_main.py:209 [INFO] Train: [ 28/49] Final Prec@1 99.1556%
08/06 10:56:50午後 trainTeacher_main.py:237 [INFO] Valid: [ 28/49] Final Prec@1 82.4400%
08/06 10:56:50午後 trainTeacher_main.py:179 [INFO] Until now, best Prec@1 = 82.9600%
08/06 10:58:08午後 trainTeacher_main.py:209 [INFO] Train: [ 29/49] Final Prec@1 99.1600%
08/06 10:58:11午後 trainTeacher_main.py:237 [INFO] Valid: [ 29/49] Final Prec@1 82.5400%
08/06 10:58:11午後 trainTeacher_main.py:179 [INFO] Until now, best Prec@1 = 82.9600%
08/06 10:59:28午後 trainTeacher_main.py:209 [INFO] Train: [ 30/49] Final Prec@1 99.2267%
08/06 10:59:31午後 trainTeacher_main.py:237 [INFO] Valid: [ 30/49] Final Prec@1 82.6200%
08/06 10:59:31午後 trainTeacher_main.py:179 [INFO] Until now, best Prec@1 = 82.9600%
08/06 11:00:49午後 trainTeacher_main.py:209 [INFO] Train: [ 31/49] Final Prec@1 99.2756%
08/06 11:00:52午後 trainTeacher_main.py:237 [INFO] Valid: [ 31/49] Final Prec@1 83.0400%
08/06 11:00:53午後 trainTeacher_main.py:179 [INFO] Until now, best Prec@1 = 83.0400%
08/06 11:02:10午後 trainTeacher_main.py:209 [INFO] Train: [ 32/49] Final Prec@1 99.3356%
08/06 11:02:14午後 trainTeacher_main.py:237 [INFO] Valid: [ 32/49] Final Prec@1 82.5800%
08/06 11:02:14午後 trainTeacher_main.py:179 [INFO] Until now, best Prec@1 = 83.0400%
08/06 11:03:31午後 trainTeacher_main.py:209 [INFO] Train: [ 33/49] Final Prec@1 99.2733%
08/06 11:03:34午後 trainTeacher_main.py:237 [INFO] Valid: [ 33/49] Final Prec@1 83.2800%
08/06 11:03:36午後 trainTeacher_main.py:179 [INFO] Until now, best Prec@1 = 83.2800%
08/06 11:04:53午後 trainTeacher_main.py:209 [INFO] Train: [ 34/49] Final Prec@1 99.3711%
08/06 11:04:56午後 trainTeacher_main.py:237 [INFO] Valid: [ 34/49] Final Prec@1 83.2200%
08/06 11:04:56午後 trainTeacher_main.py:179 [INFO] Until now, best Prec@1 = 83.2800%
08/06 11:06:13午後 trainTeacher_main.py:209 [INFO] Train: [ 35/49] Final Prec@1 99.3644%
08/06 11:06:17午後 trainTeacher_main.py:237 [INFO] Valid: [ 35/49] Final Prec@1 82.6800%
08/06 11:06:17午後 trainTeacher_main.py:179 [INFO] Until now, best Prec@1 = 83.2800%
08/06 11:07:34午後 trainTeacher_main.py:209 [INFO] Train: [ 36/49] Final Prec@1 99.3844%
08/06 11:07:37午後 trainTeacher_main.py:237 [INFO] Valid: [ 36/49] Final Prec@1 83.0800%
08/06 11:07:37午後 trainTeacher_main.py:179 [INFO] Until now, best Prec@1 = 83.2800%
08/06 11:08:54午後 trainTeacher_main.py:209 [INFO] Train: [ 37/49] Final Prec@1 99.4133%
08/06 11:08:57午後 trainTeacher_main.py:237 [INFO] Valid: [ 37/49] Final Prec@1 82.8000%
08/06 11:08:57午後 trainTeacher_main.py:179 [INFO] Until now, best Prec@1 = 83.2800%
08/06 11:10:15午後 trainTeacher_main.py:209 [INFO] Train: [ 38/49] Final Prec@1 99.3289%
08/06 11:10:18午後 trainTeacher_main.py:237 [INFO] Valid: [ 38/49] Final Prec@1 82.2000%
08/06 11:10:18午後 trainTeacher_main.py:179 [INFO] Until now, best Prec@1 = 83.2800%
08/06 11:11:35午後 trainTeacher_main.py:209 [INFO] Train: [ 39/49] Final Prec@1 99.4156%
08/06 11:11:38午後 trainTeacher_main.py:237 [INFO] Valid: [ 39/49] Final Prec@1 82.8800%
08/06 11:11:39午後 trainTeacher_main.py:179 [INFO] Until now, best Prec@1 = 83.2800%
08/06 11:12:56午後 trainTeacher_main.py:209 [INFO] Train: [ 40/49] Final Prec@1 99.4378%
08/06 11:12:59午後 trainTeacher_main.py:237 [INFO] Valid: [ 40/49] Final Prec@1 83.5400%
08/06 11:13:00午後 trainTeacher_main.py:179 [INFO] Until now, best Prec@1 = 83.5400%
08/06 11:14:18午後 trainTeacher_main.py:209 [INFO] Train: [ 41/49] Final Prec@1 99.4489%
08/06 11:14:21午後 trainTeacher_main.py:237 [INFO] Valid: [ 41/49] Final Prec@1 82.8800%
08/06 11:14:21午後 trainTeacher_main.py:179 [INFO] Until now, best Prec@1 = 83.5400%
08/06 11:15:38午後 trainTeacher_main.py:209 [INFO] Train: [ 42/49] Final Prec@1 99.4889%
08/06 11:15:41午後 trainTeacher_main.py:237 [INFO] Valid: [ 42/49] Final Prec@1 82.9800%
08/06 11:15:41午後 trainTeacher_main.py:179 [INFO] Until now, best Prec@1 = 83.5400%
08/06 11:16:59午後 trainTeacher_main.py:209 [INFO] Train: [ 43/49] Final Prec@1 99.4267%
08/06 11:17:02午後 trainTeacher_main.py:237 [INFO] Valid: [ 43/49] Final Prec@1 83.0600%
08/06 11:17:02午後 trainTeacher_main.py:179 [INFO] Until now, best Prec@1 = 83.5400%
08/06 11:18:19午後 trainTeacher_main.py:209 [INFO] Train: [ 44/49] Final Prec@1 99.4422%
08/06 11:18:22午後 trainTeacher_main.py:237 [INFO] Valid: [ 44/49] Final Prec@1 82.4800%
08/06 11:18:22午後 trainTeacher_main.py:179 [INFO] Until now, best Prec@1 = 83.5400%
08/06 11:19:40午後 trainTeacher_main.py:209 [INFO] Train: [ 45/49] Final Prec@1 99.5644%
08/06 11:19:43午後 trainTeacher_main.py:237 [INFO] Valid: [ 45/49] Final Prec@1 83.3000%
08/06 11:19:43午後 trainTeacher_main.py:179 [INFO] Until now, best Prec@1 = 83.5400%
08/06 11:21:00午後 trainTeacher_main.py:209 [INFO] Train: [ 46/49] Final Prec@1 99.5200%
08/06 11:21:04午後 trainTeacher_main.py:237 [INFO] Valid: [ 46/49] Final Prec@1 82.6200%
08/06 11:21:04午後 trainTeacher_main.py:179 [INFO] Until now, best Prec@1 = 83.5400%
08/06 11:22:21午後 trainTeacher_main.py:209 [INFO] Train: [ 47/49] Final Prec@1 99.4689%
08/06 11:22:24午後 trainTeacher_main.py:237 [INFO] Valid: [ 47/49] Final Prec@1 83.3400%
08/06 11:22:24午後 trainTeacher_main.py:179 [INFO] Until now, best Prec@1 = 83.5400%
08/06 11:23:41午後 trainTeacher_main.py:209 [INFO] Train: [ 48/49] Final Prec@1 99.5600%
08/06 11:23:45午後 trainTeacher_main.py:237 [INFO] Valid: [ 48/49] Final Prec@1 82.7400%
08/06 11:23:45午後 trainTeacher_main.py:179 [INFO] Until now, best Prec@1 = 83.5400%
08/06 11:25:02午後 trainTeacher_main.py:209 [INFO] Train: [ 49/49] Final Prec@1 99.5444%
08/06 11:25:05午後 trainTeacher_main.py:237 [INFO] Valid: [ 49/49] Final Prec@1 83.0000%
08/06 11:25:05午後 trainTeacher_main.py:179 [INFO] Until now, best Prec@1 = 83.5400%
08/06 11:25:05午後 trainTeacher_main.py:181 [INFO] Final best Prec@1 = 83.5400%
