08/02 05:55:23PM parser.py:28 [INFO] 
08/02 05:55:23PM parser.py:29 [INFO] Parameters:
08/02 05:55:23PM parser.py:31 [INFO] T=3.0
08/02 05:55:23PM parser.py:31 [INFO] ADVANCED=True
08/02 05:55:23PM parser.py:31 [INFO] AUX_WEIGHT=0.4
08/02 05:55:23PM parser.py:31 [INFO] BATCH_SIZE=64
08/02 05:55:23PM parser.py:31 [INFO] CUTOUT_LENGTH=16
08/02 05:55:23PM parser.py:31 [INFO] DATA_PATH=../data/
08/02 05:55:23PM parser.py:31 [INFO] DATASET=cifar100
08/02 05:55:23PM parser.py:31 [INFO] DESCRIPTION=baseline224_genotype-BASELINE224-20240801-093713
08/02 05:55:23PM parser.py:31 [INFO] DROP_PATH_PROB=0.2
08/02 05:55:23PM parser.py:31 [INFO] EPOCHS=100
08/02 05:55:23PM parser.py:31 [INFO] EXP_NAME=093713s3-20240802-175523
08/02 05:55:23PM parser.py:31 [INFO] GENOTYPE=Genotype3(normal1=[[('sep_conv_5x5', 0), ('sep_conv_3x3', 1)], [('sep_conv_3x3', 1), ('sep_conv_3x3', 0)], [('sep_conv_3x3', 1), ('sep_conv_3x3', 2)], [('sep_conv_3x3', 0), ('sep_conv_5x5', 4)]], normal1_concat=range(2, 6), reduce1=[[('sep_conv_3x3', 0), ('skip_connect', 1)], [('sep_conv_3x3', 1), ('max_pool_3x3', 0)], [('sep_conv_3x3', 2), ('sep_conv_3x3', 1)], [('max_pool_3x3', 0), ('dil_conv_3x3', 1)]], reduce1_concat=range(2, 6), normal2=[[('skip_connect', 0), ('sep_conv_5x5', 1)], [('skip_connect', 0), ('skip_connect', 2)], [('avg_pool_3x3', 0), ('avg_pool_3x3', 2)], [('skip_connect', 0), ('avg_pool_3x3', 2)]], normal2_concat=range(2, 6), reduce2=[[('avg_pool_3x3', 0), ('avg_pool_3x3', 1)], [('avg_pool_3x3', 0), ('skip_connect', 2)], [('skip_connect', 2), ('avg_pool_3x3', 0)], [('skip_connect', 2), ('avg_pool_3x3', 0)]], reduce2_concat=range(2, 6), normal3=[[('skip_connect', 0), ('skip_connect', 1)], [('skip_connect', 0), ('dil_conv_3x3', 1)], [('skip_connect', 0), ('skip_connect', 1)], [('skip_connect', 0), ('skip_connect', 2)]], normal3_concat=range(2, 6))
08/02 05:55:23PM parser.py:31 [INFO] GPUS=[0]
08/02 05:55:23PM parser.py:31 [INFO] GRAD_CLIP=5.0
08/02 05:55:23PM parser.py:31 [INFO] INIT_CHANNELS=32
08/02 05:55:23PM parser.py:31 [INFO] L=0.3
08/02 05:55:23PM parser.py:31 [INFO] LAYERS=20
08/02 05:55:23PM parser.py:31 [INFO] LOGGER=<Logger H-DAS (INFO)>
08/02 05:55:23PM parser.py:31 [INFO] LR=0.025
08/02 05:55:23PM parser.py:31 [INFO] LR_MIN=0.001
08/02 05:55:23PM parser.py:31 [INFO] MOMENTUM=0.9
08/02 05:55:23PM parser.py:31 [INFO] NAME=BASELINE224
08/02 05:55:23PM parser.py:31 [INFO] NONKD=True
08/02 05:55:23PM parser.py:31 [INFO] PATH=results/evaluate_cell_KD/cifar100/BASELINE224/093713s3-20240802-175523
08/02 05:55:23PM parser.py:31 [INFO] PRINT_FREQ=50
08/02 05:55:23PM parser.py:31 [INFO] RESUME_PATH=None
08/02 05:55:23PM parser.py:31 [INFO] SAVE=093713s3
08/02 05:55:23PM parser.py:31 [INFO] SEED=3
08/02 05:55:23PM parser.py:31 [INFO] TEACHER_NAME=non
08/02 05:55:23PM parser.py:31 [INFO] TEACHER_PATH=non
08/02 05:55:23PM parser.py:31 [INFO] TRAIN_PORTION=0.9
08/02 05:55:23PM parser.py:31 [INFO] WEIGHT_DECAY=0.0003
08/02 05:55:23PM parser.py:31 [INFO] WORKERS=4
08/02 05:55:23PM parser.py:32 [INFO] 
08/02 05:55:24PM evaluateCell_trainer.py:102 [INFO] --> No loaded checkpoint!
08/02 05:55:50PM evaluateCell_trainer.py:199 [INFO] Valid: Epoch: [0][50/79]	Step 704	Loss 3.5597	Prec@(1,5) (13.7%, 40.6%)
08/02 05:55:50PM evaluateCell_trainer.py:199 [INFO] Valid: Epoch: [0][78/79]	Step 704	Loss 3.5814	Prec@(1,5) (13.7%, 39.6%)
08/02 05:55:50PM evaluateCell_trainer.py:206 [INFO] Valid: [  0/99] Final Prec@1 13.7200%
08/02 05:55:51午後 evaluateCell_main.py:75 [INFO] Until now, best Prec@1 = 13.7200%
08/02 05:56:17午後 evaluateCell_trainer.py:199 [INFO] Valid: Epoch: [1][50/79]	Step 1408	Loss 3.1565	Prec@(1,5) (22.8%, 52.9%)
08/02 05:56:18午後 evaluateCell_trainer.py:199 [INFO] Valid: Epoch: [1][78/79]	Step 1408	Loss 3.2072	Prec@(1,5) (22.0%, 51.2%)
08/02 05:56:18午後 evaluateCell_trainer.py:206 [INFO] Valid: [  1/99] Final Prec@1 21.9800%
08/02 05:56:18午後 evaluateCell_main.py:75 [INFO] Until now, best Prec@1 = 21.9800%
08/02 05:56:45午後 evaluateCell_trainer.py:199 [INFO] Valid: Epoch: [2][50/79]	Step 2112	Loss 2.8997	Prec@(1,5) (26.8%, 58.4%)
08/02 05:56:45午後 evaluateCell_trainer.py:199 [INFO] Valid: Epoch: [2][78/79]	Step 2112	Loss 2.8914	Prec@(1,5) (27.3%, 58.7%)
08/02 05:56:45午後 evaluateCell_trainer.py:206 [INFO] Valid: [  2/99] Final Prec@1 27.3000%
08/02 05:56:45午後 evaluateCell_main.py:75 [INFO] Until now, best Prec@1 = 27.3000%
08/02 05:57:12午後 evaluateCell_trainer.py:199 [INFO] Valid: Epoch: [3][50/79]	Step 2816	Loss 2.6713	Prec@(1,5) (32.7%, 64.3%)
08/02 05:57:12午後 evaluateCell_trainer.py:199 [INFO] Valid: Epoch: [3][78/79]	Step 2816	Loss 2.6964	Prec@(1,5) (31.5%, 63.8%)
08/02 05:57:12午後 evaluateCell_trainer.py:206 [INFO] Valid: [  3/99] Final Prec@1 31.5400%
08/02 05:57:12午後 evaluateCell_main.py:75 [INFO] Until now, best Prec@1 = 31.5400%
08/02 05:57:39午後 evaluateCell_trainer.py:199 [INFO] Valid: Epoch: [4][50/79]	Step 3520	Loss 2.5438	Prec@(1,5) (34.6%, 67.6%)
08/02 05:57:40午後 evaluateCell_trainer.py:199 [INFO] Valid: Epoch: [4][78/79]	Step 3520	Loss 2.5290	Prec@(1,5) (34.9%, 67.9%)
08/02 05:57:40午後 evaluateCell_trainer.py:206 [INFO] Valid: [  4/99] Final Prec@1 34.8200%
08/02 05:57:40午後 evaluateCell_main.py:75 [INFO] Until now, best Prec@1 = 34.8200%
08/02 05:58:07午後 evaluateCell_trainer.py:199 [INFO] Valid: Epoch: [5][50/79]	Step 4224	Loss 2.3363	Prec@(1,5) (39.2%, 72.0%)
08/02 05:58:07午後 evaluateCell_trainer.py:199 [INFO] Valid: Epoch: [5][78/79]	Step 4224	Loss 2.3261	Prec@(1,5) (38.5%, 72.1%)
08/02 05:58:07午後 evaluateCell_trainer.py:206 [INFO] Valid: [  5/99] Final Prec@1 38.5200%
08/02 05:58:07午後 evaluateCell_main.py:75 [INFO] Until now, best Prec@1 = 38.5200%
08/02 05:58:34午後 evaluateCell_trainer.py:199 [INFO] Valid: Epoch: [6][50/79]	Step 4928	Loss 2.1805	Prec@(1,5) (41.8%, 74.7%)
08/02 05:58:35午後 evaluateCell_trainer.py:199 [INFO] Valid: Epoch: [6][78/79]	Step 4928	Loss 2.1998	Prec@(1,5) (40.9%, 74.4%)
08/02 05:58:35午後 evaluateCell_trainer.py:206 [INFO] Valid: [  6/99] Final Prec@1 40.8800%
08/02 05:58:35午後 evaluateCell_main.py:75 [INFO] Until now, best Prec@1 = 40.8800%
08/02 05:59:02午後 evaluateCell_trainer.py:199 [INFO] Valid: Epoch: [7][50/79]	Step 5632	Loss 2.1297	Prec@(1,5) (43.3%, 75.6%)
08/02 05:59:02午後 evaluateCell_trainer.py:199 [INFO] Valid: Epoch: [7][78/79]	Step 5632	Loss 2.1190	Prec@(1,5) (43.3%, 76.2%)
08/02 05:59:02午後 evaluateCell_trainer.py:206 [INFO] Valid: [  7/99] Final Prec@1 43.3000%
08/02 05:59:02午後 evaluateCell_main.py:75 [INFO] Until now, best Prec@1 = 43.3000%
08/02 05:59:29午後 evaluateCell_trainer.py:199 [INFO] Valid: Epoch: [8][50/79]	Step 6336	Loss 1.9757	Prec@(1,5) (46.2%, 78.8%)
08/02 05:59:29午後 evaluateCell_trainer.py:199 [INFO] Valid: Epoch: [8][78/79]	Step 6336	Loss 1.9652	Prec@(1,5) (46.2%, 79.3%)
08/02 05:59:29午後 evaluateCell_trainer.py:206 [INFO] Valid: [  8/99] Final Prec@1 46.1800%
08/02 05:59:29午後 evaluateCell_main.py:75 [INFO] Until now, best Prec@1 = 46.1800%
08/02 05:59:56午後 evaluateCell_trainer.py:199 [INFO] Valid: Epoch: [9][50/79]	Step 7040	Loss 1.9849	Prec@(1,5) (46.0%, 79.0%)
08/02 05:59:57午後 evaluateCell_trainer.py:199 [INFO] Valid: Epoch: [9][78/79]	Step 7040	Loss 2.0200	Prec@(1,5) (45.5%, 78.4%)
08/02 05:59:57午後 evaluateCell_trainer.py:206 [INFO] Valid: [  9/99] Final Prec@1 45.5400%
08/02 05:59:57午後 evaluateCell_main.py:75 [INFO] Until now, best Prec@1 = 46.1800%
08/02 06:00:24午後 evaluateCell_trainer.py:199 [INFO] Valid: Epoch: [10][50/79]	Step 7744	Loss 1.8632	Prec@(1,5) (49.9%, 80.2%)
08/02 06:00:24午後 evaluateCell_trainer.py:199 [INFO] Valid: Epoch: [10][78/79]	Step 7744	Loss 1.8721	Prec@(1,5) (49.6%, 80.1%)
08/02 06:00:24午後 evaluateCell_trainer.py:206 [INFO] Valid: [ 10/99] Final Prec@1 49.5200%
08/02 06:00:24午後 evaluateCell_main.py:75 [INFO] Until now, best Prec@1 = 49.5200%
08/02 06:00:51午後 evaluateCell_trainer.py:199 [INFO] Valid: Epoch: [11][50/79]	Step 8448	Loss 1.8726	Prec@(1,5) (48.1%, 81.2%)
08/02 06:00:51午後 evaluateCell_trainer.py:199 [INFO] Valid: Epoch: [11][78/79]	Step 8448	Loss 1.8402	Prec@(1,5) (49.2%, 81.7%)
08/02 06:00:52午後 evaluateCell_trainer.py:206 [INFO] Valid: [ 11/99] Final Prec@1 49.1800%
08/02 06:00:52午後 evaluateCell_main.py:75 [INFO] Until now, best Prec@1 = 49.5200%
08/02 06:01:19午後 evaluateCell_trainer.py:199 [INFO] Valid: Epoch: [12][50/79]	Step 9152	Loss 1.8640	Prec@(1,5) (49.7%, 79.8%)
08/02 06:01:19午後 evaluateCell_trainer.py:199 [INFO] Valid: Epoch: [12][78/79]	Step 9152	Loss 1.8342	Prec@(1,5) (50.6%, 80.7%)
08/02 06:01:19午後 evaluateCell_trainer.py:206 [INFO] Valid: [ 12/99] Final Prec@1 50.6200%
08/02 06:01:19午後 evaluateCell_main.py:75 [INFO] Until now, best Prec@1 = 50.6200%
08/02 06:01:46午後 evaluateCell_trainer.py:199 [INFO] Valid: Epoch: [13][50/79]	Step 9856	Loss 1.7608	Prec@(1,5) (52.3%, 82.4%)
08/02 06:01:46午後 evaluateCell_trainer.py:199 [INFO] Valid: Epoch: [13][78/79]	Step 9856	Loss 1.7744	Prec@(1,5) (51.5%, 81.9%)
08/02 06:01:46午後 evaluateCell_trainer.py:206 [INFO] Valid: [ 13/99] Final Prec@1 51.5600%
08/02 06:01:47午後 evaluateCell_main.py:75 [INFO] Until now, best Prec@1 = 51.5600%
08/02 06:02:14午後 evaluateCell_trainer.py:199 [INFO] Valid: Epoch: [14][50/79]	Step 10560	Loss 1.7771	Prec@(1,5) (52.2%, 82.2%)
08/02 06:02:14午後 evaluateCell_trainer.py:199 [INFO] Valid: Epoch: [14][78/79]	Step 10560	Loss 1.7870	Prec@(1,5) (52.1%, 81.9%)
08/02 06:02:14午後 evaluateCell_trainer.py:206 [INFO] Valid: [ 14/99] Final Prec@1 52.1200%
08/02 06:02:14午後 evaluateCell_main.py:75 [INFO] Until now, best Prec@1 = 52.1200%
08/02 06:02:41午後 evaluateCell_trainer.py:199 [INFO] Valid: Epoch: [15][50/79]	Step 11264	Loss 1.7365	Prec@(1,5) (52.5%, 82.9%)
08/02 06:02:41午後 evaluateCell_trainer.py:199 [INFO] Valid: Epoch: [15][78/79]	Step 11264	Loss 1.7404	Prec@(1,5) (52.1%, 82.7%)
08/02 06:02:41午後 evaluateCell_trainer.py:206 [INFO] Valid: [ 15/99] Final Prec@1 52.1200%
08/02 06:02:41午後 evaluateCell_main.py:75 [INFO] Until now, best Prec@1 = 52.1200%
08/02 06:03:09午後 evaluateCell_trainer.py:199 [INFO] Valid: Epoch: [16][50/79]	Step 11968	Loss 1.7082	Prec@(1,5) (52.6%, 83.7%)
08/02 06:03:09午後 evaluateCell_trainer.py:199 [INFO] Valid: Epoch: [16][78/79]	Step 11968	Loss 1.7126	Prec@(1,5) (52.9%, 83.0%)
08/02 06:03:09午後 evaluateCell_trainer.py:206 [INFO] Valid: [ 16/99] Final Prec@1 52.9000%
08/02 06:03:09午後 evaluateCell_main.py:75 [INFO] Until now, best Prec@1 = 52.9000%
08/02 06:03:36午後 evaluateCell_trainer.py:199 [INFO] Valid: Epoch: [17][50/79]	Step 12672	Loss 1.6278	Prec@(1,5) (54.4%, 84.6%)
08/02 06:03:37午後 evaluateCell_trainer.py:199 [INFO] Valid: Epoch: [17][78/79]	Step 12672	Loss 1.6337	Prec@(1,5) (54.7%, 84.3%)
08/02 06:03:37午後 evaluateCell_trainer.py:206 [INFO] Valid: [ 17/99] Final Prec@1 54.7400%
08/02 06:03:37午後 evaluateCell_main.py:75 [INFO] Until now, best Prec@1 = 54.7400%
08/02 06:04:04午後 evaluateCell_trainer.py:199 [INFO] Valid: Epoch: [18][50/79]	Step 13376	Loss 1.7267	Prec@(1,5) (52.8%, 82.8%)
08/02 06:04:04午後 evaluateCell_trainer.py:199 [INFO] Valid: Epoch: [18][78/79]	Step 13376	Loss 1.7428	Prec@(1,5) (52.7%, 82.6%)
08/02 06:04:04午後 evaluateCell_trainer.py:206 [INFO] Valid: [ 18/99] Final Prec@1 52.7400%
08/02 06:04:04午後 evaluateCell_main.py:75 [INFO] Until now, best Prec@1 = 54.7400%
08/02 06:04:32午後 evaluateCell_trainer.py:199 [INFO] Valid: Epoch: [19][50/79]	Step 14080	Loss 1.6722	Prec@(1,5) (53.5%, 83.7%)
08/02 06:04:33午後 evaluateCell_trainer.py:199 [INFO] Valid: Epoch: [19][78/79]	Step 14080	Loss 1.6757	Prec@(1,5) (53.4%, 83.6%)
08/02 06:04:33午後 evaluateCell_trainer.py:206 [INFO] Valid: [ 19/99] Final Prec@1 53.4200%
08/02 06:04:33午後 evaluateCell_main.py:75 [INFO] Until now, best Prec@1 = 54.7400%
08/02 06:05:00午後 evaluateCell_trainer.py:199 [INFO] Valid: Epoch: [20][50/79]	Step 14784	Loss 1.7422	Prec@(1,5) (52.2%, 82.8%)
08/02 06:05:00午後 evaluateCell_trainer.py:199 [INFO] Valid: Epoch: [20][78/79]	Step 14784	Loss 1.7596	Prec@(1,5) (52.5%, 82.4%)
08/02 06:05:00午後 evaluateCell_trainer.py:206 [INFO] Valid: [ 20/99] Final Prec@1 52.5400%
08/02 06:05:00午後 evaluateCell_main.py:75 [INFO] Until now, best Prec@1 = 54.7400%
08/02 06:05:27午後 evaluateCell_trainer.py:199 [INFO] Valid: Epoch: [21][50/79]	Step 15488	Loss 1.6746	Prec@(1,5) (53.7%, 83.8%)
08/02 06:05:27午後 evaluateCell_trainer.py:199 [INFO] Valid: Epoch: [21][78/79]	Step 15488	Loss 1.6912	Prec@(1,5) (53.7%, 83.4%)
08/02 06:05:27午後 evaluateCell_trainer.py:206 [INFO] Valid: [ 21/99] Final Prec@1 53.7200%
08/02 06:05:28午後 evaluateCell_main.py:75 [INFO] Until now, best Prec@1 = 54.7400%
08/02 06:05:55午後 evaluateCell_trainer.py:199 [INFO] Valid: Epoch: [22][50/79]	Step 16192	Loss 1.6080	Prec@(1,5) (55.8%, 85.0%)
08/02 06:05:55午後 evaluateCell_trainer.py:199 [INFO] Valid: Epoch: [22][78/79]	Step 16192	Loss 1.6221	Prec@(1,5) (55.5%, 84.6%)
08/02 06:05:55午後 evaluateCell_trainer.py:206 [INFO] Valid: [ 22/99] Final Prec@1 55.4000%
08/02 06:05:55午後 evaluateCell_main.py:75 [INFO] Until now, best Prec@1 = 55.4000%
08/02 06:06:22午後 evaluateCell_trainer.py:199 [INFO] Valid: Epoch: [23][50/79]	Step 16896	Loss 1.6316	Prec@(1,5) (55.4%, 85.1%)
08/02 06:06:23午後 evaluateCell_trainer.py:199 [INFO] Valid: Epoch: [23][78/79]	Step 16896	Loss 1.6333	Prec@(1,5) (55.2%, 84.8%)
08/02 06:06:23午後 evaluateCell_trainer.py:206 [INFO] Valid: [ 23/99] Final Prec@1 55.2400%
08/02 06:06:23午後 evaluateCell_main.py:75 [INFO] Until now, best Prec@1 = 55.4000%
08/02 06:06:50午後 evaluateCell_trainer.py:199 [INFO] Valid: Epoch: [24][50/79]	Step 17600	Loss 1.7511	Prec@(1,5) (52.9%, 83.5%)
08/02 06:06:51午後 evaluateCell_trainer.py:199 [INFO] Valid: Epoch: [24][78/79]	Step 17600	Loss 1.7767	Prec@(1,5) (52.2%, 83.1%)
08/02 06:06:51午後 evaluateCell_trainer.py:206 [INFO] Valid: [ 24/99] Final Prec@1 52.2000%
08/02 06:06:51午後 evaluateCell_main.py:75 [INFO] Until now, best Prec@1 = 55.4000%
08/02 06:07:18午後 evaluateCell_trainer.py:199 [INFO] Valid: Epoch: [25][50/79]	Step 18304	Loss 1.5875	Prec@(1,5) (56.8%, 84.7%)
08/02 06:07:18午後 evaluateCell_trainer.py:199 [INFO] Valid: Epoch: [25][78/79]	Step 18304	Loss 1.6062	Prec@(1,5) (56.5%, 84.6%)
08/02 06:07:18午後 evaluateCell_trainer.py:206 [INFO] Valid: [ 25/99] Final Prec@1 56.4600%
08/02 06:07:18午後 evaluateCell_main.py:75 [INFO] Until now, best Prec@1 = 56.4600%
08/02 06:07:46午後 evaluateCell_trainer.py:199 [INFO] Valid: Epoch: [26][50/79]	Step 19008	Loss 1.5859	Prec@(1,5) (56.7%, 84.6%)
08/02 06:07:47午後 evaluateCell_trainer.py:199 [INFO] Valid: Epoch: [26][78/79]	Step 19008	Loss 1.5656	Prec@(1,5) (56.8%, 85.2%)
08/02 06:07:47午後 evaluateCell_trainer.py:206 [INFO] Valid: [ 26/99] Final Prec@1 56.8200%
08/02 06:07:47午後 evaluateCell_main.py:75 [INFO] Until now, best Prec@1 = 56.8200%
08/02 06:08:15午後 evaluateCell_trainer.py:199 [INFO] Valid: Epoch: [27][50/79]	Step 19712	Loss 1.5659	Prec@(1,5) (56.3%, 85.8%)
08/02 06:08:15午後 evaluateCell_trainer.py:199 [INFO] Valid: Epoch: [27][78/79]	Step 19712	Loss 1.5723	Prec@(1,5) (56.9%, 85.5%)
08/02 06:08:15午後 evaluateCell_trainer.py:206 [INFO] Valid: [ 27/99] Final Prec@1 56.8600%
08/02 06:08:15午後 evaluateCell_main.py:75 [INFO] Until now, best Prec@1 = 56.8600%
08/02 06:08:42午後 evaluateCell_trainer.py:199 [INFO] Valid: Epoch: [28][50/79]	Step 20416	Loss 1.6648	Prec@(1,5) (55.6%, 84.1%)
08/02 06:08:42午後 evaluateCell_trainer.py:199 [INFO] Valid: Epoch: [28][78/79]	Step 20416	Loss 1.7078	Prec@(1,5) (55.0%, 83.1%)
08/02 06:08:43午後 evaluateCell_trainer.py:206 [INFO] Valid: [ 28/99] Final Prec@1 55.0200%
08/02 06:08:43午後 evaluateCell_main.py:75 [INFO] Until now, best Prec@1 = 56.8600%
08/02 06:09:10午後 evaluateCell_trainer.py:199 [INFO] Valid: Epoch: [29][50/79]	Step 21120	Loss 1.5132	Prec@(1,5) (57.9%, 86.3%)
08/02 06:09:10午後 evaluateCell_trainer.py:199 [INFO] Valid: Epoch: [29][78/79]	Step 21120	Loss 1.5161	Prec@(1,5) (58.1%, 86.2%)
08/02 06:09:10午後 evaluateCell_trainer.py:206 [INFO] Valid: [ 29/99] Final Prec@1 58.0400%
08/02 06:09:10午後 evaluateCell_main.py:75 [INFO] Until now, best Prec@1 = 58.0400%
08/02 06:09:38午後 evaluateCell_trainer.py:199 [INFO] Valid: Epoch: [30][50/79]	Step 21824	Loss 1.5251	Prec@(1,5) (58.4%, 87.2%)
08/02 06:09:38午後 evaluateCell_trainer.py:199 [INFO] Valid: Epoch: [30][78/79]	Step 21824	Loss 1.5562	Prec@(1,5) (57.9%, 86.6%)
08/02 06:09:38午後 evaluateCell_trainer.py:206 [INFO] Valid: [ 30/99] Final Prec@1 57.9000%
08/02 06:09:38午後 evaluateCell_main.py:75 [INFO] Until now, best Prec@1 = 58.0400%
08/02 06:10:05午後 evaluateCell_trainer.py:199 [INFO] Valid: Epoch: [31][50/79]	Step 22528	Loss 1.5242	Prec@(1,5) (57.9%, 86.5%)
08/02 06:10:06午後 evaluateCell_trainer.py:199 [INFO] Valid: Epoch: [31][78/79]	Step 22528	Loss 1.5566	Prec@(1,5) (57.9%, 85.6%)
08/02 06:10:06午後 evaluateCell_trainer.py:206 [INFO] Valid: [ 31/99] Final Prec@1 57.8800%
08/02 06:10:06午後 evaluateCell_main.py:75 [INFO] Until now, best Prec@1 = 58.0400%
08/02 06:10:34午後 evaluateCell_trainer.py:199 [INFO] Valid: Epoch: [32][50/79]	Step 23232	Loss 1.5106	Prec@(1,5) (58.8%, 86.2%)
08/02 06:10:34午後 evaluateCell_trainer.py:199 [INFO] Valid: Epoch: [32][78/79]	Step 23232	Loss 1.5074	Prec@(1,5) (58.6%, 86.4%)
08/02 06:10:34午後 evaluateCell_trainer.py:206 [INFO] Valid: [ 32/99] Final Prec@1 58.6000%
08/02 06:10:34午後 evaluateCell_main.py:75 [INFO] Until now, best Prec@1 = 58.6000%
08/02 06:11:02午後 evaluateCell_trainer.py:199 [INFO] Valid: Epoch: [33][50/79]	Step 23936	Loss 1.5094	Prec@(1,5) (58.2%, 87.0%)
08/02 06:11:02午後 evaluateCell_trainer.py:199 [INFO] Valid: Epoch: [33][78/79]	Step 23936	Loss 1.5275	Prec@(1,5) (58.1%, 86.4%)
08/02 06:11:02午後 evaluateCell_trainer.py:206 [INFO] Valid: [ 33/99] Final Prec@1 58.1000%
08/02 06:11:02午後 evaluateCell_main.py:75 [INFO] Until now, best Prec@1 = 58.6000%
08/02 06:11:29午後 evaluateCell_trainer.py:199 [INFO] Valid: Epoch: [34][50/79]	Step 24640	Loss 1.5814	Prec@(1,5) (57.6%, 85.5%)
08/02 06:11:30午後 evaluateCell_trainer.py:199 [INFO] Valid: Epoch: [34][78/79]	Step 24640	Loss 1.5405	Prec@(1,5) (58.2%, 86.0%)
08/02 06:11:30午後 evaluateCell_trainer.py:206 [INFO] Valid: [ 34/99] Final Prec@1 58.1800%
08/02 06:11:30午後 evaluateCell_main.py:75 [INFO] Until now, best Prec@1 = 58.6000%
08/02 06:11:58午後 evaluateCell_trainer.py:199 [INFO] Valid: Epoch: [35][50/79]	Step 25344	Loss 1.4779	Prec@(1,5) (59.6%, 87.5%)
08/02 06:11:58午後 evaluateCell_trainer.py:199 [INFO] Valid: Epoch: [35][78/79]	Step 25344	Loss 1.4949	Prec@(1,5) (58.8%, 87.2%)
08/02 06:11:58午後 evaluateCell_trainer.py:206 [INFO] Valid: [ 35/99] Final Prec@1 58.8200%
08/02 06:11:58午後 evaluateCell_main.py:75 [INFO] Until now, best Prec@1 = 58.8200%
08/02 06:12:25午後 evaluateCell_trainer.py:199 [INFO] Valid: Epoch: [36][50/79]	Step 26048	Loss 1.5039	Prec@(1,5) (59.1%, 86.8%)
08/02 06:12:26午後 evaluateCell_trainer.py:199 [INFO] Valid: Epoch: [36][78/79]	Step 26048	Loss 1.5527	Prec@(1,5) (57.9%, 86.3%)
08/02 06:12:26午後 evaluateCell_trainer.py:206 [INFO] Valid: [ 36/99] Final Prec@1 57.8400%
08/02 06:12:26午後 evaluateCell_main.py:75 [INFO] Until now, best Prec@1 = 58.8200%
08/02 06:12:53午後 evaluateCell_trainer.py:199 [INFO] Valid: Epoch: [37][50/79]	Step 26752	Loss 1.5714	Prec@(1,5) (58.1%, 87.0%)
08/02 06:12:53午後 evaluateCell_trainer.py:199 [INFO] Valid: Epoch: [37][78/79]	Step 26752	Loss 1.6008	Prec@(1,5) (57.7%, 86.1%)
08/02 06:12:53午後 evaluateCell_trainer.py:206 [INFO] Valid: [ 37/99] Final Prec@1 57.6600%
08/02 06:12:53午後 evaluateCell_main.py:75 [INFO] Until now, best Prec@1 = 58.8200%
08/02 06:13:21午後 evaluateCell_trainer.py:199 [INFO] Valid: Epoch: [38][50/79]	Step 27456	Loss 1.4631	Prec@(1,5) (59.4%, 88.0%)
08/02 06:13:21午後 evaluateCell_trainer.py:199 [INFO] Valid: Epoch: [38][78/79]	Step 27456	Loss 1.4965	Prec@(1,5) (59.4%, 87.4%)
08/02 06:13:21午後 evaluateCell_trainer.py:206 [INFO] Valid: [ 38/99] Final Prec@1 59.3600%
08/02 06:13:21午後 evaluateCell_main.py:75 [INFO] Until now, best Prec@1 = 59.3600%
08/02 06:13:48午後 evaluateCell_trainer.py:199 [INFO] Valid: Epoch: [39][50/79]	Step 28160	Loss 1.4276	Prec@(1,5) (60.6%, 88.1%)
08/02 06:13:48午後 evaluateCell_trainer.py:199 [INFO] Valid: Epoch: [39][78/79]	Step 28160	Loss 1.4691	Prec@(1,5) (60.1%, 87.4%)
08/02 06:13:48午後 evaluateCell_trainer.py:206 [INFO] Valid: [ 39/99] Final Prec@1 60.0600%
08/02 06:13:49午後 evaluateCell_main.py:75 [INFO] Until now, best Prec@1 = 60.0600%
08/02 06:14:16午後 evaluateCell_trainer.py:199 [INFO] Valid: Epoch: [40][50/79]	Step 28864	Loss 1.4699	Prec@(1,5) (60.0%, 87.7%)
08/02 06:14:16午後 evaluateCell_trainer.py:199 [INFO] Valid: Epoch: [40][78/79]	Step 28864	Loss 1.4382	Prec@(1,5) (61.1%, 87.9%)
08/02 06:14:16午後 evaluateCell_trainer.py:206 [INFO] Valid: [ 40/99] Final Prec@1 61.1600%
08/02 06:14:16午後 evaluateCell_main.py:75 [INFO] Until now, best Prec@1 = 61.1600%
08/02 06:14:44午後 evaluateCell_trainer.py:199 [INFO] Valid: Epoch: [41][50/79]	Step 29568	Loss 1.5217	Prec@(1,5) (59.1%, 86.8%)
08/02 06:14:44午後 evaluateCell_trainer.py:199 [INFO] Valid: Epoch: [41][78/79]	Step 29568	Loss 1.4831	Prec@(1,5) (59.7%, 87.1%)
08/02 06:14:44午後 evaluateCell_trainer.py:206 [INFO] Valid: [ 41/99] Final Prec@1 59.7200%
08/02 06:14:44午後 evaluateCell_main.py:75 [INFO] Until now, best Prec@1 = 61.1600%
08/02 06:15:11午後 evaluateCell_trainer.py:199 [INFO] Valid: Epoch: [42][50/79]	Step 30272	Loss 1.4656	Prec@(1,5) (59.8%, 86.8%)
08/02 06:15:11午後 evaluateCell_trainer.py:199 [INFO] Valid: Epoch: [42][78/79]	Step 30272	Loss 1.4496	Prec@(1,5) (60.1%, 87.3%)
08/02 06:15:11午後 evaluateCell_trainer.py:206 [INFO] Valid: [ 42/99] Final Prec@1 60.0800%
08/02 06:15:11午後 evaluateCell_main.py:75 [INFO] Until now, best Prec@1 = 61.1600%
08/02 06:15:39午後 evaluateCell_trainer.py:199 [INFO] Valid: Epoch: [43][50/79]	Step 30976	Loss 1.4157	Prec@(1,5) (62.0%, 87.8%)
08/02 06:15:39午後 evaluateCell_trainer.py:199 [INFO] Valid: Epoch: [43][78/79]	Step 30976	Loss 1.4194	Prec@(1,5) (61.6%, 88.0%)
08/02 06:15:39午後 evaluateCell_trainer.py:206 [INFO] Valid: [ 43/99] Final Prec@1 61.5800%
08/02 06:15:39午後 evaluateCell_main.py:75 [INFO] Until now, best Prec@1 = 61.5800%
08/02 06:16:06午後 evaluateCell_trainer.py:199 [INFO] Valid: Epoch: [44][50/79]	Step 31680	Loss 1.3897	Prec@(1,5) (61.2%, 89.0%)
08/02 06:16:06午後 evaluateCell_trainer.py:199 [INFO] Valid: Epoch: [44][78/79]	Step 31680	Loss 1.4132	Prec@(1,5) (61.3%, 88.2%)
08/02 06:16:06午後 evaluateCell_trainer.py:206 [INFO] Valid: [ 44/99] Final Prec@1 61.2800%
08/02 06:16:06午後 evaluateCell_main.py:75 [INFO] Until now, best Prec@1 = 61.5800%
08/02 06:16:33午後 evaluateCell_trainer.py:199 [INFO] Valid: Epoch: [45][50/79]	Step 32384	Loss 1.4506	Prec@(1,5) (60.3%, 87.5%)
08/02 06:16:34午後 evaluateCell_trainer.py:199 [INFO] Valid: Epoch: [45][78/79]	Step 32384	Loss 1.4300	Prec@(1,5) (60.6%, 87.9%)
08/02 06:16:34午後 evaluateCell_trainer.py:206 [INFO] Valid: [ 45/99] Final Prec@1 60.6400%
08/02 06:16:34午後 evaluateCell_main.py:75 [INFO] Until now, best Prec@1 = 61.5800%
08/02 06:17:01午後 evaluateCell_trainer.py:199 [INFO] Valid: Epoch: [46][50/79]	Step 33088	Loss 1.3972	Prec@(1,5) (61.9%, 88.8%)
08/02 06:17:01午後 evaluateCell_trainer.py:199 [INFO] Valid: Epoch: [46][78/79]	Step 33088	Loss 1.4208	Prec@(1,5) (61.7%, 88.3%)
08/02 06:17:01午後 evaluateCell_trainer.py:206 [INFO] Valid: [ 46/99] Final Prec@1 61.7600%
08/02 06:17:02午後 evaluateCell_main.py:75 [INFO] Until now, best Prec@1 = 61.7600%
08/02 06:17:29午後 evaluateCell_trainer.py:199 [INFO] Valid: Epoch: [47][50/79]	Step 33792	Loss 1.4149	Prec@(1,5) (61.9%, 88.1%)
08/02 06:17:29午後 evaluateCell_trainer.py:199 [INFO] Valid: Epoch: [47][78/79]	Step 33792	Loss 1.4389	Prec@(1,5) (61.4%, 87.7%)
08/02 06:17:29午後 evaluateCell_trainer.py:206 [INFO] Valid: [ 47/99] Final Prec@1 61.3800%
08/02 06:17:29午後 evaluateCell_main.py:75 [INFO] Until now, best Prec@1 = 61.7600%
08/02 06:17:56午後 evaluateCell_trainer.py:199 [INFO] Valid: Epoch: [48][50/79]	Step 34496	Loss 1.2965	Prec@(1,5) (64.7%, 89.9%)
08/02 06:17:56午後 evaluateCell_trainer.py:199 [INFO] Valid: Epoch: [48][78/79]	Step 34496	Loss 1.3027	Prec@(1,5) (64.3%, 89.8%)
08/02 06:17:56午後 evaluateCell_trainer.py:206 [INFO] Valid: [ 48/99] Final Prec@1 64.3000%
08/02 06:17:56午後 evaluateCell_main.py:75 [INFO] Until now, best Prec@1 = 64.3000%
08/02 06:18:24午後 evaluateCell_trainer.py:199 [INFO] Valid: Epoch: [49][50/79]	Step 35200	Loss 1.4242	Prec@(1,5) (61.5%, 88.4%)
08/02 06:18:25午後 evaluateCell_trainer.py:199 [INFO] Valid: Epoch: [49][78/79]	Step 35200	Loss 1.4119	Prec@(1,5) (61.5%, 88.8%)
08/02 06:18:25午後 evaluateCell_trainer.py:206 [INFO] Valid: [ 49/99] Final Prec@1 61.4800%
08/02 06:18:25午後 evaluateCell_main.py:75 [INFO] Until now, best Prec@1 = 64.3000%
08/02 06:18:52午後 evaluateCell_trainer.py:199 [INFO] Valid: Epoch: [50][50/79]	Step 35904	Loss 1.3503	Prec@(1,5) (63.2%, 89.2%)
08/02 06:18:52午後 evaluateCell_trainer.py:199 [INFO] Valid: Epoch: [50][78/79]	Step 35904	Loss 1.3613	Prec@(1,5) (62.9%, 89.0%)
08/02 06:18:52午後 evaluateCell_trainer.py:206 [INFO] Valid: [ 50/99] Final Prec@1 62.9600%
08/02 06:18:52午後 evaluateCell_main.py:75 [INFO] Until now, best Prec@1 = 64.3000%
08/02 06:19:19午後 evaluateCell_trainer.py:199 [INFO] Valid: Epoch: [51][50/79]	Step 36608	Loss 1.3707	Prec@(1,5) (63.5%, 89.0%)
08/02 06:19:20午後 evaluateCell_trainer.py:199 [INFO] Valid: Epoch: [51][78/79]	Step 36608	Loss 1.3741	Prec@(1,5) (63.2%, 89.0%)
08/02 06:19:20午後 evaluateCell_trainer.py:206 [INFO] Valid: [ 51/99] Final Prec@1 63.1800%
08/02 06:19:20午後 evaluateCell_main.py:75 [INFO] Until now, best Prec@1 = 64.3000%
08/02 06:19:47午後 evaluateCell_trainer.py:199 [INFO] Valid: Epoch: [52][50/79]	Step 37312	Loss 1.3872	Prec@(1,5) (63.0%, 89.5%)
08/02 06:19:47午後 evaluateCell_trainer.py:199 [INFO] Valid: Epoch: [52][78/79]	Step 37312	Loss 1.3644	Prec@(1,5) (63.8%, 89.3%)
08/02 06:19:47午後 evaluateCell_trainer.py:206 [INFO] Valid: [ 52/99] Final Prec@1 63.8200%
08/02 06:19:47午後 evaluateCell_main.py:75 [INFO] Until now, best Prec@1 = 64.3000%
08/02 06:20:15午後 evaluateCell_trainer.py:199 [INFO] Valid: Epoch: [53][50/79]	Step 38016	Loss 1.3954	Prec@(1,5) (63.6%, 88.8%)
08/02 06:20:15午後 evaluateCell_trainer.py:199 [INFO] Valid: Epoch: [53][78/79]	Step 38016	Loss 1.3555	Prec@(1,5) (63.8%, 89.0%)
08/02 06:20:15午後 evaluateCell_trainer.py:206 [INFO] Valid: [ 53/99] Final Prec@1 63.8600%
08/02 06:20:15午後 evaluateCell_main.py:75 [INFO] Until now, best Prec@1 = 64.3000%
08/02 06:20:43午後 evaluateCell_trainer.py:199 [INFO] Valid: Epoch: [54][50/79]	Step 38720	Loss 1.3833	Prec@(1,5) (63.2%, 89.1%)
08/02 06:20:44午後 evaluateCell_trainer.py:199 [INFO] Valid: Epoch: [54][78/79]	Step 38720	Loss 1.3818	Prec@(1,5) (63.0%, 89.3%)
08/02 06:20:44午後 evaluateCell_trainer.py:206 [INFO] Valid: [ 54/99] Final Prec@1 63.1000%
08/02 06:20:44午後 evaluateCell_main.py:75 [INFO] Until now, best Prec@1 = 64.3000%
08/02 06:21:11午後 evaluateCell_trainer.py:199 [INFO] Valid: Epoch: [55][50/79]	Step 39424	Loss 1.3565	Prec@(1,5) (63.9%, 89.1%)
08/02 06:21:11午後 evaluateCell_trainer.py:199 [INFO] Valid: Epoch: [55][78/79]	Step 39424	Loss 1.3405	Prec@(1,5) (64.2%, 89.6%)
08/02 06:21:11午後 evaluateCell_trainer.py:206 [INFO] Valid: [ 55/99] Final Prec@1 64.2000%
08/02 06:21:11午後 evaluateCell_main.py:75 [INFO] Until now, best Prec@1 = 64.3000%
08/02 06:21:38午後 evaluateCell_trainer.py:199 [INFO] Valid: Epoch: [56][50/79]	Step 40128	Loss 1.3446	Prec@(1,5) (63.9%, 90.2%)
08/02 06:21:38午後 evaluateCell_trainer.py:199 [INFO] Valid: Epoch: [56][78/79]	Step 40128	Loss 1.3410	Prec@(1,5) (64.1%, 89.8%)
08/02 06:21:38午後 evaluateCell_trainer.py:206 [INFO] Valid: [ 56/99] Final Prec@1 64.1000%
08/02 06:21:38午後 evaluateCell_main.py:75 [INFO] Until now, best Prec@1 = 64.3000%
08/02 06:22:05午後 evaluateCell_trainer.py:199 [INFO] Valid: Epoch: [57][50/79]	Step 40832	Loss 1.2626	Prec@(1,5) (66.1%, 90.7%)
08/02 06:22:06午後 evaluateCell_trainer.py:199 [INFO] Valid: Epoch: [57][78/79]	Step 40832	Loss 1.2794	Prec@(1,5) (66.1%, 90.5%)
08/02 06:22:06午後 evaluateCell_trainer.py:206 [INFO] Valid: [ 57/99] Final Prec@1 66.1800%
08/02 06:22:06午後 evaluateCell_main.py:75 [INFO] Until now, best Prec@1 = 66.1800%
08/02 06:22:33午後 evaluateCell_trainer.py:199 [INFO] Valid: Epoch: [58][50/79]	Step 41536	Loss 1.3049	Prec@(1,5) (65.2%, 90.1%)
08/02 06:22:33午後 evaluateCell_trainer.py:199 [INFO] Valid: Epoch: [58][78/79]	Step 41536	Loss 1.3124	Prec@(1,5) (65.0%, 90.0%)
08/02 06:22:33午後 evaluateCell_trainer.py:206 [INFO] Valid: [ 58/99] Final Prec@1 65.0000%
08/02 06:22:33午後 evaluateCell_main.py:75 [INFO] Until now, best Prec@1 = 66.1800%
08/02 06:23:00午後 evaluateCell_trainer.py:199 [INFO] Valid: Epoch: [59][50/79]	Step 42240	Loss 1.3173	Prec@(1,5) (64.4%, 90.4%)
08/02 06:23:00午後 evaluateCell_trainer.py:199 [INFO] Valid: Epoch: [59][78/79]	Step 42240	Loss 1.3266	Prec@(1,5) (64.5%, 89.9%)
08/02 06:23:00午後 evaluateCell_trainer.py:206 [INFO] Valid: [ 59/99] Final Prec@1 64.4600%
08/02 06:23:01午後 evaluateCell_main.py:75 [INFO] Until now, best Prec@1 = 66.1800%
08/02 06:23:28午後 evaluateCell_trainer.py:199 [INFO] Valid: Epoch: [60][50/79]	Step 42944	Loss 1.2607	Prec@(1,5) (66.2%, 91.2%)
08/02 06:23:28午後 evaluateCell_trainer.py:199 [INFO] Valid: Epoch: [60][78/79]	Step 42944	Loss 1.2544	Prec@(1,5) (66.3%, 90.9%)
08/02 06:23:28午後 evaluateCell_trainer.py:206 [INFO] Valid: [ 60/99] Final Prec@1 66.3400%
08/02 06:23:28午後 evaluateCell_main.py:75 [INFO] Until now, best Prec@1 = 66.3400%
08/02 06:23:56午後 evaluateCell_trainer.py:199 [INFO] Valid: Epoch: [61][50/79]	Step 43648	Loss 1.3910	Prec@(1,5) (63.5%, 88.8%)
08/02 06:23:56午後 evaluateCell_trainer.py:199 [INFO] Valid: Epoch: [61][78/79]	Step 43648	Loss 1.3338	Prec@(1,5) (64.9%, 89.7%)
08/02 06:23:56午後 evaluateCell_trainer.py:206 [INFO] Valid: [ 61/99] Final Prec@1 64.8600%
08/02 06:23:56午後 evaluateCell_main.py:75 [INFO] Until now, best Prec@1 = 66.3400%
08/02 06:24:24午後 evaluateCell_trainer.py:199 [INFO] Valid: Epoch: [62][50/79]	Step 44352	Loss 1.2487	Prec@(1,5) (66.1%, 90.9%)
08/02 06:24:25午後 evaluateCell_trainer.py:199 [INFO] Valid: Epoch: [62][78/79]	Step 44352	Loss 1.2521	Prec@(1,5) (66.1%, 90.8%)
08/02 06:24:25午後 evaluateCell_trainer.py:206 [INFO] Valid: [ 62/99] Final Prec@1 66.1200%
08/02 06:24:25午後 evaluateCell_main.py:75 [INFO] Until now, best Prec@1 = 66.3400%
08/02 06:24:53午後 evaluateCell_trainer.py:199 [INFO] Valid: Epoch: [63][50/79]	Step 45056	Loss 1.3531	Prec@(1,5) (65.8%, 89.7%)
08/02 06:24:53午後 evaluateCell_trainer.py:199 [INFO] Valid: Epoch: [63][78/79]	Step 45056	Loss 1.3074	Prec@(1,5) (66.0%, 90.7%)
08/02 06:24:53午後 evaluateCell_trainer.py:206 [INFO] Valid: [ 63/99] Final Prec@1 66.0200%
08/02 06:24:53午後 evaluateCell_main.py:75 [INFO] Until now, best Prec@1 = 66.3400%
08/02 06:25:21午後 evaluateCell_trainer.py:199 [INFO] Valid: Epoch: [64][50/79]	Step 45760	Loss 1.2882	Prec@(1,5) (67.4%, 90.2%)
08/02 06:25:21午後 evaluateCell_trainer.py:199 [INFO] Valid: Epoch: [64][78/79]	Step 45760	Loss 1.2961	Prec@(1,5) (66.6%, 90.2%)
08/02 06:25:21午後 evaluateCell_trainer.py:206 [INFO] Valid: [ 64/99] Final Prec@1 66.5600%
08/02 06:25:21午後 evaluateCell_main.py:75 [INFO] Until now, best Prec@1 = 66.5600%
08/02 06:25:49午後 evaluateCell_trainer.py:199 [INFO] Valid: Epoch: [65][50/79]	Step 46464	Loss 1.2570	Prec@(1,5) (65.7%, 91.0%)
08/02 06:25:49午後 evaluateCell_trainer.py:199 [INFO] Valid: Epoch: [65][78/79]	Step 46464	Loss 1.2699	Prec@(1,5) (65.9%, 90.6%)
08/02 06:25:49午後 evaluateCell_trainer.py:206 [INFO] Valid: [ 65/99] Final Prec@1 65.8800%
08/02 06:25:49午後 evaluateCell_main.py:75 [INFO] Until now, best Prec@1 = 66.5600%
08/02 06:26:17午後 evaluateCell_trainer.py:199 [INFO] Valid: Epoch: [66][50/79]	Step 47168	Loss 1.2684	Prec@(1,5) (66.2%, 91.1%)
08/02 06:26:17午後 evaluateCell_trainer.py:199 [INFO] Valid: Epoch: [66][78/79]	Step 47168	Loss 1.2759	Prec@(1,5) (66.4%, 91.1%)
08/02 06:26:17午後 evaluateCell_trainer.py:206 [INFO] Valid: [ 66/99] Final Prec@1 66.3200%
08/02 06:26:18午後 evaluateCell_main.py:75 [INFO] Until now, best Prec@1 = 66.5600%
08/02 06:26:45午後 evaluateCell_trainer.py:199 [INFO] Valid: Epoch: [67][50/79]	Step 47872	Loss 1.2649	Prec@(1,5) (67.1%, 91.0%)
08/02 06:26:46午後 evaluateCell_trainer.py:199 [INFO] Valid: Epoch: [67][78/79]	Step 47872	Loss 1.2523	Prec@(1,5) (67.3%, 91.1%)
08/02 06:26:46午後 evaluateCell_trainer.py:206 [INFO] Valid: [ 67/99] Final Prec@1 67.3200%
08/02 06:26:46午後 evaluateCell_main.py:75 [INFO] Until now, best Prec@1 = 67.3200%
08/02 06:27:14午後 evaluateCell_trainer.py:199 [INFO] Valid: Epoch: [68][50/79]	Step 48576	Loss 1.2337	Prec@(1,5) (67.2%, 91.2%)
08/02 06:27:14午後 evaluateCell_trainer.py:199 [INFO] Valid: Epoch: [68][78/79]	Step 48576	Loss 1.2283	Prec@(1,5) (67.9%, 91.2%)
08/02 06:27:14午後 evaluateCell_trainer.py:206 [INFO] Valid: [ 68/99] Final Prec@1 67.8800%
08/02 06:27:14午後 evaluateCell_main.py:75 [INFO] Until now, best Prec@1 = 67.8800%
08/02 06:27:42午後 evaluateCell_trainer.py:199 [INFO] Valid: Epoch: [69][50/79]	Step 49280	Loss 1.2593	Prec@(1,5) (67.3%, 90.8%)
08/02 06:27:42午後 evaluateCell_trainer.py:199 [INFO] Valid: Epoch: [69][78/79]	Step 49280	Loss 1.2659	Prec@(1,5) (67.3%, 90.9%)
08/02 06:27:42午後 evaluateCell_trainer.py:206 [INFO] Valid: [ 69/99] Final Prec@1 67.3400%
08/02 06:27:42午後 evaluateCell_main.py:75 [INFO] Until now, best Prec@1 = 67.8800%
08/02 06:28:10午後 evaluateCell_trainer.py:199 [INFO] Valid: Epoch: [70][50/79]	Step 49984	Loss 1.2475	Prec@(1,5) (67.6%, 91.3%)
08/02 06:28:11午後 evaluateCell_trainer.py:199 [INFO] Valid: Epoch: [70][78/79]	Step 49984	Loss 1.2535	Prec@(1,5) (67.3%, 91.3%)
08/02 06:28:11午後 evaluateCell_trainer.py:206 [INFO] Valid: [ 70/99] Final Prec@1 67.3400%
08/02 06:28:11午後 evaluateCell_main.py:75 [INFO] Until now, best Prec@1 = 67.8800%
08/02 06:28:39午後 evaluateCell_trainer.py:199 [INFO] Valid: Epoch: [71][50/79]	Step 50688	Loss 1.2064	Prec@(1,5) (68.7%, 91.5%)
08/02 06:28:39午後 evaluateCell_trainer.py:199 [INFO] Valid: Epoch: [71][78/79]	Step 50688	Loss 1.2347	Prec@(1,5) (68.0%, 91.3%)
08/02 06:28:39午後 evaluateCell_trainer.py:206 [INFO] Valid: [ 71/99] Final Prec@1 67.9800%
08/02 06:28:39午後 evaluateCell_main.py:75 [INFO] Until now, best Prec@1 = 67.9800%
08/02 06:29:07午後 evaluateCell_trainer.py:199 [INFO] Valid: Epoch: [72][50/79]	Step 51392	Loss 1.2499	Prec@(1,5) (67.9%, 91.2%)
08/02 06:29:08午後 evaluateCell_trainer.py:199 [INFO] Valid: Epoch: [72][78/79]	Step 51392	Loss 1.2469	Prec@(1,5) (68.1%, 91.1%)
08/02 06:29:08午後 evaluateCell_trainer.py:206 [INFO] Valid: [ 72/99] Final Prec@1 68.0600%
08/02 06:29:08午後 evaluateCell_main.py:75 [INFO] Until now, best Prec@1 = 68.0600%
08/02 06:29:36午後 evaluateCell_trainer.py:199 [INFO] Valid: Epoch: [73][50/79]	Step 52096	Loss 1.2302	Prec@(1,5) (68.2%, 91.9%)
08/02 06:29:36午後 evaluateCell_trainer.py:199 [INFO] Valid: Epoch: [73][78/79]	Step 52096	Loss 1.2366	Prec@(1,5) (68.1%, 91.5%)
08/02 06:29:36午後 evaluateCell_trainer.py:206 [INFO] Valid: [ 73/99] Final Prec@1 68.0800%
08/02 06:29:36午後 evaluateCell_main.py:75 [INFO] Until now, best Prec@1 = 68.0800%
08/02 06:30:04午後 evaluateCell_trainer.py:199 [INFO] Valid: Epoch: [74][50/79]	Step 52800	Loss 1.1793	Prec@(1,5) (70.6%, 91.7%)
08/02 06:30:04午後 evaluateCell_trainer.py:199 [INFO] Valid: Epoch: [74][78/79]	Step 52800	Loss 1.2125	Prec@(1,5) (69.5%, 91.4%)
08/02 06:30:04午後 evaluateCell_trainer.py:206 [INFO] Valid: [ 74/99] Final Prec@1 69.5000%
08/02 06:30:04午後 evaluateCell_main.py:75 [INFO] Until now, best Prec@1 = 69.5000%
08/02 06:30:32午後 evaluateCell_trainer.py:199 [INFO] Valid: Epoch: [75][50/79]	Step 53504	Loss 1.2987	Prec@(1,5) (67.5%, 90.9%)
08/02 06:30:32午後 evaluateCell_trainer.py:199 [INFO] Valid: Epoch: [75][78/79]	Step 53504	Loss 1.2677	Prec@(1,5) (67.8%, 91.3%)
08/02 06:30:32午後 evaluateCell_trainer.py:206 [INFO] Valid: [ 75/99] Final Prec@1 67.9000%
08/02 06:30:32午後 evaluateCell_main.py:75 [INFO] Until now, best Prec@1 = 69.5000%
08/02 06:31:00午後 evaluateCell_trainer.py:199 [INFO] Valid: Epoch: [76][50/79]	Step 54208	Loss 1.2534	Prec@(1,5) (69.1%, 91.8%)
08/02 06:31:01午後 evaluateCell_trainer.py:199 [INFO] Valid: Epoch: [76][78/79]	Step 54208	Loss 1.2293	Prec@(1,5) (69.3%, 92.1%)
08/02 06:31:01午後 evaluateCell_trainer.py:206 [INFO] Valid: [ 76/99] Final Prec@1 69.2800%
08/02 06:31:01午後 evaluateCell_main.py:75 [INFO] Until now, best Prec@1 = 69.5000%
08/02 06:31:28午後 evaluateCell_trainer.py:199 [INFO] Valid: Epoch: [77][50/79]	Step 54912	Loss 1.2127	Prec@(1,5) (69.6%, 92.3%)
08/02 06:31:28午後 evaluateCell_trainer.py:199 [INFO] Valid: Epoch: [77][78/79]	Step 54912	Loss 1.2304	Prec@(1,5) (69.1%, 91.9%)
08/02 06:31:28午後 evaluateCell_trainer.py:206 [INFO] Valid: [ 77/99] Final Prec@1 69.0600%
08/02 06:31:28午後 evaluateCell_main.py:75 [INFO] Until now, best Prec@1 = 69.5000%
08/02 06:31:55午後 evaluateCell_trainer.py:199 [INFO] Valid: Epoch: [78][50/79]	Step 55616	Loss 1.2215	Prec@(1,5) (68.7%, 92.1%)
08/02 06:31:56午後 evaluateCell_trainer.py:199 [INFO] Valid: Epoch: [78][78/79]	Step 55616	Loss 1.2399	Prec@(1,5) (68.5%, 91.7%)
08/02 06:31:56午後 evaluateCell_trainer.py:206 [INFO] Valid: [ 78/99] Final Prec@1 68.4800%
08/02 06:31:56午後 evaluateCell_main.py:75 [INFO] Until now, best Prec@1 = 69.5000%
08/02 06:32:23午後 evaluateCell_trainer.py:199 [INFO] Valid: Epoch: [79][50/79]	Step 56320	Loss 1.2192	Prec@(1,5) (69.0%, 92.0%)
08/02 06:32:23午後 evaluateCell_trainer.py:199 [INFO] Valid: Epoch: [79][78/79]	Step 56320	Loss 1.2400	Prec@(1,5) (68.7%, 91.6%)
08/02 06:32:23午後 evaluateCell_trainer.py:206 [INFO] Valid: [ 79/99] Final Prec@1 68.7000%
08/02 06:32:23午後 evaluateCell_main.py:75 [INFO] Until now, best Prec@1 = 69.5000%
08/02 06:32:51午後 evaluateCell_trainer.py:199 [INFO] Valid: Epoch: [80][50/79]	Step 57024	Loss 1.2193	Prec@(1,5) (69.3%, 92.1%)
08/02 06:32:52午後 evaluateCell_trainer.py:199 [INFO] Valid: Epoch: [80][78/79]	Step 57024	Loss 1.2432	Prec@(1,5) (69.2%, 91.9%)
08/02 06:32:52午後 evaluateCell_trainer.py:206 [INFO] Valid: [ 80/99] Final Prec@1 69.2400%
08/02 06:32:52午後 evaluateCell_main.py:75 [INFO] Until now, best Prec@1 = 69.5000%
08/02 06:33:20午後 evaluateCell_trainer.py:199 [INFO] Valid: Epoch: [81][50/79]	Step 57728	Loss 1.1788	Prec@(1,5) (70.1%, 92.3%)
08/02 06:33:20午後 evaluateCell_trainer.py:199 [INFO] Valid: Epoch: [81][78/79]	Step 57728	Loss 1.1813	Prec@(1,5) (70.0%, 92.2%)
08/02 06:33:20午後 evaluateCell_trainer.py:206 [INFO] Valid: [ 81/99] Final Prec@1 69.9600%
08/02 06:33:20午後 evaluateCell_main.py:75 [INFO] Until now, best Prec@1 = 69.9600%
08/02 06:33:47午後 evaluateCell_trainer.py:199 [INFO] Valid: Epoch: [82][50/79]	Step 58432	Loss 1.2077	Prec@(1,5) (70.0%, 92.0%)
08/02 06:33:48午後 evaluateCell_trainer.py:199 [INFO] Valid: Epoch: [82][78/79]	Step 58432	Loss 1.2303	Prec@(1,5) (69.6%, 91.7%)
08/02 06:33:48午後 evaluateCell_trainer.py:206 [INFO] Valid: [ 82/99] Final Prec@1 69.6200%
08/02 06:33:48午後 evaluateCell_main.py:75 [INFO] Until now, best Prec@1 = 69.9600%
08/02 06:34:16午後 evaluateCell_trainer.py:199 [INFO] Valid: Epoch: [83][50/79]	Step 59136	Loss 1.2438	Prec@(1,5) (69.6%, 91.8%)
08/02 06:34:16午後 evaluateCell_trainer.py:199 [INFO] Valid: Epoch: [83][78/79]	Step 59136	Loss 1.2339	Prec@(1,5) (69.7%, 92.2%)
08/02 06:34:16午後 evaluateCell_trainer.py:206 [INFO] Valid: [ 83/99] Final Prec@1 69.7600%
08/02 06:34:16午後 evaluateCell_main.py:75 [INFO] Until now, best Prec@1 = 69.9600%
08/02 06:34:43午後 evaluateCell_trainer.py:199 [INFO] Valid: Epoch: [84][50/79]	Step 59840	Loss 1.2299	Prec@(1,5) (70.1%, 91.9%)
08/02 06:34:44午後 evaluateCell_trainer.py:199 [INFO] Valid: Epoch: [84][78/79]	Step 59840	Loss 1.2157	Prec@(1,5) (70.3%, 92.0%)
08/02 06:34:44午後 evaluateCell_trainer.py:206 [INFO] Valid: [ 84/99] Final Prec@1 70.3400%
08/02 06:34:44午後 evaluateCell_main.py:75 [INFO] Until now, best Prec@1 = 70.3400%
08/02 06:35:12午後 evaluateCell_trainer.py:199 [INFO] Valid: Epoch: [85][50/79]	Step 60544	Loss 1.1838	Prec@(1,5) (71.1%, 92.2%)
08/02 06:35:12午後 evaluateCell_trainer.py:199 [INFO] Valid: Epoch: [85][78/79]	Step 60544	Loss 1.2197	Prec@(1,5) (70.3%, 92.1%)
08/02 06:35:12午後 evaluateCell_trainer.py:206 [INFO] Valid: [ 85/99] Final Prec@1 70.2600%
08/02 06:35:12午後 evaluateCell_main.py:75 [INFO] Until now, best Prec@1 = 70.3400%
08/02 06:35:39午後 evaluateCell_trainer.py:199 [INFO] Valid: Epoch: [86][50/79]	Step 61248	Loss 1.2020	Prec@(1,5) (69.7%, 92.2%)
08/02 06:35:40午後 evaluateCell_trainer.py:199 [INFO] Valid: Epoch: [86][78/79]	Step 61248	Loss 1.2059	Prec@(1,5) (69.6%, 92.2%)
08/02 06:35:40午後 evaluateCell_trainer.py:206 [INFO] Valid: [ 86/99] Final Prec@1 69.6000%
08/02 06:35:40午後 evaluateCell_main.py:75 [INFO] Until now, best Prec@1 = 70.3400%
08/02 06:36:08午後 evaluateCell_trainer.py:199 [INFO] Valid: Epoch: [87][50/79]	Step 61952	Loss 1.2760	Prec@(1,5) (69.3%, 91.7%)
08/02 06:36:08午後 evaluateCell_trainer.py:199 [INFO] Valid: Epoch: [87][78/79]	Step 61952	Loss 1.2293	Prec@(1,5) (69.8%, 92.2%)
08/02 06:36:08午後 evaluateCell_trainer.py:206 [INFO] Valid: [ 87/99] Final Prec@1 69.8400%
08/02 06:36:08午後 evaluateCell_main.py:75 [INFO] Until now, best Prec@1 = 70.3400%
08/02 06:36:36午後 evaluateCell_trainer.py:199 [INFO] Valid: Epoch: [88][50/79]	Step 62656	Loss 1.1918	Prec@(1,5) (70.3%, 92.1%)
08/02 06:36:36午後 evaluateCell_trainer.py:199 [INFO] Valid: Epoch: [88][78/79]	Step 62656	Loss 1.2065	Prec@(1,5) (70.3%, 92.1%)
08/02 06:36:36午後 evaluateCell_trainer.py:206 [INFO] Valid: [ 88/99] Final Prec@1 70.2800%
08/02 06:36:36午後 evaluateCell_main.py:75 [INFO] Until now, best Prec@1 = 70.3400%
08/02 06:37:04午後 evaluateCell_trainer.py:199 [INFO] Valid: Epoch: [89][50/79]	Step 63360	Loss 1.1927	Prec@(1,5) (70.4%, 92.8%)
08/02 06:37:05午後 evaluateCell_trainer.py:199 [INFO] Valid: Epoch: [89][78/79]	Step 63360	Loss 1.2006	Prec@(1,5) (70.2%, 92.7%)
08/02 06:37:05午後 evaluateCell_trainer.py:206 [INFO] Valid: [ 89/99] Final Prec@1 70.1600%
08/02 06:37:05午後 evaluateCell_main.py:75 [INFO] Until now, best Prec@1 = 70.3400%
08/02 06:37:33午後 evaluateCell_trainer.py:199 [INFO] Valid: Epoch: [90][50/79]	Step 64064	Loss 1.2041	Prec@(1,5) (70.6%, 92.2%)
08/02 06:37:33午後 evaluateCell_trainer.py:199 [INFO] Valid: Epoch: [90][78/79]	Step 64064	Loss 1.2075	Prec@(1,5) (70.2%, 92.3%)
08/02 06:37:33午後 evaluateCell_trainer.py:206 [INFO] Valid: [ 90/99] Final Prec@1 70.2000%
08/02 06:37:33午後 evaluateCell_main.py:75 [INFO] Until now, best Prec@1 = 70.3400%
08/02 06:38:00午後 evaluateCell_trainer.py:199 [INFO] Valid: Epoch: [91][50/79]	Step 64768	Loss 1.2051	Prec@(1,5) (71.1%, 92.3%)
08/02 06:38:00午後 evaluateCell_trainer.py:199 [INFO] Valid: Epoch: [91][78/79]	Step 64768	Loss 1.1878	Prec@(1,5) (71.5%, 92.5%)
08/02 06:38:00午後 evaluateCell_trainer.py:206 [INFO] Valid: [ 91/99] Final Prec@1 71.5000%
08/02 06:38:01午後 evaluateCell_main.py:75 [INFO] Until now, best Prec@1 = 71.5000%
08/02 06:38:28午後 evaluateCell_trainer.py:199 [INFO] Valid: Epoch: [92][50/79]	Step 65472	Loss 1.2549	Prec@(1,5) (69.9%, 92.4%)
08/02 06:38:28午後 evaluateCell_trainer.py:199 [INFO] Valid: Epoch: [92][78/79]	Step 65472	Loss 1.2442	Prec@(1,5) (70.2%, 92.4%)
08/02 06:38:28午後 evaluateCell_trainer.py:206 [INFO] Valid: [ 92/99] Final Prec@1 70.1400%
08/02 06:38:28午後 evaluateCell_main.py:75 [INFO] Until now, best Prec@1 = 71.5000%
08/02 06:38:56午後 evaluateCell_trainer.py:199 [INFO] Valid: Epoch: [93][50/79]	Step 66176	Loss 1.2128	Prec@(1,5) (70.7%, 92.2%)
08/02 06:38:56午後 evaluateCell_trainer.py:199 [INFO] Valid: Epoch: [93][78/79]	Step 66176	Loss 1.1984	Prec@(1,5) (70.8%, 92.3%)
08/02 06:38:56午後 evaluateCell_trainer.py:206 [INFO] Valid: [ 93/99] Final Prec@1 70.8400%
08/02 06:38:56午後 evaluateCell_main.py:75 [INFO] Until now, best Prec@1 = 71.5000%
08/02 06:39:23午後 evaluateCell_trainer.py:199 [INFO] Valid: Epoch: [94][50/79]	Step 66880	Loss 1.2205	Prec@(1,5) (71.1%, 92.5%)
08/02 06:39:24午後 evaluateCell_trainer.py:199 [INFO] Valid: Epoch: [94][78/79]	Step 66880	Loss 1.2043	Prec@(1,5) (71.1%, 92.4%)
08/02 06:39:24午後 evaluateCell_trainer.py:206 [INFO] Valid: [ 94/99] Final Prec@1 71.1200%
08/02 06:39:24午後 evaluateCell_main.py:75 [INFO] Until now, best Prec@1 = 71.5000%
08/02 06:39:52午後 evaluateCell_trainer.py:199 [INFO] Valid: Epoch: [95][50/79]	Step 67584	Loss 1.1998	Prec@(1,5) (71.0%, 92.5%)
08/02 06:39:52午後 evaluateCell_trainer.py:199 [INFO] Valid: Epoch: [95][78/79]	Step 67584	Loss 1.2070	Prec@(1,5) (70.1%, 92.5%)
08/02 06:39:52午後 evaluateCell_trainer.py:206 [INFO] Valid: [ 95/99] Final Prec@1 70.1200%
08/02 06:39:52午後 evaluateCell_main.py:75 [INFO] Until now, best Prec@1 = 71.5000%
08/02 06:40:20午後 evaluateCell_trainer.py:199 [INFO] Valid: Epoch: [96][50/79]	Step 68288	Loss 1.2224	Prec@(1,5) (69.7%, 92.6%)
08/02 06:40:20午後 evaluateCell_trainer.py:199 [INFO] Valid: Epoch: [96][78/79]	Step 68288	Loss 1.2235	Prec@(1,5) (70.5%, 92.2%)
08/02 06:40:20午後 evaluateCell_trainer.py:206 [INFO] Valid: [ 96/99] Final Prec@1 70.5000%
08/02 06:40:20午後 evaluateCell_main.py:75 [INFO] Until now, best Prec@1 = 71.5000%
08/02 06:40:48午後 evaluateCell_trainer.py:199 [INFO] Valid: Epoch: [97][50/79]	Step 68992	Loss 1.1884	Prec@(1,5) (71.3%, 92.6%)
08/02 06:40:48午後 evaluateCell_trainer.py:199 [INFO] Valid: Epoch: [97][78/79]	Step 68992	Loss 1.2005	Prec@(1,5) (70.6%, 92.9%)
08/02 06:40:49午後 evaluateCell_trainer.py:206 [INFO] Valid: [ 97/99] Final Prec@1 70.6200%
08/02 06:40:49午後 evaluateCell_main.py:75 [INFO] Until now, best Prec@1 = 71.5000%
08/02 06:41:16午後 evaluateCell_trainer.py:199 [INFO] Valid: Epoch: [98][50/79]	Step 69696	Loss 1.1974	Prec@(1,5) (70.4%, 93.0%)
08/02 06:41:17午後 evaluateCell_trainer.py:199 [INFO] Valid: Epoch: [98][78/79]	Step 69696	Loss 1.2034	Prec@(1,5) (71.0%, 92.6%)
08/02 06:41:17午後 evaluateCell_trainer.py:206 [INFO] Valid: [ 98/99] Final Prec@1 71.0200%
08/02 06:41:17午後 evaluateCell_main.py:75 [INFO] Until now, best Prec@1 = 71.5000%
08/02 06:41:45午後 evaluateCell_trainer.py:199 [INFO] Valid: Epoch: [99][50/79]	Step 70400	Loss 1.2620	Prec@(1,5) (69.5%, 91.5%)
08/02 06:41:45午後 evaluateCell_trainer.py:199 [INFO] Valid: Epoch: [99][78/79]	Step 70400	Loss 1.2246	Prec@(1,5) (70.1%, 92.1%)
08/02 06:41:45午後 evaluateCell_trainer.py:206 [INFO] Valid: [ 99/99] Final Prec@1 70.1200%
08/02 06:41:45午後 evaluateCell_main.py:75 [INFO] Until now, best Prec@1 = 71.5000%
08/02 06:41:45午後 evaluateCell_main.py:79 [INFO] Final best Prec@1 = 71.5000%
