06/27 06:02:46AM parser.py:28 [INFO] 
06/27 06:02:46AM parser.py:29 [INFO] Parameters:
06/27 06:02:46AM parser.py:31 [INFO] BATCH_SIZE=64
06/27 06:02:46AM parser.py:31 [INFO] CUTOUT_LENGTH=0
06/27 06:02:46AM parser.py:31 [INFO] DATA_PATH=../data/
06/27 06:02:46AM parser.py:31 [INFO] DATASET=cifar100
06/27 06:02:46AM parser.py:31 [INFO] EPOCHS=100
06/27 06:02:46AM parser.py:31 [INFO] EXP_NAME=E100-20240627-060246
06/27 06:02:46AM parser.py:31 [INFO] GPUS=[0]
06/27 06:02:46AM parser.py:31 [INFO] LOCAL_RANK=0
06/27 06:02:46AM parser.py:31 [INFO] LOGGER=<Logger H-DAS (INFO)>
06/27 06:02:46AM parser.py:31 [INFO] MODEL_NAME=densenet121
06/27 06:02:46AM parser.py:31 [INFO] NAME=FINETUNE
06/27 06:02:46AM parser.py:31 [INFO] PATH=results/teacher/cifar100/densenet121/FINETUNE/E100-20240627-060246
06/27 06:02:46AM parser.py:31 [INFO] PLOT_PATH=results/teacher/cifar100/densenet121/FINETUNE/E100-20240627-060246/plots
06/27 06:02:46AM parser.py:31 [INFO] PRINT_FREQ=50
06/27 06:02:46AM parser.py:31 [INFO] RESUME_PATH=None
06/27 06:02:46AM parser.py:31 [INFO] SAVE=E100
06/27 06:02:46AM parser.py:31 [INFO] SEED=0
06/27 06:02:46AM parser.py:31 [INFO] TRAIN_PORTION=1.0
06/27 06:02:46AM parser.py:31 [INFO] W_GRAD_CLIP=5.0
06/27 06:02:46AM parser.py:31 [INFO] W_LR=0.025
06/27 06:02:46AM parser.py:31 [INFO] W_LR_MIN=0.001
06/27 06:02:46AM parser.py:31 [INFO] W_MOMENTUM=0.9
06/27 06:02:46AM parser.py:31 [INFO] W_WEIGHT_DECAY=0.0003
06/27 06:02:46AM parser.py:31 [INFO] WORKERS=4
06/27 06:02:46AM parser.py:32 [INFO] 
