07/16 07:39:02PM parser.py:28 [INFO] 
07/16 07:39:02PM parser.py:29 [INFO] Parameters:
07/16 07:39:02PM parser.py:31 [INFO] ADVANCED=False
07/16 07:39:02PM parser.py:31 [INFO] BATCH_SIZE=64
07/16 07:39:02PM parser.py:31 [INFO] CIFAR=True
07/16 07:39:02PM parser.py:31 [INFO] CUTOUT_LENGTH=16
07/16 07:39:02PM parser.py:31 [INFO] DATA_PATH=../data/
07/16 07:39:02PM parser.py:31 [INFO] DATASET=cifar100
07/16 07:39:02PM parser.py:31 [INFO] DESCRIPTION=train_from_scratch_not_resized_image
07/16 07:39:02PM parser.py:31 [INFO] EPOCHS=100
07/16 07:39:02PM parser.py:31 [INFO] EXP_NAME=scratch32-20240716-193902
07/16 07:39:02PM parser.py:31 [INFO] GPUS=[0]
07/16 07:39:02PM parser.py:31 [INFO] LOGGER=<Logger H-DAS (INFO)>
07/16 07:39:02PM parser.py:31 [INFO] LR=0.1
07/16 07:39:02PM parser.py:31 [INFO] LR_MIN=0.001
07/16 07:39:02PM parser.py:31 [INFO] MODEL_NAME=densenet121
07/16 07:39:02PM parser.py:31 [INFO] MOMENTUM=0.9
07/16 07:39:02PM parser.py:31 [INFO] NAME=FINETUNE2
07/16 07:39:02PM parser.py:31 [INFO] PATH=results/teacher/cifar100/densenet121/FINETUNE2/scratch32-20240716-193902
07/16 07:39:02PM parser.py:31 [INFO] PRETRAINED=False
07/16 07:39:02PM parser.py:31 [INFO] SAVE=scratch32
07/16 07:39:02PM parser.py:31 [INFO] SEED=0
07/16 07:39:02PM parser.py:31 [INFO] TRAIN_PORTION=0.9
07/16 07:39:02PM parser.py:31 [INFO] WEIGHT_DECAY=0.0003
07/16 07:39:02PM parser.py:31 [INFO] WORKERS=4
07/16 07:39:02PM parser.py:32 [INFO] 
07/16 07:39:24PM trainTeacher_main.py:212 [INFO] Train: [  0/99] Final Prec@1 8.9600%
07/16 07:39:24PM trainTeacher_main.py:240 [INFO] Valid: [  0/99] Final Prec@1 13.5600%
07/16 07:39:25午後 trainTeacher_main.py:182 [INFO] Until now, best Prec@1 = 13.5600%
07/16 07:39:43午後 trainTeacher_main.py:212 [INFO] Train: [  1/99] Final Prec@1 17.9067%
07/16 07:39:44午後 trainTeacher_main.py:240 [INFO] Valid: [  1/99] Final Prec@1 20.3200%
07/16 07:39:44午後 trainTeacher_main.py:182 [INFO] Until now, best Prec@1 = 20.3200%
07/16 07:40:03午後 trainTeacher_main.py:212 [INFO] Train: [  2/99] Final Prec@1 26.3222%
07/16 07:40:03午後 trainTeacher_main.py:240 [INFO] Valid: [  2/99] Final Prec@1 26.1400%
07/16 07:40:03午後 trainTeacher_main.py:182 [INFO] Until now, best Prec@1 = 26.1400%
07/16 07:40:22午後 trainTeacher_main.py:212 [INFO] Train: [  3/99] Final Prec@1 32.5933%
07/16 07:40:23午後 trainTeacher_main.py:240 [INFO] Valid: [  3/99] Final Prec@1 31.9800%
07/16 07:40:23午後 trainTeacher_main.py:182 [INFO] Until now, best Prec@1 = 31.9800%
07/16 07:40:41午後 trainTeacher_main.py:212 [INFO] Train: [  4/99] Final Prec@1 37.6844%
07/16 07:40:42午後 trainTeacher_main.py:240 [INFO] Valid: [  4/99] Final Prec@1 38.2600%
07/16 07:40:42午後 trainTeacher_main.py:182 [INFO] Until now, best Prec@1 = 38.2600%
07/16 07:41:01午後 trainTeacher_main.py:212 [INFO] Train: [  5/99] Final Prec@1 41.2756%
07/16 07:41:01午後 trainTeacher_main.py:240 [INFO] Valid: [  5/99] Final Prec@1 38.4200%
07/16 07:41:01午後 trainTeacher_main.py:182 [INFO] Until now, best Prec@1 = 38.4200%
07/16 07:41:20午後 trainTeacher_main.py:212 [INFO] Train: [  6/99] Final Prec@1 43.7356%
07/16 07:41:21午後 trainTeacher_main.py:240 [INFO] Valid: [  6/99] Final Prec@1 39.0200%
07/16 07:41:21午後 trainTeacher_main.py:182 [INFO] Until now, best Prec@1 = 39.0200%
07/16 07:41:39午後 trainTeacher_main.py:212 [INFO] Train: [  7/99] Final Prec@1 45.8844%
07/16 07:41:40午後 trainTeacher_main.py:240 [INFO] Valid: [  7/99] Final Prec@1 38.7600%
07/16 07:41:40午後 trainTeacher_main.py:182 [INFO] Until now, best Prec@1 = 39.0200%
07/16 07:41:59午後 trainTeacher_main.py:212 [INFO] Train: [  8/99] Final Prec@1 47.9267%
07/16 07:41:59午後 trainTeacher_main.py:240 [INFO] Valid: [  8/99] Final Prec@1 41.6800%
07/16 07:41:59午後 trainTeacher_main.py:182 [INFO] Until now, best Prec@1 = 41.6800%
07/16 07:42:18午後 trainTeacher_main.py:212 [INFO] Train: [  9/99] Final Prec@1 49.2267%
07/16 07:42:19午後 trainTeacher_main.py:240 [INFO] Valid: [  9/99] Final Prec@1 42.5400%
07/16 07:42:19午後 trainTeacher_main.py:182 [INFO] Until now, best Prec@1 = 42.5400%
07/16 07:42:37午後 trainTeacher_main.py:212 [INFO] Train: [ 10/99] Final Prec@1 50.1733%
07/16 07:42:38午後 trainTeacher_main.py:240 [INFO] Valid: [ 10/99] Final Prec@1 43.3200%
07/16 07:42:38午後 trainTeacher_main.py:182 [INFO] Until now, best Prec@1 = 43.3200%
07/16 07:42:57午後 trainTeacher_main.py:212 [INFO] Train: [ 11/99] Final Prec@1 51.5156%
07/16 07:42:57午後 trainTeacher_main.py:240 [INFO] Valid: [ 11/99] Final Prec@1 44.4800%
07/16 07:42:58午後 trainTeacher_main.py:182 [INFO] Until now, best Prec@1 = 44.4800%
07/16 07:43:16午後 trainTeacher_main.py:212 [INFO] Train: [ 12/99] Final Prec@1 52.5378%
07/16 07:43:17午後 trainTeacher_main.py:240 [INFO] Valid: [ 12/99] Final Prec@1 44.7200%
07/16 07:43:17午後 trainTeacher_main.py:182 [INFO] Until now, best Prec@1 = 44.7200%
07/16 07:43:36午後 trainTeacher_main.py:212 [INFO] Train: [ 13/99] Final Prec@1 53.6089%
07/16 07:43:36午後 trainTeacher_main.py:240 [INFO] Valid: [ 13/99] Final Prec@1 50.3200%
07/16 07:43:37午後 trainTeacher_main.py:182 [INFO] Until now, best Prec@1 = 50.3200%
07/16 07:43:55午後 trainTeacher_main.py:212 [INFO] Train: [ 14/99] Final Prec@1 54.5667%
07/16 07:43:56午後 trainTeacher_main.py:240 [INFO] Valid: [ 14/99] Final Prec@1 49.6200%
07/16 07:43:56午後 trainTeacher_main.py:182 [INFO] Until now, best Prec@1 = 50.3200%
07/16 07:44:15午後 trainTeacher_main.py:212 [INFO] Train: [ 15/99] Final Prec@1 54.8933%
07/16 07:44:15午後 trainTeacher_main.py:240 [INFO] Valid: [ 15/99] Final Prec@1 48.9400%
07/16 07:44:15午後 trainTeacher_main.py:182 [INFO] Until now, best Prec@1 = 50.3200%
07/16 07:44:34午後 trainTeacher_main.py:212 [INFO] Train: [ 16/99] Final Prec@1 55.9978%
07/16 07:44:35午後 trainTeacher_main.py:240 [INFO] Valid: [ 16/99] Final Prec@1 50.5400%
07/16 07:44:35午後 trainTeacher_main.py:182 [INFO] Until now, best Prec@1 = 50.5400%
07/16 07:44:54午後 trainTeacher_main.py:212 [INFO] Train: [ 17/99] Final Prec@1 56.2200%
07/16 07:44:54午後 trainTeacher_main.py:240 [INFO] Valid: [ 17/99] Final Prec@1 47.4400%
07/16 07:44:54午後 trainTeacher_main.py:182 [INFO] Until now, best Prec@1 = 50.5400%
07/16 07:45:13午後 trainTeacher_main.py:212 [INFO] Train: [ 18/99] Final Prec@1 56.7356%
07/16 07:45:13午後 trainTeacher_main.py:240 [INFO] Valid: [ 18/99] Final Prec@1 45.3800%
07/16 07:45:14午後 trainTeacher_main.py:182 [INFO] Until now, best Prec@1 = 50.5400%
07/16 07:45:32午後 trainTeacher_main.py:212 [INFO] Train: [ 19/99] Final Prec@1 57.0867%
07/16 07:45:33午後 trainTeacher_main.py:240 [INFO] Valid: [ 19/99] Final Prec@1 48.0000%
07/16 07:45:33午後 trainTeacher_main.py:182 [INFO] Until now, best Prec@1 = 50.5400%
07/16 07:45:51午後 trainTeacher_main.py:212 [INFO] Train: [ 20/99] Final Prec@1 57.8222%
07/16 07:45:52午後 trainTeacher_main.py:240 [INFO] Valid: [ 20/99] Final Prec@1 49.8000%
07/16 07:45:52午後 trainTeacher_main.py:182 [INFO] Until now, best Prec@1 = 50.5400%
07/16 07:46:11午後 trainTeacher_main.py:212 [INFO] Train: [ 21/99] Final Prec@1 57.6867%
07/16 07:46:11午後 trainTeacher_main.py:240 [INFO] Valid: [ 21/99] Final Prec@1 48.8600%
07/16 07:46:11午後 trainTeacher_main.py:182 [INFO] Until now, best Prec@1 = 50.5400%
07/16 07:46:30午後 trainTeacher_main.py:212 [INFO] Train: [ 22/99] Final Prec@1 58.7133%
07/16 07:46:31午後 trainTeacher_main.py:240 [INFO] Valid: [ 22/99] Final Prec@1 48.8200%
07/16 07:46:31午後 trainTeacher_main.py:182 [INFO] Until now, best Prec@1 = 50.5400%
07/16 07:46:49午後 trainTeacher_main.py:212 [INFO] Train: [ 23/99] Final Prec@1 58.8244%
07/16 07:46:50午後 trainTeacher_main.py:240 [INFO] Valid: [ 23/99] Final Prec@1 51.4200%
07/16 07:46:50午後 trainTeacher_main.py:182 [INFO] Until now, best Prec@1 = 51.4200%
07/16 07:47:09午後 trainTeacher_main.py:212 [INFO] Train: [ 24/99] Final Prec@1 59.1044%
07/16 07:47:10午後 trainTeacher_main.py:240 [INFO] Valid: [ 24/99] Final Prec@1 47.1600%
07/16 07:47:10午後 trainTeacher_main.py:182 [INFO] Until now, best Prec@1 = 51.4200%
07/16 07:47:28午後 trainTeacher_main.py:212 [INFO] Train: [ 25/99] Final Prec@1 60.1444%
07/16 07:47:29午後 trainTeacher_main.py:240 [INFO] Valid: [ 25/99] Final Prec@1 50.1800%
07/16 07:47:29午後 trainTeacher_main.py:182 [INFO] Until now, best Prec@1 = 51.4200%
07/16 07:47:47午後 trainTeacher_main.py:212 [INFO] Train: [ 26/99] Final Prec@1 60.1111%
07/16 07:47:48午後 trainTeacher_main.py:240 [INFO] Valid: [ 26/99] Final Prec@1 53.3200%
07/16 07:47:48午後 trainTeacher_main.py:182 [INFO] Until now, best Prec@1 = 53.3200%
07/16 07:48:07午後 trainTeacher_main.py:212 [INFO] Train: [ 27/99] Final Prec@1 60.5911%
07/16 07:48:07午後 trainTeacher_main.py:240 [INFO] Valid: [ 27/99] Final Prec@1 53.0400%
07/16 07:48:08午後 trainTeacher_main.py:182 [INFO] Until now, best Prec@1 = 53.3200%
07/16 07:48:26午後 trainTeacher_main.py:212 [INFO] Train: [ 28/99] Final Prec@1 60.3222%
07/16 07:48:27午後 trainTeacher_main.py:240 [INFO] Valid: [ 28/99] Final Prec@1 54.3600%
07/16 07:48:27午後 trainTeacher_main.py:182 [INFO] Until now, best Prec@1 = 54.3600%
07/16 07:48:45午後 trainTeacher_main.py:212 [INFO] Train: [ 29/99] Final Prec@1 61.2867%
07/16 07:48:46午後 trainTeacher_main.py:240 [INFO] Valid: [ 29/99] Final Prec@1 54.4800%
07/16 07:48:46午後 trainTeacher_main.py:182 [INFO] Until now, best Prec@1 = 54.4800%
07/16 07:49:05午後 trainTeacher_main.py:212 [INFO] Train: [ 30/99] Final Prec@1 61.2311%
07/16 07:49:05午後 trainTeacher_main.py:240 [INFO] Valid: [ 30/99] Final Prec@1 55.4800%
07/16 07:49:06午後 trainTeacher_main.py:182 [INFO] Until now, best Prec@1 = 55.4800%
07/16 07:49:24午後 trainTeacher_main.py:212 [INFO] Train: [ 31/99] Final Prec@1 61.8489%
07/16 07:49:25午後 trainTeacher_main.py:240 [INFO] Valid: [ 31/99] Final Prec@1 54.4600%
07/16 07:49:25午後 trainTeacher_main.py:182 [INFO] Until now, best Prec@1 = 55.4800%
07/16 07:49:44午後 trainTeacher_main.py:212 [INFO] Train: [ 32/99] Final Prec@1 62.0978%
07/16 07:49:44午後 trainTeacher_main.py:240 [INFO] Valid: [ 32/99] Final Prec@1 52.9200%
07/16 07:49:44午後 trainTeacher_main.py:182 [INFO] Until now, best Prec@1 = 55.4800%
07/16 07:50:03午後 trainTeacher_main.py:212 [INFO] Train: [ 33/99] Final Prec@1 62.4156%
07/16 07:50:04午後 trainTeacher_main.py:240 [INFO] Valid: [ 33/99] Final Prec@1 54.0200%
07/16 07:50:04午後 trainTeacher_main.py:182 [INFO] Until now, best Prec@1 = 55.4800%
07/16 07:50:22午後 trainTeacher_main.py:212 [INFO] Train: [ 34/99] Final Prec@1 63.0533%
07/16 07:50:23午後 trainTeacher_main.py:240 [INFO] Valid: [ 34/99] Final Prec@1 54.7400%
07/16 07:50:23午後 trainTeacher_main.py:182 [INFO] Until now, best Prec@1 = 55.4800%
07/16 07:50:41午後 trainTeacher_main.py:212 [INFO] Train: [ 35/99] Final Prec@1 63.3756%
07/16 07:50:42午後 trainTeacher_main.py:240 [INFO] Valid: [ 35/99] Final Prec@1 55.4400%
07/16 07:50:42午後 trainTeacher_main.py:182 [INFO] Until now, best Prec@1 = 55.4800%
07/16 07:51:01午後 trainTeacher_main.py:212 [INFO] Train: [ 36/99] Final Prec@1 63.5600%
07/16 07:51:01午後 trainTeacher_main.py:240 [INFO] Valid: [ 36/99] Final Prec@1 56.4600%
07/16 07:51:02午後 trainTeacher_main.py:182 [INFO] Until now, best Prec@1 = 56.4600%
07/16 07:51:20午後 trainTeacher_main.py:212 [INFO] Train: [ 37/99] Final Prec@1 63.6444%
07/16 07:51:21午後 trainTeacher_main.py:240 [INFO] Valid: [ 37/99] Final Prec@1 56.0600%
07/16 07:51:21午後 trainTeacher_main.py:182 [INFO] Until now, best Prec@1 = 56.4600%
07/16 07:51:39午後 trainTeacher_main.py:212 [INFO] Train: [ 38/99] Final Prec@1 64.3000%
07/16 07:51:40午後 trainTeacher_main.py:240 [INFO] Valid: [ 38/99] Final Prec@1 56.0200%
07/16 07:51:40午後 trainTeacher_main.py:182 [INFO] Until now, best Prec@1 = 56.4600%
07/16 07:51:59午後 trainTeacher_main.py:212 [INFO] Train: [ 39/99] Final Prec@1 64.7111%
07/16 07:51:59午後 trainTeacher_main.py:240 [INFO] Valid: [ 39/99] Final Prec@1 58.9600%
07/16 07:52:00午後 trainTeacher_main.py:182 [INFO] Until now, best Prec@1 = 58.9600%
07/16 07:52:18午後 trainTeacher_main.py:212 [INFO] Train: [ 40/99] Final Prec@1 65.0933%
07/16 07:52:19午後 trainTeacher_main.py:240 [INFO] Valid: [ 40/99] Final Prec@1 54.1400%
07/16 07:52:19午後 trainTeacher_main.py:182 [INFO] Until now, best Prec@1 = 58.9600%
07/16 07:52:37午後 trainTeacher_main.py:212 [INFO] Train: [ 41/99] Final Prec@1 65.4600%
07/16 07:52:38午後 trainTeacher_main.py:240 [INFO] Valid: [ 41/99] Final Prec@1 57.2200%
07/16 07:52:38午後 trainTeacher_main.py:182 [INFO] Until now, best Prec@1 = 58.9600%
07/16 07:52:57午後 trainTeacher_main.py:212 [INFO] Train: [ 42/99] Final Prec@1 65.7800%
07/16 07:52:57午後 trainTeacher_main.py:240 [INFO] Valid: [ 42/99] Final Prec@1 57.0800%
07/16 07:52:57午後 trainTeacher_main.py:182 [INFO] Until now, best Prec@1 = 58.9600%
07/16 07:53:16午後 trainTeacher_main.py:212 [INFO] Train: [ 43/99] Final Prec@1 65.8844%
07/16 07:53:17午後 trainTeacher_main.py:240 [INFO] Valid: [ 43/99] Final Prec@1 57.0400%
07/16 07:53:17午後 trainTeacher_main.py:182 [INFO] Until now, best Prec@1 = 58.9600%
07/16 07:53:35午後 trainTeacher_main.py:212 [INFO] Train: [ 44/99] Final Prec@1 66.8556%
07/16 07:53:36午後 trainTeacher_main.py:240 [INFO] Valid: [ 44/99] Final Prec@1 58.5200%
07/16 07:53:36午後 trainTeacher_main.py:182 [INFO] Until now, best Prec@1 = 58.9600%
07/16 07:53:55午後 trainTeacher_main.py:212 [INFO] Train: [ 45/99] Final Prec@1 66.8511%
07/16 07:53:55午後 trainTeacher_main.py:240 [INFO] Valid: [ 45/99] Final Prec@1 60.0600%
07/16 07:53:56午後 trainTeacher_main.py:182 [INFO] Until now, best Prec@1 = 60.0600%
07/16 07:54:14午後 trainTeacher_main.py:212 [INFO] Train: [ 46/99] Final Prec@1 67.1022%
07/16 07:54:15午後 trainTeacher_main.py:240 [INFO] Valid: [ 46/99] Final Prec@1 58.7800%
07/16 07:54:15午後 trainTeacher_main.py:182 [INFO] Until now, best Prec@1 = 60.0600%
07/16 07:54:33午後 trainTeacher_main.py:212 [INFO] Train: [ 47/99] Final Prec@1 67.9156%
07/16 07:54:34午後 trainTeacher_main.py:240 [INFO] Valid: [ 47/99] Final Prec@1 59.0800%
07/16 07:54:34午後 trainTeacher_main.py:182 [INFO] Until now, best Prec@1 = 60.0600%
07/16 07:54:53午後 trainTeacher_main.py:212 [INFO] Train: [ 48/99] Final Prec@1 68.4689%
07/16 07:54:53午後 trainTeacher_main.py:240 [INFO] Valid: [ 48/99] Final Prec@1 59.5000%
07/16 07:54:53午後 trainTeacher_main.py:182 [INFO] Until now, best Prec@1 = 60.0600%
07/16 07:55:12午後 trainTeacher_main.py:212 [INFO] Train: [ 49/99] Final Prec@1 68.8133%
07/16 07:55:13午後 trainTeacher_main.py:240 [INFO] Valid: [ 49/99] Final Prec@1 62.5800%
07/16 07:55:13午後 trainTeacher_main.py:182 [INFO] Until now, best Prec@1 = 62.5800%
07/16 07:55:31午後 trainTeacher_main.py:212 [INFO] Train: [ 50/99] Final Prec@1 69.0000%
07/16 07:55:32午後 trainTeacher_main.py:240 [INFO] Valid: [ 50/99] Final Prec@1 61.6400%
07/16 07:55:32午後 trainTeacher_main.py:182 [INFO] Until now, best Prec@1 = 62.5800%
07/16 07:55:51午後 trainTeacher_main.py:212 [INFO] Train: [ 51/99] Final Prec@1 69.6689%
07/16 07:55:51午後 trainTeacher_main.py:240 [INFO] Valid: [ 51/99] Final Prec@1 59.8800%
07/16 07:55:51午後 trainTeacher_main.py:182 [INFO] Until now, best Prec@1 = 62.5800%
07/16 07:56:10午後 trainTeacher_main.py:212 [INFO] Train: [ 52/99] Final Prec@1 70.3222%
07/16 07:56:11午後 trainTeacher_main.py:240 [INFO] Valid: [ 52/99] Final Prec@1 63.1200%
07/16 07:56:11午後 trainTeacher_main.py:182 [INFO] Until now, best Prec@1 = 63.1200%
07/16 07:56:29午後 trainTeacher_main.py:212 [INFO] Train: [ 53/99] Final Prec@1 70.5333%
07/16 07:56:30午後 trainTeacher_main.py:240 [INFO] Valid: [ 53/99] Final Prec@1 62.2200%
07/16 07:56:30午後 trainTeacher_main.py:182 [INFO] Until now, best Prec@1 = 63.1200%
07/16 07:56:49午後 trainTeacher_main.py:212 [INFO] Train: [ 54/99] Final Prec@1 70.9044%
07/16 07:56:49午後 trainTeacher_main.py:240 [INFO] Valid: [ 54/99] Final Prec@1 60.8000%
07/16 07:56:49午後 trainTeacher_main.py:182 [INFO] Until now, best Prec@1 = 63.1200%
07/16 07:57:08午後 trainTeacher_main.py:212 [INFO] Train: [ 55/99] Final Prec@1 71.4467%
07/16 07:57:09午後 trainTeacher_main.py:240 [INFO] Valid: [ 55/99] Final Prec@1 57.7800%
07/16 07:57:09午後 trainTeacher_main.py:182 [INFO] Until now, best Prec@1 = 63.1200%
07/16 07:57:27午後 trainTeacher_main.py:212 [INFO] Train: [ 56/99] Final Prec@1 71.7711%
07/16 07:57:28午後 trainTeacher_main.py:240 [INFO] Valid: [ 56/99] Final Prec@1 63.0400%
07/16 07:57:28午後 trainTeacher_main.py:182 [INFO] Until now, best Prec@1 = 63.1200%
07/16 07:57:47午後 trainTeacher_main.py:212 [INFO] Train: [ 57/99] Final Prec@1 72.5711%
07/16 07:57:47午後 trainTeacher_main.py:240 [INFO] Valid: [ 57/99] Final Prec@1 61.6200%
07/16 07:57:47午後 trainTeacher_main.py:182 [INFO] Until now, best Prec@1 = 63.1200%
07/16 07:58:06午後 trainTeacher_main.py:212 [INFO] Train: [ 58/99] Final Prec@1 73.0733%
07/16 07:58:06午後 trainTeacher_main.py:240 [INFO] Valid: [ 58/99] Final Prec@1 61.7600%
07/16 07:58:06午後 trainTeacher_main.py:182 [INFO] Until now, best Prec@1 = 63.1200%
07/16 07:58:25午後 trainTeacher_main.py:212 [INFO] Train: [ 59/99] Final Prec@1 73.6867%
07/16 07:58:26午後 trainTeacher_main.py:240 [INFO] Valid: [ 59/99] Final Prec@1 62.3800%
07/16 07:58:26午後 trainTeacher_main.py:182 [INFO] Until now, best Prec@1 = 63.1200%
07/16 07:58:44午後 trainTeacher_main.py:212 [INFO] Train: [ 60/99] Final Prec@1 74.2533%
07/16 07:58:45午後 trainTeacher_main.py:240 [INFO] Valid: [ 60/99] Final Prec@1 62.2000%
07/16 07:58:45午後 trainTeacher_main.py:182 [INFO] Until now, best Prec@1 = 63.1200%
07/16 07:59:04午後 trainTeacher_main.py:212 [INFO] Train: [ 61/99] Final Prec@1 75.4756%
07/16 07:59:04午後 trainTeacher_main.py:240 [INFO] Valid: [ 61/99] Final Prec@1 62.9800%
07/16 07:59:05午後 trainTeacher_main.py:182 [INFO] Until now, best Prec@1 = 63.1200%
07/16 07:59:23午後 trainTeacher_main.py:212 [INFO] Train: [ 62/99] Final Prec@1 75.7200%
07/16 07:59:24午後 trainTeacher_main.py:240 [INFO] Valid: [ 62/99] Final Prec@1 64.9200%
07/16 07:59:24午後 trainTeacher_main.py:182 [INFO] Until now, best Prec@1 = 64.9200%
07/16 07:59:43午後 trainTeacher_main.py:212 [INFO] Train: [ 63/99] Final Prec@1 75.9133%
07/16 07:59:43午後 trainTeacher_main.py:240 [INFO] Valid: [ 63/99] Final Prec@1 65.0400%
07/16 07:59:43午後 trainTeacher_main.py:182 [INFO] Until now, best Prec@1 = 65.0400%
07/16 08:00:02午後 trainTeacher_main.py:212 [INFO] Train: [ 64/99] Final Prec@1 77.3178%
07/16 08:00:03午後 trainTeacher_main.py:240 [INFO] Valid: [ 64/99] Final Prec@1 63.2400%
07/16 08:00:03午後 trainTeacher_main.py:182 [INFO] Until now, best Prec@1 = 65.0400%
07/16 08:00:21午後 trainTeacher_main.py:212 [INFO] Train: [ 65/99] Final Prec@1 77.8111%
07/16 08:00:22午後 trainTeacher_main.py:240 [INFO] Valid: [ 65/99] Final Prec@1 66.5400%
07/16 08:00:22午後 trainTeacher_main.py:182 [INFO] Until now, best Prec@1 = 66.5400%
07/16 08:00:41午後 trainTeacher_main.py:212 [INFO] Train: [ 66/99] Final Prec@1 78.0889%
07/16 08:00:42午後 trainTeacher_main.py:240 [INFO] Valid: [ 66/99] Final Prec@1 65.2000%
07/16 08:00:42午後 trainTeacher_main.py:182 [INFO] Until now, best Prec@1 = 66.5400%
07/16 08:01:00午後 trainTeacher_main.py:212 [INFO] Train: [ 67/99] Final Prec@1 78.6511%
07/16 08:01:01午後 trainTeacher_main.py:240 [INFO] Valid: [ 67/99] Final Prec@1 66.3000%
07/16 08:01:01午後 trainTeacher_main.py:182 [INFO] Until now, best Prec@1 = 66.5400%
07/16 08:01:19午後 trainTeacher_main.py:212 [INFO] Train: [ 68/99] Final Prec@1 79.5400%
07/16 08:01:20午後 trainTeacher_main.py:240 [INFO] Valid: [ 68/99] Final Prec@1 66.4000%
07/16 08:01:20午後 trainTeacher_main.py:182 [INFO] Until now, best Prec@1 = 66.5400%
07/16 08:01:39午後 trainTeacher_main.py:212 [INFO] Train: [ 69/99] Final Prec@1 80.5244%
07/16 08:01:40午後 trainTeacher_main.py:240 [INFO] Valid: [ 69/99] Final Prec@1 67.2600%
07/16 08:01:40午後 trainTeacher_main.py:182 [INFO] Until now, best Prec@1 = 67.2600%
07/16 08:01:58午後 trainTeacher_main.py:212 [INFO] Train: [ 70/99] Final Prec@1 81.0733%
07/16 08:01:59午後 trainTeacher_main.py:240 [INFO] Valid: [ 70/99] Final Prec@1 67.6200%
07/16 08:01:59午後 trainTeacher_main.py:182 [INFO] Until now, best Prec@1 = 67.6200%
07/16 08:02:18午後 trainTeacher_main.py:212 [INFO] Train: [ 71/99] Final Prec@1 81.9822%
07/16 08:02:19午後 trainTeacher_main.py:240 [INFO] Valid: [ 71/99] Final Prec@1 67.6600%
07/16 08:02:19午後 trainTeacher_main.py:182 [INFO] Until now, best Prec@1 = 67.6600%
07/16 08:02:37午後 trainTeacher_main.py:212 [INFO] Train: [ 72/99] Final Prec@1 82.5133%
07/16 08:02:38午後 trainTeacher_main.py:240 [INFO] Valid: [ 72/99] Final Prec@1 67.2000%
07/16 08:02:38午後 trainTeacher_main.py:182 [INFO] Until now, best Prec@1 = 67.6600%
07/16 08:02:57午後 trainTeacher_main.py:212 [INFO] Train: [ 73/99] Final Prec@1 83.4622%
07/16 08:02:57午後 trainTeacher_main.py:240 [INFO] Valid: [ 73/99] Final Prec@1 68.6200%
07/16 08:02:58午後 trainTeacher_main.py:182 [INFO] Until now, best Prec@1 = 68.6200%
07/16 08:03:16午後 trainTeacher_main.py:212 [INFO] Train: [ 74/99] Final Prec@1 84.8289%
07/16 08:03:17午後 trainTeacher_main.py:240 [INFO] Valid: [ 74/99] Final Prec@1 68.7200%
07/16 08:03:17午後 trainTeacher_main.py:182 [INFO] Until now, best Prec@1 = 68.7200%
07/16 08:03:36午後 trainTeacher_main.py:212 [INFO] Train: [ 75/99] Final Prec@1 85.4533%
07/16 08:03:36午後 trainTeacher_main.py:240 [INFO] Valid: [ 75/99] Final Prec@1 68.9600%
07/16 08:03:36午後 trainTeacher_main.py:182 [INFO] Until now, best Prec@1 = 68.9600%
07/16 08:03:55午後 trainTeacher_main.py:212 [INFO] Train: [ 76/99] Final Prec@1 86.3644%
07/16 08:03:56午後 trainTeacher_main.py:240 [INFO] Valid: [ 76/99] Final Prec@1 69.1200%
07/16 08:03:56午後 trainTeacher_main.py:182 [INFO] Until now, best Prec@1 = 69.1200%
07/16 08:04:14午後 trainTeacher_main.py:212 [INFO] Train: [ 77/99] Final Prec@1 86.9133%
07/16 08:04:15午後 trainTeacher_main.py:240 [INFO] Valid: [ 77/99] Final Prec@1 70.0200%
07/16 08:04:15午後 trainTeacher_main.py:182 [INFO] Until now, best Prec@1 = 70.0200%
07/16 08:04:34午後 trainTeacher_main.py:212 [INFO] Train: [ 78/99] Final Prec@1 87.8000%
07/16 08:04:35午後 trainTeacher_main.py:240 [INFO] Valid: [ 78/99] Final Prec@1 70.8200%
07/16 08:04:35午後 trainTeacher_main.py:182 [INFO] Until now, best Prec@1 = 70.8200%
07/16 08:04:53午後 trainTeacher_main.py:212 [INFO] Train: [ 79/99] Final Prec@1 88.7578%
07/16 08:04:54午後 trainTeacher_main.py:240 [INFO] Valid: [ 79/99] Final Prec@1 71.5600%
07/16 08:04:54午後 trainTeacher_main.py:182 [INFO] Until now, best Prec@1 = 71.5600%
07/16 08:05:13午後 trainTeacher_main.py:212 [INFO] Train: [ 80/99] Final Prec@1 89.4556%
07/16 08:05:13午後 trainTeacher_main.py:240 [INFO] Valid: [ 80/99] Final Prec@1 71.5200%
07/16 08:05:14午後 trainTeacher_main.py:182 [INFO] Until now, best Prec@1 = 71.5600%
07/16 08:05:32午後 trainTeacher_main.py:212 [INFO] Train: [ 81/99] Final Prec@1 90.4178%
07/16 08:05:33午後 trainTeacher_main.py:240 [INFO] Valid: [ 81/99] Final Prec@1 72.0600%
07/16 08:05:33午後 trainTeacher_main.py:182 [INFO] Until now, best Prec@1 = 72.0600%
07/16 08:05:52午後 trainTeacher_main.py:212 [INFO] Train: [ 82/99] Final Prec@1 91.2978%
07/16 08:05:52午後 trainTeacher_main.py:240 [INFO] Valid: [ 82/99] Final Prec@1 71.8200%
07/16 08:05:52午後 trainTeacher_main.py:182 [INFO] Until now, best Prec@1 = 72.0600%
07/16 08:06:11午後 trainTeacher_main.py:212 [INFO] Train: [ 83/99] Final Prec@1 92.3533%
07/16 08:06:12午後 trainTeacher_main.py:240 [INFO] Valid: [ 83/99] Final Prec@1 72.1400%
07/16 08:06:12午後 trainTeacher_main.py:182 [INFO] Until now, best Prec@1 = 72.1400%
07/16 08:06:30午後 trainTeacher_main.py:212 [INFO] Train: [ 84/99] Final Prec@1 92.6578%
07/16 08:06:31午後 trainTeacher_main.py:240 [INFO] Valid: [ 84/99] Final Prec@1 72.4200%
07/16 08:06:31午後 trainTeacher_main.py:182 [INFO] Until now, best Prec@1 = 72.4200%
07/16 08:06:50午後 trainTeacher_main.py:212 [INFO] Train: [ 85/99] Final Prec@1 93.3778%
07/16 08:06:50午後 trainTeacher_main.py:240 [INFO] Valid: [ 85/99] Final Prec@1 74.0800%
07/16 08:06:51午後 trainTeacher_main.py:182 [INFO] Until now, best Prec@1 = 74.0800%
07/16 08:07:09午後 trainTeacher_main.py:212 [INFO] Train: [ 86/99] Final Prec@1 93.9778%
07/16 08:07:10午後 trainTeacher_main.py:240 [INFO] Valid: [ 86/99] Final Prec@1 73.2600%
07/16 08:07:10午後 trainTeacher_main.py:182 [INFO] Until now, best Prec@1 = 74.0800%
07/16 08:07:29午後 trainTeacher_main.py:212 [INFO] Train: [ 87/99] Final Prec@1 94.6733%
07/16 08:07:29午後 trainTeacher_main.py:240 [INFO] Valid: [ 87/99] Final Prec@1 72.9000%
07/16 08:07:30午後 trainTeacher_main.py:182 [INFO] Until now, best Prec@1 = 74.0800%
07/16 08:07:48午後 trainTeacher_main.py:212 [INFO] Train: [ 88/99] Final Prec@1 94.9644%
07/16 08:07:49午後 trainTeacher_main.py:240 [INFO] Valid: [ 88/99] Final Prec@1 73.6400%
07/16 08:07:49午後 trainTeacher_main.py:182 [INFO] Until now, best Prec@1 = 74.0800%
07/16 08:08:08午後 trainTeacher_main.py:212 [INFO] Train: [ 89/99] Final Prec@1 95.5156%
07/16 08:08:08午後 trainTeacher_main.py:240 [INFO] Valid: [ 89/99] Final Prec@1 73.8200%
07/16 08:08:08午後 trainTeacher_main.py:182 [INFO] Until now, best Prec@1 = 74.0800%
07/16 08:08:27午後 trainTeacher_main.py:212 [INFO] Train: [ 90/99] Final Prec@1 96.0800%
07/16 08:08:28午後 trainTeacher_main.py:240 [INFO] Valid: [ 90/99] Final Prec@1 73.6800%
07/16 08:08:28午後 trainTeacher_main.py:182 [INFO] Until now, best Prec@1 = 74.0800%
07/16 08:08:46午後 trainTeacher_main.py:212 [INFO] Train: [ 91/99] Final Prec@1 96.1933%
07/16 08:08:47午後 trainTeacher_main.py:240 [INFO] Valid: [ 91/99] Final Prec@1 74.1800%
07/16 08:08:47午後 trainTeacher_main.py:182 [INFO] Until now, best Prec@1 = 74.1800%
07/16 08:09:06午後 trainTeacher_main.py:212 [INFO] Train: [ 92/99] Final Prec@1 96.4889%
07/16 08:09:06午後 trainTeacher_main.py:240 [INFO] Valid: [ 92/99] Final Prec@1 74.4800%
07/16 08:09:07午後 trainTeacher_main.py:182 [INFO] Until now, best Prec@1 = 74.4800%
07/16 08:09:25午後 trainTeacher_main.py:212 [INFO] Train: [ 93/99] Final Prec@1 96.8489%
07/16 08:09:26午後 trainTeacher_main.py:240 [INFO] Valid: [ 93/99] Final Prec@1 73.2000%
07/16 08:09:26午後 trainTeacher_main.py:182 [INFO] Until now, best Prec@1 = 74.4800%
07/16 08:09:44午後 trainTeacher_main.py:212 [INFO] Train: [ 94/99] Final Prec@1 97.0489%
07/16 08:09:45午後 trainTeacher_main.py:240 [INFO] Valid: [ 94/99] Final Prec@1 74.4200%
07/16 08:09:45午後 trainTeacher_main.py:182 [INFO] Until now, best Prec@1 = 74.4800%
07/16 08:10:04午後 trainTeacher_main.py:212 [INFO] Train: [ 95/99] Final Prec@1 97.1800%
07/16 08:10:05午後 trainTeacher_main.py:240 [INFO] Valid: [ 95/99] Final Prec@1 74.8200%
07/16 08:10:05午後 trainTeacher_main.py:182 [INFO] Until now, best Prec@1 = 74.8200%
07/16 08:10:23午後 trainTeacher_main.py:212 [INFO] Train: [ 96/99] Final Prec@1 97.2889%
07/16 08:10:24午後 trainTeacher_main.py:240 [INFO] Valid: [ 96/99] Final Prec@1 74.2400%
07/16 08:10:24午後 trainTeacher_main.py:182 [INFO] Until now, best Prec@1 = 74.8200%
07/16 08:10:43午後 trainTeacher_main.py:212 [INFO] Train: [ 97/99] Final Prec@1 97.3422%
07/16 08:10:43午後 trainTeacher_main.py:240 [INFO] Valid: [ 97/99] Final Prec@1 74.4800%
07/16 08:10:44午後 trainTeacher_main.py:182 [INFO] Until now, best Prec@1 = 74.8200%
07/16 08:11:02午後 trainTeacher_main.py:212 [INFO] Train: [ 98/99] Final Prec@1 97.4089%
07/16 08:11:03午後 trainTeacher_main.py:240 [INFO] Valid: [ 98/99] Final Prec@1 74.7800%
07/16 08:11:03午後 trainTeacher_main.py:182 [INFO] Until now, best Prec@1 = 74.8200%
07/16 08:11:21午後 trainTeacher_main.py:212 [INFO] Train: [ 99/99] Final Prec@1 97.5356%
07/16 08:11:22午後 trainTeacher_main.py:240 [INFO] Valid: [ 99/99] Final Prec@1 75.2000%
07/16 08:11:22午後 trainTeacher_main.py:182 [INFO] Until now, best Prec@1 = 75.2000%
07/16 08:11:22午後 trainTeacher_main.py:184 [INFO] Final best Prec@1 = 75.2000%
