08/02 02:14:58PM parser.py:28 [INFO] 
08/02 02:14:58PM parser.py:29 [INFO] Parameters:
08/02 02:14:58PM parser.py:31 [INFO] T=3.0
08/02 02:14:58PM parser.py:31 [INFO] ADVANCED=True
08/02 02:14:58PM parser.py:31 [INFO] AUX_WEIGHT=0.4
08/02 02:14:58PM parser.py:31 [INFO] BATCH_SIZE=64
08/02 02:14:58PM parser.py:31 [INFO] CUTOUT_LENGTH=16
08/02 02:14:58PM parser.py:31 [INFO] DATA_PATH=../data/
08/02 02:14:58PM parser.py:31 [INFO] DATASET=cifar100
08/02 02:14:58PM parser.py:31 [INFO] DESCRIPTION=baseline224
08/02 02:14:58PM parser.py:31 [INFO] DROP_PATH_PROB=0.2
08/02 02:14:58PM parser.py:31 [INFO] EPOCHS=100
08/02 02:14:58PM parser.py:31 [INFO] EXP_NAME=144014-20240802-141458
08/02 02:14:58PM parser.py:31 [INFO] GENOTYPE=Genotype3(normal1=[[('sep_conv_3x3', 1), ('sep_conv_3x3', 0)], [('sep_conv_3x3', 1), ('sep_conv_3x3', 0)], [('sep_conv_3x3', 1), ('sep_conv_3x3', 2)], [('sep_conv_3x3', 1), ('dil_conv_3x3', 3)]], normal1_concat=range(2, 6), reduce1=[[('sep_conv_3x3', 0), ('sep_conv_3x3', 1)], [('sep_conv_5x5', 0), ('sep_conv_5x5', 2)], [('sep_conv_3x3', 2), ('sep_conv_5x5', 1)], [('sep_conv_5x5', 2), ('sep_conv_3x3', 0)]], reduce1_concat=range(2, 6), normal2=[[('skip_connect', 0), ('skip_connect', 1)], [('skip_connect', 0), ('skip_connect', 2)], [('skip_connect', 0), ('skip_connect', 2)], [('skip_connect', 0), ('skip_connect', 2)]], normal2_concat=range(2, 6), reduce2=[[('avg_pool_3x3', 1), ('avg_pool_3x3', 0)], [('avg_pool_3x3', 1), ('skip_connect', 2)], [('avg_pool_3x3', 1), ('skip_connect', 2)], [('skip_connect', 2), ('avg_pool_3x3', 1)]], reduce2_concat=range(2, 6), normal3=[[('skip_connect', 0), ('dil_conv_5x5', 1)], [('skip_connect', 0), ('dil_conv_3x3', 1)], [('skip_connect', 0), ('dil_conv_3x3', 1)], [('skip_connect', 0), ('skip_connect', 2)]], normal3_concat=range(2, 6))
08/02 02:14:58PM parser.py:31 [INFO] GPUS=[0]
08/02 02:14:58PM parser.py:31 [INFO] GRAD_CLIP=5.0
08/02 02:14:58PM parser.py:31 [INFO] INIT_CHANNELS=32
08/02 02:14:58PM parser.py:31 [INFO] L=3.0
08/02 02:14:58PM parser.py:31 [INFO] LAYERS=20
08/02 02:14:58PM parser.py:31 [INFO] LOGGER=<Logger H-DAS (INFO)>
08/02 02:14:58PM parser.py:31 [INFO] LR=0.025
08/02 02:14:58PM parser.py:31 [INFO] LR_MIN=0.001
08/02 02:14:58PM parser.py:31 [INFO] MOMENTUM=0.9
08/02 02:14:58PM parser.py:31 [INFO] NAME=BASELINE224
08/02 02:14:58PM parser.py:31 [INFO] NONKD=True
08/02 02:14:58PM parser.py:31 [INFO] PATH=results/evaluate_cell_KD/cifar100/BASELINE224/144014-20240802-141458
08/02 02:14:58PM parser.py:31 [INFO] PRINT_FREQ=50
08/02 02:14:58PM parser.py:31 [INFO] RESUME_PATH=None
08/02 02:14:58PM parser.py:31 [INFO] SAVE=144014
08/02 02:14:58PM parser.py:31 [INFO] SEED=0
08/02 02:14:58PM parser.py:31 [INFO] TEACHER_NAME=non
08/02 02:14:58PM parser.py:31 [INFO] TEACHER_PATH=non
08/02 02:14:58PM parser.py:31 [INFO] TRAIN_PORTION=0.9
08/02 02:14:58PM parser.py:31 [INFO] WEIGHT_DECAY=0.0003
08/02 02:14:58PM parser.py:31 [INFO] WORKERS=4
08/02 02:14:58PM parser.py:32 [INFO] 
08/02 02:14:59PM evaluateCell_trainer.py:102 [INFO] --> No loaded checkpoint!
08/02 02:15:23PM evaluateCell_trainer.py:199 [INFO] Valid: Epoch: [0][50/79]	Step 704	Loss 3.4957	Prec@(1,5) (16.9%, 43.0%)
08/02 02:15:23PM evaluateCell_trainer.py:199 [INFO] Valid: Epoch: [0][78/79]	Step 704	Loss 3.4692	Prec@(1,5) (17.3%, 43.2%)
08/02 02:15:23PM evaluateCell_trainer.py:206 [INFO] Valid: [  0/99] Final Prec@1 17.3600%
08/02 02:15:23午後 evaluateCell_main.py:75 [INFO] Until now, best Prec@1 = 17.3600%
08/02 02:15:48午後 evaluateCell_trainer.py:199 [INFO] Valid: Epoch: [1][50/79]	Step 1408	Loss 3.0161	Prec@(1,5) (25.9%, 55.4%)
08/02 02:15:49午後 evaluateCell_trainer.py:199 [INFO] Valid: Epoch: [1][78/79]	Step 1408	Loss 3.0374	Prec@(1,5) (25.5%, 55.2%)
08/02 02:15:49午後 evaluateCell_trainer.py:206 [INFO] Valid: [  1/99] Final Prec@1 25.5200%
08/02 02:15:49午後 evaluateCell_main.py:75 [INFO] Until now, best Prec@1 = 25.5200%
08/02 02:16:14午後 evaluateCell_trainer.py:199 [INFO] Valid: Epoch: [2][50/79]	Step 2112	Loss 2.8555	Prec@(1,5) (28.7%, 60.6%)
08/02 02:16:14午後 evaluateCell_trainer.py:199 [INFO] Valid: Epoch: [2][78/79]	Step 2112	Loss 2.8293	Prec@(1,5) (28.9%, 60.9%)
08/02 02:16:14午後 evaluateCell_trainer.py:206 [INFO] Valid: [  2/99] Final Prec@1 28.9200%
08/02 02:16:14午後 evaluateCell_main.py:75 [INFO] Until now, best Prec@1 = 28.9200%
08/02 02:16:39午後 evaluateCell_trainer.py:199 [INFO] Valid: Epoch: [3][50/79]	Step 2816	Loss 2.4809	Prec@(1,5) (36.1%, 68.0%)
08/02 02:16:39午後 evaluateCell_trainer.py:199 [INFO] Valid: Epoch: [3][78/79]	Step 2816	Loss 2.4663	Prec@(1,5) (35.9%, 68.7%)
08/02 02:16:39午後 evaluateCell_trainer.py:206 [INFO] Valid: [  3/99] Final Prec@1 35.9400%
08/02 02:16:39午後 evaluateCell_main.py:75 [INFO] Until now, best Prec@1 = 35.9400%
08/02 02:17:04午後 evaluateCell_trainer.py:199 [INFO] Valid: Epoch: [4][50/79]	Step 3520	Loss 2.2675	Prec@(1,5) (39.4%, 72.7%)
08/02 02:17:05午後 evaluateCell_trainer.py:199 [INFO] Valid: Epoch: [4][78/79]	Step 3520	Loss 2.2602	Prec@(1,5) (40.1%, 72.3%)
08/02 02:17:05午後 evaluateCell_trainer.py:206 [INFO] Valid: [  4/99] Final Prec@1 40.1600%
08/02 02:17:05午後 evaluateCell_main.py:75 [INFO] Until now, best Prec@1 = 40.1600%
08/02 02:17:30午後 evaluateCell_trainer.py:199 [INFO] Valid: Epoch: [5][50/79]	Step 4224	Loss 2.2291	Prec@(1,5) (41.0%, 73.2%)
08/02 02:17:30午後 evaluateCell_trainer.py:199 [INFO] Valid: Epoch: [5][78/79]	Step 4224	Loss 2.2750	Prec@(1,5) (40.4%, 72.2%)
08/02 02:17:30午後 evaluateCell_trainer.py:206 [INFO] Valid: [  5/99] Final Prec@1 40.3800%
08/02 02:17:30午後 evaluateCell_main.py:75 [INFO] Until now, best Prec@1 = 40.3800%
08/02 02:17:55午後 evaluateCell_trainer.py:199 [INFO] Valid: Epoch: [6][50/79]	Step 4928	Loss 2.1766	Prec@(1,5) (41.2%, 73.7%)
08/02 02:17:55午後 evaluateCell_trainer.py:199 [INFO] Valid: Epoch: [6][78/79]	Step 4928	Loss 2.1776	Prec@(1,5) (41.7%, 73.9%)
08/02 02:17:56午後 evaluateCell_trainer.py:206 [INFO] Valid: [  6/99] Final Prec@1 41.7000%
08/02 02:17:56午後 evaluateCell_main.py:75 [INFO] Until now, best Prec@1 = 41.7000%
08/02 02:18:21午後 evaluateCell_trainer.py:199 [INFO] Valid: Epoch: [7][50/79]	Step 5632	Loss 2.0244	Prec@(1,5) (46.1%, 76.7%)
08/02 02:18:21午後 evaluateCell_trainer.py:199 [INFO] Valid: Epoch: [7][78/79]	Step 5632	Loss 2.0133	Prec@(1,5) (45.6%, 77.3%)
08/02 02:18:21午後 evaluateCell_trainer.py:206 [INFO] Valid: [  7/99] Final Prec@1 45.6000%
08/02 02:18:21午後 evaluateCell_main.py:75 [INFO] Until now, best Prec@1 = 45.6000%
08/02 02:18:46午後 evaluateCell_trainer.py:199 [INFO] Valid: Epoch: [8][50/79]	Step 6336	Loss 1.9945	Prec@(1,5) (46.9%, 76.7%)
08/02 02:18:46午後 evaluateCell_trainer.py:199 [INFO] Valid: Epoch: [8][78/79]	Step 6336	Loss 1.9809	Prec@(1,5) (46.7%, 77.3%)
08/02 02:18:46午後 evaluateCell_trainer.py:206 [INFO] Valid: [  8/99] Final Prec@1 46.6800%
08/02 02:18:47午後 evaluateCell_main.py:75 [INFO] Until now, best Prec@1 = 46.6800%
08/02 02:19:11午後 evaluateCell_trainer.py:199 [INFO] Valid: Epoch: [9][50/79]	Step 7040	Loss 2.0377	Prec@(1,5) (46.1%, 76.9%)
08/02 02:19:12午後 evaluateCell_trainer.py:199 [INFO] Valid: Epoch: [9][78/79]	Step 7040	Loss 2.0421	Prec@(1,5) (46.0%, 76.9%)
08/02 02:19:12午後 evaluateCell_trainer.py:206 [INFO] Valid: [  9/99] Final Prec@1 46.0400%
08/02 02:19:12午後 evaluateCell_main.py:75 [INFO] Until now, best Prec@1 = 46.6800%
08/02 02:19:37午後 evaluateCell_trainer.py:199 [INFO] Valid: Epoch: [10][50/79]	Step 7744	Loss 1.9711	Prec@(1,5) (47.3%, 78.6%)
08/02 02:19:37午後 evaluateCell_trainer.py:199 [INFO] Valid: Epoch: [10][78/79]	Step 7744	Loss 1.9387	Prec@(1,5) (47.9%, 78.8%)
08/02 02:19:37午後 evaluateCell_trainer.py:206 [INFO] Valid: [ 10/99] Final Prec@1 47.9400%
08/02 02:19:37午後 evaluateCell_main.py:75 [INFO] Until now, best Prec@1 = 47.9400%
08/02 02:20:02午後 evaluateCell_trainer.py:199 [INFO] Valid: Epoch: [11][50/79]	Step 8448	Loss 1.9266	Prec@(1,5) (48.7%, 79.2%)
08/02 02:20:02午後 evaluateCell_trainer.py:199 [INFO] Valid: Epoch: [11][78/79]	Step 8448	Loss 1.9183	Prec@(1,5) (48.7%, 79.4%)
08/02 02:20:02午後 evaluateCell_trainer.py:206 [INFO] Valid: [ 11/99] Final Prec@1 48.6600%
08/02 02:20:02午後 evaluateCell_main.py:75 [INFO] Until now, best Prec@1 = 48.6600%
08/02 02:20:28午後 evaluateCell_trainer.py:199 [INFO] Valid: Epoch: [12][50/79]	Step 9152	Loss 1.8157	Prec@(1,5) (50.7%, 80.7%)
08/02 02:20:28午後 evaluateCell_trainer.py:199 [INFO] Valid: Epoch: [12][78/79]	Step 9152	Loss 1.8110	Prec@(1,5) (50.9%, 81.0%)
08/02 02:20:28午後 evaluateCell_trainer.py:206 [INFO] Valid: [ 12/99] Final Prec@1 50.9200%
08/02 02:20:28午後 evaluateCell_main.py:75 [INFO] Until now, best Prec@1 = 50.9200%
08/02 02:20:53午後 evaluateCell_trainer.py:199 [INFO] Valid: Epoch: [13][50/79]	Step 9856	Loss 1.8654	Prec@(1,5) (50.4%, 81.1%)
08/02 02:20:54午後 evaluateCell_trainer.py:199 [INFO] Valid: Epoch: [13][78/79]	Step 9856	Loss 1.8548	Prec@(1,5) (50.3%, 81.0%)
08/02 02:20:54午後 evaluateCell_trainer.py:206 [INFO] Valid: [ 13/99] Final Prec@1 50.2800%
08/02 02:20:54午後 evaluateCell_main.py:75 [INFO] Until now, best Prec@1 = 50.9200%
08/02 02:21:19午後 evaluateCell_trainer.py:199 [INFO] Valid: Epoch: [14][50/79]	Step 10560	Loss 1.8197	Prec@(1,5) (51.5%, 81.4%)
08/02 02:21:20午後 evaluateCell_trainer.py:199 [INFO] Valid: Epoch: [14][78/79]	Step 10560	Loss 1.8657	Prec@(1,5) (50.5%, 80.4%)
08/02 02:21:20午後 evaluateCell_trainer.py:206 [INFO] Valid: [ 14/99] Final Prec@1 50.5800%
08/02 02:21:20午後 evaluateCell_main.py:75 [INFO] Until now, best Prec@1 = 50.9200%
08/02 02:21:45午後 evaluateCell_trainer.py:199 [INFO] Valid: Epoch: [15][50/79]	Step 11264	Loss 1.7613	Prec@(1,5) (51.8%, 82.3%)
08/02 02:21:45午後 evaluateCell_trainer.py:199 [INFO] Valid: Epoch: [15][78/79]	Step 11264	Loss 1.7664	Prec@(1,5) (52.1%, 82.1%)
08/02 02:21:45午後 evaluateCell_trainer.py:206 [INFO] Valid: [ 15/99] Final Prec@1 52.0800%
08/02 02:21:45午後 evaluateCell_main.py:75 [INFO] Until now, best Prec@1 = 52.0800%
08/02 02:22:10午後 evaluateCell_trainer.py:199 [INFO] Valid: Epoch: [16][50/79]	Step 11968	Loss 1.6954	Prec@(1,5) (53.9%, 83.5%)
08/02 02:22:11午後 evaluateCell_trainer.py:199 [INFO] Valid: Epoch: [16][78/79]	Step 11968	Loss 1.6789	Prec@(1,5) (54.3%, 83.5%)
08/02 02:22:11午後 evaluateCell_trainer.py:206 [INFO] Valid: [ 16/99] Final Prec@1 54.3000%
08/02 02:22:11午後 evaluateCell_main.py:75 [INFO] Until now, best Prec@1 = 54.3000%
08/02 02:22:36午後 evaluateCell_trainer.py:199 [INFO] Valid: Epoch: [17][50/79]	Step 12672	Loss 1.7426	Prec@(1,5) (53.1%, 81.8%)
08/02 02:22:36午後 evaluateCell_trainer.py:199 [INFO] Valid: Epoch: [17][78/79]	Step 12672	Loss 1.7437	Prec@(1,5) (53.1%, 82.0%)
08/02 02:22:36午後 evaluateCell_trainer.py:206 [INFO] Valid: [ 17/99] Final Prec@1 53.1000%
08/02 02:22:37午後 evaluateCell_main.py:75 [INFO] Until now, best Prec@1 = 54.3000%
08/02 02:23:02午後 evaluateCell_trainer.py:199 [INFO] Valid: Epoch: [18][50/79]	Step 13376	Loss 1.6905	Prec@(1,5) (53.2%, 83.3%)
08/02 02:23:02午後 evaluateCell_trainer.py:199 [INFO] Valid: Epoch: [18][78/79]	Step 13376	Loss 1.6788	Prec@(1,5) (54.0%, 83.4%)
08/02 02:23:02午後 evaluateCell_trainer.py:206 [INFO] Valid: [ 18/99] Final Prec@1 53.9800%
08/02 02:23:02午後 evaluateCell_main.py:75 [INFO] Until now, best Prec@1 = 54.3000%
08/02 02:23:27午後 evaluateCell_trainer.py:199 [INFO] Valid: Epoch: [19][50/79]	Step 14080	Loss 1.8331	Prec@(1,5) (51.5%, 80.5%)
08/02 02:23:27午後 evaluateCell_trainer.py:199 [INFO] Valid: Epoch: [19][78/79]	Step 14080	Loss 1.8022	Prec@(1,5) (52.2%, 81.5%)
08/02 02:23:27午後 evaluateCell_trainer.py:206 [INFO] Valid: [ 19/99] Final Prec@1 52.2400%
08/02 02:23:27午後 evaluateCell_main.py:75 [INFO] Until now, best Prec@1 = 54.3000%
08/02 02:23:52午後 evaluateCell_trainer.py:199 [INFO] Valid: Epoch: [20][50/79]	Step 14784	Loss 1.7063	Prec@(1,5) (52.9%, 83.2%)
08/02 02:23:53午後 evaluateCell_trainer.py:199 [INFO] Valid: Epoch: [20][78/79]	Step 14784	Loss 1.7083	Prec@(1,5) (53.2%, 83.1%)
08/02 02:23:53午後 evaluateCell_trainer.py:206 [INFO] Valid: [ 20/99] Final Prec@1 53.2000%
08/02 02:23:53午後 evaluateCell_main.py:75 [INFO] Until now, best Prec@1 = 54.3000%
08/02 02:24:18午後 evaluateCell_trainer.py:199 [INFO] Valid: Epoch: [21][50/79]	Step 15488	Loss 1.7297	Prec@(1,5) (55.3%, 81.5%)
08/02 02:24:18午後 evaluateCell_trainer.py:199 [INFO] Valid: Epoch: [21][78/79]	Step 15488	Loss 1.7217	Prec@(1,5) (55.4%, 81.8%)
08/02 02:24:18午後 evaluateCell_trainer.py:206 [INFO] Valid: [ 21/99] Final Prec@1 55.4400%
08/02 02:24:18午後 evaluateCell_main.py:75 [INFO] Until now, best Prec@1 = 55.4400%
08/02 02:24:43午後 evaluateCell_trainer.py:199 [INFO] Valid: Epoch: [22][50/79]	Step 16192	Loss 1.7087	Prec@(1,5) (55.0%, 83.2%)
08/02 02:24:44午後 evaluateCell_trainer.py:199 [INFO] Valid: Epoch: [22][78/79]	Step 16192	Loss 1.7337	Prec@(1,5) (54.4%, 82.7%)
08/02 02:24:44午後 evaluateCell_trainer.py:206 [INFO] Valid: [ 22/99] Final Prec@1 54.4800%
08/02 02:24:44午後 evaluateCell_main.py:75 [INFO] Until now, best Prec@1 = 55.4400%
08/02 02:25:09午後 evaluateCell_trainer.py:199 [INFO] Valid: Epoch: [23][50/79]	Step 16896	Loss 1.6235	Prec@(1,5) (55.7%, 84.0%)
08/02 02:25:09午後 evaluateCell_trainer.py:199 [INFO] Valid: Epoch: [23][78/79]	Step 16896	Loss 1.6386	Prec@(1,5) (55.7%, 83.7%)
08/02 02:25:09午後 evaluateCell_trainer.py:206 [INFO] Valid: [ 23/99] Final Prec@1 55.7200%
08/02 02:25:09午後 evaluateCell_main.py:75 [INFO] Until now, best Prec@1 = 55.7200%
08/02 02:25:34午後 evaluateCell_trainer.py:199 [INFO] Valid: Epoch: [24][50/79]	Step 17600	Loss 1.6889	Prec@(1,5) (55.1%, 84.3%)
08/02 02:25:34午後 evaluateCell_trainer.py:199 [INFO] Valid: Epoch: [24][78/79]	Step 17600	Loss 1.6973	Prec@(1,5) (54.4%, 83.9%)
08/02 02:25:34午後 evaluateCell_trainer.py:206 [INFO] Valid: [ 24/99] Final Prec@1 54.4200%
08/02 02:25:34午後 evaluateCell_main.py:75 [INFO] Until now, best Prec@1 = 55.7200%
08/02 02:26:00午後 evaluateCell_trainer.py:199 [INFO] Valid: Epoch: [25][50/79]	Step 18304	Loss 1.7023	Prec@(1,5) (55.2%, 83.1%)
08/02 02:26:00午後 evaluateCell_trainer.py:199 [INFO] Valid: Epoch: [25][78/79]	Step 18304	Loss 1.7120	Prec@(1,5) (54.5%, 83.4%)
08/02 02:26:00午後 evaluateCell_trainer.py:206 [INFO] Valid: [ 25/99] Final Prec@1 54.4800%
08/02 02:26:00午後 evaluateCell_main.py:75 [INFO] Until now, best Prec@1 = 55.7200%
08/02 02:26:25午後 evaluateCell_trainer.py:199 [INFO] Valid: Epoch: [26][50/79]	Step 19008	Loss 1.6263	Prec@(1,5) (55.4%, 84.5%)
08/02 02:26:26午後 evaluateCell_trainer.py:199 [INFO] Valid: Epoch: [26][78/79]	Step 19008	Loss 1.6189	Prec@(1,5) (56.3%, 84.4%)
08/02 02:26:26午後 evaluateCell_trainer.py:206 [INFO] Valid: [ 26/99] Final Prec@1 56.3000%
08/02 02:26:26午後 evaluateCell_main.py:75 [INFO] Until now, best Prec@1 = 56.3000%
08/02 02:26:51午後 evaluateCell_trainer.py:199 [INFO] Valid: Epoch: [27][50/79]	Step 19712	Loss 1.5920	Prec@(1,5) (56.6%, 85.4%)
08/02 02:26:51午後 evaluateCell_trainer.py:199 [INFO] Valid: Epoch: [27][78/79]	Step 19712	Loss 1.5835	Prec@(1,5) (57.3%, 85.3%)
08/02 02:26:51午後 evaluateCell_trainer.py:206 [INFO] Valid: [ 27/99] Final Prec@1 57.3200%
08/02 02:26:51午後 evaluateCell_main.py:75 [INFO] Until now, best Prec@1 = 57.3200%
08/02 02:27:17午後 evaluateCell_trainer.py:199 [INFO] Valid: Epoch: [28][50/79]	Step 20416	Loss 1.6585	Prec@(1,5) (55.5%, 84.0%)
08/02 02:27:17午後 evaluateCell_trainer.py:199 [INFO] Valid: Epoch: [28][78/79]	Step 20416	Loss 1.6588	Prec@(1,5) (55.8%, 84.1%)
08/02 02:27:17午後 evaluateCell_trainer.py:206 [INFO] Valid: [ 28/99] Final Prec@1 55.8000%
08/02 02:27:17午後 evaluateCell_main.py:75 [INFO] Until now, best Prec@1 = 57.3200%
08/02 02:27:42午後 evaluateCell_trainer.py:199 [INFO] Valid: Epoch: [29][50/79]	Step 21120	Loss 1.5902	Prec@(1,5) (57.6%, 84.8%)
08/02 02:27:43午後 evaluateCell_trainer.py:199 [INFO] Valid: Epoch: [29][78/79]	Step 21120	Loss 1.6217	Prec@(1,5) (56.8%, 84.5%)
08/02 02:27:43午後 evaluateCell_trainer.py:206 [INFO] Valid: [ 29/99] Final Prec@1 56.7200%
08/02 02:27:43午後 evaluateCell_main.py:75 [INFO] Until now, best Prec@1 = 57.3200%
08/02 02:28:08午後 evaluateCell_trainer.py:199 [INFO] Valid: Epoch: [30][50/79]	Step 21824	Loss 1.6050	Prec@(1,5) (57.3%, 85.3%)
08/02 02:28:08午後 evaluateCell_trainer.py:199 [INFO] Valid: Epoch: [30][78/79]	Step 21824	Loss 1.6347	Prec@(1,5) (57.2%, 84.5%)
08/02 02:28:08午後 evaluateCell_trainer.py:206 [INFO] Valid: [ 30/99] Final Prec@1 57.2000%
08/02 02:28:08午後 evaluateCell_main.py:75 [INFO] Until now, best Prec@1 = 57.3200%
08/02 02:28:33午後 evaluateCell_trainer.py:199 [INFO] Valid: Epoch: [31][50/79]	Step 22528	Loss 1.6464	Prec@(1,5) (55.8%, 84.5%)
08/02 02:28:34午後 evaluateCell_trainer.py:199 [INFO] Valid: Epoch: [31][78/79]	Step 22528	Loss 1.6026	Prec@(1,5) (57.0%, 85.1%)
08/02 02:28:34午後 evaluateCell_trainer.py:206 [INFO] Valid: [ 31/99] Final Prec@1 56.9800%
08/02 02:28:34午後 evaluateCell_main.py:75 [INFO] Until now, best Prec@1 = 57.3200%
08/02 02:28:59午後 evaluateCell_trainer.py:199 [INFO] Valid: Epoch: [32][50/79]	Step 23232	Loss 1.5859	Prec@(1,5) (57.6%, 85.5%)
08/02 02:28:59午後 evaluateCell_trainer.py:199 [INFO] Valid: Epoch: [32][78/79]	Step 23232	Loss 1.5409	Prec@(1,5) (58.7%, 85.9%)
08/02 02:28:59午後 evaluateCell_trainer.py:206 [INFO] Valid: [ 32/99] Final Prec@1 58.7000%
08/02 02:28:59午後 evaluateCell_main.py:75 [INFO] Until now, best Prec@1 = 58.7000%
08/02 02:29:24午後 evaluateCell_trainer.py:199 [INFO] Valid: Epoch: [33][50/79]	Step 23936	Loss 1.5663	Prec@(1,5) (58.2%, 86.0%)
08/02 02:29:25午後 evaluateCell_trainer.py:199 [INFO] Valid: Epoch: [33][78/79]	Step 23936	Loss 1.5688	Prec@(1,5) (57.9%, 85.5%)
08/02 02:29:25午後 evaluateCell_trainer.py:206 [INFO] Valid: [ 33/99] Final Prec@1 57.9000%
08/02 02:29:25午後 evaluateCell_main.py:75 [INFO] Until now, best Prec@1 = 58.7000%
08/02 02:29:50午後 evaluateCell_trainer.py:199 [INFO] Valid: Epoch: [34][50/79]	Step 24640	Loss 1.5115	Prec@(1,5) (58.6%, 86.6%)
08/02 02:29:50午後 evaluateCell_trainer.py:199 [INFO] Valid: Epoch: [34][78/79]	Step 24640	Loss 1.5328	Prec@(1,5) (58.6%, 86.2%)
08/02 02:29:50午後 evaluateCell_trainer.py:206 [INFO] Valid: [ 34/99] Final Prec@1 58.6800%
08/02 02:29:50午後 evaluateCell_main.py:75 [INFO] Until now, best Prec@1 = 58.7000%
08/02 02:30:15午後 evaluateCell_trainer.py:199 [INFO] Valid: Epoch: [35][50/79]	Step 25344	Loss 1.5218	Prec@(1,5) (59.2%, 86.0%)
08/02 02:30:16午後 evaluateCell_trainer.py:199 [INFO] Valid: Epoch: [35][78/79]	Step 25344	Loss 1.5129	Prec@(1,5) (59.3%, 86.7%)
08/02 02:30:16午後 evaluateCell_trainer.py:206 [INFO] Valid: [ 35/99] Final Prec@1 59.3000%
08/02 02:30:16午後 evaluateCell_main.py:75 [INFO] Until now, best Prec@1 = 59.3000%
08/02 02:30:41午後 evaluateCell_trainer.py:199 [INFO] Valid: Epoch: [36][50/79]	Step 26048	Loss 1.5717	Prec@(1,5) (58.5%, 86.0%)
08/02 02:30:42午後 evaluateCell_trainer.py:199 [INFO] Valid: Epoch: [36][78/79]	Step 26048	Loss 1.5412	Prec@(1,5) (58.7%, 86.0%)
08/02 02:30:42午後 evaluateCell_trainer.py:206 [INFO] Valid: [ 36/99] Final Prec@1 58.7200%
08/02 02:30:42午後 evaluateCell_main.py:75 [INFO] Until now, best Prec@1 = 59.3000%
08/02 02:31:07午後 evaluateCell_trainer.py:199 [INFO] Valid: Epoch: [37][50/79]	Step 26752	Loss 1.6036	Prec@(1,5) (56.6%, 85.9%)
08/02 02:31:07午後 evaluateCell_trainer.py:199 [INFO] Valid: Epoch: [37][78/79]	Step 26752	Loss 1.6000	Prec@(1,5) (57.1%, 85.7%)
08/02 02:31:07午後 evaluateCell_trainer.py:206 [INFO] Valid: [ 37/99] Final Prec@1 57.0800%
08/02 02:31:07午後 evaluateCell_main.py:75 [INFO] Until now, best Prec@1 = 59.3000%
08/02 02:31:32午後 evaluateCell_trainer.py:199 [INFO] Valid: Epoch: [38][50/79]	Step 27456	Loss 1.5849	Prec@(1,5) (57.8%, 85.7%)
08/02 02:31:33午後 evaluateCell_trainer.py:199 [INFO] Valid: Epoch: [38][78/79]	Step 27456	Loss 1.6015	Prec@(1,5) (57.8%, 85.6%)
08/02 02:31:33午後 evaluateCell_trainer.py:206 [INFO] Valid: [ 38/99] Final Prec@1 57.7600%
08/02 02:31:33午後 evaluateCell_main.py:75 [INFO] Until now, best Prec@1 = 59.3000%
08/02 02:31:58午後 evaluateCell_trainer.py:199 [INFO] Valid: Epoch: [39][50/79]	Step 28160	Loss 1.5705	Prec@(1,5) (58.0%, 86.8%)
08/02 02:31:58午後 evaluateCell_trainer.py:199 [INFO] Valid: Epoch: [39][78/79]	Step 28160	Loss 1.5880	Prec@(1,5) (57.7%, 86.8%)
08/02 02:31:58午後 evaluateCell_trainer.py:206 [INFO] Valid: [ 39/99] Final Prec@1 57.7000%
08/02 02:31:58午後 evaluateCell_main.py:75 [INFO] Until now, best Prec@1 = 59.3000%
08/02 02:32:24午後 evaluateCell_trainer.py:199 [INFO] Valid: Epoch: [40][50/79]	Step 28864	Loss 1.5298	Prec@(1,5) (59.9%, 86.2%)
08/02 02:32:24午後 evaluateCell_trainer.py:199 [INFO] Valid: Epoch: [40][78/79]	Step 28864	Loss 1.5261	Prec@(1,5) (59.3%, 86.6%)
08/02 02:32:24午後 evaluateCell_trainer.py:206 [INFO] Valid: [ 40/99] Final Prec@1 59.3200%
08/02 02:32:24午後 evaluateCell_main.py:75 [INFO] Until now, best Prec@1 = 59.3200%
08/02 02:32:49午後 evaluateCell_trainer.py:199 [INFO] Valid: Epoch: [41][50/79]	Step 29568	Loss 1.5869	Prec@(1,5) (57.7%, 86.6%)
08/02 02:32:50午後 evaluateCell_trainer.py:199 [INFO] Valid: Epoch: [41][78/79]	Step 29568	Loss 1.5459	Prec@(1,5) (58.8%, 87.2%)
08/02 02:32:50午後 evaluateCell_trainer.py:206 [INFO] Valid: [ 41/99] Final Prec@1 58.7200%
08/02 02:32:50午後 evaluateCell_main.py:75 [INFO] Until now, best Prec@1 = 59.3200%
08/02 02:33:15午後 evaluateCell_trainer.py:199 [INFO] Valid: Epoch: [42][50/79]	Step 30272	Loss 1.5841	Prec@(1,5) (59.1%, 86.1%)
08/02 02:33:15午後 evaluateCell_trainer.py:199 [INFO] Valid: Epoch: [42][78/79]	Step 30272	Loss 1.5550	Prec@(1,5) (60.0%, 86.8%)
08/02 02:33:15午後 evaluateCell_trainer.py:206 [INFO] Valid: [ 42/99] Final Prec@1 60.0000%
08/02 02:33:15午後 evaluateCell_main.py:75 [INFO] Until now, best Prec@1 = 60.0000%
08/02 02:33:41午後 evaluateCell_trainer.py:199 [INFO] Valid: Epoch: [43][50/79]	Step 30976	Loss 1.4755	Prec@(1,5) (60.0%, 87.6%)
08/02 02:33:41午後 evaluateCell_trainer.py:199 [INFO] Valid: Epoch: [43][78/79]	Step 30976	Loss 1.4818	Prec@(1,5) (59.8%, 87.4%)
08/02 02:33:41午後 evaluateCell_trainer.py:206 [INFO] Valid: [ 43/99] Final Prec@1 59.8400%
08/02 02:33:41午後 evaluateCell_main.py:75 [INFO] Until now, best Prec@1 = 60.0000%
08/02 02:34:06午後 evaluateCell_trainer.py:199 [INFO] Valid: Epoch: [44][50/79]	Step 31680	Loss 1.5634	Prec@(1,5) (59.2%, 85.2%)
08/02 02:34:06午後 evaluateCell_trainer.py:199 [INFO] Valid: Epoch: [44][78/79]	Step 31680	Loss 1.5441	Prec@(1,5) (59.5%, 86.2%)
08/02 02:34:06午後 evaluateCell_trainer.py:206 [INFO] Valid: [ 44/99] Final Prec@1 59.5200%
08/02 02:34:06午後 evaluateCell_main.py:75 [INFO] Until now, best Prec@1 = 60.0000%
08/02 02:34:32午後 evaluateCell_trainer.py:199 [INFO] Valid: Epoch: [45][50/79]	Step 32384	Loss 1.4984	Prec@(1,5) (60.5%, 86.8%)
08/02 02:34:32午後 evaluateCell_trainer.py:199 [INFO] Valid: Epoch: [45][78/79]	Step 32384	Loss 1.4995	Prec@(1,5) (61.2%, 86.8%)
08/02 02:34:32午後 evaluateCell_trainer.py:206 [INFO] Valid: [ 45/99] Final Prec@1 61.1400%
08/02 02:34:32午後 evaluateCell_main.py:75 [INFO] Until now, best Prec@1 = 61.1400%
08/02 02:34:57午後 evaluateCell_trainer.py:199 [INFO] Valid: Epoch: [46][50/79]	Step 33088	Loss 1.3577	Prec@(1,5) (63.0%, 88.9%)
08/02 02:34:57午後 evaluateCell_trainer.py:199 [INFO] Valid: Epoch: [46][78/79]	Step 33088	Loss 1.3859	Prec@(1,5) (62.4%, 88.2%)
08/02 02:34:57午後 evaluateCell_trainer.py:206 [INFO] Valid: [ 46/99] Final Prec@1 62.3400%
08/02 02:34:58午後 evaluateCell_main.py:75 [INFO] Until now, best Prec@1 = 62.3400%
08/02 02:35:22午後 evaluateCell_trainer.py:199 [INFO] Valid: Epoch: [47][50/79]	Step 33792	Loss 1.4133	Prec@(1,5) (62.3%, 88.4%)
08/02 02:35:23午後 evaluateCell_trainer.py:199 [INFO] Valid: Epoch: [47][78/79]	Step 33792	Loss 1.4285	Prec@(1,5) (61.7%, 88.2%)
08/02 02:35:23午後 evaluateCell_trainer.py:206 [INFO] Valid: [ 47/99] Final Prec@1 61.7200%
08/02 02:35:23午後 evaluateCell_main.py:75 [INFO] Until now, best Prec@1 = 62.3400%
08/02 02:35:48午後 evaluateCell_trainer.py:199 [INFO] Valid: Epoch: [48][50/79]	Step 34496	Loss 1.4282	Prec@(1,5) (62.0%, 88.2%)
08/02 02:35:48午後 evaluateCell_trainer.py:199 [INFO] Valid: Epoch: [48][78/79]	Step 34496	Loss 1.4776	Prec@(1,5) (61.3%, 87.4%)
08/02 02:35:48午後 evaluateCell_trainer.py:206 [INFO] Valid: [ 48/99] Final Prec@1 61.3000%
08/02 02:35:48午後 evaluateCell_main.py:75 [INFO] Until now, best Prec@1 = 62.3400%
08/02 02:36:13午後 evaluateCell_trainer.py:199 [INFO] Valid: Epoch: [49][50/79]	Step 35200	Loss 1.4322	Prec@(1,5) (61.7%, 88.2%)
08/02 02:36:14午後 evaluateCell_trainer.py:199 [INFO] Valid: Epoch: [49][78/79]	Step 35200	Loss 1.4608	Prec@(1,5) (61.5%, 87.9%)
08/02 02:36:14午後 evaluateCell_trainer.py:206 [INFO] Valid: [ 49/99] Final Prec@1 61.4200%
08/02 02:36:14午後 evaluateCell_main.py:75 [INFO] Until now, best Prec@1 = 62.3400%
08/02 02:36:39午後 evaluateCell_trainer.py:199 [INFO] Valid: Epoch: [50][50/79]	Step 35904	Loss 1.3678	Prec@(1,5) (63.2%, 89.1%)
08/02 02:36:39午後 evaluateCell_trainer.py:199 [INFO] Valid: Epoch: [50][78/79]	Step 35904	Loss 1.3770	Prec@(1,5) (63.2%, 89.3%)
08/02 02:36:39午後 evaluateCell_trainer.py:206 [INFO] Valid: [ 50/99] Final Prec@1 63.1800%
08/02 02:36:39午後 evaluateCell_main.py:75 [INFO] Until now, best Prec@1 = 63.1800%
08/02 02:37:04午後 evaluateCell_trainer.py:199 [INFO] Valid: Epoch: [51][50/79]	Step 36608	Loss 1.4413	Prec@(1,5) (62.0%, 88.7%)
08/02 02:37:05午後 evaluateCell_trainer.py:199 [INFO] Valid: Epoch: [51][78/79]	Step 36608	Loss 1.4518	Prec@(1,5) (61.9%, 88.2%)
08/02 02:37:05午後 evaluateCell_trainer.py:206 [INFO] Valid: [ 51/99] Final Prec@1 61.8400%
08/02 02:37:05午後 evaluateCell_main.py:75 [INFO] Until now, best Prec@1 = 63.1800%
08/02 02:37:30午後 evaluateCell_trainer.py:199 [INFO] Valid: Epoch: [52][50/79]	Step 37312	Loss 1.4249	Prec@(1,5) (62.6%, 88.1%)
08/02 02:37:30午後 evaluateCell_trainer.py:199 [INFO] Valid: Epoch: [52][78/79]	Step 37312	Loss 1.4413	Prec@(1,5) (62.1%, 87.8%)
08/02 02:37:30午後 evaluateCell_trainer.py:206 [INFO] Valid: [ 52/99] Final Prec@1 62.0600%
08/02 02:37:30午後 evaluateCell_main.py:75 [INFO] Until now, best Prec@1 = 63.1800%
08/02 02:37:55午後 evaluateCell_trainer.py:199 [INFO] Valid: Epoch: [53][50/79]	Step 38016	Loss 1.4877	Prec@(1,5) (62.7%, 87.8%)
08/02 02:37:56午後 evaluateCell_trainer.py:199 [INFO] Valid: Epoch: [53][78/79]	Step 38016	Loss 1.4723	Prec@(1,5) (62.4%, 87.8%)
08/02 02:37:56午後 evaluateCell_trainer.py:206 [INFO] Valid: [ 53/99] Final Prec@1 62.3800%
08/02 02:37:56午後 evaluateCell_main.py:75 [INFO] Until now, best Prec@1 = 63.1800%
08/02 02:38:21午後 evaluateCell_trainer.py:199 [INFO] Valid: Epoch: [54][50/79]	Step 38720	Loss 1.3429	Prec@(1,5) (64.6%, 89.3%)
08/02 02:38:21午後 evaluateCell_trainer.py:199 [INFO] Valid: Epoch: [54][78/79]	Step 38720	Loss 1.3896	Prec@(1,5) (63.8%, 88.7%)
08/02 02:38:21午後 evaluateCell_trainer.py:206 [INFO] Valid: [ 54/99] Final Prec@1 63.7200%
08/02 02:38:21午後 evaluateCell_main.py:75 [INFO] Until now, best Prec@1 = 63.7200%
08/02 02:38:46午後 evaluateCell_trainer.py:199 [INFO] Valid: Epoch: [55][50/79]	Step 39424	Loss 1.3926	Prec@(1,5) (63.7%, 89.1%)
08/02 02:38:47午後 evaluateCell_trainer.py:199 [INFO] Valid: Epoch: [55][78/79]	Step 39424	Loss 1.4072	Prec@(1,5) (63.4%, 88.7%)
08/02 02:38:47午後 evaluateCell_trainer.py:206 [INFO] Valid: [ 55/99] Final Prec@1 63.4000%
08/02 02:38:47午後 evaluateCell_main.py:75 [INFO] Until now, best Prec@1 = 63.7200%
08/02 02:39:12午後 evaluateCell_trainer.py:199 [INFO] Valid: Epoch: [56][50/79]	Step 40128	Loss 1.4075	Prec@(1,5) (63.9%, 89.4%)
08/02 02:39:12午後 evaluateCell_trainer.py:199 [INFO] Valid: Epoch: [56][78/79]	Step 40128	Loss 1.4045	Prec@(1,5) (63.8%, 89.1%)
08/02 02:39:12午後 evaluateCell_trainer.py:206 [INFO] Valid: [ 56/99] Final Prec@1 63.7800%
08/02 02:39:12午後 evaluateCell_main.py:75 [INFO] Until now, best Prec@1 = 63.7800%
08/02 02:39:37午後 evaluateCell_trainer.py:199 [INFO] Valid: Epoch: [57][50/79]	Step 40832	Loss 1.4206	Prec@(1,5) (63.3%, 88.5%)
08/02 02:39:37午後 evaluateCell_trainer.py:199 [INFO] Valid: Epoch: [57][78/79]	Step 40832	Loss 1.3999	Prec@(1,5) (64.2%, 88.7%)
08/02 02:39:37午後 evaluateCell_trainer.py:206 [INFO] Valid: [ 57/99] Final Prec@1 64.2600%
08/02 02:39:38午後 evaluateCell_main.py:75 [INFO] Until now, best Prec@1 = 64.2600%
08/02 02:40:03午後 evaluateCell_trainer.py:199 [INFO] Valid: Epoch: [58][50/79]	Step 41536	Loss 1.3699	Prec@(1,5) (64.8%, 89.3%)
08/02 02:40:03午後 evaluateCell_trainer.py:199 [INFO] Valid: Epoch: [58][78/79]	Step 41536	Loss 1.3721	Prec@(1,5) (65.1%, 89.4%)
08/02 02:40:03午後 evaluateCell_trainer.py:206 [INFO] Valid: [ 58/99] Final Prec@1 65.0400%
08/02 02:40:03午後 evaluateCell_main.py:75 [INFO] Until now, best Prec@1 = 65.0400%
08/02 02:40:28午後 evaluateCell_trainer.py:199 [INFO] Valid: Epoch: [59][50/79]	Step 42240	Loss 1.3942	Prec@(1,5) (64.4%, 89.4%)
08/02 02:40:28午後 evaluateCell_trainer.py:199 [INFO] Valid: Epoch: [59][78/79]	Step 42240	Loss 1.3884	Prec@(1,5) (64.5%, 89.6%)
08/02 02:40:28午後 evaluateCell_trainer.py:206 [INFO] Valid: [ 59/99] Final Prec@1 64.5000%
08/02 02:40:29午後 evaluateCell_main.py:75 [INFO] Until now, best Prec@1 = 65.0400%
08/02 02:40:54午後 evaluateCell_trainer.py:199 [INFO] Valid: Epoch: [60][50/79]	Step 42944	Loss 1.4261	Prec@(1,5) (63.1%, 88.7%)
08/02 02:40:54午後 evaluateCell_trainer.py:199 [INFO] Valid: Epoch: [60][78/79]	Step 42944	Loss 1.3855	Prec@(1,5) (63.7%, 89.2%)
08/02 02:40:54午後 evaluateCell_trainer.py:206 [INFO] Valid: [ 60/99] Final Prec@1 63.7200%
08/02 02:40:54午後 evaluateCell_main.py:75 [INFO] Until now, best Prec@1 = 65.0400%
08/02 02:41:19午後 evaluateCell_trainer.py:199 [INFO] Valid: Epoch: [61][50/79]	Step 43648	Loss 1.4164	Prec@(1,5) (64.0%, 89.7%)
08/02 02:41:19午後 evaluateCell_trainer.py:199 [INFO] Valid: Epoch: [61][78/79]	Step 43648	Loss 1.4374	Prec@(1,5) (64.0%, 89.2%)
08/02 02:41:19午後 evaluateCell_trainer.py:206 [INFO] Valid: [ 61/99] Final Prec@1 63.9600%
08/02 02:41:20午後 evaluateCell_main.py:75 [INFO] Until now, best Prec@1 = 65.0400%
08/02 02:41:45午後 evaluateCell_trainer.py:199 [INFO] Valid: Epoch: [62][50/79]	Step 44352	Loss 1.3517	Prec@(1,5) (64.8%, 89.5%)
08/02 02:41:45午後 evaluateCell_trainer.py:199 [INFO] Valid: Epoch: [62][78/79]	Step 44352	Loss 1.3890	Prec@(1,5) (64.9%, 88.9%)
08/02 02:41:45午後 evaluateCell_trainer.py:206 [INFO] Valid: [ 62/99] Final Prec@1 64.8400%
08/02 02:41:45午後 evaluateCell_main.py:75 [INFO] Until now, best Prec@1 = 65.0400%
08/02 02:42:10午後 evaluateCell_trainer.py:199 [INFO] Valid: Epoch: [63][50/79]	Step 45056	Loss 1.4284	Prec@(1,5) (64.1%, 88.9%)
08/02 02:42:10午後 evaluateCell_trainer.py:199 [INFO] Valid: Epoch: [63][78/79]	Step 45056	Loss 1.4228	Prec@(1,5) (64.0%, 89.1%)
08/02 02:42:10午後 evaluateCell_trainer.py:206 [INFO] Valid: [ 63/99] Final Prec@1 64.0200%
08/02 02:42:10午後 evaluateCell_main.py:75 [INFO] Until now, best Prec@1 = 65.0400%
08/02 02:42:35午後 evaluateCell_trainer.py:199 [INFO] Valid: Epoch: [64][50/79]	Step 45760	Loss 1.3518	Prec@(1,5) (65.8%, 89.5%)
08/02 02:42:36午後 evaluateCell_trainer.py:199 [INFO] Valid: Epoch: [64][78/79]	Step 45760	Loss 1.3524	Prec@(1,5) (65.5%, 89.7%)
08/02 02:42:36午後 evaluateCell_trainer.py:206 [INFO] Valid: [ 64/99] Final Prec@1 65.5800%
08/02 02:42:36午後 evaluateCell_main.py:75 [INFO] Until now, best Prec@1 = 65.5800%
08/02 02:43:01午後 evaluateCell_trainer.py:199 [INFO] Valid: Epoch: [65][50/79]	Step 46464	Loss 1.4059	Prec@(1,5) (64.3%, 88.7%)
08/02 02:43:01午後 evaluateCell_trainer.py:199 [INFO] Valid: Epoch: [65][78/79]	Step 46464	Loss 1.3836	Prec@(1,5) (64.8%, 89.4%)
08/02 02:43:01午後 evaluateCell_trainer.py:206 [INFO] Valid: [ 65/99] Final Prec@1 64.7800%
08/02 02:43:01午後 evaluateCell_main.py:75 [INFO] Until now, best Prec@1 = 65.5800%
08/02 02:43:26午後 evaluateCell_trainer.py:199 [INFO] Valid: Epoch: [66][50/79]	Step 47168	Loss 1.3511	Prec@(1,5) (66.6%, 89.5%)
08/02 02:43:26午後 evaluateCell_trainer.py:199 [INFO] Valid: Epoch: [66][78/79]	Step 47168	Loss 1.3717	Prec@(1,5) (65.7%, 89.4%)
08/02 02:43:26午後 evaluateCell_trainer.py:206 [INFO] Valid: [ 66/99] Final Prec@1 65.6600%
08/02 02:43:26午後 evaluateCell_main.py:75 [INFO] Until now, best Prec@1 = 65.6600%
08/02 02:43:52午後 evaluateCell_trainer.py:199 [INFO] Valid: Epoch: [67][50/79]	Step 47872	Loss 1.3938	Prec@(1,5) (66.6%, 89.3%)
08/02 02:43:52午後 evaluateCell_trainer.py:199 [INFO] Valid: Epoch: [67][78/79]	Step 47872	Loss 1.3822	Prec@(1,5) (66.0%, 89.7%)
08/02 02:43:52午後 evaluateCell_trainer.py:206 [INFO] Valid: [ 67/99] Final Prec@1 65.9400%
08/02 02:43:52午後 evaluateCell_main.py:75 [INFO] Until now, best Prec@1 = 65.9400%
08/02 02:44:17午後 evaluateCell_trainer.py:199 [INFO] Valid: Epoch: [68][50/79]	Step 48576	Loss 1.3765	Prec@(1,5) (66.0%, 90.2%)
08/02 02:44:17午後 evaluateCell_trainer.py:199 [INFO] Valid: Epoch: [68][78/79]	Step 48576	Loss 1.3739	Prec@(1,5) (65.9%, 90.2%)
08/02 02:44:17午後 evaluateCell_trainer.py:206 [INFO] Valid: [ 68/99] Final Prec@1 65.8800%
08/02 02:44:17午後 evaluateCell_main.py:75 [INFO] Until now, best Prec@1 = 65.9400%
08/02 02:44:42午後 evaluateCell_trainer.py:199 [INFO] Valid: Epoch: [69][50/79]	Step 49280	Loss 1.3610	Prec@(1,5) (66.4%, 89.6%)
08/02 02:44:43午後 evaluateCell_trainer.py:199 [INFO] Valid: Epoch: [69][78/79]	Step 49280	Loss 1.3776	Prec@(1,5) (65.7%, 89.4%)
08/02 02:44:43午後 evaluateCell_trainer.py:206 [INFO] Valid: [ 69/99] Final Prec@1 65.7000%
08/02 02:44:43午後 evaluateCell_main.py:75 [INFO] Until now, best Prec@1 = 65.9400%
08/02 02:45:08午後 evaluateCell_trainer.py:199 [INFO] Valid: Epoch: [70][50/79]	Step 49984	Loss 1.3990	Prec@(1,5) (65.6%, 90.3%)
08/02 02:45:08午後 evaluateCell_trainer.py:199 [INFO] Valid: Epoch: [70][78/79]	Step 49984	Loss 1.3967	Prec@(1,5) (66.1%, 90.2%)
08/02 02:45:08午後 evaluateCell_trainer.py:206 [INFO] Valid: [ 70/99] Final Prec@1 66.1000%
08/02 02:45:08午後 evaluateCell_main.py:75 [INFO] Until now, best Prec@1 = 66.1000%
08/02 02:45:33午後 evaluateCell_trainer.py:199 [INFO] Valid: Epoch: [71][50/79]	Step 50688	Loss 1.4447	Prec@(1,5) (65.1%, 89.8%)
08/02 02:45:34午後 evaluateCell_trainer.py:199 [INFO] Valid: Epoch: [71][78/79]	Step 50688	Loss 1.4349	Prec@(1,5) (65.5%, 89.7%)
08/02 02:45:34午後 evaluateCell_trainer.py:206 [INFO] Valid: [ 71/99] Final Prec@1 65.4600%
08/02 02:45:34午後 evaluateCell_main.py:75 [INFO] Until now, best Prec@1 = 66.1000%
08/02 02:45:59午後 evaluateCell_trainer.py:199 [INFO] Valid: Epoch: [72][50/79]	Step 51392	Loss 1.3844	Prec@(1,5) (65.8%, 89.6%)
08/02 02:45:59午後 evaluateCell_trainer.py:199 [INFO] Valid: Epoch: [72][78/79]	Step 51392	Loss 1.3644	Prec@(1,5) (66.3%, 90.0%)
08/02 02:45:59午後 evaluateCell_trainer.py:206 [INFO] Valid: [ 72/99] Final Prec@1 66.3800%
08/02 02:45:59午後 evaluateCell_main.py:75 [INFO] Until now, best Prec@1 = 66.3800%
08/02 02:46:24午後 evaluateCell_trainer.py:199 [INFO] Valid: Epoch: [73][50/79]	Step 52096	Loss 1.3594	Prec@(1,5) (67.1%, 90.1%)
08/02 02:46:25午後 evaluateCell_trainer.py:199 [INFO] Valid: Epoch: [73][78/79]	Step 52096	Loss 1.3661	Prec@(1,5) (67.1%, 90.0%)
08/02 02:46:25午後 evaluateCell_trainer.py:206 [INFO] Valid: [ 73/99] Final Prec@1 67.0800%
08/02 02:46:25午後 evaluateCell_main.py:75 [INFO] Until now, best Prec@1 = 67.0800%
08/02 02:46:50午後 evaluateCell_trainer.py:199 [INFO] Valid: Epoch: [74][50/79]	Step 52800	Loss 1.3543	Prec@(1,5) (66.4%, 90.9%)
08/02 02:46:50午後 evaluateCell_trainer.py:199 [INFO] Valid: Epoch: [74][78/79]	Step 52800	Loss 1.3355	Prec@(1,5) (67.5%, 90.7%)
08/02 02:46:50午後 evaluateCell_trainer.py:206 [INFO] Valid: [ 74/99] Final Prec@1 67.5400%
08/02 02:46:50午後 evaluateCell_main.py:75 [INFO] Until now, best Prec@1 = 67.5400%
08/02 02:47:15午後 evaluateCell_trainer.py:199 [INFO] Valid: Epoch: [75][50/79]	Step 53504	Loss 1.3902	Prec@(1,5) (66.8%, 90.1%)
08/02 02:47:15午後 evaluateCell_trainer.py:199 [INFO] Valid: Epoch: [75][78/79]	Step 53504	Loss 1.3762	Prec@(1,5) (67.0%, 90.0%)
08/02 02:47:15午後 evaluateCell_trainer.py:206 [INFO] Valid: [ 75/99] Final Prec@1 66.9600%
08/02 02:47:15午後 evaluateCell_main.py:75 [INFO] Until now, best Prec@1 = 67.5400%
08/02 02:47:40午後 evaluateCell_trainer.py:199 [INFO] Valid: Epoch: [76][50/79]	Step 54208	Loss 1.3795	Prec@(1,5) (67.6%, 90.7%)
08/02 02:47:41午後 evaluateCell_trainer.py:199 [INFO] Valid: Epoch: [76][78/79]	Step 54208	Loss 1.3688	Prec@(1,5) (67.4%, 90.6%)
08/02 02:47:41午後 evaluateCell_trainer.py:206 [INFO] Valid: [ 76/99] Final Prec@1 67.4400%
08/02 02:47:41午後 evaluateCell_main.py:75 [INFO] Until now, best Prec@1 = 67.5400%
08/02 02:48:06午後 evaluateCell_trainer.py:199 [INFO] Valid: Epoch: [77][50/79]	Step 54912	Loss 1.3381	Prec@(1,5) (68.7%, 91.2%)
08/02 02:48:06午後 evaluateCell_trainer.py:199 [INFO] Valid: Epoch: [77][78/79]	Step 54912	Loss 1.3558	Prec@(1,5) (67.7%, 90.8%)
08/02 02:48:06午後 evaluateCell_trainer.py:206 [INFO] Valid: [ 77/99] Final Prec@1 67.7600%
08/02 02:48:06午後 evaluateCell_main.py:75 [INFO] Until now, best Prec@1 = 67.7600%
08/02 02:48:31午後 evaluateCell_trainer.py:199 [INFO] Valid: Epoch: [78][50/79]	Step 55616	Loss 1.3624	Prec@(1,5) (67.3%, 90.8%)
08/02 02:48:32午後 evaluateCell_trainer.py:199 [INFO] Valid: Epoch: [78][78/79]	Step 55616	Loss 1.3540	Prec@(1,5) (67.5%, 90.9%)
08/02 02:48:32午後 evaluateCell_trainer.py:206 [INFO] Valid: [ 78/99] Final Prec@1 67.5200%
08/02 02:48:32午後 evaluateCell_main.py:75 [INFO] Until now, best Prec@1 = 67.7600%
08/02 02:48:57午後 evaluateCell_trainer.py:199 [INFO] Valid: Epoch: [79][50/79]	Step 56320	Loss 1.3746	Prec@(1,5) (67.3%, 90.6%)
08/02 02:48:57午後 evaluateCell_trainer.py:199 [INFO] Valid: Epoch: [79][78/79]	Step 56320	Loss 1.3843	Prec@(1,5) (67.3%, 90.5%)
08/02 02:48:57午後 evaluateCell_trainer.py:206 [INFO] Valid: [ 79/99] Final Prec@1 67.2400%
08/02 02:48:57午後 evaluateCell_main.py:75 [INFO] Until now, best Prec@1 = 67.7600%
08/02 02:49:22午後 evaluateCell_trainer.py:199 [INFO] Valid: Epoch: [80][50/79]	Step 57024	Loss 1.3808	Prec@(1,5) (66.9%, 90.4%)
08/02 02:49:22午後 evaluateCell_trainer.py:199 [INFO] Valid: Epoch: [80][78/79]	Step 57024	Loss 1.3588	Prec@(1,5) (67.3%, 90.7%)
08/02 02:49:22午後 evaluateCell_trainer.py:206 [INFO] Valid: [ 80/99] Final Prec@1 67.2800%
08/02 02:49:22午後 evaluateCell_main.py:75 [INFO] Until now, best Prec@1 = 67.7600%
08/02 02:49:47午後 evaluateCell_trainer.py:199 [INFO] Valid: Epoch: [81][50/79]	Step 57728	Loss 1.3701	Prec@(1,5) (67.5%, 91.0%)
08/02 02:49:48午後 evaluateCell_trainer.py:199 [INFO] Valid: Epoch: [81][78/79]	Step 57728	Loss 1.3633	Prec@(1,5) (67.6%, 91.0%)
08/02 02:49:48午後 evaluateCell_trainer.py:206 [INFO] Valid: [ 81/99] Final Prec@1 67.6400%
08/02 02:49:48午後 evaluateCell_main.py:75 [INFO] Until now, best Prec@1 = 67.7600%
08/02 02:50:13午後 evaluateCell_trainer.py:199 [INFO] Valid: Epoch: [82][50/79]	Step 58432	Loss 1.3752	Prec@(1,5) (67.8%, 90.8%)
08/02 02:50:13午後 evaluateCell_trainer.py:199 [INFO] Valid: Epoch: [82][78/79]	Step 58432	Loss 1.3674	Prec@(1,5) (68.0%, 90.7%)
08/02 02:50:13午後 evaluateCell_trainer.py:206 [INFO] Valid: [ 82/99] Final Prec@1 68.0400%
08/02 02:50:13午後 evaluateCell_main.py:75 [INFO] Until now, best Prec@1 = 68.0400%
08/02 02:50:38午後 evaluateCell_trainer.py:199 [INFO] Valid: Epoch: [83][50/79]	Step 59136	Loss 1.3767	Prec@(1,5) (67.4%, 90.6%)
08/02 02:50:39午後 evaluateCell_trainer.py:199 [INFO] Valid: Epoch: [83][78/79]	Step 59136	Loss 1.3765	Prec@(1,5) (67.6%, 90.5%)
08/02 02:50:39午後 evaluateCell_trainer.py:206 [INFO] Valid: [ 83/99] Final Prec@1 67.6400%
08/02 02:50:39午後 evaluateCell_main.py:75 [INFO] Until now, best Prec@1 = 68.0400%
08/02 02:51:04午後 evaluateCell_trainer.py:199 [INFO] Valid: Epoch: [84][50/79]	Step 59840	Loss 1.3621	Prec@(1,5) (68.0%, 90.7%)
08/02 02:51:04午後 evaluateCell_trainer.py:199 [INFO] Valid: Epoch: [84][78/79]	Step 59840	Loss 1.3486	Prec@(1,5) (68.4%, 90.7%)
08/02 02:51:04午後 evaluateCell_trainer.py:206 [INFO] Valid: [ 84/99] Final Prec@1 68.4000%
08/02 02:51:04午後 evaluateCell_main.py:75 [INFO] Until now, best Prec@1 = 68.4000%
08/02 02:51:29午後 evaluateCell_trainer.py:199 [INFO] Valid: Epoch: [85][50/79]	Step 60544	Loss 1.3247	Prec@(1,5) (68.9%, 91.0%)
08/02 02:51:30午後 evaluateCell_trainer.py:199 [INFO] Valid: Epoch: [85][78/79]	Step 60544	Loss 1.3412	Prec@(1,5) (68.2%, 91.0%)
08/02 02:51:30午後 evaluateCell_trainer.py:206 [INFO] Valid: [ 85/99] Final Prec@1 68.2400%
08/02 02:51:30午後 evaluateCell_main.py:75 [INFO] Until now, best Prec@1 = 68.4000%
08/02 02:51:55午後 evaluateCell_trainer.py:199 [INFO] Valid: Epoch: [86][50/79]	Step 61248	Loss 1.3594	Prec@(1,5) (68.9%, 90.9%)
08/02 02:51:55午後 evaluateCell_trainer.py:199 [INFO] Valid: Epoch: [86][78/79]	Step 61248	Loss 1.3384	Prec@(1,5) (68.6%, 91.2%)
08/02 02:51:55午後 evaluateCell_trainer.py:206 [INFO] Valid: [ 86/99] Final Prec@1 68.6200%
08/02 02:51:55午後 evaluateCell_main.py:75 [INFO] Until now, best Prec@1 = 68.6200%
08/02 02:52:20午後 evaluateCell_trainer.py:199 [INFO] Valid: Epoch: [87][50/79]	Step 61952	Loss 1.3174	Prec@(1,5) (69.7%, 90.9%)
08/02 02:52:21午後 evaluateCell_trainer.py:199 [INFO] Valid: Epoch: [87][78/79]	Step 61952	Loss 1.3596	Prec@(1,5) (69.2%, 90.6%)
08/02 02:52:21午後 evaluateCell_trainer.py:206 [INFO] Valid: [ 87/99] Final Prec@1 69.2200%
08/02 02:52:21午後 evaluateCell_main.py:75 [INFO] Until now, best Prec@1 = 69.2200%
08/02 02:52:46午後 evaluateCell_trainer.py:199 [INFO] Valid: Epoch: [88][50/79]	Step 62656	Loss 1.3405	Prec@(1,5) (68.5%, 91.7%)
08/02 02:52:46午後 evaluateCell_trainer.py:199 [INFO] Valid: Epoch: [88][78/79]	Step 62656	Loss 1.3437	Prec@(1,5) (68.8%, 91.0%)
08/02 02:52:46午後 evaluateCell_trainer.py:206 [INFO] Valid: [ 88/99] Final Prec@1 68.7600%
08/02 02:52:46午後 evaluateCell_main.py:75 [INFO] Until now, best Prec@1 = 69.2200%
08/02 02:53:11午後 evaluateCell_trainer.py:199 [INFO] Valid: Epoch: [89][50/79]	Step 63360	Loss 1.3370	Prec@(1,5) (68.9%, 91.2%)
08/02 02:53:12午後 evaluateCell_trainer.py:199 [INFO] Valid: Epoch: [89][78/79]	Step 63360	Loss 1.3445	Prec@(1,5) (68.6%, 91.1%)
08/02 02:53:12午後 evaluateCell_trainer.py:206 [INFO] Valid: [ 89/99] Final Prec@1 68.6400%
08/02 02:53:12午後 evaluateCell_main.py:75 [INFO] Until now, best Prec@1 = 69.2200%
08/02 02:53:37午後 evaluateCell_trainer.py:199 [INFO] Valid: Epoch: [90][50/79]	Step 64064	Loss 1.3729	Prec@(1,5) (68.5%, 91.0%)
08/02 02:53:37午後 evaluateCell_trainer.py:199 [INFO] Valid: Epoch: [90][78/79]	Step 64064	Loss 1.3488	Prec@(1,5) (69.2%, 91.1%)
08/02 02:53:37午後 evaluateCell_trainer.py:206 [INFO] Valid: [ 90/99] Final Prec@1 69.1800%
08/02 02:53:37午後 evaluateCell_main.py:75 [INFO] Until now, best Prec@1 = 69.2200%
08/02 02:54:02午後 evaluateCell_trainer.py:199 [INFO] Valid: Epoch: [91][50/79]	Step 64768	Loss 1.3686	Prec@(1,5) (68.7%, 91.0%)
08/02 02:54:02午後 evaluateCell_trainer.py:199 [INFO] Valid: Epoch: [91][78/79]	Step 64768	Loss 1.3234	Prec@(1,5) (69.4%, 90.9%)
08/02 02:54:02午後 evaluateCell_trainer.py:206 [INFO] Valid: [ 91/99] Final Prec@1 69.3600%
08/02 02:54:03午後 evaluateCell_main.py:75 [INFO] Until now, best Prec@1 = 69.3600%
08/02 02:54:28午後 evaluateCell_trainer.py:199 [INFO] Valid: Epoch: [92][50/79]	Step 65472	Loss 1.3440	Prec@(1,5) (69.1%, 91.1%)
08/02 02:54:28午後 evaluateCell_trainer.py:199 [INFO] Valid: Epoch: [92][78/79]	Step 65472	Loss 1.3508	Prec@(1,5) (68.9%, 91.2%)
08/02 02:54:28午後 evaluateCell_trainer.py:206 [INFO] Valid: [ 92/99] Final Prec@1 68.8400%
08/02 02:54:28午後 evaluateCell_main.py:75 [INFO] Until now, best Prec@1 = 69.3600%
08/02 02:54:53午後 evaluateCell_trainer.py:199 [INFO] Valid: Epoch: [93][50/79]	Step 66176	Loss 1.3806	Prec@(1,5) (68.6%, 90.4%)
08/02 02:54:53午後 evaluateCell_trainer.py:199 [INFO] Valid: Epoch: [93][78/79]	Step 66176	Loss 1.3649	Prec@(1,5) (68.7%, 90.8%)
08/02 02:54:53午後 evaluateCell_trainer.py:206 [INFO] Valid: [ 93/99] Final Prec@1 68.7800%
08/02 02:54:53午後 evaluateCell_main.py:75 [INFO] Until now, best Prec@1 = 69.3600%
08/02 02:55:18午後 evaluateCell_trainer.py:199 [INFO] Valid: Epoch: [94][50/79]	Step 66880	Loss 1.3711	Prec@(1,5) (68.3%, 90.8%)
08/02 02:55:19午後 evaluateCell_trainer.py:199 [INFO] Valid: Epoch: [94][78/79]	Step 66880	Loss 1.3406	Prec@(1,5) (69.1%, 90.9%)
08/02 02:55:19午後 evaluateCell_trainer.py:206 [INFO] Valid: [ 94/99] Final Prec@1 69.1000%
08/02 02:55:19午後 evaluateCell_main.py:75 [INFO] Until now, best Prec@1 = 69.3600%
08/02 02:55:44午後 evaluateCell_trainer.py:199 [INFO] Valid: Epoch: [95][50/79]	Step 67584	Loss 1.3776	Prec@(1,5) (68.1%, 90.7%)
08/02 02:55:44午後 evaluateCell_trainer.py:199 [INFO] Valid: Epoch: [95][78/79]	Step 67584	Loss 1.3472	Prec@(1,5) (68.6%, 90.9%)
08/02 02:55:44午後 evaluateCell_trainer.py:206 [INFO] Valid: [ 95/99] Final Prec@1 68.5800%
08/02 02:55:44午後 evaluateCell_main.py:75 [INFO] Until now, best Prec@1 = 69.3600%
08/02 02:56:09午後 evaluateCell_trainer.py:199 [INFO] Valid: Epoch: [96][50/79]	Step 68288	Loss 1.3760	Prec@(1,5) (68.4%, 90.3%)
08/02 02:56:09午後 evaluateCell_trainer.py:199 [INFO] Valid: Epoch: [96][78/79]	Step 68288	Loss 1.3545	Prec@(1,5) (69.2%, 90.9%)
08/02 02:56:09午後 evaluateCell_trainer.py:206 [INFO] Valid: [ 96/99] Final Prec@1 69.1400%
08/02 02:56:10午後 evaluateCell_main.py:75 [INFO] Until now, best Prec@1 = 69.3600%
08/02 02:56:35午後 evaluateCell_trainer.py:199 [INFO] Valid: Epoch: [97][50/79]	Step 68992	Loss 1.3630	Prec@(1,5) (69.6%, 91.0%)
08/02 02:56:35午後 evaluateCell_trainer.py:199 [INFO] Valid: Epoch: [97][78/79]	Step 68992	Loss 1.3536	Prec@(1,5) (69.6%, 91.1%)
08/02 02:56:35午後 evaluateCell_trainer.py:206 [INFO] Valid: [ 97/99] Final Prec@1 69.5800%
08/02 02:56:35午後 evaluateCell_main.py:75 [INFO] Until now, best Prec@1 = 69.5800%
08/02 02:57:00午後 evaluateCell_trainer.py:199 [INFO] Valid: Epoch: [98][50/79]	Step 69696	Loss 1.3638	Prec@(1,5) (68.4%, 91.5%)
08/02 02:57:01午後 evaluateCell_trainer.py:199 [INFO] Valid: Epoch: [98][78/79]	Step 69696	Loss 1.3526	Prec@(1,5) (68.9%, 91.4%)
08/02 02:57:01午後 evaluateCell_trainer.py:206 [INFO] Valid: [ 98/99] Final Prec@1 68.8400%
08/02 02:57:01午後 evaluateCell_main.py:75 [INFO] Until now, best Prec@1 = 69.5800%
08/02 02:57:26午後 evaluateCell_trainer.py:199 [INFO] Valid: Epoch: [99][50/79]	Step 70400	Loss 1.3355	Prec@(1,5) (69.7%, 90.7%)
08/02 02:57:26午後 evaluateCell_trainer.py:199 [INFO] Valid: Epoch: [99][78/79]	Step 70400	Loss 1.3507	Prec@(1,5) (69.0%, 90.9%)
08/02 02:57:26午後 evaluateCell_trainer.py:206 [INFO] Valid: [ 99/99] Final Prec@1 69.0200%
08/02 02:57:26午後 evaluateCell_main.py:75 [INFO] Until now, best Prec@1 = 69.5800%
08/02 02:57:26午後 evaluateCell_main.py:79 [INFO] Final best Prec@1 = 69.5800%
