06/26 03:15:14PM parser.py:28 [INFO] 
06/26 03:15:14PM parser.py:29 [INFO] Parameters:
06/26 03:15:14PM parser.py:31 [INFO] BATCH_SIZE=64
06/26 03:15:14PM parser.py:31 [INFO] CUTOUT_LENGTH=0
06/26 03:15:14PM parser.py:31 [INFO] DATA_PATH=../data/
06/26 03:15:14PM parser.py:31 [INFO] DATASET=cifar10
06/26 03:15:14PM parser.py:31 [INFO] EPOCHS=25
06/26 03:15:14PM parser.py:31 [INFO] EXP_NAME=E25-20240626-151514
06/26 03:15:14PM parser.py:31 [INFO] GPUS=[0]
06/26 03:15:14PM parser.py:31 [INFO] LOCAL_RANK=0
06/26 03:15:14PM parser.py:31 [INFO] LOGGER=<Logger H-DAS (INFO)>
06/26 03:15:14PM parser.py:31 [INFO] MODEL_NAME=wide_resnet50_2
06/26 03:15:14PM parser.py:31 [INFO] NAME=FINETUNE
06/26 03:15:14PM parser.py:31 [INFO] PATH=results/teacher/cifar10/wide_resnet50_2/FINETUNE/E25-20240626-151514
06/26 03:15:14PM parser.py:31 [INFO] PLOT_PATH=results/teacher/cifar10/wide_resnet50_2/FINETUNE/E25-20240626-151514/plots
06/26 03:15:14PM parser.py:31 [INFO] PRINT_FREQ=50
06/26 03:15:14PM parser.py:31 [INFO] RESUME_PATH=None
06/26 03:15:14PM parser.py:31 [INFO] SAVE=E25
06/26 03:15:14PM parser.py:31 [INFO] SEED=0
06/26 03:15:14PM parser.py:31 [INFO] TRAIN_PORTION=1.0
06/26 03:15:14PM parser.py:31 [INFO] W_GRAD_CLIP=5.0
06/26 03:15:14PM parser.py:31 [INFO] W_LR=0.025
06/26 03:15:14PM parser.py:31 [INFO] W_LR_MIN=0.001
06/26 03:15:14PM parser.py:31 [INFO] W_MOMENTUM=0.9
06/26 03:15:14PM parser.py:31 [INFO] W_WEIGHT_DECAY=0.0003
06/26 03:15:14PM parser.py:31 [INFO] WORKERS=4
06/26 03:15:14PM parser.py:32 [INFO] 
06/26 03:15:18PM finetuneTeacher_trainer.py:109 [INFO] --> No loaded checkpoint!
06/26 03:15:21PM finetuneTeacher_trainer.py:171 [INFO] Train: Epoch: [0][50/781]	Step 50	lr 0.025	Loss 1.9243 (2.0132)	Prec@(1,5) (28.5%, 74.6%)	
06/26 03:15:22PM finetuneTeacher_trainer.py:171 [INFO] Train: Epoch: [0][100/781]	Step 100	lr 0.025	Loss 1.8885 (1.8415)	Prec@(1,5) (35.7%, 81.3%)	
06/26 03:15:24PM finetuneTeacher_trainer.py:171 [INFO] Train: Epoch: [0][150/781]	Step 150	lr 0.025	Loss 1.4862 (1.7890)	Prec@(1,5) (38.9%, 84.2%)	
06/26 03:15:26PM finetuneTeacher_trainer.py:171 [INFO] Train: Epoch: [0][200/781]	Step 200	lr 0.025	Loss 2.3930 (1.9241)	Prec@(1,5) (40.1%, 85.1%)	
06/26 03:15:27PM finetuneTeacher_trainer.py:171 [INFO] Train: Epoch: [0][250/781]	Step 250	lr 0.025	Loss 1.7001 (1.9580)	Prec@(1,5) (39.7%, 85.1%)	
06/26 03:15:29PM finetuneTeacher_trainer.py:171 [INFO] Train: Epoch: [0][300/781]	Step 300	lr 0.025	Loss 1.9561 (1.9515)	Prec@(1,5) (40.0%, 85.8%)	
06/26 03:15:31PM finetuneTeacher_trainer.py:171 [INFO] Train: Epoch: [0][350/781]	Step 350	lr 0.025	Loss 1.6475 (1.9400)	Prec@(1,5) (40.4%, 86.1%)	
06/26 03:15:32PM finetuneTeacher_trainer.py:171 [INFO] Train: Epoch: [0][400/781]	Step 400	lr 0.025	Loss 1.2661 (1.9070)	Prec@(1,5) (41.4%, 86.7%)	
06/26 03:15:34PM finetuneTeacher_trainer.py:171 [INFO] Train: Epoch: [0][450/781]	Step 450	lr 0.025	Loss 1.3364 (1.8853)	Prec@(1,5) (42.3%, 87.3%)	
06/26 03:15:36PM finetuneTeacher_trainer.py:171 [INFO] Train: Epoch: [0][500/781]	Step 500	lr 0.025	Loss 1.8279 (1.8544)	Prec@(1,5) (43.3%, 87.8%)	
06/26 03:15:38PM finetuneTeacher_trainer.py:171 [INFO] Train: Epoch: [0][550/781]	Step 550	lr 0.025	Loss 1.0721 (1.8206)	Prec@(1,5) (44.4%, 88.3%)	
06/26 03:15:39PM finetuneTeacher_trainer.py:171 [INFO] Train: Epoch: [0][600/781]	Step 600	lr 0.025	Loss 1.0065 (1.7780)	Prec@(1,5) (45.6%, 88.8%)	
06/26 03:15:41PM finetuneTeacher_trainer.py:171 [INFO] Train: Epoch: [0][650/781]	Step 650	lr 0.025	Loss 1.2860 (1.7418)	Prec@(1,5) (46.6%, 89.2%)	
06/26 03:15:42PM finetuneTeacher_trainer.py:171 [INFO] Train: Epoch: [0][700/781]	Step 700	lr 0.025	Loss 1.3542 (1.7120)	Prec@(1,5) (47.3%, 89.5%)	
06/26 03:15:43PM finetuneTeacher_trainer.py:171 [INFO] Train: Epoch: [0][750/781]	Step 750	lr 0.025	Loss 1.2429 (1.6844)	Prec@(1,5) (48.0%, 89.8%)	
06/26 03:15:44PM finetuneTeacher_trainer.py:171 [INFO] Train: Epoch: [0][781/781]	Step 781	lr 0.025	Loss 1.5121 (1.6671)	Prec@(1,5) (48.4%, 90.0%)	
06/26 03:15:45PM finetuneTeacher_trainer.py:181 [INFO] Train: [  0/24] Final Prec@1 48.4280%
06/26 03:15:46PM finetuneTeacher_trainer.py:209 [INFO] Valid: Epoch: [0][50/391]	Step 782	Loss 1.1826	Prec@(1,5) (58.4%, 96.2%)
06/26 03:15:46PM finetuneTeacher_trainer.py:209 [INFO] Valid: Epoch: [0][100/391]	Step 782	Loss 1.1795	Prec@(1,5) (59.1%, 95.8%)
06/26 03:15:47PM finetuneTeacher_trainer.py:209 [INFO] Valid: Epoch: [0][150/391]	Step 782	Loss 1.1871	Prec@(1,5) (59.4%, 95.5%)
06/26 03:15:47PM finetuneTeacher_trainer.py:209 [INFO] Valid: Epoch: [0][200/391]	Step 782	Loss 1.1737	Prec@(1,5) (59.9%, 95.4%)
06/26 03:15:47PM finetuneTeacher_trainer.py:209 [INFO] Valid: Epoch: [0][250/391]	Step 782	Loss 1.1695	Prec@(1,5) (60.1%, 95.4%)
06/26 03:15:48PM finetuneTeacher_trainer.py:209 [INFO] Valid: Epoch: [0][300/391]	Step 782	Loss 1.1704	Prec@(1,5) (60.1%, 95.5%)
06/26 03:15:48PM finetuneTeacher_trainer.py:209 [INFO] Valid: Epoch: [0][350/391]	Step 782	Loss 1.1710	Prec@(1,5) (60.1%, 95.5%)
06/26 03:15:49PM finetuneTeacher_trainer.py:209 [INFO] Valid: Epoch: [0][390/391]	Step 782	Loss 1.1687	Prec@(1,5) (60.1%, 95.5%)
06/26 03:15:49PM finetuneTeacher_trainer.py:216 [INFO] Valid: [  0/24] Final Prec@1 60.0840%
06/26 03:15:50午後 finetuneTeacher_main.py:54 [INFO] Until now, best Prec@1 = 60.0840%
06/26 03:15:53午後 finetuneTeacher_trainer.py:171 [INFO] Train: Epoch: [1][50/781]	Step 832	lr 0.02491	Loss 1.0783 (1.1909)	Prec@(1,5) (62.2%, 94.9%)	
06/26 03:15:54午後 finetuneTeacher_trainer.py:171 [INFO] Train: Epoch: [1][100/781]	Step 882	lr 0.02491	Loss 1.4931 (1.1776)	Prec@(1,5) (62.3%, 95.0%)	
06/26 03:15:56午後 finetuneTeacher_trainer.py:171 [INFO] Train: Epoch: [1][150/781]	Step 932	lr 0.02491	Loss 1.1341 (1.1516)	Prec@(1,5) (62.6%, 95.3%)	
06/26 03:15:58午後 finetuneTeacher_trainer.py:171 [INFO] Train: Epoch: [1][200/781]	Step 982	lr 0.02491	Loss 1.2279 (1.1310)	Prec@(1,5) (63.0%, 95.6%)	
06/26 03:15:59午後 finetuneTeacher_trainer.py:171 [INFO] Train: Epoch: [1][250/781]	Step 1032	lr 0.02491	Loss 1.2585 (1.1097)	Prec@(1,5) (63.4%, 95.7%)	
06/26 03:16:01午後 finetuneTeacher_trainer.py:171 [INFO] Train: Epoch: [1][300/781]	Step 1082	lr 0.02491	Loss 1.0839 (1.0858)	Prec@(1,5) (64.1%, 95.9%)	
06/26 03:16:03午後 finetuneTeacher_trainer.py:171 [INFO] Train: Epoch: [1][350/781]	Step 1132	lr 0.02491	Loss 1.0775 (1.0733)	Prec@(1,5) (64.5%, 95.9%)	
06/26 03:16:04午後 finetuneTeacher_trainer.py:171 [INFO] Train: Epoch: [1][400/781]	Step 1182	lr 0.02491	Loss 0.8805 (1.0586)	Prec@(1,5) (64.9%, 96.0%)	
06/26 03:16:06午後 finetuneTeacher_trainer.py:171 [INFO] Train: Epoch: [1][450/781]	Step 1232	lr 0.02491	Loss 0.7693 (1.0505)	Prec@(1,5) (65.2%, 96.1%)	
06/26 03:16:08午後 finetuneTeacher_trainer.py:171 [INFO] Train: Epoch: [1][500/781]	Step 1282	lr 0.02491	Loss 1.1138 (1.0348)	Prec@(1,5) (65.6%, 96.2%)	
06/26 03:16:10午後 finetuneTeacher_trainer.py:171 [INFO] Train: Epoch: [1][550/781]	Step 1332	lr 0.02491	Loss 0.9997 (1.0259)	Prec@(1,5) (65.9%, 96.3%)	
06/26 03:16:12午後 finetuneTeacher_trainer.py:171 [INFO] Train: Epoch: [1][600/781]	Step 1382	lr 0.02491	Loss 0.8110 (1.0148)	Prec@(1,5) (66.3%, 96.4%)	
06/26 03:16:14午後 finetuneTeacher_trainer.py:171 [INFO] Train: Epoch: [1][650/781]	Step 1432	lr 0.02491	Loss 0.7902 (1.0051)	Prec@(1,5) (66.5%, 96.5%)	
06/26 03:16:16午後 finetuneTeacher_trainer.py:171 [INFO] Train: Epoch: [1][700/781]	Step 1482	lr 0.02491	Loss 0.6601 (0.9950)	Prec@(1,5) (66.8%, 96.6%)	
06/26 03:16:18午後 finetuneTeacher_trainer.py:171 [INFO] Train: Epoch: [1][750/781]	Step 1532	lr 0.02491	Loss 0.8970 (0.9826)	Prec@(1,5) (67.2%, 96.7%)	
06/26 03:16:19午後 finetuneTeacher_trainer.py:171 [INFO] Train: Epoch: [1][781/781]	Step 1563	lr 0.02491	Loss 1.1231 (0.9792)	Prec@(1,5) (67.3%, 96.7%)	
06/26 03:16:19午後 finetuneTeacher_trainer.py:181 [INFO] Train: [  1/24] Final Prec@1 67.3260%
06/26 03:16:20午後 finetuneTeacher_trainer.py:209 [INFO] Valid: Epoch: [1][50/391]	Step 1564	Loss 0.8686	Prec@(1,5) (70.5%, 97.5%)
06/26 03:16:20午後 finetuneTeacher_trainer.py:209 [INFO] Valid: Epoch: [1][100/391]	Step 1564	Loss 0.8724	Prec@(1,5) (70.5%, 97.2%)
06/26 03:16:20午後 finetuneTeacher_trainer.py:209 [INFO] Valid: Epoch: [1][150/391]	Step 1564	Loss 0.8864	Prec@(1,5) (70.1%, 97.1%)
06/26 03:16:21午後 finetuneTeacher_trainer.py:209 [INFO] Valid: Epoch: [1][200/391]	Step 1564	Loss 0.8793	Prec@(1,5) (70.3%, 97.1%)
06/26 03:16:21午後 finetuneTeacher_trainer.py:209 [INFO] Valid: Epoch: [1][250/391]	Step 1564	Loss 0.8770	Prec@(1,5) (70.5%, 97.2%)
06/26 03:16:22午後 finetuneTeacher_trainer.py:209 [INFO] Valid: Epoch: [1][300/391]	Step 1564	Loss 0.8746	Prec@(1,5) (70.6%, 97.2%)
06/26 03:16:22午後 finetuneTeacher_trainer.py:209 [INFO] Valid: Epoch: [1][350/391]	Step 1564	Loss 0.8756	Prec@(1,5) (70.4%, 97.2%)
06/26 03:16:22午後 finetuneTeacher_trainer.py:209 [INFO] Valid: Epoch: [1][390/391]	Step 1564	Loss 0.8749	Prec@(1,5) (70.4%, 97.2%)
06/26 03:16:22午後 finetuneTeacher_trainer.py:216 [INFO] Valid: [  1/24] Final Prec@1 70.4240%
06/26 03:16:24午後 finetuneTeacher_main.py:54 [INFO] Until now, best Prec@1 = 70.4240%
06/26 03:16:26午後 finetuneTeacher_trainer.py:171 [INFO] Train: Epoch: [2][50/781]	Step 1614	lr 0.02462	Loss 0.7522 (0.8223)	Prec@(1,5) (72.8%, 98.1%)	
06/26 03:16:28午後 finetuneTeacher_trainer.py:171 [INFO] Train: Epoch: [2][100/781]	Step 1664	lr 0.02462	Loss 0.7580 (0.8148)	Prec@(1,5) (73.0%, 98.0%)	
06/26 03:16:30午後 finetuneTeacher_trainer.py:171 [INFO] Train: Epoch: [2][150/781]	Step 1714	lr 0.02462	Loss 0.7027 (0.8174)	Prec@(1,5) (72.8%, 97.9%)	
06/26 03:16:31午後 finetuneTeacher_trainer.py:171 [INFO] Train: Epoch: [2][200/781]	Step 1764	lr 0.02462	Loss 0.9179 (0.8165)	Prec@(1,5) (72.7%, 97.9%)	
06/26 03:16:33午後 finetuneTeacher_trainer.py:171 [INFO] Train: Epoch: [2][250/781]	Step 1814	lr 0.02462	Loss 0.7654 (0.8192)	Prec@(1,5) (72.4%, 97.9%)	
06/26 03:16:35午後 finetuneTeacher_trainer.py:171 [INFO] Train: Epoch: [2][300/781]	Step 1864	lr 0.02462	Loss 0.6171 (0.8126)	Prec@(1,5) (72.5%, 98.0%)	
06/26 03:16:37午後 finetuneTeacher_trainer.py:171 [INFO] Train: Epoch: [2][350/781]	Step 1914	lr 0.02462	Loss 0.6023 (0.8104)	Prec@(1,5) (72.6%, 98.0%)	
06/26 03:16:39午後 finetuneTeacher_trainer.py:171 [INFO] Train: Epoch: [2][400/781]	Step 1964	lr 0.02462	Loss 0.6505 (0.8062)	Prec@(1,5) (72.6%, 98.1%)	
06/26 03:16:40午後 finetuneTeacher_trainer.py:171 [INFO] Train: Epoch: [2][450/781]	Step 2014	lr 0.02462	Loss 0.4907 (0.7995)	Prec@(1,5) (72.8%, 98.0%)	
06/26 03:16:42午後 finetuneTeacher_trainer.py:171 [INFO] Train: Epoch: [2][500/781]	Step 2064	lr 0.02462	Loss 0.8568 (0.7929)	Prec@(1,5) (73.1%, 98.0%)	
06/26 03:16:44午後 finetuneTeacher_trainer.py:171 [INFO] Train: Epoch: [2][550/781]	Step 2114	lr 0.02462	Loss 0.7737 (0.7869)	Prec@(1,5) (73.2%, 98.1%)	
06/26 03:16:46午後 finetuneTeacher_trainer.py:171 [INFO] Train: Epoch: [2][600/781]	Step 2164	lr 0.02462	Loss 0.8881 (0.7848)	Prec@(1,5) (73.3%, 98.0%)	
06/26 03:16:48午後 finetuneTeacher_trainer.py:171 [INFO] Train: Epoch: [2][650/781]	Step 2214	lr 0.02462	Loss 0.7853 (0.7794)	Prec@(1,5) (73.5%, 98.1%)	
06/26 03:16:50午後 finetuneTeacher_trainer.py:171 [INFO] Train: Epoch: [2][700/781]	Step 2264	lr 0.02462	Loss 0.6724 (0.7771)	Prec@(1,5) (73.6%, 98.0%)	
06/26 03:16:52午後 finetuneTeacher_trainer.py:171 [INFO] Train: Epoch: [2][750/781]	Step 2314	lr 0.02462	Loss 0.5981 (0.7775)	Prec@(1,5) (73.5%, 98.1%)	
06/26 03:16:53午後 finetuneTeacher_trainer.py:171 [INFO] Train: Epoch: [2][781/781]	Step 2345	lr 0.02462	Loss 0.6597 (0.7759)	Prec@(1,5) (73.6%, 98.1%)	
06/26 03:16:53午後 finetuneTeacher_trainer.py:181 [INFO] Train: [  2/24] Final Prec@1 73.6320%
06/26 03:16:54午後 finetuneTeacher_trainer.py:209 [INFO] Valid: Epoch: [2][50/391]	Step 2346	Loss 0.9893	Prec@(1,5) (72.4%, 97.6%)
06/26 03:16:54午後 finetuneTeacher_trainer.py:209 [INFO] Valid: Epoch: [2][100/391]	Step 2346	Loss 0.9767	Prec@(1,5) (73.0%, 97.5%)
06/26 03:16:55午後 finetuneTeacher_trainer.py:209 [INFO] Valid: Epoch: [2][150/391]	Step 2346	Loss 0.9608	Prec@(1,5) (73.1%, 97.6%)
06/26 03:16:55午後 finetuneTeacher_trainer.py:209 [INFO] Valid: Epoch: [2][200/391]	Step 2346	Loss 0.9590	Prec@(1,5) (73.4%, 97.7%)
06/26 03:16:55午後 finetuneTeacher_trainer.py:209 [INFO] Valid: Epoch: [2][250/391]	Step 2346	Loss 0.9717	Prec@(1,5) (73.2%, 97.6%)
06/26 03:16:56午後 finetuneTeacher_trainer.py:209 [INFO] Valid: Epoch: [2][300/391]	Step 2346	Loss 0.9644	Prec@(1,5) (73.2%, 97.6%)
06/26 03:16:56午後 finetuneTeacher_trainer.py:209 [INFO] Valid: Epoch: [2][350/391]	Step 2346	Loss 0.9592	Prec@(1,5) (73.2%, 97.6%)
06/26 03:16:57午後 finetuneTeacher_trainer.py:209 [INFO] Valid: Epoch: [2][390/391]	Step 2346	Loss 0.9599	Prec@(1,5) (73.1%, 97.6%)
06/26 03:16:57午後 finetuneTeacher_trainer.py:216 [INFO] Valid: [  2/24] Final Prec@1 73.0960%
06/26 03:16:58午後 finetuneTeacher_main.py:54 [INFO] Until now, best Prec@1 = 73.0960%
06/26 03:17:00午後 finetuneTeacher_trainer.py:171 [INFO] Train: Epoch: [3][50/781]	Step 2396	lr 0.02416	Loss 0.6779 (0.7265)	Prec@(1,5) (74.8%, 98.6%)	
06/26 03:17:02午後 finetuneTeacher_trainer.py:171 [INFO] Train: Epoch: [3][100/781]	Step 2446	lr 0.02416	Loss 0.6648 (0.7279)	Prec@(1,5) (74.5%, 98.6%)	
06/26 03:17:04午後 finetuneTeacher_trainer.py:171 [INFO] Train: Epoch: [3][150/781]	Step 2496	lr 0.02416	Loss 0.5230 (0.7216)	Prec@(1,5) (74.9%, 98.5%)	
06/26 03:17:05午後 finetuneTeacher_trainer.py:171 [INFO] Train: Epoch: [3][200/781]	Step 2546	lr 0.02416	Loss 0.8358 (0.7112)	Prec@(1,5) (75.4%, 98.4%)	
06/26 03:17:07午後 finetuneTeacher_trainer.py:171 [INFO] Train: Epoch: [3][250/781]	Step 2596	lr 0.02416	Loss 0.6272 (0.7053)	Prec@(1,5) (75.8%, 98.4%)	
06/26 03:17:08午後 finetuneTeacher_trainer.py:171 [INFO] Train: Epoch: [3][300/781]	Step 2646	lr 0.02416	Loss 0.5417 (0.7037)	Prec@(1,5) (75.9%, 98.5%)	
06/26 03:17:09午後 finetuneTeacher_trainer.py:171 [INFO] Train: Epoch: [3][350/781]	Step 2696	lr 0.02416	Loss 0.4926 (0.6993)	Prec@(1,5) (76.0%, 98.5%)	
06/26 03:17:11午後 finetuneTeacher_trainer.py:171 [INFO] Train: Epoch: [3][400/781]	Step 2746	lr 0.02416	Loss 0.6900 (0.6961)	Prec@(1,5) (76.2%, 98.4%)	
06/26 03:17:13午後 finetuneTeacher_trainer.py:171 [INFO] Train: Epoch: [3][450/781]	Step 2796	lr 0.02416	Loss 0.6189 (0.6937)	Prec@(1,5) (76.2%, 98.5%)	
06/26 03:17:15午後 finetuneTeacher_trainer.py:171 [INFO] Train: Epoch: [3][500/781]	Step 2846	lr 0.02416	Loss 0.5662 (0.6922)	Prec@(1,5) (76.2%, 98.5%)	
06/26 03:17:17午後 finetuneTeacher_trainer.py:171 [INFO] Train: Epoch: [3][550/781]	Step 2896	lr 0.02416	Loss 0.4908 (0.6879)	Prec@(1,5) (76.4%, 98.5%)	
06/26 03:17:19午後 finetuneTeacher_trainer.py:171 [INFO] Train: Epoch: [3][600/781]	Step 2946	lr 0.02416	Loss 0.4056 (0.6863)	Prec@(1,5) (76.5%, 98.5%)	
06/26 03:17:21午後 finetuneTeacher_trainer.py:171 [INFO] Train: Epoch: [3][650/781]	Step 2996	lr 0.02416	Loss 0.5682 (0.6842)	Prec@(1,5) (76.5%, 98.5%)	
06/26 03:17:23午後 finetuneTeacher_trainer.py:171 [INFO] Train: Epoch: [3][700/781]	Step 3046	lr 0.02416	Loss 0.4306 (0.6847)	Prec@(1,5) (76.5%, 98.5%)	
06/26 03:17:25午後 finetuneTeacher_trainer.py:171 [INFO] Train: Epoch: [3][750/781]	Step 3096	lr 0.02416	Loss 0.5217 (0.6833)	Prec@(1,5) (76.6%, 98.5%)	
06/26 03:17:26午後 finetuneTeacher_trainer.py:171 [INFO] Train: Epoch: [3][781/781]	Step 3127	lr 0.02416	Loss 0.6258 (0.6818)	Prec@(1,5) (76.6%, 98.5%)	
06/26 03:17:26午後 finetuneTeacher_trainer.py:181 [INFO] Train: [  3/24] Final Prec@1 76.6460%
06/26 03:17:27午後 finetuneTeacher_trainer.py:209 [INFO] Valid: Epoch: [3][50/391]	Step 3128	Loss 0.6318	Prec@(1,5) (78.3%, 98.6%)
06/26 03:17:28午後 finetuneTeacher_trainer.py:209 [INFO] Valid: Epoch: [3][100/391]	Step 3128	Loss 0.6233	Prec@(1,5) (78.7%, 98.7%)
06/26 03:17:28午後 finetuneTeacher_trainer.py:209 [INFO] Valid: Epoch: [3][150/391]	Step 3128	Loss 0.6162	Prec@(1,5) (78.8%, 98.7%)
06/26 03:17:29午後 finetuneTeacher_trainer.py:209 [INFO] Valid: Epoch: [3][200/391]	Step 3128	Loss 0.6185	Prec@(1,5) (78.7%, 98.7%)
06/26 03:17:29午後 finetuneTeacher_trainer.py:209 [INFO] Valid: Epoch: [3][250/391]	Step 3128	Loss 0.6288	Prec@(1,5) (78.2%, 98.7%)
06/26 03:17:30午後 finetuneTeacher_trainer.py:209 [INFO] Valid: Epoch: [3][300/391]	Step 3128	Loss 0.6260	Prec@(1,5) (78.3%, 98.7%)
06/26 03:17:30午後 finetuneTeacher_trainer.py:209 [INFO] Valid: Epoch: [3][350/391]	Step 3128	Loss 0.6241	Prec@(1,5) (78.3%, 98.7%)
06/26 03:17:30午後 finetuneTeacher_trainer.py:209 [INFO] Valid: Epoch: [3][390/391]	Step 3128	Loss 0.6218	Prec@(1,5) (78.4%, 98.7%)
06/26 03:17:30午後 finetuneTeacher_trainer.py:216 [INFO] Valid: [  3/24] Final Prec@1 78.3960%
06/26 03:17:32午後 finetuneTeacher_main.py:54 [INFO] Until now, best Prec@1 = 78.3960%
06/26 03:17:34午後 finetuneTeacher_trainer.py:171 [INFO] Train: Epoch: [4][50/781]	Step 3178	lr 0.02352	Loss 0.6568 (0.6498)	Prec@(1,5) (77.4%, 98.9%)	
06/26 03:17:36午後 finetuneTeacher_trainer.py:171 [INFO] Train: Epoch: [4][100/781]	Step 3228	lr 0.02352	Loss 0.5219 (0.6372)	Prec@(1,5) (78.2%, 98.8%)	
06/26 03:17:37午後 finetuneTeacher_trainer.py:171 [INFO] Train: Epoch: [4][150/781]	Step 3278	lr 0.02352	Loss 0.5514 (0.6376)	Prec@(1,5) (78.0%, 98.8%)	
06/26 03:17:39午後 finetuneTeacher_trainer.py:171 [INFO] Train: Epoch: [4][200/781]	Step 3328	lr 0.02352	Loss 0.7912 (0.6286)	Prec@(1,5) (78.3%, 98.9%)	
06/26 03:17:41午後 finetuneTeacher_trainer.py:171 [INFO] Train: Epoch: [4][250/781]	Step 3378	lr 0.02352	Loss 0.5876 (0.6299)	Prec@(1,5) (78.2%, 98.9%)	
06/26 03:17:43午後 finetuneTeacher_trainer.py:171 [INFO] Train: Epoch: [4][300/781]	Step 3428	lr 0.02352	Loss 0.5589 (0.6257)	Prec@(1,5) (78.4%, 98.9%)	
06/26 03:17:45午後 finetuneTeacher_trainer.py:171 [INFO] Train: Epoch: [4][350/781]	Step 3478	lr 0.02352	Loss 0.8599 (0.6287)	Prec@(1,5) (78.4%, 98.8%)	
06/26 03:17:47午後 finetuneTeacher_trainer.py:171 [INFO] Train: Epoch: [4][400/781]	Step 3528	lr 0.02352	Loss 0.5915 (0.6315)	Prec@(1,5) (78.3%, 98.8%)	
06/26 03:17:49午後 finetuneTeacher_trainer.py:171 [INFO] Train: Epoch: [4][450/781]	Step 3578	lr 0.02352	Loss 0.4718 (0.6282)	Prec@(1,5) (78.5%, 98.8%)	
06/26 03:17:51午後 finetuneTeacher_trainer.py:171 [INFO] Train: Epoch: [4][500/781]	Step 3628	lr 0.02352	Loss 0.7731 (0.6290)	Prec@(1,5) (78.5%, 98.8%)	
06/26 03:17:53午後 finetuneTeacher_trainer.py:171 [INFO] Train: Epoch: [4][550/781]	Step 3678	lr 0.02352	Loss 0.7499 (0.6270)	Prec@(1,5) (78.6%, 98.8%)	
06/26 03:17:55午後 finetuneTeacher_trainer.py:171 [INFO] Train: Epoch: [4][600/781]	Step 3728	lr 0.02352	Loss 0.6077 (0.6288)	Prec@(1,5) (78.6%, 98.8%)	
06/26 03:17:57午後 finetuneTeacher_trainer.py:171 [INFO] Train: Epoch: [4][650/781]	Step 3778	lr 0.02352	Loss 0.6791 (0.6276)	Prec@(1,5) (78.6%, 98.8%)	
06/26 03:17:59午後 finetuneTeacher_trainer.py:171 [INFO] Train: Epoch: [4][700/781]	Step 3828	lr 0.02352	Loss 0.7188 (0.6249)	Prec@(1,5) (78.7%, 98.8%)	
06/26 03:18:01午後 finetuneTeacher_trainer.py:171 [INFO] Train: Epoch: [4][750/781]	Step 3878	lr 0.02352	Loss 0.5969 (0.6246)	Prec@(1,5) (78.7%, 98.8%)	
06/26 03:18:02午後 finetuneTeacher_trainer.py:171 [INFO] Train: Epoch: [4][781/781]	Step 3909	lr 0.02352	Loss 0.5312 (0.6245)	Prec@(1,5) (78.7%, 98.8%)	
06/26 03:18:02午後 finetuneTeacher_trainer.py:181 [INFO] Train: [  4/24] Final Prec@1 78.7260%
06/26 03:18:02午後 finetuneTeacher_trainer.py:209 [INFO] Valid: Epoch: [4][50/391]	Step 3910	Loss 0.6323	Prec@(1,5) (77.5%, 98.9%)
06/26 03:18:03午後 finetuneTeacher_trainer.py:209 [INFO] Valid: Epoch: [4][100/391]	Step 3910	Loss 0.6467	Prec@(1,5) (77.3%, 98.6%)
06/26 03:18:03午後 finetuneTeacher_trainer.py:209 [INFO] Valid: Epoch: [4][150/391]	Step 3910	Loss 0.6362	Prec@(1,5) (77.8%, 98.6%)
06/26 03:18:04午後 finetuneTeacher_trainer.py:209 [INFO] Valid: Epoch: [4][200/391]	Step 3910	Loss 0.6324	Prec@(1,5) (77.9%, 98.7%)
06/26 03:18:04午後 finetuneTeacher_trainer.py:209 [INFO] Valid: Epoch: [4][250/391]	Step 3910	Loss 0.6368	Prec@(1,5) (77.8%, 98.7%)
06/26 03:18:04午後 finetuneTeacher_trainer.py:209 [INFO] Valid: Epoch: [4][300/391]	Step 3910	Loss 0.6329	Prec@(1,5) (77.8%, 98.7%)
06/26 03:18:05午後 finetuneTeacher_trainer.py:209 [INFO] Valid: Epoch: [4][350/391]	Step 3910	Loss 0.6277	Prec@(1,5) (78.0%, 98.7%)
06/26 03:18:05午後 finetuneTeacher_trainer.py:209 [INFO] Valid: Epoch: [4][390/391]	Step 3910	Loss 0.6221	Prec@(1,5) (78.2%, 98.7%)
06/26 03:18:05午後 finetuneTeacher_trainer.py:216 [INFO] Valid: [  4/24] Final Prec@1 78.2280%
06/26 03:18:05午後 finetuneTeacher_main.py:54 [INFO] Until now, best Prec@1 = 78.3960%
06/26 03:18:07午後 finetuneTeacher_trainer.py:171 [INFO] Train: Epoch: [5][50/781]	Step 3960	lr 0.02271	Loss 0.6800 (0.5540)	Prec@(1,5) (80.3%, 98.9%)	
06/26 03:18:09午後 finetuneTeacher_trainer.py:171 [INFO] Train: Epoch: [5][100/781]	Step 4010	lr 0.02271	Loss 0.5606 (0.5607)	Prec@(1,5) (80.2%, 98.9%)	
06/26 03:18:11午後 finetuneTeacher_trainer.py:171 [INFO] Train: Epoch: [5][150/781]	Step 4060	lr 0.02271	Loss 0.8564 (0.5661)	Prec@(1,5) (80.5%, 98.9%)	
06/26 03:18:13午後 finetuneTeacher_trainer.py:171 [INFO] Train: Epoch: [5][200/781]	Step 4110	lr 0.02271	Loss 0.7471 (0.5742)	Prec@(1,5) (80.1%, 98.9%)	
06/26 03:18:14午後 finetuneTeacher_trainer.py:171 [INFO] Train: Epoch: [5][250/781]	Step 4160	lr 0.02271	Loss 0.6371 (0.5797)	Prec@(1,5) (80.0%, 98.9%)	
06/26 03:18:16午後 finetuneTeacher_trainer.py:171 [INFO] Train: Epoch: [5][300/781]	Step 4210	lr 0.02271	Loss 0.2601 (0.5792)	Prec@(1,5) (80.1%, 98.9%)	
06/26 03:18:18午後 finetuneTeacher_trainer.py:171 [INFO] Train: Epoch: [5][350/781]	Step 4260	lr 0.02271	Loss 0.4748 (0.5746)	Prec@(1,5) (80.2%, 98.9%)	
06/26 03:18:20午後 finetuneTeacher_trainer.py:171 [INFO] Train: Epoch: [5][400/781]	Step 4310	lr 0.02271	Loss 0.5850 (0.5746)	Prec@(1,5) (80.2%, 98.9%)	
06/26 03:18:21午後 finetuneTeacher_trainer.py:171 [INFO] Train: Epoch: [5][450/781]	Step 4360	lr 0.02271	Loss 0.4880 (0.5787)	Prec@(1,5) (80.1%, 98.9%)	
06/26 03:18:23午後 finetuneTeacher_trainer.py:171 [INFO] Train: Epoch: [5][500/781]	Step 4410	lr 0.02271	Loss 0.5090 (0.5802)	Prec@(1,5) (80.1%, 98.9%)	
06/26 03:18:25午後 finetuneTeacher_trainer.py:171 [INFO] Train: Epoch: [5][550/781]	Step 4460	lr 0.02271	Loss 0.7210 (0.5807)	Prec@(1,5) (80.1%, 98.9%)	
06/26 03:18:26午後 finetuneTeacher_trainer.py:171 [INFO] Train: Epoch: [5][600/781]	Step 4510	lr 0.02271	Loss 0.3218 (0.5805)	Prec@(1,5) (80.1%, 98.9%)	
06/26 03:18:27午後 finetuneTeacher_trainer.py:171 [INFO] Train: Epoch: [5][650/781]	Step 4560	lr 0.02271	Loss 0.7097 (0.5828)	Prec@(1,5) (80.0%, 98.9%)	
06/26 03:18:29午後 finetuneTeacher_trainer.py:171 [INFO] Train: Epoch: [5][700/781]	Step 4610	lr 0.02271	Loss 0.4991 (0.5812)	Prec@(1,5) (80.0%, 98.9%)	
06/26 03:18:30午後 finetuneTeacher_trainer.py:171 [INFO] Train: Epoch: [5][750/781]	Step 4660	lr 0.02271	Loss 0.5852 (0.5797)	Prec@(1,5) (80.1%, 98.9%)	
06/26 03:18:31午後 finetuneTeacher_trainer.py:171 [INFO] Train: Epoch: [5][781/781]	Step 4691	lr 0.02271	Loss 0.6273 (0.5796)	Prec@(1,5) (80.1%, 98.9%)	
06/26 03:18:31午後 finetuneTeacher_trainer.py:181 [INFO] Train: [  5/24] Final Prec@1 80.1140%
06/26 03:18:31午後 finetuneTeacher_trainer.py:209 [INFO] Valid: Epoch: [5][50/391]	Step 4692	Loss 0.6619	Prec@(1,5) (78.4%, 99.1%)
06/26 03:18:32午後 finetuneTeacher_trainer.py:209 [INFO] Valid: Epoch: [5][100/391]	Step 4692	Loss 0.6928	Prec@(1,5) (78.3%, 99.2%)
06/26 03:18:32午後 finetuneTeacher_trainer.py:209 [INFO] Valid: Epoch: [5][150/391]	Step 4692	Loss 0.7049	Prec@(1,5) (78.5%, 99.1%)
06/26 03:18:33午後 finetuneTeacher_trainer.py:209 [INFO] Valid: Epoch: [5][200/391]	Step 4692	Loss 0.7046	Prec@(1,5) (78.6%, 99.1%)
06/26 03:18:33午後 finetuneTeacher_trainer.py:209 [INFO] Valid: Epoch: [5][250/391]	Step 4692	Loss 0.7013	Prec@(1,5) (78.5%, 99.1%)
06/26 03:18:33午後 finetuneTeacher_trainer.py:209 [INFO] Valid: Epoch: [5][300/391]	Step 4692	Loss 0.7012	Prec@(1,5) (78.7%, 99.1%)
06/26 03:18:34午後 finetuneTeacher_trainer.py:209 [INFO] Valid: Epoch: [5][350/391]	Step 4692	Loss 0.7024	Prec@(1,5) (78.7%, 99.1%)
06/26 03:18:34午後 finetuneTeacher_trainer.py:209 [INFO] Valid: Epoch: [5][390/391]	Step 4692	Loss 0.7023	Prec@(1,5) (78.7%, 99.1%)
06/26 03:18:34午後 finetuneTeacher_trainer.py:216 [INFO] Valid: [  5/24] Final Prec@1 78.6480%
06/26 03:18:36午後 finetuneTeacher_main.py:54 [INFO] Until now, best Prec@1 = 78.6480%
06/26 03:18:38午後 finetuneTeacher_trainer.py:171 [INFO] Train: Epoch: [6][50/781]	Step 4742	lr 0.02175	Loss 0.4092 (0.5629)	Prec@(1,5) (81.2%, 98.9%)	
06/26 03:18:39午後 finetuneTeacher_trainer.py:171 [INFO] Train: Epoch: [6][100/781]	Step 4792	lr 0.02175	Loss 0.4559 (0.5392)	Prec@(1,5) (81.8%, 98.9%)	
06/26 03:18:41午後 finetuneTeacher_trainer.py:171 [INFO] Train: Epoch: [6][150/781]	Step 4842	lr 0.02175	Loss 0.5608 (0.5276)	Prec@(1,5) (82.1%, 99.0%)	
06/26 03:18:43午後 finetuneTeacher_trainer.py:171 [INFO] Train: Epoch: [6][200/781]	Step 4892	lr 0.02175	Loss 0.3970 (0.5301)	Prec@(1,5) (81.8%, 98.9%)	
06/26 03:18:44午後 finetuneTeacher_trainer.py:171 [INFO] Train: Epoch: [6][250/781]	Step 4942	lr 0.02175	Loss 0.4831 (0.5338)	Prec@(1,5) (81.6%, 99.0%)	
06/26 03:18:46午後 finetuneTeacher_trainer.py:171 [INFO] Train: Epoch: [6][300/781]	Step 4992	lr 0.02175	Loss 0.6286 (0.5347)	Prec@(1,5) (81.5%, 99.0%)	
06/26 03:18:48午後 finetuneTeacher_trainer.py:171 [INFO] Train: Epoch: [6][350/781]	Step 5042	lr 0.02175	Loss 0.5536 (0.5361)	Prec@(1,5) (81.4%, 99.0%)	
06/26 03:18:50午後 finetuneTeacher_trainer.py:171 [INFO] Train: Epoch: [6][400/781]	Step 5092	lr 0.02175	Loss 0.4780 (0.5358)	Prec@(1,5) (81.4%, 99.0%)	
06/26 03:18:52午後 finetuneTeacher_trainer.py:171 [INFO] Train: Epoch: [6][450/781]	Step 5142	lr 0.02175	Loss 0.7150 (0.5329)	Prec@(1,5) (81.5%, 99.1%)	
06/26 03:18:54午後 finetuneTeacher_trainer.py:171 [INFO] Train: Epoch: [6][500/781]	Step 5192	lr 0.02175	Loss 0.5439 (0.5317)	Prec@(1,5) (81.7%, 99.0%)	
06/26 03:18:56午後 finetuneTeacher_trainer.py:171 [INFO] Train: Epoch: [6][550/781]	Step 5242	lr 0.02175	Loss 0.5761 (0.5331)	Prec@(1,5) (81.6%, 99.0%)	
06/26 03:18:58午後 finetuneTeacher_trainer.py:171 [INFO] Train: Epoch: [6][600/781]	Step 5292	lr 0.02175	Loss 0.3338 (0.5376)	Prec@(1,5) (81.5%, 99.0%)	
06/26 03:19:00午後 finetuneTeacher_trainer.py:171 [INFO] Train: Epoch: [6][650/781]	Step 5342	lr 0.02175	Loss 0.6137 (0.5362)	Prec@(1,5) (81.5%, 99.1%)	
06/26 03:19:02午後 finetuneTeacher_trainer.py:171 [INFO] Train: Epoch: [6][700/781]	Step 5392	lr 0.02175	Loss 0.4530 (0.5365)	Prec@(1,5) (81.5%, 99.0%)	
06/26 03:19:04午後 finetuneTeacher_trainer.py:171 [INFO] Train: Epoch: [6][750/781]	Step 5442	lr 0.02175	Loss 0.5064 (0.5374)	Prec@(1,5) (81.4%, 99.0%)	
06/26 03:19:05午後 finetuneTeacher_trainer.py:171 [INFO] Train: Epoch: [6][781/781]	Step 5473	lr 0.02175	Loss 0.3033 (0.5381)	Prec@(1,5) (81.4%, 99.1%)	
06/26 03:19:05午後 finetuneTeacher_trainer.py:181 [INFO] Train: [  6/24] Final Prec@1 81.4280%
06/26 03:19:06午後 finetuneTeacher_trainer.py:209 [INFO] Valid: Epoch: [6][50/391]	Step 5474	Loss 0.5588	Prec@(1,5) (81.2%, 98.7%)
06/26 03:19:06午後 finetuneTeacher_trainer.py:209 [INFO] Valid: Epoch: [6][100/391]	Step 5474	Loss 0.5568	Prec@(1,5) (81.2%, 99.0%)
06/26 03:19:06午後 finetuneTeacher_trainer.py:209 [INFO] Valid: Epoch: [6][150/391]	Step 5474	Loss 0.5555	Prec@(1,5) (81.3%, 98.9%)
06/26 03:19:07午後 finetuneTeacher_trainer.py:209 [INFO] Valid: Epoch: [6][200/391]	Step 5474	Loss 0.5459	Prec@(1,5) (81.6%, 99.0%)
06/26 03:19:07午後 finetuneTeacher_trainer.py:209 [INFO] Valid: Epoch: [6][250/391]	Step 5474	Loss 0.5452	Prec@(1,5) (81.7%, 98.9%)
06/26 03:19:08午後 finetuneTeacher_trainer.py:209 [INFO] Valid: Epoch: [6][300/391]	Step 5474	Loss 0.5476	Prec@(1,5) (81.6%, 98.9%)
06/26 03:19:08午後 finetuneTeacher_trainer.py:209 [INFO] Valid: Epoch: [6][350/391]	Step 5474	Loss 0.5465	Prec@(1,5) (81.6%, 98.9%)
06/26 03:19:08午後 finetuneTeacher_trainer.py:209 [INFO] Valid: Epoch: [6][390/391]	Step 5474	Loss 0.5431	Prec@(1,5) (81.6%, 98.9%)
06/26 03:19:08午後 finetuneTeacher_trainer.py:216 [INFO] Valid: [  6/24] Final Prec@1 81.6000%
06/26 03:19:10午後 finetuneTeacher_main.py:54 [INFO] Until now, best Prec@1 = 81.6000%
06/26 03:19:12午後 finetuneTeacher_trainer.py:171 [INFO] Train: Epoch: [7][50/781]	Step 5524	lr 0.02065	Loss 0.4582 (0.5091)	Prec@(1,5) (82.2%, 99.3%)	
06/26 03:19:14午後 finetuneTeacher_trainer.py:171 [INFO] Train: Epoch: [7][100/781]	Step 5574	lr 0.02065	Loss 0.4383 (0.4948)	Prec@(1,5) (82.7%, 99.4%)	
06/26 03:19:16午後 finetuneTeacher_trainer.py:171 [INFO] Train: Epoch: [7][150/781]	Step 5624	lr 0.02065	Loss 0.4034 (0.4872)	Prec@(1,5) (83.1%, 99.4%)	
06/26 03:19:17午後 finetuneTeacher_trainer.py:171 [INFO] Train: Epoch: [7][200/781]	Step 5674	lr 0.02065	Loss 0.5350 (0.4966)	Prec@(1,5) (83.0%, 99.4%)	
06/26 03:19:19午後 finetuneTeacher_trainer.py:171 [INFO] Train: Epoch: [7][250/781]	Step 5724	lr 0.02065	Loss 0.4044 (0.4945)	Prec@(1,5) (83.0%, 99.3%)	
06/26 03:19:21午後 finetuneTeacher_trainer.py:171 [INFO] Train: Epoch: [7][300/781]	Step 5774	lr 0.02065	Loss 0.3948 (0.4953)	Prec@(1,5) (82.9%, 99.3%)	
06/26 03:19:23午後 finetuneTeacher_trainer.py:171 [INFO] Train: Epoch: [7][350/781]	Step 5824	lr 0.02065	Loss 0.3464 (0.4974)	Prec@(1,5) (82.9%, 99.3%)	
06/26 03:19:25午後 finetuneTeacher_trainer.py:171 [INFO] Train: Epoch: [7][400/781]	Step 5874	lr 0.02065	Loss 0.5721 (0.4978)	Prec@(1,5) (82.9%, 99.3%)	
06/26 03:19:26午後 finetuneTeacher_trainer.py:171 [INFO] Train: Epoch: [7][450/781]	Step 5924	lr 0.02065	Loss 0.3285 (0.4974)	Prec@(1,5) (82.9%, 99.2%)	
06/26 03:19:28午後 finetuneTeacher_trainer.py:171 [INFO] Train: Epoch: [7][500/781]	Step 5974	lr 0.02065	Loss 0.6344 (0.5006)	Prec@(1,5) (82.8%, 99.2%)	
06/26 03:19:30午後 finetuneTeacher_trainer.py:171 [INFO] Train: Epoch: [7][550/781]	Step 6024	lr 0.02065	Loss 0.4619 (0.5020)	Prec@(1,5) (82.7%, 99.2%)	
06/26 03:19:31午後 finetuneTeacher_trainer.py:171 [INFO] Train: Epoch: [7][600/781]	Step 6074	lr 0.02065	Loss 0.4754 (0.5006)	Prec@(1,5) (82.8%, 99.2%)	
06/26 03:19:33午後 finetuneTeacher_trainer.py:171 [INFO] Train: Epoch: [7][650/781]	Step 6124	lr 0.02065	Loss 0.5515 (0.5008)	Prec@(1,5) (82.8%, 99.2%)	
06/26 03:19:35午後 finetuneTeacher_trainer.py:171 [INFO] Train: Epoch: [7][700/781]	Step 6174	lr 0.02065	Loss 0.6286 (0.5021)	Prec@(1,5) (82.7%, 99.2%)	
06/26 03:19:36午後 finetuneTeacher_trainer.py:171 [INFO] Train: Epoch: [7][750/781]	Step 6224	lr 0.02065	Loss 0.3537 (0.5022)	Prec@(1,5) (82.7%, 99.2%)	
06/26 03:19:37午後 finetuneTeacher_trainer.py:171 [INFO] Train: Epoch: [7][781/781]	Step 6255	lr 0.02065	Loss 0.5952 (0.5014)	Prec@(1,5) (82.7%, 99.2%)	
06/26 03:19:38午後 finetuneTeacher_trainer.py:181 [INFO] Train: [  7/24] Final Prec@1 82.6980%
06/26 03:19:38午後 finetuneTeacher_trainer.py:209 [INFO] Valid: Epoch: [7][50/391]	Step 6256	Loss 0.4583	Prec@(1,5) (84.6%, 99.4%)
06/26 03:19:39午後 finetuneTeacher_trainer.py:209 [INFO] Valid: Epoch: [7][100/391]	Step 6256	Loss 0.4640	Prec@(1,5) (84.3%, 99.4%)
06/26 03:19:39午後 finetuneTeacher_trainer.py:209 [INFO] Valid: Epoch: [7][150/391]	Step 6256	Loss 0.4614	Prec@(1,5) (84.1%, 99.4%)
06/26 03:19:39午後 finetuneTeacher_trainer.py:209 [INFO] Valid: Epoch: [7][200/391]	Step 6256	Loss 0.4624	Prec@(1,5) (84.1%, 99.3%)
06/26 03:19:40午後 finetuneTeacher_trainer.py:209 [INFO] Valid: Epoch: [7][250/391]	Step 6256	Loss 0.4615	Prec@(1,5) (84.2%, 99.4%)
06/26 03:19:40午後 finetuneTeacher_trainer.py:209 [INFO] Valid: Epoch: [7][300/391]	Step 6256	Loss 0.4657	Prec@(1,5) (84.1%, 99.3%)
06/26 03:19:41午後 finetuneTeacher_trainer.py:209 [INFO] Valid: Epoch: [7][350/391]	Step 6256	Loss 0.4666	Prec@(1,5) (84.1%, 99.3%)
06/26 03:19:41午後 finetuneTeacher_trainer.py:209 [INFO] Valid: Epoch: [7][390/391]	Step 6256	Loss 0.4674	Prec@(1,5) (84.1%, 99.3%)
06/26 03:19:41午後 finetuneTeacher_trainer.py:216 [INFO] Valid: [  7/24] Final Prec@1 84.0760%
06/26 03:19:42午後 finetuneTeacher_main.py:54 [INFO] Until now, best Prec@1 = 84.0760%
06/26 03:19:45午後 finetuneTeacher_trainer.py:171 [INFO] Train: Epoch: [8][50/781]	Step 6306	lr 0.01943	Loss 0.3085 (0.4552)	Prec@(1,5) (84.1%, 99.4%)	
06/26 03:19:47午後 finetuneTeacher_trainer.py:171 [INFO] Train: Epoch: [8][100/781]	Step 6356	lr 0.01943	Loss 0.3300 (0.4671)	Prec@(1,5) (83.9%, 99.4%)	
06/26 03:19:49午後 finetuneTeacher_trainer.py:171 [INFO] Train: Epoch: [8][150/781]	Step 6406	lr 0.01943	Loss 0.5401 (0.4683)	Prec@(1,5) (83.7%, 99.4%)	
06/26 03:19:51午後 finetuneTeacher_trainer.py:171 [INFO] Train: Epoch: [8][200/781]	Step 6456	lr 0.01943	Loss 0.4030 (0.4600)	Prec@(1,5) (84.0%, 99.4%)	
06/26 03:19:53午後 finetuneTeacher_trainer.py:171 [INFO] Train: Epoch: [8][250/781]	Step 6506	lr 0.01943	Loss 0.5791 (0.4606)	Prec@(1,5) (84.0%, 99.4%)	
06/26 03:19:55午後 finetuneTeacher_trainer.py:171 [INFO] Train: Epoch: [8][300/781]	Step 6556	lr 0.01943	Loss 0.3641 (0.4611)	Prec@(1,5) (84.0%, 99.4%)	
06/26 03:19:57午後 finetuneTeacher_trainer.py:171 [INFO] Train: Epoch: [8][350/781]	Step 6606	lr 0.01943	Loss 0.6733 (0.4650)	Prec@(1,5) (83.9%, 99.4%)	
06/26 03:19:59午後 finetuneTeacher_trainer.py:171 [INFO] Train: Epoch: [8][400/781]	Step 6656	lr 0.01943	Loss 0.4907 (0.4639)	Prec@(1,5) (83.9%, 99.4%)	
06/26 03:20:01午後 finetuneTeacher_trainer.py:171 [INFO] Train: Epoch: [8][450/781]	Step 6706	lr 0.01943	Loss 0.5651 (0.4654)	Prec@(1,5) (83.9%, 99.3%)	
06/26 03:20:02午後 finetuneTeacher_trainer.py:171 [INFO] Train: Epoch: [8][500/781]	Step 6756	lr 0.01943	Loss 0.5105 (0.4686)	Prec@(1,5) (83.8%, 99.3%)	
06/26 03:20:04午後 finetuneTeacher_trainer.py:171 [INFO] Train: Epoch: [8][550/781]	Step 6806	lr 0.01943	Loss 0.8893 (0.4704)	Prec@(1,5) (83.7%, 99.3%)	
06/26 03:20:06午後 finetuneTeacher_trainer.py:171 [INFO] Train: Epoch: [8][600/781]	Step 6856	lr 0.01943	Loss 0.5676 (0.4720)	Prec@(1,5) (83.6%, 99.3%)	
06/26 03:20:07午後 finetuneTeacher_trainer.py:171 [INFO] Train: Epoch: [8][650/781]	Step 6906	lr 0.01943	Loss 0.3641 (0.4719)	Prec@(1,5) (83.6%, 99.3%)	
06/26 03:20:09午後 finetuneTeacher_trainer.py:171 [INFO] Train: Epoch: [8][700/781]	Step 6956	lr 0.01943	Loss 0.5638 (0.4708)	Prec@(1,5) (83.7%, 99.3%)	
06/26 03:20:10午後 finetuneTeacher_trainer.py:171 [INFO] Train: Epoch: [8][750/781]	Step 7006	lr 0.01943	Loss 0.3713 (0.4696)	Prec@(1,5) (83.7%, 99.3%)	
06/26 03:20:11午後 finetuneTeacher_trainer.py:171 [INFO] Train: Epoch: [8][781/781]	Step 7037	lr 0.01943	Loss 0.5224 (0.4686)	Prec@(1,5) (83.8%, 99.3%)	
06/26 03:20:11午後 finetuneTeacher_trainer.py:181 [INFO] Train: [  8/24] Final Prec@1 83.7500%
06/26 03:20:12午後 finetuneTeacher_trainer.py:209 [INFO] Valid: Epoch: [8][50/391]	Step 7038	Loss 0.5005	Prec@(1,5) (83.3%, 99.3%)
06/26 03:20:12午後 finetuneTeacher_trainer.py:209 [INFO] Valid: Epoch: [8][100/391]	Step 7038	Loss 0.4918	Prec@(1,5) (83.3%, 99.4%)
06/26 03:20:12午後 finetuneTeacher_trainer.py:209 [INFO] Valid: Epoch: [8][150/391]	Step 7038	Loss 0.4847	Prec@(1,5) (83.5%, 99.4%)
06/26 03:20:13午後 finetuneTeacher_trainer.py:209 [INFO] Valid: Epoch: [8][200/391]	Step 7038	Loss 0.4816	Prec@(1,5) (83.6%, 99.4%)
06/26 03:20:13午後 finetuneTeacher_trainer.py:209 [INFO] Valid: Epoch: [8][250/391]	Step 7038	Loss 0.4843	Prec@(1,5) (83.4%, 99.4%)
06/26 03:20:13午後 finetuneTeacher_trainer.py:209 [INFO] Valid: Epoch: [8][300/391]	Step 7038	Loss 0.4844	Prec@(1,5) (83.5%, 99.4%)
06/26 03:20:14午後 finetuneTeacher_trainer.py:209 [INFO] Valid: Epoch: [8][350/391]	Step 7038	Loss 0.4836	Prec@(1,5) (83.4%, 99.4%)
06/26 03:20:14午後 finetuneTeacher_trainer.py:209 [INFO] Valid: Epoch: [8][390/391]	Step 7038	Loss 0.4888	Prec@(1,5) (83.2%, 99.4%)
06/26 03:20:14午後 finetuneTeacher_trainer.py:216 [INFO] Valid: [  8/24] Final Prec@1 83.1960%
06/26 03:20:14午後 finetuneTeacher_main.py:54 [INFO] Until now, best Prec@1 = 84.0760%
06/26 03:20:17午後 finetuneTeacher_trainer.py:171 [INFO] Train: Epoch: [9][50/781]	Step 7088	lr 0.01811	Loss 0.4364 (0.4397)	Prec@(1,5) (84.6%, 99.3%)	
06/26 03:20:18午後 finetuneTeacher_trainer.py:171 [INFO] Train: Epoch: [9][100/781]	Step 7138	lr 0.01811	Loss 0.4284 (0.4424)	Prec@(1,5) (84.6%, 99.4%)	
06/26 03:20:20午後 finetuneTeacher_trainer.py:171 [INFO] Train: Epoch: [9][150/781]	Step 7188	lr 0.01811	Loss 0.4182 (0.4439)	Prec@(1,5) (84.7%, 99.3%)	
06/26 03:20:22午後 finetuneTeacher_trainer.py:171 [INFO] Train: Epoch: [9][200/781]	Step 7238	lr 0.01811	Loss 0.3266 (0.4369)	Prec@(1,5) (84.8%, 99.4%)	
06/26 03:20:24午後 finetuneTeacher_trainer.py:171 [INFO] Train: Epoch: [9][250/781]	Step 7288	lr 0.01811	Loss 0.5148 (0.4361)	Prec@(1,5) (84.9%, 99.4%)	
06/26 03:20:25午後 finetuneTeacher_trainer.py:171 [INFO] Train: Epoch: [9][300/781]	Step 7338	lr 0.01811	Loss 0.4042 (0.4359)	Prec@(1,5) (84.9%, 99.4%)	
06/26 03:20:27午後 finetuneTeacher_trainer.py:171 [INFO] Train: Epoch: [9][350/781]	Step 7388	lr 0.01811	Loss 0.2786 (0.4418)	Prec@(1,5) (84.7%, 99.4%)	
06/26 03:20:29午後 finetuneTeacher_trainer.py:171 [INFO] Train: Epoch: [9][400/781]	Step 7438	lr 0.01811	Loss 0.4403 (0.4452)	Prec@(1,5) (84.5%, 99.4%)	
06/26 03:20:30午後 finetuneTeacher_trainer.py:171 [INFO] Train: Epoch: [9][450/781]	Step 7488	lr 0.01811	Loss 0.3820 (0.4434)	Prec@(1,5) (84.6%, 99.4%)	
06/26 03:20:32午後 finetuneTeacher_trainer.py:171 [INFO] Train: Epoch: [9][500/781]	Step 7538	lr 0.01811	Loss 0.4175 (0.4426)	Prec@(1,5) (84.6%, 99.4%)	
06/26 03:20:33午後 finetuneTeacher_trainer.py:171 [INFO] Train: Epoch: [9][550/781]	Step 7588	lr 0.01811	Loss 0.3390 (0.4445)	Prec@(1,5) (84.6%, 99.4%)	
06/26 03:20:35午後 finetuneTeacher_trainer.py:171 [INFO] Train: Epoch: [9][600/781]	Step 7638	lr 0.01811	Loss 0.4475 (0.4447)	Prec@(1,5) (84.6%, 99.4%)	
06/26 03:20:37午後 finetuneTeacher_trainer.py:171 [INFO] Train: Epoch: [9][650/781]	Step 7688	lr 0.01811	Loss 0.4577 (0.4471)	Prec@(1,5) (84.5%, 99.4%)	
06/26 03:20:39午後 finetuneTeacher_trainer.py:171 [INFO] Train: Epoch: [9][700/781]	Step 7738	lr 0.01811	Loss 0.5902 (0.4476)	Prec@(1,5) (84.5%, 99.4%)	
06/26 03:20:41午後 finetuneTeacher_trainer.py:171 [INFO] Train: Epoch: [9][750/781]	Step 7788	lr 0.01811	Loss 0.3015 (0.4492)	Prec@(1,5) (84.5%, 99.4%)	
06/26 03:20:42午後 finetuneTeacher_trainer.py:171 [INFO] Train: Epoch: [9][781/781]	Step 7819	lr 0.01811	Loss 0.4611 (0.4480)	Prec@(1,5) (84.5%, 99.4%)	
06/26 03:20:42午後 finetuneTeacher_trainer.py:181 [INFO] Train: [  9/24] Final Prec@1 84.5280%
06/26 03:20:43午後 finetuneTeacher_trainer.py:209 [INFO] Valid: Epoch: [9][50/391]	Step 7820	Loss 0.3962	Prec@(1,5) (86.2%, 99.2%)
06/26 03:20:43午後 finetuneTeacher_trainer.py:209 [INFO] Valid: Epoch: [9][100/391]	Step 7820	Loss 0.3982	Prec@(1,5) (86.4%, 99.4%)
06/26 03:20:43午後 finetuneTeacher_trainer.py:209 [INFO] Valid: Epoch: [9][150/391]	Step 7820	Loss 0.4031	Prec@(1,5) (86.2%, 99.4%)
06/26 03:20:44午後 finetuneTeacher_trainer.py:209 [INFO] Valid: Epoch: [9][200/391]	Step 7820	Loss 0.3960	Prec@(1,5) (86.3%, 99.5%)
06/26 03:20:44午後 finetuneTeacher_trainer.py:209 [INFO] Valid: Epoch: [9][250/391]	Step 7820	Loss 0.3970	Prec@(1,5) (86.3%, 99.5%)
06/26 03:20:44午後 finetuneTeacher_trainer.py:209 [INFO] Valid: Epoch: [9][300/391]	Step 7820	Loss 0.4026	Prec@(1,5) (86.1%, 99.5%)
06/26 03:20:45午後 finetuneTeacher_trainer.py:209 [INFO] Valid: Epoch: [9][350/391]	Step 7820	Loss 0.4031	Prec@(1,5) (86.2%, 99.5%)
06/26 03:20:45午後 finetuneTeacher_trainer.py:209 [INFO] Valid: Epoch: [9][390/391]	Step 7820	Loss 0.4022	Prec@(1,5) (86.1%, 99.5%)
06/26 03:20:45午後 finetuneTeacher_trainer.py:216 [INFO] Valid: [  9/24] Final Prec@1 86.1400%
06/26 03:20:47午後 finetuneTeacher_main.py:54 [INFO] Until now, best Prec@1 = 86.1400%
06/26 03:20:49午後 finetuneTeacher_trainer.py:171 [INFO] Train: Epoch: [10][50/781]	Step 7870	lr 0.01671	Loss 0.3106 (0.4185)	Prec@(1,5) (85.6%, 99.5%)	
06/26 03:20:50午後 finetuneTeacher_trainer.py:171 [INFO] Train: Epoch: [10][100/781]	Step 7920	lr 0.01671	Loss 0.4986 (0.4089)	Prec@(1,5) (85.7%, 99.5%)	
06/26 03:20:52午後 finetuneTeacher_trainer.py:171 [INFO] Train: Epoch: [10][150/781]	Step 7970	lr 0.01671	Loss 0.2908 (0.4105)	Prec@(1,5) (85.9%, 99.5%)	
06/26 03:20:54午後 finetuneTeacher_trainer.py:171 [INFO] Train: Epoch: [10][200/781]	Step 8020	lr 0.01671	Loss 0.3987 (0.4069)	Prec@(1,5) (86.1%, 99.5%)	
06/26 03:20:56午後 finetuneTeacher_trainer.py:171 [INFO] Train: Epoch: [10][250/781]	Step 8070	lr 0.01671	Loss 0.2673 (0.4109)	Prec@(1,5) (85.9%, 99.5%)	
06/26 03:20:58午後 finetuneTeacher_trainer.py:171 [INFO] Train: Epoch: [10][300/781]	Step 8120	lr 0.01671	Loss 0.2778 (0.4107)	Prec@(1,5) (85.9%, 99.5%)	
06/26 03:21:00午後 finetuneTeacher_trainer.py:171 [INFO] Train: Epoch: [10][350/781]	Step 8170	lr 0.01671	Loss 0.3286 (0.4139)	Prec@(1,5) (85.7%, 99.5%)	
06/26 03:21:02午後 finetuneTeacher_trainer.py:171 [INFO] Train: Epoch: [10][400/781]	Step 8220	lr 0.01671	Loss 0.2936 (0.4170)	Prec@(1,5) (85.6%, 99.5%)	
06/26 03:21:04午後 finetuneTeacher_trainer.py:171 [INFO] Train: Epoch: [10][450/781]	Step 8270	lr 0.01671	Loss 0.5743 (0.4168)	Prec@(1,5) (85.6%, 99.5%)	
06/26 03:21:05午後 finetuneTeacher_trainer.py:171 [INFO] Train: Epoch: [10][500/781]	Step 8320	lr 0.01671	Loss 0.3425 (0.4155)	Prec@(1,5) (85.7%, 99.5%)	
06/26 03:21:07午後 finetuneTeacher_trainer.py:171 [INFO] Train: Epoch: [10][550/781]	Step 8370	lr 0.01671	Loss 0.4834 (0.4156)	Prec@(1,5) (85.7%, 99.5%)	
06/26 03:21:08午後 finetuneTeacher_trainer.py:171 [INFO] Train: Epoch: [10][600/781]	Step 8420	lr 0.01671	Loss 0.4533 (0.4181)	Prec@(1,5) (85.6%, 99.5%)	
06/26 03:21:09午後 finetuneTeacher_trainer.py:171 [INFO] Train: Epoch: [10][650/781]	Step 8470	lr 0.01671	Loss 0.3377 (0.4228)	Prec@(1,5) (85.4%, 99.5%)	
06/26 03:21:11午後 finetuneTeacher_trainer.py:171 [INFO] Train: Epoch: [10][700/781]	Step 8520	lr 0.01671	Loss 0.3735 (0.4226)	Prec@(1,5) (85.4%, 99.5%)	
06/26 03:21:12午後 finetuneTeacher_trainer.py:171 [INFO] Train: Epoch: [10][750/781]	Step 8570	lr 0.01671	Loss 0.5892 (0.4231)	Prec@(1,5) (85.4%, 99.4%)	
06/26 03:21:13午後 finetuneTeacher_trainer.py:171 [INFO] Train: Epoch: [10][781/781]	Step 8601	lr 0.01671	Loss 0.3922 (0.4230)	Prec@(1,5) (85.4%, 99.4%)	
06/26 03:21:13午後 finetuneTeacher_trainer.py:181 [INFO] Train: [ 10/24] Final Prec@1 85.4140%
06/26 03:21:14午後 finetuneTeacher_trainer.py:209 [INFO] Valid: Epoch: [10][50/391]	Step 8602	Loss 0.3869	Prec@(1,5) (87.1%, 99.6%)
06/26 03:21:14午後 finetuneTeacher_trainer.py:209 [INFO] Valid: Epoch: [10][100/391]	Step 8602	Loss 0.3980	Prec@(1,5) (86.7%, 99.5%)
06/26 03:21:15午後 finetuneTeacher_trainer.py:209 [INFO] Valid: Epoch: [10][150/391]	Step 8602	Loss 0.3884	Prec@(1,5) (86.7%, 99.6%)
06/26 03:21:15午後 finetuneTeacher_trainer.py:209 [INFO] Valid: Epoch: [10][200/391]	Step 8602	Loss 0.3921	Prec@(1,5) (86.6%, 99.5%)
06/26 03:21:15午後 finetuneTeacher_trainer.py:209 [INFO] Valid: Epoch: [10][250/391]	Step 8602	Loss 0.3920	Prec@(1,5) (86.6%, 99.6%)
06/26 03:21:16午後 finetuneTeacher_trainer.py:209 [INFO] Valid: Epoch: [10][300/391]	Step 8602	Loss 0.3942	Prec@(1,5) (86.5%, 99.6%)
06/26 03:21:16午後 finetuneTeacher_trainer.py:209 [INFO] Valid: Epoch: [10][350/391]	Step 8602	Loss 0.3964	Prec@(1,5) (86.4%, 99.5%)
06/26 03:21:16午後 finetuneTeacher_trainer.py:209 [INFO] Valid: Epoch: [10][390/391]	Step 8602	Loss 0.3953	Prec@(1,5) (86.4%, 99.5%)
06/26 03:21:17午後 finetuneTeacher_trainer.py:216 [INFO] Valid: [ 10/24] Final Prec@1 86.4080%
06/26 03:21:18午後 finetuneTeacher_main.py:54 [INFO] Until now, best Prec@1 = 86.4080%
06/26 03:21:20午後 finetuneTeacher_trainer.py:171 [INFO] Train: Epoch: [11][50/781]	Step 8652	lr 0.01525	Loss 0.2322 (0.3813)	Prec@(1,5) (86.9%, 99.5%)	
06/26 03:21:21午後 finetuneTeacher_trainer.py:171 [INFO] Train: Epoch: [11][100/781]	Step 8702	lr 0.01525	Loss 0.4477 (0.3737)	Prec@(1,5) (86.9%, 99.5%)	
06/26 03:21:23午後 finetuneTeacher_trainer.py:171 [INFO] Train: Epoch: [11][150/781]	Step 8752	lr 0.01525	Loss 0.4661 (0.3840)	Prec@(1,5) (86.8%, 99.5%)	
06/26 03:21:25午後 finetuneTeacher_trainer.py:171 [INFO] Train: Epoch: [11][200/781]	Step 8802	lr 0.01525	Loss 0.4156 (0.3884)	Prec@(1,5) (86.6%, 99.5%)	
06/26 03:21:27午後 finetuneTeacher_trainer.py:171 [INFO] Train: Epoch: [11][250/781]	Step 8852	lr 0.01525	Loss 0.7450 (0.3895)	Prec@(1,5) (86.7%, 99.5%)	
06/26 03:21:29午後 finetuneTeacher_trainer.py:171 [INFO] Train: Epoch: [11][300/781]	Step 8902	lr 0.01525	Loss 0.3662 (0.3894)	Prec@(1,5) (86.6%, 99.5%)	
06/26 03:21:31午後 finetuneTeacher_trainer.py:171 [INFO] Train: Epoch: [11][350/781]	Step 8952	lr 0.01525	Loss 0.5203 (0.3861)	Prec@(1,5) (86.7%, 99.5%)	
06/26 03:21:33午後 finetuneTeacher_trainer.py:171 [INFO] Train: Epoch: [11][400/781]	Step 9002	lr 0.01525	Loss 0.2642 (0.3833)	Prec@(1,5) (86.8%, 99.5%)	
06/26 03:21:35午後 finetuneTeacher_trainer.py:171 [INFO] Train: Epoch: [11][450/781]	Step 9052	lr 0.01525	Loss 0.4009 (0.3828)	Prec@(1,5) (86.8%, 99.5%)	
06/26 03:21:37午後 finetuneTeacher_trainer.py:171 [INFO] Train: Epoch: [11][500/781]	Step 9102	lr 0.01525	Loss 0.3736 (0.3823)	Prec@(1,5) (86.8%, 99.5%)	
06/26 03:21:39午後 finetuneTeacher_trainer.py:171 [INFO] Train: Epoch: [11][550/781]	Step 9152	lr 0.01525	Loss 0.2947 (0.3816)	Prec@(1,5) (86.8%, 99.6%)	
06/26 03:21:41午後 finetuneTeacher_trainer.py:171 [INFO] Train: Epoch: [11][600/781]	Step 9202	lr 0.01525	Loss 0.1890 (0.3833)	Prec@(1,5) (86.8%, 99.5%)	
06/26 03:21:42午後 finetuneTeacher_trainer.py:171 [INFO] Train: Epoch: [11][650/781]	Step 9252	lr 0.01525	Loss 0.6370 (0.3873)	Prec@(1,5) (86.6%, 99.5%)	
06/26 03:21:44午後 finetuneTeacher_trainer.py:171 [INFO] Train: Epoch: [11][700/781]	Step 9302	lr 0.01525	Loss 0.4088 (0.3893)	Prec@(1,5) (86.5%, 99.5%)	
06/26 03:21:46午後 finetuneTeacher_trainer.py:171 [INFO] Train: Epoch: [11][750/781]	Step 9352	lr 0.01525	Loss 0.3481 (0.3898)	Prec@(1,5) (86.5%, 99.5%)	
06/26 03:21:48午後 finetuneTeacher_trainer.py:171 [INFO] Train: Epoch: [11][781/781]	Step 9383	lr 0.01525	Loss 0.3455 (0.3906)	Prec@(1,5) (86.5%, 99.5%)	
06/26 03:21:48午後 finetuneTeacher_trainer.py:181 [INFO] Train: [ 11/24] Final Prec@1 86.4800%
06/26 03:21:48午後 finetuneTeacher_trainer.py:209 [INFO] Valid: Epoch: [11][50/391]	Step 9384	Loss 0.3794	Prec@(1,5) (86.6%, 99.5%)
06/26 03:21:49午後 finetuneTeacher_trainer.py:209 [INFO] Valid: Epoch: [11][100/391]	Step 9384	Loss 0.3672	Prec@(1,5) (87.0%, 99.5%)
06/26 03:21:49午後 finetuneTeacher_trainer.py:209 [INFO] Valid: Epoch: [11][150/391]	Step 9384	Loss 0.3637	Prec@(1,5) (87.3%, 99.6%)
06/26 03:21:49午後 finetuneTeacher_trainer.py:209 [INFO] Valid: Epoch: [11][200/391]	Step 9384	Loss 0.3660	Prec@(1,5) (87.3%, 99.6%)
06/26 03:21:50午後 finetuneTeacher_trainer.py:209 [INFO] Valid: Epoch: [11][250/391]	Step 9384	Loss 0.3681	Prec@(1,5) (87.2%, 99.6%)
06/26 03:21:50午後 finetuneTeacher_trainer.py:209 [INFO] Valid: Epoch: [11][300/391]	Step 9384	Loss 0.3665	Prec@(1,5) (87.2%, 99.6%)
06/26 03:21:51午後 finetuneTeacher_trainer.py:209 [INFO] Valid: Epoch: [11][350/391]	Step 9384	Loss 0.3664	Prec@(1,5) (87.2%, 99.6%)
06/26 03:21:51午後 finetuneTeacher_trainer.py:209 [INFO] Valid: Epoch: [11][390/391]	Step 9384	Loss 0.3644	Prec@(1,5) (87.3%, 99.6%)
06/26 03:21:51午後 finetuneTeacher_trainer.py:216 [INFO] Valid: [ 11/24] Final Prec@1 87.2920%
06/26 03:21:53午後 finetuneTeacher_main.py:54 [INFO] Until now, best Prec@1 = 87.2920%
06/26 03:21:55午後 finetuneTeacher_trainer.py:171 [INFO] Train: Epoch: [12][50/781]	Step 9434	lr 0.01375	Loss 0.3284 (0.3692)	Prec@(1,5) (87.1%, 99.8%)	
06/26 03:21:56午後 finetuneTeacher_trainer.py:171 [INFO] Train: Epoch: [12][100/781]	Step 9484	lr 0.01375	Loss 0.5329 (0.3631)	Prec@(1,5) (87.6%, 99.7%)	
06/26 03:21:58午後 finetuneTeacher_trainer.py:171 [INFO] Train: Epoch: [12][150/781]	Step 9534	lr 0.01375	Loss 0.3268 (0.3627)	Prec@(1,5) (87.5%, 99.6%)	
06/26 03:22:00午後 finetuneTeacher_trainer.py:171 [INFO] Train: Epoch: [12][200/781]	Step 9584	lr 0.01375	Loss 0.2787 (0.3626)	Prec@(1,5) (87.5%, 99.6%)	
06/26 03:22:02午後 finetuneTeacher_trainer.py:171 [INFO] Train: Epoch: [12][250/781]	Step 9634	lr 0.01375	Loss 0.5017 (0.3603)	Prec@(1,5) (87.6%, 99.6%)	
06/26 03:22:04午後 finetuneTeacher_trainer.py:171 [INFO] Train: Epoch: [12][300/781]	Step 9684	lr 0.01375	Loss 0.2819 (0.3592)	Prec@(1,5) (87.6%, 99.6%)	
06/26 03:22:05午後 finetuneTeacher_trainer.py:171 [INFO] Train: Epoch: [12][350/781]	Step 9734	lr 0.01375	Loss 0.2955 (0.3605)	Prec@(1,5) (87.5%, 99.6%)	
06/26 03:22:07午後 finetuneTeacher_trainer.py:171 [INFO] Train: Epoch: [12][400/781]	Step 9784	lr 0.01375	Loss 0.2072 (0.3590)	Prec@(1,5) (87.5%, 99.6%)	
06/26 03:22:09午後 finetuneTeacher_trainer.py:171 [INFO] Train: Epoch: [12][450/781]	Step 9834	lr 0.01375	Loss 0.2747 (0.3578)	Prec@(1,5) (87.5%, 99.6%)	
06/26 03:22:10午後 finetuneTeacher_trainer.py:171 [INFO] Train: Epoch: [12][500/781]	Step 9884	lr 0.01375	Loss 0.3980 (0.3595)	Prec@(1,5) (87.5%, 99.6%)	
06/26 03:22:11午後 finetuneTeacher_trainer.py:171 [INFO] Train: Epoch: [12][550/781]	Step 9934	lr 0.01375	Loss 0.4688 (0.3592)	Prec@(1,5) (87.5%, 99.6%)	
06/26 03:22:13午後 finetuneTeacher_trainer.py:171 [INFO] Train: Epoch: [12][600/781]	Step 9984	lr 0.01375	Loss 0.2697 (0.3585)	Prec@(1,5) (87.6%, 99.6%)	
06/26 03:22:15午後 finetuneTeacher_trainer.py:171 [INFO] Train: Epoch: [12][650/781]	Step 10034	lr 0.01375	Loss 0.2802 (0.3595)	Prec@(1,5) (87.5%, 99.6%)	
06/26 03:22:16午後 finetuneTeacher_trainer.py:171 [INFO] Train: Epoch: [12][700/781]	Step 10084	lr 0.01375	Loss 0.5738 (0.3616)	Prec@(1,5) (87.4%, 99.6%)	
06/26 03:22:18午後 finetuneTeacher_trainer.py:171 [INFO] Train: Epoch: [12][750/781]	Step 10134	lr 0.01375	Loss 0.3939 (0.3629)	Prec@(1,5) (87.3%, 99.6%)	
06/26 03:22:19午後 finetuneTeacher_trainer.py:171 [INFO] Train: Epoch: [12][781/781]	Step 10165	lr 0.01375	Loss 0.4301 (0.3642)	Prec@(1,5) (87.3%, 99.6%)	
06/26 03:22:19午後 finetuneTeacher_trainer.py:181 [INFO] Train: [ 12/24] Final Prec@1 87.3000%
06/26 03:22:20午後 finetuneTeacher_trainer.py:209 [INFO] Valid: Epoch: [12][50/391]	Step 10166	Loss 0.3435	Prec@(1,5) (88.0%, 99.5%)
06/26 03:22:20午後 finetuneTeacher_trainer.py:209 [INFO] Valid: Epoch: [12][100/391]	Step 10166	Loss 0.3425	Prec@(1,5) (88.1%, 99.6%)
06/26 03:22:21午後 finetuneTeacher_trainer.py:209 [INFO] Valid: Epoch: [12][150/391]	Step 10166	Loss 0.3351	Prec@(1,5) (88.2%, 99.7%)
06/26 03:22:21午後 finetuneTeacher_trainer.py:209 [INFO] Valid: Epoch: [12][200/391]	Step 10166	Loss 0.3377	Prec@(1,5) (88.2%, 99.7%)
06/26 03:22:21午後 finetuneTeacher_trainer.py:209 [INFO] Valid: Epoch: [12][250/391]	Step 10166	Loss 0.3347	Prec@(1,5) (88.3%, 99.7%)
06/26 03:22:22午後 finetuneTeacher_trainer.py:209 [INFO] Valid: Epoch: [12][300/391]	Step 10166	Loss 0.3337	Prec@(1,5) (88.3%, 99.7%)
06/26 03:22:22午後 finetuneTeacher_trainer.py:209 [INFO] Valid: Epoch: [12][350/391]	Step 10166	Loss 0.3341	Prec@(1,5) (88.4%, 99.7%)
06/26 03:22:22午後 finetuneTeacher_trainer.py:209 [INFO] Valid: Epoch: [12][390/391]	Step 10166	Loss 0.3343	Prec@(1,5) (88.4%, 99.7%)
06/26 03:22:23午後 finetuneTeacher_trainer.py:216 [INFO] Valid: [ 12/24] Final Prec@1 88.3640%
06/26 03:22:24午後 finetuneTeacher_main.py:54 [INFO] Until now, best Prec@1 = 88.3640%
06/26 03:22:26午後 finetuneTeacher_trainer.py:171 [INFO] Train: Epoch: [13][50/781]	Step 10216	lr 0.01225	Loss 0.3521 (0.3391)	Prec@(1,5) (88.7%, 99.7%)	
06/26 03:22:28午後 finetuneTeacher_trainer.py:171 [INFO] Train: Epoch: [13][100/781]	Step 10266	lr 0.01225	Loss 0.5541 (0.3361)	Prec@(1,5) (88.7%, 99.6%)	
06/26 03:22:30午後 finetuneTeacher_trainer.py:171 [INFO] Train: Epoch: [13][150/781]	Step 10316	lr 0.01225	Loss 0.4010 (0.3262)	Prec@(1,5) (88.9%, 99.6%)	
06/26 03:22:31午後 finetuneTeacher_trainer.py:171 [INFO] Train: Epoch: [13][200/781]	Step 10366	lr 0.01225	Loss 0.4919 (0.3280)	Prec@(1,5) (88.8%, 99.7%)	
06/26 03:22:33午後 finetuneTeacher_trainer.py:171 [INFO] Train: Epoch: [13][250/781]	Step 10416	lr 0.01225	Loss 0.2291 (0.3296)	Prec@(1,5) (88.8%, 99.7%)	
06/26 03:22:35午後 finetuneTeacher_trainer.py:171 [INFO] Train: Epoch: [13][300/781]	Step 10466	lr 0.01225	Loss 0.2556 (0.3281)	Prec@(1,5) (88.8%, 99.7%)	
06/26 03:22:37午後 finetuneTeacher_trainer.py:171 [INFO] Train: Epoch: [13][350/781]	Step 10516	lr 0.01225	Loss 0.3113 (0.3276)	Prec@(1,5) (88.8%, 99.6%)	
06/26 03:22:39午後 finetuneTeacher_trainer.py:171 [INFO] Train: Epoch: [13][400/781]	Step 10566	lr 0.01225	Loss 0.5447 (0.3311)	Prec@(1,5) (88.7%, 99.6%)	
06/26 03:22:41午後 finetuneTeacher_trainer.py:171 [INFO] Train: Epoch: [13][450/781]	Step 10616	lr 0.01225	Loss 0.3041 (0.3339)	Prec@(1,5) (88.6%, 99.6%)	
06/26 03:22:43午後 finetuneTeacher_trainer.py:171 [INFO] Train: Epoch: [13][500/781]	Step 10666	lr 0.01225	Loss 0.5734 (0.3355)	Prec@(1,5) (88.6%, 99.6%)	
06/26 03:22:44午後 finetuneTeacher_trainer.py:171 [INFO] Train: Epoch: [13][550/781]	Step 10716	lr 0.01225	Loss 0.3057 (0.3369)	Prec@(1,5) (88.5%, 99.6%)	
06/26 03:22:46午後 finetuneTeacher_trainer.py:171 [INFO] Train: Epoch: [13][600/781]	Step 10766	lr 0.01225	Loss 0.3177 (0.3388)	Prec@(1,5) (88.5%, 99.6%)	
06/26 03:22:48午後 finetuneTeacher_trainer.py:171 [INFO] Train: Epoch: [13][650/781]	Step 10816	lr 0.01225	Loss 0.3382 (0.3390)	Prec@(1,5) (88.4%, 99.6%)	
06/26 03:22:49午後 finetuneTeacher_trainer.py:171 [INFO] Train: Epoch: [13][700/781]	Step 10866	lr 0.01225	Loss 0.2664 (0.3397)	Prec@(1,5) (88.4%, 99.6%)	
06/26 03:22:51午後 finetuneTeacher_trainer.py:171 [INFO] Train: Epoch: [13][750/781]	Step 10916	lr 0.01225	Loss 0.4579 (0.3410)	Prec@(1,5) (88.4%, 99.6%)	
06/26 03:22:52午後 finetuneTeacher_trainer.py:171 [INFO] Train: Epoch: [13][781/781]	Step 10947	lr 0.01225	Loss 0.2468 (0.3418)	Prec@(1,5) (88.3%, 99.6%)	
06/26 03:22:52午後 finetuneTeacher_trainer.py:181 [INFO] Train: [ 13/24] Final Prec@1 88.3060%
06/26 03:22:53午後 finetuneTeacher_trainer.py:209 [INFO] Valid: Epoch: [13][50/391]	Step 10948	Loss 0.3059	Prec@(1,5) (89.2%, 99.7%)
06/26 03:22:53午後 finetuneTeacher_trainer.py:209 [INFO] Valid: Epoch: [13][100/391]	Step 10948	Loss 0.2954	Prec@(1,5) (89.7%, 99.7%)
06/26 03:22:53午後 finetuneTeacher_trainer.py:209 [INFO] Valid: Epoch: [13][150/391]	Step 10948	Loss 0.2932	Prec@(1,5) (89.9%, 99.7%)
06/26 03:22:54午後 finetuneTeacher_trainer.py:209 [INFO] Valid: Epoch: [13][200/391]	Step 10948	Loss 0.2902	Prec@(1,5) (89.9%, 99.7%)
06/26 03:22:54午後 finetuneTeacher_trainer.py:209 [INFO] Valid: Epoch: [13][250/391]	Step 10948	Loss 0.2936	Prec@(1,5) (89.8%, 99.7%)
06/26 03:22:55午後 finetuneTeacher_trainer.py:209 [INFO] Valid: Epoch: [13][300/391]	Step 10948	Loss 0.2931	Prec@(1,5) (89.9%, 99.7%)
06/26 03:22:55午後 finetuneTeacher_trainer.py:209 [INFO] Valid: Epoch: [13][350/391]	Step 10948	Loss 0.2963	Prec@(1,5) (89.7%, 99.7%)
06/26 03:22:55午後 finetuneTeacher_trainer.py:209 [INFO] Valid: Epoch: [13][390/391]	Step 10948	Loss 0.2974	Prec@(1,5) (89.8%, 99.7%)
06/26 03:22:55午後 finetuneTeacher_trainer.py:216 [INFO] Valid: [ 13/24] Final Prec@1 89.7560%
06/26 03:22:57午後 finetuneTeacher_main.py:54 [INFO] Until now, best Prec@1 = 89.7560%
06/26 03:22:59午後 finetuneTeacher_trainer.py:171 [INFO] Train: Epoch: [14][50/781]	Step 10998	lr 0.01075	Loss 0.1970 (0.2883)	Prec@(1,5) (89.9%, 99.7%)	
06/26 03:23:01午後 finetuneTeacher_trainer.py:171 [INFO] Train: Epoch: [14][100/781]	Step 11048	lr 0.01075	Loss 0.3024 (0.2904)	Prec@(1,5) (90.0%, 99.7%)	
06/26 03:23:03午後 finetuneTeacher_trainer.py:171 [INFO] Train: Epoch: [14][150/781]	Step 11098	lr 0.01075	Loss 0.2113 (0.2928)	Prec@(1,5) (89.8%, 99.7%)	
06/26 03:23:05午後 finetuneTeacher_trainer.py:171 [INFO] Train: Epoch: [14][200/781]	Step 11148	lr 0.01075	Loss 0.3418 (0.2991)	Prec@(1,5) (89.5%, 99.7%)	
06/26 03:23:06午後 finetuneTeacher_trainer.py:171 [INFO] Train: Epoch: [14][250/781]	Step 11198	lr 0.01075	Loss 0.2305 (0.2956)	Prec@(1,5) (89.7%, 99.8%)	
06/26 03:23:08午後 finetuneTeacher_trainer.py:171 [INFO] Train: Epoch: [14][300/781]	Step 11248	lr 0.01075	Loss 0.2609 (0.2954)	Prec@(1,5) (89.7%, 99.7%)	
06/26 03:23:10午後 finetuneTeacher_trainer.py:171 [INFO] Train: Epoch: [14][350/781]	Step 11298	lr 0.01075	Loss 0.3882 (0.3036)	Prec@(1,5) (89.4%, 99.7%)	
06/26 03:23:12午後 finetuneTeacher_trainer.py:171 [INFO] Train: Epoch: [14][400/781]	Step 11348	lr 0.01075	Loss 0.2680 (0.3070)	Prec@(1,5) (89.2%, 99.7%)	
06/26 03:23:14午後 finetuneTeacher_trainer.py:171 [INFO] Train: Epoch: [14][450/781]	Step 11398	lr 0.01075	Loss 0.1858 (0.3038)	Prec@(1,5) (89.4%, 99.7%)	
06/26 03:23:15午後 finetuneTeacher_trainer.py:171 [INFO] Train: Epoch: [14][500/781]	Step 11448	lr 0.01075	Loss 0.3516 (0.3032)	Prec@(1,5) (89.5%, 99.7%)	
06/26 03:23:17午後 finetuneTeacher_trainer.py:171 [INFO] Train: Epoch: [14][550/781]	Step 11498	lr 0.01075	Loss 0.2224 (0.3051)	Prec@(1,5) (89.5%, 99.7%)	
06/26 03:23:19午後 finetuneTeacher_trainer.py:171 [INFO] Train: Epoch: [14][600/781]	Step 11548	lr 0.01075	Loss 0.3693 (0.3065)	Prec@(1,5) (89.4%, 99.7%)	
06/26 03:23:21午後 finetuneTeacher_trainer.py:171 [INFO] Train: Epoch: [14][650/781]	Step 11598	lr 0.01075	Loss 0.1974 (0.3070)	Prec@(1,5) (89.4%, 99.7%)	
06/26 03:23:23午後 finetuneTeacher_trainer.py:171 [INFO] Train: Epoch: [14][700/781]	Step 11648	lr 0.01075	Loss 0.2467 (0.3063)	Prec@(1,5) (89.5%, 99.7%)	
06/26 03:23:25午後 finetuneTeacher_trainer.py:171 [INFO] Train: Epoch: [14][750/781]	Step 11698	lr 0.01075	Loss 0.4117 (0.3068)	Prec@(1,5) (89.5%, 99.7%)	
06/26 03:23:26午後 finetuneTeacher_trainer.py:171 [INFO] Train: Epoch: [14][781/781]	Step 11729	lr 0.01075	Loss 0.3705 (0.3073)	Prec@(1,5) (89.4%, 99.7%)	
06/26 03:23:26午後 finetuneTeacher_trainer.py:181 [INFO] Train: [ 14/24] Final Prec@1 89.4380%
06/26 03:23:27午後 finetuneTeacher_trainer.py:209 [INFO] Valid: Epoch: [14][50/391]	Step 11730	Loss 0.2870	Prec@(1,5) (90.2%, 99.7%)
06/26 03:23:27午後 finetuneTeacher_trainer.py:209 [INFO] Valid: Epoch: [14][100/391]	Step 11730	Loss 0.2887	Prec@(1,5) (90.2%, 99.7%)
06/26 03:23:28午後 finetuneTeacher_trainer.py:209 [INFO] Valid: Epoch: [14][150/391]	Step 11730	Loss 0.2887	Prec@(1,5) (90.1%, 99.7%)
06/26 03:23:28午後 finetuneTeacher_trainer.py:209 [INFO] Valid: Epoch: [14][200/391]	Step 11730	Loss 0.2917	Prec@(1,5) (89.9%, 99.7%)
06/26 03:23:28午後 finetuneTeacher_trainer.py:209 [INFO] Valid: Epoch: [14][250/391]	Step 11730	Loss 0.2889	Prec@(1,5) (90.0%, 99.7%)
06/26 03:23:29午後 finetuneTeacher_trainer.py:209 [INFO] Valid: Epoch: [14][300/391]	Step 11730	Loss 0.2875	Prec@(1,5) (90.1%, 99.7%)
06/26 03:23:29午後 finetuneTeacher_trainer.py:209 [INFO] Valid: Epoch: [14][350/391]	Step 11730	Loss 0.2886	Prec@(1,5) (90.0%, 99.7%)
06/26 03:23:29午後 finetuneTeacher_trainer.py:209 [INFO] Valid: Epoch: [14][390/391]	Step 11730	Loss 0.2854	Prec@(1,5) (90.1%, 99.8%)
06/26 03:23:29午後 finetuneTeacher_trainer.py:216 [INFO] Valid: [ 14/24] Final Prec@1 90.0640%
06/26 03:23:31午後 finetuneTeacher_main.py:54 [INFO] Until now, best Prec@1 = 90.0640%
06/26 03:23:33午後 finetuneTeacher_trainer.py:171 [INFO] Train: Epoch: [15][50/781]	Step 11780	lr 0.00929	Loss 0.1873 (0.2800)	Prec@(1,5) (89.9%, 99.7%)	
06/26 03:23:35午後 finetuneTeacher_trainer.py:171 [INFO] Train: Epoch: [15][100/781]	Step 11830	lr 0.00929	Loss 0.1772 (0.2902)	Prec@(1,5) (89.8%, 99.8%)	
06/26 03:23:37午後 finetuneTeacher_trainer.py:171 [INFO] Train: Epoch: [15][150/781]	Step 11880	lr 0.00929	Loss 0.3411 (0.2824)	Prec@(1,5) (90.1%, 99.7%)	
06/26 03:23:39午後 finetuneTeacher_trainer.py:171 [INFO] Train: Epoch: [15][200/781]	Step 11930	lr 0.00929	Loss 0.2355 (0.2846)	Prec@(1,5) (90.0%, 99.8%)	
06/26 03:23:41午後 finetuneTeacher_trainer.py:171 [INFO] Train: Epoch: [15][250/781]	Step 11980	lr 0.00929	Loss 0.2566 (0.2829)	Prec@(1,5) (90.0%, 99.8%)	
06/26 03:23:43午後 finetuneTeacher_trainer.py:171 [INFO] Train: Epoch: [15][300/781]	Step 12030	lr 0.00929	Loss 0.2384 (0.2795)	Prec@(1,5) (90.2%, 99.8%)	
06/26 03:23:45午後 finetuneTeacher_trainer.py:171 [INFO] Train: Epoch: [15][350/781]	Step 12080	lr 0.00929	Loss 0.2826 (0.2788)	Prec@(1,5) (90.2%, 99.8%)	
06/26 03:23:47午後 finetuneTeacher_trainer.py:171 [INFO] Train: Epoch: [15][400/781]	Step 12130	lr 0.00929	Loss 0.0949 (0.2786)	Prec@(1,5) (90.2%, 99.8%)	
06/26 03:23:48午後 finetuneTeacher_trainer.py:171 [INFO] Train: Epoch: [15][450/781]	Step 12180	lr 0.00929	Loss 0.2868 (0.2785)	Prec@(1,5) (90.3%, 99.8%)	
06/26 03:23:50午後 finetuneTeacher_trainer.py:171 [INFO] Train: Epoch: [15][500/781]	Step 12230	lr 0.00929	Loss 0.3923 (0.2804)	Prec@(1,5) (90.3%, 99.7%)	
06/26 03:23:51午後 finetuneTeacher_trainer.py:171 [INFO] Train: Epoch: [15][550/781]	Step 12280	lr 0.00929	Loss 0.2834 (0.2793)	Prec@(1,5) (90.3%, 99.7%)	
06/26 03:23:52午後 finetuneTeacher_trainer.py:171 [INFO] Train: Epoch: [15][600/781]	Step 12330	lr 0.00929	Loss 0.2280 (0.2790)	Prec@(1,5) (90.3%, 99.7%)	
06/26 03:23:54午後 finetuneTeacher_trainer.py:171 [INFO] Train: Epoch: [15][650/781]	Step 12380	lr 0.00929	Loss 0.2769 (0.2799)	Prec@(1,5) (90.3%, 99.7%)	
06/26 03:23:55午後 finetuneTeacher_trainer.py:171 [INFO] Train: Epoch: [15][700/781]	Step 12430	lr 0.00929	Loss 0.2099 (0.2794)	Prec@(1,5) (90.3%, 99.7%)	
06/26 03:23:56午後 finetuneTeacher_trainer.py:171 [INFO] Train: Epoch: [15][750/781]	Step 12480	lr 0.00929	Loss 0.2158 (0.2805)	Prec@(1,5) (90.3%, 99.7%)	
06/26 03:23:57午後 finetuneTeacher_trainer.py:171 [INFO] Train: Epoch: [15][781/781]	Step 12511	lr 0.00929	Loss 0.1977 (0.2809)	Prec@(1,5) (90.3%, 99.8%)	
06/26 03:23:57午後 finetuneTeacher_trainer.py:181 [INFO] Train: [ 15/24] Final Prec@1 90.2720%
06/26 03:23:58午後 finetuneTeacher_trainer.py:209 [INFO] Valid: Epoch: [15][50/391]	Step 12512	Loss 0.2347	Prec@(1,5) (92.1%, 99.8%)
06/26 03:23:58午後 finetuneTeacher_trainer.py:209 [INFO] Valid: Epoch: [15][100/391]	Step 12512	Loss 0.2434	Prec@(1,5) (91.5%, 99.8%)
06/26 03:23:59午後 finetuneTeacher_trainer.py:209 [INFO] Valid: Epoch: [15][150/391]	Step 12512	Loss 0.2436	Prec@(1,5) (91.6%, 99.8%)
06/26 03:23:59午後 finetuneTeacher_trainer.py:209 [INFO] Valid: Epoch: [15][200/391]	Step 12512	Loss 0.2384	Prec@(1,5) (91.8%, 99.9%)
06/26 03:23:59午後 finetuneTeacher_trainer.py:209 [INFO] Valid: Epoch: [15][250/391]	Step 12512	Loss 0.2386	Prec@(1,5) (91.8%, 99.8%)
06/26 03:24:00午後 finetuneTeacher_trainer.py:209 [INFO] Valid: Epoch: [15][300/391]	Step 12512	Loss 0.2406	Prec@(1,5) (91.7%, 99.8%)
06/26 03:24:00午後 finetuneTeacher_trainer.py:209 [INFO] Valid: Epoch: [15][350/391]	Step 12512	Loss 0.2390	Prec@(1,5) (91.7%, 99.8%)
06/26 03:24:01午後 finetuneTeacher_trainer.py:209 [INFO] Valid: Epoch: [15][390/391]	Step 12512	Loss 0.2391	Prec@(1,5) (91.8%, 99.8%)
06/26 03:24:01午後 finetuneTeacher_trainer.py:216 [INFO] Valid: [ 15/24] Final Prec@1 91.7640%
06/26 03:24:02午後 finetuneTeacher_main.py:54 [INFO] Until now, best Prec@1 = 91.7640%
06/26 03:24:04午後 finetuneTeacher_trainer.py:171 [INFO] Train: Epoch: [16][50/781]	Step 12562	lr 0.00789	Loss 0.2513 (0.2527)	Prec@(1,5) (91.3%, 99.9%)	
06/26 03:24:06午後 finetuneTeacher_trainer.py:171 [INFO] Train: Epoch: [16][100/781]	Step 12612	lr 0.00789	Loss 0.2936 (0.2479)	Prec@(1,5) (91.3%, 99.9%)	
06/26 03:24:09午後 finetuneTeacher_trainer.py:171 [INFO] Train: Epoch: [16][150/781]	Step 12662	lr 0.00789	Loss 0.1765 (0.2417)	Prec@(1,5) (91.6%, 99.9%)	
06/26 03:24:11午後 finetuneTeacher_trainer.py:171 [INFO] Train: Epoch: [16][200/781]	Step 12712	lr 0.00789	Loss 0.2088 (0.2415)	Prec@(1,5) (91.5%, 99.9%)	
06/26 03:24:12午後 finetuneTeacher_trainer.py:171 [INFO] Train: Epoch: [16][250/781]	Step 12762	lr 0.00789	Loss 0.2805 (0.2444)	Prec@(1,5) (91.5%, 99.8%)	
06/26 03:24:15午後 finetuneTeacher_trainer.py:171 [INFO] Train: Epoch: [16][300/781]	Step 12812	lr 0.00789	Loss 0.2719 (0.2514)	Prec@(1,5) (91.3%, 99.8%)	
06/26 03:24:16午後 finetuneTeacher_trainer.py:171 [INFO] Train: Epoch: [16][350/781]	Step 12862	lr 0.00789	Loss 0.3128 (0.2519)	Prec@(1,5) (91.2%, 99.8%)	
06/26 03:24:19午後 finetuneTeacher_trainer.py:171 [INFO] Train: Epoch: [16][400/781]	Step 12912	lr 0.00789	Loss 0.2940 (0.2526)	Prec@(1,5) (91.3%, 99.8%)	
06/26 03:24:21午後 finetuneTeacher_trainer.py:171 [INFO] Train: Epoch: [16][450/781]	Step 12962	lr 0.00789	Loss 0.2064 (0.2525)	Prec@(1,5) (91.3%, 99.8%)	
06/26 03:24:22午後 finetuneTeacher_trainer.py:171 [INFO] Train: Epoch: [16][500/781]	Step 13012	lr 0.00789	Loss 0.4698 (0.2534)	Prec@(1,5) (91.2%, 99.8%)	
06/26 03:24:24午後 finetuneTeacher_trainer.py:171 [INFO] Train: Epoch: [16][550/781]	Step 13062	lr 0.00789	Loss 0.3270 (0.2526)	Prec@(1,5) (91.3%, 99.8%)	
06/26 03:24:26午後 finetuneTeacher_trainer.py:171 [INFO] Train: Epoch: [16][600/781]	Step 13112	lr 0.00789	Loss 0.2192 (0.2535)	Prec@(1,5) (91.2%, 99.8%)	
06/26 03:24:27午後 finetuneTeacher_trainer.py:171 [INFO] Train: Epoch: [16][650/781]	Step 13162	lr 0.00789	Loss 0.1930 (0.2534)	Prec@(1,5) (91.2%, 99.8%)	
06/26 03:24:29午後 finetuneTeacher_trainer.py:171 [INFO] Train: Epoch: [16][700/781]	Step 13212	lr 0.00789	Loss 0.2967 (0.2535)	Prec@(1,5) (91.2%, 99.8%)	
06/26 03:24:30午後 finetuneTeacher_trainer.py:171 [INFO] Train: Epoch: [16][750/781]	Step 13262	lr 0.00789	Loss 0.2722 (0.2542)	Prec@(1,5) (91.2%, 99.8%)	
06/26 03:24:31午後 finetuneTeacher_trainer.py:171 [INFO] Train: Epoch: [16][781/781]	Step 13293	lr 0.00789	Loss 0.3761 (0.2541)	Prec@(1,5) (91.2%, 99.8%)	
06/26 03:24:32午後 finetuneTeacher_trainer.py:181 [INFO] Train: [ 16/24] Final Prec@1 91.2320%
06/26 03:24:32午後 finetuneTeacher_trainer.py:209 [INFO] Valid: Epoch: [16][50/391]	Step 13294	Loss 0.2095	Prec@(1,5) (92.7%, 100.0%)
06/26 03:24:33午後 finetuneTeacher_trainer.py:209 [INFO] Valid: Epoch: [16][100/391]	Step 13294	Loss 0.2131	Prec@(1,5) (92.6%, 99.9%)
06/26 03:24:33午後 finetuneTeacher_trainer.py:209 [INFO] Valid: Epoch: [16][150/391]	Step 13294	Loss 0.2165	Prec@(1,5) (92.5%, 99.9%)
06/26 03:24:33午後 finetuneTeacher_trainer.py:209 [INFO] Valid: Epoch: [16][200/391]	Step 13294	Loss 0.2161	Prec@(1,5) (92.6%, 99.9%)
06/26 03:24:34午後 finetuneTeacher_trainer.py:209 [INFO] Valid: Epoch: [16][250/391]	Step 13294	Loss 0.2168	Prec@(1,5) (92.5%, 99.9%)
06/26 03:24:34午後 finetuneTeacher_trainer.py:209 [INFO] Valid: Epoch: [16][300/391]	Step 13294	Loss 0.2148	Prec@(1,5) (92.6%, 99.9%)
06/26 03:24:34午後 finetuneTeacher_trainer.py:209 [INFO] Valid: Epoch: [16][350/391]	Step 13294	Loss 0.2151	Prec@(1,5) (92.6%, 99.9%)
06/26 03:24:35午後 finetuneTeacher_trainer.py:209 [INFO] Valid: Epoch: [16][390/391]	Step 13294	Loss 0.2165	Prec@(1,5) (92.5%, 99.9%)
06/26 03:24:35午後 finetuneTeacher_trainer.py:216 [INFO] Valid: [ 16/24] Final Prec@1 92.5080%
06/26 03:24:36午後 finetuneTeacher_main.py:54 [INFO] Until now, best Prec@1 = 92.5080%
06/26 03:24:39午後 finetuneTeacher_trainer.py:171 [INFO] Train: Epoch: [17][50/781]	Step 13344	lr 0.00657	Loss 0.2491 (0.2257)	Prec@(1,5) (92.3%, 99.8%)	
06/26 03:24:41午後 finetuneTeacher_trainer.py:171 [INFO] Train: Epoch: [17][100/781]	Step 13394	lr 0.00657	Loss 0.1918 (0.2201)	Prec@(1,5) (92.4%, 99.9%)	
06/26 03:24:42午後 finetuneTeacher_trainer.py:171 [INFO] Train: Epoch: [17][150/781]	Step 13444	lr 0.00657	Loss 0.2665 (0.2184)	Prec@(1,5) (92.5%, 99.9%)	
06/26 03:24:44午後 finetuneTeacher_trainer.py:171 [INFO] Train: Epoch: [17][200/781]	Step 13494	lr 0.00657	Loss 0.1623 (0.2207)	Prec@(1,5) (92.4%, 99.9%)	
06/26 03:24:46午後 finetuneTeacher_trainer.py:171 [INFO] Train: Epoch: [17][250/781]	Step 13544	lr 0.00657	Loss 0.1741 (0.2254)	Prec@(1,5) (92.2%, 99.9%)	
06/26 03:24:48午後 finetuneTeacher_trainer.py:171 [INFO] Train: Epoch: [17][300/781]	Step 13594	lr 0.00657	Loss 0.2016 (0.2254)	Prec@(1,5) (92.2%, 99.9%)	
06/26 03:24:49午後 finetuneTeacher_trainer.py:171 [INFO] Train: Epoch: [17][350/781]	Step 13644	lr 0.00657	Loss 0.1935 (0.2250)	Prec@(1,5) (92.2%, 99.9%)	
06/26 03:24:51午後 finetuneTeacher_trainer.py:171 [INFO] Train: Epoch: [17][400/781]	Step 13694	lr 0.00657	Loss 0.2317 (0.2270)	Prec@(1,5) (92.1%, 99.9%)	
06/26 03:24:53午後 finetuneTeacher_trainer.py:171 [INFO] Train: Epoch: [17][450/781]	Step 13744	lr 0.00657	Loss 0.1873 (0.2261)	Prec@(1,5) (92.1%, 99.9%)	
06/26 03:24:54午後 finetuneTeacher_trainer.py:171 [INFO] Train: Epoch: [17][500/781]	Step 13794	lr 0.00657	Loss 0.0776 (0.2252)	Prec@(1,5) (92.1%, 99.9%)	
06/26 03:24:56午後 finetuneTeacher_trainer.py:171 [INFO] Train: Epoch: [17][550/781]	Step 13844	lr 0.00657	Loss 0.0987 (0.2257)	Prec@(1,5) (92.1%, 99.9%)	
06/26 03:24:58午後 finetuneTeacher_trainer.py:171 [INFO] Train: Epoch: [17][600/781]	Step 13894	lr 0.00657	Loss 0.2341 (0.2252)	Prec@(1,5) (92.2%, 99.9%)	
06/26 03:24:59午後 finetuneTeacher_trainer.py:171 [INFO] Train: Epoch: [17][650/781]	Step 13944	lr 0.00657	Loss 0.3964 (0.2268)	Prec@(1,5) (92.1%, 99.9%)	
06/26 03:25:01午後 finetuneTeacher_trainer.py:171 [INFO] Train: Epoch: [17][700/781]	Step 13994	lr 0.00657	Loss 0.3792 (0.2285)	Prec@(1,5) (92.1%, 99.9%)	
06/26 03:25:03午後 finetuneTeacher_trainer.py:171 [INFO] Train: Epoch: [17][750/781]	Step 14044	lr 0.00657	Loss 0.3013 (0.2281)	Prec@(1,5) (92.1%, 99.9%)	
06/26 03:25:04午後 finetuneTeacher_trainer.py:171 [INFO] Train: Epoch: [17][781/781]	Step 14075	lr 0.00657	Loss 0.3157 (0.2282)	Prec@(1,5) (92.1%, 99.9%)	
06/26 03:25:04午後 finetuneTeacher_trainer.py:181 [INFO] Train: [ 17/24] Final Prec@1 92.0880%
06/26 03:25:05午後 finetuneTeacher_trainer.py:209 [INFO] Valid: Epoch: [17][50/391]	Step 14076	Loss 0.1918	Prec@(1,5) (93.2%, 100.0%)
06/26 03:25:05午後 finetuneTeacher_trainer.py:209 [INFO] Valid: Epoch: [17][100/391]	Step 14076	Loss 0.1942	Prec@(1,5) (93.0%, 99.9%)
06/26 03:25:05午後 finetuneTeacher_trainer.py:209 [INFO] Valid: Epoch: [17][150/391]	Step 14076	Loss 0.1938	Prec@(1,5) (93.0%, 99.9%)
06/26 03:25:06午後 finetuneTeacher_trainer.py:209 [INFO] Valid: Epoch: [17][200/391]	Step 14076	Loss 0.1940	Prec@(1,5) (93.1%, 99.9%)
06/26 03:25:06午後 finetuneTeacher_trainer.py:209 [INFO] Valid: Epoch: [17][250/391]	Step 14076	Loss 0.1951	Prec@(1,5) (93.1%, 99.9%)
06/26 03:25:07午後 finetuneTeacher_trainer.py:209 [INFO] Valid: Epoch: [17][300/391]	Step 14076	Loss 0.1948	Prec@(1,5) (93.1%, 99.9%)
06/26 03:25:07午後 finetuneTeacher_trainer.py:209 [INFO] Valid: Epoch: [17][350/391]	Step 14076	Loss 0.1939	Prec@(1,5) (93.1%, 99.9%)
06/26 03:25:07午後 finetuneTeacher_trainer.py:209 [INFO] Valid: Epoch: [17][390/391]	Step 14076	Loss 0.1938	Prec@(1,5) (93.2%, 99.9%)
06/26 03:25:07午後 finetuneTeacher_trainer.py:216 [INFO] Valid: [ 17/24] Final Prec@1 93.1880%
06/26 03:25:09午後 finetuneTeacher_main.py:54 [INFO] Until now, best Prec@1 = 93.1880%
06/26 03:25:11午後 finetuneTeacher_trainer.py:171 [INFO] Train: Epoch: [18][50/781]	Step 14126	lr 0.00535	Loss 0.1490 (0.1813)	Prec@(1,5) (94.6%, 99.8%)	
06/26 03:25:13午後 finetuneTeacher_trainer.py:171 [INFO] Train: Epoch: [18][100/781]	Step 14176	lr 0.00535	Loss 0.3118 (0.1879)	Prec@(1,5) (94.0%, 99.8%)	
06/26 03:25:15午後 finetuneTeacher_trainer.py:171 [INFO] Train: Epoch: [18][150/781]	Step 14226	lr 0.00535	Loss 0.1130 (0.1919)	Prec@(1,5) (93.6%, 99.8%)	
06/26 03:25:17午後 finetuneTeacher_trainer.py:171 [INFO] Train: Epoch: [18][200/781]	Step 14276	lr 0.00535	Loss 0.1720 (0.1915)	Prec@(1,5) (93.6%, 99.9%)	
06/26 03:25:19午後 finetuneTeacher_trainer.py:171 [INFO] Train: Epoch: [18][250/781]	Step 14326	lr 0.00535	Loss 0.1121 (0.1912)	Prec@(1,5) (93.6%, 99.8%)	
06/26 03:25:21午後 finetuneTeacher_trainer.py:171 [INFO] Train: Epoch: [18][300/781]	Step 14376	lr 0.00535	Loss 0.2983 (0.1922)	Prec@(1,5) (93.5%, 99.9%)	
06/26 03:25:23午後 finetuneTeacher_trainer.py:171 [INFO] Train: Epoch: [18][350/781]	Step 14426	lr 0.00535	Loss 0.1612 (0.1925)	Prec@(1,5) (93.4%, 99.9%)	
06/26 03:25:25午後 finetuneTeacher_trainer.py:171 [INFO] Train: Epoch: [18][400/781]	Step 14476	lr 0.00535	Loss 0.1511 (0.1950)	Prec@(1,5) (93.2%, 99.9%)	
06/26 03:25:26午後 finetuneTeacher_trainer.py:171 [INFO] Train: Epoch: [18][450/781]	Step 14526	lr 0.00535	Loss 0.1882 (0.1962)	Prec@(1,5) (93.2%, 99.9%)	
06/26 03:25:28午後 finetuneTeacher_trainer.py:171 [INFO] Train: Epoch: [18][500/781]	Step 14576	lr 0.00535	Loss 0.1333 (0.1959)	Prec@(1,5) (93.2%, 99.9%)	
06/26 03:25:30午後 finetuneTeacher_trainer.py:171 [INFO] Train: Epoch: [18][550/781]	Step 14626	lr 0.00535	Loss 0.2816 (0.1964)	Prec@(1,5) (93.2%, 99.9%)	
06/26 03:25:31午後 finetuneTeacher_trainer.py:171 [INFO] Train: Epoch: [18][600/781]	Step 14676	lr 0.00535	Loss 0.1151 (0.1957)	Prec@(1,5) (93.2%, 99.9%)	
06/26 03:25:33午後 finetuneTeacher_trainer.py:171 [INFO] Train: Epoch: [18][650/781]	Step 14726	lr 0.00535	Loss 0.1234 (0.1967)	Prec@(1,5) (93.2%, 99.9%)	
06/26 03:25:35午後 finetuneTeacher_trainer.py:171 [INFO] Train: Epoch: [18][700/781]	Step 14776	lr 0.00535	Loss 0.1823 (0.1981)	Prec@(1,5) (93.1%, 99.9%)	
06/26 03:25:36午後 finetuneTeacher_trainer.py:171 [INFO] Train: Epoch: [18][750/781]	Step 14826	lr 0.00535	Loss 0.2134 (0.1989)	Prec@(1,5) (93.1%, 99.9%)	
06/26 03:25:37午後 finetuneTeacher_trainer.py:171 [INFO] Train: Epoch: [18][781/781]	Step 14857	lr 0.00535	Loss 0.3013 (0.1985)	Prec@(1,5) (93.1%, 99.9%)	
06/26 03:25:37午後 finetuneTeacher_trainer.py:181 [INFO] Train: [ 18/24] Final Prec@1 93.1160%
06/26 03:25:38午後 finetuneTeacher_trainer.py:209 [INFO] Valid: Epoch: [18][50/391]	Step 14858	Loss 0.1570	Prec@(1,5) (94.6%, 99.9%)
06/26 03:25:38午後 finetuneTeacher_trainer.py:209 [INFO] Valid: Epoch: [18][100/391]	Step 14858	Loss 0.1653	Prec@(1,5) (94.4%, 99.9%)
06/26 03:25:39午後 finetuneTeacher_trainer.py:209 [INFO] Valid: Epoch: [18][150/391]	Step 14858	Loss 0.1606	Prec@(1,5) (94.5%, 100.0%)
06/26 03:25:39午後 finetuneTeacher_trainer.py:209 [INFO] Valid: Epoch: [18][200/391]	Step 14858	Loss 0.1597	Prec@(1,5) (94.5%, 100.0%)
06/26 03:25:40午後 finetuneTeacher_trainer.py:209 [INFO] Valid: Epoch: [18][250/391]	Step 14858	Loss 0.1586	Prec@(1,5) (94.5%, 100.0%)
06/26 03:25:40午後 finetuneTeacher_trainer.py:209 [INFO] Valid: Epoch: [18][300/391]	Step 14858	Loss 0.1566	Prec@(1,5) (94.6%, 100.0%)
06/26 03:25:40午後 finetuneTeacher_trainer.py:209 [INFO] Valid: Epoch: [18][350/391]	Step 14858	Loss 0.1571	Prec@(1,5) (94.5%, 100.0%)
06/26 03:25:41午後 finetuneTeacher_trainer.py:209 [INFO] Valid: Epoch: [18][390/391]	Step 14858	Loss 0.1555	Prec@(1,5) (94.6%, 100.0%)
06/26 03:25:41午後 finetuneTeacher_trainer.py:216 [INFO] Valid: [ 18/24] Final Prec@1 94.6120%
06/26 03:25:42午後 finetuneTeacher_main.py:54 [INFO] Until now, best Prec@1 = 94.6120%
06/26 03:25:44午後 finetuneTeacher_trainer.py:171 [INFO] Train: Epoch: [19][50/781]	Step 14908	lr 0.00425	Loss 0.2100 (0.1684)	Prec@(1,5) (94.0%, 100.0%)	
06/26 03:25:46午後 finetuneTeacher_trainer.py:171 [INFO] Train: Epoch: [19][100/781]	Step 14958	lr 0.00425	Loss 0.1587 (0.1659)	Prec@(1,5) (94.2%, 100.0%)	
06/26 03:25:48午後 finetuneTeacher_trainer.py:171 [INFO] Train: Epoch: [19][150/781]	Step 15008	lr 0.00425	Loss 0.2783 (0.1630)	Prec@(1,5) (94.4%, 100.0%)	
06/26 03:25:49午後 finetuneTeacher_trainer.py:171 [INFO] Train: Epoch: [19][200/781]	Step 15058	lr 0.00425	Loss 0.2332 (0.1617)	Prec@(1,5) (94.4%, 99.9%)	
06/26 03:25:51午後 finetuneTeacher_trainer.py:171 [INFO] Train: Epoch: [19][250/781]	Step 15108	lr 0.00425	Loss 0.1216 (0.1576)	Prec@(1,5) (94.5%, 99.9%)	
06/26 03:25:53午後 finetuneTeacher_trainer.py:171 [INFO] Train: Epoch: [19][300/781]	Step 15158	lr 0.00425	Loss 0.2775 (0.1602)	Prec@(1,5) (94.4%, 99.9%)	
06/26 03:25:55午後 finetuneTeacher_trainer.py:171 [INFO] Train: Epoch: [19][350/781]	Step 15208	lr 0.00425	Loss 0.0631 (0.1605)	Prec@(1,5) (94.4%, 100.0%)	
06/26 03:25:57午後 finetuneTeacher_trainer.py:171 [INFO] Train: Epoch: [19][400/781]	Step 15258	lr 0.00425	Loss 0.2304 (0.1635)	Prec@(1,5) (94.3%, 99.9%)	
06/26 03:25:59午後 finetuneTeacher_trainer.py:171 [INFO] Train: Epoch: [19][450/781]	Step 15308	lr 0.00425	Loss 0.1376 (0.1643)	Prec@(1,5) (94.3%, 99.9%)	
06/26 03:26:00午後 finetuneTeacher_trainer.py:171 [INFO] Train: Epoch: [19][500/781]	Step 15358	lr 0.00425	Loss 0.2442 (0.1663)	Prec@(1,5) (94.3%, 99.9%)	
06/26 03:26:02午後 finetuneTeacher_trainer.py:171 [INFO] Train: Epoch: [19][550/781]	Step 15408	lr 0.00425	Loss 0.1669 (0.1680)	Prec@(1,5) (94.2%, 99.9%)	
06/26 03:26:04午後 finetuneTeacher_trainer.py:171 [INFO] Train: Epoch: [19][600/781]	Step 15458	lr 0.00425	Loss 0.1263 (0.1690)	Prec@(1,5) (94.2%, 99.9%)	
06/26 03:26:05午後 finetuneTeacher_trainer.py:171 [INFO] Train: Epoch: [19][650/781]	Step 15508	lr 0.00425	Loss 0.0926 (0.1710)	Prec@(1,5) (94.1%, 99.9%)	
06/26 03:26:07午後 finetuneTeacher_trainer.py:171 [INFO] Train: Epoch: [19][700/781]	Step 15558	lr 0.00425	Loss 0.2497 (0.1721)	Prec@(1,5) (94.1%, 99.9%)	
06/26 03:26:08午後 finetuneTeacher_trainer.py:171 [INFO] Train: Epoch: [19][750/781]	Step 15608	lr 0.00425	Loss 0.1566 (0.1729)	Prec@(1,5) (94.1%, 99.9%)	
06/26 03:26:09午後 finetuneTeacher_trainer.py:171 [INFO] Train: Epoch: [19][781/781]	Step 15639	lr 0.00425	Loss 0.1559 (0.1741)	Prec@(1,5) (94.0%, 99.9%)	
06/26 03:26:09午後 finetuneTeacher_trainer.py:181 [INFO] Train: [ 19/24] Final Prec@1 94.0300%
06/26 03:26:10午後 finetuneTeacher_trainer.py:209 [INFO] Valid: Epoch: [19][50/391]	Step 15640	Loss 0.1508	Prec@(1,5) (95.6%, 100.0%)
06/26 03:26:10午後 finetuneTeacher_trainer.py:209 [INFO] Valid: Epoch: [19][100/391]	Step 15640	Loss 0.1458	Prec@(1,5) (95.5%, 99.9%)
06/26 03:26:10午後 finetuneTeacher_trainer.py:209 [INFO] Valid: Epoch: [19][150/391]	Step 15640	Loss 0.1415	Prec@(1,5) (95.4%, 99.9%)
06/26 03:26:11午後 finetuneTeacher_trainer.py:209 [INFO] Valid: Epoch: [19][200/391]	Step 15640	Loss 0.1438	Prec@(1,5) (95.2%, 100.0%)
06/26 03:26:11午後 finetuneTeacher_trainer.py:209 [INFO] Valid: Epoch: [19][250/391]	Step 15640	Loss 0.1409	Prec@(1,5) (95.4%, 100.0%)
06/26 03:26:11午後 finetuneTeacher_trainer.py:209 [INFO] Valid: Epoch: [19][300/391]	Step 15640	Loss 0.1402	Prec@(1,5) (95.4%, 100.0%)
06/26 03:26:12午後 finetuneTeacher_trainer.py:209 [INFO] Valid: Epoch: [19][350/391]	Step 15640	Loss 0.1404	Prec@(1,5) (95.3%, 100.0%)
06/26 03:26:12午後 finetuneTeacher_trainer.py:209 [INFO] Valid: Epoch: [19][390/391]	Step 15640	Loss 0.1416	Prec@(1,5) (95.2%, 100.0%)
06/26 03:26:12午後 finetuneTeacher_trainer.py:216 [INFO] Valid: [ 19/24] Final Prec@1 95.2280%
06/26 03:26:14午後 finetuneTeacher_main.py:54 [INFO] Until now, best Prec@1 = 95.2280%
06/26 03:26:16午後 finetuneTeacher_trainer.py:171 [INFO] Train: Epoch: [20][50/781]	Step 15690	lr 0.00329	Loss 0.1183 (0.1485)	Prec@(1,5) (95.2%, 99.9%)	
06/26 03:26:17午後 finetuneTeacher_trainer.py:171 [INFO] Train: Epoch: [20][100/781]	Step 15740	lr 0.00329	Loss 0.2112 (0.1441)	Prec@(1,5) (95.3%, 100.0%)	
06/26 03:26:19午後 finetuneTeacher_trainer.py:171 [INFO] Train: Epoch: [20][150/781]	Step 15790	lr 0.00329	Loss 0.1743 (0.1454)	Prec@(1,5) (95.2%, 99.9%)	
06/26 03:26:21午後 finetuneTeacher_trainer.py:171 [INFO] Train: Epoch: [20][200/781]	Step 15840	lr 0.00329	Loss 0.1955 (0.1497)	Prec@(1,5) (95.0%, 99.9%)	
06/26 03:26:23午後 finetuneTeacher_trainer.py:171 [INFO] Train: Epoch: [20][250/781]	Step 15890	lr 0.00329	Loss 0.1218 (0.1476)	Prec@(1,5) (95.0%, 99.9%)	
06/26 03:26:25午後 finetuneTeacher_trainer.py:171 [INFO] Train: Epoch: [20][300/781]	Step 15940	lr 0.00329	Loss 0.1384 (0.1478)	Prec@(1,5) (95.1%, 99.9%)	
06/26 03:26:27午後 finetuneTeacher_trainer.py:171 [INFO] Train: Epoch: [20][350/781]	Step 15990	lr 0.00329	Loss 0.0815 (0.1476)	Prec@(1,5) (95.1%, 99.9%)	
06/26 03:26:28午後 finetuneTeacher_trainer.py:171 [INFO] Train: Epoch: [20][400/781]	Step 16040	lr 0.00329	Loss 0.0860 (0.1467)	Prec@(1,5) (95.1%, 99.9%)	
06/26 03:26:30午後 finetuneTeacher_trainer.py:171 [INFO] Train: Epoch: [20][450/781]	Step 16090	lr 0.00329	Loss 0.0977 (0.1464)	Prec@(1,5) (95.0%, 99.9%)	
06/26 03:26:32午後 finetuneTeacher_trainer.py:171 [INFO] Train: Epoch: [20][500/781]	Step 16140	lr 0.00329	Loss 0.1142 (0.1460)	Prec@(1,5) (95.1%, 99.9%)	
06/26 03:26:34午後 finetuneTeacher_trainer.py:171 [INFO] Train: Epoch: [20][550/781]	Step 16190	lr 0.00329	Loss 0.1436 (0.1475)	Prec@(1,5) (95.0%, 99.9%)	
06/26 03:26:35午後 finetuneTeacher_trainer.py:171 [INFO] Train: Epoch: [20][600/781]	Step 16240	lr 0.00329	Loss 0.1551 (0.1481)	Prec@(1,5) (95.0%, 99.9%)	
06/26 03:26:37午後 finetuneTeacher_trainer.py:171 [INFO] Train: Epoch: [20][650/781]	Step 16290	lr 0.00329	Loss 0.1255 (0.1481)	Prec@(1,5) (95.0%, 99.9%)	
06/26 03:26:38午後 finetuneTeacher_trainer.py:171 [INFO] Train: Epoch: [20][700/781]	Step 16340	lr 0.00329	Loss 0.1157 (0.1486)	Prec@(1,5) (94.9%, 99.9%)	
06/26 03:26:40午後 finetuneTeacher_trainer.py:171 [INFO] Train: Epoch: [20][750/781]	Step 16390	lr 0.00329	Loss 0.2133 (0.1502)	Prec@(1,5) (94.9%, 99.9%)	
06/26 03:26:41午後 finetuneTeacher_trainer.py:171 [INFO] Train: Epoch: [20][781/781]	Step 16421	lr 0.00329	Loss 0.0961 (0.1496)	Prec@(1,5) (94.9%, 99.9%)	
06/26 03:26:41午後 finetuneTeacher_trainer.py:181 [INFO] Train: [ 20/24] Final Prec@1 94.9340%
06/26 03:26:41午後 finetuneTeacher_trainer.py:209 [INFO] Valid: Epoch: [20][50/391]	Step 16422	Loss 0.1349	Prec@(1,5) (95.6%, 99.9%)
06/26 03:26:42午後 finetuneTeacher_trainer.py:209 [INFO] Valid: Epoch: [20][100/391]	Step 16422	Loss 0.1306	Prec@(1,5) (95.6%, 100.0%)
06/26 03:26:42午後 finetuneTeacher_trainer.py:209 [INFO] Valid: Epoch: [20][150/391]	Step 16422	Loss 0.1280	Prec@(1,5) (95.7%, 100.0%)
06/26 03:26:43午後 finetuneTeacher_trainer.py:209 [INFO] Valid: Epoch: [20][200/391]	Step 16422	Loss 0.1243	Prec@(1,5) (95.8%, 100.0%)
06/26 03:26:43午後 finetuneTeacher_trainer.py:209 [INFO] Valid: Epoch: [20][250/391]	Step 16422	Loss 0.1231	Prec@(1,5) (95.8%, 100.0%)
06/26 03:26:43午後 finetuneTeacher_trainer.py:209 [INFO] Valid: Epoch: [20][300/391]	Step 16422	Loss 0.1220	Prec@(1,5) (95.8%, 100.0%)
06/26 03:26:44午後 finetuneTeacher_trainer.py:209 [INFO] Valid: Epoch: [20][350/391]	Step 16422	Loss 0.1224	Prec@(1,5) (95.8%, 100.0%)
06/26 03:26:44午後 finetuneTeacher_trainer.py:209 [INFO] Valid: Epoch: [20][390/391]	Step 16422	Loss 0.1219	Prec@(1,5) (95.9%, 100.0%)
06/26 03:26:44午後 finetuneTeacher_trainer.py:216 [INFO] Valid: [ 20/24] Final Prec@1 95.8800%
06/26 03:26:46午後 finetuneTeacher_main.py:54 [INFO] Until now, best Prec@1 = 95.8800%
06/26 03:26:48午後 finetuneTeacher_trainer.py:171 [INFO] Train: Epoch: [21][50/781]	Step 16472	lr 0.00248	Loss 0.1118 (0.1320)	Prec@(1,5) (95.8%, 100.0%)	
06/26 03:26:50午後 finetuneTeacher_trainer.py:171 [INFO] Train: Epoch: [21][100/781]	Step 16522	lr 0.00248	Loss 0.0564 (0.1305)	Prec@(1,5) (95.7%, 100.0%)	
06/26 03:26:52午後 finetuneTeacher_trainer.py:171 [INFO] Train: Epoch: [21][150/781]	Step 16572	lr 0.00248	Loss 0.0757 (0.1307)	Prec@(1,5) (95.6%, 100.0%)	
06/26 03:26:54午後 finetuneTeacher_trainer.py:171 [INFO] Train: Epoch: [21][200/781]	Step 16622	lr 0.00248	Loss 0.1986 (0.1312)	Prec@(1,5) (95.5%, 100.0%)	
06/26 03:26:55午後 finetuneTeacher_trainer.py:171 [INFO] Train: Epoch: [21][250/781]	Step 16672	lr 0.00248	Loss 0.0660 (0.1306)	Prec@(1,5) (95.5%, 100.0%)	
06/26 03:26:57午後 finetuneTeacher_trainer.py:171 [INFO] Train: Epoch: [21][300/781]	Step 16722	lr 0.00248	Loss 0.0888 (0.1310)	Prec@(1,5) (95.5%, 100.0%)	
06/26 03:26:59午後 finetuneTeacher_trainer.py:171 [INFO] Train: Epoch: [21][350/781]	Step 16772	lr 0.00248	Loss 0.1539 (0.1315)	Prec@(1,5) (95.4%, 100.0%)	
06/26 03:27:01午後 finetuneTeacher_trainer.py:171 [INFO] Train: Epoch: [21][400/781]	Step 16822	lr 0.00248	Loss 0.0375 (0.1312)	Prec@(1,5) (95.4%, 100.0%)	
06/26 03:27:03午後 finetuneTeacher_trainer.py:171 [INFO] Train: Epoch: [21][450/781]	Step 16872	lr 0.00248	Loss 0.1439 (0.1297)	Prec@(1,5) (95.5%, 100.0%)	
06/26 03:27:05午後 finetuneTeacher_trainer.py:171 [INFO] Train: Epoch: [21][500/781]	Step 16922	lr 0.00248	Loss 0.1159 (0.1311)	Prec@(1,5) (95.5%, 100.0%)	
06/26 03:27:07午後 finetuneTeacher_trainer.py:171 [INFO] Train: Epoch: [21][550/781]	Step 16972	lr 0.00248	Loss 0.1155 (0.1298)	Prec@(1,5) (95.6%, 100.0%)	
06/26 03:27:09午後 finetuneTeacher_trainer.py:171 [INFO] Train: Epoch: [21][600/781]	Step 17022	lr 0.00248	Loss 0.1587 (0.1303)	Prec@(1,5) (95.5%, 100.0%)	
06/26 03:27:11午後 finetuneTeacher_trainer.py:171 [INFO] Train: Epoch: [21][650/781]	Step 17072	lr 0.00248	Loss 0.0704 (0.1306)	Prec@(1,5) (95.5%, 100.0%)	
06/26 03:27:12午後 finetuneTeacher_trainer.py:171 [INFO] Train: Epoch: [21][700/781]	Step 17122	lr 0.00248	Loss 0.1232 (0.1294)	Prec@(1,5) (95.6%, 100.0%)	
06/26 03:27:14午後 finetuneTeacher_trainer.py:171 [INFO] Train: Epoch: [21][750/781]	Step 17172	lr 0.00248	Loss 0.1085 (0.1291)	Prec@(1,5) (95.6%, 100.0%)	
06/26 03:27:15午後 finetuneTeacher_trainer.py:171 [INFO] Train: Epoch: [21][781/781]	Step 17203	lr 0.00248	Loss 0.3024 (0.1293)	Prec@(1,5) (95.6%, 100.0%)	
06/26 03:27:15午後 finetuneTeacher_trainer.py:181 [INFO] Train: [ 21/24] Final Prec@1 95.5560%
06/26 03:27:16午後 finetuneTeacher_trainer.py:209 [INFO] Valid: Epoch: [21][50/391]	Step 17204	Loss 0.1156	Prec@(1,5) (95.9%, 100.0%)
06/26 03:27:16午後 finetuneTeacher_trainer.py:209 [INFO] Valid: Epoch: [21][100/391]	Step 17204	Loss 0.1091	Prec@(1,5) (96.3%, 100.0%)
06/26 03:27:17午後 finetuneTeacher_trainer.py:209 [INFO] Valid: Epoch: [21][150/391]	Step 17204	Loss 0.1031	Prec@(1,5) (96.5%, 100.0%)
06/26 03:27:17午後 finetuneTeacher_trainer.py:209 [INFO] Valid: Epoch: [21][200/391]	Step 17204	Loss 0.1015	Prec@(1,5) (96.6%, 100.0%)
06/26 03:27:17午後 finetuneTeacher_trainer.py:209 [INFO] Valid: Epoch: [21][250/391]	Step 17204	Loss 0.1016	Prec@(1,5) (96.7%, 100.0%)
06/26 03:27:18午後 finetuneTeacher_trainer.py:209 [INFO] Valid: Epoch: [21][300/391]	Step 17204	Loss 0.1018	Prec@(1,5) (96.6%, 100.0%)
06/26 03:27:18午後 finetuneTeacher_trainer.py:209 [INFO] Valid: Epoch: [21][350/391]	Step 17204	Loss 0.1023	Prec@(1,5) (96.6%, 100.0%)
06/26 03:27:18午後 finetuneTeacher_trainer.py:209 [INFO] Valid: Epoch: [21][390/391]	Step 17204	Loss 0.1033	Prec@(1,5) (96.5%, 100.0%)
06/26 03:27:19午後 finetuneTeacher_trainer.py:216 [INFO] Valid: [ 21/24] Final Prec@1 96.5360%
06/26 03:27:20午後 finetuneTeacher_main.py:54 [INFO] Until now, best Prec@1 = 96.5360%
06/26 03:27:22午後 finetuneTeacher_trainer.py:171 [INFO] Train: Epoch: [22][50/781]	Step 17254	lr 0.00184	Loss 0.1524 (0.1163)	Prec@(1,5) (95.8%, 99.9%)	
06/26 03:27:24午後 finetuneTeacher_trainer.py:171 [INFO] Train: Epoch: [22][100/781]	Step 17304	lr 0.00184	Loss 0.0786 (0.1153)	Prec@(1,5) (96.0%, 100.0%)	
06/26 03:27:25午後 finetuneTeacher_trainer.py:171 [INFO] Train: Epoch: [22][150/781]	Step 17354	lr 0.00184	Loss 0.2117 (0.1153)	Prec@(1,5) (96.0%, 100.0%)	
06/26 03:27:27午後 finetuneTeacher_trainer.py:171 [INFO] Train: Epoch: [22][200/781]	Step 17404	lr 0.00184	Loss 0.2103 (0.1154)	Prec@(1,5) (96.0%, 100.0%)	
06/26 03:27:29午後 finetuneTeacher_trainer.py:171 [INFO] Train: Epoch: [22][250/781]	Step 17454	lr 0.00184	Loss 0.0209 (0.1153)	Prec@(1,5) (96.1%, 100.0%)	
06/26 03:27:30午後 finetuneTeacher_trainer.py:171 [INFO] Train: Epoch: [22][300/781]	Step 17504	lr 0.00184	Loss 0.0892 (0.1159)	Prec@(1,5) (96.0%, 100.0%)	
06/26 03:27:32午後 finetuneTeacher_trainer.py:171 [INFO] Train: Epoch: [22][350/781]	Step 17554	lr 0.00184	Loss 0.0931 (0.1138)	Prec@(1,5) (96.1%, 100.0%)	
06/26 03:27:34午後 finetuneTeacher_trainer.py:171 [INFO] Train: Epoch: [22][400/781]	Step 17604	lr 0.00184	Loss 0.1839 (0.1125)	Prec@(1,5) (96.1%, 100.0%)	
06/26 03:27:36午後 finetuneTeacher_trainer.py:171 [INFO] Train: Epoch: [22][450/781]	Step 17654	lr 0.00184	Loss 0.0544 (0.1131)	Prec@(1,5) (96.1%, 100.0%)	
06/26 03:27:38午後 finetuneTeacher_trainer.py:171 [INFO] Train: Epoch: [22][500/781]	Step 17704	lr 0.00184	Loss 0.0499 (0.1133)	Prec@(1,5) (96.1%, 100.0%)	
06/26 03:27:40午後 finetuneTeacher_trainer.py:171 [INFO] Train: Epoch: [22][550/781]	Step 17754	lr 0.00184	Loss 0.0757 (0.1133)	Prec@(1,5) (96.1%, 100.0%)	
06/26 03:27:42午後 finetuneTeacher_trainer.py:171 [INFO] Train: Epoch: [22][600/781]	Step 17804	lr 0.00184	Loss 0.0328 (0.1130)	Prec@(1,5) (96.1%, 100.0%)	
06/26 03:27:43午後 finetuneTeacher_trainer.py:171 [INFO] Train: Epoch: [22][650/781]	Step 17854	lr 0.00184	Loss 0.0709 (0.1137)	Prec@(1,5) (96.1%, 100.0%)	
06/26 03:27:45午後 finetuneTeacher_trainer.py:171 [INFO] Train: Epoch: [22][700/781]	Step 17904	lr 0.00184	Loss 0.1453 (0.1143)	Prec@(1,5) (96.1%, 100.0%)	
06/26 03:27:47午後 finetuneTeacher_trainer.py:171 [INFO] Train: Epoch: [22][750/781]	Step 17954	lr 0.00184	Loss 0.0188 (0.1145)	Prec@(1,5) (96.0%, 100.0%)	
06/26 03:27:48午後 finetuneTeacher_trainer.py:171 [INFO] Train: Epoch: [22][781/781]	Step 17985	lr 0.00184	Loss 0.0775 (0.1147)	Prec@(1,5) (96.1%, 100.0%)	
06/26 03:27:48午後 finetuneTeacher_trainer.py:181 [INFO] Train: [ 22/24] Final Prec@1 96.0500%
06/26 03:27:48午後 finetuneTeacher_trainer.py:209 [INFO] Valid: Epoch: [22][50/391]	Step 17986	Loss 0.0946	Prec@(1,5) (96.7%, 100.0%)
06/26 03:27:49午後 finetuneTeacher_trainer.py:209 [INFO] Valid: Epoch: [22][100/391]	Step 17986	Loss 0.0953	Prec@(1,5) (96.7%, 100.0%)
06/26 03:27:49午後 finetuneTeacher_trainer.py:209 [INFO] Valid: Epoch: [22][150/391]	Step 17986	Loss 0.0906	Prec@(1,5) (97.0%, 100.0%)
06/26 03:27:50午後 finetuneTeacher_trainer.py:209 [INFO] Valid: Epoch: [22][200/391]	Step 17986	Loss 0.0912	Prec@(1,5) (96.9%, 100.0%)
06/26 03:27:50午後 finetuneTeacher_trainer.py:209 [INFO] Valid: Epoch: [22][250/391]	Step 17986	Loss 0.0921	Prec@(1,5) (96.9%, 100.0%)
06/26 03:27:50午後 finetuneTeacher_trainer.py:209 [INFO] Valid: Epoch: [22][300/391]	Step 17986	Loss 0.0909	Prec@(1,5) (96.9%, 100.0%)
06/26 03:27:51午後 finetuneTeacher_trainer.py:209 [INFO] Valid: Epoch: [22][350/391]	Step 17986	Loss 0.0922	Prec@(1,5) (96.9%, 100.0%)
06/26 03:27:51午後 finetuneTeacher_trainer.py:209 [INFO] Valid: Epoch: [22][390/391]	Step 17986	Loss 0.0919	Prec@(1,5) (96.9%, 100.0%)
06/26 03:27:51午後 finetuneTeacher_trainer.py:216 [INFO] Valid: [ 22/24] Final Prec@1 96.9280%
06/26 03:27:53午後 finetuneTeacher_main.py:54 [INFO] Until now, best Prec@1 = 96.9280%
06/26 03:27:55午後 finetuneTeacher_trainer.py:171 [INFO] Train: Epoch: [23][50/781]	Step 18036	lr 0.00138	Loss 0.0580 (0.0869)	Prec@(1,5) (96.9%, 100.0%)	
06/26 03:27:57午後 finetuneTeacher_trainer.py:171 [INFO] Train: Epoch: [23][100/781]	Step 18086	lr 0.00138	Loss 0.0772 (0.0920)	Prec@(1,5) (96.7%, 100.0%)	
06/26 03:27:58午後 finetuneTeacher_trainer.py:171 [INFO] Train: Epoch: [23][150/781]	Step 18136	lr 0.00138	Loss 0.0281 (0.0976)	Prec@(1,5) (96.6%, 100.0%)	
06/26 03:28:00午後 finetuneTeacher_trainer.py:171 [INFO] Train: Epoch: [23][200/781]	Step 18186	lr 0.00138	Loss 0.0855 (0.0976)	Prec@(1,5) (96.6%, 100.0%)	
06/26 03:28:02午後 finetuneTeacher_trainer.py:171 [INFO] Train: Epoch: [23][250/781]	Step 18236	lr 0.00138	Loss 0.0169 (0.0999)	Prec@(1,5) (96.5%, 100.0%)	
06/26 03:28:04午後 finetuneTeacher_trainer.py:171 [INFO] Train: Epoch: [23][300/781]	Step 18286	lr 0.00138	Loss 0.0551 (0.0988)	Prec@(1,5) (96.5%, 100.0%)	
06/26 03:28:05午後 finetuneTeacher_trainer.py:171 [INFO] Train: Epoch: [23][350/781]	Step 18336	lr 0.00138	Loss 0.0596 (0.0987)	Prec@(1,5) (96.5%, 100.0%)	
06/26 03:28:07午後 finetuneTeacher_trainer.py:171 [INFO] Train: Epoch: [23][400/781]	Step 18386	lr 0.00138	Loss 0.0513 (0.0985)	Prec@(1,5) (96.5%, 100.0%)	
06/26 03:28:09午後 finetuneTeacher_trainer.py:171 [INFO] Train: Epoch: [23][450/781]	Step 18436	lr 0.00138	Loss 0.0669 (0.0980)	Prec@(1,5) (96.5%, 100.0%)	
06/26 03:28:11午後 finetuneTeacher_trainer.py:171 [INFO] Train: Epoch: [23][500/781]	Step 18486	lr 0.00138	Loss 0.0548 (0.0972)	Prec@(1,5) (96.6%, 100.0%)	
06/26 03:28:13午後 finetuneTeacher_trainer.py:171 [INFO] Train: Epoch: [23][550/781]	Step 18536	lr 0.00138	Loss 0.0331 (0.0972)	Prec@(1,5) (96.6%, 100.0%)	
06/26 03:28:15午後 finetuneTeacher_trainer.py:171 [INFO] Train: Epoch: [23][600/781]	Step 18586	lr 0.00138	Loss 0.1846 (0.0969)	Prec@(1,5) (96.6%, 100.0%)	
06/26 03:28:17午後 finetuneTeacher_trainer.py:171 [INFO] Train: Epoch: [23][650/781]	Step 18636	lr 0.00138	Loss 0.1403 (0.0980)	Prec@(1,5) (96.6%, 100.0%)	
06/26 03:28:19午後 finetuneTeacher_trainer.py:171 [INFO] Train: Epoch: [23][700/781]	Step 18686	lr 0.00138	Loss 0.1082 (0.0993)	Prec@(1,5) (96.5%, 100.0%)	
06/26 03:28:21午後 finetuneTeacher_trainer.py:171 [INFO] Train: Epoch: [23][750/781]	Step 18736	lr 0.00138	Loss 0.1741 (0.0990)	Prec@(1,5) (96.6%, 100.0%)	
06/26 03:28:22午後 finetuneTeacher_trainer.py:171 [INFO] Train: Epoch: [23][781/781]	Step 18767	lr 0.00138	Loss 0.1021 (0.0994)	Prec@(1,5) (96.6%, 100.0%)	
06/26 03:28:22午後 finetuneTeacher_trainer.py:181 [INFO] Train: [ 23/24] Final Prec@1 96.5600%
06/26 03:28:23午後 finetuneTeacher_trainer.py:209 [INFO] Valid: Epoch: [23][50/391]	Step 18768	Loss 0.0839	Prec@(1,5) (97.4%, 99.9%)
06/26 03:28:23午後 finetuneTeacher_trainer.py:209 [INFO] Valid: Epoch: [23][100/391]	Step 18768	Loss 0.0828	Prec@(1,5) (97.2%, 100.0%)
06/26 03:28:23午後 finetuneTeacher_trainer.py:209 [INFO] Valid: Epoch: [23][150/391]	Step 18768	Loss 0.0852	Prec@(1,5) (97.1%, 100.0%)
06/26 03:28:24午後 finetuneTeacher_trainer.py:209 [INFO] Valid: Epoch: [23][200/391]	Step 18768	Loss 0.0856	Prec@(1,5) (97.1%, 100.0%)
06/26 03:28:24午後 finetuneTeacher_trainer.py:209 [INFO] Valid: Epoch: [23][250/391]	Step 18768	Loss 0.0827	Prec@(1,5) (97.2%, 100.0%)
06/26 03:28:25午後 finetuneTeacher_trainer.py:209 [INFO] Valid: Epoch: [23][300/391]	Step 18768	Loss 0.0808	Prec@(1,5) (97.2%, 100.0%)
06/26 03:28:25午後 finetuneTeacher_trainer.py:209 [INFO] Valid: Epoch: [23][350/391]	Step 18768	Loss 0.0812	Prec@(1,5) (97.2%, 100.0%)
06/26 03:28:25午後 finetuneTeacher_trainer.py:209 [INFO] Valid: Epoch: [23][390/391]	Step 18768	Loss 0.0813	Prec@(1,5) (97.2%, 100.0%)
06/26 03:28:25午後 finetuneTeacher_trainer.py:216 [INFO] Valid: [ 23/24] Final Prec@1 97.1640%
06/26 03:28:27午後 finetuneTeacher_main.py:54 [INFO] Until now, best Prec@1 = 97.1640%
06/26 03:28:29午後 finetuneTeacher_trainer.py:171 [INFO] Train: Epoch: [24][50/781]	Step 18818	lr 0.00109	Loss 0.0756 (0.0979)	Prec@(1,5) (96.6%, 100.0%)	
06/26 03:28:31午後 finetuneTeacher_trainer.py:171 [INFO] Train: Epoch: [24][100/781]	Step 18868	lr 0.00109	Loss 0.1184 (0.0963)	Prec@(1,5) (96.6%, 100.0%)	
06/26 03:28:33午後 finetuneTeacher_trainer.py:171 [INFO] Train: Epoch: [24][150/781]	Step 18918	lr 0.00109	Loss 0.0582 (0.0949)	Prec@(1,5) (96.9%, 100.0%)	
06/26 03:28:35午後 finetuneTeacher_trainer.py:171 [INFO] Train: Epoch: [24][200/781]	Step 18968	lr 0.00109	Loss 0.0988 (0.0890)	Prec@(1,5) (97.1%, 100.0%)	
06/26 03:28:37午後 finetuneTeacher_trainer.py:171 [INFO] Train: Epoch: [24][250/781]	Step 19018	lr 0.00109	Loss 0.0776 (0.0911)	Prec@(1,5) (96.9%, 100.0%)	
06/26 03:28:39午後 finetuneTeacher_trainer.py:171 [INFO] Train: Epoch: [24][300/781]	Step 19068	lr 0.00109	Loss 0.1266 (0.0905)	Prec@(1,5) (97.0%, 100.0%)	
06/26 03:28:41午後 finetuneTeacher_trainer.py:171 [INFO] Train: Epoch: [24][350/781]	Step 19118	lr 0.00109	Loss 0.1288 (0.0906)	Prec@(1,5) (97.0%, 100.0%)	
06/26 03:28:42午後 finetuneTeacher_trainer.py:171 [INFO] Train: Epoch: [24][400/781]	Step 19168	lr 0.00109	Loss 0.0628 (0.0934)	Prec@(1,5) (96.9%, 100.0%)	
06/26 03:28:44午後 finetuneTeacher_trainer.py:171 [INFO] Train: Epoch: [24][450/781]	Step 19218	lr 0.00109	Loss 0.0662 (0.0927)	Prec@(1,5) (96.9%, 100.0%)	
06/26 03:28:46午後 finetuneTeacher_trainer.py:171 [INFO] Train: Epoch: [24][500/781]	Step 19268	lr 0.00109	Loss 0.2473 (0.0940)	Prec@(1,5) (96.9%, 100.0%)	
06/26 03:28:47午後 finetuneTeacher_trainer.py:171 [INFO] Train: Epoch: [24][550/781]	Step 19318	lr 0.00109	Loss 0.1268 (0.0952)	Prec@(1,5) (96.8%, 100.0%)	
06/26 03:28:49午後 finetuneTeacher_trainer.py:171 [INFO] Train: Epoch: [24][600/781]	Step 19368	lr 0.00109	Loss 0.0644 (0.0948)	Prec@(1,5) (96.8%, 100.0%)	
06/26 03:28:51午後 finetuneTeacher_trainer.py:171 [INFO] Train: Epoch: [24][650/781]	Step 19418	lr 0.00109	Loss 0.1527 (0.0954)	Prec@(1,5) (96.8%, 100.0%)	
06/26 03:28:52午後 finetuneTeacher_trainer.py:171 [INFO] Train: Epoch: [24][700/781]	Step 19468	lr 0.00109	Loss 0.0465 (0.0949)	Prec@(1,5) (96.8%, 100.0%)	
06/26 03:28:54午後 finetuneTeacher_trainer.py:171 [INFO] Train: Epoch: [24][750/781]	Step 19518	lr 0.00109	Loss 0.0494 (0.0943)	Prec@(1,5) (96.8%, 100.0%)	
06/26 03:28:55午後 finetuneTeacher_trainer.py:171 [INFO] Train: Epoch: [24][781/781]	Step 19549	lr 0.00109	Loss 0.0585 (0.0948)	Prec@(1,5) (96.8%, 100.0%)	
06/26 03:28:55午後 finetuneTeacher_trainer.py:181 [INFO] Train: [ 24/24] Final Prec@1 96.8340%
06/26 03:28:56午後 finetuneTeacher_trainer.py:209 [INFO] Valid: Epoch: [24][50/391]	Step 19550	Loss 0.0754	Prec@(1,5) (97.5%, 100.0%)
06/26 03:28:56午後 finetuneTeacher_trainer.py:209 [INFO] Valid: Epoch: [24][100/391]	Step 19550	Loss 0.0713	Prec@(1,5) (97.6%, 100.0%)
06/26 03:28:56午後 finetuneTeacher_trainer.py:209 [INFO] Valid: Epoch: [24][150/391]	Step 19550	Loss 0.0726	Prec@(1,5) (97.7%, 100.0%)
06/26 03:28:57午後 finetuneTeacher_trainer.py:209 [INFO] Valid: Epoch: [24][200/391]	Step 19550	Loss 0.0754	Prec@(1,5) (97.5%, 100.0%)
06/26 03:28:57午後 finetuneTeacher_trainer.py:209 [INFO] Valid: Epoch: [24][250/391]	Step 19550	Loss 0.0749	Prec@(1,5) (97.5%, 100.0%)
06/26 03:28:58午後 finetuneTeacher_trainer.py:209 [INFO] Valid: Epoch: [24][300/391]	Step 19550	Loss 0.0741	Prec@(1,5) (97.5%, 100.0%)
06/26 03:28:58午後 finetuneTeacher_trainer.py:209 [INFO] Valid: Epoch: [24][350/391]	Step 19550	Loss 0.0737	Prec@(1,5) (97.5%, 100.0%)
06/26 03:28:58午後 finetuneTeacher_trainer.py:209 [INFO] Valid: Epoch: [24][390/391]	Step 19550	Loss 0.0739	Prec@(1,5) (97.5%, 100.0%)
06/26 03:28:58午後 finetuneTeacher_trainer.py:216 [INFO] Valid: [ 24/24] Final Prec@1 97.5160%
06/26 03:29:00午後 finetuneTeacher_main.py:54 [INFO] Until now, best Prec@1 = 97.5160%
06/26 03:29:00午後 finetuneTeacher_main.py:56 [INFO] Final best Prec@1 = 97.5160%
