07/12 06:26:43PM parser.py:28 [INFO] 
07/12 06:26:43PM parser.py:29 [INFO] Parameters:
07/12 06:26:43PM parser.py:31 [INFO] ADVANCED=True
07/12 06:26:43PM parser.py:31 [INFO] BATCH_SIZE=64
07/12 06:26:43PM parser.py:31 [INFO] CIFAR=True
07/12 06:26:43PM parser.py:31 [INFO] CUTOUT_LENGTH=16
07/12 06:26:43PM parser.py:31 [INFO] DATA_PATH=../data/
07/12 06:26:43PM parser.py:31 [INFO] DATASET=cifar100
07/12 06:26:43PM parser.py:31 [INFO] DESCRIPTION=initial_learning_rate-0.01
07/12 06:26:43PM parser.py:31 [INFO] EPOCHS=100
07/12 06:26:43PM parser.py:31 [INFO] EXP_NAME=pretrained-0.01-20240712-182643
07/12 06:26:43PM parser.py:31 [INFO] GPUS=[0]
07/12 06:26:43PM parser.py:31 [INFO] LOGGER=<Logger H-DAS (INFO)>
07/12 06:26:43PM parser.py:31 [INFO] LR=0.01
07/12 06:26:43PM parser.py:31 [INFO] LR_MIN=0.001
07/12 06:26:43PM parser.py:31 [INFO] MODEL_NAME=efficientnet_b0
07/12 06:26:43PM parser.py:31 [INFO] MOMENTUM=0.9
07/12 06:26:43PM parser.py:31 [INFO] NAME=FINETUNE2
07/12 06:26:43PM parser.py:31 [INFO] PATH=results/teacher/cifar100/efficientnet_b0/FINETUNE2/pretrained-0.01-20240712-182643
07/12 06:26:43PM parser.py:31 [INFO] PRETRAINED=False
07/12 06:26:43PM parser.py:31 [INFO] SAVE=pretrained-0.01
07/12 06:26:43PM parser.py:31 [INFO] SEED=0
07/12 06:26:43PM parser.py:31 [INFO] TRAIN_PORTION=0.9
07/12 06:26:43PM parser.py:31 [INFO] WEIGHT_DECAY=0.0003
07/12 06:26:43PM parser.py:31 [INFO] WORKERS=4
07/12 06:26:43PM parser.py:32 [INFO] 
07/12 06:28:07PM trainTeacher_main.py:180 [INFO] Train: [  0/99] Final Prec@1 6.5378%
07/12 06:28:09PM trainTeacher_main.py:208 [INFO] Valid: [  0/99] Final Prec@1 12.0800%
07/12 06:28:09午後 trainTeacher_main.py:150 [INFO] Until now, best Prec@1 = 12.0800%
07/12 06:29:23午後 trainTeacher_main.py:180 [INFO] Train: [  1/99] Final Prec@1 16.1889%
07/12 06:29:26午後 trainTeacher_main.py:208 [INFO] Valid: [  1/99] Final Prec@1 23.0000%
07/12 06:29:26午後 trainTeacher_main.py:150 [INFO] Until now, best Prec@1 = 23.0000%
07/12 06:30:40午後 trainTeacher_main.py:180 [INFO] Train: [  2/99] Final Prec@1 25.0244%
07/12 06:30:42午後 trainTeacher_main.py:208 [INFO] Valid: [  2/99] Final Prec@1 29.6800%
07/12 06:30:42午後 trainTeacher_main.py:150 [INFO] Until now, best Prec@1 = 29.6800%
07/12 06:31:56午後 trainTeacher_main.py:180 [INFO] Train: [  3/99] Final Prec@1 32.9844%
07/12 06:31:59午後 trainTeacher_main.py:208 [INFO] Valid: [  3/99] Final Prec@1 32.4800%
07/12 06:31:59午後 trainTeacher_main.py:150 [INFO] Until now, best Prec@1 = 32.4800%
07/12 06:33:13午後 trainTeacher_main.py:180 [INFO] Train: [  4/99] Final Prec@1 39.3733%
07/12 06:33:15午後 trainTeacher_main.py:208 [INFO] Valid: [  4/99] Final Prec@1 43.0000%
07/12 06:33:15午後 trainTeacher_main.py:150 [INFO] Until now, best Prec@1 = 43.0000%
07/12 06:34:29午後 trainTeacher_main.py:180 [INFO] Train: [  5/99] Final Prec@1 44.3267%
07/12 06:34:32午後 trainTeacher_main.py:208 [INFO] Valid: [  5/99] Final Prec@1 45.6800%
07/12 06:34:32午後 trainTeacher_main.py:150 [INFO] Until now, best Prec@1 = 45.6800%
07/12 06:35:46午後 trainTeacher_main.py:180 [INFO] Train: [  6/99] Final Prec@1 48.8000%
07/12 06:35:48午後 trainTeacher_main.py:208 [INFO] Valid: [  6/99] Final Prec@1 49.1200%
07/12 06:35:48午後 trainTeacher_main.py:150 [INFO] Until now, best Prec@1 = 49.1200%
07/12 06:37:02午後 trainTeacher_main.py:180 [INFO] Train: [  7/99] Final Prec@1 52.2356%
07/12 06:37:04午後 trainTeacher_main.py:208 [INFO] Valid: [  7/99] Final Prec@1 51.0400%
07/12 06:37:04午後 trainTeacher_main.py:150 [INFO] Until now, best Prec@1 = 51.0400%
07/12 06:38:19午後 trainTeacher_main.py:180 [INFO] Train: [  8/99] Final Prec@1 55.2111%
07/12 06:38:21午後 trainTeacher_main.py:208 [INFO] Valid: [  8/99] Final Prec@1 53.0600%
07/12 06:38:21午後 trainTeacher_main.py:150 [INFO] Until now, best Prec@1 = 53.0600%
07/12 06:39:35午後 trainTeacher_main.py:180 [INFO] Train: [  9/99] Final Prec@1 58.0089%
07/12 06:39:37午後 trainTeacher_main.py:208 [INFO] Valid: [  9/99] Final Prec@1 55.4000%
07/12 06:39:37午後 trainTeacher_main.py:150 [INFO] Until now, best Prec@1 = 55.4000%
07/12 06:40:51午後 trainTeacher_main.py:180 [INFO] Train: [ 10/99] Final Prec@1 60.5600%
07/12 06:40:54午後 trainTeacher_main.py:208 [INFO] Valid: [ 10/99] Final Prec@1 57.1200%
07/12 06:40:54午後 trainTeacher_main.py:150 [INFO] Until now, best Prec@1 = 57.1200%
07/12 06:42:08午後 trainTeacher_main.py:180 [INFO] Train: [ 11/99] Final Prec@1 62.3356%
07/12 06:42:10午後 trainTeacher_main.py:208 [INFO] Valid: [ 11/99] Final Prec@1 58.0400%
07/12 06:42:10午後 trainTeacher_main.py:150 [INFO] Until now, best Prec@1 = 58.0400%
07/12 06:43:24午後 trainTeacher_main.py:180 [INFO] Train: [ 12/99] Final Prec@1 64.4689%
07/12 06:43:27午後 trainTeacher_main.py:208 [INFO] Valid: [ 12/99] Final Prec@1 59.1000%
07/12 06:43:27午後 trainTeacher_main.py:150 [INFO] Until now, best Prec@1 = 59.1000%
07/12 06:44:41午後 trainTeacher_main.py:180 [INFO] Train: [ 13/99] Final Prec@1 65.8733%
07/12 06:44:43午後 trainTeacher_main.py:208 [INFO] Valid: [ 13/99] Final Prec@1 60.2400%
07/12 06:44:43午後 trainTeacher_main.py:150 [INFO] Until now, best Prec@1 = 60.2400%
07/12 06:45:57午後 trainTeacher_main.py:180 [INFO] Train: [ 14/99] Final Prec@1 67.6489%
07/12 06:45:59午後 trainTeacher_main.py:208 [INFO] Valid: [ 14/99] Final Prec@1 60.4400%
07/12 06:46:00午後 trainTeacher_main.py:150 [INFO] Until now, best Prec@1 = 60.4400%
07/12 06:47:14午後 trainTeacher_main.py:180 [INFO] Train: [ 15/99] Final Prec@1 69.3044%
07/12 06:47:16午後 trainTeacher_main.py:208 [INFO] Valid: [ 15/99] Final Prec@1 61.8400%
07/12 06:47:16午後 trainTeacher_main.py:150 [INFO] Until now, best Prec@1 = 61.8400%
07/12 06:48:30午後 trainTeacher_main.py:180 [INFO] Train: [ 16/99] Final Prec@1 70.1311%
07/12 06:48:32午後 trainTeacher_main.py:208 [INFO] Valid: [ 16/99] Final Prec@1 60.5600%
07/12 06:48:32午後 trainTeacher_main.py:150 [INFO] Until now, best Prec@1 = 61.8400%
07/12 06:49:47午後 trainTeacher_main.py:180 [INFO] Train: [ 17/99] Final Prec@1 71.1222%
07/12 06:49:49午後 trainTeacher_main.py:208 [INFO] Valid: [ 17/99] Final Prec@1 63.0400%
07/12 06:49:49午後 trainTeacher_main.py:150 [INFO] Until now, best Prec@1 = 63.0400%
07/12 06:51:03午後 trainTeacher_main.py:180 [INFO] Train: [ 18/99] Final Prec@1 73.1422%
07/12 06:51:05午後 trainTeacher_main.py:208 [INFO] Valid: [ 18/99] Final Prec@1 63.4200%
07/12 06:51:05午後 trainTeacher_main.py:150 [INFO] Until now, best Prec@1 = 63.4200%
07/12 06:52:20午後 trainTeacher_main.py:180 [INFO] Train: [ 19/99] Final Prec@1 73.8489%
07/12 06:52:22午後 trainTeacher_main.py:208 [INFO] Valid: [ 19/99] Final Prec@1 62.3400%
07/12 06:52:22午後 trainTeacher_main.py:150 [INFO] Until now, best Prec@1 = 63.4200%
07/12 06:53:36午後 trainTeacher_main.py:180 [INFO] Train: [ 20/99] Final Prec@1 74.6200%
07/12 06:53:38午後 trainTeacher_main.py:208 [INFO] Valid: [ 20/99] Final Prec@1 63.9400%
07/12 06:53:38午後 trainTeacher_main.py:150 [INFO] Until now, best Prec@1 = 63.9400%
07/12 06:54:52午後 trainTeacher_main.py:180 [INFO] Train: [ 21/99] Final Prec@1 75.8644%
07/12 06:54:54午後 trainTeacher_main.py:208 [INFO] Valid: [ 21/99] Final Prec@1 64.4000%
07/12 06:54:55午後 trainTeacher_main.py:150 [INFO] Until now, best Prec@1 = 64.4000%
07/12 06:56:09午後 trainTeacher_main.py:180 [INFO] Train: [ 22/99] Final Prec@1 76.6333%
07/12 06:56:11午後 trainTeacher_main.py:208 [INFO] Valid: [ 22/99] Final Prec@1 64.1800%
07/12 06:56:11午後 trainTeacher_main.py:150 [INFO] Until now, best Prec@1 = 64.4000%
07/12 06:57:25午後 trainTeacher_main.py:180 [INFO] Train: [ 23/99] Final Prec@1 77.6267%
07/12 06:57:27午後 trainTeacher_main.py:208 [INFO] Valid: [ 23/99] Final Prec@1 63.5400%
07/12 06:57:27午後 trainTeacher_main.py:150 [INFO] Until now, best Prec@1 = 64.4000%
07/12 06:58:41午後 trainTeacher_main.py:180 [INFO] Train: [ 24/99] Final Prec@1 78.4822%
07/12 06:58:44午後 trainTeacher_main.py:208 [INFO] Valid: [ 24/99] Final Prec@1 64.3600%
07/12 06:58:44午後 trainTeacher_main.py:150 [INFO] Until now, best Prec@1 = 64.4000%
07/12 06:59:58午後 trainTeacher_main.py:180 [INFO] Train: [ 25/99] Final Prec@1 79.3911%
07/12 07:00:00午後 trainTeacher_main.py:208 [INFO] Valid: [ 25/99] Final Prec@1 64.6000%
07/12 07:00:00午後 trainTeacher_main.py:150 [INFO] Until now, best Prec@1 = 64.6000%
07/12 07:01:14午後 trainTeacher_main.py:180 [INFO] Train: [ 26/99] Final Prec@1 80.4733%
07/12 07:01:17午後 trainTeacher_main.py:208 [INFO] Valid: [ 26/99] Final Prec@1 63.9200%
07/12 07:01:17午後 trainTeacher_main.py:150 [INFO] Until now, best Prec@1 = 64.6000%
07/12 07:02:31午後 trainTeacher_main.py:180 [INFO] Train: [ 27/99] Final Prec@1 80.9733%
07/12 07:02:33午後 trainTeacher_main.py:208 [INFO] Valid: [ 27/99] Final Prec@1 65.2400%
07/12 07:02:33午後 trainTeacher_main.py:150 [INFO] Until now, best Prec@1 = 65.2400%
07/12 07:03:47午後 trainTeacher_main.py:180 [INFO] Train: [ 28/99] Final Prec@1 81.3622%
07/12 07:03:50午後 trainTeacher_main.py:208 [INFO] Valid: [ 28/99] Final Prec@1 64.5800%
07/12 07:03:50午後 trainTeacher_main.py:150 [INFO] Until now, best Prec@1 = 65.2400%
07/12 07:05:04午後 trainTeacher_main.py:180 [INFO] Train: [ 29/99] Final Prec@1 82.4133%
07/12 07:05:06午後 trainTeacher_main.py:208 [INFO] Valid: [ 29/99] Final Prec@1 65.1400%
07/12 07:05:06午後 trainTeacher_main.py:150 [INFO] Until now, best Prec@1 = 65.2400%
07/12 07:06:20午後 trainTeacher_main.py:180 [INFO] Train: [ 30/99] Final Prec@1 83.6333%
07/12 07:06:22午後 trainTeacher_main.py:208 [INFO] Valid: [ 30/99] Final Prec@1 65.0200%
07/12 07:06:22午後 trainTeacher_main.py:150 [INFO] Until now, best Prec@1 = 65.2400%
07/12 07:07:36午後 trainTeacher_main.py:180 [INFO] Train: [ 31/99] Final Prec@1 83.3889%
07/12 07:07:38午後 trainTeacher_main.py:208 [INFO] Valid: [ 31/99] Final Prec@1 64.9200%
07/12 07:07:39午後 trainTeacher_main.py:150 [INFO] Until now, best Prec@1 = 65.2400%
07/12 07:08:53午後 trainTeacher_main.py:180 [INFO] Train: [ 32/99] Final Prec@1 84.7178%
07/12 07:08:55午後 trainTeacher_main.py:208 [INFO] Valid: [ 32/99] Final Prec@1 65.5000%
07/12 07:08:55午後 trainTeacher_main.py:150 [INFO] Until now, best Prec@1 = 65.5000%
07/12 07:10:09午後 trainTeacher_main.py:180 [INFO] Train: [ 33/99] Final Prec@1 84.9489%
07/12 07:10:11午後 trainTeacher_main.py:208 [INFO] Valid: [ 33/99] Final Prec@1 65.7000%
07/12 07:10:11午後 trainTeacher_main.py:150 [INFO] Until now, best Prec@1 = 65.7000%
07/12 07:11:26午後 trainTeacher_main.py:180 [INFO] Train: [ 34/99] Final Prec@1 85.9178%
07/12 07:11:28午後 trainTeacher_main.py:208 [INFO] Valid: [ 34/99] Final Prec@1 66.0200%
07/12 07:11:28午後 trainTeacher_main.py:150 [INFO] Until now, best Prec@1 = 66.0200%
07/12 07:12:42午後 trainTeacher_main.py:180 [INFO] Train: [ 35/99] Final Prec@1 86.3578%
07/12 07:12:44午後 trainTeacher_main.py:208 [INFO] Valid: [ 35/99] Final Prec@1 66.0800%
07/12 07:12:44午後 trainTeacher_main.py:150 [INFO] Until now, best Prec@1 = 66.0800%
07/12 07:13:58午後 trainTeacher_main.py:180 [INFO] Train: [ 36/99] Final Prec@1 86.7178%
07/12 07:14:01午後 trainTeacher_main.py:208 [INFO] Valid: [ 36/99] Final Prec@1 67.0200%
07/12 07:14:01午後 trainTeacher_main.py:150 [INFO] Until now, best Prec@1 = 67.0200%
07/12 07:15:15午後 trainTeacher_main.py:180 [INFO] Train: [ 37/99] Final Prec@1 86.9156%
07/12 07:15:17午後 trainTeacher_main.py:208 [INFO] Valid: [ 37/99] Final Prec@1 66.1200%
07/12 07:15:17午後 trainTeacher_main.py:150 [INFO] Until now, best Prec@1 = 67.0200%
07/12 07:16:31午後 trainTeacher_main.py:180 [INFO] Train: [ 38/99] Final Prec@1 87.8422%
07/12 07:16:34午後 trainTeacher_main.py:208 [INFO] Valid: [ 38/99] Final Prec@1 66.5200%
07/12 07:16:34午後 trainTeacher_main.py:150 [INFO] Until now, best Prec@1 = 67.0200%
07/12 07:17:48午後 trainTeacher_main.py:180 [INFO] Train: [ 39/99] Final Prec@1 88.4467%
07/12 07:17:50午後 trainTeacher_main.py:208 [INFO] Valid: [ 39/99] Final Prec@1 67.4800%
07/12 07:17:50午後 trainTeacher_main.py:150 [INFO] Until now, best Prec@1 = 67.4800%
07/12 07:19:04午後 trainTeacher_main.py:180 [INFO] Train: [ 40/99] Final Prec@1 88.9222%
07/12 07:19:06午後 trainTeacher_main.py:208 [INFO] Valid: [ 40/99] Final Prec@1 66.6600%
07/12 07:19:07午後 trainTeacher_main.py:150 [INFO] Until now, best Prec@1 = 67.4800%
07/12 07:20:21午後 trainTeacher_main.py:180 [INFO] Train: [ 41/99] Final Prec@1 89.5222%
07/12 07:20:23午後 trainTeacher_main.py:208 [INFO] Valid: [ 41/99] Final Prec@1 66.7200%
07/12 07:20:23午後 trainTeacher_main.py:150 [INFO] Until now, best Prec@1 = 67.4800%
07/12 07:21:37午後 trainTeacher_main.py:180 [INFO] Train: [ 42/99] Final Prec@1 90.1800%
07/12 07:21:39午後 trainTeacher_main.py:208 [INFO] Valid: [ 42/99] Final Prec@1 67.2200%
07/12 07:21:39午後 trainTeacher_main.py:150 [INFO] Until now, best Prec@1 = 67.4800%
07/12 07:22:53午後 trainTeacher_main.py:180 [INFO] Train: [ 43/99] Final Prec@1 90.1178%
07/12 07:22:56午後 trainTeacher_main.py:208 [INFO] Valid: [ 43/99] Final Prec@1 66.8000%
07/12 07:22:56午後 trainTeacher_main.py:150 [INFO] Until now, best Prec@1 = 67.4800%
07/12 07:24:10午後 trainTeacher_main.py:180 [INFO] Train: [ 44/99] Final Prec@1 90.7911%
07/12 07:24:12午後 trainTeacher_main.py:208 [INFO] Valid: [ 44/99] Final Prec@1 67.6200%
07/12 07:24:12午後 trainTeacher_main.py:150 [INFO] Until now, best Prec@1 = 67.6200%
07/12 07:25:26午後 trainTeacher_main.py:180 [INFO] Train: [ 45/99] Final Prec@1 91.0378%
07/12 07:25:29午後 trainTeacher_main.py:208 [INFO] Valid: [ 45/99] Final Prec@1 67.1600%
07/12 07:25:29午後 trainTeacher_main.py:150 [INFO] Until now, best Prec@1 = 67.6200%
07/12 07:26:43午後 trainTeacher_main.py:180 [INFO] Train: [ 46/99] Final Prec@1 91.4533%
07/12 07:26:45午後 trainTeacher_main.py:208 [INFO] Valid: [ 46/99] Final Prec@1 68.0200%
07/12 07:26:45午後 trainTeacher_main.py:150 [INFO] Until now, best Prec@1 = 68.0200%
07/12 07:27:59午後 trainTeacher_main.py:180 [INFO] Train: [ 47/99] Final Prec@1 92.2000%
07/12 07:28:02午後 trainTeacher_main.py:208 [INFO] Valid: [ 47/99] Final Prec@1 67.2000%
07/12 07:28:02午後 trainTeacher_main.py:150 [INFO] Until now, best Prec@1 = 68.0200%
07/12 07:29:16午後 trainTeacher_main.py:180 [INFO] Train: [ 48/99] Final Prec@1 92.3600%
07/12 07:29:18午後 trainTeacher_main.py:208 [INFO] Valid: [ 48/99] Final Prec@1 68.7800%
07/12 07:29:18午後 trainTeacher_main.py:150 [INFO] Until now, best Prec@1 = 68.7800%
07/12 07:30:32午後 trainTeacher_main.py:180 [INFO] Train: [ 49/99] Final Prec@1 92.5178%
07/12 07:30:34午後 trainTeacher_main.py:208 [INFO] Valid: [ 49/99] Final Prec@1 68.1800%
07/12 07:30:34午後 trainTeacher_main.py:150 [INFO] Until now, best Prec@1 = 68.7800%
07/12 07:31:49午後 trainTeacher_main.py:180 [INFO] Train: [ 50/99] Final Prec@1 93.0200%
07/12 07:31:51午後 trainTeacher_main.py:208 [INFO] Valid: [ 50/99] Final Prec@1 67.6000%
07/12 07:31:51午後 trainTeacher_main.py:150 [INFO] Until now, best Prec@1 = 68.7800%
07/12 07:33:05午後 trainTeacher_main.py:180 [INFO] Train: [ 51/99] Final Prec@1 93.7689%
07/12 07:33:07午後 trainTeacher_main.py:208 [INFO] Valid: [ 51/99] Final Prec@1 67.7600%
07/12 07:33:07午後 trainTeacher_main.py:150 [INFO] Until now, best Prec@1 = 68.7800%
07/12 07:34:21午後 trainTeacher_main.py:180 [INFO] Train: [ 52/99] Final Prec@1 93.7356%
07/12 07:34:23午後 trainTeacher_main.py:208 [INFO] Valid: [ 52/99] Final Prec@1 68.0200%
07/12 07:34:23午後 trainTeacher_main.py:150 [INFO] Until now, best Prec@1 = 68.7800%
07/12 07:35:38午後 trainTeacher_main.py:180 [INFO] Train: [ 53/99] Final Prec@1 93.9089%
07/12 07:35:40午後 trainTeacher_main.py:208 [INFO] Valid: [ 53/99] Final Prec@1 68.6600%
07/12 07:35:40午後 trainTeacher_main.py:150 [INFO] Until now, best Prec@1 = 68.7800%
07/12 07:36:54午後 trainTeacher_main.py:180 [INFO] Train: [ 54/99] Final Prec@1 94.2089%
07/12 07:36:56午後 trainTeacher_main.py:208 [INFO] Valid: [ 54/99] Final Prec@1 68.0400%
07/12 07:36:56午後 trainTeacher_main.py:150 [INFO] Until now, best Prec@1 = 68.7800%
07/12 07:38:10午後 trainTeacher_main.py:180 [INFO] Train: [ 55/99] Final Prec@1 94.5778%
07/12 07:38:13午後 trainTeacher_main.py:208 [INFO] Valid: [ 55/99] Final Prec@1 69.1400%
07/12 07:38:13午後 trainTeacher_main.py:150 [INFO] Until now, best Prec@1 = 69.1400%
07/12 07:39:27午後 trainTeacher_main.py:180 [INFO] Train: [ 56/99] Final Prec@1 95.0267%
07/12 07:39:29午後 trainTeacher_main.py:208 [INFO] Valid: [ 56/99] Final Prec@1 68.8000%
07/12 07:39:29午後 trainTeacher_main.py:150 [INFO] Until now, best Prec@1 = 69.1400%
07/12 07:40:43午後 trainTeacher_main.py:180 [INFO] Train: [ 57/99] Final Prec@1 95.2222%
07/12 07:40:45午後 trainTeacher_main.py:208 [INFO] Valid: [ 57/99] Final Prec@1 70.2000%
07/12 07:40:46午後 trainTeacher_main.py:150 [INFO] Until now, best Prec@1 = 70.2000%
07/12 07:42:00午後 trainTeacher_main.py:180 [INFO] Train: [ 58/99] Final Prec@1 95.4578%
07/12 07:42:02午後 trainTeacher_main.py:208 [INFO] Valid: [ 58/99] Final Prec@1 69.0400%
07/12 07:42:02午後 trainTeacher_main.py:150 [INFO] Until now, best Prec@1 = 70.2000%
07/12 07:43:16午後 trainTeacher_main.py:180 [INFO] Train: [ 59/99] Final Prec@1 95.8178%
07/12 07:43:18午後 trainTeacher_main.py:208 [INFO] Valid: [ 59/99] Final Prec@1 68.8200%
07/12 07:43:18午後 trainTeacher_main.py:150 [INFO] Until now, best Prec@1 = 70.2000%
07/12 07:44:32午後 trainTeacher_main.py:180 [INFO] Train: [ 60/99] Final Prec@1 96.0400%
07/12 07:44:35午後 trainTeacher_main.py:208 [INFO] Valid: [ 60/99] Final Prec@1 69.0200%
07/12 07:44:35午後 trainTeacher_main.py:150 [INFO] Until now, best Prec@1 = 70.2000%
07/12 07:45:49午後 trainTeacher_main.py:180 [INFO] Train: [ 61/99] Final Prec@1 95.9289%
07/12 07:45:51午後 trainTeacher_main.py:208 [INFO] Valid: [ 61/99] Final Prec@1 69.4400%
07/12 07:45:51午後 trainTeacher_main.py:150 [INFO] Until now, best Prec@1 = 70.2000%
07/12 07:47:05午後 trainTeacher_main.py:180 [INFO] Train: [ 62/99] Final Prec@1 96.1400%
07/12 07:47:08午後 trainTeacher_main.py:208 [INFO] Valid: [ 62/99] Final Prec@1 68.9400%
07/12 07:47:08午後 trainTeacher_main.py:150 [INFO] Until now, best Prec@1 = 70.2000%
07/12 07:48:44午後 trainTeacher_main.py:180 [INFO] Train: [ 63/99] Final Prec@1 96.6711%
07/12 07:48:47午後 trainTeacher_main.py:208 [INFO] Valid: [ 63/99] Final Prec@1 69.9600%
07/12 07:48:47午後 trainTeacher_main.py:150 [INFO] Until now, best Prec@1 = 70.2000%
07/12 07:50:25午後 trainTeacher_main.py:180 [INFO] Train: [ 64/99] Final Prec@1 96.6511%
07/12 07:50:28午後 trainTeacher_main.py:208 [INFO] Valid: [ 64/99] Final Prec@1 69.4200%
07/12 07:50:28午後 trainTeacher_main.py:150 [INFO] Until now, best Prec@1 = 70.2000%
07/12 07:52:10午後 trainTeacher_main.py:180 [INFO] Train: [ 65/99] Final Prec@1 96.9911%
07/12 07:52:13午後 trainTeacher_main.py:208 [INFO] Valid: [ 65/99] Final Prec@1 70.0000%
07/12 07:52:13午後 trainTeacher_main.py:150 [INFO] Until now, best Prec@1 = 70.2000%
07/12 07:53:59午後 trainTeacher_main.py:180 [INFO] Train: [ 66/99] Final Prec@1 97.0356%
07/12 07:54:03午後 trainTeacher_main.py:208 [INFO] Valid: [ 66/99] Final Prec@1 69.0600%
07/12 07:54:03午後 trainTeacher_main.py:150 [INFO] Until now, best Prec@1 = 70.2000%
07/12 07:55:49午後 trainTeacher_main.py:180 [INFO] Train: [ 67/99] Final Prec@1 97.4222%
07/12 07:55:52午後 trainTeacher_main.py:208 [INFO] Valid: [ 67/99] Final Prec@1 69.6400%
07/12 07:55:52午後 trainTeacher_main.py:150 [INFO] Until now, best Prec@1 = 70.2000%
07/12 07:57:39午後 trainTeacher_main.py:180 [INFO] Train: [ 68/99] Final Prec@1 97.6622%
07/12 07:57:42午後 trainTeacher_main.py:208 [INFO] Valid: [ 68/99] Final Prec@1 69.9000%
07/12 07:57:42午後 trainTeacher_main.py:150 [INFO] Until now, best Prec@1 = 70.2000%
07/12 07:59:28午後 trainTeacher_main.py:180 [INFO] Train: [ 69/99] Final Prec@1 97.8756%
07/12 07:59:32午後 trainTeacher_main.py:208 [INFO] Valid: [ 69/99] Final Prec@1 70.2200%
07/12 07:59:32午後 trainTeacher_main.py:150 [INFO] Until now, best Prec@1 = 70.2200%
07/12 08:01:18午後 trainTeacher_main.py:180 [INFO] Train: [ 70/99] Final Prec@1 97.6600%
07/12 08:01:21午後 trainTeacher_main.py:208 [INFO] Valid: [ 70/99] Final Prec@1 69.9000%
07/12 08:01:22午後 trainTeacher_main.py:150 [INFO] Until now, best Prec@1 = 70.2200%
07/12 08:03:08午後 trainTeacher_main.py:180 [INFO] Train: [ 71/99] Final Prec@1 98.1311%
07/12 08:03:11午後 trainTeacher_main.py:208 [INFO] Valid: [ 71/99] Final Prec@1 70.3200%
07/12 08:03:11午後 trainTeacher_main.py:150 [INFO] Until now, best Prec@1 = 70.3200%
07/12 08:04:58午後 trainTeacher_main.py:180 [INFO] Train: [ 72/99] Final Prec@1 98.2511%
07/12 08:05:01午後 trainTeacher_main.py:208 [INFO] Valid: [ 72/99] Final Prec@1 70.3600%
07/12 08:05:01午後 trainTeacher_main.py:150 [INFO] Until now, best Prec@1 = 70.3600%
07/12 08:06:48午後 trainTeacher_main.py:180 [INFO] Train: [ 73/99] Final Prec@1 98.3844%
07/12 08:06:51午後 trainTeacher_main.py:208 [INFO] Valid: [ 73/99] Final Prec@1 71.1200%
07/12 08:06:51午後 trainTeacher_main.py:150 [INFO] Until now, best Prec@1 = 71.1200%
07/12 08:08:37午後 trainTeacher_main.py:180 [INFO] Train: [ 74/99] Final Prec@1 98.4267%
07/12 08:08:41午後 trainTeacher_main.py:208 [INFO] Valid: [ 74/99] Final Prec@1 70.4800%
07/12 08:08:41午後 trainTeacher_main.py:150 [INFO] Until now, best Prec@1 = 71.1200%
07/12 08:10:27午後 trainTeacher_main.py:180 [INFO] Train: [ 75/99] Final Prec@1 98.4467%
07/12 08:10:30午後 trainTeacher_main.py:208 [INFO] Valid: [ 75/99] Final Prec@1 70.1600%
07/12 08:10:30午後 trainTeacher_main.py:150 [INFO] Until now, best Prec@1 = 71.1200%
07/12 08:12:17午後 trainTeacher_main.py:180 [INFO] Train: [ 76/99] Final Prec@1 98.4111%
07/12 08:12:20午後 trainTeacher_main.py:208 [INFO] Valid: [ 76/99] Final Prec@1 70.8800%
07/12 08:12:20午後 trainTeacher_main.py:150 [INFO] Until now, best Prec@1 = 71.1200%
07/12 08:14:07午後 trainTeacher_main.py:180 [INFO] Train: [ 77/99] Final Prec@1 98.5756%
07/12 08:14:10午後 trainTeacher_main.py:208 [INFO] Valid: [ 77/99] Final Prec@1 70.5800%
07/12 08:14:10午後 trainTeacher_main.py:150 [INFO] Until now, best Prec@1 = 71.1200%
07/12 08:15:56午後 trainTeacher_main.py:180 [INFO] Train: [ 78/99] Final Prec@1 98.7111%
07/12 08:16:00午後 trainTeacher_main.py:208 [INFO] Valid: [ 78/99] Final Prec@1 71.5000%
07/12 08:16:00午後 trainTeacher_main.py:150 [INFO] Until now, best Prec@1 = 71.5000%
07/12 08:17:46午後 trainTeacher_main.py:180 [INFO] Train: [ 79/99] Final Prec@1 98.8022%
07/12 08:17:49午後 trainTeacher_main.py:208 [INFO] Valid: [ 79/99] Final Prec@1 71.2600%
07/12 08:17:49午後 trainTeacher_main.py:150 [INFO] Until now, best Prec@1 = 71.5000%
07/12 08:19:24午後 trainTeacher_main.py:180 [INFO] Train: [ 80/99] Final Prec@1 99.0444%
07/12 08:19:26午後 trainTeacher_main.py:208 [INFO] Valid: [ 80/99] Final Prec@1 71.5600%
07/12 08:19:27午後 trainTeacher_main.py:150 [INFO] Until now, best Prec@1 = 71.5600%
07/12 08:20:37午後 trainTeacher_main.py:180 [INFO] Train: [ 81/99] Final Prec@1 98.9778%
07/12 08:20:39午後 trainTeacher_main.py:208 [INFO] Valid: [ 81/99] Final Prec@1 71.3000%
07/12 08:20:39午後 trainTeacher_main.py:150 [INFO] Until now, best Prec@1 = 71.5600%
07/12 08:21:49午後 trainTeacher_main.py:180 [INFO] Train: [ 82/99] Final Prec@1 98.9711%
07/12 08:21:51午後 trainTeacher_main.py:208 [INFO] Valid: [ 82/99] Final Prec@1 71.5200%
07/12 08:21:51午後 trainTeacher_main.py:150 [INFO] Until now, best Prec@1 = 71.5600%
07/12 08:23:02午後 trainTeacher_main.py:180 [INFO] Train: [ 83/99] Final Prec@1 99.0356%
07/12 08:23:04午後 trainTeacher_main.py:208 [INFO] Valid: [ 83/99] Final Prec@1 71.1600%
07/12 08:23:04午後 trainTeacher_main.py:150 [INFO] Until now, best Prec@1 = 71.5600%
07/12 08:24:14午後 trainTeacher_main.py:180 [INFO] Train: [ 84/99] Final Prec@1 99.0933%
07/12 08:24:16午後 trainTeacher_main.py:208 [INFO] Valid: [ 84/99] Final Prec@1 71.1200%
07/12 08:24:16午後 trainTeacher_main.py:150 [INFO] Until now, best Prec@1 = 71.5600%
07/12 08:25:26午後 trainTeacher_main.py:180 [INFO] Train: [ 85/99] Final Prec@1 99.0444%
07/12 08:25:29午後 trainTeacher_main.py:208 [INFO] Valid: [ 85/99] Final Prec@1 71.0400%
07/12 08:25:29午後 trainTeacher_main.py:150 [INFO] Until now, best Prec@1 = 71.5600%
07/12 08:26:39午後 trainTeacher_main.py:180 [INFO] Train: [ 86/99] Final Prec@1 99.1556%
07/12 08:26:41午後 trainTeacher_main.py:208 [INFO] Valid: [ 86/99] Final Prec@1 71.7000%
07/12 08:26:41午後 trainTeacher_main.py:150 [INFO] Until now, best Prec@1 = 71.7000%
07/12 08:27:52午後 trainTeacher_main.py:180 [INFO] Train: [ 87/99] Final Prec@1 99.1444%
07/12 08:27:54午後 trainTeacher_main.py:208 [INFO] Valid: [ 87/99] Final Prec@1 71.5000%
07/12 08:27:54午後 trainTeacher_main.py:150 [INFO] Until now, best Prec@1 = 71.7000%
07/12 08:29:04午後 trainTeacher_main.py:180 [INFO] Train: [ 88/99] Final Prec@1 99.3089%
07/12 08:29:06午後 trainTeacher_main.py:208 [INFO] Valid: [ 88/99] Final Prec@1 71.3600%
07/12 08:29:06午後 trainTeacher_main.py:150 [INFO] Until now, best Prec@1 = 71.7000%
07/12 08:30:17午後 trainTeacher_main.py:180 [INFO] Train: [ 89/99] Final Prec@1 99.2422%
07/12 08:30:19午後 trainTeacher_main.py:208 [INFO] Valid: [ 89/99] Final Prec@1 71.6200%
07/12 08:30:19午後 trainTeacher_main.py:150 [INFO] Until now, best Prec@1 = 71.7000%
07/12 08:31:29午後 trainTeacher_main.py:180 [INFO] Train: [ 90/99] Final Prec@1 99.3089%
07/12 08:31:31午後 trainTeacher_main.py:208 [INFO] Valid: [ 90/99] Final Prec@1 71.2400%
07/12 08:31:32午後 trainTeacher_main.py:150 [INFO] Until now, best Prec@1 = 71.7000%
07/12 08:32:42午後 trainTeacher_main.py:180 [INFO] Train: [ 91/99] Final Prec@1 99.2622%
07/12 08:32:44午後 trainTeacher_main.py:208 [INFO] Valid: [ 91/99] Final Prec@1 71.6000%
07/12 08:32:44午後 trainTeacher_main.py:150 [INFO] Until now, best Prec@1 = 71.7000%
07/12 08:33:54午後 trainTeacher_main.py:180 [INFO] Train: [ 92/99] Final Prec@1 99.3778%
07/12 08:33:57午後 trainTeacher_main.py:208 [INFO] Valid: [ 92/99] Final Prec@1 71.3200%
07/12 08:33:57午後 trainTeacher_main.py:150 [INFO] Until now, best Prec@1 = 71.7000%
07/12 08:35:07午後 trainTeacher_main.py:180 [INFO] Train: [ 93/99] Final Prec@1 99.3622%
07/12 08:35:09午後 trainTeacher_main.py:208 [INFO] Valid: [ 93/99] Final Prec@1 71.3800%
07/12 08:35:09午後 trainTeacher_main.py:150 [INFO] Until now, best Prec@1 = 71.7000%
07/12 08:36:20午後 trainTeacher_main.py:180 [INFO] Train: [ 94/99] Final Prec@1 99.4556%
07/12 08:36:22午後 trainTeacher_main.py:208 [INFO] Valid: [ 94/99] Final Prec@1 71.6600%
07/12 08:36:22午後 trainTeacher_main.py:150 [INFO] Until now, best Prec@1 = 71.7000%
07/12 08:37:32午後 trainTeacher_main.py:180 [INFO] Train: [ 95/99] Final Prec@1 99.3911%
07/12 08:37:35午後 trainTeacher_main.py:208 [INFO] Valid: [ 95/99] Final Prec@1 71.6400%
07/12 08:37:35午後 trainTeacher_main.py:150 [INFO] Until now, best Prec@1 = 71.7000%
07/12 08:38:45午後 trainTeacher_main.py:180 [INFO] Train: [ 96/99] Final Prec@1 99.4756%
07/12 08:38:47午後 trainTeacher_main.py:208 [INFO] Valid: [ 96/99] Final Prec@1 71.8200%
07/12 08:38:47午後 trainTeacher_main.py:150 [INFO] Until now, best Prec@1 = 71.8200%
07/12 08:39:57午後 trainTeacher_main.py:180 [INFO] Train: [ 97/99] Final Prec@1 99.4156%
07/12 08:40:00午後 trainTeacher_main.py:208 [INFO] Valid: [ 97/99] Final Prec@1 71.7800%
07/12 08:40:00午後 trainTeacher_main.py:150 [INFO] Until now, best Prec@1 = 71.8200%
07/12 08:41:10午後 trainTeacher_main.py:180 [INFO] Train: [ 98/99] Final Prec@1 99.4711%
07/12 08:41:12午後 trainTeacher_main.py:208 [INFO] Valid: [ 98/99] Final Prec@1 72.2000%
07/12 08:41:12午後 trainTeacher_main.py:150 [INFO] Until now, best Prec@1 = 72.2000%
07/12 08:41:50午後 trainTeacher_main.py:180 [INFO] Train: [ 99/99] Final Prec@1 99.5111%
07/12 08:41:51午後 trainTeacher_main.py:208 [INFO] Valid: [ 99/99] Final Prec@1 72.3200%
07/12 08:41:51午後 trainTeacher_main.py:150 [INFO] Until now, best Prec@1 = 72.3200%
07/12 08:41:51午後 trainTeacher_main.py:152 [INFO] Final best Prec@1 = 72.3200%
