08/10 05:36:01PM parser.py:28 [INFO] 
08/10 05:36:01PM parser.py:29 [INFO] Parameters:
08/10 05:36:01PM parser.py:31 [INFO] DAG_PATH=results/search_stage_KD/cifar100/BASELINE224/s0-20240810-173601/DAG
08/10 05:36:01PM parser.py:31 [INFO] T=10.0
08/10 05:36:01PM parser.py:31 [INFO] ADVANCED=True
08/10 05:36:01PM parser.py:31 [INFO] ALPHA_LR=0.0003
08/10 05:36:01PM parser.py:31 [INFO] ALPHA_WEIGHT_DECAY=0.001
08/10 05:36:01PM parser.py:31 [INFO] BATCH_SIZE=64
08/10 05:36:01PM parser.py:31 [INFO] CHECKPOINT_RESET=False
08/10 05:36:01PM parser.py:31 [INFO] CUTOUT_LENGTH=0
08/10 05:36:01PM parser.py:31 [INFO] DATA_PATH=../data/
08/10 05:36:01PM parser.py:31 [INFO] DATASET=cifar100
08/10 05:36:01PM parser.py:31 [INFO] DESCRIPTION=KD_for_stage_architecture_search_kd_for_architecture_parameters
08/10 05:36:01PM parser.py:31 [INFO] EPOCHS=50
08/10 05:36:01PM parser.py:31 [INFO] EXP_NAME=s0-20240810-173601
08/10 05:36:01PM parser.py:31 [INFO] GENOTYPE=Genotype3(normal1=[[('sep_conv_5x5', 0), ('sep_conv_3x3', 1)], [('sep_conv_3x3', 1), ('sep_conv_3x3', 0)], [('sep_conv_3x3', 1), ('sep_conv_3x3', 2)], [('sep_conv_3x3', 0), ('sep_conv_5x5', 4)]], normal1_concat=range(2, 6), reduce1=[[('sep_conv_3x3', 0), ('skip_connect', 1)], [('sep_conv_3x3', 1), ('max_pool_3x3', 0)], [('sep_conv_3x3', 2), ('sep_conv_3x3', 1)], [('max_pool_3x3', 0), ('dil_conv_3x3', 1)]], reduce1_concat=range(2, 6), normal2=[[('skip_connect', 0), ('sep_conv_5x5', 1)], [('skip_connect', 0), ('skip_connect', 2)], [('avg_pool_3x3', 0), ('avg_pool_3x3', 2)], [('skip_connect', 0), ('avg_pool_3x3', 2)]], normal2_concat=range(2, 6), reduce2=[[('avg_pool_3x3', 0), ('avg_pool_3x3', 1)], [('avg_pool_3x3', 0), ('skip_connect', 2)], [('skip_connect', 2), ('avg_pool_3x3', 0)], [('skip_connect', 2), ('avg_pool_3x3', 0)]], reduce2_concat=range(2, 6), normal3=[[('skip_connect', 0), ('skip_connect', 1)], [('skip_connect', 0), ('dil_conv_3x3', 1)], [('skip_connect', 0), ('skip_connect', 1)], [('skip_connect', 0), ('skip_connect', 2)]], normal3_concat=range(2, 6))
08/10 05:36:01PM parser.py:31 [INFO] GPUS=[0]
08/10 05:36:01PM parser.py:31 [INFO] INIT_CHANNELS=16
08/10 05:36:01PM parser.py:31 [INFO] L=0.5
08/10 05:36:01PM parser.py:31 [INFO] LAYERS=20
08/10 05:36:01PM parser.py:31 [INFO] LOGGER=<Logger H-DAS (INFO)>
08/10 05:36:01PM parser.py:31 [INFO] NAME=BASELINE224
08/10 05:36:01PM parser.py:31 [INFO] NONKD=False
08/10 05:36:01PM parser.py:31 [INFO] PATH=results/search_stage_KD/cifar100/BASELINE224/s0-20240810-173601
08/10 05:36:01PM parser.py:31 [INFO] PCDARTS=False
08/10 05:36:01PM parser.py:31 [INFO] PLOT_PATH=results/search_stage_KD/cifar100/BASELINE224/s0-20240810-173601/plots
08/10 05:36:01PM parser.py:31 [INFO] PRINT_FREQ=50
08/10 05:36:01PM parser.py:31 [INFO] RESUME_PATH=None
08/10 05:36:01PM parser.py:31 [INFO] SAVE=s0
08/10 05:36:01PM parser.py:31 [INFO] SEED=0
08/10 05:36:01PM parser.py:31 [INFO] SHARE_STAGE=False
08/10 05:36:01PM parser.py:31 [INFO] SPEC_CELL=True
08/10 05:36:01PM parser.py:31 [INFO] TEACHER_NAME=efficientnet_v2_s
08/10 05:36:01PM parser.py:31 [INFO] TEACHER_PATH=/home/miura/lab/KD-hdas/results/teacher/cifar100/efficientnet_v2_s/FINETUNE2/pretrained-20240716-002108/best.pth.tar
08/10 05:36:01PM parser.py:31 [INFO] TRAIN_PORTION=0.5
08/10 05:36:01PM parser.py:31 [INFO] W_GRAD_CLIP=5.0
08/10 05:36:01PM parser.py:31 [INFO] W_LR=0.025
08/10 05:36:01PM parser.py:31 [INFO] W_LR_MIN=0.001
08/10 05:36:01PM parser.py:31 [INFO] W_MOMENTUM=0.9
08/10 05:36:01PM parser.py:31 [INFO] W_WEIGHT_DECAY=0.0003
08/10 05:36:01PM parser.py:31 [INFO] WORKERS=4
08/10 05:36:01PM parser.py:32 [INFO] 
08/10 05:36:03PM searchStage_trainer.py:121 [INFO] --> Loaded teacher model 'efficientnet_v2_s' from '/home/miura/lab/KD-hdas/results/teacher/cifar100/efficientnet_v2_s/FINETUNE2/pretrained-20240716-002108/best.pth.tar' and Freezed parameters)
08/10 05:36:04PM eval_util.py:125 [INFO] Test: Step 000/390 Prec@(1,5) (100.0%, 100.0%)
