07/12 06:14:40PM parser.py:28 [INFO] 
07/12 06:14:40PM parser.py:29 [INFO] Parameters:
07/12 06:14:40PM parser.py:31 [INFO] ADVANCED=True
07/12 06:14:40PM parser.py:31 [INFO] BATCH_SIZE=64
07/12 06:14:40PM parser.py:31 [INFO] CIFAR=True
07/12 06:14:40PM parser.py:31 [INFO] CUTOUT_LENGTH=16
07/12 06:14:40PM parser.py:31 [INFO] DATA_PATH=../data/
07/12 06:14:40PM parser.py:31 [INFO] DATASET=cifar100
07/12 06:14:40PM parser.py:31 [INFO] DESCRIPTION=Train_EfficientNetB0_using_pretrained_weights
07/12 06:14:40PM parser.py:31 [INFO] EPOCHS=100
07/12 06:14:40PM parser.py:31 [INFO] EXP_NAME=pretrained-20240712-181440
07/12 06:14:40PM parser.py:31 [INFO] GPUS=[0]
07/12 06:14:40PM parser.py:31 [INFO] LOGGER=<Logger H-DAS (INFO)>
07/12 06:14:40PM parser.py:31 [INFO] LR=0.1
07/12 06:14:40PM parser.py:31 [INFO] LR_MIN=0.001
07/12 06:14:40PM parser.py:31 [INFO] MODEL_NAME=efficientnet_b0
07/12 06:14:40PM parser.py:31 [INFO] MOMENTUM=0.9
07/12 06:14:40PM parser.py:31 [INFO] NAME=FINETUNE2
07/12 06:14:40PM parser.py:31 [INFO] PATH=results/teacher/cifar100/efficientnet_b0/FINETUNE2/pretrained-20240712-181440
07/12 06:14:40PM parser.py:31 [INFO] PRETRAINED=False
07/12 06:14:40PM parser.py:31 [INFO] SAVE=pretrained
07/12 06:14:40PM parser.py:31 [INFO] SEED=0
07/12 06:14:40PM parser.py:31 [INFO] TRAIN_PORTION=0.9
07/12 06:14:40PM parser.py:31 [INFO] WEIGHT_DECAY=0.0003
07/12 06:14:40PM parser.py:31 [INFO] WORKERS=4
07/12 06:14:40PM parser.py:32 [INFO] 
07/12 06:15:19PM trainTeacher_main.py:179 [INFO] Train: [  0/99] Final Prec@1 5.8556%
07/12 06:15:20PM trainTeacher_main.py:207 [INFO] Valid: [  0/99] Final Prec@1 8.1400%
07/12 06:15:21午後 trainTeacher_main.py:149 [INFO] Until now, best Prec@1 = 8.1400%
07/12 06:15:57午後 trainTeacher_main.py:179 [INFO] Train: [  1/99] Final Prec@1 13.3600%
07/12 06:15:58午後 trainTeacher_main.py:207 [INFO] Valid: [  1/99] Final Prec@1 17.4800%
07/12 06:15:58午後 trainTeacher_main.py:149 [INFO] Until now, best Prec@1 = 17.4800%
07/12 06:16:34午後 trainTeacher_main.py:179 [INFO] Train: [  2/99] Final Prec@1 21.6222%
07/12 06:16:35午後 trainTeacher_main.py:207 [INFO] Valid: [  2/99] Final Prec@1 23.5600%
07/12 06:16:36午後 trainTeacher_main.py:149 [INFO] Until now, best Prec@1 = 23.5600%
07/12 06:17:12午後 trainTeacher_main.py:179 [INFO] Train: [  3/99] Final Prec@1 28.1533%
07/12 06:17:13午後 trainTeacher_main.py:207 [INFO] Valid: [  3/99] Final Prec@1 26.0800%
07/12 06:17:13午後 trainTeacher_main.py:149 [INFO] Until now, best Prec@1 = 26.0800%
07/12 06:17:49午後 trainTeacher_main.py:179 [INFO] Train: [  4/99] Final Prec@1 32.6067%
07/12 06:17:50午後 trainTeacher_main.py:207 [INFO] Valid: [  4/99] Final Prec@1 30.3200%
07/12 06:17:51午後 trainTeacher_main.py:149 [INFO] Until now, best Prec@1 = 30.3200%
07/12 06:18:27午後 trainTeacher_main.py:179 [INFO] Train: [  5/99] Final Prec@1 35.9511%
07/12 06:18:28午後 trainTeacher_main.py:207 [INFO] Valid: [  5/99] Final Prec@1 32.5400%
07/12 06:18:28午後 trainTeacher_main.py:149 [INFO] Until now, best Prec@1 = 32.5400%
07/12 06:19:04午後 trainTeacher_main.py:179 [INFO] Train: [  6/99] Final Prec@1 38.5867%
07/12 06:19:05午後 trainTeacher_main.py:207 [INFO] Valid: [  6/99] Final Prec@1 35.1400%
07/12 06:19:06午後 trainTeacher_main.py:149 [INFO] Until now, best Prec@1 = 35.1400%
07/12 06:19:42午後 trainTeacher_main.py:179 [INFO] Train: [  7/99] Final Prec@1 40.8022%
07/12 06:19:43午後 trainTeacher_main.py:207 [INFO] Valid: [  7/99] Final Prec@1 39.9200%
07/12 06:19:43午後 trainTeacher_main.py:149 [INFO] Until now, best Prec@1 = 39.9200%
07/12 06:20:19午後 trainTeacher_main.py:179 [INFO] Train: [  8/99] Final Prec@1 42.2622%
07/12 06:20:20午後 trainTeacher_main.py:207 [INFO] Valid: [  8/99] Final Prec@1 37.0000%
07/12 06:20:20午後 trainTeacher_main.py:149 [INFO] Until now, best Prec@1 = 39.9200%
07/12 06:20:57午後 trainTeacher_main.py:179 [INFO] Train: [  9/99] Final Prec@1 44.0156%
07/12 06:20:58午後 trainTeacher_main.py:207 [INFO] Valid: [  9/99] Final Prec@1 42.7600%
07/12 06:20:58午後 trainTeacher_main.py:149 [INFO] Until now, best Prec@1 = 42.7600%
07/12 06:21:34午後 trainTeacher_main.py:179 [INFO] Train: [ 10/99] Final Prec@1 45.1667%
07/12 06:21:35午後 trainTeacher_main.py:207 [INFO] Valid: [ 10/99] Final Prec@1 38.1800%
07/12 06:21:35午後 trainTeacher_main.py:149 [INFO] Until now, best Prec@1 = 42.7600%
07/12 06:22:12午後 trainTeacher_main.py:179 [INFO] Train: [ 11/99] Final Prec@1 46.1000%
07/12 06:22:13午後 trainTeacher_main.py:207 [INFO] Valid: [ 11/99] Final Prec@1 39.0600%
07/12 06:22:13午後 trainTeacher_main.py:149 [INFO] Until now, best Prec@1 = 42.7600%
07/12 06:22:49午後 trainTeacher_main.py:179 [INFO] Train: [ 12/99] Final Prec@1 47.3733%
07/12 06:22:50午後 trainTeacher_main.py:207 [INFO] Valid: [ 12/99] Final Prec@1 45.3200%
07/12 06:22:50午後 trainTeacher_main.py:149 [INFO] Until now, best Prec@1 = 45.3200%
07/12 06:23:27午後 trainTeacher_main.py:179 [INFO] Train: [ 13/99] Final Prec@1 47.8156%
07/12 06:23:28午後 trainTeacher_main.py:207 [INFO] Valid: [ 13/99] Final Prec@1 44.0600%
07/12 06:23:28午後 trainTeacher_main.py:149 [INFO] Until now, best Prec@1 = 45.3200%
07/12 06:24:04午後 trainTeacher_main.py:179 [INFO] Train: [ 14/99] Final Prec@1 49.0644%
07/12 06:24:05午後 trainTeacher_main.py:207 [INFO] Valid: [ 14/99] Final Prec@1 45.9200%
07/12 06:24:05午後 trainTeacher_main.py:149 [INFO] Until now, best Prec@1 = 45.9200%
07/12 06:24:41午後 trainTeacher_main.py:179 [INFO] Train: [ 15/99] Final Prec@1 49.6822%
07/12 06:24:43午後 trainTeacher_main.py:207 [INFO] Valid: [ 15/99] Final Prec@1 43.6800%
07/12 06:24:43午後 trainTeacher_main.py:149 [INFO] Until now, best Prec@1 = 45.9200%
07/12 06:25:19午後 trainTeacher_main.py:179 [INFO] Train: [ 16/99] Final Prec@1 50.2089%
07/12 06:25:20午後 trainTeacher_main.py:207 [INFO] Valid: [ 16/99] Final Prec@1 48.9400%
07/12 06:25:20午後 trainTeacher_main.py:149 [INFO] Until now, best Prec@1 = 48.9400%
07/12 06:25:56午後 trainTeacher_main.py:179 [INFO] Train: [ 17/99] Final Prec@1 50.4556%
07/12 06:25:58午後 trainTeacher_main.py:207 [INFO] Valid: [ 17/99] Final Prec@1 43.7400%
07/12 06:25:58午後 trainTeacher_main.py:149 [INFO] Until now, best Prec@1 = 48.9400%
07/12 06:26:34午後 trainTeacher_main.py:179 [INFO] Train: [ 18/99] Final Prec@1 51.5556%
07/12 06:26:35午後 trainTeacher_main.py:207 [INFO] Valid: [ 18/99] Final Prec@1 45.7800%
07/12 06:26:35午後 trainTeacher_main.py:149 [INFO] Until now, best Prec@1 = 48.9400%
07/12 06:27:36午後 trainTeacher_main.py:179 [INFO] Train: [ 19/99] Final Prec@1 51.7467%
07/12 06:27:38午後 trainTeacher_main.py:207 [INFO] Valid: [ 19/99] Final Prec@1 46.0200%
07/12 06:27:38午後 trainTeacher_main.py:149 [INFO] Until now, best Prec@1 = 48.9400%
07/12 06:28:49午後 trainTeacher_main.py:179 [INFO] Train: [ 20/99] Final Prec@1 52.2556%
07/12 06:28:51午後 trainTeacher_main.py:207 [INFO] Valid: [ 20/99] Final Prec@1 50.8000%
07/12 06:28:51午後 trainTeacher_main.py:149 [INFO] Until now, best Prec@1 = 50.8000%
07/12 06:30:05午後 trainTeacher_main.py:179 [INFO] Train: [ 21/99] Final Prec@1 53.3267%
07/12 06:30:08午後 trainTeacher_main.py:207 [INFO] Valid: [ 21/99] Final Prec@1 48.2400%
07/12 06:30:08午後 trainTeacher_main.py:149 [INFO] Until now, best Prec@1 = 50.8000%
07/12 06:31:22午後 trainTeacher_main.py:179 [INFO] Train: [ 22/99] Final Prec@1 53.5311%
07/12 06:31:24午後 trainTeacher_main.py:207 [INFO] Valid: [ 22/99] Final Prec@1 49.5400%
07/12 06:31:24午後 trainTeacher_main.py:149 [INFO] Until now, best Prec@1 = 50.8000%
07/12 06:32:38午後 trainTeacher_main.py:179 [INFO] Train: [ 23/99] Final Prec@1 53.9578%
07/12 06:32:40午後 trainTeacher_main.py:207 [INFO] Valid: [ 23/99] Final Prec@1 45.1200%
07/12 06:32:40午後 trainTeacher_main.py:149 [INFO] Until now, best Prec@1 = 50.8000%
07/12 06:33:54午後 trainTeacher_main.py:179 [INFO] Train: [ 24/99] Final Prec@1 54.1200%
07/12 06:33:57午後 trainTeacher_main.py:207 [INFO] Valid: [ 24/99] Final Prec@1 50.1200%
07/12 06:33:57午後 trainTeacher_main.py:149 [INFO] Until now, best Prec@1 = 50.8000%
07/12 06:35:11午後 trainTeacher_main.py:179 [INFO] Train: [ 25/99] Final Prec@1 54.9444%
07/12 06:35:13午後 trainTeacher_main.py:207 [INFO] Valid: [ 25/99] Final Prec@1 45.7200%
07/12 06:35:13午後 trainTeacher_main.py:149 [INFO] Until now, best Prec@1 = 50.8000%
07/12 06:36:27午後 trainTeacher_main.py:179 [INFO] Train: [ 26/99] Final Prec@1 55.0667%
07/12 06:36:29午後 trainTeacher_main.py:207 [INFO] Valid: [ 26/99] Final Prec@1 45.5000%
07/12 06:36:29午後 trainTeacher_main.py:149 [INFO] Until now, best Prec@1 = 50.8000%
07/12 06:37:43午後 trainTeacher_main.py:179 [INFO] Train: [ 27/99] Final Prec@1 55.4556%
07/12 06:37:46午後 trainTeacher_main.py:207 [INFO] Valid: [ 27/99] Final Prec@1 50.4000%
07/12 06:37:46午後 trainTeacher_main.py:149 [INFO] Until now, best Prec@1 = 50.8000%
07/12 06:39:00午後 trainTeacher_main.py:179 [INFO] Train: [ 28/99] Final Prec@1 56.1467%
07/12 06:39:02午後 trainTeacher_main.py:207 [INFO] Valid: [ 28/99] Final Prec@1 50.1400%
07/12 06:39:02午後 trainTeacher_main.py:149 [INFO] Until now, best Prec@1 = 50.8000%
07/12 06:40:16午後 trainTeacher_main.py:179 [INFO] Train: [ 29/99] Final Prec@1 56.3822%
07/12 06:40:18午後 trainTeacher_main.py:207 [INFO] Valid: [ 29/99] Final Prec@1 50.8200%
07/12 06:40:18午後 trainTeacher_main.py:149 [INFO] Until now, best Prec@1 = 50.8200%
07/12 06:41:32午後 trainTeacher_main.py:179 [INFO] Train: [ 30/99] Final Prec@1 56.8600%
07/12 06:41:35午後 trainTeacher_main.py:207 [INFO] Valid: [ 30/99] Final Prec@1 51.1800%
07/12 06:41:35午後 trainTeacher_main.py:149 [INFO] Until now, best Prec@1 = 51.1800%
07/12 06:42:49午後 trainTeacher_main.py:179 [INFO] Train: [ 31/99] Final Prec@1 57.0556%
07/12 06:42:51午後 trainTeacher_main.py:207 [INFO] Valid: [ 31/99] Final Prec@1 52.9200%
07/12 06:42:51午後 trainTeacher_main.py:149 [INFO] Until now, best Prec@1 = 52.9200%
07/12 06:44:05午後 trainTeacher_main.py:179 [INFO] Train: [ 32/99] Final Prec@1 57.6600%
07/12 06:44:07午後 trainTeacher_main.py:207 [INFO] Valid: [ 32/99] Final Prec@1 51.6600%
07/12 06:44:08午後 trainTeacher_main.py:149 [INFO] Until now, best Prec@1 = 52.9200%
07/12 06:45:22午後 trainTeacher_main.py:179 [INFO] Train: [ 33/99] Final Prec@1 57.7222%
07/12 06:45:24午後 trainTeacher_main.py:207 [INFO] Valid: [ 33/99] Final Prec@1 52.0800%
07/12 06:45:24午後 trainTeacher_main.py:149 [INFO] Until now, best Prec@1 = 52.9200%
07/12 06:46:38午後 trainTeacher_main.py:179 [INFO] Train: [ 34/99] Final Prec@1 58.1533%
07/12 06:46:40午後 trainTeacher_main.py:207 [INFO] Valid: [ 34/99] Final Prec@1 50.4800%
07/12 06:46:40午後 trainTeacher_main.py:149 [INFO] Until now, best Prec@1 = 52.9200%
07/12 06:47:54午後 trainTeacher_main.py:179 [INFO] Train: [ 35/99] Final Prec@1 58.5978%
07/12 06:47:57午後 trainTeacher_main.py:207 [INFO] Valid: [ 35/99] Final Prec@1 53.5000%
07/12 06:47:57午後 trainTeacher_main.py:149 [INFO] Until now, best Prec@1 = 53.5000%
07/12 06:49:11午後 trainTeacher_main.py:179 [INFO] Train: [ 36/99] Final Prec@1 59.2333%
07/12 06:49:13午後 trainTeacher_main.py:207 [INFO] Valid: [ 36/99] Final Prec@1 53.1600%
07/12 06:49:13午後 trainTeacher_main.py:149 [INFO] Until now, best Prec@1 = 53.5000%
07/12 06:50:27午後 trainTeacher_main.py:179 [INFO] Train: [ 37/99] Final Prec@1 59.1467%
07/12 06:50:29午後 trainTeacher_main.py:207 [INFO] Valid: [ 37/99] Final Prec@1 53.2400%
07/12 06:50:29午後 trainTeacher_main.py:149 [INFO] Until now, best Prec@1 = 53.5000%
07/12 06:51:43午後 trainTeacher_main.py:179 [INFO] Train: [ 38/99] Final Prec@1 59.6444%
07/12 06:51:46午後 trainTeacher_main.py:207 [INFO] Valid: [ 38/99] Final Prec@1 53.2200%
07/12 06:51:46午後 trainTeacher_main.py:149 [INFO] Until now, best Prec@1 = 53.5000%
07/12 06:53:00午後 trainTeacher_main.py:179 [INFO] Train: [ 39/99] Final Prec@1 59.7111%
07/12 06:53:02午後 trainTeacher_main.py:207 [INFO] Valid: [ 39/99] Final Prec@1 54.9400%
07/12 06:53:02午後 trainTeacher_main.py:149 [INFO] Until now, best Prec@1 = 54.9400%
07/12 06:54:16午後 trainTeacher_main.py:179 [INFO] Train: [ 40/99] Final Prec@1 60.3267%
07/12 06:54:18午後 trainTeacher_main.py:207 [INFO] Valid: [ 40/99] Final Prec@1 53.7800%
07/12 06:54:19午後 trainTeacher_main.py:149 [INFO] Until now, best Prec@1 = 54.9400%
07/12 06:55:33午後 trainTeacher_main.py:179 [INFO] Train: [ 41/99] Final Prec@1 60.6511%
07/12 06:55:35午後 trainTeacher_main.py:207 [INFO] Valid: [ 41/99] Final Prec@1 52.3000%
07/12 06:55:35午後 trainTeacher_main.py:149 [INFO] Until now, best Prec@1 = 54.9400%
07/12 06:56:49午後 trainTeacher_main.py:179 [INFO] Train: [ 42/99] Final Prec@1 61.1111%
07/12 06:56:51午後 trainTeacher_main.py:207 [INFO] Valid: [ 42/99] Final Prec@1 55.9600%
07/12 06:56:51午後 trainTeacher_main.py:149 [INFO] Until now, best Prec@1 = 55.9600%
07/12 06:58:05午後 trainTeacher_main.py:179 [INFO] Train: [ 43/99] Final Prec@1 61.6578%
07/12 06:58:08午後 trainTeacher_main.py:207 [INFO] Valid: [ 43/99] Final Prec@1 53.2800%
07/12 06:58:08午後 trainTeacher_main.py:149 [INFO] Until now, best Prec@1 = 55.9600%
07/12 06:59:22午後 trainTeacher_main.py:179 [INFO] Train: [ 44/99] Final Prec@1 62.1556%
07/12 06:59:24午後 trainTeacher_main.py:207 [INFO] Valid: [ 44/99] Final Prec@1 52.8200%
07/12 06:59:24午後 trainTeacher_main.py:149 [INFO] Until now, best Prec@1 = 55.9600%
07/12 07:00:38午後 trainTeacher_main.py:179 [INFO] Train: [ 45/99] Final Prec@1 62.1467%
07/12 07:00:40午後 trainTeacher_main.py:207 [INFO] Valid: [ 45/99] Final Prec@1 56.9200%
07/12 07:00:41午後 trainTeacher_main.py:149 [INFO] Until now, best Prec@1 = 56.9200%
07/12 07:01:54午後 trainTeacher_main.py:179 [INFO] Train: [ 46/99] Final Prec@1 62.8356%
07/12 07:01:57午後 trainTeacher_main.py:207 [INFO] Valid: [ 46/99] Final Prec@1 55.9800%
07/12 07:01:57午後 trainTeacher_main.py:149 [INFO] Until now, best Prec@1 = 56.9200%
07/12 07:03:11午後 trainTeacher_main.py:179 [INFO] Train: [ 47/99] Final Prec@1 63.3978%
07/12 07:03:13午後 trainTeacher_main.py:207 [INFO] Valid: [ 47/99] Final Prec@1 55.7000%
07/12 07:03:13午後 trainTeacher_main.py:149 [INFO] Until now, best Prec@1 = 56.9200%
07/12 07:04:27午後 trainTeacher_main.py:179 [INFO] Train: [ 48/99] Final Prec@1 63.4889%
07/12 07:04:29午後 trainTeacher_main.py:207 [INFO] Valid: [ 48/99] Final Prec@1 57.8000%
07/12 07:04:30午後 trainTeacher_main.py:149 [INFO] Until now, best Prec@1 = 57.8000%
07/12 07:05:44午後 trainTeacher_main.py:179 [INFO] Train: [ 49/99] Final Prec@1 63.7422%
07/12 07:05:46午後 trainTeacher_main.py:207 [INFO] Valid: [ 49/99] Final Prec@1 57.8200%
07/12 07:05:46午後 trainTeacher_main.py:149 [INFO] Until now, best Prec@1 = 57.8200%
07/12 07:07:00午後 trainTeacher_main.py:179 [INFO] Train: [ 50/99] Final Prec@1 64.7556%
07/12 07:07:02午後 trainTeacher_main.py:207 [INFO] Valid: [ 50/99] Final Prec@1 59.1400%
07/12 07:07:03午後 trainTeacher_main.py:149 [INFO] Until now, best Prec@1 = 59.1400%
07/12 07:08:17午後 trainTeacher_main.py:179 [INFO] Train: [ 51/99] Final Prec@1 64.7644%
07/12 07:08:19午後 trainTeacher_main.py:207 [INFO] Valid: [ 51/99] Final Prec@1 55.7200%
07/12 07:08:19午後 trainTeacher_main.py:149 [INFO] Until now, best Prec@1 = 59.1400%
07/12 07:09:33午後 trainTeacher_main.py:179 [INFO] Train: [ 52/99] Final Prec@1 65.6267%
07/12 07:09:35午後 trainTeacher_main.py:207 [INFO] Valid: [ 52/99] Final Prec@1 58.3400%
07/12 07:09:35午後 trainTeacher_main.py:149 [INFO] Until now, best Prec@1 = 59.1400%
07/12 07:10:49午後 trainTeacher_main.py:179 [INFO] Train: [ 53/99] Final Prec@1 65.6556%
07/12 07:10:52午後 trainTeacher_main.py:207 [INFO] Valid: [ 53/99] Final Prec@1 60.1200%
07/12 07:10:52午後 trainTeacher_main.py:149 [INFO] Until now, best Prec@1 = 60.1200%
07/12 07:12:06午後 trainTeacher_main.py:179 [INFO] Train: [ 54/99] Final Prec@1 66.3089%
07/12 07:12:08午後 trainTeacher_main.py:207 [INFO] Valid: [ 54/99] Final Prec@1 60.5600%
07/12 07:12:08午後 trainTeacher_main.py:149 [INFO] Until now, best Prec@1 = 60.5600%
07/12 07:13:22午後 trainTeacher_main.py:179 [INFO] Train: [ 55/99] Final Prec@1 66.9089%
07/12 07:13:24午後 trainTeacher_main.py:207 [INFO] Valid: [ 55/99] Final Prec@1 59.9800%
07/12 07:13:24午後 trainTeacher_main.py:149 [INFO] Until now, best Prec@1 = 60.5600%
07/12 07:14:39午後 trainTeacher_main.py:179 [INFO] Train: [ 56/99] Final Prec@1 67.4933%
07/12 07:14:41午後 trainTeacher_main.py:207 [INFO] Valid: [ 56/99] Final Prec@1 58.4200%
07/12 07:14:41午後 trainTeacher_main.py:149 [INFO] Until now, best Prec@1 = 60.5600%
07/12 07:15:55午後 trainTeacher_main.py:179 [INFO] Train: [ 57/99] Final Prec@1 67.6578%
07/12 07:15:57午後 trainTeacher_main.py:207 [INFO] Valid: [ 57/99] Final Prec@1 59.5800%
07/12 07:15:57午後 trainTeacher_main.py:149 [INFO] Until now, best Prec@1 = 60.5600%
07/12 07:17:11午後 trainTeacher_main.py:179 [INFO] Train: [ 58/99] Final Prec@1 68.4867%
07/12 07:17:14午後 trainTeacher_main.py:207 [INFO] Valid: [ 58/99] Final Prec@1 58.4600%
07/12 07:17:14午後 trainTeacher_main.py:149 [INFO] Until now, best Prec@1 = 60.5600%
07/12 07:18:28午後 trainTeacher_main.py:179 [INFO] Train: [ 59/99] Final Prec@1 69.0089%
07/12 07:18:30午後 trainTeacher_main.py:207 [INFO] Valid: [ 59/99] Final Prec@1 60.5600%
07/12 07:18:30午後 trainTeacher_main.py:149 [INFO] Until now, best Prec@1 = 60.5600%
07/12 07:19:44午後 trainTeacher_main.py:179 [INFO] Train: [ 60/99] Final Prec@1 69.2467%
07/12 07:19:46午後 trainTeacher_main.py:207 [INFO] Valid: [ 60/99] Final Prec@1 63.1200%
07/12 07:19:46午後 trainTeacher_main.py:149 [INFO] Until now, best Prec@1 = 63.1200%
07/12 07:21:00午後 trainTeacher_main.py:179 [INFO] Train: [ 61/99] Final Prec@1 70.2200%
07/12 07:21:03午後 trainTeacher_main.py:207 [INFO] Valid: [ 61/99] Final Prec@1 60.6000%
07/12 07:21:03午後 trainTeacher_main.py:149 [INFO] Until now, best Prec@1 = 63.1200%
07/12 07:22:17午後 trainTeacher_main.py:179 [INFO] Train: [ 62/99] Final Prec@1 70.5089%
07/12 07:22:19午後 trainTeacher_main.py:207 [INFO] Valid: [ 62/99] Final Prec@1 64.0400%
07/12 07:22:19午後 trainTeacher_main.py:149 [INFO] Until now, best Prec@1 = 64.0400%
07/12 07:23:33午後 trainTeacher_main.py:179 [INFO] Train: [ 63/99] Final Prec@1 71.4756%
07/12 07:23:36午後 trainTeacher_main.py:207 [INFO] Valid: [ 63/99] Final Prec@1 60.7400%
07/12 07:23:36午後 trainTeacher_main.py:149 [INFO] Until now, best Prec@1 = 64.0400%
07/12 07:24:49午後 trainTeacher_main.py:179 [INFO] Train: [ 64/99] Final Prec@1 71.5600%
07/12 07:24:52午後 trainTeacher_main.py:207 [INFO] Valid: [ 64/99] Final Prec@1 62.3400%
07/12 07:24:52午後 trainTeacher_main.py:149 [INFO] Until now, best Prec@1 = 64.0400%
07/12 07:26:06午後 trainTeacher_main.py:179 [INFO] Train: [ 65/99] Final Prec@1 72.1533%
07/12 07:26:08午後 trainTeacher_main.py:207 [INFO] Valid: [ 65/99] Final Prec@1 62.5000%
07/12 07:26:08午後 trainTeacher_main.py:149 [INFO] Until now, best Prec@1 = 64.0400%
07/12 07:27:22午後 trainTeacher_main.py:179 [INFO] Train: [ 66/99] Final Prec@1 72.7644%
07/12 07:27:24午後 trainTeacher_main.py:207 [INFO] Valid: [ 66/99] Final Prec@1 63.5200%
07/12 07:27:24午後 trainTeacher_main.py:149 [INFO] Until now, best Prec@1 = 64.0400%
07/12 07:28:39午後 trainTeacher_main.py:179 [INFO] Train: [ 67/99] Final Prec@1 73.2178%
07/12 07:28:41午後 trainTeacher_main.py:207 [INFO] Valid: [ 67/99] Final Prec@1 64.3200%
07/12 07:28:41午後 trainTeacher_main.py:149 [INFO] Until now, best Prec@1 = 64.3200%
07/12 07:29:55午後 trainTeacher_main.py:179 [INFO] Train: [ 68/99] Final Prec@1 73.9356%
07/12 07:29:57午後 trainTeacher_main.py:207 [INFO] Valid: [ 68/99] Final Prec@1 64.1800%
07/12 07:29:57午後 trainTeacher_main.py:149 [INFO] Until now, best Prec@1 = 64.3200%
07/12 07:31:11午後 trainTeacher_main.py:179 [INFO] Train: [ 69/99] Final Prec@1 75.0311%
07/12 07:31:14午後 trainTeacher_main.py:207 [INFO] Valid: [ 69/99] Final Prec@1 64.9600%
07/12 07:31:14午後 trainTeacher_main.py:149 [INFO] Until now, best Prec@1 = 64.9600%
07/12 07:32:28午後 trainTeacher_main.py:179 [INFO] Train: [ 70/99] Final Prec@1 75.3956%
07/12 07:32:30午後 trainTeacher_main.py:207 [INFO] Valid: [ 70/99] Final Prec@1 64.5800%
07/12 07:32:30午後 trainTeacher_main.py:149 [INFO] Until now, best Prec@1 = 64.9600%
07/12 07:33:44午後 trainTeacher_main.py:179 [INFO] Train: [ 71/99] Final Prec@1 75.7778%
07/12 07:33:47午後 trainTeacher_main.py:207 [INFO] Valid: [ 71/99] Final Prec@1 64.1800%
07/12 07:33:47午後 trainTeacher_main.py:149 [INFO] Until now, best Prec@1 = 64.9600%
07/12 07:35:01午後 trainTeacher_main.py:179 [INFO] Train: [ 72/99] Final Prec@1 76.7244%
07/12 07:35:03午後 trainTeacher_main.py:207 [INFO] Valid: [ 72/99] Final Prec@1 65.1800%
07/12 07:35:03午後 trainTeacher_main.py:149 [INFO] Until now, best Prec@1 = 65.1800%
07/12 07:36:17午後 trainTeacher_main.py:179 [INFO] Train: [ 73/99] Final Prec@1 77.3289%
07/12 07:36:19午後 trainTeacher_main.py:207 [INFO] Valid: [ 73/99] Final Prec@1 66.3400%
07/12 07:36:19午後 trainTeacher_main.py:149 [INFO] Until now, best Prec@1 = 66.3400%
07/12 07:37:33午後 trainTeacher_main.py:179 [INFO] Train: [ 74/99] Final Prec@1 78.3222%
07/12 07:37:36午後 trainTeacher_main.py:207 [INFO] Valid: [ 74/99] Final Prec@1 66.5000%
07/12 07:37:36午後 trainTeacher_main.py:149 [INFO] Until now, best Prec@1 = 66.5000%
07/12 07:38:50午後 trainTeacher_main.py:179 [INFO] Train: [ 75/99] Final Prec@1 78.7911%
07/12 07:38:52午後 trainTeacher_main.py:207 [INFO] Valid: [ 75/99] Final Prec@1 66.3200%
07/12 07:38:52午後 trainTeacher_main.py:149 [INFO] Until now, best Prec@1 = 66.5000%
07/12 07:40:06午後 trainTeacher_main.py:179 [INFO] Train: [ 76/99] Final Prec@1 79.6267%
07/12 07:40:08午後 trainTeacher_main.py:207 [INFO] Valid: [ 76/99] Final Prec@1 68.2000%
07/12 07:40:09午後 trainTeacher_main.py:149 [INFO] Until now, best Prec@1 = 68.2000%
07/12 07:41:23午後 trainTeacher_main.py:179 [INFO] Train: [ 77/99] Final Prec@1 80.4267%
07/12 07:41:25午後 trainTeacher_main.py:207 [INFO] Valid: [ 77/99] Final Prec@1 67.2000%
07/12 07:41:25午後 trainTeacher_main.py:149 [INFO] Until now, best Prec@1 = 68.2000%
07/12 07:42:39午後 trainTeacher_main.py:179 [INFO] Train: [ 78/99] Final Prec@1 81.2156%
07/12 07:42:41午後 trainTeacher_main.py:207 [INFO] Valid: [ 78/99] Final Prec@1 67.4600%
07/12 07:42:41午後 trainTeacher_main.py:149 [INFO] Until now, best Prec@1 = 68.2000%
07/12 07:43:55午後 trainTeacher_main.py:179 [INFO] Train: [ 79/99] Final Prec@1 81.7733%
07/12 07:43:58午後 trainTeacher_main.py:207 [INFO] Valid: [ 79/99] Final Prec@1 68.0000%
07/12 07:43:58午後 trainTeacher_main.py:149 [INFO] Until now, best Prec@1 = 68.2000%
07/12 07:45:12午後 trainTeacher_main.py:179 [INFO] Train: [ 80/99] Final Prec@1 82.8089%
07/12 07:45:14午後 trainTeacher_main.py:207 [INFO] Valid: [ 80/99] Final Prec@1 67.0800%
07/12 07:45:14午後 trainTeacher_main.py:149 [INFO] Until now, best Prec@1 = 68.2000%
07/12 07:46:28午後 trainTeacher_main.py:179 [INFO] Train: [ 81/99] Final Prec@1 83.6711%
07/12 07:46:30午後 trainTeacher_main.py:207 [INFO] Valid: [ 81/99] Final Prec@1 68.1600%
07/12 07:46:31午後 trainTeacher_main.py:149 [INFO] Until now, best Prec@1 = 68.2000%
07/12 07:47:52午後 trainTeacher_main.py:179 [INFO] Train: [ 82/99] Final Prec@1 84.5978%
07/12 07:47:55午後 trainTeacher_main.py:207 [INFO] Valid: [ 82/99] Final Prec@1 68.2600%
07/12 07:47:55午後 trainTeacher_main.py:149 [INFO] Until now, best Prec@1 = 68.2600%
07/12 07:49:36午後 trainTeacher_main.py:179 [INFO] Train: [ 83/99] Final Prec@1 85.1733%
07/12 07:49:39午後 trainTeacher_main.py:207 [INFO] Valid: [ 83/99] Final Prec@1 68.7000%
07/12 07:49:40午後 trainTeacher_main.py:149 [INFO] Until now, best Prec@1 = 68.7000%
07/12 07:51:21午後 trainTeacher_main.py:179 [INFO] Train: [ 84/99] Final Prec@1 85.8889%
07/12 07:51:23午後 trainTeacher_main.py:207 [INFO] Valid: [ 84/99] Final Prec@1 67.9400%
07/12 07:51:23午後 trainTeacher_main.py:149 [INFO] Until now, best Prec@1 = 68.7000%
07/12 07:53:09午後 trainTeacher_main.py:179 [INFO] Train: [ 85/99] Final Prec@1 86.9933%
07/12 07:53:12午後 trainTeacher_main.py:207 [INFO] Valid: [ 85/99] Final Prec@1 68.4800%
07/12 07:53:12午後 trainTeacher_main.py:149 [INFO] Until now, best Prec@1 = 68.7000%
07/12 07:55:00午後 trainTeacher_main.py:179 [INFO] Train: [ 86/99] Final Prec@1 87.4133%
07/12 07:55:03午後 trainTeacher_main.py:207 [INFO] Valid: [ 86/99] Final Prec@1 69.8600%
07/12 07:55:03午後 trainTeacher_main.py:149 [INFO] Until now, best Prec@1 = 69.8600%
07/12 07:56:50午後 trainTeacher_main.py:179 [INFO] Train: [ 87/99] Final Prec@1 88.2511%
07/12 07:56:54午後 trainTeacher_main.py:207 [INFO] Valid: [ 87/99] Final Prec@1 69.3000%
07/12 07:56:54午後 trainTeacher_main.py:149 [INFO] Until now, best Prec@1 = 69.8600%
07/12 07:58:41午後 trainTeacher_main.py:179 [INFO] Train: [ 88/99] Final Prec@1 89.2422%
07/12 07:58:44午後 trainTeacher_main.py:207 [INFO] Valid: [ 88/99] Final Prec@1 69.7600%
07/12 07:58:44午後 trainTeacher_main.py:149 [INFO] Until now, best Prec@1 = 69.8600%
07/12 08:00:32午後 trainTeacher_main.py:179 [INFO] Train: [ 89/99] Final Prec@1 89.8667%
07/12 08:00:35午後 trainTeacher_main.py:207 [INFO] Valid: [ 89/99] Final Prec@1 69.9800%
07/12 08:00:35午後 trainTeacher_main.py:149 [INFO] Until now, best Prec@1 = 69.9800%
07/12 08:02:23午後 trainTeacher_main.py:179 [INFO] Train: [ 90/99] Final Prec@1 90.5644%
07/12 08:02:26午後 trainTeacher_main.py:207 [INFO] Valid: [ 90/99] Final Prec@1 69.7600%
07/12 08:02:26午後 trainTeacher_main.py:149 [INFO] Until now, best Prec@1 = 69.9800%
07/12 08:04:13午後 trainTeacher_main.py:179 [INFO] Train: [ 91/99] Final Prec@1 91.0867%
07/12 08:04:16午後 trainTeacher_main.py:207 [INFO] Valid: [ 91/99] Final Prec@1 70.3600%
07/12 08:04:17午後 trainTeacher_main.py:149 [INFO] Until now, best Prec@1 = 70.3600%
07/12 08:06:04午後 trainTeacher_main.py:179 [INFO] Train: [ 92/99] Final Prec@1 91.7400%
07/12 08:06:07午後 trainTeacher_main.py:207 [INFO] Valid: [ 92/99] Final Prec@1 70.3400%
07/12 08:06:07午後 trainTeacher_main.py:149 [INFO] Until now, best Prec@1 = 70.3600%
07/12 08:07:54午後 trainTeacher_main.py:179 [INFO] Train: [ 93/99] Final Prec@1 92.1733%
07/12 08:07:58午後 trainTeacher_main.py:207 [INFO] Valid: [ 93/99] Final Prec@1 70.5200%
07/12 08:07:58午後 trainTeacher_main.py:149 [INFO] Until now, best Prec@1 = 70.5200%
07/12 08:09:45午後 trainTeacher_main.py:179 [INFO] Train: [ 94/99] Final Prec@1 92.5978%
07/12 08:09:48午後 trainTeacher_main.py:207 [INFO] Valid: [ 94/99] Final Prec@1 71.1200%
07/12 08:09:48午後 trainTeacher_main.py:149 [INFO] Until now, best Prec@1 = 71.1200%
07/12 08:11:36午後 trainTeacher_main.py:179 [INFO] Train: [ 95/99] Final Prec@1 92.9600%
07/12 08:11:39午後 trainTeacher_main.py:207 [INFO] Valid: [ 95/99] Final Prec@1 70.5400%
07/12 08:11:39午後 trainTeacher_main.py:149 [INFO] Until now, best Prec@1 = 71.1200%
07/12 08:13:26午後 trainTeacher_main.py:179 [INFO] Train: [ 96/99] Final Prec@1 93.4511%
07/12 08:13:30午後 trainTeacher_main.py:207 [INFO] Valid: [ 96/99] Final Prec@1 70.4200%
07/12 08:13:30午後 trainTeacher_main.py:149 [INFO] Until now, best Prec@1 = 71.1200%
07/12 08:15:17午後 trainTeacher_main.py:179 [INFO] Train: [ 97/99] Final Prec@1 93.6733%
07/12 08:15:20午後 trainTeacher_main.py:207 [INFO] Valid: [ 97/99] Final Prec@1 71.0600%
07/12 08:15:21午後 trainTeacher_main.py:149 [INFO] Until now, best Prec@1 = 71.1200%
07/12 08:17:08午後 trainTeacher_main.py:179 [INFO] Train: [ 98/99] Final Prec@1 93.5889%
07/12 08:17:11午後 trainTeacher_main.py:207 [INFO] Valid: [ 98/99] Final Prec@1 71.0000%
07/12 08:17:11午後 trainTeacher_main.py:149 [INFO] Until now, best Prec@1 = 71.1200%
07/12 08:18:59午後 trainTeacher_main.py:179 [INFO] Train: [ 99/99] Final Prec@1 93.7689%
07/12 08:19:02午後 trainTeacher_main.py:207 [INFO] Valid: [ 99/99] Final Prec@1 70.8200%
07/12 08:19:02午後 trainTeacher_main.py:149 [INFO] Until now, best Prec@1 = 71.1200%
07/12 08:19:02午後 trainTeacher_main.py:151 [INFO] Final best Prec@1 = 71.1200%
