10/03 04:24:52PM parser.py:28 [INFO] 
10/03 04:24:52PM parser.py:29 [INFO] Parameters:
10/03 04:24:52PM parser.py:31 [INFO] DAG_PATH=results/search_stage_KD/cifar100/ARCH-KD/l0.01-h_das_teacher/DAG
10/03 04:24:52PM parser.py:31 [INFO] T=10.0
10/03 04:24:52PM parser.py:31 [INFO] ADVANCED=True
10/03 04:24:52PM parser.py:31 [INFO] ALPHA_LR=0.0003
10/03 04:24:52PM parser.py:31 [INFO] ALPHA_WEIGHT_DECAY=0.001
10/03 04:24:52PM parser.py:31 [INFO] BATCH_SIZE=64
10/03 04:24:52PM parser.py:31 [INFO] CASCADE=False
10/03 04:24:52PM parser.py:31 [INFO] CHECKPOINT_RESET=False
10/03 04:24:52PM parser.py:31 [INFO] CUTOUT_LENGTH=0
10/03 04:24:52PM parser.py:31 [INFO] DATA_PATH=../data/
10/03 04:24:52PM parser.py:31 [INFO] DATASET=cifar100
10/03 04:24:52PM parser.py:31 [INFO] DEPTH_COEF=0.0
10/03 04:24:52PM parser.py:31 [INFO] DESCRIPTION=ArchHint_KD_mimic_only_teacher_archtecture
10/03 04:24:52PM parser.py:31 [INFO] EPOCHS=50
10/03 04:24:52PM parser.py:31 [INFO] EXP_NAME=l0.01-h_das_teacher
10/03 04:24:52PM parser.py:31 [INFO] GENOTYPE=Genotype3(normal1=[[('sep_conv_5x5', 0), ('sep_conv_3x3', 1)], [('sep_conv_3x3', 1), ('sep_conv_3x3', 0)], [('sep_conv_3x3', 1), ('sep_conv_3x3', 2)], [('sep_conv_3x3', 0), ('sep_conv_5x5', 4)]], normal1_concat=range(2, 6), reduce1=[[('sep_conv_3x3', 0), ('skip_connect', 1)], [('sep_conv_3x3', 1), ('max_pool_3x3', 0)], [('sep_conv_3x3', 2), ('sep_conv_3x3', 1)], [('max_pool_3x3', 0), ('dil_conv_3x3', 1)]], reduce1_concat=range(2, 6), normal2=[[('skip_connect', 0), ('sep_conv_5x5', 1)], [('skip_connect', 0), ('skip_connect', 2)], [('avg_pool_3x3', 0), ('avg_pool_3x3', 2)], [('skip_connect', 0), ('avg_pool_3x3', 2)]], normal2_concat=range(2, 6), reduce2=[[('avg_pool_3x3', 0), ('avg_pool_3x3', 1)], [('avg_pool_3x3', 0), ('skip_connect', 2)], [('skip_connect', 2), ('avg_pool_3x3', 0)], [('skip_connect', 2), ('avg_pool_3x3', 0)]], reduce2_concat=range(2, 6), normal3=[[('skip_connect', 0), ('skip_connect', 1)], [('skip_connect', 0), ('dil_conv_3x3', 1)], [('skip_connect', 0), ('skip_connect', 1)], [('skip_connect', 0), ('skip_connect', 2)]], normal3_concat=range(2, 6))
10/03 04:24:52PM parser.py:31 [INFO] GPUS=[0]
10/03 04:24:52PM parser.py:31 [INFO] HINT_EPOCHS=[16, 32]
10/03 04:24:52PM parser.py:31 [INFO] INIT_CHANNELS=16
10/03 04:24:52PM parser.py:31 [INFO] L=0.01
10/03 04:24:52PM parser.py:31 [INFO] LAYERS=20
10/03 04:24:52PM parser.py:31 [INFO] LOGGER=<Logger H-DAS (INFO)>
10/03 04:24:52PM parser.py:31 [INFO] NAME=ARCH-KD
10/03 04:24:52PM parser.py:31 [INFO] NONKD=False
10/03 04:24:52PM parser.py:31 [INFO] PATH=results/search_stage_KD/cifar100/ARCH-KD/l0.01-h_das_teacher
10/03 04:24:52PM parser.py:31 [INFO] PCDARTS=False
10/03 04:24:52PM parser.py:31 [INFO] PLOT_PATH=results/search_stage_KD/cifar100/ARCH-KD/l0.01-h_das_teacher/plots
10/03 04:24:52PM parser.py:31 [INFO] PRINT_FREQ=100
10/03 04:24:52PM parser.py:31 [INFO] RESUME_PATH=None
10/03 04:24:52PM parser.py:31 [INFO] SAVE=l0.01-h_das_teacher
10/03 04:24:52PM parser.py:31 [INFO] SEED=0
10/03 04:24:52PM parser.py:31 [INFO] SHARE_STAGE=False
10/03 04:24:52PM parser.py:31 [INFO] SLIDE_WINDOW=8
10/03 04:24:52PM parser.py:31 [INFO] SPEC_CELL=True
10/03 04:24:52PM parser.py:31 [INFO] TEACHER_NAME=h_das_224baseline
10/03 04:24:52PM parser.py:31 [INFO] TEACHER_PATH=/home/miura/lab/KD-hdas/results/evaluate_stage_KD/cifar100/noDepthLoss/s0-BaselineBestCell/best.pth.tar
10/03 04:24:52PM parser.py:31 [INFO] TRAIN_PORTION=0.5
10/03 04:24:52PM parser.py:31 [INFO] TYPE=ArchKD
10/03 04:24:52PM parser.py:31 [INFO] W_GRAD_CLIP=5.0
10/03 04:24:52PM parser.py:31 [INFO] W_LR=0.025
10/03 04:24:52PM parser.py:31 [INFO] W_LR_MIN=0.001
10/03 04:24:52PM parser.py:31 [INFO] W_MOMENTUM=0.9
10/03 04:24:52PM parser.py:31 [INFO] W_WEIGHT_DECAY=0.0003
10/03 04:24:52PM parser.py:31 [INFO] WORKERS=4
10/03 04:24:52PM parser.py:32 [INFO] 
10/03 04:24:54PM searchStage_ArchKD_trainer.py:91 [INFO] --> Loaded teacher model 'h_das_224baseline' from '/home/miura/lab/KD-hdas/results/evaluate_stage_KD/cifar100/noDepthLoss/s0-BaselineBestCell/best.pth.tar' and Freezed parameters)
10/03 04:24:55PM searchStage_trainer.py:136 [INFO] --> No loaded checkpoint!
10/03 04:25:45PM searchStage_ArchKD_trainer.py:165 [INFO] Train: Epoch: [0][100/390]	Step 100	lr 0.025	Loss 4.1623 (4.5318)	Arch Loss 4.5931 (4.8820)	Arch Hard Loss 4.2159 (4.5020)	Arch Alpha Loss 0.3772 (0.3800)	Arch depth Loss 0.0000 (0.0000)	Prec@(1,5) (2.8%, 11.7%)	
10/03 04:26:31PM searchStage_ArchKD_trainer.py:165 [INFO] Train: Epoch: [0][200/390]	Step 200	lr 0.025	Loss 4.1704 (4.3376)	Arch Loss 4.3987 (4.6761)	Arch Hard Loss 4.0280 (4.2991)	Arch Alpha Loss 0.3707 (0.3770)	Arch depth Loss 0.0000 (0.0000)	Prec@(1,5) (4.4%, 17.0%)	
10/03 04:27:16PM searchStage_ArchKD_trainer.py:165 [INFO] Train: Epoch: [0][300/390]	Step 300	lr 0.025	Loss 3.8841 (4.2127)	Arch Loss 4.1905 (4.5615)	Arch Hard Loss 3.8272 (4.1879)	Arch Alpha Loss 0.3633 (0.3736)	Arch depth Loss 0.0000 (0.0000)	Prec@(1,5) (5.4%, 20.4%)	
10/03 04:27:57PM searchStage_ArchKD_trainer.py:165 [INFO] Train: Epoch: [0][390/390]	Step 390	lr 0.025	Loss 3.8819 (4.1404)	Arch Loss 4.0585 (4.4881)	Arch Hard Loss 3.7021 (4.1177)	Arch Alpha Loss 0.3564 (0.3705)	Arch depth Loss 0.0000 (0.0000)	Prec@(1,5) (6.1%, 22.4%)	
10/03 04:27:59PM searchStage_ArchKD_trainer.py:179 [INFO] Train: [  0/49] Final Prec@1 6.1400%
10/03 04:28:05PM searchStage_trainer.py:311 [INFO] Valid: Epoch: [0][100/391]	Step 391	Loss 3.8101	Prec@(1,5) (9.7%, 32.5%)
10/03 04:28:11PM searchStage_trainer.py:311 [INFO] Valid: Epoch: [0][200/391]	Step 391	Loss 3.8118	Prec@(1,5) (10.1%, 33.0%)
10/03 04:28:17PM searchStage_trainer.py:311 [INFO] Valid: Epoch: [0][300/391]	Step 391	Loss 3.8070	Prec@(1,5) (10.1%, 33.1%)
10/03 04:28:23PM searchStage_trainer.py:311 [INFO] Valid: Epoch: [0][390/391]	Step 391	Loss 3.7992	Prec@(1,5) (10.2%, 33.3%)
10/03 04:28:23PM searchStage_trainer.py:322 [INFO] Valid: [  0/49] Final Prec@1 10.1600%
10/03 04:28:23PM searchStage_KD_main.py:71 [INFO] DAG = Genotype2(DAG1=[[('skip_connect', 0), ('skip_connect', 1)], [('skip_connect', 0), ('skip_connect', 1)], [('skip_connect', 1), ('skip_connect', 3)], [('skip_connect', 4), ('skip_connect', 3)], [('skip_connect', 4), ('skip_connect', 3)], [('skip_connect', 6), ('skip_connect', 4)]], DAG1_concat=range(6, 8), DAG2=[[('skip_connect', 1), ('skip_connect', 0)], [('skip_connect', 1), ('skip_connect', 0)], [('skip_connect', 1), ('skip_connect', 2)], [('skip_connect', 2), ('skip_connect', 3)], [('skip_connect', 3), ('skip_connect', 4)], [('skip_connect', 5), ('skip_connect', 4)]], DAG2_concat=range(6, 8), DAG3=[[('skip_connect', 0), ('skip_connect', 1)], [('skip_connect', 1), ('skip_connect', 0)], [('skip_connect', 1), ('skip_connect', 2)], [('skip_connect', 2), ('skip_connect', 3)], [('skip_connect', 4), ('skip_connect', 3)], [('skip_connect', 4), ('skip_connect', 5)]], DAG3_concat=range(6, 8))
10/03 04:28:23PM searchStage_KD_main.py:102 [INFO] Until now, best Prec@1 = 10.1600%
10/03 04:29:11午後 searchStage_ArchKD_trainer.py:165 [INFO] Train: Epoch: [1][100/390]	Step 491	lr 0.02498	Loss 3.5257 (3.7711)	Arch Loss 4.0207 (4.1206)	Arch Hard Loss 3.6719 (3.7680)	Arch Alpha Loss 0.3488 (0.3526)	Arch depth Loss 0.0000 (0.0000)	Prec@(1,5) (11.1%, 33.8%)	
10/03 04:29:58午後 searchStage_ArchKD_trainer.py:165 [INFO] Train: Epoch: [1][200/390]	Step 591	lr 0.02498	Loss 3.6948 (3.7141)	Arch Loss 3.9496 (4.0730)	Arch Hard Loss 3.6088 (3.7244)	Arch Alpha Loss 0.3408 (0.3486)	Arch depth Loss 0.0000 (0.0000)	Prec@(1,5) (12.0%, 35.6%)	
10/03 04:30:45午後 searchStage_ArchKD_trainer.py:165 [INFO] Train: Epoch: [1][300/390]	Step 691	lr 0.02498	Loss 3.8590 (3.6823)	Arch Loss 3.8507 (4.0203)	Arch Hard Loss 3.5175 (3.6755)	Arch Alpha Loss 0.3332 (0.3447)	Arch depth Loss 0.0000 (0.0000)	Prec@(1,5) (12.5%, 36.5%)	
10/03 04:31:27午後 searchStage_ArchKD_trainer.py:165 [INFO] Train: Epoch: [1][390/390]	Step 781	lr 0.02498	Loss 3.2787 (3.6406)	Arch Loss 3.8194 (3.9843)	Arch Hard Loss 3.4932 (3.6430)	Arch Alpha Loss 0.3262 (0.3413)	Arch depth Loss 0.0000 (0.0000)	Prec@(1,5) (13.0%, 37.6%)	
10/03 04:31:28午後 searchStage_ArchKD_trainer.py:179 [INFO] Train: [  1/49] Final Prec@1 13.0280%
10/03 04:31:34午後 searchStage_trainer.py:311 [INFO] Valid: Epoch: [1][100/391]	Step 782	Loss 3.4837	Prec@(1,5) (15.2%, 43.0%)
10/03 04:31:40午後 searchStage_trainer.py:311 [INFO] Valid: Epoch: [1][200/391]	Step 782	Loss 3.4904	Prec@(1,5) (15.2%, 42.8%)
10/03 04:31:47午後 searchStage_trainer.py:311 [INFO] Valid: Epoch: [1][300/391]	Step 782	Loss 3.4858	Prec@(1,5) (15.2%, 42.7%)
10/03 04:31:52午後 searchStage_trainer.py:311 [INFO] Valid: Epoch: [1][390/391]	Step 782	Loss 3.4822	Prec@(1,5) (15.3%, 42.8%)
10/03 04:31:52午後 searchStage_trainer.py:322 [INFO] Valid: [  1/49] Final Prec@1 15.3440%
10/03 04:31:52午後 searchStage_KD_main.py:71 [INFO] DAG = Genotype2(DAG1=[[('skip_connect', 0), ('skip_connect', 1)], [('skip_connect', 0), ('skip_connect', 1)], [('skip_connect', 1), ('skip_connect', 3)], [('skip_connect', 4), ('skip_connect', 3)], [('skip_connect', 4), ('skip_connect', 3)], [('skip_connect', 6), ('skip_connect', 4)]], DAG1_concat=range(6, 8), DAG2=[[('skip_connect', 1), ('skip_connect', 0)], [('skip_connect', 0), ('skip_connect', 1)], [('skip_connect', 1), ('skip_connect', 2)], [('skip_connect', 2), ('skip_connect', 3)], [('skip_connect', 3), ('skip_connect', 4)], [('skip_connect', 4), ('skip_connect', 5)]], DAG2_concat=range(6, 8), DAG3=[[('skip_connect', 0), ('skip_connect', 1)], [('skip_connect', 1), ('skip_connect', 0)], [('skip_connect', 1), ('skip_connect', 2)], [('skip_connect', 2), ('skip_connect', 3)], [('skip_connect', 3), ('skip_connect', 4)], [('skip_connect', 4), ('skip_connect', 5)]], DAG3_concat=range(6, 8))
10/03 04:31:52午後 searchStage_KD_main.py:102 [INFO] Until now, best Prec@1 = 15.3440%
10/03 04:32:40午後 searchStage_ArchKD_trainer.py:165 [INFO] Train: Epoch: [2][100/390]	Step 882	lr 0.02491	Loss 3.5663 (3.4354)	Arch Loss 3.9799 (3.7810)	Arch Hard Loss 3.6615 (3.4588)	Arch Alpha Loss 0.3183 (0.3222)	Arch depth Loss 0.0000 (0.0000)	Prec@(1,5) (15.8%, 43.5%)	
10/03 04:33:26午後 searchStage_ArchKD_trainer.py:165 [INFO] Train: Epoch: [2][200/390]	Step 982	lr 0.02491	Loss 3.2352 (3.4019)	Arch Loss 3.7454 (3.7448)	Arch Hard Loss 3.4346 (3.4264)	Arch Alpha Loss 0.3108 (0.3183)	Arch depth Loss 0.0000 (0.0000)	Prec@(1,5) (16.9%, 44.6%)	
10/03 04:34:12午後 searchStage_ArchKD_trainer.py:165 [INFO] Train: Epoch: [2][300/390]	Step 1082	lr 0.02491	Loss 3.2548 (3.3571)	Arch Loss 3.5546 (3.6896)	Arch Hard Loss 3.2510 (3.3749)	Arch Alpha Loss 0.3036 (0.3146)	Arch depth Loss 0.0000 (0.0000)	Prec@(1,5) (17.8%, 45.9%)	
10/03 04:34:53午後 searchStage_ArchKD_trainer.py:165 [INFO] Train: Epoch: [2][390/390]	Step 1172	lr 0.02491	Loss 3.2220 (3.3306)	Arch Loss 3.6445 (3.6567)	Arch Hard Loss 3.3472 (3.3453)	Arch Alpha Loss 0.2973 (0.3114)	Arch depth Loss 0.0000 (0.0000)	Prec@(1,5) (18.4%, 46.7%)	
10/03 04:34:54午後 searchStage_ArchKD_trainer.py:179 [INFO] Train: [  2/49] Final Prec@1 18.4480%
10/03 04:35:00午後 searchStage_trainer.py:311 [INFO] Valid: Epoch: [2][100/391]	Step 1173	Loss 3.3095	Prec@(1,5) (19.5%, 47.5%)
10/03 04:35:06午後 searchStage_trainer.py:311 [INFO] Valid: Epoch: [2][200/391]	Step 1173	Loss 3.3040	Prec@(1,5) (19.4%, 47.1%)
10/03 04:35:12午後 searchStage_trainer.py:311 [INFO] Valid: Epoch: [2][300/391]	Step 1173	Loss 3.3122	Prec@(1,5) (19.4%, 47.3%)
10/03 04:35:18午後 searchStage_trainer.py:311 [INFO] Valid: Epoch: [2][390/391]	Step 1173	Loss 3.3160	Prec@(1,5) (19.2%, 47.4%)
10/03 04:35:18午後 searchStage_trainer.py:322 [INFO] Valid: [  2/49] Final Prec@1 19.2040%
10/03 04:35:18午後 searchStage_KD_main.py:71 [INFO] DAG = Genotype2(DAG1=[[('skip_connect', 0), ('skip_connect', 1)], [('skip_connect', 0), ('skip_connect', 1)], [('skip_connect', 1), ('skip_connect', 3)], [('skip_connect', 3), ('skip_connect', 4)], [('skip_connect', 3), ('skip_connect', 4)], [('skip_connect', 6), ('skip_connect', 4)]], DAG1_concat=range(6, 8), DAG2=[[('skip_connect', 1), ('skip_connect', 0)], [('skip_connect', 0), ('skip_connect', 1)], [('skip_connect', 1), ('skip_connect', 2)], [('skip_connect', 2), ('skip_connect', 3)], [('skip_connect', 3), ('skip_connect', 4)], [('skip_connect', 4), ('skip_connect', 5)]], DAG2_concat=range(6, 8), DAG3=[[('skip_connect', 0), ('skip_connect', 1)], [('skip_connect', 1), ('skip_connect', 0)], [('skip_connect', 1), ('skip_connect', 2)], [('skip_connect', 2), ('skip_connect', 3)], [('skip_connect', 3), ('skip_connect', 4)], [('skip_connect', 4), ('skip_connect', 5)]], DAG3_concat=range(6, 8))
10/03 04:35:18午後 searchStage_KD_main.py:102 [INFO] Until now, best Prec@1 = 19.2040%
10/03 04:36:06午後 searchStage_ArchKD_trainer.py:165 [INFO] Train: Epoch: [3][100/390]	Step 1273	lr 0.02479	Loss 2.9235 (3.1473)	Arch Loss 3.4051 (3.4914)	Arch Hard Loss 3.1148 (3.1978)	Arch Alpha Loss 0.2903 (0.2937)	Arch depth Loss 0.0000 (0.0000)	Prec@(1,5) (21.5%, 51.7%)	
10/03 04:36:53午後 searchStage_ArchKD_trainer.py:165 [INFO] Train: Epoch: [3][200/390]	Step 1373	lr 0.02479	Loss 3.1221 (3.1345)	Arch Loss 3.2871 (3.4670)	Arch Hard Loss 3.0030 (3.1765)	Arch Alpha Loss 0.2841 (0.2904)	Arch depth Loss 0.0000 (0.0000)	Prec@(1,5) (21.8%, 51.9%)	
10/03 04:37:41午後 searchStage_ArchKD_trainer.py:165 [INFO] Train: Epoch: [3][300/390]	Step 1473	lr 0.02479	Loss 3.1054 (3.1145)	Arch Loss 3.1917 (3.4312)	Arch Hard Loss 2.9136 (3.1439)	Arch Alpha Loss 0.2781 (0.2873)	Arch depth Loss 0.0000 (0.0000)	Prec@(1,5) (22.3%, 52.6%)	
10/03 04:38:23午後 searchStage_ArchKD_trainer.py:165 [INFO] Train: Epoch: [3][390/390]	Step 1563	lr 0.02479	Loss 3.1867 (3.0964)	Arch Loss 3.6931 (3.4079)	Arch Hard Loss 3.4202 (3.1233)	Arch Alpha Loss 0.2729 (0.2846)	Arch depth Loss 0.0000 (0.0000)	Prec@(1,5) (22.6%, 53.0%)	
10/03 04:38:24午後 searchStage_ArchKD_trainer.py:179 [INFO] Train: [  3/49] Final Prec@1 22.5480%
10/03 04:38:30午後 searchStage_trainer.py:311 [INFO] Valid: Epoch: [3][100/391]	Step 1564	Loss 3.0268	Prec@(1,5) (23.7%, 54.9%)
10/03 04:38:36午後 searchStage_trainer.py:311 [INFO] Valid: Epoch: [3][200/391]	Step 1564	Loss 3.0350	Prec@(1,5) (23.9%, 54.7%)
10/03 04:38:42午後 searchStage_trainer.py:311 [INFO] Valid: Epoch: [3][300/391]	Step 1564	Loss 3.0316	Prec@(1,5) (24.1%, 54.8%)
10/03 04:38:48午後 searchStage_trainer.py:311 [INFO] Valid: Epoch: [3][390/391]	Step 1564	Loss 3.0349	Prec@(1,5) (24.0%, 54.6%)
10/03 04:38:48午後 searchStage_trainer.py:322 [INFO] Valid: [  3/49] Final Prec@1 23.9920%
10/03 04:38:48午後 searchStage_KD_main.py:71 [INFO] DAG = Genotype2(DAG1=[[('skip_connect', 0), ('skip_connect', 1)], [('skip_connect', 0), ('skip_connect', 1)], [('skip_connect', 1), ('skip_connect', 3)], [('skip_connect', 3), ('skip_connect', 4)], [('skip_connect', 3), ('skip_connect', 4)], [('skip_connect', 6), ('skip_connect', 4)]], DAG1_concat=range(6, 8), DAG2=[[('skip_connect', 1), ('skip_connect', 0)], [('skip_connect', 1), ('skip_connect', 0)], [('skip_connect', 1), ('skip_connect', 2)], [('skip_connect', 2), ('skip_connect', 3)], [('skip_connect', 3), ('skip_connect', 4)], [('skip_connect', 4), ('skip_connect', 5)]], DAG2_concat=range(6, 8), DAG3=[[('skip_connect', 1), ('skip_connect', 0)], [('skip_connect', 1), ('skip_connect', 0)], [('skip_connect', 1), ('skip_connect', 2)], [('skip_connect', 2), ('skip_connect', 3)], [('skip_connect', 3), ('skip_connect', 4)], [('skip_connect', 4), ('skip_connect', 5)]], DAG3_concat=range(6, 8))
10/03 04:38:48午後 searchStage_KD_main.py:102 [INFO] Until now, best Prec@1 = 23.9920%
10/03 04:39:36午後 searchStage_ArchKD_trainer.py:165 [INFO] Train: Epoch: [4][100/390]	Step 1664	lr 0.02462	Loss 2.6370 (2.9234)	Arch Loss 2.7791 (3.2677)	Arch Hard Loss 2.5119 (2.9977)	Arch Alpha Loss 0.2671 (0.2700)	Arch depth Loss 0.0000 (0.0000)	Prec@(1,5) (26.2%, 57.2%)	
10/03 04:40:22午後 searchStage_ArchKD_trainer.py:165 [INFO] Train: Epoch: [4][200/390]	Step 1764	lr 0.02462	Loss 2.7188 (2.9050)	Arch Loss 3.1505 (3.2360)	Arch Hard Loss 2.8890 (2.9689)	Arch Alpha Loss 0.2615 (0.2671)	Arch depth Loss 0.0000 (0.0000)	Prec@(1,5) (26.4%, 57.8%)	
10/03 04:41:08午後 searchStage_ArchKD_trainer.py:165 [INFO] Train: Epoch: [4][300/390]	Step 1864	lr 0.02462	Loss 3.0887 (2.8954)	Arch Loss 2.9667 (3.2277)	Arch Hard Loss 2.7105 (2.9633)	Arch Alpha Loss 0.2562 (0.2644)	Arch depth Loss 0.0000 (0.0000)	Prec@(1,5) (26.3%, 58.0%)	
10/03 04:41:49午後 searchStage_ArchKD_trainer.py:165 [INFO] Train: Epoch: [4][390/390]	Step 1954	lr 0.02462	Loss 2.9090 (2.8867)	Arch Loss 3.2588 (3.2043)	Arch Hard Loss 3.0067 (2.9423)	Arch Alpha Loss 0.2521 (0.2620)	Arch depth Loss 0.0000 (0.0000)	Prec@(1,5) (26.5%, 58.3%)	
10/03 04:41:50午後 searchStage_ArchKD_trainer.py:179 [INFO] Train: [  4/49] Final Prec@1 26.5240%
10/03 04:41:56午後 searchStage_trainer.py:311 [INFO] Valid: Epoch: [4][100/391]	Step 1955	Loss 2.8354	Prec@(1,5) (27.9%, 59.5%)
10/03 04:42:02午後 searchStage_trainer.py:311 [INFO] Valid: Epoch: [4][200/391]	Step 1955	Loss 2.8346	Prec@(1,5) (28.0%, 59.5%)
10/03 04:42:08午後 searchStage_trainer.py:311 [INFO] Valid: Epoch: [4][300/391]	Step 1955	Loss 2.8495	Prec@(1,5) (27.6%, 59.3%)
10/03 04:42:14午後 searchStage_trainer.py:311 [INFO] Valid: Epoch: [4][390/391]	Step 1955	Loss 2.8617	Prec@(1,5) (27.5%, 59.2%)
10/03 04:42:14午後 searchStage_trainer.py:322 [INFO] Valid: [  4/49] Final Prec@1 27.4800%
10/03 04:42:14午後 searchStage_KD_main.py:71 [INFO] DAG = Genotype2(DAG1=[[('skip_connect', 0), ('skip_connect', 1)], [('skip_connect', 0), ('skip_connect', 1)], [('skip_connect', 1), ('skip_connect', 3)], [('skip_connect', 3), ('skip_connect', 4)], [('skip_connect', 3), ('skip_connect', 4)], [('skip_connect', 6), ('skip_connect', 4)]], DAG1_concat=range(6, 8), DAG2=[[('skip_connect', 1), ('skip_connect', 0)], [('skip_connect', 1), ('skip_connect', 0)], [('skip_connect', 1), ('skip_connect', 2)], [('skip_connect', 2), ('skip_connect', 3)], [('skip_connect', 3), ('skip_connect', 4)], [('skip_connect', 4), ('skip_connect', 5)]], DAG2_concat=range(6, 8), DAG3=[[('skip_connect', 1), ('skip_connect', 0)], [('skip_connect', 0), ('skip_connect', 1)], [('skip_connect', 1), ('skip_connect', 2)], [('skip_connect', 2), ('skip_connect', 3)], [('skip_connect', 3), ('skip_connect', 4)], [('skip_connect', 5), ('skip_connect', 4)]], DAG3_concat=range(6, 8))
10/03 04:42:14午後 searchStage_KD_main.py:102 [INFO] Until now, best Prec@1 = 27.4800%
10/03 04:43:02午後 searchStage_ArchKD_trainer.py:165 [INFO] Train: Epoch: [5][100/390]	Step 2055	lr 0.02441	Loss 2.6055 (2.7236)	Arch Loss 2.9962 (3.0722)	Arch Hard Loss 2.7489 (2.8226)	Arch Alpha Loss 0.2474 (0.2497)	Arch depth Loss 0.0000 (0.0000)	Prec@(1,5) (29.6%, 62.1%)	
10/03 04:43:49午後 searchStage_ArchKD_trainer.py:165 [INFO] Train: Epoch: [5][200/390]	Step 2155	lr 0.02441	Loss 2.8902 (2.7251)	Arch Loss 2.9808 (3.0639)	Arch Hard Loss 2.7380 (2.8166)	Arch Alpha Loss 0.2428 (0.2473)	Arch depth Loss 0.0000 (0.0000)	Prec@(1,5) (29.4%, 62.4%)	
10/03 04:44:36午後 searchStage_ArchKD_trainer.py:165 [INFO] Train: Epoch: [5][300/390]	Step 2255	lr 0.02441	Loss 2.4122 (2.7301)	Arch Loss 2.8745 (3.0449)	Arch Hard Loss 2.6355 (2.7998)	Arch Alpha Loss 0.2390 (0.2451)	Arch depth Loss 0.0000 (0.0000)	Prec@(1,5) (29.7%, 62.3%)	
10/03 04:45:18午後 searchStage_ArchKD_trainer.py:165 [INFO] Train: Epoch: [5][390/390]	Step 2345	lr 0.02441	Loss 2.5212 (2.7157)	Arch Loss 2.8916 (3.0249)	Arch Hard Loss 2.6558 (2.7815)	Arch Alpha Loss 0.2358 (0.2434)	Arch depth Loss 0.0000 (0.0000)	Prec@(1,5) (30.0%, 62.6%)	
10/03 04:45:18午後 searchStage_ArchKD_trainer.py:179 [INFO] Train: [  5/49] Final Prec@1 29.9960%
10/03 04:45:25午後 searchStage_trainer.py:311 [INFO] Valid: Epoch: [5][100/391]	Step 2346	Loss 2.8243	Prec@(1,5) (28.5%, 60.5%)
10/03 04:45:31午後 searchStage_trainer.py:311 [INFO] Valid: Epoch: [5][200/391]	Step 2346	Loss 2.8239	Prec@(1,5) (28.2%, 60.9%)
10/03 04:45:37午後 searchStage_trainer.py:311 [INFO] Valid: Epoch: [5][300/391]	Step 2346	Loss 2.8230	Prec@(1,5) (28.0%, 60.7%)
10/03 04:45:42午後 searchStage_trainer.py:311 [INFO] Valid: Epoch: [5][390/391]	Step 2346	Loss 2.8254	Prec@(1,5) (28.0%, 60.7%)
10/03 04:45:42午後 searchStage_trainer.py:322 [INFO] Valid: [  5/49] Final Prec@1 28.0000%
10/03 04:45:42午後 searchStage_KD_main.py:71 [INFO] DAG = Genotype2(DAG1=[[('skip_connect', 0), ('skip_connect', 1)], [('skip_connect', 0), ('skip_connect', 1)], [('skip_connect', 1), ('skip_connect', 3)], [('skip_connect', 3), ('skip_connect', 4)], [('skip_connect', 3), ('skip_connect', 4)], [('skip_connect', 6), ('skip_connect', 4)]], DAG1_concat=range(6, 8), DAG2=[[('skip_connect', 1), ('skip_connect', 0)], [('skip_connect', 0), ('skip_connect', 1)], [('skip_connect', 1), ('skip_connect', 2)], [('skip_connect', 2), ('skip_connect', 3)], [('skip_connect', 3), ('skip_connect', 4)], [('skip_connect', 4), ('skip_connect', 5)]], DAG2_concat=range(6, 8), DAG3=[[('skip_connect', 1), ('skip_connect', 0)], [('skip_connect', 0), ('skip_connect', 1)], [('skip_connect', 1), ('skip_connect', 2)], [('skip_connect', 2), ('skip_connect', 3)], [('skip_connect', 3), ('skip_connect', 4)], [('skip_connect', 5), ('skip_connect', 4)]], DAG3_concat=range(6, 8))
10/03 04:45:43午後 searchStage_KD_main.py:102 [INFO] Until now, best Prec@1 = 28.0000%
10/03 04:46:31午後 searchStage_ArchKD_trainer.py:165 [INFO] Train: Epoch: [6][100/390]	Step 2446	lr 0.02416	Loss 2.7368 (2.5704)	Arch Loss 2.9361 (2.9180)	Arch Hard Loss 2.7038 (2.6839)	Arch Alpha Loss 0.2323 (0.2341)	Arch depth Loss 0.0000 (0.0000)	Prec@(1,5) (33.3%, 65.7%)	
10/03 04:47:17午後 searchStage_ArchKD_trainer.py:165 [INFO] Train: Epoch: [6][200/390]	Step 2546	lr 0.02416	Loss 2.4094 (2.5795)	Arch Loss 2.8233 (2.9267)	Arch Hard Loss 2.5944 (2.6944)	Arch Alpha Loss 0.2289 (0.2322)	Arch depth Loss 0.0000 (0.0000)	Prec@(1,5) (32.8%, 65.5%)	
10/03 04:48:03午後 searchStage_ArchKD_trainer.py:165 [INFO] Train: Epoch: [6][300/390]	Step 2646	lr 0.02416	Loss 2.5408 (2.5714)	Arch Loss 2.8604 (2.9041)	Arch Hard Loss 2.6348 (2.6735)	Arch Alpha Loss 0.2256 (0.2306)	Arch depth Loss 0.0000 (0.0000)	Prec@(1,5) (33.1%, 65.7%)	
10/03 04:48:44午後 searchStage_ArchKD_trainer.py:165 [INFO] Train: Epoch: [6][390/390]	Step 2736	lr 0.02416	Loss 2.6972 (2.5648)	Arch Loss 2.5703 (2.8947)	Arch Hard Loss 2.3471 (2.6655)	Arch Alpha Loss 0.2231 (0.2292)	Arch depth Loss 0.0000 (0.0000)	Prec@(1,5) (33.2%, 65.9%)	
10/03 04:48:45午後 searchStage_ArchKD_trainer.py:179 [INFO] Train: [  6/49] Final Prec@1 33.1760%
10/03 04:48:51午後 searchStage_trainer.py:311 [INFO] Valid: Epoch: [6][100/391]	Step 2737	Loss 2.6856	Prec@(1,5) (31.8%, 63.6%)
10/03 04:48:57午後 searchStage_trainer.py:311 [INFO] Valid: Epoch: [6][200/391]	Step 2737	Loss 2.6667	Prec@(1,5) (31.9%, 64.0%)
10/03 04:49:03午後 searchStage_trainer.py:311 [INFO] Valid: Epoch: [6][300/391]	Step 2737	Loss 2.6565	Prec@(1,5) (32.1%, 64.3%)
10/03 04:49:08午後 searchStage_trainer.py:311 [INFO] Valid: Epoch: [6][390/391]	Step 2737	Loss 2.6572	Prec@(1,5) (32.2%, 64.3%)
10/03 04:49:09午後 searchStage_trainer.py:322 [INFO] Valid: [  6/49] Final Prec@1 32.1920%
10/03 04:49:09午後 searchStage_KD_main.py:71 [INFO] DAG = Genotype2(DAG1=[[('skip_connect', 0), ('skip_connect', 1)], [('skip_connect', 0), ('skip_connect', 1)], [('skip_connect', 1), ('skip_connect', 3)], [('skip_connect', 3), ('skip_connect', 4)], [('skip_connect', 3), ('skip_connect', 4)], [('skip_connect', 6), ('skip_connect', 4)]], DAG1_concat=range(6, 8), DAG2=[[('skip_connect', 1), ('skip_connect', 0)], [('skip_connect', 0), ('skip_connect', 1)], [('skip_connect', 1), ('skip_connect', 2)], [('skip_connect', 2), ('skip_connect', 3)], [('skip_connect', 3), ('skip_connect', 4)], [('skip_connect', 4), ('skip_connect', 5)]], DAG2_concat=range(6, 8), DAG3=[[('skip_connect', 1), ('skip_connect', 0)], [('skip_connect', 0), ('skip_connect', 1)], [('skip_connect', 1), ('skip_connect', 2)], [('skip_connect', 2), ('skip_connect', 3)], [('skip_connect', 3), ('skip_connect', 4)], [('skip_connect', 4), ('skip_connect', 5)]], DAG3_concat=range(6, 8))
10/03 04:49:09午後 searchStage_KD_main.py:102 [INFO] Until now, best Prec@1 = 32.1920%
10/03 04:49:57午後 searchStage_ArchKD_trainer.py:165 [INFO] Train: Epoch: [7][100/390]	Step 2837	lr 0.02386	Loss 2.6015 (2.4520)	Arch Loss 2.7140 (2.8167)	Arch Hard Loss 2.4942 (2.5953)	Arch Alpha Loss 0.2199 (0.2214)	Arch depth Loss 0.0000 (0.0000)	Prec@(1,5) (36.1%, 68.4%)	
10/03 04:50:44午後 searchStage_ArchKD_trainer.py:165 [INFO] Train: Epoch: [7][200/390]	Step 2937	lr 0.02386	Loss 2.3253 (2.4344)	Arch Loss 2.3967 (2.7898)	Arch Hard Loss 2.1791 (2.5697)	Arch Alpha Loss 0.2176 (0.2201)	Arch depth Loss 0.0000 (0.0000)	Prec@(1,5) (36.4%, 68.6%)	
10/03 04:51:31午後 searchStage_ArchKD_trainer.py:165 [INFO] Train: Epoch: [7][300/390]	Step 3037	lr 0.02386	Loss 2.7375 (2.4333)	Arch Loss 2.8382 (2.7935)	Arch Hard Loss 2.6232 (2.5747)	Arch Alpha Loss 0.2150 (0.2188)	Arch depth Loss 0.0000 (0.0000)	Prec@(1,5) (36.4%, 68.7%)	
10/03 04:52:12午後 searchStage_ArchKD_trainer.py:165 [INFO] Train: Epoch: [7][390/390]	Step 3127	lr 0.02386	Loss 2.2117 (2.4240)	Arch Loss 2.6281 (2.7694)	Arch Hard Loss 2.4150 (2.5517)	Arch Alpha Loss 0.2131 (0.2177)	Arch depth Loss 0.0000 (0.0000)	Prec@(1,5) (36.3%, 69.0%)	
10/03 04:52:13午後 searchStage_ArchKD_trainer.py:179 [INFO] Train: [  7/49] Final Prec@1 36.2880%
10/03 04:52:19午後 searchStage_trainer.py:311 [INFO] Valid: Epoch: [7][100/391]	Step 3128	Loss 2.5615	Prec@(1,5) (33.8%, 66.2%)
10/03 04:52:25午後 searchStage_trainer.py:311 [INFO] Valid: Epoch: [7][200/391]	Step 3128	Loss 2.5452	Prec@(1,5) (34.0%, 66.7%)
10/03 04:52:31午後 searchStage_trainer.py:311 [INFO] Valid: Epoch: [7][300/391]	Step 3128	Loss 2.5339	Prec@(1,5) (34.3%, 66.9%)
10/03 04:52:37午後 searchStage_trainer.py:311 [INFO] Valid: Epoch: [7][390/391]	Step 3128	Loss 2.5386	Prec@(1,5) (34.4%, 66.7%)
10/03 04:52:37午後 searchStage_trainer.py:322 [INFO] Valid: [  7/49] Final Prec@1 34.3480%
10/03 04:52:37午後 searchStage_KD_main.py:71 [INFO] DAG = Genotype2(DAG1=[[('skip_connect', 0), ('skip_connect', 1)], [('skip_connect', 0), ('skip_connect', 1)], [('skip_connect', 1), ('skip_connect', 3)], [('skip_connect', 3), ('skip_connect', 4)], [('skip_connect', 3), ('skip_connect', 4)], [('skip_connect', 6), ('skip_connect', 4)]], DAG1_concat=range(6, 8), DAG2=[[('skip_connect', 0), ('skip_connect', 1)], [('skip_connect', 0), ('skip_connect', 1)], [('skip_connect', 1), ('skip_connect', 2)], [('skip_connect', 2), ('skip_connect', 3)], [('skip_connect', 3), ('skip_connect', 4)], [('skip_connect', 4), ('skip_connect', 5)]], DAG2_concat=range(6, 8), DAG3=[[('skip_connect', 1), ('skip_connect', 0)], [('skip_connect', 0), ('skip_connect', 1)], [('skip_connect', 1), ('skip_connect', 2)], [('skip_connect', 2), ('skip_connect', 3)], [('skip_connect', 3), ('skip_connect', 4)], [('skip_connect', 4), ('skip_connect', 5)]], DAG3_concat=range(6, 8))
10/03 04:52:37午後 searchStage_KD_main.py:102 [INFO] Until now, best Prec@1 = 34.3480%
10/03 04:53:25午後 searchStage_ArchKD_trainer.py:165 [INFO] Train: Epoch: [8][100/390]	Step 3228	lr 0.02352	Loss 1.9884 (2.3177)	Arch Loss 2.4330 (2.7044)	Arch Hard Loss 2.2225 (2.4927)	Arch Alpha Loss 0.2105 (0.2118)	Arch depth Loss 0.0000 (0.0000)	Prec@(1,5) (38.0%, 71.8%)	
10/03 04:54:12午後 searchStage_ArchKD_trainer.py:165 [INFO] Train: Epoch: [8][200/390]	Step 3328	lr 0.02352	Loss 2.2160 (2.3228)	Arch Loss 2.6159 (2.6966)	Arch Hard Loss 2.4073 (2.4859)	Arch Alpha Loss 0.2086 (0.2107)	Arch depth Loss 0.0000 (0.0000)	Prec@(1,5) (37.9%, 71.6%)	
10/03 04:54:58午後 searchStage_ArchKD_trainer.py:165 [INFO] Train: Epoch: [8][300/390]	Step 3428	lr 0.02352	Loss 2.1744 (2.3222)	Arch Loss 2.5154 (2.6773)	Arch Hard Loss 2.3086 (2.4676)	Arch Alpha Loss 0.2068 (0.2097)	Arch depth Loss 0.0000 (0.0000)	Prec@(1,5) (38.0%, 71.6%)	
10/03 04:55:40午後 searchStage_ArchKD_trainer.py:165 [INFO] Train: Epoch: [8][390/390]	Step 3518	lr 0.02352	Loss 2.2765 (2.3222)	Arch Loss 2.5796 (2.6664)	Arch Hard Loss 2.3745 (2.4576)	Arch Alpha Loss 0.2051 (0.2088)	Arch depth Loss 0.0000 (0.0000)	Prec@(1,5) (38.2%, 71.6%)	
10/03 04:55:40午後 searchStage_ArchKD_trainer.py:179 [INFO] Train: [  8/49] Final Prec@1 38.2320%
10/03 04:55:46午後 searchStage_trainer.py:311 [INFO] Valid: Epoch: [8][100/391]	Step 3519	Loss 2.4001	Prec@(1,5) (36.4%, 69.5%)
10/03 04:55:52午後 searchStage_trainer.py:311 [INFO] Valid: Epoch: [8][200/391]	Step 3519	Loss 2.4402	Prec@(1,5) (35.9%, 68.7%)
10/03 04:55:58午後 searchStage_trainer.py:311 [INFO] Valid: Epoch: [8][300/391]	Step 3519	Loss 2.4523	Prec@(1,5) (35.7%, 68.5%)
10/03 04:56:03午後 searchStage_trainer.py:311 [INFO] Valid: Epoch: [8][390/391]	Step 3519	Loss 2.4542	Prec@(1,5) (35.6%, 68.3%)
10/03 04:56:04午後 searchStage_trainer.py:322 [INFO] Valid: [  8/49] Final Prec@1 35.6480%
10/03 04:56:04午後 searchStage_KD_main.py:71 [INFO] DAG = Genotype2(DAG1=[[('skip_connect', 0), ('skip_connect', 1)], [('skip_connect', 0), ('skip_connect', 1)], [('skip_connect', 1), ('skip_connect', 3)], [('skip_connect', 3), ('skip_connect', 4)], [('skip_connect', 3), ('skip_connect', 4)], [('skip_connect', 6), ('skip_connect', 4)]], DAG1_concat=range(6, 8), DAG2=[[('skip_connect', 1), ('skip_connect', 0)], [('skip_connect', 0), ('skip_connect', 1)], [('skip_connect', 1), ('skip_connect', 2)], [('skip_connect', 2), ('skip_connect', 3)], [('skip_connect', 3), ('skip_connect', 4)], [('skip_connect', 4), ('skip_connect', 5)]], DAG2_concat=range(6, 8), DAG3=[[('skip_connect', 1), ('skip_connect', 0)], [('skip_connect', 0), ('skip_connect', 1)], [('skip_connect', 1), ('skip_connect', 2)], [('skip_connect', 2), ('skip_connect', 3)], [('skip_connect', 3), ('skip_connect', 4)], [('skip_connect', 4), ('skip_connect', 5)]], DAG3_concat=range(6, 8))
10/03 04:56:04午後 searchStage_KD_main.py:102 [INFO] Until now, best Prec@1 = 35.6480%
10/03 04:56:52午後 searchStage_ArchKD_trainer.py:165 [INFO] Train: Epoch: [9][100/390]	Step 3619	lr 0.02313	Loss 1.9068 (2.1971)	Arch Loss 3.2399 (2.6040)	Arch Hard Loss 3.0367 (2.3999)	Arch Alpha Loss 0.2032 (0.2041)	Arch depth Loss 0.0000 (0.0000)	Prec@(1,5) (40.6%, 73.9%)	
10/03 04:57:39午後 searchStage_ArchKD_trainer.py:165 [INFO] Train: Epoch: [9][200/390]	Step 3719	lr 0.02313	Loss 2.0365 (2.2085)	Arch Loss 2.6013 (2.5968)	Arch Hard Loss 2.3998 (2.3936)	Arch Alpha Loss 0.2015 (0.2032)	Arch depth Loss 0.0000 (0.0000)	Prec@(1,5) (40.4%, 73.5%)	
10/03 04:58:26午後 searchStage_ArchKD_trainer.py:165 [INFO] Train: Epoch: [9][300/390]	Step 3819	lr 0.02313	Loss 2.0198 (2.2178)	Arch Loss 2.5975 (2.5727)	Arch Hard Loss 2.3972 (2.3702)	Arch Alpha Loss 0.2003 (0.2025)	Arch depth Loss -0.0000 (0.0000)	Prec@(1,5) (40.3%, 73.4%)	
10/03 04:59:08午後 searchStage_ArchKD_trainer.py:165 [INFO] Train: Epoch: [9][390/390]	Step 3909	lr 0.02313	Loss 2.4005 (2.2118)	Arch Loss 2.5068 (2.5597)	Arch Hard Loss 2.3074 (2.3578)	Arch Alpha Loss 0.1994 (0.2019)	Arch depth Loss -0.0000 (0.0000)	Prec@(1,5) (40.5%, 73.6%)	
10/03 04:59:08午後 searchStage_ArchKD_trainer.py:179 [INFO] Train: [  9/49] Final Prec@1 40.5000%
10/03 04:59:15午後 searchStage_trainer.py:311 [INFO] Valid: Epoch: [9][100/391]	Step 3910	Loss 2.3592	Prec@(1,5) (38.4%, 70.4%)
10/03 04:59:21午後 searchStage_trainer.py:311 [INFO] Valid: Epoch: [9][200/391]	Step 3910	Loss 2.3277	Prec@(1,5) (38.7%, 71.0%)
10/03 04:59:27午後 searchStage_trainer.py:311 [INFO] Valid: Epoch: [9][300/391]	Step 3910	Loss 2.3281	Prec@(1,5) (38.9%, 71.0%)
10/03 04:59:32午後 searchStage_trainer.py:311 [INFO] Valid: Epoch: [9][390/391]	Step 3910	Loss 2.3218	Prec@(1,5) (39.0%, 71.0%)
10/03 04:59:33午後 searchStage_trainer.py:322 [INFO] Valid: [  9/49] Final Prec@1 39.0080%
10/03 04:59:33午後 searchStage_KD_main.py:71 [INFO] DAG = Genotype2(DAG1=[[('skip_connect', 0), ('skip_connect', 1)], [('skip_connect', 0), ('skip_connect', 1)], [('skip_connect', 1), ('skip_connect', 3)], [('skip_connect', 3), ('skip_connect', 4)], [('skip_connect', 3), ('skip_connect', 4)], [('skip_connect', 6), ('skip_connect', 4)]], DAG1_concat=range(6, 8), DAG2=[[('skip_connect', 0), ('skip_connect', 1)], [('skip_connect', 0), ('skip_connect', 1)], [('skip_connect', 1), ('skip_connect', 2)], [('skip_connect', 3), ('skip_connect', 2)], [('skip_connect', 3), ('skip_connect', 4)], [('skip_connect', 4), ('skip_connect', 5)]], DAG2_concat=range(6, 8), DAG3=[[('skip_connect', 1), ('skip_connect', 0)], [('skip_connect', 0), ('skip_connect', 1)], [('skip_connect', 1), ('skip_connect', 2)], [('skip_connect', 2), ('skip_connect', 3)], [('skip_connect', 3), ('skip_connect', 4)], [('skip_connect', 4), ('skip_connect', 5)]], DAG3_concat=range(6, 8))
10/03 04:59:33午後 searchStage_KD_main.py:102 [INFO] Until now, best Prec@1 = 39.0080%
10/03 05:00:21午後 searchStage_ArchKD_trainer.py:165 [INFO] Train: Epoch: [10][100/390]	Step 4010	lr 0.02271	Loss 2.2778 (2.0567)	Arch Loss 2.2403 (2.5400)	Arch Hard Loss 2.0424 (2.3414)	Arch Alpha Loss 0.1979 (0.1986)	Arch depth Loss -0.0000 (0.0000)	Prec@(1,5) (43.2%, 76.1%)	
10/03 05:01:08午後 searchStage_ArchKD_trainer.py:165 [INFO] Train: Epoch: [10][200/390]	Step 4110	lr 0.02271	Loss 1.7880 (2.0849)	Arch Loss 2.5367 (2.5252)	Arch Hard Loss 2.3400 (2.3272)	Arch Alpha Loss 0.1966 (0.1979)	Arch depth Loss -0.0000 (0.0000)	Prec@(1,5) (43.1%, 76.0%)	
10/03 05:01:54午後 searchStage_ArchKD_trainer.py:165 [INFO] Train: Epoch: [10][300/390]	Step 4210	lr 0.02271	Loss 1.9035 (2.0952)	Arch Loss 2.3216 (2.5106)	Arch Hard Loss 2.1261 (2.3133)	Arch Alpha Loss 0.1954 (0.1973)	Arch depth Loss -0.0000 (0.0000)	Prec@(1,5) (43.1%, 75.9%)	
10/03 05:02:35午後 searchStage_ArchKD_trainer.py:165 [INFO] Train: Epoch: [10][390/390]	Step 4300	lr 0.02271	Loss 1.8948 (2.1144)	Arch Loss 2.3761 (2.4984)	Arch Hard Loss 2.1816 (2.3017)	Arch Alpha Loss 0.1945 (0.1967)	Arch depth Loss -0.0000 (0.0000)	Prec@(1,5) (42.8%, 75.5%)	
10/03 05:02:36午後 searchStage_ArchKD_trainer.py:179 [INFO] Train: [ 10/49] Final Prec@1 42.7720%
10/03 05:02:42午後 searchStage_trainer.py:311 [INFO] Valid: Epoch: [10][100/391]	Step 4301	Loss 2.2657	Prec@(1,5) (40.4%, 72.6%)
10/03 05:02:48午後 searchStage_trainer.py:311 [INFO] Valid: Epoch: [10][200/391]	Step 4301	Loss 2.2620	Prec@(1,5) (40.2%, 72.5%)
10/03 05:02:54午後 searchStage_trainer.py:311 [INFO] Valid: Epoch: [10][300/391]	Step 4301	Loss 2.2411	Prec@(1,5) (40.5%, 73.0%)
10/03 05:02:59午後 searchStage_trainer.py:311 [INFO] Valid: Epoch: [10][390/391]	Step 4301	Loss 2.2378	Prec@(1,5) (40.8%, 73.0%)
10/03 05:02:59午後 searchStage_trainer.py:322 [INFO] Valid: [ 10/49] Final Prec@1 40.8320%
10/03 05:02:59午後 searchStage_KD_main.py:71 [INFO] DAG = Genotype2(DAG1=[[('skip_connect', 1), ('skip_connect', 0)], [('skip_connect', 1), ('skip_connect', 0)], [('skip_connect', 1), ('skip_connect', 3)], [('skip_connect', 3), ('skip_connect', 4)], [('skip_connect', 3), ('skip_connect', 4)], [('skip_connect', 6), ('skip_connect', 4)]], DAG1_concat=range(6, 8), DAG2=[[('skip_connect', 1), ('skip_connect', 0)], [('skip_connect', 0), ('skip_connect', 1)], [('skip_connect', 1), ('skip_connect', 2)], [('skip_connect', 2), ('skip_connect', 3)], [('skip_connect', 3), ('skip_connect', 4)], [('skip_connect', 4), ('skip_connect', 5)]], DAG2_concat=range(6, 8), DAG3=[[('skip_connect', 1), ('skip_connect', 0)], [('skip_connect', 0), ('skip_connect', 1)], [('skip_connect', 1), ('skip_connect', 2)], [('skip_connect', 2), ('skip_connect', 3)], [('skip_connect', 3), ('skip_connect', 4)], [('skip_connect', 4), ('skip_connect', 5)]], DAG3_concat=range(6, 8))
10/03 05:02:59午後 searchStage_KD_main.py:102 [INFO] Until now, best Prec@1 = 40.8320%
10/03 05:03:47午後 searchStage_ArchKD_trainer.py:165 [INFO] Train: Epoch: [11][100/390]	Step 4401	lr 0.02225	Loss 2.2719 (2.0051)	Arch Loss 2.4520 (2.4799)	Arch Hard Loss 2.2586 (2.2860)	Arch Alpha Loss 0.1934 (0.1939)	Arch depth Loss -0.0000 (0.0000)	Prec@(1,5) (44.2%, 77.7%)	
10/03 05:04:34午後 searchStage_ArchKD_trainer.py:165 [INFO] Train: Epoch: [11][200/390]	Step 4501	lr 0.02225	Loss 2.3057 (2.0234)	Arch Loss 2.4576 (2.4354)	Arch Hard Loss 2.2652 (2.2419)	Arch Alpha Loss 0.1924 (0.1934)	Arch depth Loss -0.0000 (0.0000)	Prec@(1,5) (44.2%, 77.3%)	
10/03 05:05:21午後 searchStage_ArchKD_trainer.py:165 [INFO] Train: Epoch: [11][300/390]	Step 4601	lr 0.02225	Loss 2.2461 (2.0341)	Arch Loss 2.5916 (2.4209)	Arch Hard Loss 2.4000 (2.2279)	Arch Alpha Loss 0.1917 (0.1930)	Arch depth Loss -0.0000 (0.0000)	Prec@(1,5) (44.3%, 77.3%)	
10/03 05:06:04午後 searchStage_ArchKD_trainer.py:165 [INFO] Train: Epoch: [11][390/390]	Step 4691	lr 0.02225	Loss 1.5860 (2.0300)	Arch Loss 2.3704 (2.4158)	Arch Hard Loss 2.1796 (2.2233)	Arch Alpha Loss 0.1908 (0.1926)	Arch depth Loss -0.0000 (0.0000)	Prec@(1,5) (44.6%, 77.3%)	
10/03 05:06:04午後 searchStage_ArchKD_trainer.py:179 [INFO] Train: [ 11/49] Final Prec@1 44.6040%
10/03 05:06:11午後 searchStage_trainer.py:311 [INFO] Valid: Epoch: [11][100/391]	Step 4692	Loss 2.2320	Prec@(1,5) (41.3%, 72.6%)
10/03 05:06:17午後 searchStage_trainer.py:311 [INFO] Valid: Epoch: [11][200/391]	Step 4692	Loss 2.2318	Prec@(1,5) (40.8%, 72.6%)
10/03 05:06:23午後 searchStage_trainer.py:311 [INFO] Valid: Epoch: [11][300/391]	Step 4692	Loss 2.2264	Prec@(1,5) (41.0%, 73.1%)
10/03 05:06:28午後 searchStage_trainer.py:311 [INFO] Valid: Epoch: [11][390/391]	Step 4692	Loss 2.2127	Prec@(1,5) (41.1%, 73.6%)
10/03 05:06:28午後 searchStage_trainer.py:322 [INFO] Valid: [ 11/49] Final Prec@1 41.1120%
10/03 05:06:28午後 searchStage_KD_main.py:71 [INFO] DAG = Genotype2(DAG1=[[('skip_connect', 1), ('skip_connect', 0)], [('skip_connect', 1), ('skip_connect', 0)], [('skip_connect', 1), ('skip_connect', 3)], [('skip_connect', 3), ('skip_connect', 4)], [('skip_connect', 3), ('skip_connect', 4)], [('skip_connect', 6), ('skip_connect', 4)]], DAG1_concat=range(6, 8), DAG2=[[('skip_connect', 1), ('skip_connect', 0)], [('skip_connect', 0), ('skip_connect', 1)], [('skip_connect', 1), ('skip_connect', 2)], [('skip_connect', 3), ('skip_connect', 2)], [('skip_connect', 3), ('skip_connect', 4)], [('skip_connect', 4), ('skip_connect', 5)]], DAG2_concat=range(6, 8), DAG3=[[('skip_connect', 1), ('skip_connect', 0)], [('skip_connect', 0), ('skip_connect', 1)], [('skip_connect', 1), ('skip_connect', 2)], [('skip_connect', 2), ('skip_connect', 3)], [('skip_connect', 4), ('skip_connect', 3)], [('skip_connect', 4), ('skip_connect', 5)]], DAG3_concat=range(6, 8))
10/03 05:06:29午後 searchStage_KD_main.py:102 [INFO] Until now, best Prec@1 = 41.1120%
10/03 05:07:17午後 searchStage_ArchKD_trainer.py:165 [INFO] Train: Epoch: [12][100/390]	Step 4792	lr 0.02175	Loss 1.6707 (1.9172)	Arch Loss 2.5835 (2.4031)	Arch Hard Loss 2.3935 (2.2128)	Arch Alpha Loss 0.1900 (0.1903)	Arch depth Loss -0.0000 (0.0000)	Prec@(1,5) (47.2%, 79.5%)	
10/03 05:08:04午後 searchStage_ArchKD_trainer.py:165 [INFO] Train: Epoch: [12][200/390]	Step 4892	lr 0.02175	Loss 2.0129 (1.9370)	Arch Loss 2.7511 (2.3948)	Arch Hard Loss 2.5616 (2.2047)	Arch Alpha Loss 0.1895 (0.1901)	Arch depth Loss -0.0000 (0.0000)	Prec@(1,5) (47.0%, 79.1%)	
10/03 05:08:50午後 searchStage_ArchKD_trainer.py:165 [INFO] Train: Epoch: [12][300/390]	Step 4992	lr 0.02175	Loss 2.2232 (1.9473)	Arch Loss 2.1234 (2.3691)	Arch Hard Loss 1.9348 (2.1794)	Arch Alpha Loss 0.1887 (0.1898)	Arch depth Loss -0.0000 (0.0000)	Prec@(1,5) (46.6%, 78.9%)	
10/03 05:09:31午後 searchStage_ArchKD_trainer.py:165 [INFO] Train: Epoch: [12][390/390]	Step 5082	lr 0.02175	Loss 1.7106 (1.9466)	Arch Loss 2.4749 (2.3568)	Arch Hard Loss 2.2868 (2.1673)	Arch Alpha Loss 0.1881 (0.1894)	Arch depth Loss -0.0000 (0.0000)	Prec@(1,5) (46.7%, 79.1%)	
10/03 05:09:31午後 searchStage_ArchKD_trainer.py:179 [INFO] Train: [ 12/49] Final Prec@1 46.6840%
10/03 05:09:38午後 searchStage_trainer.py:311 [INFO] Valid: Epoch: [12][100/391]	Step 5083	Loss 2.1944	Prec@(1,5) (41.8%, 74.2%)
10/03 05:09:44午後 searchStage_trainer.py:311 [INFO] Valid: Epoch: [12][200/391]	Step 5083	Loss 2.1575	Prec@(1,5) (42.6%, 75.0%)
10/03 05:09:50午後 searchStage_trainer.py:311 [INFO] Valid: Epoch: [12][300/391]	Step 5083	Loss 2.1650	Prec@(1,5) (42.8%, 74.8%)
10/03 05:09:55午後 searchStage_trainer.py:311 [INFO] Valid: Epoch: [12][390/391]	Step 5083	Loss 2.1701	Prec@(1,5) (42.6%, 74.7%)
10/03 05:09:55午後 searchStage_trainer.py:322 [INFO] Valid: [ 12/49] Final Prec@1 42.5760%
10/03 05:09:55午後 searchStage_KD_main.py:71 [INFO] DAG = Genotype2(DAG1=[[('skip_connect', 1), ('skip_connect', 0)], [('skip_connect', 1), ('skip_connect', 0)], [('skip_connect', 1), ('skip_connect', 3)], [('skip_connect', 3), ('skip_connect', 4)], [('skip_connect', 3), ('skip_connect', 4)], [('skip_connect', 6), ('skip_connect', 4)]], DAG1_concat=range(6, 8), DAG2=[[('skip_connect', 1), ('skip_connect', 0)], [('skip_connect', 0), ('skip_connect', 1)], [('skip_connect', 1), ('skip_connect', 2)], [('skip_connect', 3), ('skip_connect', 2)], [('skip_connect', 3), ('skip_connect', 4)], [('skip_connect', 4), ('skip_connect', 5)]], DAG2_concat=range(6, 8), DAG3=[[('skip_connect', 1), ('skip_connect', 0)], [('skip_connect', 0), ('skip_connect', 1)], [('skip_connect', 1), ('skip_connect', 2)], [('skip_connect', 2), ('skip_connect', 3)], [('skip_connect', 4), ('skip_connect', 3)], [('skip_connect', 4), ('skip_connect', 5)]], DAG3_concat=range(6, 8))
10/03 05:09:55午後 searchStage_KD_main.py:102 [INFO] Until now, best Prec@1 = 42.5760%
10/03 05:10:44午後 searchStage_ArchKD_trainer.py:165 [INFO] Train: Epoch: [13][100/390]	Step 5183	lr 0.02121	Loss 2.0377 (1.8276)	Arch Loss 2.4168 (2.3122)	Arch Hard Loss 2.2297 (2.1246)	Arch Alpha Loss 0.1871 (0.1875)	Arch depth Loss -0.0000 (0.0000)	Prec@(1,5) (49.5%, 81.0%)	
10/03 05:11:30午後 searchStage_ArchKD_trainer.py:165 [INFO] Train: Epoch: [13][200/390]	Step 5283	lr 0.02121	Loss 1.3631 (1.8568)	Arch Loss 2.0146 (2.3524)	Arch Hard Loss 1.8282 (2.1653)	Arch Alpha Loss 0.1864 (0.1871)	Arch depth Loss -0.0000 (0.0000)	Prec@(1,5) (48.8%, 80.6%)	
10/03 05:12:17午後 searchStage_ArchKD_trainer.py:165 [INFO] Train: Epoch: [13][300/390]	Step 5383	lr 0.02121	Loss 2.0724 (1.8681)	Arch Loss 1.9334 (2.3343)	Arch Hard Loss 1.7475 (2.1475)	Arch Alpha Loss 0.1858 (0.1868)	Arch depth Loss -0.0000 (0.0000)	Prec@(1,5) (48.6%, 80.4%)	
10/03 05:13:00午後 searchStage_ArchKD_trainer.py:165 [INFO] Train: Epoch: [13][390/390]	Step 5473	lr 0.02121	Loss 2.0871 (1.8790)	Arch Loss 2.0878 (2.3198)	Arch Hard Loss 1.9022 (2.1332)	Arch Alpha Loss 0.1856 (0.1866)	Arch depth Loss -0.0000 (0.0000)	Prec@(1,5) (48.3%, 80.1%)	
10/03 05:13:00午後 searchStage_ArchKD_trainer.py:179 [INFO] Train: [ 13/49] Final Prec@1 48.3600%
10/03 05:13:06午後 searchStage_trainer.py:311 [INFO] Valid: Epoch: [13][100/391]	Step 5474	Loss 2.1399	Prec@(1,5) (43.8%, 75.2%)
10/03 05:13:13午後 searchStage_trainer.py:311 [INFO] Valid: Epoch: [13][200/391]	Step 5474	Loss 2.1679	Prec@(1,5) (43.2%, 75.0%)
10/03 05:13:19午後 searchStage_trainer.py:311 [INFO] Valid: Epoch: [13][300/391]	Step 5474	Loss 2.1578	Prec@(1,5) (43.2%, 75.3%)
10/03 05:13:24午後 searchStage_trainer.py:311 [INFO] Valid: Epoch: [13][390/391]	Step 5474	Loss 2.1612	Prec@(1,5) (43.1%, 75.2%)
10/03 05:13:24午後 searchStage_trainer.py:322 [INFO] Valid: [ 13/49] Final Prec@1 43.0720%
10/03 05:13:24午後 searchStage_KD_main.py:71 [INFO] DAG = Genotype2(DAG1=[[('skip_connect', 1), ('skip_connect', 0)], [('skip_connect', 1), ('skip_connect', 0)], [('skip_connect', 1), ('skip_connect', 3)], [('skip_connect', 3), ('skip_connect', 4)], [('skip_connect', 3), ('skip_connect', 4)], [('skip_connect', 6), ('skip_connect', 4)]], DAG1_concat=range(6, 8), DAG2=[[('skip_connect', 1), ('skip_connect', 0)], [('skip_connect', 0), ('skip_connect', 1)], [('skip_connect', 1), ('skip_connect', 2)], [('skip_connect', 3), ('skip_connect', 2)], [('skip_connect', 3), ('skip_connect', 4)], [('skip_connect', 4), ('skip_connect', 5)]], DAG2_concat=range(6, 8), DAG3=[[('skip_connect', 1), ('skip_connect', 0)], [('skip_connect', 0), ('skip_connect', 1)], [('skip_connect', 1), ('skip_connect', 2)], [('skip_connect', 2), ('skip_connect', 3)], [('skip_connect', 4), ('skip_connect', 3)], [('skip_connect', 4), ('skip_connect', 5)]], DAG3_concat=range(6, 8))
10/03 05:13:25午後 searchStage_KD_main.py:102 [INFO] Until now, best Prec@1 = 43.0720%
10/03 05:14:13午後 searchStage_ArchKD_trainer.py:165 [INFO] Train: Epoch: [14][100/390]	Step 5574	lr 0.02065	Loss 1.8881 (1.8073)	Arch Loss 1.9219 (2.2356)	Arch Hard Loss 1.7369 (2.0503)	Arch Alpha Loss 0.1849 (0.1852)	Arch depth Loss -0.0000 (0.0000)	Prec@(1,5) (49.8%, 81.2%)	
10/03 05:15:00午後 searchStage_ArchKD_trainer.py:165 [INFO] Train: Epoch: [14][200/390]	Step 5674	lr 0.02065	Loss 1.6852 (1.7953)	Arch Loss 2.0381 (2.2610)	Arch Hard Loss 1.8538 (2.0761)	Arch Alpha Loss 0.1843 (0.1849)	Arch depth Loss -0.0000 (0.0000)	Prec@(1,5) (50.0%, 81.2%)	
10/03 05:15:45午後 searchStage_ArchKD_trainer.py:165 [INFO] Train: Epoch: [14][300/390]	Step 5774	lr 0.02065	Loss 1.7383 (1.7946)	Arch Loss 2.2932 (2.2493)	Arch Hard Loss 2.1094 (2.0647)	Arch Alpha Loss 0.1838 (0.1846)	Arch depth Loss -0.0000 (0.0000)	Prec@(1,5) (50.2%, 81.3%)	
10/03 05:16:27午後 searchStage_ArchKD_trainer.py:165 [INFO] Train: Epoch: [14][390/390]	Step 5864	lr 0.02065	Loss 2.2695 (1.8059)	Arch Loss 2.1929 (2.2581)	Arch Hard Loss 2.0093 (2.0737)	Arch Alpha Loss 0.1836 (0.1844)	Arch depth Loss -0.0000 (0.0000)	Prec@(1,5) (49.8%, 81.3%)	
10/03 05:16:27午後 searchStage_ArchKD_trainer.py:179 [INFO] Train: [ 14/49] Final Prec@1 49.8200%
10/03 05:16:34午後 searchStage_trainer.py:311 [INFO] Valid: Epoch: [14][100/391]	Step 5865	Loss 2.1092	Prec@(1,5) (43.7%, 75.2%)
10/03 05:16:40午後 searchStage_trainer.py:311 [INFO] Valid: Epoch: [14][200/391]	Step 5865	Loss 2.0834	Prec@(1,5) (44.5%, 76.4%)
10/03 05:16:46午後 searchStage_trainer.py:311 [INFO] Valid: Epoch: [14][300/391]	Step 5865	Loss 2.0818	Prec@(1,5) (44.4%, 76.5%)
10/03 05:16:51午後 searchStage_trainer.py:311 [INFO] Valid: Epoch: [14][390/391]	Step 5865	Loss 2.0785	Prec@(1,5) (44.6%, 76.4%)
10/03 05:16:51午後 searchStage_trainer.py:322 [INFO] Valid: [ 14/49] Final Prec@1 44.5600%
10/03 05:16:51午後 searchStage_KD_main.py:71 [INFO] DAG = Genotype2(DAG1=[[('skip_connect', 1), ('skip_connect', 0)], [('skip_connect', 1), ('skip_connect', 0)], [('skip_connect', 1), ('skip_connect', 3)], [('skip_connect', 3), ('skip_connect', 4)], [('skip_connect', 3), ('skip_connect', 4)], [('skip_connect', 6), ('skip_connect', 4)]], DAG1_concat=range(6, 8), DAG2=[[('skip_connect', 0), ('skip_connect', 1)], [('skip_connect', 0), ('skip_connect', 1)], [('skip_connect', 1), ('skip_connect', 2)], [('skip_connect', 3), ('skip_connect', 2)], [('skip_connect', 3), ('skip_connect', 4)], [('skip_connect', 4), ('skip_connect', 5)]], DAG2_concat=range(6, 8), DAG3=[[('skip_connect', 1), ('skip_connect', 0)], [('skip_connect', 0), ('skip_connect', 1)], [('skip_connect', 1), ('skip_connect', 2)], [('skip_connect', 2), ('skip_connect', 3)], [('skip_connect', 4), ('skip_connect', 3)], [('skip_connect', 4), ('skip_connect', 5)]], DAG3_concat=range(6, 8))
10/03 05:16:51午後 searchStage_KD_main.py:102 [INFO] Until now, best Prec@1 = 44.5600%
10/03 05:17:39午後 searchStage_ArchKD_trainer.py:165 [INFO] Train: Epoch: [15][100/390]	Step 5965	lr 0.02005	Loss 1.4650 (1.6921)	Arch Loss 2.0423 (2.2388)	Arch Hard Loss 1.8591 (2.0553)	Arch Alpha Loss 0.1832 (0.1835)	Arch depth Loss -0.0000 (0.0000)	Prec@(1,5) (51.9%, 83.9%)	
10/03 05:18:26午後 searchStage_ArchKD_trainer.py:165 [INFO] Train: Epoch: [15][200/390]	Step 6065	lr 0.02005	Loss 1.8675 (1.6953)	Arch Loss 1.9172 (2.2350)	Arch Hard Loss 1.7344 (2.0518)	Arch Alpha Loss 0.1828 (0.1833)	Arch depth Loss -0.0000 (0.0000)	Prec@(1,5) (52.2%, 83.3%)	
10/03 05:19:13午後 searchStage_ArchKD_trainer.py:165 [INFO] Train: Epoch: [15][300/390]	Step 6165	lr 0.02005	Loss 1.8146 (1.7197)	Arch Loss 2.1773 (2.2419)	Arch Hard Loss 1.9948 (2.0588)	Arch Alpha Loss 0.1825 (0.1831)	Arch depth Loss -0.0000 (0.0000)	Prec@(1,5) (52.0%, 83.0%)	
10/03 05:19:55午後 searchStage_ArchKD_trainer.py:165 [INFO] Train: Epoch: [15][390/390]	Step 6255	lr 0.02005	Loss 2.0485 (1.7320)	Arch Loss 2.3767 (2.2421)	Arch Hard Loss 2.1944 (2.0592)	Arch Alpha Loss 0.1823 (0.1829)	Arch depth Loss -0.0000 (0.0000)	Prec@(1,5) (51.5%, 82.7%)	
10/03 05:19:55午後 searchStage_ArchKD_trainer.py:179 [INFO] Train: [ 15/49] Final Prec@1 51.4520%
10/03 05:20:02午後 searchStage_trainer.py:311 [INFO] Valid: Epoch: [15][100/391]	Step 6256	Loss 2.0869	Prec@(1,5) (45.4%, 76.8%)
10/03 05:20:08午後 searchStage_trainer.py:311 [INFO] Valid: Epoch: [15][200/391]	Step 6256	Loss 2.0896	Prec@(1,5) (45.1%, 76.5%)
10/03 05:20:14午後 searchStage_trainer.py:311 [INFO] Valid: Epoch: [15][300/391]	Step 6256	Loss 2.0961	Prec@(1,5) (44.6%, 76.4%)
10/03 05:20:20午後 searchStage_trainer.py:311 [INFO] Valid: Epoch: [15][390/391]	Step 6256	Loss 2.0922	Prec@(1,5) (44.5%, 76.4%)
10/03 05:20:20午後 searchStage_trainer.py:322 [INFO] Valid: [ 15/49] Final Prec@1 44.4680%
10/03 05:20:20午後 searchStage_KD_main.py:71 [INFO] DAG = Genotype2(DAG1=[[('skip_connect', 1), ('skip_connect', 0)], [('skip_connect', 1), ('skip_connect', 0)], [('skip_connect', 1), ('skip_connect', 3)], [('skip_connect', 3), ('skip_connect', 4)], [('skip_connect', 3), ('skip_connect', 4)], [('skip_connect', 6), ('skip_connect', 4)]], DAG1_concat=range(6, 8), DAG2=[[('skip_connect', 1), ('skip_connect', 0)], [('skip_connect', 0), ('skip_connect', 1)], [('skip_connect', 1), ('skip_connect', 2)], [('skip_connect', 3), ('skip_connect', 2)], [('skip_connect', 3), ('skip_connect', 4)], [('skip_connect', 4), ('skip_connect', 5)]], DAG2_concat=range(6, 8), DAG3=[[('skip_connect', 1), ('skip_connect', 0)], [('skip_connect', 0), ('skip_connect', 1)], [('skip_connect', 1), ('skip_connect', 2)], [('skip_connect', 2), ('skip_connect', 3)], [('skip_connect', 4), ('skip_connect', 3)], [('skip_connect', 4), ('skip_connect', 5)]], DAG3_concat=range(6, 8))
10/03 05:20:20午後 searchStage_KD_main.py:102 [INFO] Until now, best Prec@1 = 44.5600%
10/03 05:21:08午後 searchStage_ArchKD_trainer.py:165 [INFO] Train: Epoch: [16][100/390]	Step 6356	lr 0.01943	Loss 1.6893 (1.6640)	Arch Loss 2.2078 (2.1851)	Arch Hard Loss 2.0258 (2.0029)	Arch Alpha Loss 0.1820 (0.1821)	Arch depth Loss -0.0000 (0.0000)	Prec@(1,5) (52.8%, 83.9%)	
10/03 05:21:55午後 searchStage_ArchKD_trainer.py:165 [INFO] Train: Epoch: [16][200/390]	Step 6456	lr 0.01943	Loss 1.9591 (1.6691)	Arch Loss 2.1622 (2.2109)	Arch Hard Loss 1.9805 (2.0290)	Arch Alpha Loss 0.1817 (0.1820)	Arch depth Loss -0.0000 (0.0000)	Prec@(1,5) (53.2%, 83.9%)	
10/03 05:22:40午後 searchStage_ArchKD_trainer.py:165 [INFO] Train: Epoch: [16][300/390]	Step 6556	lr 0.01943	Loss 1.9279 (1.6779)	Arch Loss 1.7227 (2.2014)	Arch Hard Loss 1.5413 (2.0196)	Arch Alpha Loss 0.1814 (0.1818)	Arch depth Loss -0.0000 (0.0000)	Prec@(1,5) (53.1%, 83.4%)	
10/03 05:23:22午後 searchStage_ArchKD_trainer.py:165 [INFO] Train: Epoch: [16][390/390]	Step 6646	lr 0.01943	Loss 1.9227 (1.6858)	Arch Loss 2.8443 (2.2055)	Arch Hard Loss 2.6633 (2.0238)	Arch Alpha Loss 0.1810 (0.1817)	Arch depth Loss -0.0000 (0.0000)	Prec@(1,5) (52.9%, 83.4%)	
10/03 05:23:22午後 searchStage_ArchKD_trainer.py:179 [INFO] Train: [ 16/49] Final Prec@1 52.8760%
10/03 05:23:28午後 searchStage_trainer.py:311 [INFO] Valid: Epoch: [16][100/391]	Step 6647	Loss 1.9735	Prec@(1,5) (46.3%, 79.1%)
10/03 05:23:34午後 searchStage_trainer.py:311 [INFO] Valid: Epoch: [16][200/391]	Step 6647	Loss 1.9852	Prec@(1,5) (46.5%, 78.7%)
10/03 05:23:40午後 searchStage_trainer.py:311 [INFO] Valid: Epoch: [16][300/391]	Step 6647	Loss 1.9777	Prec@(1,5) (46.5%, 78.8%)
10/03 05:23:46午後 searchStage_trainer.py:311 [INFO] Valid: Epoch: [16][390/391]	Step 6647	Loss 1.9763	Prec@(1,5) (46.7%, 78.6%)
10/03 05:23:46午後 searchStage_trainer.py:322 [INFO] Valid: [ 16/49] Final Prec@1 46.7160%
10/03 05:23:46午後 searchStage_KD_main.py:71 [INFO] DAG = Genotype2(DAG1=[[('skip_connect', 1), ('skip_connect', 0)], [('skip_connect', 1), ('skip_connect', 0)], [('skip_connect', 1), ('skip_connect', 3)], [('skip_connect', 3), ('skip_connect', 4)], [('skip_connect', 3), ('skip_connect', 4)], [('skip_connect', 6), ('skip_connect', 4)]], DAG1_concat=range(6, 8), DAG2=[[('skip_connect', 1), ('skip_connect', 0)], [('skip_connect', 0), ('skip_connect', 1)], [('skip_connect', 1), ('skip_connect', 2)], [('skip_connect', 3), ('skip_connect', 2)], [('skip_connect', 3), ('skip_connect', 4)], [('skip_connect', 4), ('skip_connect', 5)]], DAG2_concat=range(6, 8), DAG3=[[('skip_connect', 1), ('skip_connect', 0)], [('skip_connect', 0), ('skip_connect', 1)], [('skip_connect', 1), ('skip_connect', 2)], [('skip_connect', 2), ('skip_connect', 3)], [('skip_connect', 4), ('skip_connect', 3)], [('skip_connect', 4), ('skip_connect', 5)]], DAG3_concat=range(6, 8))
10/03 05:23:46午後 searchStage_KD_main.py:102 [INFO] Until now, best Prec@1 = 46.7160%
10/03 05:24:33午後 searchStage_ArchKD_trainer.py:165 [INFO] Train: Epoch: [17][100/390]	Step 6747	lr 0.01878	Loss 1.6986 (1.5941)	Arch Loss 2.5166 (2.1659)	Arch Hard Loss 2.3359 (1.9851)	Arch Alpha Loss 0.1807 (0.1808)	Arch depth Loss -0.0000 (0.0000)	Prec@(1,5) (54.7%, 85.4%)	
10/03 05:25:20午後 searchStage_ArchKD_trainer.py:165 [INFO] Train: Epoch: [17][200/390]	Step 6847	lr 0.01878	Loss 1.3196 (1.6098)	Arch Loss 2.1052 (2.1886)	Arch Hard Loss 1.9250 (2.0080)	Arch Alpha Loss 0.1803 (0.1806)	Arch depth Loss -0.0000 (0.0000)	Prec@(1,5) (54.4%, 84.8%)	
10/03 05:26:07午後 searchStage_ArchKD_trainer.py:165 [INFO] Train: Epoch: [17][300/390]	Step 6947	lr 0.01878	Loss 1.7926 (1.6261)	Arch Loss 2.3529 (2.1773)	Arch Hard Loss 2.1727 (1.9968)	Arch Alpha Loss 0.1802 (0.1805)	Arch depth Loss -0.0000 (0.0000)	Prec@(1,5) (54.1%, 84.6%)	
10/03 05:26:50午後 searchStage_ArchKD_trainer.py:165 [INFO] Train: Epoch: [17][390/390]	Step 7037	lr 0.01878	Loss 1.6293 (1.6329)	Arch Loss 1.8288 (2.1693)	Arch Hard Loss 1.6487 (1.9889)	Arch Alpha Loss 0.1801 (0.1804)	Arch depth Loss -0.0000 (0.0000)	Prec@(1,5) (53.8%, 84.4%)	
10/03 05:26:50午後 searchStage_ArchKD_trainer.py:179 [INFO] Train: [ 17/49] Final Prec@1 53.7680%
10/03 05:26:56午後 searchStage_trainer.py:311 [INFO] Valid: Epoch: [17][100/391]	Step 7038	Loss 2.0179	Prec@(1,5) (46.5%, 78.0%)
10/03 05:27:03午後 searchStage_trainer.py:311 [INFO] Valid: Epoch: [17][200/391]	Step 7038	Loss 2.0010	Prec@(1,5) (46.3%, 78.0%)
10/03 05:27:09午後 searchStage_trainer.py:311 [INFO] Valid: Epoch: [17][300/391]	Step 7038	Loss 1.9967	Prec@(1,5) (46.3%, 78.1%)
10/03 05:27:14午後 searchStage_trainer.py:311 [INFO] Valid: Epoch: [17][390/391]	Step 7038	Loss 1.9941	Prec@(1,5) (46.5%, 78.2%)
10/03 05:27:14午後 searchStage_trainer.py:322 [INFO] Valid: [ 17/49] Final Prec@1 46.5320%
10/03 05:27:14午後 searchStage_KD_main.py:71 [INFO] DAG = Genotype2(DAG1=[[('skip_connect', 1), ('skip_connect', 0)], [('skip_connect', 1), ('skip_connect', 0)], [('skip_connect', 1), ('skip_connect', 3)], [('skip_connect', 3), ('skip_connect', 4)], [('skip_connect', 3), ('skip_connect', 4)], [('skip_connect', 6), ('skip_connect', 4)]], DAG1_concat=range(6, 8), DAG2=[[('skip_connect', 1), ('skip_connect', 0)], [('skip_connect', 0), ('skip_connect', 1)], [('skip_connect', 1), ('skip_connect', 2)], [('skip_connect', 3), ('skip_connect', 2)], [('skip_connect', 3), ('skip_connect', 4)], [('skip_connect', 4), ('skip_connect', 5)]], DAG2_concat=range(6, 8), DAG3=[[('skip_connect', 1), ('skip_connect', 0)], [('skip_connect', 0), ('skip_connect', 1)], [('skip_connect', 1), ('skip_connect', 2)], [('skip_connect', 2), ('skip_connect', 3)], [('skip_connect', 4), ('skip_connect', 3)], [('skip_connect', 4), ('skip_connect', 5)]], DAG3_concat=range(6, 8))
10/03 05:27:14午後 searchStage_KD_main.py:102 [INFO] Until now, best Prec@1 = 46.7160%
10/03 05:28:02午後 searchStage_ArchKD_trainer.py:165 [INFO] Train: Epoch: [18][100/390]	Step 7138	lr 0.01811	Loss 2.0583 (1.4950)	Arch Loss 2.0688 (2.1805)	Arch Hard Loss 1.8891 (2.0006)	Arch Alpha Loss 0.1798 (0.1799)	Arch depth Loss -0.0000 (0.0000)	Prec@(1,5) (57.0%, 86.8%)	
10/03 05:28:49午後 searchStage_ArchKD_trainer.py:165 [INFO] Train: Epoch: [18][200/390]	Step 7238	lr 0.01811	Loss 1.5793 (1.5382)	Arch Loss 2.1308 (2.1793)	Arch Hard Loss 1.9512 (1.9995)	Arch Alpha Loss 0.1795 (0.1798)	Arch depth Loss -0.0000 (0.0000)	Prec@(1,5) (55.9%, 86.1%)	
10/03 05:29:35午後 searchStage_ArchKD_trainer.py:165 [INFO] Train: Epoch: [18][300/390]	Step 7338	lr 0.01811	Loss 1.6733 (1.5516)	Arch Loss 2.0940 (2.1763)	Arch Hard Loss 1.9149 (1.9967)	Arch Alpha Loss 0.1791 (0.1796)	Arch depth Loss -0.0000 (0.0000)	Prec@(1,5) (55.5%, 85.9%)	
10/03 05:30:17午後 searchStage_ArchKD_trainer.py:165 [INFO] Train: Epoch: [18][390/390]	Step 7428	lr 0.01811	Loss 1.5145 (1.5690)	Arch Loss 1.7890 (2.1620)	Arch Hard Loss 1.6099 (1.9825)	Arch Alpha Loss 0.1791 (0.1795)	Arch depth Loss -0.0000 (0.0000)	Prec@(1,5) (55.1%, 85.6%)	
10/03 05:30:17午後 searchStage_ArchKD_trainer.py:179 [INFO] Train: [ 18/49] Final Prec@1 55.1440%
10/03 05:30:24午後 searchStage_trainer.py:311 [INFO] Valid: Epoch: [18][100/391]	Step 7429	Loss 1.9844	Prec@(1,5) (47.2%, 78.2%)
10/03 05:30:29午後 searchStage_trainer.py:311 [INFO] Valid: Epoch: [18][200/391]	Step 7429	Loss 2.0018	Prec@(1,5) (47.0%, 77.9%)
10/03 05:30:35午後 searchStage_trainer.py:311 [INFO] Valid: Epoch: [18][300/391]	Step 7429	Loss 2.0217	Prec@(1,5) (46.6%, 77.4%)
10/03 05:30:41午後 searchStage_trainer.py:311 [INFO] Valid: Epoch: [18][390/391]	Step 7429	Loss 2.0173	Prec@(1,5) (46.7%, 77.6%)
10/03 05:30:41午後 searchStage_trainer.py:322 [INFO] Valid: [ 18/49] Final Prec@1 46.7000%
10/03 05:30:41午後 searchStage_KD_main.py:71 [INFO] DAG = Genotype2(DAG1=[[('skip_connect', 1), ('skip_connect', 0)], [('skip_connect', 1), ('skip_connect', 0)], [('skip_connect', 1), ('skip_connect', 3)], [('skip_connect', 3), ('skip_connect', 4)], [('skip_connect', 3), ('skip_connect', 4)], [('skip_connect', 6), ('skip_connect', 4)]], DAG1_concat=range(6, 8), DAG2=[[('skip_connect', 1), ('skip_connect', 0)], [('skip_connect', 0), ('skip_connect', 1)], [('skip_connect', 1), ('skip_connect', 2)], [('skip_connect', 3), ('skip_connect', 2)], [('skip_connect', 3), ('skip_connect', 4)], [('skip_connect', 4), ('skip_connect', 5)]], DAG2_concat=range(6, 8), DAG3=[[('skip_connect', 1), ('skip_connect', 0)], [('skip_connect', 0), ('skip_connect', 1)], [('skip_connect', 1), ('skip_connect', 2)], [('skip_connect', 2), ('skip_connect', 3)], [('skip_connect', 4), ('skip_connect', 3)], [('skip_connect', 4), ('skip_connect', 5)]], DAG3_concat=range(6, 8))
10/03 05:30:41午後 searchStage_KD_main.py:102 [INFO] Until now, best Prec@1 = 46.7160%
10/03 05:31:28午後 searchStage_ArchKD_trainer.py:165 [INFO] Train: Epoch: [19][100/390]	Step 7529	lr 0.01742	Loss 1.5149 (1.4811)	Arch Loss 2.2639 (2.0975)	Arch Hard Loss 2.0847 (1.9184)	Arch Alpha Loss 0.1791 (0.1791)	Arch depth Loss -0.0000 (0.0000)	Prec@(1,5) (58.1%, 86.7%)	
10/03 05:32:15午後 searchStage_ArchKD_trainer.py:165 [INFO] Train: Epoch: [19][200/390]	Step 7629	lr 0.01742	Loss 1.5157 (1.4930)	Arch Loss 2.2561 (2.1273)	Arch Hard Loss 2.0774 (1.9483)	Arch Alpha Loss 0.1787 (0.1790)	Arch depth Loss -0.0000 (0.0000)	Prec@(1,5) (57.5%, 86.5%)	
10/03 05:33:02午後 searchStage_ArchKD_trainer.py:165 [INFO] Train: Epoch: [19][300/390]	Step 7729	lr 0.01742	Loss 1.2826 (1.5047)	Arch Loss 1.9284 (2.1299)	Arch Hard Loss 1.7498 (1.9510)	Arch Alpha Loss 0.1787 (0.1789)	Arch depth Loss -0.0000 (0.0000)	Prec@(1,5) (57.3%, 86.4%)	
10/03 05:33:44午後 searchStage_ArchKD_trainer.py:165 [INFO] Train: Epoch: [19][390/390]	Step 7819	lr 0.01742	Loss 1.1104 (1.5191)	Arch Loss 2.4975 (2.1241)	Arch Hard Loss 2.3190 (1.9452)	Arch Alpha Loss 0.1785 (0.1788)	Arch depth Loss -0.0000 (0.0000)	Prec@(1,5) (56.9%, 86.2%)	
10/03 05:33:45午後 searchStage_ArchKD_trainer.py:179 [INFO] Train: [ 19/49] Final Prec@1 56.9280%
10/03 05:33:51午後 searchStage_trainer.py:311 [INFO] Valid: Epoch: [19][100/391]	Step 7820	Loss 1.9038	Prec@(1,5) (49.8%, 79.7%)
10/03 05:33:57午後 searchStage_trainer.py:311 [INFO] Valid: Epoch: [19][200/391]	Step 7820	Loss 1.9124	Prec@(1,5) (49.4%, 79.4%)
10/03 05:34:03午後 searchStage_trainer.py:311 [INFO] Valid: Epoch: [19][300/391]	Step 7820	Loss 1.9110	Prec@(1,5) (49.2%, 79.3%)
10/03 05:34:09午後 searchStage_trainer.py:311 [INFO] Valid: Epoch: [19][390/391]	Step 7820	Loss 1.9021	Prec@(1,5) (49.4%, 79.5%)
10/03 05:34:09午後 searchStage_trainer.py:322 [INFO] Valid: [ 19/49] Final Prec@1 49.4240%
10/03 05:34:09午後 searchStage_KD_main.py:71 [INFO] DAG = Genotype2(DAG1=[[('skip_connect', 1), ('skip_connect', 0)], [('skip_connect', 1), ('skip_connect', 0)], [('skip_connect', 1), ('skip_connect', 3)], [('skip_connect', 3), ('skip_connect', 4)], [('skip_connect', 3), ('skip_connect', 4)], [('skip_connect', 4), ('skip_connect', 6)]], DAG1_concat=range(6, 8), DAG2=[[('skip_connect', 1), ('skip_connect', 0)], [('skip_connect', 0), ('skip_connect', 1)], [('skip_connect', 1), ('skip_connect', 2)], [('skip_connect', 3), ('skip_connect', 2)], [('skip_connect', 3), ('skip_connect', 4)], [('skip_connect', 5), ('skip_connect', 4)]], DAG2_concat=range(6, 8), DAG3=[[('skip_connect', 1), ('skip_connect', 0)], [('skip_connect', 0), ('skip_connect', 1)], [('skip_connect', 1), ('skip_connect', 2)], [('skip_connect', 2), ('skip_connect', 3)], [('skip_connect', 4), ('skip_connect', 3)], [('skip_connect', 4), ('skip_connect', 5)]], DAG3_concat=range(6, 8))
10/03 05:34:09午後 searchStage_KD_main.py:102 [INFO] Until now, best Prec@1 = 49.4240%
10/03 05:34:57午後 searchStage_ArchKD_trainer.py:165 [INFO] Train: Epoch: [20][100/390]	Step 7920	lr 0.01671	Loss 1.4180 (1.3942)	Arch Loss 2.0827 (2.1236)	Arch Hard Loss 1.9044 (1.9452)	Arch Alpha Loss 0.1783 (0.1784)	Arch depth Loss -0.0000 (0.0000)	Prec@(1,5) (59.7%, 88.2%)	
10/03 05:35:44午後 searchStage_ArchKD_trainer.py:165 [INFO] Train: Epoch: [20][200/390]	Step 8020	lr 0.01671	Loss 1.3700 (1.4344)	Arch Loss 2.5126 (2.1125)	Arch Hard Loss 2.3344 (1.9342)	Arch Alpha Loss 0.1782 (0.1783)	Arch depth Loss -0.0000 (0.0000)	Prec@(1,5) (58.9%, 87.5%)	
10/03 05:36:31午後 searchStage_ArchKD_trainer.py:165 [INFO] Train: Epoch: [20][300/390]	Step 8120	lr 0.01671	Loss 1.7291 (1.4458)	Arch Loss 2.1835 (2.1077)	Arch Hard Loss 2.0056 (1.9295)	Arch Alpha Loss 0.1778 (0.1782)	Arch depth Loss -0.0000 (0.0000)	Prec@(1,5) (58.5%, 87.4%)	
10/03 05:37:12午後 searchStage_ArchKD_trainer.py:165 [INFO] Train: Epoch: [20][390/390]	Step 8210	lr 0.01671	Loss 1.4414 (1.4555)	Arch Loss 2.0932 (2.1032)	Arch Hard Loss 1.9154 (1.9251)	Arch Alpha Loss 0.1777 (0.1781)	Arch depth Loss -0.0000 (0.0000)	Prec@(1,5) (58.3%, 87.4%)	
10/03 05:37:13午後 searchStage_ArchKD_trainer.py:179 [INFO] Train: [ 20/49] Final Prec@1 58.3160%
10/03 05:37:19午後 searchStage_trainer.py:311 [INFO] Valid: Epoch: [20][100/391]	Step 8211	Loss 1.8904	Prec@(1,5) (49.6%, 80.0%)
10/03 05:37:25午後 searchStage_trainer.py:311 [INFO] Valid: Epoch: [20][200/391]	Step 8211	Loss 1.8818	Prec@(1,5) (49.7%, 80.0%)
10/03 05:37:31午後 searchStage_trainer.py:311 [INFO] Valid: Epoch: [20][300/391]	Step 8211	Loss 1.8722	Prec@(1,5) (50.0%, 80.2%)
10/03 05:37:36午後 searchStage_trainer.py:311 [INFO] Valid: Epoch: [20][390/391]	Step 8211	Loss 1.8645	Prec@(1,5) (50.2%, 80.4%)
10/03 05:37:36午後 searchStage_trainer.py:322 [INFO] Valid: [ 20/49] Final Prec@1 50.1920%
10/03 05:37:36午後 searchStage_KD_main.py:71 [INFO] DAG = Genotype2(DAG1=[[('skip_connect', 1), ('skip_connect', 0)], [('skip_connect', 1), ('skip_connect', 0)], [('skip_connect', 1), ('skip_connect', 3)], [('skip_connect', 3), ('skip_connect', 4)], [('skip_connect', 3), ('skip_connect', 4)], [('skip_connect', 4), ('skip_connect', 6)]], DAG1_concat=range(6, 8), DAG2=[[('skip_connect', 1), ('skip_connect', 0)], [('skip_connect', 0), ('skip_connect', 1)], [('skip_connect', 1), ('skip_connect', 2)], [('skip_connect', 3), ('skip_connect', 2)], [('skip_connect', 3), ('skip_connect', 4)], [('skip_connect', 5), ('skip_connect', 4)]], DAG2_concat=range(6, 8), DAG3=[[('skip_connect', 1), ('skip_connect', 0)], [('skip_connect', 0), ('skip_connect', 1)], [('skip_connect', 1), ('skip_connect', 2)], [('skip_connect', 2), ('skip_connect', 3)], [('skip_connect', 4), ('skip_connect', 3)], [('skip_connect', 4), ('skip_connect', 5)]], DAG3_concat=range(6, 8))
10/03 05:37:37午後 searchStage_KD_main.py:102 [INFO] Until now, best Prec@1 = 50.1920%
10/03 05:38:24午後 searchStage_ArchKD_trainer.py:165 [INFO] Train: Epoch: [21][100/390]	Step 8311	lr 0.01598	Loss 1.6301 (1.3661)	Arch Loss 1.6820 (2.0596)	Arch Hard Loss 1.5043 (1.8818)	Arch Alpha Loss 0.1778 (0.1778)	Arch depth Loss -0.0000 (0.0000)	Prec@(1,5) (61.0%, 88.3%)	
10/03 05:39:10午後 searchStage_ArchKD_trainer.py:165 [INFO] Train: Epoch: [21][200/390]	Step 8411	lr 0.01598	Loss 1.2247 (1.3896)	Arch Loss 2.1202 (2.0857)	Arch Hard Loss 1.9426 (1.9080)	Arch Alpha Loss 0.1777 (0.1777)	Arch depth Loss -0.0000 (0.0000)	Prec@(1,5) (60.3%, 87.8%)	
10/03 05:39:57午後 searchStage_ArchKD_trainer.py:165 [INFO] Train: Epoch: [21][300/390]	Step 8511	lr 0.01598	Loss 1.1459 (1.3936)	Arch Loss 2.1251 (2.0738)	Arch Hard Loss 1.9475 (1.8961)	Arch Alpha Loss 0.1776 (0.1777)	Arch depth Loss -0.0000 (0.0000)	Prec@(1,5) (59.9%, 88.0%)	
10/03 05:40:39午後 searchStage_ArchKD_trainer.py:165 [INFO] Train: Epoch: [21][390/390]	Step 8601	lr 0.01598	Loss 1.4695 (1.4054)	Arch Loss 1.9499 (2.0637)	Arch Hard Loss 1.7725 (1.8860)	Arch Alpha Loss 0.1774 (0.1777)	Arch depth Loss -0.0000 (0.0000)	Prec@(1,5) (59.5%, 87.8%)	
10/03 05:40:40午後 searchStage_ArchKD_trainer.py:179 [INFO] Train: [ 21/49] Final Prec@1 59.4720%
10/03 05:40:46午後 searchStage_trainer.py:311 [INFO] Valid: Epoch: [21][100/391]	Step 8602	Loss 1.8556	Prec@(1,5) (50.7%, 80.7%)
10/03 05:40:52午後 searchStage_trainer.py:311 [INFO] Valid: Epoch: [21][200/391]	Step 8602	Loss 1.8196	Prec@(1,5) (51.3%, 81.2%)
10/03 05:40:58午後 searchStage_trainer.py:311 [INFO] Valid: Epoch: [21][300/391]	Step 8602	Loss 1.8136	Prec@(1,5) (51.2%, 81.4%)
10/03 05:41:04午後 searchStage_trainer.py:311 [INFO] Valid: Epoch: [21][390/391]	Step 8602	Loss 1.8212	Prec@(1,5) (51.2%, 81.4%)
10/03 05:41:04午後 searchStage_trainer.py:322 [INFO] Valid: [ 21/49] Final Prec@1 51.2160%
10/03 05:41:04午後 searchStage_KD_main.py:71 [INFO] DAG = Genotype2(DAG1=[[('skip_connect', 1), ('skip_connect', 0)], [('skip_connect', 1), ('skip_connect', 0)], [('skip_connect', 1), ('skip_connect', 3)], [('skip_connect', 3), ('skip_connect', 4)], [('skip_connect', 3), ('skip_connect', 4)], [('skip_connect', 4), ('skip_connect', 6)]], DAG1_concat=range(6, 8), DAG2=[[('skip_connect', 0), ('skip_connect', 1)], [('skip_connect', 0), ('skip_connect', 1)], [('skip_connect', 1), ('skip_connect', 2)], [('skip_connect', 3), ('skip_connect', 2)], [('skip_connect', 3), ('skip_connect', 4)], [('skip_connect', 5), ('skip_connect', 4)]], DAG2_concat=range(6, 8), DAG3=[[('skip_connect', 1), ('skip_connect', 0)], [('skip_connect', 0), ('skip_connect', 1)], [('skip_connect', 1), ('skip_connect', 2)], [('skip_connect', 2), ('skip_connect', 3)], [('skip_connect', 4), ('skip_connect', 3)], [('skip_connect', 4), ('skip_connect', 5)]], DAG3_concat=range(6, 8))
10/03 05:41:04午後 searchStage_KD_main.py:102 [INFO] Until now, best Prec@1 = 51.2160%
10/03 05:41:52午後 searchStage_ArchKD_trainer.py:165 [INFO] Train: Epoch: [22][100/390]	Step 8702	lr 0.01525	Loss 1.3046 (1.2906)	Arch Loss 2.3655 (2.0581)	Arch Hard Loss 2.1881 (1.8807)	Arch Alpha Loss 0.1774 (0.1774)	Arch depth Loss -0.0000 (0.0000)	Prec@(1,5) (62.6%, 89.7%)	
10/03 05:42:39午後 searchStage_ArchKD_trainer.py:165 [INFO] Train: Epoch: [22][200/390]	Step 8802	lr 0.01525	Loss 1.2678 (1.3326)	Arch Loss 2.0274 (2.0664)	Arch Hard Loss 1.8500 (1.8891)	Arch Alpha Loss 0.1774 (0.1774)	Arch depth Loss -0.0000 (0.0000)	Prec@(1,5) (61.4%, 88.9%)	
10/03 05:43:25午後 searchStage_ArchKD_trainer.py:165 [INFO] Train: Epoch: [22][300/390]	Step 8902	lr 0.01525	Loss 1.3597 (1.3455)	Arch Loss 1.8872 (2.0670)	Arch Hard Loss 1.7098 (1.8897)	Arch Alpha Loss 0.1773 (0.1774)	Arch depth Loss -0.0000 (0.0000)	Prec@(1,5) (61.0%, 88.8%)	
10/03 05:44:07午後 searchStage_ArchKD_trainer.py:165 [INFO] Train: Epoch: [22][390/390]	Step 8992	lr 0.01525	Loss 1.1044 (1.3554)	Arch Loss 1.6579 (2.0613)	Arch Hard Loss 1.4807 (1.8839)	Arch Alpha Loss 0.1772 (0.1774)	Arch depth Loss -0.0000 (0.0000)	Prec@(1,5) (60.7%, 88.6%)	
10/03 05:44:07午後 searchStage_ArchKD_trainer.py:179 [INFO] Train: [ 22/49] Final Prec@1 60.6880%
10/03 05:44:14午後 searchStage_trainer.py:311 [INFO] Valid: Epoch: [22][100/391]	Step 8993	Loss 1.8943	Prec@(1,5) (50.7%, 80.2%)
10/03 05:44:20午後 searchStage_trainer.py:311 [INFO] Valid: Epoch: [22][200/391]	Step 8993	Loss 1.8924	Prec@(1,5) (50.4%, 80.4%)
10/03 05:44:26午後 searchStage_trainer.py:311 [INFO] Valid: Epoch: [22][300/391]	Step 8993	Loss 1.8696	Prec@(1,5) (50.7%, 80.8%)
10/03 05:44:31午後 searchStage_trainer.py:311 [INFO] Valid: Epoch: [22][390/391]	Step 8993	Loss 1.8725	Prec@(1,5) (50.7%, 80.6%)
10/03 05:44:31午後 searchStage_trainer.py:322 [INFO] Valid: [ 22/49] Final Prec@1 50.6800%
10/03 05:44:31午後 searchStage_KD_main.py:71 [INFO] DAG = Genotype2(DAG1=[[('skip_connect', 1), ('skip_connect', 0)], [('skip_connect', 0), ('skip_connect', 1)], [('skip_connect', 1), ('skip_connect', 3)], [('skip_connect', 3), ('skip_connect', 4)], [('skip_connect', 3), ('skip_connect', 4)], [('skip_connect', 4), ('skip_connect', 6)]], DAG1_concat=range(6, 8), DAG2=[[('skip_connect', 0), ('skip_connect', 1)], [('skip_connect', 0), ('skip_connect', 1)], [('skip_connect', 1), ('skip_connect', 2)], [('skip_connect', 3), ('skip_connect', 2)], [('skip_connect', 3), ('skip_connect', 4)], [('skip_connect', 5), ('skip_connect', 4)]], DAG2_concat=range(6, 8), DAG3=[[('skip_connect', 1), ('skip_connect', 0)], [('skip_connect', 0), ('skip_connect', 1)], [('skip_connect', 1), ('skip_connect', 2)], [('skip_connect', 2), ('skip_connect', 3)], [('skip_connect', 4), ('skip_connect', 3)], [('skip_connect', 4), ('skip_connect', 5)]], DAG3_concat=range(6, 8))
10/03 05:44:31午後 searchStage_KD_main.py:102 [INFO] Until now, best Prec@1 = 51.2160%
10/03 05:45:18午後 searchStage_ArchKD_trainer.py:165 [INFO] Train: Epoch: [23][100/390]	Step 9093	lr 0.0145	Loss 1.1487 (1.2209)	Arch Loss 1.9964 (2.0192)	Arch Hard Loss 1.8193 (1.8420)	Arch Alpha Loss 0.1771 (0.1772)	Arch depth Loss -0.0000 (0.0000)	Prec@(1,5) (64.0%, 90.4%)	
10/03 05:46:05午後 searchStage_ArchKD_trainer.py:165 [INFO] Train: Epoch: [23][200/390]	Step 9193	lr 0.0145	Loss 1.2275 (1.2543)	Arch Loss 2.3926 (2.0232)	Arch Hard Loss 2.2152 (1.8460)	Arch Alpha Loss 0.1773 (0.1772)	Arch depth Loss -0.0000 (0.0000)	Prec@(1,5) (63.2%, 90.0%)	
10/03 05:46:52午後 searchStage_ArchKD_trainer.py:165 [INFO] Train: Epoch: [23][300/390]	Step 9293	lr 0.0145	Loss 1.1042 (1.2800)	Arch Loss 2.1344 (2.0339)	Arch Hard Loss 1.9571 (1.8567)	Arch Alpha Loss 0.1773 (0.1772)	Arch depth Loss -0.0000 (0.0000)	Prec@(1,5) (62.5%, 89.6%)	
10/03 05:47:34午後 searchStage_ArchKD_trainer.py:165 [INFO] Train: Epoch: [23][390/390]	Step 9383	lr 0.0145	Loss 1.3073 (1.2971)	Arch Loss 2.2493 (2.0353)	Arch Hard Loss 2.0722 (1.8581)	Arch Alpha Loss 0.1772 (0.1772)	Arch depth Loss -0.0000 (0.0000)	Prec@(1,5) (62.2%, 89.3%)	
10/03 05:47:35午後 searchStage_ArchKD_trainer.py:179 [INFO] Train: [ 23/49] Final Prec@1 62.1680%
10/03 05:47:41午後 searchStage_trainer.py:311 [INFO] Valid: Epoch: [23][100/391]	Step 9384	Loss 1.9055	Prec@(1,5) (49.6%, 80.4%)
10/03 05:47:47午後 searchStage_trainer.py:311 [INFO] Valid: Epoch: [23][200/391]	Step 9384	Loss 1.9284	Prec@(1,5) (49.6%, 80.0%)
10/03 05:47:53午後 searchStage_trainer.py:311 [INFO] Valid: Epoch: [23][300/391]	Step 9384	Loss 1.9327	Prec@(1,5) (49.7%, 79.9%)
10/03 05:47:59午後 searchStage_trainer.py:311 [INFO] Valid: Epoch: [23][390/391]	Step 9384	Loss 1.9248	Prec@(1,5) (49.7%, 80.0%)
10/03 05:47:59午後 searchStage_trainer.py:322 [INFO] Valid: [ 23/49] Final Prec@1 49.7320%
10/03 05:47:59午後 searchStage_KD_main.py:71 [INFO] DAG = Genotype2(DAG1=[[('skip_connect', 1), ('skip_connect', 0)], [('skip_connect', 0), ('skip_connect', 1)], [('skip_connect', 1), ('skip_connect', 3)], [('skip_connect', 3), ('skip_connect', 4)], [('skip_connect', 3), ('skip_connect', 4)], [('skip_connect', 4), ('skip_connect', 6)]], DAG1_concat=range(6, 8), DAG2=[[('skip_connect', 1), ('skip_connect', 0)], [('skip_connect', 0), ('skip_connect', 1)], [('skip_connect', 1), ('skip_connect', 2)], [('skip_connect', 3), ('skip_connect', 2)], [('skip_connect', 3), ('skip_connect', 4)], [('skip_connect', 5), ('skip_connect', 4)]], DAG2_concat=range(6, 8), DAG3=[[('skip_connect', 1), ('skip_connect', 0)], [('skip_connect', 0), ('skip_connect', 1)], [('skip_connect', 1), ('skip_connect', 2)], [('skip_connect', 2), ('skip_connect', 3)], [('skip_connect', 4), ('skip_connect', 3)], [('skip_connect', 4), ('skip_connect', 5)]], DAG3_concat=range(6, 8))
10/03 05:47:59午後 searchStage_KD_main.py:102 [INFO] Until now, best Prec@1 = 51.2160%
10/03 05:48:47午後 searchStage_ArchKD_trainer.py:165 [INFO] Train: Epoch: [24][100/390]	Step 9484	lr 0.01375	Loss 1.2915 (1.2040)	Arch Loss 1.9374 (2.0105)	Arch Hard Loss 1.7600 (1.8333)	Arch Alpha Loss 0.1774 (0.1773)	Arch depth Loss -0.0000 (0.0000)	Prec@(1,5) (64.5%, 90.7%)	
10/03 05:49:34午後 searchStage_ArchKD_trainer.py:165 [INFO] Train: Epoch: [24][200/390]	Step 9584	lr 0.01375	Loss 1.3744 (1.2157)	Arch Loss 2.5725 (2.0296)	Arch Hard Loss 2.3951 (1.8523)	Arch Alpha Loss 0.1774 (0.1773)	Arch depth Loss -0.0000 (0.0000)	Prec@(1,5) (63.9%, 90.8%)	
10/03 05:50:20午後 searchStage_ArchKD_trainer.py:165 [INFO] Train: Epoch: [24][300/390]	Step 9684	lr 0.01375	Loss 1.0913 (1.2389)	Arch Loss 2.2552 (2.0365)	Arch Hard Loss 2.0779 (1.8591)	Arch Alpha Loss 0.1774 (0.1773)	Arch depth Loss -0.0000 (0.0000)	Prec@(1,5) (63.5%, 90.4%)	
10/03 05:51:02午後 searchStage_ArchKD_trainer.py:165 [INFO] Train: Epoch: [24][390/390]	Step 9774	lr 0.01375	Loss 1.5966 (1.2567)	Arch Loss 2.3536 (2.0330)	Arch Hard Loss 2.1763 (1.8557)	Arch Alpha Loss 0.1774 (0.1774)	Arch depth Loss -0.0000 (0.0000)	Prec@(1,5) (63.2%, 90.1%)	
10/03 05:51:02午後 searchStage_ArchKD_trainer.py:179 [INFO] Train: [ 24/49] Final Prec@1 63.1360%
10/03 05:51:09午後 searchStage_trainer.py:311 [INFO] Valid: Epoch: [24][100/391]	Step 9775	Loss 1.8866	Prec@(1,5) (50.2%, 80.4%)
10/03 05:51:14午後 searchStage_trainer.py:311 [INFO] Valid: Epoch: [24][200/391]	Step 9775	Loss 1.8919	Prec@(1,5) (50.3%, 80.3%)
10/03 05:51:20午後 searchStage_trainer.py:311 [INFO] Valid: Epoch: [24][300/391]	Step 9775	Loss 1.8751	Prec@(1,5) (50.6%, 80.6%)
10/03 05:51:26午後 searchStage_trainer.py:311 [INFO] Valid: Epoch: [24][390/391]	Step 9775	Loss 1.8746	Prec@(1,5) (50.8%, 80.6%)
10/03 05:51:26午後 searchStage_trainer.py:322 [INFO] Valid: [ 24/49] Final Prec@1 50.7640%
10/03 05:51:26午後 searchStage_KD_main.py:71 [INFO] DAG = Genotype2(DAG1=[[('skip_connect', 1), ('skip_connect', 0)], [('skip_connect', 0), ('skip_connect', 1)], [('skip_connect', 3), ('skip_connect', 1)], [('skip_connect', 3), ('skip_connect', 4)], [('skip_connect', 3), ('skip_connect', 4)], [('skip_connect', 4), ('skip_connect', 6)]], DAG1_concat=range(6, 8), DAG2=[[('skip_connect', 1), ('skip_connect', 0)], [('skip_connect', 0), ('skip_connect', 1)], [('skip_connect', 1), ('skip_connect', 2)], [('skip_connect', 3), ('skip_connect', 2)], [('skip_connect', 3), ('skip_connect', 4)], [('skip_connect', 5), ('skip_connect', 4)]], DAG2_concat=range(6, 8), DAG3=[[('skip_connect', 1), ('skip_connect', 0)], [('skip_connect', 0), ('skip_connect', 1)], [('skip_connect', 1), ('skip_connect', 2)], [('skip_connect', 2), ('skip_connect', 3)], [('skip_connect', 4), ('skip_connect', 3)], [('skip_connect', 4), ('skip_connect', 5)]], DAG3_concat=range(6, 8))
10/03 05:51:26午後 searchStage_KD_main.py:102 [INFO] Until now, best Prec@1 = 51.2160%
10/03 05:52:13午後 searchStage_ArchKD_trainer.py:165 [INFO] Train: Epoch: [25][100/390]	Step 9875	lr 0.013	Loss 1.2297 (1.1510)	Arch Loss 2.3074 (1.9712)	Arch Hard Loss 2.1298 (1.7936)	Arch Alpha Loss 0.1776 (0.1775)	Arch depth Loss -0.0000 (0.0000)	Prec@(1,5) (65.9%, 91.6%)	
10/03 05:53:00午後 searchStage_ArchKD_trainer.py:165 [INFO] Train: Epoch: [25][200/390]	Step 9975	lr 0.013	Loss 1.2933 (1.1792)	Arch Loss 1.9156 (2.0061)	Arch Hard Loss 1.7378 (1.8285)	Arch Alpha Loss 0.1778 (0.1776)	Arch depth Loss -0.0000 (0.0000)	Prec@(1,5) (65.2%, 91.2%)	
10/03 05:53:47午後 searchStage_ArchKD_trainer.py:165 [INFO] Train: Epoch: [25][300/390]	Step 10075	lr 0.013	Loss 1.3712 (1.1979)	Arch Loss 2.2381 (2.0120)	Arch Hard Loss 2.0602 (1.8343)	Arch Alpha Loss 0.1779 (0.1777)	Arch depth Loss -0.0000 (0.0000)	Prec@(1,5) (64.6%, 90.8%)	
10/03 05:54:29午後 searchStage_ArchKD_trainer.py:165 [INFO] Train: Epoch: [25][390/390]	Step 10165	lr 0.013	Loss 1.4530 (1.2102)	Arch Loss 1.8152 (2.0142)	Arch Hard Loss 1.6372 (1.8364)	Arch Alpha Loss 0.1779 (0.1777)	Arch depth Loss -0.0000 (0.0000)	Prec@(1,5) (64.4%, 90.6%)	
10/03 05:54:30午後 searchStage_ArchKD_trainer.py:179 [INFO] Train: [ 25/49] Final Prec@1 64.3880%
10/03 05:54:36午後 searchStage_trainer.py:311 [INFO] Valid: Epoch: [25][100/391]	Step 10166	Loss 1.7929	Prec@(1,5) (51.9%, 82.1%)
10/03 05:54:42午後 searchStage_trainer.py:311 [INFO] Valid: Epoch: [25][200/391]	Step 10166	Loss 1.8046	Prec@(1,5) (51.8%, 81.9%)
10/03 05:54:48午後 searchStage_trainer.py:311 [INFO] Valid: Epoch: [25][300/391]	Step 10166	Loss 1.8268	Prec@(1,5) (51.6%, 81.5%)
10/03 05:54:54午後 searchStage_trainer.py:311 [INFO] Valid: Epoch: [25][390/391]	Step 10166	Loss 1.8276	Prec@(1,5) (51.7%, 81.5%)
10/03 05:54:54午後 searchStage_trainer.py:322 [INFO] Valid: [ 25/49] Final Prec@1 51.6680%
10/03 05:54:54午後 searchStage_KD_main.py:71 [INFO] DAG = Genotype2(DAG1=[[('skip_connect', 0), ('skip_connect', 1)], [('skip_connect', 0), ('skip_connect', 1)], [('skip_connect', 3), ('skip_connect', 1)], [('skip_connect', 3), ('skip_connect', 4)], [('skip_connect', 3), ('skip_connect', 4)], [('skip_connect', 4), ('skip_connect', 6)]], DAG1_concat=range(6, 8), DAG2=[[('skip_connect', 0), ('skip_connect', 1)], [('skip_connect', 0), ('skip_connect', 1)], [('skip_connect', 1), ('skip_connect', 2)], [('skip_connect', 3), ('skip_connect', 2)], [('skip_connect', 3), ('skip_connect', 4)], [('skip_connect', 5), ('skip_connect', 4)]], DAG2_concat=range(6, 8), DAG3=[[('skip_connect', 1), ('skip_connect', 0)], [('skip_connect', 1), ('skip_connect', 0)], [('skip_connect', 1), ('skip_connect', 2)], [('skip_connect', 2), ('skip_connect', 3)], [('skip_connect', 4), ('skip_connect', 3)], [('skip_connect', 4), ('skip_connect', 5)]], DAG3_concat=range(6, 8))
10/03 05:54:54午後 searchStage_KD_main.py:102 [INFO] Until now, best Prec@1 = 51.6680%
10/03 05:55:42午後 searchStage_ArchKD_trainer.py:165 [INFO] Train: Epoch: [26][100/390]	Step 10266	lr 0.01225	Loss 0.9359 (1.0757)	Arch Loss 2.2074 (2.0351)	Arch Hard Loss 2.0293 (1.8571)	Arch Alpha Loss 0.1781 (0.1780)	Arch depth Loss -0.0000 (0.0000)	Prec@(1,5) (67.9%, 92.6%)	
10/03 05:56:29午後 searchStage_ArchKD_trainer.py:165 [INFO] Train: Epoch: [26][200/390]	Step 10366	lr 0.01225	Loss 1.4381 (1.1309)	Arch Loss 2.3946 (2.0186)	Arch Hard Loss 2.2164 (1.8405)	Arch Alpha Loss 0.1782 (0.1781)	Arch depth Loss -0.0000 (0.0000)	Prec@(1,5) (66.5%, 91.9%)	
10/03 05:57:16午後 searchStage_ArchKD_trainer.py:165 [INFO] Train: Epoch: [26][300/390]	Step 10466	lr 0.01225	Loss 1.4446 (1.1544)	Arch Loss 1.7485 (2.0086)	Arch Hard Loss 1.5703 (1.8305)	Arch Alpha Loss 0.1782 (0.1781)	Arch depth Loss -0.0000 (0.0000)	Prec@(1,5) (66.0%, 91.5%)	
10/03 05:57:58午後 searchStage_ArchKD_trainer.py:165 [INFO] Train: Epoch: [26][390/390]	Step 10556	lr 0.01225	Loss 1.2396 (1.1631)	Arch Loss 2.0387 (2.0082)	Arch Hard Loss 1.8604 (1.8300)	Arch Alpha Loss 0.1784 (0.1781)	Arch depth Loss -0.0000 (0.0000)	Prec@(1,5) (65.6%, 91.3%)	
10/03 05:57:58午後 searchStage_ArchKD_trainer.py:179 [INFO] Train: [ 26/49] Final Prec@1 65.6240%
10/03 05:58:04午後 searchStage_trainer.py:311 [INFO] Valid: Epoch: [26][100/391]	Step 10557	Loss 1.8123	Prec@(1,5) (52.5%, 81.7%)
10/03 05:58:10午後 searchStage_trainer.py:311 [INFO] Valid: Epoch: [26][200/391]	Step 10557	Loss 1.8070	Prec@(1,5) (52.7%, 82.0%)
10/03 05:58:16午後 searchStage_trainer.py:311 [INFO] Valid: Epoch: [26][300/391]	Step 10557	Loss 1.8142	Prec@(1,5) (52.5%, 81.8%)
10/03 05:58:22午後 searchStage_trainer.py:311 [INFO] Valid: Epoch: [26][390/391]	Step 10557	Loss 1.8197	Prec@(1,5) (52.3%, 81.7%)
10/03 05:58:22午後 searchStage_trainer.py:322 [INFO] Valid: [ 26/49] Final Prec@1 52.3360%
10/03 05:58:22午後 searchStage_KD_main.py:71 [INFO] DAG = Genotype2(DAG1=[[('skip_connect', 0), ('skip_connect', 1)], [('skip_connect', 0), ('skip_connect', 1)], [('skip_connect', 3), ('skip_connect', 1)], [('skip_connect', 3), ('skip_connect', 4)], [('skip_connect', 3), ('skip_connect', 4)], [('skip_connect', 4), ('skip_connect', 6)]], DAG1_concat=range(6, 8), DAG2=[[('skip_connect', 0), ('skip_connect', 1)], [('skip_connect', 0), ('skip_connect', 1)], [('skip_connect', 1), ('skip_connect', 2)], [('skip_connect', 3), ('skip_connect', 2)], [('skip_connect', 3), ('skip_connect', 4)], [('skip_connect', 5), ('skip_connect', 4)]], DAG2_concat=range(6, 8), DAG3=[[('skip_connect', 1), ('skip_connect', 0)], [('skip_connect', 1), ('skip_connect', 0)], [('skip_connect', 1), ('skip_connect', 2)], [('skip_connect', 2), ('skip_connect', 3)], [('skip_connect', 4), ('skip_connect', 3)], [('skip_connect', 4), ('skip_connect', 5)]], DAG3_concat=range(6, 8))
10/03 05:58:22午後 searchStage_KD_main.py:102 [INFO] Until now, best Prec@1 = 52.3360%
10/03 05:59:09午後 searchStage_ArchKD_trainer.py:165 [INFO] Train: Epoch: [27][100/390]	Step 10657	lr 0.0115	Loss 1.0683 (1.0748)	Arch Loss 2.2273 (1.9548)	Arch Hard Loss 2.0489 (1.7764)	Arch Alpha Loss 0.1783 (0.1784)	Arch depth Loss -0.0000 (0.0000)	Prec@(1,5) (68.4%, 92.6%)	
10/03 05:59:55午後 searchStage_ArchKD_trainer.py:165 [INFO] Train: Epoch: [27][200/390]	Step 10757	lr 0.0115	Loss 1.3297 (1.0798)	Arch Loss 1.9153 (1.9810)	Arch Hard Loss 1.7368 (1.8026)	Arch Alpha Loss 0.1785 (0.1784)	Arch depth Loss -0.0000 (0.0000)	Prec@(1,5) (68.2%, 92.4%)	
10/03 06:00:42午後 searchStage_ArchKD_trainer.py:165 [INFO] Train: Epoch: [27][300/390]	Step 10857	lr 0.0115	Loss 1.1896 (1.1073)	Arch Loss 1.7716 (2.0038)	Arch Hard Loss 1.5928 (1.8253)	Arch Alpha Loss 0.1787 (0.1785)	Arch depth Loss -0.0000 (0.0000)	Prec@(1,5) (67.4%, 92.2%)	
10/03 06:01:24午後 searchStage_ArchKD_trainer.py:165 [INFO] Train: Epoch: [27][390/390]	Step 10947	lr 0.0115	Loss 0.9664 (1.1171)	Arch Loss 1.4926 (1.9968)	Arch Hard Loss 1.3138 (1.8182)	Arch Alpha Loss 0.1788 (0.1786)	Arch depth Loss -0.0000 (0.0000)	Prec@(1,5) (67.1%, 92.0%)	
10/03 06:01:25午後 searchStage_ArchKD_trainer.py:179 [INFO] Train: [ 27/49] Final Prec@1 67.1080%
10/03 06:01:31午後 searchStage_trainer.py:311 [INFO] Valid: Epoch: [27][100/391]	Step 10948	Loss 1.7869	Prec@(1,5) (52.8%, 82.4%)
10/03 06:01:37午後 searchStage_trainer.py:311 [INFO] Valid: Epoch: [27][200/391]	Step 10948	Loss 1.7952	Prec@(1,5) (53.0%, 82.2%)
10/03 06:01:43午後 searchStage_trainer.py:311 [INFO] Valid: Epoch: [27][300/391]	Step 10948	Loss 1.7830	Prec@(1,5) (53.1%, 82.5%)
10/03 06:01:49午後 searchStage_trainer.py:311 [INFO] Valid: Epoch: [27][390/391]	Step 10948	Loss 1.7824	Prec@(1,5) (53.2%, 82.5%)
10/03 06:01:49午後 searchStage_trainer.py:322 [INFO] Valid: [ 27/49] Final Prec@1 53.1640%
10/03 06:01:49午後 searchStage_KD_main.py:71 [INFO] DAG = Genotype2(DAG1=[[('skip_connect', 0), ('skip_connect', 1)], [('skip_connect', 0), ('skip_connect', 1)], [('skip_connect', 3), ('skip_connect', 1)], [('skip_connect', 3), ('skip_connect', 4)], [('skip_connect', 3), ('skip_connect', 4)], [('skip_connect', 4), ('skip_connect', 6)]], DAG1_concat=range(6, 8), DAG2=[[('skip_connect', 0), ('skip_connect', 1)], [('skip_connect', 0), ('skip_connect', 1)], [('skip_connect', 1), ('skip_connect', 2)], [('skip_connect', 3), ('skip_connect', 2)], [('skip_connect', 3), ('skip_connect', 4)], [('skip_connect', 5), ('skip_connect', 4)]], DAG2_concat=range(6, 8), DAG3=[[('skip_connect', 1), ('skip_connect', 0)], [('skip_connect', 1), ('skip_connect', 0)], [('skip_connect', 1), ('skip_connect', 2)], [('skip_connect', 2), ('skip_connect', 3)], [('skip_connect', 4), ('skip_connect', 3)], [('skip_connect', 4), ('skip_connect', 5)]], DAG3_concat=range(6, 8))
10/03 06:01:49午後 searchStage_KD_main.py:102 [INFO] Until now, best Prec@1 = 53.1640%
10/03 06:02:37午後 searchStage_ArchKD_trainer.py:165 [INFO] Train: Epoch: [28][100/390]	Step 11048	lr 0.01075	Loss 0.8865 (1.0165)	Arch Loss 1.7513 (1.9961)	Arch Hard Loss 1.5721 (1.8171)	Arch Alpha Loss 0.1792 (0.1790)	Arch depth Loss -0.0000 (0.0000)	Prec@(1,5) (70.1%, 93.3%)	
10/03 06:03:24午後 searchStage_ArchKD_trainer.py:165 [INFO] Train: Epoch: [28][200/390]	Step 11148	lr 0.01075	Loss 1.0518 (1.0479)	Arch Loss 2.1419 (1.9653)	Arch Hard Loss 1.9628 (1.7862)	Arch Alpha Loss 0.1792 (0.1791)	Arch depth Loss -0.0000 (0.0000)	Prec@(1,5) (69.1%, 93.1%)	
10/03 06:04:11午後 searchStage_ArchKD_trainer.py:165 [INFO] Train: Epoch: [28][300/390]	Step 11248	lr 0.01075	Loss 1.3210 (1.0561)	Arch Loss 1.8382 (1.9950)	Arch Hard Loss 1.6588 (1.8158)	Arch Alpha Loss 0.1794 (0.1792)	Arch depth Loss -0.0000 (0.0000)	Prec@(1,5) (68.6%, 92.9%)	
10/03 06:04:52午後 searchStage_ArchKD_trainer.py:165 [INFO] Train: Epoch: [28][390/390]	Step 11338	lr 0.01075	Loss 1.3130 (1.0630)	Arch Loss 1.9037 (1.9950)	Arch Hard Loss 1.7241 (1.8157)	Arch Alpha Loss 0.1796 (0.1793)	Arch depth Loss -0.0000 (0.0000)	Prec@(1,5) (68.2%, 92.8%)	
10/03 06:04:53午後 searchStage_ArchKD_trainer.py:179 [INFO] Train: [ 28/49] Final Prec@1 68.2200%
10/03 06:04:59午後 searchStage_trainer.py:311 [INFO] Valid: Epoch: [28][100/391]	Step 11339	Loss 1.8055	Prec@(1,5) (53.4%, 82.4%)
10/03 06:05:05午後 searchStage_trainer.py:311 [INFO] Valid: Epoch: [28][200/391]	Step 11339	Loss 1.8076	Prec@(1,5) (53.1%, 82.3%)
10/03 06:05:11午後 searchStage_trainer.py:311 [INFO] Valid: Epoch: [28][300/391]	Step 11339	Loss 1.8081	Prec@(1,5) (53.3%, 82.4%)
10/03 06:05:17午後 searchStage_trainer.py:311 [INFO] Valid: Epoch: [28][390/391]	Step 11339	Loss 1.8083	Prec@(1,5) (53.3%, 82.2%)
10/03 06:05:17午後 searchStage_trainer.py:322 [INFO] Valid: [ 28/49] Final Prec@1 53.3480%
10/03 06:05:17午後 searchStage_KD_main.py:71 [INFO] DAG = Genotype2(DAG1=[[('skip_connect', 0), ('skip_connect', 1)], [('skip_connect', 0), ('skip_connect', 1)], [('skip_connect', 3), ('skip_connect', 1)], [('skip_connect', 3), ('skip_connect', 4)], [('skip_connect', 3), ('skip_connect', 4)], [('skip_connect', 4), ('skip_connect', 6)]], DAG1_concat=range(6, 8), DAG2=[[('skip_connect', 0), ('skip_connect', 1)], [('skip_connect', 0), ('skip_connect', 1)], [('skip_connect', 1), ('skip_connect', 2)], [('skip_connect', 3), ('skip_connect', 2)], [('skip_connect', 3), ('skip_connect', 4)], [('skip_connect', 5), ('skip_connect', 4)]], DAG2_concat=range(6, 8), DAG3=[[('skip_connect', 1), ('skip_connect', 0)], [('skip_connect', 1), ('skip_connect', 0)], [('skip_connect', 1), ('skip_connect', 2)], [('skip_connect', 2), ('skip_connect', 3)], [('skip_connect', 4), ('skip_connect', 3)], [('skip_connect', 5), ('skip_connect', 4)]], DAG3_concat=range(6, 8))
10/03 06:05:17午後 searchStage_KD_main.py:102 [INFO] Until now, best Prec@1 = 53.3480%
