06/26 04:07:47PM parser.py:28 [INFO] 
06/26 04:07:47PM parser.py:29 [INFO] Parameters:
06/26 04:07:47PM parser.py:31 [INFO] BATCH_SIZE=64
06/26 04:07:47PM parser.py:31 [INFO] CUTOUT_LENGTH=0
06/26 04:07:47PM parser.py:31 [INFO] DATA_PATH=../data/
06/26 04:07:47PM parser.py:31 [INFO] DATASET=cifar10
06/26 04:07:47PM parser.py:31 [INFO] EPOCHS=25
06/26 04:07:47PM parser.py:31 [INFO] EXP_NAME=E25-20240626-160747
06/26 04:07:47PM parser.py:31 [INFO] GPUS=[0]
06/26 04:07:47PM parser.py:31 [INFO] LOCAL_RANK=0
06/26 04:07:47PM parser.py:31 [INFO] LOGGER=<Logger H-DAS (INFO)>
06/26 04:07:47PM parser.py:31 [INFO] MODEL_NAME=resnet50
06/26 04:07:47PM parser.py:31 [INFO] NAME=FINETUNE
06/26 04:07:47PM parser.py:31 [INFO] PATH=results/teacher/cifar10/resnet50/FINETUNE/E25-20240626-160747
06/26 04:07:47PM parser.py:31 [INFO] PLOT_PATH=results/teacher/cifar10/resnet50/FINETUNE/E25-20240626-160747/plots
06/26 04:07:47PM parser.py:31 [INFO] PRINT_FREQ=50
06/26 04:07:47PM parser.py:31 [INFO] RESUME_PATH=None
06/26 04:07:47PM parser.py:31 [INFO] SAVE=E25
06/26 04:07:47PM parser.py:31 [INFO] SEED=0
06/26 04:07:47PM parser.py:31 [INFO] TRAIN_PORTION=1.0
06/26 04:07:47PM parser.py:31 [INFO] W_GRAD_CLIP=5.0
06/26 04:07:47PM parser.py:31 [INFO] W_LR=0.025
06/26 04:07:47PM parser.py:31 [INFO] W_LR_MIN=0.001
06/26 04:07:47PM parser.py:31 [INFO] W_MOMENTUM=0.9
06/26 04:07:47PM parser.py:31 [INFO] W_WEIGHT_DECAY=0.0003
06/26 04:07:47PM parser.py:31 [INFO] WORKERS=4
06/26 04:07:47PM parser.py:32 [INFO] 
06/26 04:07:51PM finetuneTeacher_trainer.py:109 [INFO] --> No loaded checkpoint!
06/26 04:07:53PM finetuneTeacher_trainer.py:171 [INFO] Train: Epoch: [0][50/781]	Step 50	lr 0.025	Loss 1.5506 (1.9795)	Prec@(1,5) (29.9%, 76.7%)	
06/26 04:07:55PM finetuneTeacher_trainer.py:171 [INFO] Train: Epoch: [0][100/781]	Step 100	lr 0.025	Loss 1.1670 (1.7665)	Prec@(1,5) (38.2%, 84.0%)	
06/26 04:07:57PM finetuneTeacher_trainer.py:171 [INFO] Train: Epoch: [0][150/781]	Step 150	lr 0.025	Loss 1.3435 (1.6643)	Prec@(1,5) (42.4%, 87.0%)	
06/26 04:07:58PM finetuneTeacher_trainer.py:171 [INFO] Train: Epoch: [0][200/781]	Step 200	lr 0.025	Loss 1.6437 (1.6090)	Prec@(1,5) (44.7%, 88.6%)	
06/26 04:08:00PM finetuneTeacher_trainer.py:171 [INFO] Train: Epoch: [0][250/781]	Step 250	lr 0.025	Loss 1.4869 (1.5758)	Prec@(1,5) (46.2%, 89.6%)	
06/26 04:08:01PM finetuneTeacher_trainer.py:171 [INFO] Train: Epoch: [0][300/781]	Step 300	lr 0.025	Loss 1.1567 (1.5519)	Prec@(1,5) (47.2%, 90.1%)	
06/26 04:08:03PM finetuneTeacher_trainer.py:171 [INFO] Train: Epoch: [0][350/781]	Step 350	lr 0.025	Loss 1.1617 (1.5154)	Prec@(1,5) (48.6%, 90.7%)	
06/26 04:08:04PM finetuneTeacher_trainer.py:171 [INFO] Train: Epoch: [0][400/781]	Step 400	lr 0.025	Loss 1.4042 (1.4949)	Prec@(1,5) (49.4%, 91.1%)	
06/26 04:08:06PM finetuneTeacher_trainer.py:171 [INFO] Train: Epoch: [0][450/781]	Step 450	lr 0.025	Loss 1.4436 (1.4752)	Prec@(1,5) (50.3%, 91.4%)	
06/26 04:08:07PM finetuneTeacher_trainer.py:171 [INFO] Train: Epoch: [0][500/781]	Step 500	lr 0.025	Loss 1.2706 (1.4469)	Prec@(1,5) (51.2%, 91.8%)	
06/26 04:08:09PM finetuneTeacher_trainer.py:171 [INFO] Train: Epoch: [0][550/781]	Step 550	lr 0.025	Loss 1.1199 (1.4219)	Prec@(1,5) (52.1%, 92.1%)	
06/26 04:08:10PM finetuneTeacher_trainer.py:171 [INFO] Train: Epoch: [0][600/781]	Step 600	lr 0.025	Loss 1.1668 (1.4019)	Prec@(1,5) (52.9%, 92.3%)	
06/26 04:08:12PM finetuneTeacher_trainer.py:171 [INFO] Train: Epoch: [0][650/781]	Step 650	lr 0.025	Loss 0.8614 (1.3776)	Prec@(1,5) (53.7%, 92.6%)	
06/26 04:08:13PM finetuneTeacher_trainer.py:171 [INFO] Train: Epoch: [0][700/781]	Step 700	lr 0.025	Loss 1.1372 (1.3570)	Prec@(1,5) (54.4%, 92.8%)	
06/26 04:08:14PM finetuneTeacher_trainer.py:171 [INFO] Train: Epoch: [0][750/781]	Step 750	lr 0.025	Loss 1.0314 (1.3370)	Prec@(1,5) (55.2%, 93.1%)	
06/26 04:08:15PM finetuneTeacher_trainer.py:171 [INFO] Train: Epoch: [0][781/781]	Step 781	lr 0.025	Loss 1.0328 (1.3261)	Prec@(1,5) (55.6%, 93.2%)	
06/26 04:08:17PM finetuneTeacher_trainer.py:181 [INFO] Train: [  0/24] Final Prec@1 55.5720%
06/26 04:08:17PM finetuneTeacher_trainer.py:209 [INFO] Valid: Epoch: [0][50/391]	Step 782	Loss 1.2233	Prec@(1,5) (61.0%, 95.8%)
06/26 04:08:18PM finetuneTeacher_trainer.py:209 [INFO] Valid: Epoch: [0][100/391]	Step 782	Loss 1.2199	Prec@(1,5) (60.8%, 95.3%)
06/26 04:08:18PM finetuneTeacher_trainer.py:209 [INFO] Valid: Epoch: [0][150/391]	Step 782	Loss 1.2337	Prec@(1,5) (60.5%, 95.3%)
06/26 04:08:18PM finetuneTeacher_trainer.py:209 [INFO] Valid: Epoch: [0][200/391]	Step 782	Loss 1.2491	Prec@(1,5) (60.1%, 95.2%)
06/26 04:08:19PM finetuneTeacher_trainer.py:209 [INFO] Valid: Epoch: [0][250/391]	Step 782	Loss 1.2478	Prec@(1,5) (59.9%, 95.3%)
06/26 04:08:19PM finetuneTeacher_trainer.py:209 [INFO] Valid: Epoch: [0][300/391]	Step 782	Loss 1.2458	Prec@(1,5) (60.0%, 95.2%)
06/26 04:08:20PM finetuneTeacher_trainer.py:209 [INFO] Valid: Epoch: [0][350/391]	Step 782	Loss 1.2532	Prec@(1,5) (59.7%, 95.2%)
06/26 04:08:20PM finetuneTeacher_trainer.py:209 [INFO] Valid: Epoch: [0][390/391]	Step 782	Loss 1.2522	Prec@(1,5) (59.7%, 95.2%)
06/26 04:08:20PM finetuneTeacher_trainer.py:216 [INFO] Valid: [  0/24] Final Prec@1 59.7080%
06/26 04:08:21午後 finetuneTeacher_main.py:54 [INFO] Until now, best Prec@1 = 59.7080%
06/26 04:08:23午後 finetuneTeacher_trainer.py:171 [INFO] Train: Epoch: [1][50/781]	Step 832	lr 0.02491	Loss 1.0277 (1.0364)	Prec@(1,5) (65.2%, 96.3%)	
06/26 04:08:25午後 finetuneTeacher_trainer.py:171 [INFO] Train: Epoch: [1][100/781]	Step 882	lr 0.02491	Loss 1.1350 (1.0276)	Prec@(1,5) (65.7%, 96.3%)	
06/26 04:08:27午後 finetuneTeacher_trainer.py:171 [INFO] Train: Epoch: [1][150/781]	Step 932	lr 0.02491	Loss 0.9394 (1.0047)	Prec@(1,5) (66.6%, 96.5%)	
06/26 04:08:29午後 finetuneTeacher_trainer.py:171 [INFO] Train: Epoch: [1][200/781]	Step 982	lr 0.02491	Loss 0.9576 (1.0069)	Prec@(1,5) (66.6%, 96.5%)	
06/26 04:08:31午後 finetuneTeacher_trainer.py:171 [INFO] Train: Epoch: [1][250/781]	Step 1032	lr 0.02491	Loss 0.9219 (0.9933)	Prec@(1,5) (66.9%, 96.6%)	
06/26 04:08:33午後 finetuneTeacher_trainer.py:171 [INFO] Train: Epoch: [1][300/781]	Step 1082	lr 0.02491	Loss 0.9292 (0.9813)	Prec@(1,5) (67.5%, 96.6%)	
06/26 04:08:35午後 finetuneTeacher_trainer.py:171 [INFO] Train: Epoch: [1][350/781]	Step 1132	lr 0.02491	Loss 1.1570 (0.9692)	Prec@(1,5) (67.8%, 96.7%)	
06/26 04:08:36午後 finetuneTeacher_trainer.py:171 [INFO] Train: Epoch: [1][400/781]	Step 1182	lr 0.02491	Loss 0.9533 (0.9609)	Prec@(1,5) (68.1%, 96.7%)	
06/26 04:08:38午後 finetuneTeacher_trainer.py:171 [INFO] Train: Epoch: [1][450/781]	Step 1232	lr 0.02491	Loss 0.8860 (0.9524)	Prec@(1,5) (68.4%, 96.8%)	
06/26 04:08:40午後 finetuneTeacher_trainer.py:171 [INFO] Train: Epoch: [1][500/781]	Step 1282	lr 0.02491	Loss 1.0107 (0.9463)	Prec@(1,5) (68.6%, 96.8%)	
06/26 04:08:41午後 finetuneTeacher_trainer.py:171 [INFO] Train: Epoch: [1][550/781]	Step 1332	lr 0.02491	Loss 1.2998 (0.9412)	Prec@(1,5) (68.7%, 96.8%)	
06/26 04:08:43午後 finetuneTeacher_trainer.py:171 [INFO] Train: Epoch: [1][600/781]	Step 1382	lr 0.02491	Loss 0.8490 (0.9356)	Prec@(1,5) (68.9%, 96.8%)	
06/26 04:08:44午後 finetuneTeacher_trainer.py:171 [INFO] Train: Epoch: [1][650/781]	Step 1432	lr 0.02491	Loss 0.8152 (0.9280)	Prec@(1,5) (69.1%, 96.9%)	
06/26 04:08:46午後 finetuneTeacher_trainer.py:171 [INFO] Train: Epoch: [1][700/781]	Step 1482	lr 0.02491	Loss 0.7212 (0.9264)	Prec@(1,5) (69.1%, 96.9%)	
06/26 04:08:48午後 finetuneTeacher_trainer.py:171 [INFO] Train: Epoch: [1][750/781]	Step 1532	lr 0.02491	Loss 1.0692 (0.9213)	Prec@(1,5) (69.3%, 96.9%)	
06/26 04:08:49午後 finetuneTeacher_trainer.py:171 [INFO] Train: Epoch: [1][781/781]	Step 1563	lr 0.02491	Loss 0.8695 (0.9180)	Prec@(1,5) (69.4%, 96.9%)	
06/26 04:08:49午後 finetuneTeacher_trainer.py:181 [INFO] Train: [  1/24] Final Prec@1 69.3720%
06/26 04:08:49午後 finetuneTeacher_trainer.py:209 [INFO] Valid: Epoch: [1][50/391]	Step 1564	Loss 0.8769	Prec@(1,5) (71.6%, 97.2%)
06/26 04:08:50午後 finetuneTeacher_trainer.py:209 [INFO] Valid: Epoch: [1][100/391]	Step 1564	Loss 0.8954	Prec@(1,5) (70.9%, 97.0%)
06/26 04:08:50午後 finetuneTeacher_trainer.py:209 [INFO] Valid: Epoch: [1][150/391]	Step 1564	Loss 0.8732	Prec@(1,5) (71.5%, 97.1%)
06/26 04:08:50午後 finetuneTeacher_trainer.py:209 [INFO] Valid: Epoch: [1][200/391]	Step 1564	Loss 0.8750	Prec@(1,5) (71.2%, 97.2%)
06/26 04:08:51午後 finetuneTeacher_trainer.py:209 [INFO] Valid: Epoch: [1][250/391]	Step 1564	Loss 0.8693	Prec@(1,5) (71.3%, 97.2%)
06/26 04:08:51午後 finetuneTeacher_trainer.py:209 [INFO] Valid: Epoch: [1][300/391]	Step 1564	Loss 0.8704	Prec@(1,5) (71.5%, 97.3%)
06/26 04:08:51午後 finetuneTeacher_trainer.py:209 [INFO] Valid: Epoch: [1][350/391]	Step 1564	Loss 0.8669	Prec@(1,5) (71.7%, 97.4%)
06/26 04:08:52午後 finetuneTeacher_trainer.py:209 [INFO] Valid: Epoch: [1][390/391]	Step 1564	Loss 0.8642	Prec@(1,5) (71.7%, 97.4%)
06/26 04:08:52午後 finetuneTeacher_trainer.py:216 [INFO] Valid: [  1/24] Final Prec@1 71.7280%
06/26 04:08:52午後 finetuneTeacher_main.py:54 [INFO] Until now, best Prec@1 = 71.7280%
06/26 04:08:54午後 finetuneTeacher_trainer.py:171 [INFO] Train: Epoch: [2][50/781]	Step 1614	lr 0.02462	Loss 1.0115 (0.8029)	Prec@(1,5) (73.4%, 97.5%)	
06/26 04:08:56午後 finetuneTeacher_trainer.py:171 [INFO] Train: Epoch: [2][100/781]	Step 1664	lr 0.02462	Loss 0.6968 (0.7964)	Prec@(1,5) (73.6%, 97.7%)	
06/26 04:08:57午後 finetuneTeacher_trainer.py:171 [INFO] Train: Epoch: [2][150/781]	Step 1714	lr 0.02462	Loss 0.4663 (0.7966)	Prec@(1,5) (73.7%, 97.8%)	
06/26 04:08:59午後 finetuneTeacher_trainer.py:171 [INFO] Train: Epoch: [2][200/781]	Step 1764	lr 0.02462	Loss 0.6682 (0.7927)	Prec@(1,5) (73.5%, 97.9%)	
06/26 04:09:00午後 finetuneTeacher_trainer.py:171 [INFO] Train: Epoch: [2][250/781]	Step 1814	lr 0.02462	Loss 0.7677 (0.7975)	Prec@(1,5) (73.4%, 97.8%)	
06/26 04:09:02午後 finetuneTeacher_trainer.py:171 [INFO] Train: Epoch: [2][300/781]	Step 1864	lr 0.02462	Loss 0.8150 (0.7988)	Prec@(1,5) (73.4%, 97.8%)	
06/26 04:09:04午後 finetuneTeacher_trainer.py:171 [INFO] Train: Epoch: [2][350/781]	Step 1914	lr 0.02462	Loss 0.7762 (0.7931)	Prec@(1,5) (73.5%, 97.8%)	
06/26 04:09:05午後 finetuneTeacher_trainer.py:171 [INFO] Train: Epoch: [2][400/781]	Step 1964	lr 0.02462	Loss 0.8775 (0.7930)	Prec@(1,5) (73.6%, 97.8%)	
06/26 04:09:07午後 finetuneTeacher_trainer.py:171 [INFO] Train: Epoch: [2][450/781]	Step 2014	lr 0.02462	Loss 0.6146 (0.7898)	Prec@(1,5) (73.7%, 97.8%)	
06/26 04:09:08午後 finetuneTeacher_trainer.py:171 [INFO] Train: Epoch: [2][500/781]	Step 2064	lr 0.02462	Loss 0.7985 (0.7873)	Prec@(1,5) (73.7%, 97.8%)	
06/26 04:09:10午後 finetuneTeacher_trainer.py:171 [INFO] Train: Epoch: [2][550/781]	Step 2114	lr 0.02462	Loss 0.7646 (0.7821)	Prec@(1,5) (73.8%, 97.8%)	
06/26 04:09:11午後 finetuneTeacher_trainer.py:171 [INFO] Train: Epoch: [2][600/781]	Step 2164	lr 0.02462	Loss 0.8867 (0.7826)	Prec@(1,5) (73.7%, 97.8%)	
06/26 04:09:12午後 finetuneTeacher_trainer.py:171 [INFO] Train: Epoch: [2][650/781]	Step 2214	lr 0.02462	Loss 0.8239 (0.7786)	Prec@(1,5) (73.9%, 97.9%)	
06/26 04:09:14午後 finetuneTeacher_trainer.py:171 [INFO] Train: Epoch: [2][700/781]	Step 2264	lr 0.02462	Loss 0.7860 (0.7775)	Prec@(1,5) (73.9%, 97.8%)	
06/26 04:09:15午後 finetuneTeacher_trainer.py:171 [INFO] Train: Epoch: [2][750/781]	Step 2314	lr 0.02462	Loss 0.8779 (0.7747)	Prec@(1,5) (74.0%, 97.9%)	
06/26 04:09:16午後 finetuneTeacher_trainer.py:171 [INFO] Train: Epoch: [2][781/781]	Step 2345	lr 0.02462	Loss 0.6454 (0.7726)	Prec@(1,5) (74.0%, 97.9%)	
06/26 04:09:16午後 finetuneTeacher_trainer.py:181 [INFO] Train: [  2/24] Final Prec@1 74.0240%
06/26 04:09:17午後 finetuneTeacher_trainer.py:209 [INFO] Valid: Epoch: [2][50/391]	Step 2346	Loss 0.6448	Prec@(1,5) (77.9%, 98.9%)
06/26 04:09:17午後 finetuneTeacher_trainer.py:209 [INFO] Valid: Epoch: [2][100/391]	Step 2346	Loss 0.6593	Prec@(1,5) (78.0%, 98.5%)
06/26 04:09:18午後 finetuneTeacher_trainer.py:209 [INFO] Valid: Epoch: [2][150/391]	Step 2346	Loss 0.6662	Prec@(1,5) (77.9%, 98.3%)
06/26 04:09:18午後 finetuneTeacher_trainer.py:209 [INFO] Valid: Epoch: [2][200/391]	Step 2346	Loss 0.6705	Prec@(1,5) (77.5%, 98.3%)
06/26 04:09:18午後 finetuneTeacher_trainer.py:209 [INFO] Valid: Epoch: [2][250/391]	Step 2346	Loss 0.6651	Prec@(1,5) (77.8%, 98.3%)
06/26 04:09:19午後 finetuneTeacher_trainer.py:209 [INFO] Valid: Epoch: [2][300/391]	Step 2346	Loss 0.6640	Prec@(1,5) (77.7%, 98.3%)
06/26 04:09:19午後 finetuneTeacher_trainer.py:209 [INFO] Valid: Epoch: [2][350/391]	Step 2346	Loss 0.6660	Prec@(1,5) (77.7%, 98.3%)
06/26 04:09:19午後 finetuneTeacher_trainer.py:209 [INFO] Valid: Epoch: [2][390/391]	Step 2346	Loss 0.6658	Prec@(1,5) (77.7%, 98.3%)
06/26 04:09:19午後 finetuneTeacher_trainer.py:216 [INFO] Valid: [  2/24] Final Prec@1 77.7200%
06/26 04:09:20午後 finetuneTeacher_main.py:54 [INFO] Until now, best Prec@1 = 77.7200%
06/26 04:09:22午後 finetuneTeacher_trainer.py:171 [INFO] Train: Epoch: [3][50/781]	Step 2396	lr 0.02416	Loss 0.6135 (0.6989)	Prec@(1,5) (76.8%, 98.2%)	
06/26 04:09:24午後 finetuneTeacher_trainer.py:171 [INFO] Train: Epoch: [3][100/781]	Step 2446	lr 0.02416	Loss 0.7187 (0.6990)	Prec@(1,5) (76.5%, 98.3%)	
06/26 04:09:26午後 finetuneTeacher_trainer.py:171 [INFO] Train: Epoch: [3][150/781]	Step 2496	lr 0.02416	Loss 0.7283 (0.7051)	Prec@(1,5) (76.5%, 98.2%)	
06/26 04:09:28午後 finetuneTeacher_trainer.py:171 [INFO] Train: Epoch: [3][200/781]	Step 2546	lr 0.02416	Loss 0.6069 (0.6998)	Prec@(1,5) (76.8%, 98.2%)	
06/26 04:09:30午後 finetuneTeacher_trainer.py:171 [INFO] Train: Epoch: [3][250/781]	Step 2596	lr 0.02416	Loss 0.7478 (0.7032)	Prec@(1,5) (76.7%, 98.2%)	
06/26 04:09:32午後 finetuneTeacher_trainer.py:171 [INFO] Train: Epoch: [3][300/781]	Step 2646	lr 0.02416	Loss 0.3866 (0.7000)	Prec@(1,5) (76.8%, 98.2%)	
06/26 04:09:34午後 finetuneTeacher_trainer.py:171 [INFO] Train: Epoch: [3][350/781]	Step 2696	lr 0.02416	Loss 0.5763 (0.6970)	Prec@(1,5) (76.8%, 98.2%)	
06/26 04:09:36午後 finetuneTeacher_trainer.py:171 [INFO] Train: Epoch: [3][400/781]	Step 2746	lr 0.02416	Loss 0.4538 (0.6951)	Prec@(1,5) (76.9%, 98.3%)	
06/26 04:09:37午後 finetuneTeacher_trainer.py:171 [INFO] Train: Epoch: [3][450/781]	Step 2796	lr 0.02416	Loss 0.6926 (0.6992)	Prec@(1,5) (76.8%, 98.2%)	
06/26 04:09:39午後 finetuneTeacher_trainer.py:171 [INFO] Train: Epoch: [3][500/781]	Step 2846	lr 0.02416	Loss 0.6497 (0.6997)	Prec@(1,5) (76.7%, 98.2%)	
06/26 04:09:41午後 finetuneTeacher_trainer.py:171 [INFO] Train: Epoch: [3][550/781]	Step 2896	lr 0.02416	Loss 0.4096 (0.6985)	Prec@(1,5) (76.7%, 98.3%)	
06/26 04:09:42午後 finetuneTeacher_trainer.py:171 [INFO] Train: Epoch: [3][600/781]	Step 2946	lr 0.02416	Loss 0.6412 (0.6967)	Prec@(1,5) (76.8%, 98.3%)	
06/26 04:09:44午後 finetuneTeacher_trainer.py:171 [INFO] Train: Epoch: [3][650/781]	Step 2996	lr 0.02416	Loss 0.6028 (0.6966)	Prec@(1,5) (76.7%, 98.3%)	
06/26 04:09:45午後 finetuneTeacher_trainer.py:171 [INFO] Train: Epoch: [3][700/781]	Step 3046	lr 0.02416	Loss 0.7745 (0.6968)	Prec@(1,5) (76.8%, 98.3%)	
06/26 04:09:47午後 finetuneTeacher_trainer.py:171 [INFO] Train: Epoch: [3][750/781]	Step 3096	lr 0.02416	Loss 0.6834 (0.6946)	Prec@(1,5) (76.8%, 98.3%)	
06/26 04:09:48午後 finetuneTeacher_trainer.py:171 [INFO] Train: Epoch: [3][781/781]	Step 3127	lr 0.02416	Loss 0.6721 (0.6940)	Prec@(1,5) (76.9%, 98.3%)	
06/26 04:09:48午後 finetuneTeacher_trainer.py:181 [INFO] Train: [  3/24] Final Prec@1 76.8480%
06/26 04:09:48午後 finetuneTeacher_trainer.py:209 [INFO] Valid: Epoch: [3][50/391]	Step 3128	Loss 0.7647	Prec@(1,5) (73.1%, 97.7%)
06/26 04:09:49午後 finetuneTeacher_trainer.py:209 [INFO] Valid: Epoch: [3][100/391]	Step 3128	Loss 0.7523	Prec@(1,5) (74.0%, 97.8%)
06/26 04:09:49午後 finetuneTeacher_trainer.py:209 [INFO] Valid: Epoch: [3][150/391]	Step 3128	Loss 0.7537	Prec@(1,5) (74.1%, 97.9%)
06/26 04:09:49午後 finetuneTeacher_trainer.py:209 [INFO] Valid: Epoch: [3][200/391]	Step 3128	Loss 0.7563	Prec@(1,5) (74.1%, 97.8%)
06/26 04:09:50午後 finetuneTeacher_trainer.py:209 [INFO] Valid: Epoch: [3][250/391]	Step 3128	Loss 0.7536	Prec@(1,5) (74.2%, 97.8%)
06/26 04:09:50午後 finetuneTeacher_trainer.py:209 [INFO] Valid: Epoch: [3][300/391]	Step 3128	Loss 0.7532	Prec@(1,5) (74.3%, 97.8%)
06/26 04:09:50午後 finetuneTeacher_trainer.py:209 [INFO] Valid: Epoch: [3][350/391]	Step 3128	Loss 0.7499	Prec@(1,5) (74.4%, 97.8%)
06/26 04:09:50午後 finetuneTeacher_trainer.py:209 [INFO] Valid: Epoch: [3][390/391]	Step 3128	Loss 0.7509	Prec@(1,5) (74.4%, 97.8%)
06/26 04:09:51午後 finetuneTeacher_trainer.py:216 [INFO] Valid: [  3/24] Final Prec@1 74.3960%
06/26 04:09:51午後 finetuneTeacher_main.py:54 [INFO] Until now, best Prec@1 = 77.7200%
06/26 04:09:53午後 finetuneTeacher_trainer.py:171 [INFO] Train: Epoch: [4][50/781]	Step 3178	lr 0.02352	Loss 0.4371 (0.6386)	Prec@(1,5) (78.1%, 98.7%)	
06/26 04:09:54午後 finetuneTeacher_trainer.py:171 [INFO] Train: Epoch: [4][100/781]	Step 3228	lr 0.02352	Loss 0.5921 (0.6291)	Prec@(1,5) (78.6%, 98.7%)	
06/26 04:09:56午後 finetuneTeacher_trainer.py:171 [INFO] Train: Epoch: [4][150/781]	Step 3278	lr 0.02352	Loss 0.7318 (0.6305)	Prec@(1,5) (78.7%, 98.6%)	
06/26 04:09:58午後 finetuneTeacher_trainer.py:171 [INFO] Train: Epoch: [4][200/781]	Step 3328	lr 0.02352	Loss 0.5875 (0.6316)	Prec@(1,5) (78.4%, 98.7%)	
06/26 04:10:00午後 finetuneTeacher_trainer.py:171 [INFO] Train: Epoch: [4][250/781]	Step 3378	lr 0.02352	Loss 0.7127 (0.6343)	Prec@(1,5) (78.4%, 98.7%)	
06/26 04:10:02午後 finetuneTeacher_trainer.py:171 [INFO] Train: Epoch: [4][300/781]	Step 3428	lr 0.02352	Loss 1.0849 (0.6382)	Prec@(1,5) (78.4%, 98.7%)	
06/26 04:10:04午後 finetuneTeacher_trainer.py:171 [INFO] Train: Epoch: [4][350/781]	Step 3478	lr 0.02352	Loss 0.6203 (0.6381)	Prec@(1,5) (78.4%, 98.7%)	
06/26 04:10:05午後 finetuneTeacher_trainer.py:171 [INFO] Train: Epoch: [4][400/781]	Step 3528	lr 0.02352	Loss 0.7962 (0.6365)	Prec@(1,5) (78.5%, 98.7%)	
06/26 04:10:06午後 finetuneTeacher_trainer.py:171 [INFO] Train: Epoch: [4][450/781]	Step 3578	lr 0.02352	Loss 0.5881 (0.6361)	Prec@(1,5) (78.5%, 98.7%)	
06/26 04:10:08午後 finetuneTeacher_trainer.py:171 [INFO] Train: Epoch: [4][500/781]	Step 3628	lr 0.02352	Loss 0.5850 (0.6406)	Prec@(1,5) (78.4%, 98.6%)	
06/26 04:10:09午後 finetuneTeacher_trainer.py:171 [INFO] Train: Epoch: [4][550/781]	Step 3678	lr 0.02352	Loss 0.6626 (0.6388)	Prec@(1,5) (78.5%, 98.6%)	
06/26 04:10:11午後 finetuneTeacher_trainer.py:171 [INFO] Train: Epoch: [4][600/781]	Step 3728	lr 0.02352	Loss 0.5471 (0.6382)	Prec@(1,5) (78.5%, 98.6%)	
06/26 04:10:13午後 finetuneTeacher_trainer.py:171 [INFO] Train: Epoch: [4][650/781]	Step 3778	lr 0.02352	Loss 0.5431 (0.6376)	Prec@(1,5) (78.5%, 98.6%)	
06/26 04:10:14午後 finetuneTeacher_trainer.py:171 [INFO] Train: Epoch: [4][700/781]	Step 3828	lr 0.02352	Loss 0.8010 (0.6369)	Prec@(1,5) (78.5%, 98.6%)	
06/26 04:10:16午後 finetuneTeacher_trainer.py:171 [INFO] Train: Epoch: [4][750/781]	Step 3878	lr 0.02352	Loss 0.4340 (0.6370)	Prec@(1,5) (78.5%, 98.7%)	
06/26 04:10:17午後 finetuneTeacher_trainer.py:171 [INFO] Train: Epoch: [4][781/781]	Step 3909	lr 0.02352	Loss 0.5726 (0.6378)	Prec@(1,5) (78.5%, 98.7%)	
06/26 04:10:17午後 finetuneTeacher_trainer.py:181 [INFO] Train: [  4/24] Final Prec@1 78.5100%
06/26 04:10:18午後 finetuneTeacher_trainer.py:209 [INFO] Valid: Epoch: [4][50/391]	Step 3910	Loss 0.6773	Prec@(1,5) (77.3%, 98.4%)
06/26 04:10:18午後 finetuneTeacher_trainer.py:209 [INFO] Valid: Epoch: [4][100/391]	Step 3910	Loss 0.6804	Prec@(1,5) (76.6%, 98.2%)
06/26 04:10:18午後 finetuneTeacher_trainer.py:209 [INFO] Valid: Epoch: [4][150/391]	Step 3910	Loss 0.6809	Prec@(1,5) (76.7%, 98.2%)
06/26 04:10:19午後 finetuneTeacher_trainer.py:209 [INFO] Valid: Epoch: [4][200/391]	Step 3910	Loss 0.6695	Prec@(1,5) (77.3%, 98.3%)
06/26 04:10:19午後 finetuneTeacher_trainer.py:209 [INFO] Valid: Epoch: [4][250/391]	Step 3910	Loss 0.6674	Prec@(1,5) (77.3%, 98.3%)
06/26 04:10:19午後 finetuneTeacher_trainer.py:209 [INFO] Valid: Epoch: [4][300/391]	Step 3910	Loss 0.6652	Prec@(1,5) (77.4%, 98.3%)
06/26 04:10:20午後 finetuneTeacher_trainer.py:209 [INFO] Valid: Epoch: [4][350/391]	Step 3910	Loss 0.6672	Prec@(1,5) (77.4%, 98.3%)
06/26 04:10:20午後 finetuneTeacher_trainer.py:209 [INFO] Valid: Epoch: [4][390/391]	Step 3910	Loss 0.6709	Prec@(1,5) (77.3%, 98.2%)
06/26 04:10:20午後 finetuneTeacher_trainer.py:216 [INFO] Valid: [  4/24] Final Prec@1 77.3240%
06/26 04:10:20午後 finetuneTeacher_main.py:54 [INFO] Until now, best Prec@1 = 77.7200%
06/26 04:10:22午後 finetuneTeacher_trainer.py:171 [INFO] Train: Epoch: [5][50/781]	Step 3960	lr 0.02271	Loss 0.3542 (0.5579)	Prec@(1,5) (81.2%, 99.0%)	
06/26 04:10:24午後 finetuneTeacher_trainer.py:171 [INFO] Train: Epoch: [5][100/781]	Step 4010	lr 0.02271	Loss 0.8221 (0.5789)	Prec@(1,5) (80.5%, 98.9%)	
06/26 04:10:26午後 finetuneTeacher_trainer.py:171 [INFO] Train: Epoch: [5][150/781]	Step 4060	lr 0.02271	Loss 0.4623 (0.5916)	Prec@(1,5) (80.0%, 98.8%)	
06/26 04:10:28午後 finetuneTeacher_trainer.py:171 [INFO] Train: Epoch: [5][200/781]	Step 4110	lr 0.02271	Loss 0.7129 (0.5809)	Prec@(1,5) (80.3%, 98.8%)	
06/26 04:10:30午後 finetuneTeacher_trainer.py:171 [INFO] Train: Epoch: [5][250/781]	Step 4160	lr 0.02271	Loss 0.4172 (0.5848)	Prec@(1,5) (80.2%, 98.9%)	
06/26 04:10:32午後 finetuneTeacher_trainer.py:171 [INFO] Train: Epoch: [5][300/781]	Step 4210	lr 0.02271	Loss 0.6361 (0.5851)	Prec@(1,5) (80.2%, 98.9%)	
06/26 04:10:34午後 finetuneTeacher_trainer.py:171 [INFO] Train: Epoch: [5][350/781]	Step 4260	lr 0.02271	Loss 0.5712 (0.5823)	Prec@(1,5) (80.3%, 98.9%)	
06/26 04:10:36午後 finetuneTeacher_trainer.py:171 [INFO] Train: Epoch: [5][400/781]	Step 4310	lr 0.02271	Loss 0.5679 (0.5838)	Prec@(1,5) (80.3%, 98.8%)	
06/26 04:10:38午後 finetuneTeacher_trainer.py:171 [INFO] Train: Epoch: [5][450/781]	Step 4360	lr 0.02271	Loss 0.4220 (0.5860)	Prec@(1,5) (80.3%, 98.8%)	
06/26 04:10:40午後 finetuneTeacher_trainer.py:171 [INFO] Train: Epoch: [5][500/781]	Step 4410	lr 0.02271	Loss 0.6616 (0.5858)	Prec@(1,5) (80.3%, 98.9%)	
06/26 04:10:42午後 finetuneTeacher_trainer.py:171 [INFO] Train: Epoch: [5][550/781]	Step 4460	lr 0.02271	Loss 0.5914 (0.5865)	Prec@(1,5) (80.3%, 98.8%)	
06/26 04:10:44午後 finetuneTeacher_trainer.py:171 [INFO] Train: Epoch: [5][600/781]	Step 4510	lr 0.02271	Loss 0.6075 (0.5866)	Prec@(1,5) (80.3%, 98.8%)	
06/26 04:10:45午後 finetuneTeacher_trainer.py:171 [INFO] Train: Epoch: [5][650/781]	Step 4560	lr 0.02271	Loss 0.6828 (0.5872)	Prec@(1,5) (80.3%, 98.9%)	
06/26 04:10:47午後 finetuneTeacher_trainer.py:171 [INFO] Train: Epoch: [5][700/781]	Step 4610	lr 0.02271	Loss 0.6256 (0.5888)	Prec@(1,5) (80.2%, 98.9%)	
06/26 04:10:49午後 finetuneTeacher_trainer.py:171 [INFO] Train: Epoch: [5][750/781]	Step 4660	lr 0.02271	Loss 0.4279 (0.5893)	Prec@(1,5) (80.1%, 98.9%)	
06/26 04:10:50午後 finetuneTeacher_trainer.py:171 [INFO] Train: Epoch: [5][781/781]	Step 4691	lr 0.02271	Loss 0.4914 (0.5888)	Prec@(1,5) (80.1%, 98.9%)	
06/26 04:10:50午後 finetuneTeacher_trainer.py:181 [INFO] Train: [  5/24] Final Prec@1 80.1420%
06/26 04:10:51午後 finetuneTeacher_trainer.py:209 [INFO] Valid: Epoch: [5][50/391]	Step 4692	Loss 0.5368	Prec@(1,5) (82.5%, 99.2%)
06/26 04:10:51午後 finetuneTeacher_trainer.py:209 [INFO] Valid: Epoch: [5][100/391]	Step 4692	Loss 0.5318	Prec@(1,5) (82.0%, 99.1%)
06/26 04:10:52午後 finetuneTeacher_trainer.py:209 [INFO] Valid: Epoch: [5][150/391]	Step 4692	Loss 0.5396	Prec@(1,5) (81.6%, 99.0%)
06/26 04:10:52午後 finetuneTeacher_trainer.py:209 [INFO] Valid: Epoch: [5][200/391]	Step 4692	Loss 0.5366	Prec@(1,5) (81.7%, 99.0%)
06/26 04:10:52午後 finetuneTeacher_trainer.py:209 [INFO] Valid: Epoch: [5][250/391]	Step 4692	Loss 0.5373	Prec@(1,5) (81.7%, 99.0%)
06/26 04:10:53午後 finetuneTeacher_trainer.py:209 [INFO] Valid: Epoch: [5][300/391]	Step 4692	Loss 0.5393	Prec@(1,5) (81.6%, 99.0%)
06/26 04:10:53午後 finetuneTeacher_trainer.py:209 [INFO] Valid: Epoch: [5][350/391]	Step 4692	Loss 0.5399	Prec@(1,5) (81.6%, 99.0%)
06/26 04:10:53午後 finetuneTeacher_trainer.py:209 [INFO] Valid: Epoch: [5][390/391]	Step 4692	Loss 0.5397	Prec@(1,5) (81.6%, 99.0%)
06/26 04:10:53午後 finetuneTeacher_trainer.py:216 [INFO] Valid: [  5/24] Final Prec@1 81.6320%
06/26 04:10:54午後 finetuneTeacher_main.py:54 [INFO] Until now, best Prec@1 = 81.6320%
06/26 04:10:56午後 finetuneTeacher_trainer.py:171 [INFO] Train: Epoch: [6][50/781]	Step 4742	lr 0.02175	Loss 0.7339 (0.5713)	Prec@(1,5) (81.2%, 98.6%)	
06/26 04:10:58午後 finetuneTeacher_trainer.py:171 [INFO] Train: Epoch: [6][100/781]	Step 4792	lr 0.02175	Loss 0.5342 (0.5479)	Prec@(1,5) (81.4%, 98.8%)	
06/26 04:10:59午後 finetuneTeacher_trainer.py:171 [INFO] Train: Epoch: [6][150/781]	Step 4842	lr 0.02175	Loss 0.2658 (0.5468)	Prec@(1,5) (81.2%, 98.9%)	
06/26 04:11:01午後 finetuneTeacher_trainer.py:171 [INFO] Train: Epoch: [6][200/781]	Step 4892	lr 0.02175	Loss 0.7639 (0.5456)	Prec@(1,5) (81.4%, 98.9%)	
06/26 04:11:02午後 finetuneTeacher_trainer.py:171 [INFO] Train: Epoch: [6][250/781]	Step 4942	lr 0.02175	Loss 0.5210 (0.5520)	Prec@(1,5) (81.2%, 98.9%)	
06/26 04:11:03午後 finetuneTeacher_trainer.py:171 [INFO] Train: Epoch: [6][300/781]	Step 4992	lr 0.02175	Loss 0.6167 (0.5507)	Prec@(1,5) (81.2%, 98.9%)	
06/26 04:11:05午後 finetuneTeacher_trainer.py:171 [INFO] Train: Epoch: [6][350/781]	Step 5042	lr 0.02175	Loss 0.6336 (0.5536)	Prec@(1,5) (81.1%, 99.0%)	
06/26 04:11:07午後 finetuneTeacher_trainer.py:171 [INFO] Train: Epoch: [6][400/781]	Step 5092	lr 0.02175	Loss 0.4323 (0.5536)	Prec@(1,5) (81.1%, 99.0%)	
06/26 04:11:08午後 finetuneTeacher_trainer.py:171 [INFO] Train: Epoch: [6][450/781]	Step 5142	lr 0.02175	Loss 0.5814 (0.5512)	Prec@(1,5) (81.1%, 98.9%)	
06/26 04:11:10午後 finetuneTeacher_trainer.py:171 [INFO] Train: Epoch: [6][500/781]	Step 5192	lr 0.02175	Loss 0.5940 (0.5501)	Prec@(1,5) (81.2%, 99.0%)	
06/26 04:11:12午後 finetuneTeacher_trainer.py:171 [INFO] Train: Epoch: [6][550/781]	Step 5242	lr 0.02175	Loss 0.8165 (0.5511)	Prec@(1,5) (81.2%, 99.0%)	
06/26 04:11:13午後 finetuneTeacher_trainer.py:171 [INFO] Train: Epoch: [6][600/781]	Step 5292	lr 0.02175	Loss 0.5823 (0.5495)	Prec@(1,5) (81.3%, 99.0%)	
06/26 04:11:15午後 finetuneTeacher_trainer.py:171 [INFO] Train: Epoch: [6][650/781]	Step 5342	lr 0.02175	Loss 0.4879 (0.5501)	Prec@(1,5) (81.3%, 99.0%)	
06/26 04:11:16午後 finetuneTeacher_trainer.py:171 [INFO] Train: Epoch: [6][700/781]	Step 5392	lr 0.02175	Loss 0.8627 (0.5515)	Prec@(1,5) (81.2%, 99.0%)	
06/26 04:11:18午後 finetuneTeacher_trainer.py:171 [INFO] Train: Epoch: [6][750/781]	Step 5442	lr 0.02175	Loss 0.5589 (0.5517)	Prec@(1,5) (81.2%, 99.0%)	
06/26 04:11:19午後 finetuneTeacher_trainer.py:171 [INFO] Train: Epoch: [6][781/781]	Step 5473	lr 0.02175	Loss 0.2233 (0.5520)	Prec@(1,5) (81.2%, 99.0%)	
06/26 04:11:19午後 finetuneTeacher_trainer.py:181 [INFO] Train: [  6/24] Final Prec@1 81.2400%
06/26 04:11:20午後 finetuneTeacher_trainer.py:209 [INFO] Valid: Epoch: [6][50/391]	Step 5474	Loss 0.5291	Prec@(1,5) (81.7%, 99.0%)
06/26 04:11:20午後 finetuneTeacher_trainer.py:209 [INFO] Valid: Epoch: [6][100/391]	Step 5474	Loss 0.5296	Prec@(1,5) (81.4%, 99.0%)
06/26 04:11:20午後 finetuneTeacher_trainer.py:209 [INFO] Valid: Epoch: [6][150/391]	Step 5474	Loss 0.5293	Prec@(1,5) (81.6%, 99.0%)
06/26 04:11:21午後 finetuneTeacher_trainer.py:209 [INFO] Valid: Epoch: [6][200/391]	Step 5474	Loss 0.5365	Prec@(1,5) (81.4%, 99.0%)
06/26 04:11:21午後 finetuneTeacher_trainer.py:209 [INFO] Valid: Epoch: [6][250/391]	Step 5474	Loss 0.5362	Prec@(1,5) (81.3%, 99.1%)
06/26 04:11:21午後 finetuneTeacher_trainer.py:209 [INFO] Valid: Epoch: [6][300/391]	Step 5474	Loss 0.5365	Prec@(1,5) (81.3%, 99.1%)
06/26 04:11:22午後 finetuneTeacher_trainer.py:209 [INFO] Valid: Epoch: [6][350/391]	Step 5474	Loss 0.5316	Prec@(1,5) (81.5%, 99.2%)
06/26 04:11:22午後 finetuneTeacher_trainer.py:209 [INFO] Valid: Epoch: [6][390/391]	Step 5474	Loss 0.5316	Prec@(1,5) (81.4%, 99.2%)
06/26 04:11:22午後 finetuneTeacher_trainer.py:216 [INFO] Valid: [  6/24] Final Prec@1 81.4440%
06/26 04:11:22午後 finetuneTeacher_main.py:54 [INFO] Until now, best Prec@1 = 81.6320%
06/26 04:11:24午後 finetuneTeacher_trainer.py:171 [INFO] Train: Epoch: [7][50/781]	Step 5524	lr 0.02065	Loss 0.5331 (0.4985)	Prec@(1,5) (83.0%, 99.1%)	
06/26 04:11:26午後 finetuneTeacher_trainer.py:171 [INFO] Train: Epoch: [7][100/781]	Step 5574	lr 0.02065	Loss 0.5740 (0.5217)	Prec@(1,5) (82.4%, 99.0%)	
06/26 04:11:28午後 finetuneTeacher_trainer.py:171 [INFO] Train: Epoch: [7][150/781]	Step 5624	lr 0.02065	Loss 0.6298 (0.5166)	Prec@(1,5) (82.9%, 99.0%)	
06/26 04:11:30午後 finetuneTeacher_trainer.py:171 [INFO] Train: Epoch: [7][200/781]	Step 5674	lr 0.02065	Loss 0.4438 (0.5199)	Prec@(1,5) (82.7%, 99.0%)	
06/26 04:11:32午後 finetuneTeacher_trainer.py:171 [INFO] Train: Epoch: [7][250/781]	Step 5724	lr 0.02065	Loss 0.4564 (0.5208)	Prec@(1,5) (82.6%, 99.0%)	
06/26 04:11:33午後 finetuneTeacher_trainer.py:171 [INFO] Train: Epoch: [7][300/781]	Step 5774	lr 0.02065	Loss 0.6952 (0.5221)	Prec@(1,5) (82.7%, 99.0%)	
06/26 04:11:35午後 finetuneTeacher_trainer.py:171 [INFO] Train: Epoch: [7][350/781]	Step 5824	lr 0.02065	Loss 0.4970 (0.5202)	Prec@(1,5) (82.7%, 99.0%)	
06/26 04:11:37午後 finetuneTeacher_trainer.py:171 [INFO] Train: Epoch: [7][400/781]	Step 5874	lr 0.02065	Loss 0.3947 (0.5176)	Prec@(1,5) (82.6%, 99.0%)	
06/26 04:11:38午後 finetuneTeacher_trainer.py:171 [INFO] Train: Epoch: [7][450/781]	Step 5924	lr 0.02065	Loss 0.7115 (0.5179)	Prec@(1,5) (82.7%, 99.0%)	
06/26 04:11:40午後 finetuneTeacher_trainer.py:171 [INFO] Train: Epoch: [7][500/781]	Step 5974	lr 0.02065	Loss 0.4894 (0.5158)	Prec@(1,5) (82.8%, 99.0%)	
06/26 04:11:42午後 finetuneTeacher_trainer.py:171 [INFO] Train: Epoch: [7][550/781]	Step 6024	lr 0.02065	Loss 0.4553 (0.5196)	Prec@(1,5) (82.6%, 99.0%)	
06/26 04:11:44午後 finetuneTeacher_trainer.py:171 [INFO] Train: Epoch: [7][600/781]	Step 6074	lr 0.02065	Loss 0.5154 (0.5182)	Prec@(1,5) (82.6%, 99.0%)	
06/26 04:11:46午後 finetuneTeacher_trainer.py:171 [INFO] Train: Epoch: [7][650/781]	Step 6124	lr 0.02065	Loss 0.3300 (0.5169)	Prec@(1,5) (82.7%, 99.0%)	
06/26 04:11:48午後 finetuneTeacher_trainer.py:171 [INFO] Train: Epoch: [7][700/781]	Step 6174	lr 0.02065	Loss 0.7802 (0.5163)	Prec@(1,5) (82.6%, 99.0%)	
06/26 04:11:50午後 finetuneTeacher_trainer.py:171 [INFO] Train: Epoch: [7][750/781]	Step 6224	lr 0.02065	Loss 0.6887 (0.5182)	Prec@(1,5) (82.6%, 99.0%)	
06/26 04:11:51午後 finetuneTeacher_trainer.py:171 [INFO] Train: Epoch: [7][781/781]	Step 6255	lr 0.02065	Loss 0.5826 (0.5207)	Prec@(1,5) (82.5%, 99.0%)	
06/26 04:11:51午後 finetuneTeacher_trainer.py:181 [INFO] Train: [  7/24] Final Prec@1 82.4980%
06/26 04:11:52午後 finetuneTeacher_trainer.py:209 [INFO] Valid: Epoch: [7][50/391]	Step 6256	Loss 0.6135	Prec@(1,5) (78.2%, 98.8%)
06/26 04:11:52午後 finetuneTeacher_trainer.py:209 [INFO] Valid: Epoch: [7][100/391]	Step 6256	Loss 0.6086	Prec@(1,5) (78.3%, 98.9%)
06/26 04:11:52午後 finetuneTeacher_trainer.py:209 [INFO] Valid: Epoch: [7][150/391]	Step 6256	Loss 0.5960	Prec@(1,5) (78.7%, 98.9%)
06/26 04:11:53午後 finetuneTeacher_trainer.py:209 [INFO] Valid: Epoch: [7][200/391]	Step 6256	Loss 0.5951	Prec@(1,5) (79.0%, 99.0%)
06/26 04:11:53午後 finetuneTeacher_trainer.py:209 [INFO] Valid: Epoch: [7][250/391]	Step 6256	Loss 0.6031	Prec@(1,5) (78.6%, 98.9%)
06/26 04:11:53午後 finetuneTeacher_trainer.py:209 [INFO] Valid: Epoch: [7][300/391]	Step 6256	Loss 0.6018	Prec@(1,5) (78.8%, 98.9%)
06/26 04:11:54午後 finetuneTeacher_trainer.py:209 [INFO] Valid: Epoch: [7][350/391]	Step 6256	Loss 0.5964	Prec@(1,5) (79.0%, 99.0%)
06/26 04:11:54午後 finetuneTeacher_trainer.py:209 [INFO] Valid: Epoch: [7][390/391]	Step 6256	Loss 0.5941	Prec@(1,5) (79.2%, 99.0%)
06/26 04:11:54午後 finetuneTeacher_trainer.py:216 [INFO] Valid: [  7/24] Final Prec@1 79.1680%
06/26 04:11:54午後 finetuneTeacher_main.py:54 [INFO] Until now, best Prec@1 = 81.6320%
06/26 04:11:56午後 finetuneTeacher_trainer.py:171 [INFO] Train: Epoch: [8][50/781]	Step 6306	lr 0.01943	Loss 0.2870 (0.5063)	Prec@(1,5) (83.1%, 99.0%)	
06/26 04:11:58午後 finetuneTeacher_trainer.py:171 [INFO] Train: Epoch: [8][100/781]	Step 6356	lr 0.01943	Loss 0.3325 (0.4942)	Prec@(1,5) (83.3%, 99.3%)	
06/26 04:12:00午後 finetuneTeacher_trainer.py:171 [INFO] Train: Epoch: [8][150/781]	Step 6406	lr 0.01943	Loss 0.3421 (0.4914)	Prec@(1,5) (83.3%, 99.3%)	
06/26 04:12:02午後 finetuneTeacher_trainer.py:171 [INFO] Train: Epoch: [8][200/781]	Step 6456	lr 0.01943	Loss 0.3989 (0.4870)	Prec@(1,5) (83.5%, 99.3%)	
06/26 04:12:04午後 finetuneTeacher_trainer.py:171 [INFO] Train: Epoch: [8][250/781]	Step 6506	lr 0.01943	Loss 0.7376 (0.4874)	Prec@(1,5) (83.5%, 99.3%)	
06/26 04:12:06午後 finetuneTeacher_trainer.py:171 [INFO] Train: Epoch: [8][300/781]	Step 6556	lr 0.01943	Loss 0.7254 (0.4912)	Prec@(1,5) (83.3%, 99.2%)	
06/26 04:12:08午後 finetuneTeacher_trainer.py:171 [INFO] Train: Epoch: [8][350/781]	Step 6606	lr 0.01943	Loss 0.5326 (0.4878)	Prec@(1,5) (83.4%, 99.2%)	
06/26 04:12:10午後 finetuneTeacher_trainer.py:171 [INFO] Train: Epoch: [8][400/781]	Step 6656	lr 0.01943	Loss 0.4148 (0.4913)	Prec@(1,5) (83.3%, 99.2%)	
06/26 04:12:12午後 finetuneTeacher_trainer.py:171 [INFO] Train: Epoch: [8][450/781]	Step 6706	lr 0.01943	Loss 0.5812 (0.4917)	Prec@(1,5) (83.3%, 99.2%)	
06/26 04:12:14午後 finetuneTeacher_trainer.py:171 [INFO] Train: Epoch: [8][500/781]	Step 6756	lr 0.01943	Loss 0.4217 (0.4918)	Prec@(1,5) (83.2%, 99.2%)	
06/26 04:12:16午後 finetuneTeacher_trainer.py:171 [INFO] Train: Epoch: [8][550/781]	Step 6806	lr 0.01943	Loss 0.4004 (0.4946)	Prec@(1,5) (83.2%, 99.2%)	
06/26 04:12:18午後 finetuneTeacher_trainer.py:171 [INFO] Train: Epoch: [8][600/781]	Step 6856	lr 0.01943	Loss 0.4966 (0.4952)	Prec@(1,5) (83.2%, 99.2%)	
06/26 04:12:20午後 finetuneTeacher_trainer.py:171 [INFO] Train: Epoch: [8][650/781]	Step 6906	lr 0.01943	Loss 0.2549 (0.4954)	Prec@(1,5) (83.2%, 99.2%)	
06/26 04:12:21午後 finetuneTeacher_trainer.py:171 [INFO] Train: Epoch: [8][700/781]	Step 6956	lr 0.01943	Loss 0.4373 (0.4934)	Prec@(1,5) (83.2%, 99.2%)	
06/26 04:12:23午後 finetuneTeacher_trainer.py:171 [INFO] Train: Epoch: [8][750/781]	Step 7006	lr 0.01943	Loss 0.4750 (0.4942)	Prec@(1,5) (83.2%, 99.2%)	
06/26 04:12:25午後 finetuneTeacher_trainer.py:171 [INFO] Train: Epoch: [8][781/781]	Step 7037	lr 0.01943	Loss 0.3699 (0.4938)	Prec@(1,5) (83.3%, 99.2%)	
06/26 04:12:25午後 finetuneTeacher_trainer.py:181 [INFO] Train: [  8/24] Final Prec@1 83.2580%
06/26 04:12:25午後 finetuneTeacher_trainer.py:209 [INFO] Valid: Epoch: [8][50/391]	Step 7038	Loss 0.4427	Prec@(1,5) (84.8%, 99.1%)
06/26 04:12:26午後 finetuneTeacher_trainer.py:209 [INFO] Valid: Epoch: [8][100/391]	Step 7038	Loss 0.4389	Prec@(1,5) (84.9%, 99.2%)
06/26 04:12:26午後 finetuneTeacher_trainer.py:209 [INFO] Valid: Epoch: [8][150/391]	Step 7038	Loss 0.4450	Prec@(1,5) (84.8%, 99.3%)
06/26 04:12:26午後 finetuneTeacher_trainer.py:209 [INFO] Valid: Epoch: [8][200/391]	Step 7038	Loss 0.4391	Prec@(1,5) (84.8%, 99.3%)
06/26 04:12:27午後 finetuneTeacher_trainer.py:209 [INFO] Valid: Epoch: [8][250/391]	Step 7038	Loss 0.4377	Prec@(1,5) (85.0%, 99.4%)
06/26 04:12:27午後 finetuneTeacher_trainer.py:209 [INFO] Valid: Epoch: [8][300/391]	Step 7038	Loss 0.4396	Prec@(1,5) (84.9%, 99.3%)
06/26 04:12:27午後 finetuneTeacher_trainer.py:209 [INFO] Valid: Epoch: [8][350/391]	Step 7038	Loss 0.4405	Prec@(1,5) (84.9%, 99.3%)
06/26 04:12:28午後 finetuneTeacher_trainer.py:209 [INFO] Valid: Epoch: [8][390/391]	Step 7038	Loss 0.4425	Prec@(1,5) (84.8%, 99.3%)
06/26 04:12:28午後 finetuneTeacher_trainer.py:216 [INFO] Valid: [  8/24] Final Prec@1 84.7720%
06/26 04:12:29午後 finetuneTeacher_main.py:54 [INFO] Until now, best Prec@1 = 84.7720%
06/26 04:12:31午後 finetuneTeacher_trainer.py:171 [INFO] Train: Epoch: [9][50/781]	Step 7088	lr 0.01811	Loss 0.3356 (0.4678)	Prec@(1,5) (84.4%, 99.3%)	
06/26 04:12:32午後 finetuneTeacher_trainer.py:171 [INFO] Train: Epoch: [9][100/781]	Step 7138	lr 0.01811	Loss 0.6238 (0.4550)	Prec@(1,5) (84.8%, 99.4%)	
06/26 04:12:34午後 finetuneTeacher_trainer.py:171 [INFO] Train: Epoch: [9][150/781]	Step 7188	lr 0.01811	Loss 0.2603 (0.4507)	Prec@(1,5) (85.0%, 99.4%)	
06/26 04:12:36午後 finetuneTeacher_trainer.py:171 [INFO] Train: Epoch: [9][200/781]	Step 7238	lr 0.01811	Loss 0.3700 (0.4502)	Prec@(1,5) (84.8%, 99.4%)	
06/26 04:12:38午後 finetuneTeacher_trainer.py:171 [INFO] Train: Epoch: [9][250/781]	Step 7288	lr 0.01811	Loss 0.3715 (0.4547)	Prec@(1,5) (84.6%, 99.4%)	
06/26 04:12:40午後 finetuneTeacher_trainer.py:171 [INFO] Train: Epoch: [9][300/781]	Step 7338	lr 0.01811	Loss 0.4656 (0.4510)	Prec@(1,5) (84.7%, 99.4%)	
06/26 04:12:42午後 finetuneTeacher_trainer.py:171 [INFO] Train: Epoch: [9][350/781]	Step 7388	lr 0.01811	Loss 0.3594 (0.4548)	Prec@(1,5) (84.6%, 99.4%)	
06/26 04:12:44午後 finetuneTeacher_trainer.py:171 [INFO] Train: Epoch: [9][400/781]	Step 7438	lr 0.01811	Loss 0.3939 (0.4514)	Prec@(1,5) (84.7%, 99.3%)	
06/26 04:12:45午後 finetuneTeacher_trainer.py:171 [INFO] Train: Epoch: [9][450/781]	Step 7488	lr 0.01811	Loss 0.3897 (0.4528)	Prec@(1,5) (84.6%, 99.3%)	
06/26 04:12:47午後 finetuneTeacher_trainer.py:171 [INFO] Train: Epoch: [9][500/781]	Step 7538	lr 0.01811	Loss 0.4432 (0.4543)	Prec@(1,5) (84.5%, 99.3%)	
06/26 04:12:49午後 finetuneTeacher_trainer.py:171 [INFO] Train: Epoch: [9][550/781]	Step 7588	lr 0.01811	Loss 0.6617 (0.4558)	Prec@(1,5) (84.5%, 99.3%)	
06/26 04:12:51午後 finetuneTeacher_trainer.py:171 [INFO] Train: Epoch: [9][600/781]	Step 7638	lr 0.01811	Loss 0.4190 (0.4569)	Prec@(1,5) (84.4%, 99.3%)	
06/26 04:12:53午後 finetuneTeacher_trainer.py:171 [INFO] Train: Epoch: [9][650/781]	Step 7688	lr 0.01811	Loss 0.4678 (0.4563)	Prec@(1,5) (84.5%, 99.3%)	
06/26 04:12:55午後 finetuneTeacher_trainer.py:171 [INFO] Train: Epoch: [9][700/781]	Step 7738	lr 0.01811	Loss 0.3677 (0.4576)	Prec@(1,5) (84.5%, 99.3%)	
06/26 04:12:57午後 finetuneTeacher_trainer.py:171 [INFO] Train: Epoch: [9][750/781]	Step 7788	lr 0.01811	Loss 0.4059 (0.4573)	Prec@(1,5) (84.5%, 99.3%)	
06/26 04:12:58午後 finetuneTeacher_trainer.py:171 [INFO] Train: Epoch: [9][781/781]	Step 7819	lr 0.01811	Loss 0.3828 (0.4586)	Prec@(1,5) (84.4%, 99.3%)	
06/26 04:12:58午後 finetuneTeacher_trainer.py:181 [INFO] Train: [  9/24] Final Prec@1 84.3760%
06/26 04:12:59午後 finetuneTeacher_trainer.py:209 [INFO] Valid: Epoch: [9][50/391]	Step 7820	Loss 0.4536	Prec@(1,5) (84.6%, 99.3%)
06/26 04:12:59午後 finetuneTeacher_trainer.py:209 [INFO] Valid: Epoch: [9][100/391]	Step 7820	Loss 0.4648	Prec@(1,5) (84.6%, 99.4%)
06/26 04:12:59午後 finetuneTeacher_trainer.py:209 [INFO] Valid: Epoch: [9][150/391]	Step 7820	Loss 0.4713	Prec@(1,5) (84.3%, 99.4%)
06/26 04:13:00午後 finetuneTeacher_trainer.py:209 [INFO] Valid: Epoch: [9][200/391]	Step 7820	Loss 0.4661	Prec@(1,5) (84.1%, 99.4%)
06/26 04:13:00午後 finetuneTeacher_trainer.py:209 [INFO] Valid: Epoch: [9][250/391]	Step 7820	Loss 0.4689	Prec@(1,5) (84.1%, 99.4%)
06/26 04:13:00午後 finetuneTeacher_trainer.py:209 [INFO] Valid: Epoch: [9][300/391]	Step 7820	Loss 0.4714	Prec@(1,5) (84.1%, 99.3%)
06/26 04:13:01午後 finetuneTeacher_trainer.py:209 [INFO] Valid: Epoch: [9][350/391]	Step 7820	Loss 0.4734	Prec@(1,5) (84.0%, 99.3%)
06/26 04:13:01午後 finetuneTeacher_trainer.py:209 [INFO] Valid: Epoch: [9][390/391]	Step 7820	Loss 0.4705	Prec@(1,5) (84.1%, 99.3%)
06/26 04:13:01午後 finetuneTeacher_trainer.py:216 [INFO] Valid: [  9/24] Final Prec@1 84.0560%
06/26 04:13:01午後 finetuneTeacher_main.py:54 [INFO] Until now, best Prec@1 = 84.7720%
06/26 04:13:03午後 finetuneTeacher_trainer.py:171 [INFO] Train: Epoch: [10][50/781]	Step 7870	lr 0.01671	Loss 0.4178 (0.4154)	Prec@(1,5) (85.7%, 99.6%)	
06/26 04:13:05午後 finetuneTeacher_trainer.py:171 [INFO] Train: Epoch: [10][100/781]	Step 7920	lr 0.01671	Loss 0.3342 (0.4213)	Prec@(1,5) (85.7%, 99.5%)	
06/26 04:13:07午後 finetuneTeacher_trainer.py:171 [INFO] Train: Epoch: [10][150/781]	Step 7970	lr 0.01671	Loss 0.3841 (0.4355)	Prec@(1,5) (85.3%, 99.4%)	
06/26 04:13:09午後 finetuneTeacher_trainer.py:171 [INFO] Train: Epoch: [10][200/781]	Step 8020	lr 0.01671	Loss 0.3834 (0.4427)	Prec@(1,5) (84.9%, 99.4%)	
06/26 04:13:11午後 finetuneTeacher_trainer.py:171 [INFO] Train: Epoch: [10][250/781]	Step 8070	lr 0.01671	Loss 0.4887 (0.4354)	Prec@(1,5) (85.2%, 99.4%)	
06/26 04:13:12午後 finetuneTeacher_trainer.py:171 [INFO] Train: Epoch: [10][300/781]	Step 8120	lr 0.01671	Loss 0.5089 (0.4357)	Prec@(1,5) (85.2%, 99.4%)	
06/26 04:13:14午後 finetuneTeacher_trainer.py:171 [INFO] Train: Epoch: [10][350/781]	Step 8170	lr 0.01671	Loss 0.3394 (0.4320)	Prec@(1,5) (85.2%, 99.4%)	
06/26 04:13:16午後 finetuneTeacher_trainer.py:171 [INFO] Train: Epoch: [10][400/781]	Step 8220	lr 0.01671	Loss 0.5763 (0.4290)	Prec@(1,5) (85.3%, 99.4%)	
06/26 04:13:18午後 finetuneTeacher_trainer.py:171 [INFO] Train: Epoch: [10][450/781]	Step 8270	lr 0.01671	Loss 0.3419 (0.4330)	Prec@(1,5) (85.2%, 99.4%)	
06/26 04:13:20午後 finetuneTeacher_trainer.py:171 [INFO] Train: Epoch: [10][500/781]	Step 8320	lr 0.01671	Loss 0.2986 (0.4310)	Prec@(1,5) (85.3%, 99.4%)	
06/26 04:13:22午後 finetuneTeacher_trainer.py:171 [INFO] Train: Epoch: [10][550/781]	Step 8370	lr 0.01671	Loss 0.2912 (0.4321)	Prec@(1,5) (85.3%, 99.4%)	
06/26 04:13:23午後 finetuneTeacher_trainer.py:171 [INFO] Train: Epoch: [10][600/781]	Step 8420	lr 0.01671	Loss 0.5063 (0.4316)	Prec@(1,5) (85.3%, 99.4%)	
06/26 04:13:25午後 finetuneTeacher_trainer.py:171 [INFO] Train: Epoch: [10][650/781]	Step 8470	lr 0.01671	Loss 0.2786 (0.4317)	Prec@(1,5) (85.3%, 99.4%)	
06/26 04:13:27午後 finetuneTeacher_trainer.py:171 [INFO] Train: Epoch: [10][700/781]	Step 8520	lr 0.01671	Loss 0.3350 (0.4312)	Prec@(1,5) (85.3%, 99.4%)	
06/26 04:13:29午後 finetuneTeacher_trainer.py:171 [INFO] Train: Epoch: [10][750/781]	Step 8570	lr 0.01671	Loss 0.4577 (0.4330)	Prec@(1,5) (85.2%, 99.4%)	
06/26 04:13:30午後 finetuneTeacher_trainer.py:171 [INFO] Train: Epoch: [10][781/781]	Step 8601	lr 0.01671	Loss 0.5333 (0.4327)	Prec@(1,5) (85.2%, 99.4%)	
06/26 04:13:31午後 finetuneTeacher_trainer.py:181 [INFO] Train: [ 10/24] Final Prec@1 85.2380%
06/26 04:13:31午後 finetuneTeacher_trainer.py:209 [INFO] Valid: Epoch: [10][50/391]	Step 8602	Loss 0.4909	Prec@(1,5) (82.6%, 99.1%)
06/26 04:13:31午後 finetuneTeacher_trainer.py:209 [INFO] Valid: Epoch: [10][100/391]	Step 8602	Loss 0.4850	Prec@(1,5) (82.9%, 99.1%)
06/26 04:13:32午後 finetuneTeacher_trainer.py:209 [INFO] Valid: Epoch: [10][150/391]	Step 8602	Loss 0.4872	Prec@(1,5) (83.1%, 99.2%)
06/26 04:13:32午後 finetuneTeacher_trainer.py:209 [INFO] Valid: Epoch: [10][200/391]	Step 8602	Loss 0.4817	Prec@(1,5) (83.3%, 99.2%)
06/26 04:13:33午後 finetuneTeacher_trainer.py:209 [INFO] Valid: Epoch: [10][250/391]	Step 8602	Loss 0.4858	Prec@(1,5) (83.1%, 99.2%)
06/26 04:13:33午後 finetuneTeacher_trainer.py:209 [INFO] Valid: Epoch: [10][300/391]	Step 8602	Loss 0.4848	Prec@(1,5) (83.1%, 99.2%)
06/26 04:13:33午後 finetuneTeacher_trainer.py:209 [INFO] Valid: Epoch: [10][350/391]	Step 8602	Loss 0.4856	Prec@(1,5) (83.1%, 99.2%)
06/26 04:13:33午後 finetuneTeacher_trainer.py:209 [INFO] Valid: Epoch: [10][390/391]	Step 8602	Loss 0.4846	Prec@(1,5) (83.1%, 99.2%)
06/26 04:13:34午後 finetuneTeacher_trainer.py:216 [INFO] Valid: [ 10/24] Final Prec@1 83.1400%
06/26 04:13:34午後 finetuneTeacher_main.py:54 [INFO] Until now, best Prec@1 = 84.7720%
06/26 04:13:36午後 finetuneTeacher_trainer.py:171 [INFO] Train: Epoch: [11][50/781]	Step 8652	lr 0.01525	Loss 0.3694 (0.3958)	Prec@(1,5) (86.7%, 99.5%)	
06/26 04:13:37午後 finetuneTeacher_trainer.py:171 [INFO] Train: Epoch: [11][100/781]	Step 8702	lr 0.01525	Loss 0.4043 (0.4081)	Prec@(1,5) (86.3%, 99.4%)	
06/26 04:13:39午後 finetuneTeacher_trainer.py:171 [INFO] Train: Epoch: [11][150/781]	Step 8752	lr 0.01525	Loss 0.2902 (0.4082)	Prec@(1,5) (86.4%, 99.4%)	
06/26 04:13:41午後 finetuneTeacher_trainer.py:171 [INFO] Train: Epoch: [11][200/781]	Step 8802	lr 0.01525	Loss 0.6446 (0.4080)	Prec@(1,5) (86.2%, 99.5%)	
06/26 04:13:43午後 finetuneTeacher_trainer.py:171 [INFO] Train: Epoch: [11][250/781]	Step 8852	lr 0.01525	Loss 0.3385 (0.4089)	Prec@(1,5) (86.0%, 99.5%)	
06/26 04:13:45午後 finetuneTeacher_trainer.py:171 [INFO] Train: Epoch: [11][300/781]	Step 8902	lr 0.01525	Loss 0.5018 (0.4053)	Prec@(1,5) (86.1%, 99.5%)	
06/26 04:13:47午後 finetuneTeacher_trainer.py:171 [INFO] Train: Epoch: [11][350/781]	Step 8952	lr 0.01525	Loss 0.3496 (0.4047)	Prec@(1,5) (86.2%, 99.5%)	
06/26 04:13:49午後 finetuneTeacher_trainer.py:171 [INFO] Train: Epoch: [11][400/781]	Step 9002	lr 0.01525	Loss 0.5442 (0.4055)	Prec@(1,5) (86.1%, 99.5%)	
06/26 04:13:50午後 finetuneTeacher_trainer.py:171 [INFO] Train: Epoch: [11][450/781]	Step 9052	lr 0.01525	Loss 0.3651 (0.4061)	Prec@(1,5) (86.1%, 99.5%)	
06/26 04:13:51午後 finetuneTeacher_trainer.py:171 [INFO] Train: Epoch: [11][500/781]	Step 9102	lr 0.01525	Loss 0.3566 (0.4063)	Prec@(1,5) (86.0%, 99.5%)	
06/26 04:13:53午後 finetuneTeacher_trainer.py:171 [INFO] Train: Epoch: [11][550/781]	Step 9152	lr 0.01525	Loss 0.5128 (0.4047)	Prec@(1,5) (86.1%, 99.5%)	
06/26 04:13:54午後 finetuneTeacher_trainer.py:171 [INFO] Train: Epoch: [11][600/781]	Step 9202	lr 0.01525	Loss 0.2643 (0.4029)	Prec@(1,5) (86.2%, 99.5%)	
06/26 04:13:56午後 finetuneTeacher_trainer.py:171 [INFO] Train: Epoch: [11][650/781]	Step 9252	lr 0.01525	Loss 0.6177 (0.4024)	Prec@(1,5) (86.2%, 99.5%)	
06/26 04:13:57午後 finetuneTeacher_trainer.py:171 [INFO] Train: Epoch: [11][700/781]	Step 9302	lr 0.01525	Loss 0.3884 (0.4036)	Prec@(1,5) (86.2%, 99.5%)	
06/26 04:13:59午後 finetuneTeacher_trainer.py:171 [INFO] Train: Epoch: [11][750/781]	Step 9352	lr 0.01525	Loss 0.4951 (0.4047)	Prec@(1,5) (86.2%, 99.5%)	
06/26 04:14:00午後 finetuneTeacher_trainer.py:171 [INFO] Train: Epoch: [11][781/781]	Step 9383	lr 0.01525	Loss 0.2620 (0.4052)	Prec@(1,5) (86.1%, 99.5%)	
06/26 04:14:00午後 finetuneTeacher_trainer.py:181 [INFO] Train: [ 11/24] Final Prec@1 86.1400%
06/26 04:14:01午後 finetuneTeacher_trainer.py:209 [INFO] Valid: Epoch: [11][50/391]	Step 9384	Loss 0.4206	Prec@(1,5) (85.3%, 99.5%)
06/26 04:14:01午後 finetuneTeacher_trainer.py:209 [INFO] Valid: Epoch: [11][100/391]	Step 9384	Loss 0.4147	Prec@(1,5) (85.8%, 99.5%)
06/26 04:14:01午後 finetuneTeacher_trainer.py:209 [INFO] Valid: Epoch: [11][150/391]	Step 9384	Loss 0.4124	Prec@(1,5) (85.9%, 99.5%)
06/26 04:14:02午後 finetuneTeacher_trainer.py:209 [INFO] Valid: Epoch: [11][200/391]	Step 9384	Loss 0.4126	Prec@(1,5) (86.0%, 99.5%)
06/26 04:14:02午後 finetuneTeacher_trainer.py:209 [INFO] Valid: Epoch: [11][250/391]	Step 9384	Loss 0.4104	Prec@(1,5) (86.1%, 99.5%)
06/26 04:14:02午後 finetuneTeacher_trainer.py:209 [INFO] Valid: Epoch: [11][300/391]	Step 9384	Loss 0.4084	Prec@(1,5) (86.3%, 99.5%)
06/26 04:14:03午後 finetuneTeacher_trainer.py:209 [INFO] Valid: Epoch: [11][350/391]	Step 9384	Loss 0.4102	Prec@(1,5) (86.1%, 99.5%)
06/26 04:14:03午後 finetuneTeacher_trainer.py:209 [INFO] Valid: Epoch: [11][390/391]	Step 9384	Loss 0.4086	Prec@(1,5) (86.2%, 99.5%)
06/26 04:14:03午後 finetuneTeacher_trainer.py:216 [INFO] Valid: [ 11/24] Final Prec@1 86.1960%
06/26 04:14:04午後 finetuneTeacher_main.py:54 [INFO] Until now, best Prec@1 = 86.1960%
06/26 04:14:06午後 finetuneTeacher_trainer.py:171 [INFO] Train: Epoch: [12][50/781]	Step 9434	lr 0.01375	Loss 0.3637 (0.3720)	Prec@(1,5) (87.4%, 99.6%)	
06/26 04:14:08午後 finetuneTeacher_trainer.py:171 [INFO] Train: Epoch: [12][100/781]	Step 9484	lr 0.01375	Loss 0.3874 (0.3785)	Prec@(1,5) (87.2%, 99.5%)	
06/26 04:14:10午後 finetuneTeacher_trainer.py:171 [INFO] Train: Epoch: [12][150/781]	Step 9534	lr 0.01375	Loss 0.4045 (0.3801)	Prec@(1,5) (87.1%, 99.6%)	
06/26 04:14:12午後 finetuneTeacher_trainer.py:171 [INFO] Train: Epoch: [12][200/781]	Step 9584	lr 0.01375	Loss 0.3958 (0.3812)	Prec@(1,5) (87.0%, 99.6%)	
06/26 04:14:13午後 finetuneTeacher_trainer.py:171 [INFO] Train: Epoch: [12][250/781]	Step 9634	lr 0.01375	Loss 0.7824 (0.3867)	Prec@(1,5) (86.9%, 99.6%)	
06/26 04:14:16午後 finetuneTeacher_trainer.py:171 [INFO] Train: Epoch: [12][300/781]	Step 9684	lr 0.01375	Loss 0.2398 (0.3831)	Prec@(1,5) (87.0%, 99.5%)	
06/26 04:14:18午後 finetuneTeacher_trainer.py:171 [INFO] Train: Epoch: [12][350/781]	Step 9734	lr 0.01375	Loss 0.7036 (0.3793)	Prec@(1,5) (87.2%, 99.5%)	
06/26 04:14:20午後 finetuneTeacher_trainer.py:171 [INFO] Train: Epoch: [12][400/781]	Step 9784	lr 0.01375	Loss 0.4949 (0.3816)	Prec@(1,5) (87.1%, 99.5%)	
06/26 04:14:21午後 finetuneTeacher_trainer.py:171 [INFO] Train: Epoch: [12][450/781]	Step 9834	lr 0.01375	Loss 0.1837 (0.3802)	Prec@(1,5) (87.2%, 99.5%)	
06/26 04:14:23午後 finetuneTeacher_trainer.py:171 [INFO] Train: Epoch: [12][500/781]	Step 9884	lr 0.01375	Loss 0.4266 (0.3811)	Prec@(1,5) (87.1%, 99.5%)	
06/26 04:14:25午後 finetuneTeacher_trainer.py:171 [INFO] Train: Epoch: [12][550/781]	Step 9934	lr 0.01375	Loss 0.3271 (0.3825)	Prec@(1,5) (87.1%, 99.5%)	
06/26 04:14:27午後 finetuneTeacher_trainer.py:171 [INFO] Train: Epoch: [12][600/781]	Step 9984	lr 0.01375	Loss 0.4714 (0.3844)	Prec@(1,5) (87.0%, 99.5%)	
06/26 04:14:29午後 finetuneTeacher_trainer.py:171 [INFO] Train: Epoch: [12][650/781]	Step 10034	lr 0.01375	Loss 0.3167 (0.3853)	Prec@(1,5) (87.0%, 99.5%)	
06/26 04:14:31午後 finetuneTeacher_trainer.py:171 [INFO] Train: Epoch: [12][700/781]	Step 10084	lr 0.01375	Loss 0.4191 (0.3847)	Prec@(1,5) (87.1%, 99.5%)	
06/26 04:14:33午後 finetuneTeacher_trainer.py:171 [INFO] Train: Epoch: [12][750/781]	Step 10134	lr 0.01375	Loss 0.4627 (0.3851)	Prec@(1,5) (87.0%, 99.5%)	
06/26 04:14:34午後 finetuneTeacher_trainer.py:171 [INFO] Train: Epoch: [12][781/781]	Step 10165	lr 0.01375	Loss 0.3713 (0.3840)	Prec@(1,5) (87.0%, 99.5%)	
06/26 04:14:34午後 finetuneTeacher_trainer.py:181 [INFO] Train: [ 12/24] Final Prec@1 86.9960%
06/26 04:14:35午後 finetuneTeacher_trainer.py:209 [INFO] Valid: Epoch: [12][50/391]	Step 10166	Loss 0.3576	Prec@(1,5) (87.5%, 99.7%)
06/26 04:14:35午後 finetuneTeacher_trainer.py:209 [INFO] Valid: Epoch: [12][100/391]	Step 10166	Loss 0.3579	Prec@(1,5) (87.7%, 99.6%)
06/26 04:14:35午後 finetuneTeacher_trainer.py:209 [INFO] Valid: Epoch: [12][150/391]	Step 10166	Loss 0.3639	Prec@(1,5) (87.5%, 99.6%)
06/26 04:14:36午後 finetuneTeacher_trainer.py:209 [INFO] Valid: Epoch: [12][200/391]	Step 10166	Loss 0.3725	Prec@(1,5) (87.1%, 99.6%)
06/26 04:14:36午後 finetuneTeacher_trainer.py:209 [INFO] Valid: Epoch: [12][250/391]	Step 10166	Loss 0.3671	Prec@(1,5) (87.3%, 99.6%)
06/26 04:14:36午後 finetuneTeacher_trainer.py:209 [INFO] Valid: Epoch: [12][300/391]	Step 10166	Loss 0.3653	Prec@(1,5) (87.4%, 99.6%)
06/26 04:14:37午後 finetuneTeacher_trainer.py:209 [INFO] Valid: Epoch: [12][350/391]	Step 10166	Loss 0.3677	Prec@(1,5) (87.3%, 99.6%)
06/26 04:14:37午後 finetuneTeacher_trainer.py:209 [INFO] Valid: Epoch: [12][390/391]	Step 10166	Loss 0.3684	Prec@(1,5) (87.3%, 99.6%)
06/26 04:14:37午後 finetuneTeacher_trainer.py:216 [INFO] Valid: [ 12/24] Final Prec@1 87.2840%
06/26 04:14:38午後 finetuneTeacher_main.py:54 [INFO] Until now, best Prec@1 = 87.2840%
06/26 04:14:40午後 finetuneTeacher_trainer.py:171 [INFO] Train: Epoch: [13][50/781]	Step 10216	lr 0.01225	Loss 0.5925 (0.3566)	Prec@(1,5) (87.9%, 99.5%)	
06/26 04:14:42午後 finetuneTeacher_trainer.py:171 [INFO] Train: Epoch: [13][100/781]	Step 10266	lr 0.01225	Loss 0.2861 (0.3560)	Prec@(1,5) (87.9%, 99.6%)	
06/26 04:14:44午後 finetuneTeacher_trainer.py:171 [INFO] Train: Epoch: [13][150/781]	Step 10316	lr 0.01225	Loss 0.5086 (0.3478)	Prec@(1,5) (88.0%, 99.6%)	
06/26 04:14:46午後 finetuneTeacher_trainer.py:171 [INFO] Train: Epoch: [13][200/781]	Step 10366	lr 0.01225	Loss 0.3805 (0.3478)	Prec@(1,5) (87.9%, 99.6%)	
06/26 04:14:47午後 finetuneTeacher_trainer.py:171 [INFO] Train: Epoch: [13][250/781]	Step 10416	lr 0.01225	Loss 0.4699 (0.3499)	Prec@(1,5) (88.0%, 99.6%)	
06/26 04:14:49午後 finetuneTeacher_trainer.py:171 [INFO] Train: Epoch: [13][300/781]	Step 10466	lr 0.01225	Loss 0.2159 (0.3515)	Prec@(1,5) (87.9%, 99.6%)	
06/26 04:14:51午後 finetuneTeacher_trainer.py:171 [INFO] Train: Epoch: [13][350/781]	Step 10516	lr 0.01225	Loss 0.5171 (0.3504)	Prec@(1,5) (87.9%, 99.6%)	
06/26 04:14:53午後 finetuneTeacher_trainer.py:171 [INFO] Train: Epoch: [13][400/781]	Step 10566	lr 0.01225	Loss 0.3137 (0.3507)	Prec@(1,5) (87.9%, 99.6%)	
06/26 04:14:55午後 finetuneTeacher_trainer.py:171 [INFO] Train: Epoch: [13][450/781]	Step 10616	lr 0.01225	Loss 0.3632 (0.3544)	Prec@(1,5) (87.8%, 99.6%)	
06/26 04:14:57午後 finetuneTeacher_trainer.py:171 [INFO] Train: Epoch: [13][500/781]	Step 10666	lr 0.01225	Loss 0.3891 (0.3567)	Prec@(1,5) (87.8%, 99.6%)	
06/26 04:14:59午後 finetuneTeacher_trainer.py:171 [INFO] Train: Epoch: [13][550/781]	Step 10716	lr 0.01225	Loss 0.2452 (0.3560)	Prec@(1,5) (87.8%, 99.6%)	
06/26 04:15:01午後 finetuneTeacher_trainer.py:171 [INFO] Train: Epoch: [13][600/781]	Step 10766	lr 0.01225	Loss 0.3546 (0.3577)	Prec@(1,5) (87.8%, 99.6%)	
06/26 04:15:03午後 finetuneTeacher_trainer.py:171 [INFO] Train: Epoch: [13][650/781]	Step 10816	lr 0.01225	Loss 0.2662 (0.3590)	Prec@(1,5) (87.7%, 99.6%)	
06/26 04:15:05午後 finetuneTeacher_trainer.py:171 [INFO] Train: Epoch: [13][700/781]	Step 10866	lr 0.01225	Loss 0.4368 (0.3584)	Prec@(1,5) (87.8%, 99.6%)	
06/26 04:15:07午後 finetuneTeacher_trainer.py:171 [INFO] Train: Epoch: [13][750/781]	Step 10916	lr 0.01225	Loss 0.3516 (0.3585)	Prec@(1,5) (87.8%, 99.6%)	
06/26 04:15:08午後 finetuneTeacher_trainer.py:171 [INFO] Train: Epoch: [13][781/781]	Step 10947	lr 0.01225	Loss 0.3668 (0.3578)	Prec@(1,5) (87.8%, 99.6%)	
06/26 04:15:08午後 finetuneTeacher_trainer.py:181 [INFO] Train: [ 13/24] Final Prec@1 87.7720%
06/26 04:15:09午後 finetuneTeacher_trainer.py:209 [INFO] Valid: Epoch: [13][50/391]	Step 10948	Loss 0.3594	Prec@(1,5) (87.8%, 99.5%)
06/26 04:15:09午後 finetuneTeacher_trainer.py:209 [INFO] Valid: Epoch: [13][100/391]	Step 10948	Loss 0.3515	Prec@(1,5) (88.1%, 99.5%)
06/26 04:15:10午後 finetuneTeacher_trainer.py:209 [INFO] Valid: Epoch: [13][150/391]	Step 10948	Loss 0.3482	Prec@(1,5) (88.1%, 99.6%)
06/26 04:15:10午後 finetuneTeacher_trainer.py:209 [INFO] Valid: Epoch: [13][200/391]	Step 10948	Loss 0.3463	Prec@(1,5) (88.1%, 99.6%)
06/26 04:15:10午後 finetuneTeacher_trainer.py:209 [INFO] Valid: Epoch: [13][250/391]	Step 10948	Loss 0.3446	Prec@(1,5) (88.1%, 99.6%)
06/26 04:15:11午後 finetuneTeacher_trainer.py:209 [INFO] Valid: Epoch: [13][300/391]	Step 10948	Loss 0.3430	Prec@(1,5) (88.2%, 99.6%)
06/26 04:15:11午後 finetuneTeacher_trainer.py:209 [INFO] Valid: Epoch: [13][350/391]	Step 10948	Loss 0.3425	Prec@(1,5) (88.2%, 99.6%)
06/26 04:15:11午後 finetuneTeacher_trainer.py:209 [INFO] Valid: Epoch: [13][390/391]	Step 10948	Loss 0.3415	Prec@(1,5) (88.3%, 99.6%)
06/26 04:15:11午後 finetuneTeacher_trainer.py:216 [INFO] Valid: [ 13/24] Final Prec@1 88.2760%
06/26 04:15:12午後 finetuneTeacher_main.py:54 [INFO] Until now, best Prec@1 = 88.2760%
06/26 04:15:14午後 finetuneTeacher_trainer.py:171 [INFO] Train: Epoch: [14][50/781]	Step 10998	lr 0.01075	Loss 0.2663 (0.3239)	Prec@(1,5) (88.5%, 99.7%)	
06/26 04:15:16午後 finetuneTeacher_trainer.py:171 [INFO] Train: Epoch: [14][100/781]	Step 11048	lr 0.01075	Loss 0.2182 (0.3230)	Prec@(1,5) (88.6%, 99.6%)	
06/26 04:15:17午後 finetuneTeacher_trainer.py:171 [INFO] Train: Epoch: [14][150/781]	Step 11098	lr 0.01075	Loss 0.3075 (0.3322)	Prec@(1,5) (88.4%, 99.6%)	
06/26 04:15:19午後 finetuneTeacher_trainer.py:171 [INFO] Train: Epoch: [14][200/781]	Step 11148	lr 0.01075	Loss 0.4148 (0.3294)	Prec@(1,5) (88.5%, 99.6%)	
06/26 04:15:21午後 finetuneTeacher_trainer.py:171 [INFO] Train: Epoch: [14][250/781]	Step 11198	lr 0.01075	Loss 0.2958 (0.3303)	Prec@(1,5) (88.5%, 99.7%)	
06/26 04:15:23午後 finetuneTeacher_trainer.py:171 [INFO] Train: Epoch: [14][300/781]	Step 11248	lr 0.01075	Loss 0.3542 (0.3312)	Prec@(1,5) (88.4%, 99.6%)	
06/26 04:15:24午後 finetuneTeacher_trainer.py:171 [INFO] Train: Epoch: [14][350/781]	Step 11298	lr 0.01075	Loss 0.3660 (0.3295)	Prec@(1,5) (88.5%, 99.6%)	
06/26 04:15:26午後 finetuneTeacher_trainer.py:171 [INFO] Train: Epoch: [14][400/781]	Step 11348	lr 0.01075	Loss 0.2880 (0.3298)	Prec@(1,5) (88.6%, 99.6%)	
06/26 04:15:28午後 finetuneTeacher_trainer.py:171 [INFO] Train: Epoch: [14][450/781]	Step 11398	lr 0.01075	Loss 0.2386 (0.3304)	Prec@(1,5) (88.6%, 99.6%)	
06/26 04:15:30午後 finetuneTeacher_trainer.py:171 [INFO] Train: Epoch: [14][500/781]	Step 11448	lr 0.01075	Loss 0.3179 (0.3306)	Prec@(1,5) (88.6%, 99.6%)	
06/26 04:15:32午後 finetuneTeacher_trainer.py:171 [INFO] Train: Epoch: [14][550/781]	Step 11498	lr 0.01075	Loss 0.4340 (0.3312)	Prec@(1,5) (88.6%, 99.6%)	
06/26 04:15:34午後 finetuneTeacher_trainer.py:171 [INFO] Train: Epoch: [14][600/781]	Step 11548	lr 0.01075	Loss 0.3768 (0.3306)	Prec@(1,5) (88.6%, 99.6%)	
06/26 04:15:36午後 finetuneTeacher_trainer.py:171 [INFO] Train: Epoch: [14][650/781]	Step 11598	lr 0.01075	Loss 0.4149 (0.3307)	Prec@(1,5) (88.6%, 99.6%)	
06/26 04:15:37午後 finetuneTeacher_trainer.py:171 [INFO] Train: Epoch: [14][700/781]	Step 11648	lr 0.01075	Loss 0.5727 (0.3322)	Prec@(1,5) (88.6%, 99.6%)	
06/26 04:15:38午後 finetuneTeacher_trainer.py:171 [INFO] Train: Epoch: [14][750/781]	Step 11698	lr 0.01075	Loss 0.3585 (0.3317)	Prec@(1,5) (88.6%, 99.6%)	
06/26 04:15:39午後 finetuneTeacher_trainer.py:171 [INFO] Train: Epoch: [14][781/781]	Step 11729	lr 0.01075	Loss 0.2144 (0.3323)	Prec@(1,5) (88.5%, 99.6%)	
06/26 04:15:39午後 finetuneTeacher_trainer.py:181 [INFO] Train: [ 14/24] Final Prec@1 88.5440%
06/26 04:15:40午後 finetuneTeacher_trainer.py:209 [INFO] Valid: Epoch: [14][50/391]	Step 11730	Loss 0.2885	Prec@(1,5) (90.2%, 99.7%)
06/26 04:15:40午後 finetuneTeacher_trainer.py:209 [INFO] Valid: Epoch: [14][100/391]	Step 11730	Loss 0.2864	Prec@(1,5) (90.3%, 99.7%)
06/26 04:15:41午後 finetuneTeacher_trainer.py:209 [INFO] Valid: Epoch: [14][150/391]	Step 11730	Loss 0.2880	Prec@(1,5) (90.2%, 99.7%)
06/26 04:15:41午後 finetuneTeacher_trainer.py:209 [INFO] Valid: Epoch: [14][200/391]	Step 11730	Loss 0.2802	Prec@(1,5) (90.5%, 99.8%)
06/26 04:15:41午後 finetuneTeacher_trainer.py:209 [INFO] Valid: Epoch: [14][250/391]	Step 11730	Loss 0.2828	Prec@(1,5) (90.4%, 99.8%)
06/26 04:15:42午後 finetuneTeacher_trainer.py:209 [INFO] Valid: Epoch: [14][300/391]	Step 11730	Loss 0.2824	Prec@(1,5) (90.4%, 99.8%)
06/26 04:15:42午後 finetuneTeacher_trainer.py:209 [INFO] Valid: Epoch: [14][350/391]	Step 11730	Loss 0.2794	Prec@(1,5) (90.5%, 99.8%)
06/26 04:15:42午後 finetuneTeacher_trainer.py:209 [INFO] Valid: Epoch: [14][390/391]	Step 11730	Loss 0.2784	Prec@(1,5) (90.5%, 99.8%)
06/26 04:15:42午後 finetuneTeacher_trainer.py:216 [INFO] Valid: [ 14/24] Final Prec@1 90.4640%
06/26 04:15:43午後 finetuneTeacher_main.py:54 [INFO] Until now, best Prec@1 = 90.4640%
06/26 04:15:45午後 finetuneTeacher_trainer.py:171 [INFO] Train: Epoch: [15][50/781]	Step 11780	lr 0.00929	Loss 0.1661 (0.2872)	Prec@(1,5) (89.9%, 99.9%)	
06/26 04:15:47午後 finetuneTeacher_trainer.py:171 [INFO] Train: Epoch: [15][100/781]	Step 11830	lr 0.00929	Loss 0.3208 (0.2865)	Prec@(1,5) (90.2%, 99.8%)	
06/26 04:15:49午後 finetuneTeacher_trainer.py:171 [INFO] Train: Epoch: [15][150/781]	Step 11880	lr 0.00929	Loss 0.3588 (0.2904)	Prec@(1,5) (90.2%, 99.8%)	
06/26 04:15:50午後 finetuneTeacher_trainer.py:171 [INFO] Train: Epoch: [15][200/781]	Step 11930	lr 0.00929	Loss 0.3236 (0.2889)	Prec@(1,5) (90.3%, 99.7%)	
06/26 04:15:52午後 finetuneTeacher_trainer.py:171 [INFO] Train: Epoch: [15][250/781]	Step 11980	lr 0.00929	Loss 0.1586 (0.2845)	Prec@(1,5) (90.4%, 99.7%)	
06/26 04:15:54午後 finetuneTeacher_trainer.py:171 [INFO] Train: Epoch: [15][300/781]	Step 12030	lr 0.00929	Loss 0.2400 (0.2856)	Prec@(1,5) (90.4%, 99.7%)	
06/26 04:15:56午後 finetuneTeacher_trainer.py:171 [INFO] Train: Epoch: [15][350/781]	Step 12080	lr 0.00929	Loss 0.4176 (0.2836)	Prec@(1,5) (90.4%, 99.7%)	
06/26 04:15:58午後 finetuneTeacher_trainer.py:171 [INFO] Train: Epoch: [15][400/781]	Step 12130	lr 0.00929	Loss 0.2629 (0.2909)	Prec@(1,5) (90.2%, 99.7%)	
06/26 04:15:59午後 finetuneTeacher_trainer.py:171 [INFO] Train: Epoch: [15][450/781]	Step 12180	lr 0.00929	Loss 0.4172 (0.2921)	Prec@(1,5) (90.1%, 99.7%)	
06/26 04:16:00午後 finetuneTeacher_trainer.py:171 [INFO] Train: Epoch: [15][500/781]	Step 12230	lr 0.00929	Loss 0.5155 (0.2960)	Prec@(1,5) (89.9%, 99.7%)	
06/26 04:16:01午後 finetuneTeacher_trainer.py:171 [INFO] Train: Epoch: [15][550/781]	Step 12280	lr 0.00929	Loss 0.3443 (0.2976)	Prec@(1,5) (89.8%, 99.7%)	
06/26 04:16:03午後 finetuneTeacher_trainer.py:171 [INFO] Train: Epoch: [15][600/781]	Step 12330	lr 0.00929	Loss 0.1438 (0.3004)	Prec@(1,5) (89.7%, 99.7%)	
06/26 04:16:04午後 finetuneTeacher_trainer.py:171 [INFO] Train: Epoch: [15][650/781]	Step 12380	lr 0.00929	Loss 0.3239 (0.3000)	Prec@(1,5) (89.7%, 99.7%)	
06/26 04:16:06午後 finetuneTeacher_trainer.py:171 [INFO] Train: Epoch: [15][700/781]	Step 12430	lr 0.00929	Loss 0.2082 (0.3008)	Prec@(1,5) (89.7%, 99.7%)	
06/26 04:16:07午後 finetuneTeacher_trainer.py:171 [INFO] Train: Epoch: [15][750/781]	Step 12480	lr 0.00929	Loss 0.1936 (0.3009)	Prec@(1,5) (89.7%, 99.7%)	
06/26 04:16:08午後 finetuneTeacher_trainer.py:171 [INFO] Train: Epoch: [15][781/781]	Step 12511	lr 0.00929	Loss 0.2883 (0.3023)	Prec@(1,5) (89.6%, 99.7%)	
06/26 04:16:08午後 finetuneTeacher_trainer.py:181 [INFO] Train: [ 15/24] Final Prec@1 89.6460%
06/26 04:16:09午後 finetuneTeacher_trainer.py:209 [INFO] Valid: Epoch: [15][50/391]	Step 12512	Loss 0.2771	Prec@(1,5) (90.3%, 99.7%)
06/26 04:16:09午後 finetuneTeacher_trainer.py:209 [INFO] Valid: Epoch: [15][100/391]	Step 12512	Loss 0.2743	Prec@(1,5) (90.7%, 99.7%)
06/26 04:16:09午後 finetuneTeacher_trainer.py:209 [INFO] Valid: Epoch: [15][150/391]	Step 12512	Loss 0.2696	Prec@(1,5) (90.8%, 99.8%)
06/26 04:16:10午後 finetuneTeacher_trainer.py:209 [INFO] Valid: Epoch: [15][200/391]	Step 12512	Loss 0.2713	Prec@(1,5) (90.7%, 99.8%)
06/26 04:16:10午後 finetuneTeacher_trainer.py:209 [INFO] Valid: Epoch: [15][250/391]	Step 12512	Loss 0.2749	Prec@(1,5) (90.5%, 99.8%)
06/26 04:16:10午後 finetuneTeacher_trainer.py:209 [INFO] Valid: Epoch: [15][300/391]	Step 12512	Loss 0.2802	Prec@(1,5) (90.3%, 99.8%)
06/26 04:16:11午後 finetuneTeacher_trainer.py:209 [INFO] Valid: Epoch: [15][350/391]	Step 12512	Loss 0.2807	Prec@(1,5) (90.3%, 99.8%)
06/26 04:16:11午後 finetuneTeacher_trainer.py:209 [INFO] Valid: Epoch: [15][390/391]	Step 12512	Loss 0.2780	Prec@(1,5) (90.4%, 99.8%)
06/26 04:16:11午後 finetuneTeacher_trainer.py:216 [INFO] Valid: [ 15/24] Final Prec@1 90.4160%
06/26 04:16:11午後 finetuneTeacher_main.py:54 [INFO] Until now, best Prec@1 = 90.4640%
06/26 04:16:14午後 finetuneTeacher_trainer.py:171 [INFO] Train: Epoch: [16][50/781]	Step 12562	lr 0.00789	Loss 0.2015 (0.2721)	Prec@(1,5) (89.9%, 99.8%)	
06/26 04:16:16午後 finetuneTeacher_trainer.py:171 [INFO] Train: Epoch: [16][100/781]	Step 12612	lr 0.00789	Loss 0.3533 (0.2732)	Prec@(1,5) (90.2%, 99.8%)	
06/26 04:16:17午後 finetuneTeacher_trainer.py:171 [INFO] Train: Epoch: [16][150/781]	Step 12662	lr 0.00789	Loss 0.3722 (0.2691)	Prec@(1,5) (90.5%, 99.8%)	
06/26 04:16:18午後 finetuneTeacher_trainer.py:171 [INFO] Train: Epoch: [16][200/781]	Step 12712	lr 0.00789	Loss 0.3849 (0.2726)	Prec@(1,5) (90.4%, 99.8%)	
06/26 04:16:20午後 finetuneTeacher_trainer.py:171 [INFO] Train: Epoch: [16][250/781]	Step 12762	lr 0.00789	Loss 0.2964 (0.2728)	Prec@(1,5) (90.4%, 99.8%)	
06/26 04:16:21午後 finetuneTeacher_trainer.py:171 [INFO] Train: Epoch: [16][300/781]	Step 12812	lr 0.00789	Loss 0.3200 (0.2726)	Prec@(1,5) (90.4%, 99.8%)	
06/26 04:16:22午後 finetuneTeacher_trainer.py:171 [INFO] Train: Epoch: [16][350/781]	Step 12862	lr 0.00789	Loss 0.2181 (0.2753)	Prec@(1,5) (90.3%, 99.8%)	
06/26 04:16:24午後 finetuneTeacher_trainer.py:171 [INFO] Train: Epoch: [16][400/781]	Step 12912	lr 0.00789	Loss 0.1690 (0.2756)	Prec@(1,5) (90.3%, 99.8%)	
06/26 04:16:25午後 finetuneTeacher_trainer.py:171 [INFO] Train: Epoch: [16][450/781]	Step 12962	lr 0.00789	Loss 0.1772 (0.2728)	Prec@(1,5) (90.4%, 99.8%)	
06/26 04:16:26午後 finetuneTeacher_trainer.py:171 [INFO] Train: Epoch: [16][500/781]	Step 13012	lr 0.00789	Loss 0.2524 (0.2718)	Prec@(1,5) (90.4%, 99.8%)	
06/26 04:16:27午後 finetuneTeacher_trainer.py:171 [INFO] Train: Epoch: [16][550/781]	Step 13062	lr 0.00789	Loss 0.3351 (0.2701)	Prec@(1,5) (90.5%, 99.8%)	
06/26 04:16:29午後 finetuneTeacher_trainer.py:171 [INFO] Train: Epoch: [16][600/781]	Step 13112	lr 0.00789	Loss 0.2639 (0.2701)	Prec@(1,5) (90.4%, 99.8%)	
06/26 04:16:30午後 finetuneTeacher_trainer.py:171 [INFO] Train: Epoch: [16][650/781]	Step 13162	lr 0.00789	Loss 0.2968 (0.2695)	Prec@(1,5) (90.5%, 99.8%)	
06/26 04:16:32午後 finetuneTeacher_trainer.py:171 [INFO] Train: Epoch: [16][700/781]	Step 13212	lr 0.00789	Loss 0.3087 (0.2696)	Prec@(1,5) (90.5%, 99.8%)	
06/26 04:16:34午後 finetuneTeacher_trainer.py:171 [INFO] Train: Epoch: [16][750/781]	Step 13262	lr 0.00789	Loss 0.2619 (0.2716)	Prec@(1,5) (90.5%, 99.8%)	
06/26 04:16:35午後 finetuneTeacher_trainer.py:171 [INFO] Train: Epoch: [16][781/781]	Step 13293	lr 0.00789	Loss 0.6031 (0.2721)	Prec@(1,5) (90.5%, 99.8%)	
06/26 04:16:35午後 finetuneTeacher_trainer.py:181 [INFO] Train: [ 16/24] Final Prec@1 90.4500%
06/26 04:16:35午後 finetuneTeacher_trainer.py:209 [INFO] Valid: Epoch: [16][50/391]	Step 13294	Loss 0.2492	Prec@(1,5) (91.2%, 99.6%)
06/26 04:16:36午後 finetuneTeacher_trainer.py:209 [INFO] Valid: Epoch: [16][100/391]	Step 13294	Loss 0.2461	Prec@(1,5) (91.4%, 99.7%)
06/26 04:16:36午後 finetuneTeacher_trainer.py:209 [INFO] Valid: Epoch: [16][150/391]	Step 13294	Loss 0.2413	Prec@(1,5) (91.5%, 99.8%)
06/26 04:16:37午後 finetuneTeacher_trainer.py:209 [INFO] Valid: Epoch: [16][200/391]	Step 13294	Loss 0.2435	Prec@(1,5) (91.5%, 99.8%)
06/26 04:16:37午後 finetuneTeacher_trainer.py:209 [INFO] Valid: Epoch: [16][250/391]	Step 13294	Loss 0.2417	Prec@(1,5) (91.5%, 99.8%)
06/26 04:16:37午後 finetuneTeacher_trainer.py:209 [INFO] Valid: Epoch: [16][300/391]	Step 13294	Loss 0.2386	Prec@(1,5) (91.6%, 99.8%)
06/26 04:16:38午後 finetuneTeacher_trainer.py:209 [INFO] Valid: Epoch: [16][350/391]	Step 13294	Loss 0.2385	Prec@(1,5) (91.7%, 99.8%)
06/26 04:16:38午後 finetuneTeacher_trainer.py:209 [INFO] Valid: Epoch: [16][390/391]	Step 13294	Loss 0.2378	Prec@(1,5) (91.7%, 99.8%)
06/26 04:16:38午後 finetuneTeacher_trainer.py:216 [INFO] Valid: [ 16/24] Final Prec@1 91.6600%
06/26 04:16:39午後 finetuneTeacher_main.py:54 [INFO] Until now, best Prec@1 = 91.6600%
06/26 04:16:41午後 finetuneTeacher_trainer.py:171 [INFO] Train: Epoch: [17][50/781]	Step 13344	lr 0.00657	Loss 0.2684 (0.2406)	Prec@(1,5) (91.4%, 99.9%)	
06/26 04:16:42午後 finetuneTeacher_trainer.py:171 [INFO] Train: Epoch: [17][100/781]	Step 13394	lr 0.00657	Loss 0.3254 (0.2392)	Prec@(1,5) (91.7%, 99.9%)	
06/26 04:16:44午後 finetuneTeacher_trainer.py:171 [INFO] Train: Epoch: [17][150/781]	Step 13444	lr 0.00657	Loss 0.2704 (0.2406)	Prec@(1,5) (91.6%, 99.9%)	
06/26 04:16:46午後 finetuneTeacher_trainer.py:171 [INFO] Train: Epoch: [17][200/781]	Step 13494	lr 0.00657	Loss 0.1237 (0.2406)	Prec@(1,5) (91.7%, 99.8%)	
06/26 04:16:48午後 finetuneTeacher_trainer.py:171 [INFO] Train: Epoch: [17][250/781]	Step 13544	lr 0.00657	Loss 0.2276 (0.2431)	Prec@(1,5) (91.5%, 99.8%)	
06/26 04:16:49午後 finetuneTeacher_trainer.py:171 [INFO] Train: Epoch: [17][300/781]	Step 13594	lr 0.00657	Loss 0.6762 (0.2498)	Prec@(1,5) (91.3%, 99.8%)	
06/26 04:16:51午後 finetuneTeacher_trainer.py:171 [INFO] Train: Epoch: [17][350/781]	Step 13644	lr 0.00657	Loss 0.2719 (0.2525)	Prec@(1,5) (91.3%, 99.8%)	
06/26 04:16:53午後 finetuneTeacher_trainer.py:171 [INFO] Train: Epoch: [17][400/781]	Step 13694	lr 0.00657	Loss 0.1372 (0.2525)	Prec@(1,5) (91.3%, 99.8%)	
06/26 04:16:55午後 finetuneTeacher_trainer.py:171 [INFO] Train: Epoch: [17][450/781]	Step 13744	lr 0.00657	Loss 0.2868 (0.2527)	Prec@(1,5) (91.3%, 99.8%)	
06/26 04:16:57午後 finetuneTeacher_trainer.py:171 [INFO] Train: Epoch: [17][500/781]	Step 13794	lr 0.00657	Loss 0.3510 (0.2539)	Prec@(1,5) (91.2%, 99.8%)	
06/26 04:16:59午後 finetuneTeacher_trainer.py:171 [INFO] Train: Epoch: [17][550/781]	Step 13844	lr 0.00657	Loss 0.2990 (0.2515)	Prec@(1,5) (91.3%, 99.8%)	
06/26 04:17:01午後 finetuneTeacher_trainer.py:171 [INFO] Train: Epoch: [17][600/781]	Step 13894	lr 0.00657	Loss 0.2119 (0.2494)	Prec@(1,5) (91.3%, 99.8%)	
06/26 04:17:03午後 finetuneTeacher_trainer.py:171 [INFO] Train: Epoch: [17][650/781]	Step 13944	lr 0.00657	Loss 0.1907 (0.2489)	Prec@(1,5) (91.3%, 99.8%)	
06/26 04:17:05午後 finetuneTeacher_trainer.py:171 [INFO] Train: Epoch: [17][700/781]	Step 13994	lr 0.00657	Loss 0.2896 (0.2484)	Prec@(1,5) (91.4%, 99.8%)	
06/26 04:17:07午後 finetuneTeacher_trainer.py:171 [INFO] Train: Epoch: [17][750/781]	Step 14044	lr 0.00657	Loss 0.1023 (0.2479)	Prec@(1,5) (91.4%, 99.8%)	
06/26 04:17:08午後 finetuneTeacher_trainer.py:171 [INFO] Train: Epoch: [17][781/781]	Step 14075	lr 0.00657	Loss 0.1934 (0.2475)	Prec@(1,5) (91.4%, 99.8%)	
06/26 04:17:08午後 finetuneTeacher_trainer.py:181 [INFO] Train: [ 17/24] Final Prec@1 91.4320%
06/26 04:17:09午後 finetuneTeacher_trainer.py:209 [INFO] Valid: Epoch: [17][50/391]	Step 14076	Loss 0.2309	Prec@(1,5) (91.5%, 100.0%)
06/26 04:17:09午後 finetuneTeacher_trainer.py:209 [INFO] Valid: Epoch: [17][100/391]	Step 14076	Loss 0.2231	Prec@(1,5) (91.9%, 99.9%)
06/26 04:17:10午後 finetuneTeacher_trainer.py:209 [INFO] Valid: Epoch: [17][150/391]	Step 14076	Loss 0.2230	Prec@(1,5) (92.0%, 99.9%)
06/26 04:17:10午後 finetuneTeacher_trainer.py:209 [INFO] Valid: Epoch: [17][200/391]	Step 14076	Loss 0.2217	Prec@(1,5) (92.2%, 99.9%)
06/26 04:17:10午後 finetuneTeacher_trainer.py:209 [INFO] Valid: Epoch: [17][250/391]	Step 14076	Loss 0.2203	Prec@(1,5) (92.2%, 99.9%)
06/26 04:17:11午後 finetuneTeacher_trainer.py:209 [INFO] Valid: Epoch: [17][300/391]	Step 14076	Loss 0.2196	Prec@(1,5) (92.2%, 99.9%)
06/26 04:17:11午後 finetuneTeacher_trainer.py:209 [INFO] Valid: Epoch: [17][350/391]	Step 14076	Loss 0.2168	Prec@(1,5) (92.3%, 99.9%)
06/26 04:17:11午後 finetuneTeacher_trainer.py:209 [INFO] Valid: Epoch: [17][390/391]	Step 14076	Loss 0.2141	Prec@(1,5) (92.4%, 99.9%)
06/26 04:17:11午後 finetuneTeacher_trainer.py:216 [INFO] Valid: [ 17/24] Final Prec@1 92.4160%
06/26 04:17:12午後 finetuneTeacher_main.py:54 [INFO] Until now, best Prec@1 = 92.4160%
06/26 04:17:14午後 finetuneTeacher_trainer.py:171 [INFO] Train: Epoch: [18][50/781]	Step 14126	lr 0.00535	Loss 0.1755 (0.2385)	Prec@(1,5) (91.4%, 99.7%)	
06/26 04:17:16午後 finetuneTeacher_trainer.py:171 [INFO] Train: Epoch: [18][100/781]	Step 14176	lr 0.00535	Loss 0.3758 (0.2327)	Prec@(1,5) (91.6%, 99.9%)	
06/26 04:17:18午後 finetuneTeacher_trainer.py:171 [INFO] Train: Epoch: [18][150/781]	Step 14226	lr 0.00535	Loss 0.1975 (0.2301)	Prec@(1,5) (91.8%, 99.8%)	
06/26 04:17:20午後 finetuneTeacher_trainer.py:171 [INFO] Train: Epoch: [18][200/781]	Step 14276	lr 0.00535	Loss 0.1471 (0.2214)	Prec@(1,5) (92.3%, 99.8%)	
06/26 04:17:22午後 finetuneTeacher_trainer.py:171 [INFO] Train: Epoch: [18][250/781]	Step 14326	lr 0.00535	Loss 0.2327 (0.2199)	Prec@(1,5) (92.4%, 99.8%)	
06/26 04:17:24午後 finetuneTeacher_trainer.py:171 [INFO] Train: Epoch: [18][300/781]	Step 14376	lr 0.00535	Loss 0.1852 (0.2231)	Prec@(1,5) (92.4%, 99.8%)	
06/26 04:17:26午後 finetuneTeacher_trainer.py:171 [INFO] Train: Epoch: [18][350/781]	Step 14426	lr 0.00535	Loss 0.2299 (0.2191)	Prec@(1,5) (92.4%, 99.8%)	
06/26 04:17:28午後 finetuneTeacher_trainer.py:171 [INFO] Train: Epoch: [18][400/781]	Step 14476	lr 0.00535	Loss 0.3525 (0.2201)	Prec@(1,5) (92.3%, 99.8%)	
06/26 04:17:30午後 finetuneTeacher_trainer.py:171 [INFO] Train: Epoch: [18][450/781]	Step 14526	lr 0.00535	Loss 0.2652 (0.2211)	Prec@(1,5) (92.3%, 99.8%)	
06/26 04:17:32午後 finetuneTeacher_trainer.py:171 [INFO] Train: Epoch: [18][500/781]	Step 14576	lr 0.00535	Loss 0.1644 (0.2188)	Prec@(1,5) (92.3%, 99.8%)	
06/26 04:17:34午後 finetuneTeacher_trainer.py:171 [INFO] Train: Epoch: [18][550/781]	Step 14626	lr 0.00535	Loss 0.2652 (0.2183)	Prec@(1,5) (92.3%, 99.8%)	
06/26 04:17:36午後 finetuneTeacher_trainer.py:171 [INFO] Train: Epoch: [18][600/781]	Step 14676	lr 0.00535	Loss 0.1631 (0.2193)	Prec@(1,5) (92.4%, 99.8%)	
06/26 04:17:38午後 finetuneTeacher_trainer.py:171 [INFO] Train: Epoch: [18][650/781]	Step 14726	lr 0.00535	Loss 0.3171 (0.2193)	Prec@(1,5) (92.4%, 99.8%)	
06/26 04:17:40午後 finetuneTeacher_trainer.py:171 [INFO] Train: Epoch: [18][700/781]	Step 14776	lr 0.00535	Loss 0.2969 (0.2183)	Prec@(1,5) (92.4%, 99.9%)	
06/26 04:17:42午後 finetuneTeacher_trainer.py:171 [INFO] Train: Epoch: [18][750/781]	Step 14826	lr 0.00535	Loss 0.3657 (0.2186)	Prec@(1,5) (92.4%, 99.8%)	
06/26 04:17:43午後 finetuneTeacher_trainer.py:171 [INFO] Train: Epoch: [18][781/781]	Step 14857	lr 0.00535	Loss 0.2130 (0.2178)	Prec@(1,5) (92.4%, 99.9%)	
06/26 04:17:43午後 finetuneTeacher_trainer.py:181 [INFO] Train: [ 18/24] Final Prec@1 92.4040%
06/26 04:17:44午後 finetuneTeacher_trainer.py:209 [INFO] Valid: Epoch: [18][50/391]	Step 14858	Loss 0.1697	Prec@(1,5) (93.9%, 99.9%)
06/26 04:17:44午後 finetuneTeacher_trainer.py:209 [INFO] Valid: Epoch: [18][100/391]	Step 14858	Loss 0.1719	Prec@(1,5) (94.0%, 100.0%)
06/26 04:17:44午後 finetuneTeacher_trainer.py:209 [INFO] Valid: Epoch: [18][150/391]	Step 14858	Loss 0.1751	Prec@(1,5) (93.9%, 99.9%)
06/26 04:17:45午後 finetuneTeacher_trainer.py:209 [INFO] Valid: Epoch: [18][200/391]	Step 14858	Loss 0.1772	Prec@(1,5) (93.9%, 99.9%)
06/26 04:17:45午後 finetuneTeacher_trainer.py:209 [INFO] Valid: Epoch: [18][250/391]	Step 14858	Loss 0.1779	Prec@(1,5) (93.9%, 99.9%)
06/26 04:17:46午後 finetuneTeacher_trainer.py:209 [INFO] Valid: Epoch: [18][300/391]	Step 14858	Loss 0.1797	Prec@(1,5) (93.8%, 99.9%)
06/26 04:17:46午後 finetuneTeacher_trainer.py:209 [INFO] Valid: Epoch: [18][350/391]	Step 14858	Loss 0.1796	Prec@(1,5) (93.8%, 99.9%)
06/26 04:17:46午後 finetuneTeacher_trainer.py:209 [INFO] Valid: Epoch: [18][390/391]	Step 14858	Loss 0.1803	Prec@(1,5) (93.9%, 99.9%)
06/26 04:17:46午後 finetuneTeacher_trainer.py:216 [INFO] Valid: [ 18/24] Final Prec@1 93.8960%
06/26 04:17:47午後 finetuneTeacher_main.py:54 [INFO] Until now, best Prec@1 = 93.8960%
06/26 04:17:49午後 finetuneTeacher_trainer.py:171 [INFO] Train: Epoch: [19][50/781]	Step 14908	lr 0.00425	Loss 0.2332 (0.1989)	Prec@(1,5) (92.8%, 100.0%)	
06/26 04:17:51午後 finetuneTeacher_trainer.py:171 [INFO] Train: Epoch: [19][100/781]	Step 14958	lr 0.00425	Loss 0.2199 (0.1986)	Prec@(1,5) (92.9%, 100.0%)	
06/26 04:17:52午後 finetuneTeacher_trainer.py:171 [INFO] Train: Epoch: [19][150/781]	Step 15008	lr 0.00425	Loss 0.0584 (0.1906)	Prec@(1,5) (93.2%, 99.9%)	
06/26 04:17:54午後 finetuneTeacher_trainer.py:171 [INFO] Train: Epoch: [19][200/781]	Step 15058	lr 0.00425	Loss 0.3654 (0.2006)	Prec@(1,5) (92.7%, 99.9%)	
06/26 04:17:56午後 finetuneTeacher_trainer.py:171 [INFO] Train: Epoch: [19][250/781]	Step 15108	lr 0.00425	Loss 0.1135 (0.2039)	Prec@(1,5) (92.7%, 99.9%)	
06/26 04:17:58午後 finetuneTeacher_trainer.py:171 [INFO] Train: Epoch: [19][300/781]	Step 15158	lr 0.00425	Loss 0.1505 (0.2010)	Prec@(1,5) (92.9%, 99.9%)	
06/26 04:18:00午後 finetuneTeacher_trainer.py:171 [INFO] Train: Epoch: [19][350/781]	Step 15208	lr 0.00425	Loss 0.1912 (0.2011)	Prec@(1,5) (92.9%, 99.9%)	
06/26 04:18:02午後 finetuneTeacher_trainer.py:171 [INFO] Train: Epoch: [19][400/781]	Step 15258	lr 0.00425	Loss 0.0587 (0.2022)	Prec@(1,5) (92.9%, 99.9%)	
06/26 04:18:03午後 finetuneTeacher_trainer.py:171 [INFO] Train: Epoch: [19][450/781]	Step 15308	lr 0.00425	Loss 0.1651 (0.2052)	Prec@(1,5) (92.8%, 99.9%)	
06/26 04:18:05午後 finetuneTeacher_trainer.py:171 [INFO] Train: Epoch: [19][500/781]	Step 15358	lr 0.00425	Loss 0.3274 (0.2046)	Prec@(1,5) (92.8%, 99.9%)	
06/26 04:18:07午後 finetuneTeacher_trainer.py:171 [INFO] Train: Epoch: [19][550/781]	Step 15408	lr 0.00425	Loss 0.1631 (0.2056)	Prec@(1,5) (92.8%, 99.9%)	
06/26 04:18:09午後 finetuneTeacher_trainer.py:171 [INFO] Train: Epoch: [19][600/781]	Step 15458	lr 0.00425	Loss 0.2653 (0.2062)	Prec@(1,5) (92.8%, 99.9%)	
06/26 04:18:11午後 finetuneTeacher_trainer.py:171 [INFO] Train: Epoch: [19][650/781]	Step 15508	lr 0.00425	Loss 0.3071 (0.2035)	Prec@(1,5) (92.9%, 99.9%)	
06/26 04:18:13午後 finetuneTeacher_trainer.py:171 [INFO] Train: Epoch: [19][700/781]	Step 15558	lr 0.00425	Loss 0.2219 (0.2035)	Prec@(1,5) (92.9%, 99.9%)	
06/26 04:18:15午後 finetuneTeacher_trainer.py:171 [INFO] Train: Epoch: [19][750/781]	Step 15608	lr 0.00425	Loss 0.2186 (0.2038)	Prec@(1,5) (92.9%, 99.9%)	
06/26 04:18:16午後 finetuneTeacher_trainer.py:171 [INFO] Train: Epoch: [19][781/781]	Step 15639	lr 0.00425	Loss 0.1359 (0.2034)	Prec@(1,5) (92.9%, 99.9%)	
06/26 04:18:16午後 finetuneTeacher_trainer.py:181 [INFO] Train: [ 19/24] Final Prec@1 92.8820%
06/26 04:18:17午後 finetuneTeacher_trainer.py:209 [INFO] Valid: Epoch: [19][50/391]	Step 15640	Loss 0.1673	Prec@(1,5) (93.8%, 99.9%)
06/26 04:18:17午後 finetuneTeacher_trainer.py:209 [INFO] Valid: Epoch: [19][100/391]	Step 15640	Loss 0.1689	Prec@(1,5) (94.0%, 100.0%)
06/26 04:18:17午後 finetuneTeacher_trainer.py:209 [INFO] Valid: Epoch: [19][150/391]	Step 15640	Loss 0.1729	Prec@(1,5) (93.9%, 100.0%)
06/26 04:18:18午後 finetuneTeacher_trainer.py:209 [INFO] Valid: Epoch: [19][200/391]	Step 15640	Loss 0.1625	Prec@(1,5) (94.3%, 100.0%)
06/26 04:18:18午後 finetuneTeacher_trainer.py:209 [INFO] Valid: Epoch: [19][250/391]	Step 15640	Loss 0.1644	Prec@(1,5) (94.2%, 100.0%)
06/26 04:18:18午後 finetuneTeacher_trainer.py:209 [INFO] Valid: Epoch: [19][300/391]	Step 15640	Loss 0.1644	Prec@(1,5) (94.3%, 100.0%)
06/26 04:18:19午後 finetuneTeacher_trainer.py:209 [INFO] Valid: Epoch: [19][350/391]	Step 15640	Loss 0.1624	Prec@(1,5) (94.4%, 100.0%)
06/26 04:18:19午後 finetuneTeacher_trainer.py:209 [INFO] Valid: Epoch: [19][390/391]	Step 15640	Loss 0.1616	Prec@(1,5) (94.4%, 100.0%)
06/26 04:18:19午後 finetuneTeacher_trainer.py:216 [INFO] Valid: [ 19/24] Final Prec@1 94.3920%
06/26 04:18:20午後 finetuneTeacher_main.py:54 [INFO] Until now, best Prec@1 = 94.3920%
06/26 04:18:21午後 finetuneTeacher_trainer.py:171 [INFO] Train: Epoch: [20][50/781]	Step 15690	lr 0.00329	Loss 0.1768 (0.1612)	Prec@(1,5) (94.3%, 99.9%)	
06/26 04:18:23午後 finetuneTeacher_trainer.py:171 [INFO] Train: Epoch: [20][100/781]	Step 15740	lr 0.00329	Loss 0.1391 (0.1632)	Prec@(1,5) (94.5%, 99.9%)	
06/26 04:18:25午後 finetuneTeacher_trainer.py:171 [INFO] Train: Epoch: [20][150/781]	Step 15790	lr 0.00329	Loss 0.0875 (0.1643)	Prec@(1,5) (94.4%, 99.9%)	
06/26 04:18:27午後 finetuneTeacher_trainer.py:171 [INFO] Train: Epoch: [20][200/781]	Step 15840	lr 0.00329	Loss 0.0868 (0.1638)	Prec@(1,5) (94.4%, 99.9%)	
06/26 04:18:29午後 finetuneTeacher_trainer.py:171 [INFO] Train: Epoch: [20][250/781]	Step 15890	lr 0.00329	Loss 0.1319 (0.1679)	Prec@(1,5) (94.3%, 99.9%)	
06/26 04:18:31午後 finetuneTeacher_trainer.py:171 [INFO] Train: Epoch: [20][300/781]	Step 15940	lr 0.00329	Loss 0.0987 (0.1694)	Prec@(1,5) (94.2%, 99.9%)	
06/26 04:18:33午後 finetuneTeacher_trainer.py:171 [INFO] Train: Epoch: [20][350/781]	Step 15990	lr 0.00329	Loss 0.2995 (0.1699)	Prec@(1,5) (94.2%, 99.9%)	
06/26 04:18:35午後 finetuneTeacher_trainer.py:171 [INFO] Train: Epoch: [20][400/781]	Step 16040	lr 0.00329	Loss 0.0887 (0.1697)	Prec@(1,5) (94.2%, 99.9%)	
06/26 04:18:37午後 finetuneTeacher_trainer.py:171 [INFO] Train: Epoch: [20][450/781]	Step 16090	lr 0.00329	Loss 0.1700 (0.1692)	Prec@(1,5) (94.2%, 99.9%)	
06/26 04:18:38午後 finetuneTeacher_trainer.py:171 [INFO] Train: Epoch: [20][500/781]	Step 16140	lr 0.00329	Loss 0.1955 (0.1707)	Prec@(1,5) (94.2%, 99.9%)	
06/26 04:18:40午後 finetuneTeacher_trainer.py:171 [INFO] Train: Epoch: [20][550/781]	Step 16190	lr 0.00329	Loss 0.2129 (0.1725)	Prec@(1,5) (94.1%, 99.9%)	
06/26 04:18:42午後 finetuneTeacher_trainer.py:171 [INFO] Train: Epoch: [20][600/781]	Step 16240	lr 0.00329	Loss 0.3557 (0.1745)	Prec@(1,5) (94.0%, 99.9%)	
06/26 04:18:44午後 finetuneTeacher_trainer.py:171 [INFO] Train: Epoch: [20][650/781]	Step 16290	lr 0.00329	Loss 0.1753 (0.1756)	Prec@(1,5) (94.0%, 99.9%)	
06/26 04:18:46午後 finetuneTeacher_trainer.py:171 [INFO] Train: Epoch: [20][700/781]	Step 16340	lr 0.00329	Loss 0.3969 (0.1758)	Prec@(1,5) (94.0%, 99.9%)	
06/26 04:18:48午後 finetuneTeacher_trainer.py:171 [INFO] Train: Epoch: [20][750/781]	Step 16390	lr 0.00329	Loss 0.1944 (0.1750)	Prec@(1,5) (94.0%, 99.9%)	
06/26 04:18:49午後 finetuneTeacher_trainer.py:171 [INFO] Train: Epoch: [20][781/781]	Step 16421	lr 0.00329	Loss 0.2291 (0.1742)	Prec@(1,5) (94.0%, 99.9%)	
06/26 04:18:49午後 finetuneTeacher_trainer.py:181 [INFO] Train: [ 20/24] Final Prec@1 94.0420%
06/26 04:18:50午後 finetuneTeacher_trainer.py:209 [INFO] Valid: Epoch: [20][50/391]	Step 16422	Loss 0.1513	Prec@(1,5) (94.5%, 99.7%)
06/26 04:18:50午後 finetuneTeacher_trainer.py:209 [INFO] Valid: Epoch: [20][100/391]	Step 16422	Loss 0.1460	Prec@(1,5) (95.0%, 99.8%)
06/26 04:18:51午後 finetuneTeacher_trainer.py:209 [INFO] Valid: Epoch: [20][150/391]	Step 16422	Loss 0.1486	Prec@(1,5) (94.8%, 99.9%)
06/26 04:18:51午後 finetuneTeacher_trainer.py:209 [INFO] Valid: Epoch: [20][200/391]	Step 16422	Loss 0.1472	Prec@(1,5) (94.8%, 99.9%)
06/26 04:18:51午後 finetuneTeacher_trainer.py:209 [INFO] Valid: Epoch: [20][250/391]	Step 16422	Loss 0.1474	Prec@(1,5) (94.8%, 99.9%)
06/26 04:18:52午後 finetuneTeacher_trainer.py:209 [INFO] Valid: Epoch: [20][300/391]	Step 16422	Loss 0.1467	Prec@(1,5) (94.8%, 99.9%)
06/26 04:18:52午後 finetuneTeacher_trainer.py:209 [INFO] Valid: Epoch: [20][350/391]	Step 16422	Loss 0.1477	Prec@(1,5) (94.9%, 99.9%)
06/26 04:18:52午後 finetuneTeacher_trainer.py:209 [INFO] Valid: Epoch: [20][390/391]	Step 16422	Loss 0.1480	Prec@(1,5) (94.8%, 99.9%)
06/26 04:18:52午後 finetuneTeacher_trainer.py:216 [INFO] Valid: [ 20/24] Final Prec@1 94.8440%
06/26 04:18:53午後 finetuneTeacher_main.py:54 [INFO] Until now, best Prec@1 = 94.8440%
06/26 04:18:55午後 finetuneTeacher_trainer.py:171 [INFO] Train: Epoch: [21][50/781]	Step 16472	lr 0.00248	Loss 0.2032 (0.1591)	Prec@(1,5) (94.7%, 99.9%)	
06/26 04:18:56午後 finetuneTeacher_trainer.py:171 [INFO] Train: Epoch: [21][100/781]	Step 16522	lr 0.00248	Loss 0.1613 (0.1564)	Prec@(1,5) (94.8%, 99.9%)	
06/26 04:18:58午後 finetuneTeacher_trainer.py:171 [INFO] Train: Epoch: [21][150/781]	Step 16572	lr 0.00248	Loss 0.1506 (0.1599)	Prec@(1,5) (94.7%, 99.9%)	
06/26 04:19:00午後 finetuneTeacher_trainer.py:171 [INFO] Train: Epoch: [21][200/781]	Step 16622	lr 0.00248	Loss 0.1086 (0.1603)	Prec@(1,5) (94.6%, 99.9%)	
06/26 04:19:01午後 finetuneTeacher_trainer.py:171 [INFO] Train: Epoch: [21][250/781]	Step 16672	lr 0.00248	Loss 0.0934 (0.1595)	Prec@(1,5) (94.5%, 99.9%)	
06/26 04:19:03午後 finetuneTeacher_trainer.py:171 [INFO] Train: Epoch: [21][300/781]	Step 16722	lr 0.00248	Loss 0.2374 (0.1588)	Prec@(1,5) (94.6%, 100.0%)	
06/26 04:19:05午後 finetuneTeacher_trainer.py:171 [INFO] Train: Epoch: [21][350/781]	Step 16772	lr 0.00248	Loss 0.2164 (0.1615)	Prec@(1,5) (94.5%, 99.9%)	
06/26 04:19:07午後 finetuneTeacher_trainer.py:171 [INFO] Train: Epoch: [21][400/781]	Step 16822	lr 0.00248	Loss 0.1833 (0.1620)	Prec@(1,5) (94.4%, 99.9%)	
06/26 04:19:09午後 finetuneTeacher_trainer.py:171 [INFO] Train: Epoch: [21][450/781]	Step 16872	lr 0.00248	Loss 0.1417 (0.1613)	Prec@(1,5) (94.4%, 99.9%)	
06/26 04:19:11午後 finetuneTeacher_trainer.py:171 [INFO] Train: Epoch: [21][500/781]	Step 16922	lr 0.00248	Loss 0.1949 (0.1627)	Prec@(1,5) (94.3%, 99.9%)	
06/26 04:19:13午後 finetuneTeacher_trainer.py:171 [INFO] Train: Epoch: [21][550/781]	Step 16972	lr 0.00248	Loss 0.1915 (0.1628)	Prec@(1,5) (94.4%, 99.9%)	
06/26 04:19:15午後 finetuneTeacher_trainer.py:171 [INFO] Train: Epoch: [21][600/781]	Step 17022	lr 0.00248	Loss 0.1815 (0.1635)	Prec@(1,5) (94.4%, 99.9%)	
06/26 04:19:17午後 finetuneTeacher_trainer.py:171 [INFO] Train: Epoch: [21][650/781]	Step 17072	lr 0.00248	Loss 0.2012 (0.1639)	Prec@(1,5) (94.4%, 99.9%)	
06/26 04:19:19午後 finetuneTeacher_trainer.py:171 [INFO] Train: Epoch: [21][700/781]	Step 17122	lr 0.00248	Loss 0.0819 (0.1642)	Prec@(1,5) (94.4%, 99.9%)	
06/26 04:19:20午後 finetuneTeacher_trainer.py:171 [INFO] Train: Epoch: [21][750/781]	Step 17172	lr 0.00248	Loss 0.1277 (0.1629)	Prec@(1,5) (94.4%, 99.9%)	
06/26 04:19:22午後 finetuneTeacher_trainer.py:171 [INFO] Train: Epoch: [21][781/781]	Step 17203	lr 0.00248	Loss 0.1398 (0.1631)	Prec@(1,5) (94.4%, 99.9%)	
06/26 04:19:22午後 finetuneTeacher_trainer.py:181 [INFO] Train: [ 21/24] Final Prec@1 94.3860%
06/26 04:19:22午後 finetuneTeacher_trainer.py:209 [INFO] Valid: Epoch: [21][50/391]	Step 17204	Loss 0.1233	Prec@(1,5) (96.0%, 99.9%)
06/26 04:19:23午後 finetuneTeacher_trainer.py:209 [INFO] Valid: Epoch: [21][100/391]	Step 17204	Loss 0.1258	Prec@(1,5) (95.7%, 99.9%)
06/26 04:19:23午後 finetuneTeacher_trainer.py:209 [INFO] Valid: Epoch: [21][150/391]	Step 17204	Loss 0.1244	Prec@(1,5) (95.7%, 99.9%)
06/26 04:19:24午後 finetuneTeacher_trainer.py:209 [INFO] Valid: Epoch: [21][200/391]	Step 17204	Loss 0.1245	Prec@(1,5) (95.7%, 99.9%)
06/26 04:19:24午後 finetuneTeacher_trainer.py:209 [INFO] Valid: Epoch: [21][250/391]	Step 17204	Loss 0.1263	Prec@(1,5) (95.6%, 99.9%)
06/26 04:19:24午後 finetuneTeacher_trainer.py:209 [INFO] Valid: Epoch: [21][300/391]	Step 17204	Loss 0.1261	Prec@(1,5) (95.6%, 99.9%)
06/26 04:19:24午後 finetuneTeacher_trainer.py:209 [INFO] Valid: Epoch: [21][350/391]	Step 17204	Loss 0.1271	Prec@(1,5) (95.6%, 99.9%)
06/26 04:19:25午後 finetuneTeacher_trainer.py:209 [INFO] Valid: Epoch: [21][390/391]	Step 17204	Loss 0.1270	Prec@(1,5) (95.6%, 99.9%)
06/26 04:19:25午後 finetuneTeacher_trainer.py:216 [INFO] Valid: [ 21/24] Final Prec@1 95.5960%
06/26 04:19:25午後 finetuneTeacher_main.py:54 [INFO] Until now, best Prec@1 = 95.5960%
06/26 04:19:28午後 finetuneTeacher_trainer.py:171 [INFO] Train: Epoch: [22][50/781]	Step 17254	lr 0.00184	Loss 0.2403 (0.1525)	Prec@(1,5) (95.0%, 99.9%)	
06/26 04:19:29午後 finetuneTeacher_trainer.py:171 [INFO] Train: Epoch: [22][100/781]	Step 17304	lr 0.00184	Loss 0.2407 (0.1519)	Prec@(1,5) (94.8%, 100.0%)	
06/26 04:19:31午後 finetuneTeacher_trainer.py:171 [INFO] Train: Epoch: [22][150/781]	Step 17354	lr 0.00184	Loss 0.1344 (0.1490)	Prec@(1,5) (94.8%, 99.9%)	
06/26 04:19:32午後 finetuneTeacher_trainer.py:171 [INFO] Train: Epoch: [22][200/781]	Step 17404	lr 0.00184	Loss 0.1446 (0.1487)	Prec@(1,5) (94.8%, 99.9%)	
06/26 04:19:33午後 finetuneTeacher_trainer.py:171 [INFO] Train: Epoch: [22][250/781]	Step 17454	lr 0.00184	Loss 0.1732 (0.1504)	Prec@(1,5) (94.7%, 99.9%)	
06/26 04:19:35午後 finetuneTeacher_trainer.py:171 [INFO] Train: Epoch: [22][300/781]	Step 17504	lr 0.00184	Loss 0.1456 (0.1458)	Prec@(1,5) (94.9%, 99.9%)	
06/26 04:19:37午後 finetuneTeacher_trainer.py:171 [INFO] Train: Epoch: [22][350/781]	Step 17554	lr 0.00184	Loss 0.2020 (0.1475)	Prec@(1,5) (94.8%, 99.9%)	
06/26 04:19:38午後 finetuneTeacher_trainer.py:171 [INFO] Train: Epoch: [22][400/781]	Step 17604	lr 0.00184	Loss 0.2121 (0.1465)	Prec@(1,5) (94.8%, 99.9%)	
06/26 04:19:40午後 finetuneTeacher_trainer.py:171 [INFO] Train: Epoch: [22][450/781]	Step 17654	lr 0.00184	Loss 0.0571 (0.1464)	Prec@(1,5) (94.9%, 99.9%)	
06/26 04:19:42午後 finetuneTeacher_trainer.py:171 [INFO] Train: Epoch: [22][500/781]	Step 17704	lr 0.00184	Loss 0.1178 (0.1461)	Prec@(1,5) (94.8%, 99.9%)	
06/26 04:19:44午後 finetuneTeacher_trainer.py:171 [INFO] Train: Epoch: [22][550/781]	Step 17754	lr 0.00184	Loss 0.0839 (0.1461)	Prec@(1,5) (94.8%, 99.9%)	
06/26 04:19:46午後 finetuneTeacher_trainer.py:171 [INFO] Train: Epoch: [22][600/781]	Step 17804	lr 0.00184	Loss 0.4308 (0.1467)	Prec@(1,5) (94.8%, 99.9%)	
06/26 04:19:48午後 finetuneTeacher_trainer.py:171 [INFO] Train: Epoch: [22][650/781]	Step 17854	lr 0.00184	Loss 0.2528 (0.1459)	Prec@(1,5) (94.9%, 99.9%)	
06/26 04:19:50午後 finetuneTeacher_trainer.py:171 [INFO] Train: Epoch: [22][700/781]	Step 17904	lr 0.00184	Loss 0.1974 (0.1474)	Prec@(1,5) (94.9%, 99.9%)	
06/26 04:19:51午後 finetuneTeacher_trainer.py:171 [INFO] Train: Epoch: [22][750/781]	Step 17954	lr 0.00184	Loss 0.1397 (0.1473)	Prec@(1,5) (94.9%, 99.9%)	
06/26 04:19:53午後 finetuneTeacher_trainer.py:171 [INFO] Train: Epoch: [22][781/781]	Step 17985	lr 0.00184	Loss 0.1153 (0.1471)	Prec@(1,5) (94.9%, 99.9%)	
06/26 04:19:53午後 finetuneTeacher_trainer.py:181 [INFO] Train: [ 22/24] Final Prec@1 94.8860%
06/26 04:19:53午後 finetuneTeacher_trainer.py:209 [INFO] Valid: Epoch: [22][50/391]	Step 17986	Loss 0.1157	Prec@(1,5) (96.0%, 99.9%)
06/26 04:19:54午後 finetuneTeacher_trainer.py:209 [INFO] Valid: Epoch: [22][100/391]	Step 17986	Loss 0.1225	Prec@(1,5) (95.9%, 99.9%)
06/26 04:19:54午後 finetuneTeacher_trainer.py:209 [INFO] Valid: Epoch: [22][150/391]	Step 17986	Loss 0.1261	Prec@(1,5) (95.8%, 100.0%)
06/26 04:19:54午後 finetuneTeacher_trainer.py:209 [INFO] Valid: Epoch: [22][200/391]	Step 17986	Loss 0.1271	Prec@(1,5) (95.7%, 100.0%)
06/26 04:19:55午後 finetuneTeacher_trainer.py:209 [INFO] Valid: Epoch: [22][250/391]	Step 17986	Loss 0.1280	Prec@(1,5) (95.7%, 100.0%)
06/26 04:19:55午後 finetuneTeacher_trainer.py:209 [INFO] Valid: Epoch: [22][300/391]	Step 17986	Loss 0.1272	Prec@(1,5) (95.7%, 100.0%)
06/26 04:19:55午後 finetuneTeacher_trainer.py:209 [INFO] Valid: Epoch: [22][350/391]	Step 17986	Loss 0.1263	Prec@(1,5) (95.7%, 100.0%)
06/26 04:19:56午後 finetuneTeacher_trainer.py:209 [INFO] Valid: Epoch: [22][390/391]	Step 17986	Loss 0.1246	Prec@(1,5) (95.8%, 100.0%)
06/26 04:19:56午後 finetuneTeacher_trainer.py:216 [INFO] Valid: [ 22/24] Final Prec@1 95.7840%
06/26 04:19:56午後 finetuneTeacher_main.py:54 [INFO] Until now, best Prec@1 = 95.7840%
06/26 04:19:59午後 finetuneTeacher_trainer.py:171 [INFO] Train: Epoch: [23][50/781]	Step 18036	lr 0.00138	Loss 0.0807 (0.1352)	Prec@(1,5) (95.6%, 99.9%)	
06/26 04:20:00午後 finetuneTeacher_trainer.py:171 [INFO] Train: Epoch: [23][100/781]	Step 18086	lr 0.00138	Loss 0.1284 (0.1323)	Prec@(1,5) (95.7%, 100.0%)	
06/26 04:20:02午後 finetuneTeacher_trainer.py:171 [INFO] Train: Epoch: [23][150/781]	Step 18136	lr 0.00138	Loss 0.2042 (0.1359)	Prec@(1,5) (95.4%, 100.0%)	
06/26 04:20:03午後 finetuneTeacher_trainer.py:171 [INFO] Train: Epoch: [23][200/781]	Step 18186	lr 0.00138	Loss 0.2037 (0.1355)	Prec@(1,5) (95.4%, 99.9%)	
06/26 04:20:05午後 finetuneTeacher_trainer.py:171 [INFO] Train: Epoch: [23][250/781]	Step 18236	lr 0.00138	Loss 0.1657 (0.1354)	Prec@(1,5) (95.4%, 99.9%)	
06/26 04:20:07午後 finetuneTeacher_trainer.py:171 [INFO] Train: Epoch: [23][300/781]	Step 18286	lr 0.00138	Loss 0.3117 (0.1380)	Prec@(1,5) (95.2%, 99.9%)	
06/26 04:20:09午後 finetuneTeacher_trainer.py:171 [INFO] Train: Epoch: [23][350/781]	Step 18336	lr 0.00138	Loss 0.2353 (0.1381)	Prec@(1,5) (95.3%, 100.0%)	
06/26 04:20:11午後 finetuneTeacher_trainer.py:171 [INFO] Train: Epoch: [23][400/781]	Step 18386	lr 0.00138	Loss 0.1020 (0.1360)	Prec@(1,5) (95.3%, 100.0%)	
06/26 04:20:12午後 finetuneTeacher_trainer.py:171 [INFO] Train: Epoch: [23][450/781]	Step 18436	lr 0.00138	Loss 0.2343 (0.1377)	Prec@(1,5) (95.3%, 99.9%)	
06/26 04:20:14午後 finetuneTeacher_trainer.py:171 [INFO] Train: Epoch: [23][500/781]	Step 18486	lr 0.00138	Loss 0.0462 (0.1382)	Prec@(1,5) (95.3%, 99.9%)	
06/26 04:20:16午後 finetuneTeacher_trainer.py:171 [INFO] Train: Epoch: [23][550/781]	Step 18536	lr 0.00138	Loss 0.1937 (0.1383)	Prec@(1,5) (95.3%, 99.9%)	
06/26 04:20:17午後 finetuneTeacher_trainer.py:171 [INFO] Train: Epoch: [23][600/781]	Step 18586	lr 0.00138	Loss 0.1961 (0.1382)	Prec@(1,5) (95.3%, 99.9%)	
06/26 04:20:19午後 finetuneTeacher_trainer.py:171 [INFO] Train: Epoch: [23][650/781]	Step 18636	lr 0.00138	Loss 0.1622 (0.1377)	Prec@(1,5) (95.3%, 99.9%)	
06/26 04:20:20午後 finetuneTeacher_trainer.py:171 [INFO] Train: Epoch: [23][700/781]	Step 18686	lr 0.00138	Loss 0.0297 (0.1375)	Prec@(1,5) (95.2%, 99.9%)	
06/26 04:20:22午後 finetuneTeacher_trainer.py:171 [INFO] Train: Epoch: [23][750/781]	Step 18736	lr 0.00138	Loss 0.2033 (0.1362)	Prec@(1,5) (95.3%, 99.9%)	
06/26 04:20:23午後 finetuneTeacher_trainer.py:171 [INFO] Train: Epoch: [23][781/781]	Step 18767	lr 0.00138	Loss 0.1183 (0.1358)	Prec@(1,5) (95.3%, 99.9%)	
06/26 04:20:23午後 finetuneTeacher_trainer.py:181 [INFO] Train: [ 23/24] Final Prec@1 95.3260%
06/26 04:20:24午後 finetuneTeacher_trainer.py:209 [INFO] Valid: Epoch: [23][50/391]	Step 18768	Loss 0.1180	Prec@(1,5) (96.0%, 100.0%)
06/26 04:20:24午後 finetuneTeacher_trainer.py:209 [INFO] Valid: Epoch: [23][100/391]	Step 18768	Loss 0.1132	Prec@(1,5) (96.0%, 100.0%)
06/26 04:20:24午後 finetuneTeacher_trainer.py:209 [INFO] Valid: Epoch: [23][150/391]	Step 18768	Loss 0.1118	Prec@(1,5) (96.1%, 100.0%)
06/26 04:20:25午後 finetuneTeacher_trainer.py:209 [INFO] Valid: Epoch: [23][200/391]	Step 18768	Loss 0.1114	Prec@(1,5) (96.1%, 100.0%)
06/26 04:20:25午後 finetuneTeacher_trainer.py:209 [INFO] Valid: Epoch: [23][250/391]	Step 18768	Loss 0.1113	Prec@(1,5) (96.2%, 100.0%)
06/26 04:20:25午後 finetuneTeacher_trainer.py:209 [INFO] Valid: Epoch: [23][300/391]	Step 18768	Loss 0.1115	Prec@(1,5) (96.2%, 100.0%)
06/26 04:20:26午後 finetuneTeacher_trainer.py:209 [INFO] Valid: Epoch: [23][350/391]	Step 18768	Loss 0.1102	Prec@(1,5) (96.2%, 100.0%)
06/26 04:20:26午後 finetuneTeacher_trainer.py:209 [INFO] Valid: Epoch: [23][390/391]	Step 18768	Loss 0.1092	Prec@(1,5) (96.3%, 100.0%)
06/26 04:20:26午後 finetuneTeacher_trainer.py:216 [INFO] Valid: [ 23/24] Final Prec@1 96.2960%
06/26 04:20:26午後 finetuneTeacher_main.py:54 [INFO] Until now, best Prec@1 = 96.2960%
06/26 04:20:29午後 finetuneTeacher_trainer.py:171 [INFO] Train: Epoch: [24][50/781]	Step 18818	lr 0.00109	Loss 0.0546 (0.1173)	Prec@(1,5) (96.2%, 100.0%)	
06/26 04:20:31午後 finetuneTeacher_trainer.py:171 [INFO] Train: Epoch: [24][100/781]	Step 18868	lr 0.00109	Loss 0.0587 (0.1222)	Prec@(1,5) (95.7%, 100.0%)	
06/26 04:20:33午後 finetuneTeacher_trainer.py:171 [INFO] Train: Epoch: [24][150/781]	Step 18918	lr 0.00109	Loss 0.1587 (0.1182)	Prec@(1,5) (95.8%, 100.0%)	
06/26 04:20:35午後 finetuneTeacher_trainer.py:171 [INFO] Train: Epoch: [24][200/781]	Step 18968	lr 0.00109	Loss 0.0931 (0.1178)	Prec@(1,5) (95.8%, 100.0%)	
06/26 04:20:37午後 finetuneTeacher_trainer.py:171 [INFO] Train: Epoch: [24][250/781]	Step 19018	lr 0.00109	Loss 0.2569 (0.1196)	Prec@(1,5) (95.8%, 100.0%)	
06/26 04:20:38午後 finetuneTeacher_trainer.py:171 [INFO] Train: Epoch: [24][300/781]	Step 19068	lr 0.00109	Loss 0.1677 (0.1186)	Prec@(1,5) (95.8%, 100.0%)	
06/26 04:20:40午後 finetuneTeacher_trainer.py:171 [INFO] Train: Epoch: [24][350/781]	Step 19118	lr 0.00109	Loss 0.1918 (0.1217)	Prec@(1,5) (95.8%, 100.0%)	
06/26 04:20:42午後 finetuneTeacher_trainer.py:171 [INFO] Train: Epoch: [24][400/781]	Step 19168	lr 0.00109	Loss 0.0712 (0.1229)	Prec@(1,5) (95.8%, 100.0%)	
06/26 04:20:44午後 finetuneTeacher_trainer.py:171 [INFO] Train: Epoch: [24][450/781]	Step 19218	lr 0.00109	Loss 0.0955 (0.1237)	Prec@(1,5) (95.7%, 100.0%)	
06/26 04:20:46午後 finetuneTeacher_trainer.py:171 [INFO] Train: Epoch: [24][500/781]	Step 19268	lr 0.00109	Loss 0.0980 (0.1235)	Prec@(1,5) (95.7%, 100.0%)	
06/26 04:20:48午後 finetuneTeacher_trainer.py:171 [INFO] Train: Epoch: [24][550/781]	Step 19318	lr 0.00109	Loss 0.0598 (0.1240)	Prec@(1,5) (95.7%, 100.0%)	
06/26 04:20:50午後 finetuneTeacher_trainer.py:171 [INFO] Train: Epoch: [24][600/781]	Step 19368	lr 0.00109	Loss 0.0300 (0.1245)	Prec@(1,5) (95.7%, 100.0%)	
06/26 04:20:52午後 finetuneTeacher_trainer.py:171 [INFO] Train: Epoch: [24][650/781]	Step 19418	lr 0.00109	Loss 0.1038 (0.1257)	Prec@(1,5) (95.6%, 100.0%)	
06/26 04:20:54午後 finetuneTeacher_trainer.py:171 [INFO] Train: Epoch: [24][700/781]	Step 19468	lr 0.00109	Loss 0.0883 (0.1270)	Prec@(1,5) (95.6%, 99.9%)	
06/26 04:20:56午後 finetuneTeacher_trainer.py:171 [INFO] Train: Epoch: [24][750/781]	Step 19518	lr 0.00109	Loss 0.1345 (0.1280)	Prec@(1,5) (95.6%, 99.9%)	
06/26 04:20:57午後 finetuneTeacher_trainer.py:171 [INFO] Train: Epoch: [24][781/781]	Step 19549	lr 0.00109	Loss 0.1122 (0.1283)	Prec@(1,5) (95.6%, 99.9%)	
06/26 04:20:57午後 finetuneTeacher_trainer.py:181 [INFO] Train: [ 24/24] Final Prec@1 95.6040%
06/26 04:20:57午後 finetuneTeacher_trainer.py:209 [INFO] Valid: Epoch: [24][50/391]	Step 19550	Loss 0.1065	Prec@(1,5) (96.3%, 99.9%)
06/26 04:20:58午後 finetuneTeacher_trainer.py:209 [INFO] Valid: Epoch: [24][100/391]	Step 19550	Loss 0.1038	Prec@(1,5) (96.4%, 100.0%)
06/26 04:20:58午後 finetuneTeacher_trainer.py:209 [INFO] Valid: Epoch: [24][150/391]	Step 19550	Loss 0.1057	Prec@(1,5) (96.3%, 100.0%)
06/26 04:20:58午後 finetuneTeacher_trainer.py:209 [INFO] Valid: Epoch: [24][200/391]	Step 19550	Loss 0.1040	Prec@(1,5) (96.4%, 100.0%)
06/26 04:20:59午後 finetuneTeacher_trainer.py:209 [INFO] Valid: Epoch: [24][250/391]	Step 19550	Loss 0.1036	Prec@(1,5) (96.4%, 100.0%)
06/26 04:20:59午後 finetuneTeacher_trainer.py:209 [INFO] Valid: Epoch: [24][300/391]	Step 19550	Loss 0.1044	Prec@(1,5) (96.4%, 100.0%)
06/26 04:20:59午後 finetuneTeacher_trainer.py:209 [INFO] Valid: Epoch: [24][350/391]	Step 19550	Loss 0.1030	Prec@(1,5) (96.5%, 100.0%)
06/26 04:21:00午後 finetuneTeacher_trainer.py:209 [INFO] Valid: Epoch: [24][390/391]	Step 19550	Loss 0.1034	Prec@(1,5) (96.5%, 100.0%)
06/26 04:21:00午後 finetuneTeacher_trainer.py:216 [INFO] Valid: [ 24/24] Final Prec@1 96.5200%
06/26 04:21:00午後 finetuneTeacher_main.py:54 [INFO] Until now, best Prec@1 = 96.5200%
06/26 04:21:00午後 finetuneTeacher_main.py:56 [INFO] Final best Prec@1 = 96.5200%
