08/02 12:46:28PM parser.py:28 [INFO] 
08/02 12:46:28PM parser.py:29 [INFO] Parameters:
08/02 12:46:28PM parser.py:31 [INFO] T=3.0
08/02 12:46:28PM parser.py:31 [INFO] ADVANCED=True
08/02 12:46:28PM parser.py:31 [INFO] AUX_WEIGHT=0.4
08/02 12:46:28PM parser.py:31 [INFO] BATCH_SIZE=64
08/02 12:46:28PM parser.py:31 [INFO] CUTOUT_LENGTH=16
08/02 12:46:28PM parser.py:31 [INFO] DATA_PATH=../data/
08/02 12:46:28PM parser.py:31 [INFO] DATASET=cifar100
08/02 12:46:28PM parser.py:31 [INFO] DESCRIPTION=baseline224
08/02 12:46:28PM parser.py:31 [INFO] DROP_PATH_PROB=0.2
08/02 12:46:28PM parser.py:31 [INFO] EPOCHS=100
08/02 12:46:28PM parser.py:31 [INFO] EXP_NAME=002228-20240802-124628
08/02 12:46:28PM parser.py:31 [INFO] GENOTYPE=Genotype3(normal1=[[('sep_conv_3x3', 1), ('sep_conv_3x3', 0)], [('sep_conv_3x3', 2), ('sep_conv_3x3', 0)], [('sep_conv_3x3', 2), ('sep_conv_3x3', 0)], [('sep_conv_3x3', 1), ('sep_conv_3x3', 2)]], normal1_concat=range(2, 6), reduce1=[[('sep_conv_3x3', 1), ('sep_conv_3x3', 0)], [('sep_conv_3x3', 2), ('sep_conv_3x3', 1)], [('sep_conv_3x3', 1), ('sep_conv_3x3', 3)], [('sep_conv_3x3', 3), ('sep_conv_3x3', 4)]], reduce1_concat=range(2, 6), normal2=[[('skip_connect', 0), ('skip_connect', 1)], [('skip_connect', 0), ('skip_connect', 1)], [('skip_connect', 0), ('skip_connect', 2)], [('skip_connect', 0), ('skip_connect', 2)]], normal2_concat=range(2, 6), reduce2=[[('avg_pool_3x3', 0), ('dil_conv_3x3', 1)], [('avg_pool_3x3', 0), ('skip_connect', 2)], [('skip_connect', 2), ('avg_pool_3x3', 0)], [('avg_pool_3x3', 0), ('skip_connect', 2)]], reduce2_concat=range(2, 6), normal3=[[('skip_connect', 0), ('dil_conv_5x5', 1)], [('skip_connect', 0), ('dil_conv_3x3', 1)], [('skip_connect', 0), ('skip_connect', 2)], [('skip_connect', 0), ('skip_connect', 2)]], normal3_concat=range(2, 6))
08/02 12:46:28PM parser.py:31 [INFO] GPUS=[0]
08/02 12:46:28PM parser.py:31 [INFO] GRAD_CLIP=5.0
08/02 12:46:28PM parser.py:31 [INFO] INIT_CHANNELS=32
08/02 12:46:28PM parser.py:31 [INFO] L=3.0
08/02 12:46:28PM parser.py:31 [INFO] LAYERS=20
08/02 12:46:28PM parser.py:31 [INFO] LOGGER=<Logger H-DAS (INFO)>
08/02 12:46:28PM parser.py:31 [INFO] LR=0.025
08/02 12:46:28PM parser.py:31 [INFO] LR_MIN=0.001
08/02 12:46:28PM parser.py:31 [INFO] MOMENTUM=0.9
08/02 12:46:28PM parser.py:31 [INFO] NAME=BASELINE224
08/02 12:46:28PM parser.py:31 [INFO] NONKD=True
08/02 12:46:28PM parser.py:31 [INFO] PATH=results/evaluate_cell_KD/cifar100/BASELINE224/002228-20240802-124628
08/02 12:46:28PM parser.py:31 [INFO] PRINT_FREQ=50
08/02 12:46:28PM parser.py:31 [INFO] RESUME_PATH=None
08/02 12:46:28PM parser.py:31 [INFO] SAVE=002228
08/02 12:46:28PM parser.py:31 [INFO] SEED=0
08/02 12:46:28PM parser.py:31 [INFO] TEACHER_NAME=non
08/02 12:46:28PM parser.py:31 [INFO] TEACHER_PATH=non
08/02 12:46:28PM parser.py:31 [INFO] TRAIN_PORTION=0.9
08/02 12:46:28PM parser.py:31 [INFO] WEIGHT_DECAY=0.0003
08/02 12:46:28PM parser.py:31 [INFO] WORKERS=4
08/02 12:46:28PM parser.py:32 [INFO] 
08/02 12:46:29PM evaluateCell_trainer.py:102 [INFO] --> No loaded checkpoint!
08/02 12:46:53PM evaluateCell_trainer.py:199 [INFO] Valid: Epoch: [0][50/79]	Step 704	Loss 3.4875	Prec@(1,5) (16.5%, 42.7%)
08/02 12:46:53PM evaluateCell_trainer.py:199 [INFO] Valid: Epoch: [0][78/79]	Step 704	Loss 3.4631	Prec@(1,5) (16.9%, 43.2%)
08/02 12:46:53PM evaluateCell_trainer.py:206 [INFO] Valid: [  0/99] Final Prec@1 16.8800%
08/02 12:46:53午後 evaluateCell_main.py:75 [INFO] Until now, best Prec@1 = 16.8800%
08/02 12:47:18午後 evaluateCell_trainer.py:199 [INFO] Valid: Epoch: [1][50/79]	Step 1408	Loss 3.1012	Prec@(1,5) (23.6%, 53.4%)
08/02 12:47:18午後 evaluateCell_trainer.py:199 [INFO] Valid: Epoch: [1][78/79]	Step 1408	Loss 3.0979	Prec@(1,5) (23.7%, 53.5%)
08/02 12:47:18午後 evaluateCell_trainer.py:206 [INFO] Valid: [  1/99] Final Prec@1 23.7000%
08/02 12:47:18午後 evaluateCell_main.py:75 [INFO] Until now, best Prec@1 = 23.7000%
08/02 12:47:43午後 evaluateCell_trainer.py:199 [INFO] Valid: Epoch: [2][50/79]	Step 2112	Loss 2.7904	Prec@(1,5) (29.1%, 60.9%)
08/02 12:47:43午後 evaluateCell_trainer.py:199 [INFO] Valid: Epoch: [2][78/79]	Step 2112	Loss 2.7701	Prec@(1,5) (29.9%, 61.6%)
08/02 12:47:43午後 evaluateCell_trainer.py:206 [INFO] Valid: [  2/99] Final Prec@1 29.8800%
08/02 12:47:43午後 evaluateCell_main.py:75 [INFO] Until now, best Prec@1 = 29.8800%
08/02 12:48:08午後 evaluateCell_trainer.py:199 [INFO] Valid: Epoch: [3][50/79]	Step 2816	Loss 2.6108	Prec@(1,5) (32.6%, 65.6%)
08/02 12:48:08午後 evaluateCell_trainer.py:199 [INFO] Valid: Epoch: [3][78/79]	Step 2816	Loss 2.6060	Prec@(1,5) (32.8%, 65.5%)
08/02 12:48:08午後 evaluateCell_trainer.py:206 [INFO] Valid: [  3/99] Final Prec@1 32.8000%
08/02 12:48:09午後 evaluateCell_main.py:75 [INFO] Until now, best Prec@1 = 32.8000%
08/02 12:48:33午後 evaluateCell_trainer.py:199 [INFO] Valid: Epoch: [4][50/79]	Step 3520	Loss 2.4545	Prec@(1,5) (37.1%, 68.2%)
08/02 12:48:34午後 evaluateCell_trainer.py:199 [INFO] Valid: Epoch: [4][78/79]	Step 3520	Loss 2.4427	Prec@(1,5) (37.2%, 68.8%)
08/02 12:48:34午後 evaluateCell_trainer.py:206 [INFO] Valid: [  4/99] Final Prec@1 37.1400%
08/02 12:48:34午後 evaluateCell_main.py:75 [INFO] Until now, best Prec@1 = 37.1400%
08/02 12:48:59午後 evaluateCell_trainer.py:199 [INFO] Valid: Epoch: [5][50/79]	Step 4224	Loss 2.4965	Prec@(1,5) (36.6%, 68.7%)
08/02 12:48:59午後 evaluateCell_trainer.py:199 [INFO] Valid: Epoch: [5][78/79]	Step 4224	Loss 2.5153	Prec@(1,5) (36.1%, 68.5%)
08/02 12:48:59午後 evaluateCell_trainer.py:206 [INFO] Valid: [  5/99] Final Prec@1 36.1000%
08/02 12:48:59午後 evaluateCell_main.py:75 [INFO] Until now, best Prec@1 = 37.1400%
08/02 12:49:24午後 evaluateCell_trainer.py:199 [INFO] Valid: Epoch: [6][50/79]	Step 4928	Loss 2.3687	Prec@(1,5) (37.7%, 71.6%)
08/02 12:49:24午後 evaluateCell_trainer.py:199 [INFO] Valid: Epoch: [6][78/79]	Step 4928	Loss 2.3791	Prec@(1,5) (37.8%, 71.2%)
08/02 12:49:24午後 evaluateCell_trainer.py:206 [INFO] Valid: [  6/99] Final Prec@1 37.7800%
08/02 12:49:24午後 evaluateCell_main.py:75 [INFO] Until now, best Prec@1 = 37.7800%
08/02 12:49:49午後 evaluateCell_trainer.py:199 [INFO] Valid: Epoch: [7][50/79]	Step 5632	Loss 2.0257	Prec@(1,5) (45.1%, 77.3%)
08/02 12:49:49午後 evaluateCell_trainer.py:199 [INFO] Valid: Epoch: [7][78/79]	Step 5632	Loss 2.0526	Prec@(1,5) (44.7%, 76.9%)
08/02 12:49:49午後 evaluateCell_trainer.py:206 [INFO] Valid: [  7/99] Final Prec@1 44.6600%
08/02 12:49:49午後 evaluateCell_main.py:75 [INFO] Until now, best Prec@1 = 44.6600%
08/02 12:50:14午後 evaluateCell_trainer.py:199 [INFO] Valid: Epoch: [8][50/79]	Step 6336	Loss 2.2420	Prec@(1,5) (41.1%, 73.4%)
08/02 12:50:14午後 evaluateCell_trainer.py:199 [INFO] Valid: Epoch: [8][78/79]	Step 6336	Loss 2.2247	Prec@(1,5) (41.6%, 73.4%)
08/02 12:50:14午後 evaluateCell_trainer.py:206 [INFO] Valid: [  8/99] Final Prec@1 41.6200%
08/02 12:50:15午後 evaluateCell_main.py:75 [INFO] Until now, best Prec@1 = 44.6600%
08/02 12:50:39午後 evaluateCell_trainer.py:199 [INFO] Valid: Epoch: [9][50/79]	Step 7040	Loss 1.9891	Prec@(1,5) (46.0%, 77.5%)
08/02 12:50:40午後 evaluateCell_trainer.py:199 [INFO] Valid: Epoch: [9][78/79]	Step 7040	Loss 2.0318	Prec@(1,5) (45.1%, 76.9%)
08/02 12:50:40午後 evaluateCell_trainer.py:206 [INFO] Valid: [  9/99] Final Prec@1 45.1200%
08/02 12:50:40午後 evaluateCell_main.py:75 [INFO] Until now, best Prec@1 = 45.1200%
08/02 12:51:04午後 evaluateCell_trainer.py:199 [INFO] Valid: Epoch: [10][50/79]	Step 7744	Loss 1.9910	Prec@(1,5) (46.2%, 77.2%)
08/02 12:51:05午後 evaluateCell_trainer.py:199 [INFO] Valid: Epoch: [10][78/79]	Step 7744	Loss 1.9930	Prec@(1,5) (46.4%, 77.4%)
08/02 12:51:05午後 evaluateCell_trainer.py:206 [INFO] Valid: [ 10/99] Final Prec@1 46.4200%
08/02 12:51:05午後 evaluateCell_main.py:75 [INFO] Until now, best Prec@1 = 46.4200%
08/02 12:51:30午後 evaluateCell_trainer.py:199 [INFO] Valid: Epoch: [11][50/79]	Step 8448	Loss 1.8592	Prec@(1,5) (49.6%, 79.3%)
08/02 12:51:30午後 evaluateCell_trainer.py:199 [INFO] Valid: Epoch: [11][78/79]	Step 8448	Loss 1.8356	Prec@(1,5) (50.3%, 80.4%)
08/02 12:51:30午後 evaluateCell_trainer.py:206 [INFO] Valid: [ 11/99] Final Prec@1 50.2600%
08/02 12:51:30午後 evaluateCell_main.py:75 [INFO] Until now, best Prec@1 = 50.2600%
08/02 12:51:55午後 evaluateCell_trainer.py:199 [INFO] Valid: Epoch: [12][50/79]	Step 9152	Loss 1.8825	Prec@(1,5) (48.7%, 80.1%)
08/02 12:51:55午後 evaluateCell_trainer.py:199 [INFO] Valid: Epoch: [12][78/79]	Step 9152	Loss 1.8708	Prec@(1,5) (48.7%, 80.3%)
08/02 12:51:55午後 evaluateCell_trainer.py:206 [INFO] Valid: [ 12/99] Final Prec@1 48.7600%
08/02 12:51:55午後 evaluateCell_main.py:75 [INFO] Until now, best Prec@1 = 50.2600%
08/02 12:52:20午後 evaluateCell_trainer.py:199 [INFO] Valid: Epoch: [13][50/79]	Step 9856	Loss 1.9786	Prec@(1,5) (48.1%, 78.4%)
08/02 12:52:20午後 evaluateCell_trainer.py:199 [INFO] Valid: Epoch: [13][78/79]	Step 9856	Loss 1.9520	Prec@(1,5) (48.6%, 79.3%)
08/02 12:52:21午後 evaluateCell_trainer.py:206 [INFO] Valid: [ 13/99] Final Prec@1 48.5600%
08/02 12:52:21午後 evaluateCell_main.py:75 [INFO] Until now, best Prec@1 = 50.2600%
08/02 12:52:45午後 evaluateCell_trainer.py:199 [INFO] Valid: Epoch: [14][50/79]	Step 10560	Loss 1.8030	Prec@(1,5) (50.2%, 80.9%)
08/02 12:52:46午後 evaluateCell_trainer.py:199 [INFO] Valid: Epoch: [14][78/79]	Step 10560	Loss 1.7910	Prec@(1,5) (49.6%, 82.1%)
08/02 12:52:46午後 evaluateCell_trainer.py:206 [INFO] Valid: [ 14/99] Final Prec@1 49.6400%
08/02 12:52:46午後 evaluateCell_main.py:75 [INFO] Until now, best Prec@1 = 50.2600%
08/02 12:53:11午後 evaluateCell_trainer.py:199 [INFO] Valid: Epoch: [15][50/79]	Step 11264	Loss 1.7566	Prec@(1,5) (52.7%, 81.9%)
08/02 12:53:11午後 evaluateCell_trainer.py:199 [INFO] Valid: Epoch: [15][78/79]	Step 11264	Loss 1.7878	Prec@(1,5) (52.4%, 81.3%)
08/02 12:53:11午後 evaluateCell_trainer.py:206 [INFO] Valid: [ 15/99] Final Prec@1 52.3800%
08/02 12:53:11午後 evaluateCell_main.py:75 [INFO] Until now, best Prec@1 = 52.3800%
08/02 12:53:36午後 evaluateCell_trainer.py:199 [INFO] Valid: Epoch: [16][50/79]	Step 11968	Loss 1.7458	Prec@(1,5) (53.2%, 83.1%)
08/02 12:53:36午後 evaluateCell_trainer.py:199 [INFO] Valid: Epoch: [16][78/79]	Step 11968	Loss 1.7585	Prec@(1,5) (53.0%, 82.5%)
08/02 12:53:36午後 evaluateCell_trainer.py:206 [INFO] Valid: [ 16/99] Final Prec@1 53.0400%
08/02 12:53:36午後 evaluateCell_main.py:75 [INFO] Until now, best Prec@1 = 53.0400%
08/02 12:54:02午後 evaluateCell_trainer.py:199 [INFO] Valid: Epoch: [17][50/79]	Step 12672	Loss 1.7834	Prec@(1,5) (51.2%, 82.2%)
08/02 12:54:02午後 evaluateCell_trainer.py:199 [INFO] Valid: Epoch: [17][78/79]	Step 12672	Loss 1.7641	Prec@(1,5) (51.7%, 82.6%)
08/02 12:54:02午後 evaluateCell_trainer.py:206 [INFO] Valid: [ 17/99] Final Prec@1 51.6800%
08/02 12:54:02午後 evaluateCell_main.py:75 [INFO] Until now, best Prec@1 = 53.0400%
08/02 12:54:27午後 evaluateCell_trainer.py:199 [INFO] Valid: Epoch: [18][50/79]	Step 13376	Loss 1.7030	Prec@(1,5) (52.7%, 83.1%)
08/02 12:54:27午後 evaluateCell_trainer.py:199 [INFO] Valid: Epoch: [18][78/79]	Step 13376	Loss 1.7136	Prec@(1,5) (52.4%, 83.1%)
08/02 12:54:27午後 evaluateCell_trainer.py:206 [INFO] Valid: [ 18/99] Final Prec@1 52.3800%
08/02 12:54:27午後 evaluateCell_main.py:75 [INFO] Until now, best Prec@1 = 53.0400%
08/02 12:54:52午後 evaluateCell_trainer.py:199 [INFO] Valid: Epoch: [19][50/79]	Step 14080	Loss 1.7864	Prec@(1,5) (52.9%, 83.0%)
08/02 12:54:52午後 evaluateCell_trainer.py:199 [INFO] Valid: Epoch: [19][78/79]	Step 14080	Loss 1.8035	Prec@(1,5) (52.4%, 82.7%)
08/02 12:54:52午後 evaluateCell_trainer.py:206 [INFO] Valid: [ 19/99] Final Prec@1 52.4400%
08/02 12:54:52午後 evaluateCell_main.py:75 [INFO] Until now, best Prec@1 = 53.0400%
08/02 12:55:17午後 evaluateCell_trainer.py:199 [INFO] Valid: Epoch: [20][50/79]	Step 14784	Loss 1.7373	Prec@(1,5) (53.1%, 83.4%)
08/02 12:55:17午後 evaluateCell_trainer.py:199 [INFO] Valid: Epoch: [20][78/79]	Step 14784	Loss 1.7498	Prec@(1,5) (53.4%, 82.7%)
08/02 12:55:17午後 evaluateCell_trainer.py:206 [INFO] Valid: [ 20/99] Final Prec@1 53.4600%
08/02 12:55:18午後 evaluateCell_main.py:75 [INFO] Until now, best Prec@1 = 53.4600%
08/02 12:55:43午後 evaluateCell_trainer.py:199 [INFO] Valid: Epoch: [21][50/79]	Step 15488	Loss 1.6884	Prec@(1,5) (53.9%, 83.9%)
08/02 12:55:43午後 evaluateCell_trainer.py:199 [INFO] Valid: Epoch: [21][78/79]	Step 15488	Loss 1.6518	Prec@(1,5) (54.9%, 83.8%)
08/02 12:55:43午後 evaluateCell_trainer.py:206 [INFO] Valid: [ 21/99] Final Prec@1 54.9600%
08/02 12:55:43午後 evaluateCell_main.py:75 [INFO] Until now, best Prec@1 = 54.9600%
08/02 12:56:08午後 evaluateCell_trainer.py:199 [INFO] Valid: Epoch: [22][50/79]	Step 16192	Loss 1.7212	Prec@(1,5) (53.2%, 82.6%)
08/02 12:56:08午後 evaluateCell_trainer.py:199 [INFO] Valid: Epoch: [22][78/79]	Step 16192	Loss 1.7071	Prec@(1,5) (53.6%, 82.9%)
08/02 12:56:08午後 evaluateCell_trainer.py:206 [INFO] Valid: [ 22/99] Final Prec@1 53.6000%
08/02 12:56:08午後 evaluateCell_main.py:75 [INFO] Until now, best Prec@1 = 54.9600%
08/02 12:56:33午後 evaluateCell_trainer.py:199 [INFO] Valid: Epoch: [23][50/79]	Step 16896	Loss 1.7953	Prec@(1,5) (52.9%, 82.2%)
08/02 12:56:33午後 evaluateCell_trainer.py:199 [INFO] Valid: Epoch: [23][78/79]	Step 16896	Loss 1.7425	Prec@(1,5) (53.5%, 83.0%)
08/02 12:56:33午後 evaluateCell_trainer.py:206 [INFO] Valid: [ 23/99] Final Prec@1 53.5400%
08/02 12:56:33午後 evaluateCell_main.py:75 [INFO] Until now, best Prec@1 = 54.9600%
08/02 12:56:58午後 evaluateCell_trainer.py:199 [INFO] Valid: Epoch: [24][50/79]	Step 17600	Loss 1.9772	Prec@(1,5) (47.9%, 79.7%)
08/02 12:56:58午後 evaluateCell_trainer.py:199 [INFO] Valid: Epoch: [24][78/79]	Step 17600	Loss 1.9803	Prec@(1,5) (48.9%, 79.7%)
08/02 12:56:58午後 evaluateCell_trainer.py:206 [INFO] Valid: [ 24/99] Final Prec@1 48.8800%
08/02 12:56:58午後 evaluateCell_main.py:75 [INFO] Until now, best Prec@1 = 54.9600%
08/02 12:57:23午後 evaluateCell_trainer.py:199 [INFO] Valid: Epoch: [25][50/79]	Step 18304	Loss 1.6545	Prec@(1,5) (54.6%, 84.2%)
08/02 12:57:23午後 evaluateCell_trainer.py:199 [INFO] Valid: Epoch: [25][78/79]	Step 18304	Loss 1.6524	Prec@(1,5) (54.7%, 84.3%)
08/02 12:57:23午後 evaluateCell_trainer.py:206 [INFO] Valid: [ 25/99] Final Prec@1 54.7200%
08/02 12:57:23午後 evaluateCell_main.py:75 [INFO] Until now, best Prec@1 = 54.9600%
08/02 12:57:48午後 evaluateCell_trainer.py:199 [INFO] Valid: Epoch: [26][50/79]	Step 19008	Loss 1.6189	Prec@(1,5) (55.5%, 85.0%)
08/02 12:57:49午後 evaluateCell_trainer.py:199 [INFO] Valid: Epoch: [26][78/79]	Step 19008	Loss 1.6312	Prec@(1,5) (55.3%, 84.6%)
08/02 12:57:49午後 evaluateCell_trainer.py:206 [INFO] Valid: [ 26/99] Final Prec@1 55.3200%
08/02 12:57:49午後 evaluateCell_main.py:75 [INFO] Until now, best Prec@1 = 55.3200%
08/02 12:58:14午後 evaluateCell_trainer.py:199 [INFO] Valid: Epoch: [27][50/79]	Step 19712	Loss 1.6067	Prec@(1,5) (55.2%, 85.8%)
08/02 12:58:14午後 evaluateCell_trainer.py:199 [INFO] Valid: Epoch: [27][78/79]	Step 19712	Loss 1.5757	Prec@(1,5) (56.2%, 85.8%)
08/02 12:58:14午後 evaluateCell_trainer.py:206 [INFO] Valid: [ 27/99] Final Prec@1 56.2600%
08/02 12:58:14午後 evaluateCell_main.py:75 [INFO] Until now, best Prec@1 = 56.2600%
08/02 12:58:39午後 evaluateCell_trainer.py:199 [INFO] Valid: Epoch: [28][50/79]	Step 20416	Loss 1.5889	Prec@(1,5) (57.2%, 84.6%)
08/02 12:58:39午後 evaluateCell_trainer.py:199 [INFO] Valid: Epoch: [28][78/79]	Step 20416	Loss 1.5777	Prec@(1,5) (57.1%, 84.8%)
08/02 12:58:39午後 evaluateCell_trainer.py:206 [INFO] Valid: [ 28/99] Final Prec@1 57.0600%
08/02 12:58:39午後 evaluateCell_main.py:75 [INFO] Until now, best Prec@1 = 57.0600%
08/02 12:59:04午後 evaluateCell_trainer.py:199 [INFO] Valid: Epoch: [29][50/79]	Step 21120	Loss 1.5579	Prec@(1,5) (57.4%, 85.7%)
08/02 12:59:04午後 evaluateCell_trainer.py:199 [INFO] Valid: Epoch: [29][78/79]	Step 21120	Loss 1.5576	Prec@(1,5) (57.3%, 85.6%)
08/02 12:59:04午後 evaluateCell_trainer.py:206 [INFO] Valid: [ 29/99] Final Prec@1 57.2800%
08/02 12:59:04午後 evaluateCell_main.py:75 [INFO] Until now, best Prec@1 = 57.2800%
08/02 12:59:29午後 evaluateCell_trainer.py:199 [INFO] Valid: Epoch: [30][50/79]	Step 21824	Loss 1.6487	Prec@(1,5) (56.3%, 85.4%)
08/02 12:59:30午後 evaluateCell_trainer.py:199 [INFO] Valid: Epoch: [30][78/79]	Step 21824	Loss 1.6276	Prec@(1,5) (56.6%, 85.5%)
08/02 12:59:30午後 evaluateCell_trainer.py:206 [INFO] Valid: [ 30/99] Final Prec@1 56.5600%
08/02 12:59:30午後 evaluateCell_main.py:75 [INFO] Until now, best Prec@1 = 57.2800%
08/02 12:59:55午後 evaluateCell_trainer.py:199 [INFO] Valid: Epoch: [31][50/79]	Step 22528	Loss 1.6901	Prec@(1,5) (55.6%, 84.8%)
08/02 12:59:55午後 evaluateCell_trainer.py:199 [INFO] Valid: Epoch: [31][78/79]	Step 22528	Loss 1.6722	Prec@(1,5) (56.0%, 84.9%)
08/02 12:59:55午後 evaluateCell_trainer.py:206 [INFO] Valid: [ 31/99] Final Prec@1 56.0000%
08/02 12:59:55午後 evaluateCell_main.py:75 [INFO] Until now, best Prec@1 = 57.2800%
08/02 01:00:20午後 evaluateCell_trainer.py:199 [INFO] Valid: Epoch: [32][50/79]	Step 23232	Loss 1.5368	Prec@(1,5) (58.2%, 86.4%)
08/02 01:00:20午後 evaluateCell_trainer.py:199 [INFO] Valid: Epoch: [32][78/79]	Step 23232	Loss 1.5480	Prec@(1,5) (57.9%, 86.0%)
08/02 01:00:20午後 evaluateCell_trainer.py:206 [INFO] Valid: [ 32/99] Final Prec@1 57.8600%
08/02 01:00:20午後 evaluateCell_main.py:75 [INFO] Until now, best Prec@1 = 57.8600%
08/02 01:00:45午後 evaluateCell_trainer.py:199 [INFO] Valid: Epoch: [33][50/79]	Step 23936	Loss 1.5504	Prec@(1,5) (58.0%, 86.1%)
08/02 01:00:45午後 evaluateCell_trainer.py:199 [INFO] Valid: Epoch: [33][78/79]	Step 23936	Loss 1.5666	Prec@(1,5) (58.3%, 85.7%)
08/02 01:00:45午後 evaluateCell_trainer.py:206 [INFO] Valid: [ 33/99] Final Prec@1 58.2600%
08/02 01:00:46午後 evaluateCell_main.py:75 [INFO] Until now, best Prec@1 = 58.2600%
08/02 01:01:10午後 evaluateCell_trainer.py:199 [INFO] Valid: Epoch: [34][50/79]	Step 24640	Loss 1.5589	Prec@(1,5) (57.1%, 87.2%)
08/02 01:01:11午後 evaluateCell_trainer.py:199 [INFO] Valid: Epoch: [34][78/79]	Step 24640	Loss 1.6115	Prec@(1,5) (56.9%, 85.9%)
08/02 01:01:11午後 evaluateCell_trainer.py:206 [INFO] Valid: [ 34/99] Final Prec@1 56.8600%
08/02 01:01:11午後 evaluateCell_main.py:75 [INFO] Until now, best Prec@1 = 58.2600%
08/02 01:01:36午後 evaluateCell_trainer.py:199 [INFO] Valid: Epoch: [35][50/79]	Step 25344	Loss 1.6589	Prec@(1,5) (56.4%, 84.2%)
08/02 01:01:36午後 evaluateCell_trainer.py:199 [INFO] Valid: Epoch: [35][78/79]	Step 25344	Loss 1.6600	Prec@(1,5) (56.6%, 84.2%)
08/02 01:01:36午後 evaluateCell_trainer.py:206 [INFO] Valid: [ 35/99] Final Prec@1 56.5600%
08/02 01:01:36午後 evaluateCell_main.py:75 [INFO] Until now, best Prec@1 = 58.2600%
08/02 01:02:01午後 evaluateCell_trainer.py:199 [INFO] Valid: Epoch: [36][50/79]	Step 26048	Loss 1.5140	Prec@(1,5) (59.4%, 86.2%)
08/02 01:02:01午後 evaluateCell_trainer.py:199 [INFO] Valid: Epoch: [36][78/79]	Step 26048	Loss 1.5077	Prec@(1,5) (59.3%, 86.3%)
08/02 01:02:01午後 evaluateCell_trainer.py:206 [INFO] Valid: [ 36/99] Final Prec@1 59.2600%
08/02 01:02:01午後 evaluateCell_main.py:75 [INFO] Until now, best Prec@1 = 59.2600%
08/02 01:02:26午後 evaluateCell_trainer.py:199 [INFO] Valid: Epoch: [37][50/79]	Step 26752	Loss 1.5128	Prec@(1,5) (58.6%, 86.2%)
08/02 01:02:26午後 evaluateCell_trainer.py:199 [INFO] Valid: Epoch: [37][78/79]	Step 26752	Loss 1.5054	Prec@(1,5) (58.9%, 86.5%)
08/02 01:02:26午後 evaluateCell_trainer.py:206 [INFO] Valid: [ 37/99] Final Prec@1 58.8600%
08/02 01:02:26午後 evaluateCell_main.py:75 [INFO] Until now, best Prec@1 = 59.2600%
08/02 01:02:51午後 evaluateCell_trainer.py:199 [INFO] Valid: Epoch: [38][50/79]	Step 27456	Loss 1.4733	Prec@(1,5) (59.9%, 87.4%)
08/02 01:02:52午後 evaluateCell_trainer.py:199 [INFO] Valid: Epoch: [38][78/79]	Step 27456	Loss 1.4959	Prec@(1,5) (59.3%, 86.8%)
08/02 01:02:52午後 evaluateCell_trainer.py:206 [INFO] Valid: [ 38/99] Final Prec@1 59.2800%
08/02 01:02:52午後 evaluateCell_main.py:75 [INFO] Until now, best Prec@1 = 59.2800%
08/02 01:03:17午後 evaluateCell_trainer.py:199 [INFO] Valid: Epoch: [39][50/79]	Step 28160	Loss 1.5174	Prec@(1,5) (59.5%, 86.2%)
08/02 01:03:17午後 evaluateCell_trainer.py:199 [INFO] Valid: Epoch: [39][78/79]	Step 28160	Loss 1.5211	Prec@(1,5) (59.8%, 86.6%)
08/02 01:03:17午後 evaluateCell_trainer.py:206 [INFO] Valid: [ 39/99] Final Prec@1 59.8200%
08/02 01:03:17午後 evaluateCell_main.py:75 [INFO] Until now, best Prec@1 = 59.8200%
08/02 01:03:42午後 evaluateCell_trainer.py:199 [INFO] Valid: Epoch: [40][50/79]	Step 28864	Loss 1.4679	Prec@(1,5) (60.1%, 86.9%)
08/02 01:03:42午後 evaluateCell_trainer.py:199 [INFO] Valid: Epoch: [40][78/79]	Step 28864	Loss 1.4470	Prec@(1,5) (60.8%, 87.2%)
08/02 01:03:42午後 evaluateCell_trainer.py:206 [INFO] Valid: [ 40/99] Final Prec@1 60.7400%
08/02 01:03:43午後 evaluateCell_main.py:75 [INFO] Until now, best Prec@1 = 60.7400%
08/02 01:04:07午後 evaluateCell_trainer.py:199 [INFO] Valid: Epoch: [41][50/79]	Step 29568	Loss 1.4556	Prec@(1,5) (60.0%, 88.2%)
08/02 01:04:08午後 evaluateCell_trainer.py:199 [INFO] Valid: Epoch: [41][78/79]	Step 29568	Loss 1.5012	Prec@(1,5) (59.5%, 87.2%)
08/02 01:04:08午後 evaluateCell_trainer.py:206 [INFO] Valid: [ 41/99] Final Prec@1 59.5400%
08/02 01:04:08午後 evaluateCell_main.py:75 [INFO] Until now, best Prec@1 = 60.7400%
08/02 01:04:33午後 evaluateCell_trainer.py:199 [INFO] Valid: Epoch: [42][50/79]	Step 30272	Loss 1.4847	Prec@(1,5) (59.8%, 86.6%)
08/02 01:04:33午後 evaluateCell_trainer.py:199 [INFO] Valid: Epoch: [42][78/79]	Step 30272	Loss 1.5012	Prec@(1,5) (59.5%, 86.9%)
08/02 01:04:33午後 evaluateCell_trainer.py:206 [INFO] Valid: [ 42/99] Final Prec@1 59.4200%
08/02 01:04:33午後 evaluateCell_main.py:75 [INFO] Until now, best Prec@1 = 60.7400%
08/02 01:04:58午後 evaluateCell_trainer.py:199 [INFO] Valid: Epoch: [43][50/79]	Step 30976	Loss 1.4946	Prec@(1,5) (59.8%, 87.2%)
08/02 01:04:58午後 evaluateCell_trainer.py:199 [INFO] Valid: Epoch: [43][78/79]	Step 30976	Loss 1.4813	Prec@(1,5) (60.0%, 87.4%)
08/02 01:04:58午後 evaluateCell_trainer.py:206 [INFO] Valid: [ 43/99] Final Prec@1 60.0200%
08/02 01:04:58午後 evaluateCell_main.py:75 [INFO] Until now, best Prec@1 = 60.7400%
08/02 01:05:23午後 evaluateCell_trainer.py:199 [INFO] Valid: Epoch: [44][50/79]	Step 31680	Loss 1.5279	Prec@(1,5) (58.9%, 86.3%)
08/02 01:05:23午後 evaluateCell_trainer.py:199 [INFO] Valid: Epoch: [44][78/79]	Step 31680	Loss 1.5227	Prec@(1,5) (59.5%, 86.5%)
08/02 01:05:23午後 evaluateCell_trainer.py:206 [INFO] Valid: [ 44/99] Final Prec@1 59.5600%
08/02 01:05:23午後 evaluateCell_main.py:75 [INFO] Until now, best Prec@1 = 60.7400%
08/02 01:05:48午後 evaluateCell_trainer.py:199 [INFO] Valid: Epoch: [45][50/79]	Step 32384	Loss 1.4954	Prec@(1,5) (61.4%, 86.2%)
08/02 01:05:49午後 evaluateCell_trainer.py:199 [INFO] Valid: Epoch: [45][78/79]	Step 32384	Loss 1.4824	Prec@(1,5) (61.1%, 86.5%)
08/02 01:05:49午後 evaluateCell_trainer.py:206 [INFO] Valid: [ 45/99] Final Prec@1 61.1600%
08/02 01:05:49午後 evaluateCell_main.py:75 [INFO] Until now, best Prec@1 = 61.1600%
08/02 01:06:13午後 evaluateCell_trainer.py:199 [INFO] Valid: Epoch: [46][50/79]	Step 33088	Loss 1.4830	Prec@(1,5) (60.7%, 87.5%)
08/02 01:06:14午後 evaluateCell_trainer.py:199 [INFO] Valid: Epoch: [46][78/79]	Step 33088	Loss 1.4826	Prec@(1,5) (61.0%, 87.5%)
08/02 01:06:14午後 evaluateCell_trainer.py:206 [INFO] Valid: [ 46/99] Final Prec@1 60.9800%
08/02 01:06:14午後 evaluateCell_main.py:75 [INFO] Until now, best Prec@1 = 61.1600%
08/02 01:06:39午後 evaluateCell_trainer.py:199 [INFO] Valid: Epoch: [47][50/79]	Step 33792	Loss 1.4908	Prec@(1,5) (60.2%, 87.5%)
08/02 01:06:39午後 evaluateCell_trainer.py:199 [INFO] Valid: Epoch: [47][78/79]	Step 33792	Loss 1.4679	Prec@(1,5) (60.9%, 87.5%)
08/02 01:06:39午後 evaluateCell_trainer.py:206 [INFO] Valid: [ 47/99] Final Prec@1 60.9000%
08/02 01:06:39午後 evaluateCell_main.py:75 [INFO] Until now, best Prec@1 = 61.1600%
08/02 01:07:04午後 evaluateCell_trainer.py:199 [INFO] Valid: Epoch: [48][50/79]	Step 34496	Loss 1.4040	Prec@(1,5) (62.2%, 88.8%)
08/02 01:07:04午後 evaluateCell_trainer.py:199 [INFO] Valid: Epoch: [48][78/79]	Step 34496	Loss 1.4324	Prec@(1,5) (61.9%, 88.3%)
08/02 01:07:04午後 evaluateCell_trainer.py:206 [INFO] Valid: [ 48/99] Final Prec@1 61.9400%
08/02 01:07:04午後 evaluateCell_main.py:75 [INFO] Until now, best Prec@1 = 61.9400%
08/02 01:07:29午後 evaluateCell_trainer.py:199 [INFO] Valid: Epoch: [49][50/79]	Step 35200	Loss 1.4456	Prec@(1,5) (63.0%, 87.7%)
08/02 01:07:29午後 evaluateCell_trainer.py:199 [INFO] Valid: Epoch: [49][78/79]	Step 35200	Loss 1.4733	Prec@(1,5) (61.7%, 87.6%)
08/02 01:07:29午後 evaluateCell_trainer.py:206 [INFO] Valid: [ 49/99] Final Prec@1 61.7600%
08/02 01:07:29午後 evaluateCell_main.py:75 [INFO] Until now, best Prec@1 = 61.9400%
08/02 01:07:54午後 evaluateCell_trainer.py:199 [INFO] Valid: Epoch: [50][50/79]	Step 35904	Loss 1.4227	Prec@(1,5) (61.6%, 88.1%)
08/02 01:07:55午後 evaluateCell_trainer.py:199 [INFO] Valid: Epoch: [50][78/79]	Step 35904	Loss 1.4414	Prec@(1,5) (61.4%, 87.7%)
08/02 01:07:55午後 evaluateCell_trainer.py:206 [INFO] Valid: [ 50/99] Final Prec@1 61.4400%
08/02 01:07:55午後 evaluateCell_main.py:75 [INFO] Until now, best Prec@1 = 61.9400%
08/02 01:08:20午後 evaluateCell_trainer.py:199 [INFO] Valid: Epoch: [51][50/79]	Step 36608	Loss 1.4245	Prec@(1,5) (61.7%, 88.0%)
08/02 01:08:20午後 evaluateCell_trainer.py:199 [INFO] Valid: Epoch: [51][78/79]	Step 36608	Loss 1.4337	Prec@(1,5) (61.5%, 87.7%)
08/02 01:08:20午後 evaluateCell_trainer.py:206 [INFO] Valid: [ 51/99] Final Prec@1 61.5800%
08/02 01:08:20午後 evaluateCell_main.py:75 [INFO] Until now, best Prec@1 = 61.9400%
08/02 01:08:45午後 evaluateCell_trainer.py:199 [INFO] Valid: Epoch: [52][50/79]	Step 37312	Loss 1.4911	Prec@(1,5) (61.5%, 87.6%)
08/02 01:08:45午後 evaluateCell_trainer.py:199 [INFO] Valid: Epoch: [52][78/79]	Step 37312	Loss 1.4881	Prec@(1,5) (61.8%, 87.6%)
08/02 01:08:45午後 evaluateCell_trainer.py:206 [INFO] Valid: [ 52/99] Final Prec@1 61.8000%
08/02 01:08:46午後 evaluateCell_main.py:75 [INFO] Until now, best Prec@1 = 61.9400%
08/02 01:09:10午後 evaluateCell_trainer.py:199 [INFO] Valid: Epoch: [53][50/79]	Step 38016	Loss 1.3741	Prec@(1,5) (64.3%, 89.0%)
08/02 01:09:11午後 evaluateCell_trainer.py:199 [INFO] Valid: Epoch: [53][78/79]	Step 38016	Loss 1.4106	Prec@(1,5) (63.1%, 88.8%)
08/02 01:09:11午後 evaluateCell_trainer.py:206 [INFO] Valid: [ 53/99] Final Prec@1 63.0600%
08/02 01:09:11午後 evaluateCell_main.py:75 [INFO] Until now, best Prec@1 = 63.0600%
08/02 01:09:36午後 evaluateCell_trainer.py:199 [INFO] Valid: Epoch: [54][50/79]	Step 38720	Loss 1.4108	Prec@(1,5) (63.0%, 87.9%)
08/02 01:09:36午後 evaluateCell_trainer.py:199 [INFO] Valid: Epoch: [54][78/79]	Step 38720	Loss 1.4078	Prec@(1,5) (62.6%, 88.3%)
08/02 01:09:36午後 evaluateCell_trainer.py:206 [INFO] Valid: [ 54/99] Final Prec@1 62.5600%
08/02 01:09:36午後 evaluateCell_main.py:75 [INFO] Until now, best Prec@1 = 63.0600%
08/02 01:10:01午後 evaluateCell_trainer.py:199 [INFO] Valid: Epoch: [55][50/79]	Step 39424	Loss 1.3941	Prec@(1,5) (63.7%, 88.5%)
08/02 01:10:01午後 evaluateCell_trainer.py:199 [INFO] Valid: Epoch: [55][78/79]	Step 39424	Loss 1.3930	Prec@(1,5) (64.0%, 88.8%)
08/02 01:10:01午後 evaluateCell_trainer.py:206 [INFO] Valid: [ 55/99] Final Prec@1 63.9600%
08/02 01:10:01午後 evaluateCell_main.py:75 [INFO] Until now, best Prec@1 = 63.9600%
08/02 01:10:26午後 evaluateCell_trainer.py:199 [INFO] Valid: Epoch: [56][50/79]	Step 40128	Loss 1.3463	Prec@(1,5) (63.7%, 89.5%)
08/02 01:10:27午後 evaluateCell_trainer.py:199 [INFO] Valid: Epoch: [56][78/79]	Step 40128	Loss 1.3590	Prec@(1,5) (63.5%, 89.3%)
08/02 01:10:27午後 evaluateCell_trainer.py:206 [INFO] Valid: [ 56/99] Final Prec@1 63.4800%
08/02 01:10:27午後 evaluateCell_main.py:75 [INFO] Until now, best Prec@1 = 63.9600%
08/02 01:10:52午後 evaluateCell_trainer.py:199 [INFO] Valid: Epoch: [57][50/79]	Step 40832	Loss 1.4164	Prec@(1,5) (62.8%, 88.8%)
08/02 01:10:52午後 evaluateCell_trainer.py:199 [INFO] Valid: Epoch: [57][78/79]	Step 40832	Loss 1.3732	Prec@(1,5) (64.0%, 88.9%)
08/02 01:10:52午後 evaluateCell_trainer.py:206 [INFO] Valid: [ 57/99] Final Prec@1 63.9800%
08/02 01:10:52午後 evaluateCell_main.py:75 [INFO] Until now, best Prec@1 = 63.9800%
08/02 01:11:17午後 evaluateCell_trainer.py:199 [INFO] Valid: Epoch: [58][50/79]	Step 41536	Loss 1.3916	Prec@(1,5) (63.7%, 88.8%)
08/02 01:11:17午後 evaluateCell_trainer.py:199 [INFO] Valid: Epoch: [58][78/79]	Step 41536	Loss 1.3996	Prec@(1,5) (63.2%, 88.7%)
08/02 01:11:17午後 evaluateCell_trainer.py:206 [INFO] Valid: [ 58/99] Final Prec@1 63.2600%
08/02 01:11:17午後 evaluateCell_main.py:75 [INFO] Until now, best Prec@1 = 63.9800%
08/02 01:11:42午後 evaluateCell_trainer.py:199 [INFO] Valid: Epoch: [59][50/79]	Step 42240	Loss 1.3239	Prec@(1,5) (65.2%, 89.6%)
08/02 01:11:42午後 evaluateCell_trainer.py:199 [INFO] Valid: Epoch: [59][78/79]	Step 42240	Loss 1.3804	Prec@(1,5) (64.1%, 89.3%)
08/02 01:11:42午後 evaluateCell_trainer.py:206 [INFO] Valid: [ 59/99] Final Prec@1 64.0800%
08/02 01:11:43午後 evaluateCell_main.py:75 [INFO] Until now, best Prec@1 = 64.0800%
08/02 01:12:07午後 evaluateCell_trainer.py:199 [INFO] Valid: Epoch: [60][50/79]	Step 42944	Loss 1.3720	Prec@(1,5) (64.5%, 89.6%)
08/02 01:12:08午後 evaluateCell_trainer.py:199 [INFO] Valid: Epoch: [60][78/79]	Step 42944	Loss 1.3607	Prec@(1,5) (64.7%, 89.7%)
08/02 01:12:08午後 evaluateCell_trainer.py:206 [INFO] Valid: [ 60/99] Final Prec@1 64.7600%
08/02 01:12:08午後 evaluateCell_main.py:75 [INFO] Until now, best Prec@1 = 64.7600%
08/02 01:12:33午後 evaluateCell_trainer.py:199 [INFO] Valid: Epoch: [61][50/79]	Step 43648	Loss 1.3750	Prec@(1,5) (63.5%, 89.6%)
08/02 01:12:33午後 evaluateCell_trainer.py:199 [INFO] Valid: Epoch: [61][78/79]	Step 43648	Loss 1.3452	Prec@(1,5) (64.5%, 90.2%)
08/02 01:12:33午後 evaluateCell_trainer.py:206 [INFO] Valid: [ 61/99] Final Prec@1 64.5200%
08/02 01:12:33午後 evaluateCell_main.py:75 [INFO] Until now, best Prec@1 = 64.7600%
08/02 01:12:58午後 evaluateCell_trainer.py:199 [INFO] Valid: Epoch: [62][50/79]	Step 44352	Loss 1.3166	Prec@(1,5) (65.6%, 89.8%)
08/02 01:12:59午後 evaluateCell_trainer.py:199 [INFO] Valid: Epoch: [62][78/79]	Step 44352	Loss 1.3239	Prec@(1,5) (64.9%, 89.7%)
08/02 01:12:59午後 evaluateCell_trainer.py:206 [INFO] Valid: [ 62/99] Final Prec@1 64.9400%
08/02 01:12:59午後 evaluateCell_main.py:75 [INFO] Until now, best Prec@1 = 64.9400%
08/02 01:13:24午後 evaluateCell_trainer.py:199 [INFO] Valid: Epoch: [63][50/79]	Step 45056	Loss 1.3831	Prec@(1,5) (64.7%, 90.0%)
08/02 01:13:24午後 evaluateCell_trainer.py:199 [INFO] Valid: Epoch: [63][78/79]	Step 45056	Loss 1.3898	Prec@(1,5) (64.6%, 89.7%)
08/02 01:13:24午後 evaluateCell_trainer.py:206 [INFO] Valid: [ 63/99] Final Prec@1 64.5800%
08/02 01:13:24午後 evaluateCell_main.py:75 [INFO] Until now, best Prec@1 = 64.9400%
08/02 01:13:49午後 evaluateCell_trainer.py:199 [INFO] Valid: Epoch: [64][50/79]	Step 45760	Loss 1.3315	Prec@(1,5) (64.9%, 90.4%)
08/02 01:13:49午後 evaluateCell_trainer.py:199 [INFO] Valid: Epoch: [64][78/79]	Step 45760	Loss 1.3519	Prec@(1,5) (64.9%, 90.0%)
08/02 01:13:49午後 evaluateCell_trainer.py:206 [INFO] Valid: [ 64/99] Final Prec@1 64.8800%
08/02 01:13:49午後 evaluateCell_main.py:75 [INFO] Until now, best Prec@1 = 64.9400%
08/02 01:14:14午後 evaluateCell_trainer.py:199 [INFO] Valid: Epoch: [65][50/79]	Step 46464	Loss 1.2528	Prec@(1,5) (67.8%, 90.6%)
08/02 01:14:15午後 evaluateCell_trainer.py:199 [INFO] Valid: Epoch: [65][78/79]	Step 46464	Loss 1.3250	Prec@(1,5) (65.5%, 90.1%)
08/02 01:14:15午後 evaluateCell_trainer.py:206 [INFO] Valid: [ 65/99] Final Prec@1 65.5000%
08/02 01:14:15午後 evaluateCell_main.py:75 [INFO] Until now, best Prec@1 = 65.5000%
08/02 01:14:40午後 evaluateCell_trainer.py:199 [INFO] Valid: Epoch: [66][50/79]	Step 47168	Loss 1.3428	Prec@(1,5) (66.2%, 90.0%)
08/02 01:14:40午後 evaluateCell_trainer.py:199 [INFO] Valid: Epoch: [66][78/79]	Step 47168	Loss 1.3325	Prec@(1,5) (65.9%, 90.4%)
08/02 01:14:40午後 evaluateCell_trainer.py:206 [INFO] Valid: [ 66/99] Final Prec@1 65.8600%
08/02 01:14:40午後 evaluateCell_main.py:75 [INFO] Until now, best Prec@1 = 65.8600%
08/02 01:15:05午後 evaluateCell_trainer.py:199 [INFO] Valid: Epoch: [67][50/79]	Step 47872	Loss 1.2917	Prec@(1,5) (66.1%, 90.0%)
08/02 01:15:05午後 evaluateCell_trainer.py:199 [INFO] Valid: Epoch: [67][78/79]	Step 47872	Loss 1.2993	Prec@(1,5) (66.5%, 90.1%)
08/02 01:15:05午後 evaluateCell_trainer.py:206 [INFO] Valid: [ 67/99] Final Prec@1 66.5200%
08/02 01:15:05午後 evaluateCell_main.py:75 [INFO] Until now, best Prec@1 = 66.5200%
08/02 01:15:30午後 evaluateCell_trainer.py:199 [INFO] Valid: Epoch: [68][50/79]	Step 48576	Loss 1.3556	Prec@(1,5) (65.1%, 89.6%)
08/02 01:15:31午後 evaluateCell_trainer.py:199 [INFO] Valid: Epoch: [68][78/79]	Step 48576	Loss 1.3148	Prec@(1,5) (66.0%, 90.0%)
08/02 01:15:31午後 evaluateCell_trainer.py:206 [INFO] Valid: [ 68/99] Final Prec@1 66.0600%
08/02 01:15:31午後 evaluateCell_main.py:75 [INFO] Until now, best Prec@1 = 66.5200%
08/02 01:15:56午後 evaluateCell_trainer.py:199 [INFO] Valid: Epoch: [69][50/79]	Step 49280	Loss 1.3254	Prec@(1,5) (66.4%, 90.5%)
08/02 01:15:56午後 evaluateCell_trainer.py:199 [INFO] Valid: Epoch: [69][78/79]	Step 49280	Loss 1.3228	Prec@(1,5) (66.5%, 90.5%)
08/02 01:15:56午後 evaluateCell_trainer.py:206 [INFO] Valid: [ 69/99] Final Prec@1 66.5200%
08/02 01:15:56午後 evaluateCell_main.py:75 [INFO] Until now, best Prec@1 = 66.5200%
08/02 01:16:21午後 evaluateCell_trainer.py:199 [INFO] Valid: Epoch: [70][50/79]	Step 49984	Loss 1.2888	Prec@(1,5) (66.3%, 91.1%)
08/02 01:16:21午後 evaluateCell_trainer.py:199 [INFO] Valid: Epoch: [70][78/79]	Step 49984	Loss 1.3122	Prec@(1,5) (66.2%, 90.6%)
08/02 01:16:21午後 evaluateCell_trainer.py:206 [INFO] Valid: [ 70/99] Final Prec@1 66.2200%
08/02 01:16:22午後 evaluateCell_main.py:75 [INFO] Until now, best Prec@1 = 66.5200%
08/02 01:16:47午後 evaluateCell_trainer.py:199 [INFO] Valid: Epoch: [71][50/79]	Step 50688	Loss 1.3202	Prec@(1,5) (66.8%, 90.4%)
08/02 01:16:47午後 evaluateCell_trainer.py:199 [INFO] Valid: Epoch: [71][78/79]	Step 50688	Loss 1.3109	Prec@(1,5) (66.8%, 90.5%)
08/02 01:16:47午後 evaluateCell_trainer.py:206 [INFO] Valid: [ 71/99] Final Prec@1 66.8000%
08/02 01:16:47午後 evaluateCell_main.py:75 [INFO] Until now, best Prec@1 = 66.8000%
08/02 01:17:12午後 evaluateCell_trainer.py:199 [INFO] Valid: Epoch: [72][50/79]	Step 51392	Loss 1.3301	Prec@(1,5) (66.7%, 90.2%)
08/02 01:17:12午後 evaluateCell_trainer.py:199 [INFO] Valid: Epoch: [72][78/79]	Step 51392	Loss 1.3448	Prec@(1,5) (66.8%, 90.0%)
08/02 01:17:12午後 evaluateCell_trainer.py:206 [INFO] Valid: [ 72/99] Final Prec@1 66.8400%
08/02 01:17:12午後 evaluateCell_main.py:75 [INFO] Until now, best Prec@1 = 66.8400%
08/02 01:17:37午後 evaluateCell_trainer.py:199 [INFO] Valid: Epoch: [73][50/79]	Step 52096	Loss 1.3442	Prec@(1,5) (66.4%, 90.2%)
08/02 01:17:38午後 evaluateCell_trainer.py:199 [INFO] Valid: Epoch: [73][78/79]	Step 52096	Loss 1.3473	Prec@(1,5) (66.4%, 90.3%)
08/02 01:17:38午後 evaluateCell_trainer.py:206 [INFO] Valid: [ 73/99] Final Prec@1 66.4400%
08/02 01:17:38午後 evaluateCell_main.py:75 [INFO] Until now, best Prec@1 = 66.8400%
08/02 01:18:03午後 evaluateCell_trainer.py:199 [INFO] Valid: Epoch: [74][50/79]	Step 52800	Loss 1.3103	Prec@(1,5) (67.1%, 90.5%)
08/02 01:18:03午後 evaluateCell_trainer.py:199 [INFO] Valid: Epoch: [74][78/79]	Step 52800	Loss 1.2923	Prec@(1,5) (67.4%, 90.9%)
08/02 01:18:03午後 evaluateCell_trainer.py:206 [INFO] Valid: [ 74/99] Final Prec@1 67.3200%
08/02 01:18:03午後 evaluateCell_main.py:75 [INFO] Until now, best Prec@1 = 67.3200%
08/02 01:18:28午後 evaluateCell_trainer.py:199 [INFO] Valid: Epoch: [75][50/79]	Step 53504	Loss 1.3098	Prec@(1,5) (68.1%, 90.8%)
08/02 01:18:28午後 evaluateCell_trainer.py:199 [INFO] Valid: Epoch: [75][78/79]	Step 53504	Loss 1.3322	Prec@(1,5) (67.2%, 90.6%)
08/02 01:18:28午後 evaluateCell_trainer.py:206 [INFO] Valid: [ 75/99] Final Prec@1 67.2400%
08/02 01:18:28午後 evaluateCell_main.py:75 [INFO] Until now, best Prec@1 = 67.3200%
08/02 01:18:53午後 evaluateCell_trainer.py:199 [INFO] Valid: Epoch: [76][50/79]	Step 54208	Loss 1.2924	Prec@(1,5) (67.5%, 90.9%)
08/02 01:18:53午後 evaluateCell_trainer.py:199 [INFO] Valid: Epoch: [76][78/79]	Step 54208	Loss 1.2760	Prec@(1,5) (67.8%, 90.8%)
08/02 01:18:53午後 evaluateCell_trainer.py:206 [INFO] Valid: [ 76/99] Final Prec@1 67.8800%
08/02 01:18:53午後 evaluateCell_main.py:75 [INFO] Until now, best Prec@1 = 67.8800%
08/02 01:19:18午後 evaluateCell_trainer.py:199 [INFO] Valid: Epoch: [77][50/79]	Step 54912	Loss 1.3259	Prec@(1,5) (67.3%, 90.3%)
08/02 01:19:19午後 evaluateCell_trainer.py:199 [INFO] Valid: Epoch: [77][78/79]	Step 54912	Loss 1.3022	Prec@(1,5) (68.0%, 91.0%)
08/02 01:19:19午後 evaluateCell_trainer.py:206 [INFO] Valid: [ 77/99] Final Prec@1 68.0200%
08/02 01:19:19午後 evaluateCell_main.py:75 [INFO] Until now, best Prec@1 = 68.0200%
08/02 01:19:44午後 evaluateCell_trainer.py:199 [INFO] Valid: Epoch: [78][50/79]	Step 55616	Loss 1.2641	Prec@(1,5) (68.4%, 91.2%)
08/02 01:19:44午後 evaluateCell_trainer.py:199 [INFO] Valid: Epoch: [78][78/79]	Step 55616	Loss 1.2622	Prec@(1,5) (68.9%, 91.4%)
08/02 01:19:44午後 evaluateCell_trainer.py:206 [INFO] Valid: [ 78/99] Final Prec@1 68.9200%
08/02 01:19:44午後 evaluateCell_main.py:75 [INFO] Until now, best Prec@1 = 68.9200%
08/02 01:20:09午後 evaluateCell_trainer.py:199 [INFO] Valid: Epoch: [79][50/79]	Step 56320	Loss 1.3026	Prec@(1,5) (67.7%, 91.2%)
08/02 01:20:09午後 evaluateCell_trainer.py:199 [INFO] Valid: Epoch: [79][78/79]	Step 56320	Loss 1.3172	Prec@(1,5) (67.6%, 91.1%)
08/02 01:20:09午後 evaluateCell_trainer.py:206 [INFO] Valid: [ 79/99] Final Prec@1 67.6200%
08/02 01:20:09午後 evaluateCell_main.py:75 [INFO] Until now, best Prec@1 = 68.9200%
08/02 01:20:34午後 evaluateCell_trainer.py:199 [INFO] Valid: Epoch: [80][50/79]	Step 57024	Loss 1.3160	Prec@(1,5) (67.7%, 91.3%)
08/02 01:20:34午後 evaluateCell_trainer.py:199 [INFO] Valid: Epoch: [80][78/79]	Step 57024	Loss 1.2950	Prec@(1,5) (67.9%, 91.6%)
08/02 01:20:34午後 evaluateCell_trainer.py:206 [INFO] Valid: [ 80/99] Final Prec@1 67.9200%
08/02 01:20:35午後 evaluateCell_main.py:75 [INFO] Until now, best Prec@1 = 68.9200%
08/02 01:20:59午後 evaluateCell_trainer.py:199 [INFO] Valid: Epoch: [81][50/79]	Step 57728	Loss 1.3039	Prec@(1,5) (68.0%, 91.5%)
08/02 01:21:00午後 evaluateCell_trainer.py:199 [INFO] Valid: Epoch: [81][78/79]	Step 57728	Loss 1.3059	Prec@(1,5) (67.7%, 91.3%)
08/02 01:21:00午後 evaluateCell_trainer.py:206 [INFO] Valid: [ 81/99] Final Prec@1 67.7600%
08/02 01:21:00午後 evaluateCell_main.py:75 [INFO] Until now, best Prec@1 = 68.9200%
08/02 01:21:25午後 evaluateCell_trainer.py:199 [INFO] Valid: Epoch: [82][50/79]	Step 58432	Loss 1.2705	Prec@(1,5) (68.8%, 91.7%)
08/02 01:21:25午後 evaluateCell_trainer.py:199 [INFO] Valid: Epoch: [82][78/79]	Step 58432	Loss 1.2846	Prec@(1,5) (68.7%, 91.4%)
08/02 01:21:25午後 evaluateCell_trainer.py:206 [INFO] Valid: [ 82/99] Final Prec@1 68.7400%
08/02 01:21:25午後 evaluateCell_main.py:75 [INFO] Until now, best Prec@1 = 68.9200%
08/02 01:21:50午後 evaluateCell_trainer.py:199 [INFO] Valid: Epoch: [83][50/79]	Step 59136	Loss 1.2840	Prec@(1,5) (69.1%, 91.1%)
08/02 01:21:50午後 evaluateCell_trainer.py:199 [INFO] Valid: Epoch: [83][78/79]	Step 59136	Loss 1.2685	Prec@(1,5) (69.7%, 91.2%)
08/02 01:21:50午後 evaluateCell_trainer.py:206 [INFO] Valid: [ 83/99] Final Prec@1 69.6600%
08/02 01:21:51午後 evaluateCell_main.py:75 [INFO] Until now, best Prec@1 = 69.6600%
08/02 01:22:15午後 evaluateCell_trainer.py:199 [INFO] Valid: Epoch: [84][50/79]	Step 59840	Loss 1.3069	Prec@(1,5) (68.4%, 91.4%)
08/02 01:22:16午後 evaluateCell_trainer.py:199 [INFO] Valid: Epoch: [84][78/79]	Step 59840	Loss 1.2869	Prec@(1,5) (68.6%, 91.4%)
08/02 01:22:16午後 evaluateCell_trainer.py:206 [INFO] Valid: [ 84/99] Final Prec@1 68.6400%
08/02 01:22:16午後 evaluateCell_main.py:75 [INFO] Until now, best Prec@1 = 69.6600%
08/02 01:22:41午後 evaluateCell_trainer.py:199 [INFO] Valid: Epoch: [85][50/79]	Step 60544	Loss 1.2755	Prec@(1,5) (68.6%, 91.7%)
08/02 01:22:41午後 evaluateCell_trainer.py:199 [INFO] Valid: Epoch: [85][78/79]	Step 60544	Loss 1.2691	Prec@(1,5) (68.9%, 91.5%)
08/02 01:22:41午後 evaluateCell_trainer.py:206 [INFO] Valid: [ 85/99] Final Prec@1 68.8400%
08/02 01:22:41午後 evaluateCell_main.py:75 [INFO] Until now, best Prec@1 = 69.6600%
08/02 01:23:06午後 evaluateCell_trainer.py:199 [INFO] Valid: Epoch: [86][50/79]	Step 61248	Loss 1.3249	Prec@(1,5) (67.5%, 90.5%)
08/02 01:23:06午後 evaluateCell_trainer.py:199 [INFO] Valid: Epoch: [86][78/79]	Step 61248	Loss 1.2829	Prec@(1,5) (68.3%, 91.2%)
08/02 01:23:06午後 evaluateCell_trainer.py:206 [INFO] Valid: [ 86/99] Final Prec@1 68.3200%
08/02 01:23:06午後 evaluateCell_main.py:75 [INFO] Until now, best Prec@1 = 69.6600%
08/02 01:23:31午後 evaluateCell_trainer.py:199 [INFO] Valid: Epoch: [87][50/79]	Step 61952	Loss 1.2600	Prec@(1,5) (69.6%, 91.6%)
08/02 01:23:31午後 evaluateCell_trainer.py:199 [INFO] Valid: Epoch: [87][78/79]	Step 61952	Loss 1.2702	Prec@(1,5) (69.2%, 91.7%)
08/02 01:23:31午後 evaluateCell_trainer.py:206 [INFO] Valid: [ 87/99] Final Prec@1 69.1600%
08/02 01:23:32午後 evaluateCell_main.py:75 [INFO] Until now, best Prec@1 = 69.6600%
08/02 01:23:56午後 evaluateCell_trainer.py:199 [INFO] Valid: Epoch: [88][50/79]	Step 62656	Loss 1.3057	Prec@(1,5) (69.5%, 91.3%)
08/02 01:23:57午後 evaluateCell_trainer.py:199 [INFO] Valid: Epoch: [88][78/79]	Step 62656	Loss 1.2970	Prec@(1,5) (69.3%, 91.2%)
08/02 01:23:57午後 evaluateCell_trainer.py:206 [INFO] Valid: [ 88/99] Final Prec@1 69.2800%
08/02 01:23:57午後 evaluateCell_main.py:75 [INFO] Until now, best Prec@1 = 69.6600%
08/02 01:24:22午後 evaluateCell_trainer.py:199 [INFO] Valid: Epoch: [89][50/79]	Step 63360	Loss 1.3610	Prec@(1,5) (67.4%, 91.1%)
08/02 01:24:22午後 evaluateCell_trainer.py:199 [INFO] Valid: Epoch: [89][78/79]	Step 63360	Loss 1.3240	Prec@(1,5) (68.2%, 91.4%)
08/02 01:24:22午後 evaluateCell_trainer.py:206 [INFO] Valid: [ 89/99] Final Prec@1 68.2200%
08/02 01:24:22午後 evaluateCell_main.py:75 [INFO] Until now, best Prec@1 = 69.6600%
08/02 01:24:47午後 evaluateCell_trainer.py:199 [INFO] Valid: Epoch: [90][50/79]	Step 64064	Loss 1.2484	Prec@(1,5) (69.1%, 92.0%)
08/02 01:24:47午後 evaluateCell_trainer.py:199 [INFO] Valid: Epoch: [90][78/79]	Step 64064	Loss 1.2803	Prec@(1,5) (68.9%, 91.8%)
08/02 01:24:47午後 evaluateCell_trainer.py:206 [INFO] Valid: [ 90/99] Final Prec@1 68.9000%
08/02 01:24:47午後 evaluateCell_main.py:75 [INFO] Until now, best Prec@1 = 69.6600%
08/02 01:25:12午後 evaluateCell_trainer.py:199 [INFO] Valid: Epoch: [91][50/79]	Step 64768	Loss 1.2798	Prec@(1,5) (69.2%, 91.7%)
08/02 01:25:13午後 evaluateCell_trainer.py:199 [INFO] Valid: Epoch: [91][78/79]	Step 64768	Loss 1.2712	Prec@(1,5) (69.2%, 91.7%)
08/02 01:25:13午後 evaluateCell_trainer.py:206 [INFO] Valid: [ 91/99] Final Prec@1 69.2000%
08/02 01:25:13午後 evaluateCell_main.py:75 [INFO] Until now, best Prec@1 = 69.6600%
08/02 01:25:38午後 evaluateCell_trainer.py:199 [INFO] Valid: Epoch: [92][50/79]	Step 65472	Loss 1.2966	Prec@(1,5) (69.6%, 91.2%)
08/02 01:25:38午後 evaluateCell_trainer.py:199 [INFO] Valid: Epoch: [92][78/79]	Step 65472	Loss 1.2571	Prec@(1,5) (69.6%, 91.6%)
08/02 01:25:38午後 evaluateCell_trainer.py:206 [INFO] Valid: [ 92/99] Final Prec@1 69.6000%
08/02 01:25:38午後 evaluateCell_main.py:75 [INFO] Until now, best Prec@1 = 69.6600%
08/02 01:26:03午後 evaluateCell_trainer.py:199 [INFO] Valid: Epoch: [93][50/79]	Step 66176	Loss 1.3131	Prec@(1,5) (68.6%, 91.6%)
08/02 01:26:03午後 evaluateCell_trainer.py:199 [INFO] Valid: Epoch: [93][78/79]	Step 66176	Loss 1.2901	Prec@(1,5) (69.1%, 91.7%)
08/02 01:26:03午後 evaluateCell_trainer.py:206 [INFO] Valid: [ 93/99] Final Prec@1 69.0800%
08/02 01:26:03午後 evaluateCell_main.py:75 [INFO] Until now, best Prec@1 = 69.6600%
08/02 01:26:28午後 evaluateCell_trainer.py:199 [INFO] Valid: Epoch: [94][50/79]	Step 66880	Loss 1.2806	Prec@(1,5) (69.1%, 91.9%)
08/02 01:26:29午後 evaluateCell_trainer.py:199 [INFO] Valid: Epoch: [94][78/79]	Step 66880	Loss 1.2692	Prec@(1,5) (69.7%, 91.9%)
08/02 01:26:29午後 evaluateCell_trainer.py:206 [INFO] Valid: [ 94/99] Final Prec@1 69.7400%
08/02 01:26:29午後 evaluateCell_main.py:75 [INFO] Until now, best Prec@1 = 69.7400%
08/02 01:26:54午後 evaluateCell_trainer.py:199 [INFO] Valid: Epoch: [95][50/79]	Step 67584	Loss 1.2802	Prec@(1,5) (69.7%, 91.4%)
08/02 01:26:54午後 evaluateCell_trainer.py:199 [INFO] Valid: Epoch: [95][78/79]	Step 67584	Loss 1.2828	Prec@(1,5) (69.4%, 91.4%)
08/02 01:26:54午後 evaluateCell_trainer.py:206 [INFO] Valid: [ 95/99] Final Prec@1 69.4600%
08/02 01:26:54午後 evaluateCell_main.py:75 [INFO] Until now, best Prec@1 = 69.7400%
08/02 01:27:19午後 evaluateCell_trainer.py:199 [INFO] Valid: Epoch: [96][50/79]	Step 68288	Loss 1.2945	Prec@(1,5) (70.1%, 92.0%)
08/02 01:27:19午後 evaluateCell_trainer.py:199 [INFO] Valid: Epoch: [96][78/79]	Step 68288	Loss 1.2977	Prec@(1,5) (69.9%, 91.8%)
08/02 01:27:19午後 evaluateCell_trainer.py:206 [INFO] Valid: [ 96/99] Final Prec@1 69.7800%
08/02 01:27:19午後 evaluateCell_main.py:75 [INFO] Until now, best Prec@1 = 69.7800%
08/02 01:27:44午後 evaluateCell_trainer.py:199 [INFO] Valid: Epoch: [97][50/79]	Step 68992	Loss 1.2663	Prec@(1,5) (69.4%, 91.7%)
08/02 01:27:45午後 evaluateCell_trainer.py:199 [INFO] Valid: Epoch: [97][78/79]	Step 68992	Loss 1.2846	Prec@(1,5) (69.5%, 91.5%)
08/02 01:27:45午後 evaluateCell_trainer.py:206 [INFO] Valid: [ 97/99] Final Prec@1 69.4600%
08/02 01:27:45午後 evaluateCell_main.py:75 [INFO] Until now, best Prec@1 = 69.7800%
08/02 01:28:10午後 evaluateCell_trainer.py:199 [INFO] Valid: Epoch: [98][50/79]	Step 69696	Loss 1.2712	Prec@(1,5) (69.8%, 91.9%)
08/02 01:28:10午後 evaluateCell_trainer.py:199 [INFO] Valid: Epoch: [98][78/79]	Step 69696	Loss 1.2803	Prec@(1,5) (69.8%, 91.8%)
08/02 01:28:10午後 evaluateCell_trainer.py:206 [INFO] Valid: [ 98/99] Final Prec@1 69.7800%
08/02 01:28:10午後 evaluateCell_main.py:75 [INFO] Until now, best Prec@1 = 69.7800%
08/02 01:28:35午後 evaluateCell_trainer.py:199 [INFO] Valid: Epoch: [99][50/79]	Step 70400	Loss 1.2992	Prec@(1,5) (69.3%, 91.6%)
08/02 01:28:35午後 evaluateCell_trainer.py:199 [INFO] Valid: Epoch: [99][78/79]	Step 70400	Loss 1.2917	Prec@(1,5) (69.5%, 91.4%)
08/02 01:28:35午後 evaluateCell_trainer.py:206 [INFO] Valid: [ 99/99] Final Prec@1 69.5400%
08/02 01:28:35午後 evaluateCell_main.py:75 [INFO] Until now, best Prec@1 = 69.7800%
08/02 01:28:35午後 evaluateCell_main.py:79 [INFO] Final best Prec@1 = 69.7800%
