08/02 05:09:07PM parser.py:28 [INFO] 
08/02 05:09:07PM parser.py:29 [INFO] Parameters:
08/02 05:09:07PM parser.py:31 [INFO] T=3.0
08/02 05:09:07PM parser.py:31 [INFO] ADVANCED=True
08/02 05:09:07PM parser.py:31 [INFO] AUX_WEIGHT=0.4
08/02 05:09:07PM parser.py:31 [INFO] BATCH_SIZE=64
08/02 05:09:07PM parser.py:31 [INFO] CUTOUT_LENGTH=16
08/02 05:09:07PM parser.py:31 [INFO] DATA_PATH=../data/
08/02 05:09:07PM parser.py:31 [INFO] DATASET=cifar100
08/02 05:09:07PM parser.py:31 [INFO] DESCRIPTION=baseline224_genotype-BASELINE224-20240801-093713
08/02 05:09:07PM parser.py:31 [INFO] DROP_PATH_PROB=0.2
08/02 05:09:07PM parser.py:31 [INFO] EPOCHS=100
08/02 05:09:07PM parser.py:31 [INFO] EXP_NAME=093713s2-20240802-170907
08/02 05:09:07PM parser.py:31 [INFO] GENOTYPE=Genotype3(normal1=[[('sep_conv_5x5', 0), ('sep_conv_3x3', 1)], [('sep_conv_3x3', 1), ('sep_conv_3x3', 0)], [('sep_conv_3x3', 1), ('sep_conv_3x3', 2)], [('sep_conv_3x3', 0), ('sep_conv_5x5', 4)]], normal1_concat=range(2, 6), reduce1=[[('sep_conv_3x3', 0), ('skip_connect', 1)], [('sep_conv_3x3', 1), ('max_pool_3x3', 0)], [('sep_conv_3x3', 2), ('sep_conv_3x3', 1)], [('max_pool_3x3', 0), ('dil_conv_3x3', 1)]], reduce1_concat=range(2, 6), normal2=[[('skip_connect', 0), ('sep_conv_5x5', 1)], [('skip_connect', 0), ('skip_connect', 2)], [('avg_pool_3x3', 0), ('avg_pool_3x3', 2)], [('skip_connect', 0), ('avg_pool_3x3', 2)]], normal2_concat=range(2, 6), reduce2=[[('avg_pool_3x3', 0), ('avg_pool_3x3', 1)], [('avg_pool_3x3', 0), ('skip_connect', 2)], [('skip_connect', 2), ('avg_pool_3x3', 0)], [('skip_connect', 2), ('avg_pool_3x3', 0)]], reduce2_concat=range(2, 6), normal3=[[('skip_connect', 0), ('skip_connect', 1)], [('skip_connect', 0), ('dil_conv_3x3', 1)], [('skip_connect', 0), ('skip_connect', 1)], [('skip_connect', 0), ('skip_connect', 2)]], normal3_concat=range(2, 6))
08/02 05:09:07PM parser.py:31 [INFO] GPUS=[0]
08/02 05:09:07PM parser.py:31 [INFO] GRAD_CLIP=5.0
08/02 05:09:07PM parser.py:31 [INFO] INIT_CHANNELS=32
08/02 05:09:07PM parser.py:31 [INFO] L=0.3
08/02 05:09:07PM parser.py:31 [INFO] LAYERS=20
08/02 05:09:07PM parser.py:31 [INFO] LOGGER=<Logger H-DAS (INFO)>
08/02 05:09:07PM parser.py:31 [INFO] LR=0.025
08/02 05:09:07PM parser.py:31 [INFO] LR_MIN=0.001
08/02 05:09:07PM parser.py:31 [INFO] MOMENTUM=0.9
08/02 05:09:07PM parser.py:31 [INFO] NAME=BASELINE224
08/02 05:09:07PM parser.py:31 [INFO] NONKD=True
08/02 05:09:07PM parser.py:31 [INFO] PATH=results/evaluate_cell_KD/cifar100/BASELINE224/093713s2-20240802-170907
08/02 05:09:07PM parser.py:31 [INFO] PRINT_FREQ=50
08/02 05:09:07PM parser.py:31 [INFO] RESUME_PATH=None
08/02 05:09:07PM parser.py:31 [INFO] SAVE=093713s2
08/02 05:09:07PM parser.py:31 [INFO] SEED=2
08/02 05:09:07PM parser.py:31 [INFO] TEACHER_NAME=non
08/02 05:09:07PM parser.py:31 [INFO] TEACHER_PATH=non
08/02 05:09:07PM parser.py:31 [INFO] TRAIN_PORTION=0.9
08/02 05:09:07PM parser.py:31 [INFO] WEIGHT_DECAY=0.0003
08/02 05:09:07PM parser.py:31 [INFO] WORKERS=4
08/02 05:09:07PM parser.py:32 [INFO] 
08/02 05:09:08PM evaluateCell_trainer.py:102 [INFO] --> No loaded checkpoint!
08/02 05:09:34PM evaluateCell_trainer.py:199 [INFO] Valid: Epoch: [0][50/79]	Step 704	Loss 3.6514	Prec@(1,5) (14.2%, 38.8%)
08/02 05:09:34PM evaluateCell_trainer.py:199 [INFO] Valid: Epoch: [0][78/79]	Step 704	Loss 3.6421	Prec@(1,5) (14.0%, 38.7%)
08/02 05:09:34PM evaluateCell_trainer.py:206 [INFO] Valid: [  0/99] Final Prec@1 14.0200%
08/02 05:09:34午後 evaluateCell_main.py:75 [INFO] Until now, best Prec@1 = 14.0200%
08/02 05:10:01午後 evaluateCell_trainer.py:199 [INFO] Valid: Epoch: [1][50/79]	Step 1408	Loss 3.1777	Prec@(1,5) (22.2%, 50.9%)
08/02 05:10:02午後 evaluateCell_trainer.py:199 [INFO] Valid: Epoch: [1][78/79]	Step 1408	Loss 3.1880	Prec@(1,5) (21.8%, 51.2%)
08/02 05:10:02午後 evaluateCell_trainer.py:206 [INFO] Valid: [  1/99] Final Prec@1 21.7400%
08/02 05:10:02午後 evaluateCell_main.py:75 [INFO] Until now, best Prec@1 = 21.7400%
08/02 05:10:29午後 evaluateCell_trainer.py:199 [INFO] Valid: Epoch: [2][50/79]	Step 2112	Loss 2.9028	Prec@(1,5) (27.1%, 58.2%)
08/02 05:10:29午後 evaluateCell_trainer.py:199 [INFO] Valid: Epoch: [2][78/79]	Step 2112	Loss 2.9026	Prec@(1,5) (27.2%, 58.3%)
08/02 05:10:29午後 evaluateCell_trainer.py:206 [INFO] Valid: [  2/99] Final Prec@1 27.2000%
08/02 05:10:29午後 evaluateCell_main.py:75 [INFO] Until now, best Prec@1 = 27.2000%
08/02 05:10:56午後 evaluateCell_trainer.py:199 [INFO] Valid: Epoch: [3][50/79]	Step 2816	Loss 2.6572	Prec@(1,5) (31.5%, 64.8%)
08/02 05:10:57午後 evaluateCell_trainer.py:199 [INFO] Valid: Epoch: [3][78/79]	Step 2816	Loss 2.6539	Prec@(1,5) (31.0%, 64.6%)
08/02 05:10:57午後 evaluateCell_trainer.py:206 [INFO] Valid: [  3/99] Final Prec@1 31.0000%
08/02 05:10:57午後 evaluateCell_main.py:75 [INFO] Until now, best Prec@1 = 31.0000%
08/02 05:11:24午後 evaluateCell_trainer.py:199 [INFO] Valid: Epoch: [4][50/79]	Step 3520	Loss 2.3382	Prec@(1,5) (37.5%, 70.7%)
08/02 05:11:24午後 evaluateCell_trainer.py:199 [INFO] Valid: Epoch: [4][78/79]	Step 3520	Loss 2.3244	Prec@(1,5) (37.7%, 71.3%)
08/02 05:11:24午後 evaluateCell_trainer.py:206 [INFO] Valid: [  4/99] Final Prec@1 37.7200%
08/02 05:11:24午後 evaluateCell_main.py:75 [INFO] Until now, best Prec@1 = 37.7200%
08/02 05:11:51午後 evaluateCell_trainer.py:199 [INFO] Valid: Epoch: [5][50/79]	Step 4224	Loss 2.2538	Prec@(1,5) (40.7%, 73.2%)
08/02 05:11:52午後 evaluateCell_trainer.py:199 [INFO] Valid: Epoch: [5][78/79]	Step 4224	Loss 2.2364	Prec@(1,5) (40.6%, 73.4%)
08/02 05:11:52午後 evaluateCell_trainer.py:206 [INFO] Valid: [  5/99] Final Prec@1 40.6600%
08/02 05:11:52午後 evaluateCell_main.py:75 [INFO] Until now, best Prec@1 = 40.6600%
08/02 05:12:19午後 evaluateCell_trainer.py:199 [INFO] Valid: Epoch: [6][50/79]	Step 4928	Loss 2.1092	Prec@(1,5) (43.0%, 76.5%)
08/02 05:12:19午後 evaluateCell_trainer.py:199 [INFO] Valid: Epoch: [6][78/79]	Step 4928	Loss 2.1148	Prec@(1,5) (42.5%, 76.7%)
08/02 05:12:19午後 evaluateCell_trainer.py:206 [INFO] Valid: [  6/99] Final Prec@1 42.5800%
08/02 05:12:19午後 evaluateCell_main.py:75 [INFO] Until now, best Prec@1 = 42.5800%
08/02 05:12:46午後 evaluateCell_trainer.py:199 [INFO] Valid: Epoch: [7][50/79]	Step 5632	Loss 2.1896	Prec@(1,5) (43.1%, 73.8%)
08/02 05:12:47午後 evaluateCell_trainer.py:199 [INFO] Valid: Epoch: [7][78/79]	Step 5632	Loss 2.1527	Prec@(1,5) (43.6%, 74.7%)
08/02 05:12:47午後 evaluateCell_trainer.py:206 [INFO] Valid: [  7/99] Final Prec@1 43.5400%
08/02 05:12:47午後 evaluateCell_main.py:75 [INFO] Until now, best Prec@1 = 43.5400%
08/02 05:13:14午後 evaluateCell_trainer.py:199 [INFO] Valid: Epoch: [8][50/79]	Step 6336	Loss 2.0366	Prec@(1,5) (45.1%, 78.0%)
08/02 05:13:14午後 evaluateCell_trainer.py:199 [INFO] Valid: Epoch: [8][78/79]	Step 6336	Loss 1.9897	Prec@(1,5) (45.6%, 79.0%)
08/02 05:13:14午後 evaluateCell_trainer.py:206 [INFO] Valid: [  8/99] Final Prec@1 45.5800%
08/02 05:13:14午後 evaluateCell_main.py:75 [INFO] Until now, best Prec@1 = 45.5800%
08/02 05:13:41午後 evaluateCell_trainer.py:199 [INFO] Valid: Epoch: [9][50/79]	Step 7040	Loss 1.8462	Prec@(1,5) (48.7%, 81.6%)
08/02 05:13:42午後 evaluateCell_trainer.py:199 [INFO] Valid: Epoch: [9][78/79]	Step 7040	Loss 1.8387	Prec@(1,5) (48.9%, 81.7%)
08/02 05:13:42午後 evaluateCell_trainer.py:206 [INFO] Valid: [  9/99] Final Prec@1 48.9400%
08/02 05:13:42午後 evaluateCell_main.py:75 [INFO] Until now, best Prec@1 = 48.9400%
08/02 05:14:09午後 evaluateCell_trainer.py:199 [INFO] Valid: Epoch: [10][50/79]	Step 7744	Loss 1.9246	Prec@(1,5) (48.2%, 79.2%)
08/02 05:14:09午後 evaluateCell_trainer.py:199 [INFO] Valid: Epoch: [10][78/79]	Step 7744	Loss 1.9267	Prec@(1,5) (47.7%, 79.5%)
08/02 05:14:09午後 evaluateCell_trainer.py:206 [INFO] Valid: [ 10/99] Final Prec@1 47.7000%
08/02 05:14:09午後 evaluateCell_main.py:75 [INFO] Until now, best Prec@1 = 48.9400%
08/02 05:14:36午後 evaluateCell_trainer.py:199 [INFO] Valid: Epoch: [11][50/79]	Step 8448	Loss 1.7707	Prec@(1,5) (52.0%, 82.3%)
08/02 05:14:37午後 evaluateCell_trainer.py:199 [INFO] Valid: Epoch: [11][78/79]	Step 8448	Loss 1.7969	Prec@(1,5) (51.5%, 81.5%)
08/02 05:14:37午後 evaluateCell_trainer.py:206 [INFO] Valid: [ 11/99] Final Prec@1 51.4600%
08/02 05:14:37午後 evaluateCell_main.py:75 [INFO] Until now, best Prec@1 = 51.4600%
08/02 05:15:04午後 evaluateCell_trainer.py:199 [INFO] Valid: Epoch: [12][50/79]	Step 9152	Loss 1.7660	Prec@(1,5) (51.7%, 82.0%)
08/02 05:15:04午後 evaluateCell_trainer.py:199 [INFO] Valid: Epoch: [12][78/79]	Step 9152	Loss 1.7531	Prec@(1,5) (51.7%, 82.3%)
08/02 05:15:04午後 evaluateCell_trainer.py:206 [INFO] Valid: [ 12/99] Final Prec@1 51.6600%
08/02 05:15:04午後 evaluateCell_main.py:75 [INFO] Until now, best Prec@1 = 51.6600%
08/02 05:15:32午後 evaluateCell_trainer.py:199 [INFO] Valid: Epoch: [13][50/79]	Step 9856	Loss 1.8582	Prec@(1,5) (50.6%, 81.7%)
08/02 05:15:32午後 evaluateCell_trainer.py:199 [INFO] Valid: Epoch: [13][78/79]	Step 9856	Loss 1.8621	Prec@(1,5) (50.4%, 81.1%)
08/02 05:15:32午後 evaluateCell_trainer.py:206 [INFO] Valid: [ 13/99] Final Prec@1 50.4600%
08/02 05:15:32午後 evaluateCell_main.py:75 [INFO] Until now, best Prec@1 = 51.6600%
08/02 05:15:59午後 evaluateCell_trainer.py:199 [INFO] Valid: Epoch: [14][50/79]	Step 10560	Loss 1.7059	Prec@(1,5) (54.4%, 83.2%)
08/02 05:15:59午後 evaluateCell_trainer.py:199 [INFO] Valid: Epoch: [14][78/79]	Step 10560	Loss 1.7211	Prec@(1,5) (53.2%, 83.2%)
08/02 05:15:59午後 evaluateCell_trainer.py:206 [INFO] Valid: [ 14/99] Final Prec@1 53.1800%
08/02 05:16:00午後 evaluateCell_main.py:75 [INFO] Until now, best Prec@1 = 53.1800%
08/02 05:16:27午後 evaluateCell_trainer.py:199 [INFO] Valid: Epoch: [15][50/79]	Step 11264	Loss 1.7405	Prec@(1,5) (51.8%, 82.8%)
08/02 05:16:27午後 evaluateCell_trainer.py:199 [INFO] Valid: Epoch: [15][78/79]	Step 11264	Loss 1.7214	Prec@(1,5) (52.2%, 83.4%)
08/02 05:16:27午後 evaluateCell_trainer.py:206 [INFO] Valid: [ 15/99] Final Prec@1 52.1800%
08/02 05:16:27午後 evaluateCell_main.py:75 [INFO] Until now, best Prec@1 = 53.1800%
08/02 05:16:54午後 evaluateCell_trainer.py:199 [INFO] Valid: Epoch: [16][50/79]	Step 11968	Loss 1.6356	Prec@(1,5) (55.9%, 84.6%)
08/02 05:16:54午後 evaluateCell_trainer.py:199 [INFO] Valid: Epoch: [16][78/79]	Step 11968	Loss 1.6254	Prec@(1,5) (55.4%, 84.7%)
08/02 05:16:54午後 evaluateCell_trainer.py:206 [INFO] Valid: [ 16/99] Final Prec@1 55.4200%
08/02 05:16:55午後 evaluateCell_main.py:75 [INFO] Until now, best Prec@1 = 55.4200%
08/02 05:17:22午後 evaluateCell_trainer.py:199 [INFO] Valid: Epoch: [17][50/79]	Step 12672	Loss 1.6828	Prec@(1,5) (54.5%, 84.1%)
08/02 05:17:23午後 evaluateCell_trainer.py:199 [INFO] Valid: Epoch: [17][78/79]	Step 12672	Loss 1.6649	Prec@(1,5) (55.1%, 84.2%)
08/02 05:17:23午後 evaluateCell_trainer.py:206 [INFO] Valid: [ 17/99] Final Prec@1 55.0800%
08/02 05:17:23午後 evaluateCell_main.py:75 [INFO] Until now, best Prec@1 = 55.4200%
08/02 05:17:50午後 evaluateCell_trainer.py:199 [INFO] Valid: Epoch: [18][50/79]	Step 13376	Loss 1.7394	Prec@(1,5) (51.5%, 83.2%)
08/02 05:17:50午後 evaluateCell_trainer.py:199 [INFO] Valid: Epoch: [18][78/79]	Step 13376	Loss 1.7045	Prec@(1,5) (52.6%, 83.6%)
08/02 05:17:50午後 evaluateCell_trainer.py:206 [INFO] Valid: [ 18/99] Final Prec@1 52.5600%
08/02 05:17:51午後 evaluateCell_main.py:75 [INFO] Until now, best Prec@1 = 55.4200%
08/02 05:18:18午後 evaluateCell_trainer.py:199 [INFO] Valid: Epoch: [19][50/79]	Step 14080	Loss 1.5880	Prec@(1,5) (55.4%, 85.3%)
08/02 05:18:18午後 evaluateCell_trainer.py:199 [INFO] Valid: Epoch: [19][78/79]	Step 14080	Loss 1.5790	Prec@(1,5) (55.9%, 85.2%)
08/02 05:18:18午後 evaluateCell_trainer.py:206 [INFO] Valid: [ 19/99] Final Prec@1 55.9000%
08/02 05:18:18午後 evaluateCell_main.py:75 [INFO] Until now, best Prec@1 = 55.9000%
08/02 05:18:45午後 evaluateCell_trainer.py:199 [INFO] Valid: Epoch: [20][50/79]	Step 14784	Loss 1.7550	Prec@(1,5) (52.7%, 82.4%)
08/02 05:18:45午後 evaluateCell_trainer.py:199 [INFO] Valid: Epoch: [20][78/79]	Step 14784	Loss 1.7746	Prec@(1,5) (52.2%, 82.4%)
08/02 05:18:45午後 evaluateCell_trainer.py:206 [INFO] Valid: [ 20/99] Final Prec@1 52.1600%
08/02 05:18:45午後 evaluateCell_main.py:75 [INFO] Until now, best Prec@1 = 55.9000%
08/02 05:19:13午後 evaluateCell_trainer.py:199 [INFO] Valid: Epoch: [21][50/79]	Step 15488	Loss 1.6284	Prec@(1,5) (54.7%, 84.5%)
08/02 05:19:13午後 evaluateCell_trainer.py:199 [INFO] Valid: Epoch: [21][78/79]	Step 15488	Loss 1.6495	Prec@(1,5) (54.7%, 84.4%)
08/02 05:19:13午後 evaluateCell_trainer.py:206 [INFO] Valid: [ 21/99] Final Prec@1 54.7200%
08/02 05:19:13午後 evaluateCell_main.py:75 [INFO] Until now, best Prec@1 = 55.9000%
08/02 05:19:40午後 evaluateCell_trainer.py:199 [INFO] Valid: Epoch: [22][50/79]	Step 16192	Loss 1.6380	Prec@(1,5) (55.2%, 85.3%)
08/02 05:19:40午後 evaluateCell_trainer.py:199 [INFO] Valid: Epoch: [22][78/79]	Step 16192	Loss 1.6464	Prec@(1,5) (55.1%, 85.3%)
08/02 05:19:40午後 evaluateCell_trainer.py:206 [INFO] Valid: [ 22/99] Final Prec@1 55.1000%
08/02 05:19:40午後 evaluateCell_main.py:75 [INFO] Until now, best Prec@1 = 55.9000%
08/02 05:20:08午後 evaluateCell_trainer.py:199 [INFO] Valid: Epoch: [23][50/79]	Step 16896	Loss 1.5340	Prec@(1,5) (57.0%, 86.2%)
08/02 05:20:08午後 evaluateCell_trainer.py:199 [INFO] Valid: Epoch: [23][78/79]	Step 16896	Loss 1.5389	Prec@(1,5) (57.3%, 86.0%)
08/02 05:20:08午後 evaluateCell_trainer.py:206 [INFO] Valid: [ 23/99] Final Prec@1 57.2800%
08/02 05:20:08午後 evaluateCell_main.py:75 [INFO] Until now, best Prec@1 = 57.2800%
08/02 05:20:35午後 evaluateCell_trainer.py:199 [INFO] Valid: Epoch: [24][50/79]	Step 17600	Loss 1.6696	Prec@(1,5) (55.3%, 83.9%)
08/02 05:20:36午後 evaluateCell_trainer.py:199 [INFO] Valid: Epoch: [24][78/79]	Step 17600	Loss 1.6664	Prec@(1,5) (55.3%, 84.0%)
08/02 05:20:36午後 evaluateCell_trainer.py:206 [INFO] Valid: [ 24/99] Final Prec@1 55.2800%
08/02 05:20:36午後 evaluateCell_main.py:75 [INFO] Until now, best Prec@1 = 57.2800%
08/02 05:21:03午後 evaluateCell_trainer.py:199 [INFO] Valid: Epoch: [25][50/79]	Step 18304	Loss 1.6515	Prec@(1,5) (55.7%, 84.6%)
08/02 05:21:03午後 evaluateCell_trainer.py:199 [INFO] Valid: Epoch: [25][78/79]	Step 18304	Loss 1.6335	Prec@(1,5) (56.0%, 84.6%)
08/02 05:21:03午後 evaluateCell_trainer.py:206 [INFO] Valid: [ 25/99] Final Prec@1 55.9600%
08/02 05:21:03午後 evaluateCell_main.py:75 [INFO] Until now, best Prec@1 = 57.2800%
08/02 05:21:30午後 evaluateCell_trainer.py:199 [INFO] Valid: Epoch: [26][50/79]	Step 19008	Loss 1.5812	Prec@(1,5) (57.0%, 85.8%)
08/02 05:21:31午後 evaluateCell_trainer.py:199 [INFO] Valid: Epoch: [26][78/79]	Step 19008	Loss 1.5657	Prec@(1,5) (57.3%, 86.2%)
08/02 05:21:31午後 evaluateCell_trainer.py:206 [INFO] Valid: [ 26/99] Final Prec@1 57.2800%
08/02 05:21:31午後 evaluateCell_main.py:75 [INFO] Until now, best Prec@1 = 57.2800%
08/02 05:21:58午後 evaluateCell_trainer.py:199 [INFO] Valid: Epoch: [27][50/79]	Step 19712	Loss 1.6113	Prec@(1,5) (56.8%, 85.4%)
08/02 05:21:58午後 evaluateCell_trainer.py:199 [INFO] Valid: Epoch: [27][78/79]	Step 19712	Loss 1.5733	Prec@(1,5) (57.1%, 86.0%)
08/02 05:21:58午後 evaluateCell_trainer.py:206 [INFO] Valid: [ 27/99] Final Prec@1 57.1000%
08/02 05:21:58午後 evaluateCell_main.py:75 [INFO] Until now, best Prec@1 = 57.2800%
08/02 05:22:25午後 evaluateCell_trainer.py:199 [INFO] Valid: Epoch: [28][50/79]	Step 20416	Loss 1.5120	Prec@(1,5) (57.7%, 86.3%)
08/02 05:22:26午後 evaluateCell_trainer.py:199 [INFO] Valid: Epoch: [28][78/79]	Step 20416	Loss 1.5211	Prec@(1,5) (57.8%, 86.3%)
08/02 05:22:26午後 evaluateCell_trainer.py:206 [INFO] Valid: [ 28/99] Final Prec@1 57.8200%
08/02 05:22:26午後 evaluateCell_main.py:75 [INFO] Until now, best Prec@1 = 57.8200%
08/02 05:22:53午後 evaluateCell_trainer.py:199 [INFO] Valid: Epoch: [29][50/79]	Step 21120	Loss 1.6202	Prec@(1,5) (56.1%, 84.6%)
08/02 05:22:53午後 evaluateCell_trainer.py:199 [INFO] Valid: Epoch: [29][78/79]	Step 21120	Loss 1.6314	Prec@(1,5) (55.7%, 84.3%)
08/02 05:22:53午後 evaluateCell_trainer.py:206 [INFO] Valid: [ 29/99] Final Prec@1 55.7200%
08/02 05:22:53午後 evaluateCell_main.py:75 [INFO] Until now, best Prec@1 = 57.8200%
08/02 05:23:21午後 evaluateCell_trainer.py:199 [INFO] Valid: Epoch: [30][50/79]	Step 21824	Loss 1.6669	Prec@(1,5) (55.8%, 84.6%)
08/02 05:23:21午後 evaluateCell_trainer.py:199 [INFO] Valid: Epoch: [30][78/79]	Step 21824	Loss 1.6213	Prec@(1,5) (57.1%, 85.3%)
08/02 05:23:21午後 evaluateCell_trainer.py:206 [INFO] Valid: [ 30/99] Final Prec@1 57.1600%
08/02 05:23:21午後 evaluateCell_main.py:75 [INFO] Until now, best Prec@1 = 57.8200%
08/02 05:23:48午後 evaluateCell_trainer.py:199 [INFO] Valid: Epoch: [31][50/79]	Step 22528	Loss 1.4954	Prec@(1,5) (58.6%, 87.5%)
08/02 05:23:48午後 evaluateCell_trainer.py:199 [INFO] Valid: Epoch: [31][78/79]	Step 22528	Loss 1.4956	Prec@(1,5) (58.8%, 87.0%)
08/02 05:23:48午後 evaluateCell_trainer.py:206 [INFO] Valid: [ 31/99] Final Prec@1 58.8000%
08/02 05:23:49午後 evaluateCell_main.py:75 [INFO] Until now, best Prec@1 = 58.8000%
08/02 05:24:16午後 evaluateCell_trainer.py:199 [INFO] Valid: Epoch: [32][50/79]	Step 23232	Loss 1.5999	Prec@(1,5) (57.7%, 85.7%)
08/02 05:24:16午後 evaluateCell_trainer.py:199 [INFO] Valid: Epoch: [32][78/79]	Step 23232	Loss 1.5492	Prec@(1,5) (58.5%, 86.7%)
08/02 05:24:16午後 evaluateCell_trainer.py:206 [INFO] Valid: [ 32/99] Final Prec@1 58.5400%
08/02 05:24:16午後 evaluateCell_main.py:75 [INFO] Until now, best Prec@1 = 58.8000%
08/02 05:24:43午後 evaluateCell_trainer.py:199 [INFO] Valid: Epoch: [33][50/79]	Step 23936	Loss 1.4502	Prec@(1,5) (60.9%, 87.1%)
08/02 05:24:44午後 evaluateCell_trainer.py:199 [INFO] Valid: Epoch: [33][78/79]	Step 23936	Loss 1.4528	Prec@(1,5) (60.6%, 87.0%)
08/02 05:24:44午後 evaluateCell_trainer.py:206 [INFO] Valid: [ 33/99] Final Prec@1 60.5200%
08/02 05:24:44午後 evaluateCell_main.py:75 [INFO] Until now, best Prec@1 = 60.5200%
08/02 05:25:11午後 evaluateCell_trainer.py:199 [INFO] Valid: Epoch: [34][50/79]	Step 24640	Loss 1.4327	Prec@(1,5) (61.0%, 88.0%)
08/02 05:25:11午後 evaluateCell_trainer.py:199 [INFO] Valid: Epoch: [34][78/79]	Step 24640	Loss 1.4145	Prec@(1,5) (61.4%, 88.1%)
08/02 05:25:11午後 evaluateCell_trainer.py:206 [INFO] Valid: [ 34/99] Final Prec@1 61.4200%
08/02 05:25:12午後 evaluateCell_main.py:75 [INFO] Until now, best Prec@1 = 61.4200%
08/02 05:25:39午後 evaluateCell_trainer.py:199 [INFO] Valid: Epoch: [35][50/79]	Step 25344	Loss 1.5123	Prec@(1,5) (59.2%, 86.8%)
08/02 05:25:39午後 evaluateCell_trainer.py:199 [INFO] Valid: Epoch: [35][78/79]	Step 25344	Loss 1.4835	Prec@(1,5) (59.8%, 87.1%)
08/02 05:25:39午後 evaluateCell_trainer.py:206 [INFO] Valid: [ 35/99] Final Prec@1 59.8200%
08/02 05:25:39午後 evaluateCell_main.py:75 [INFO] Until now, best Prec@1 = 61.4200%
08/02 05:26:06午後 evaluateCell_trainer.py:199 [INFO] Valid: Epoch: [36][50/79]	Step 26048	Loss 1.4490	Prec@(1,5) (61.4%, 87.7%)
08/02 05:26:06午後 evaluateCell_trainer.py:199 [INFO] Valid: Epoch: [36][78/79]	Step 26048	Loss 1.4732	Prec@(1,5) (60.7%, 87.2%)
08/02 05:26:06午後 evaluateCell_trainer.py:206 [INFO] Valid: [ 36/99] Final Prec@1 60.7000%
08/02 05:26:07午後 evaluateCell_main.py:75 [INFO] Until now, best Prec@1 = 61.4200%
08/02 05:26:34午後 evaluateCell_trainer.py:199 [INFO] Valid: Epoch: [37][50/79]	Step 26752	Loss 1.4560	Prec@(1,5) (59.7%, 87.8%)
08/02 05:26:34午後 evaluateCell_trainer.py:199 [INFO] Valid: Epoch: [37][78/79]	Step 26752	Loss 1.4584	Prec@(1,5) (59.8%, 87.8%)
08/02 05:26:34午後 evaluateCell_trainer.py:206 [INFO] Valid: [ 37/99] Final Prec@1 59.8000%
08/02 05:26:34午後 evaluateCell_main.py:75 [INFO] Until now, best Prec@1 = 61.4200%
08/02 05:27:02午後 evaluateCell_trainer.py:199 [INFO] Valid: Epoch: [38][50/79]	Step 27456	Loss 1.3969	Prec@(1,5) (61.8%, 88.3%)
08/02 05:27:02午後 evaluateCell_trainer.py:199 [INFO] Valid: Epoch: [38][78/79]	Step 27456	Loss 1.4477	Prec@(1,5) (60.9%, 87.4%)
08/02 05:27:02午後 evaluateCell_trainer.py:206 [INFO] Valid: [ 38/99] Final Prec@1 60.9000%
08/02 05:27:03午後 evaluateCell_main.py:75 [INFO] Until now, best Prec@1 = 61.4200%
08/02 05:27:30午後 evaluateCell_trainer.py:199 [INFO] Valid: Epoch: [39][50/79]	Step 28160	Loss 1.3911	Prec@(1,5) (62.0%, 87.6%)
08/02 05:27:30午後 evaluateCell_trainer.py:199 [INFO] Valid: Epoch: [39][78/79]	Step 28160	Loss 1.4081	Prec@(1,5) (61.5%, 87.6%)
08/02 05:27:30午後 evaluateCell_trainer.py:206 [INFO] Valid: [ 39/99] Final Prec@1 61.4600%
08/02 05:27:30午後 evaluateCell_main.py:75 [INFO] Until now, best Prec@1 = 61.4600%
08/02 05:27:58午後 evaluateCell_trainer.py:199 [INFO] Valid: Epoch: [40][50/79]	Step 28864	Loss 1.4142	Prec@(1,5) (62.0%, 88.3%)
08/02 05:27:58午後 evaluateCell_trainer.py:199 [INFO] Valid: Epoch: [40][78/79]	Step 28864	Loss 1.4244	Prec@(1,5) (61.6%, 88.1%)
08/02 05:27:58午後 evaluateCell_trainer.py:206 [INFO] Valid: [ 40/99] Final Prec@1 61.5600%
08/02 05:27:59午後 evaluateCell_main.py:75 [INFO] Until now, best Prec@1 = 61.5600%
08/02 05:28:26午後 evaluateCell_trainer.py:199 [INFO] Valid: Epoch: [41][50/79]	Step 29568	Loss 1.4029	Prec@(1,5) (62.2%, 89.1%)
08/02 05:28:26午後 evaluateCell_trainer.py:199 [INFO] Valid: Epoch: [41][78/79]	Step 29568	Loss 1.3731	Prec@(1,5) (62.9%, 89.3%)
08/02 05:28:26午後 evaluateCell_trainer.py:206 [INFO] Valid: [ 41/99] Final Prec@1 62.9000%
08/02 05:28:26午後 evaluateCell_main.py:75 [INFO] Until now, best Prec@1 = 62.9000%
08/02 05:28:54午後 evaluateCell_trainer.py:199 [INFO] Valid: Epoch: [42][50/79]	Step 30272	Loss 1.3814	Prec@(1,5) (61.8%, 88.5%)
08/02 05:28:54午後 evaluateCell_trainer.py:199 [INFO] Valid: Epoch: [42][78/79]	Step 30272	Loss 1.3801	Prec@(1,5) (62.2%, 88.6%)
08/02 05:28:54午後 evaluateCell_trainer.py:206 [INFO] Valid: [ 42/99] Final Prec@1 62.2200%
08/02 05:28:54午後 evaluateCell_main.py:75 [INFO] Until now, best Prec@1 = 62.9000%
08/02 05:29:21午後 evaluateCell_trainer.py:199 [INFO] Valid: Epoch: [43][50/79]	Step 30976	Loss 1.3874	Prec@(1,5) (62.2%, 88.7%)
08/02 05:29:21午後 evaluateCell_trainer.py:199 [INFO] Valid: Epoch: [43][78/79]	Step 30976	Loss 1.3860	Prec@(1,5) (61.9%, 88.9%)
08/02 05:29:22午後 evaluateCell_trainer.py:206 [INFO] Valid: [ 43/99] Final Prec@1 61.9200%
08/02 05:29:22午後 evaluateCell_main.py:75 [INFO] Until now, best Prec@1 = 62.9000%
08/02 05:29:50午後 evaluateCell_trainer.py:199 [INFO] Valid: Epoch: [44][50/79]	Step 31680	Loss 1.4566	Prec@(1,5) (61.4%, 87.4%)
08/02 05:29:50午後 evaluateCell_trainer.py:199 [INFO] Valid: Epoch: [44][78/79]	Step 31680	Loss 1.4600	Prec@(1,5) (61.2%, 87.4%)
08/02 05:29:50午後 evaluateCell_trainer.py:206 [INFO] Valid: [ 44/99] Final Prec@1 61.1800%
08/02 05:29:50午後 evaluateCell_main.py:75 [INFO] Until now, best Prec@1 = 62.9000%
08/02 05:30:17午後 evaluateCell_trainer.py:199 [INFO] Valid: Epoch: [45][50/79]	Step 32384	Loss 1.3857	Prec@(1,5) (62.5%, 89.1%)
08/02 05:30:17午後 evaluateCell_trainer.py:199 [INFO] Valid: Epoch: [45][78/79]	Step 32384	Loss 1.3855	Prec@(1,5) (62.3%, 89.4%)
08/02 05:30:17午後 evaluateCell_trainer.py:206 [INFO] Valid: [ 45/99] Final Prec@1 62.2800%
08/02 05:30:17午後 evaluateCell_main.py:75 [INFO] Until now, best Prec@1 = 62.9000%
08/02 05:30:45午後 evaluateCell_trainer.py:199 [INFO] Valid: Epoch: [46][50/79]	Step 33088	Loss 1.4683	Prec@(1,5) (61.4%, 87.7%)
08/02 05:30:45午後 evaluateCell_trainer.py:199 [INFO] Valid: Epoch: [46][78/79]	Step 33088	Loss 1.4688	Prec@(1,5) (61.3%, 87.5%)
08/02 05:30:45午後 evaluateCell_trainer.py:206 [INFO] Valid: [ 46/99] Final Prec@1 61.3000%
08/02 05:30:45午後 evaluateCell_main.py:75 [INFO] Until now, best Prec@1 = 62.9000%
08/02 05:31:12午後 evaluateCell_trainer.py:199 [INFO] Valid: Epoch: [47][50/79]	Step 33792	Loss 1.4242	Prec@(1,5) (61.6%, 88.1%)
08/02 05:31:13午後 evaluateCell_trainer.py:199 [INFO] Valid: Epoch: [47][78/79]	Step 33792	Loss 1.4091	Prec@(1,5) (62.3%, 88.3%)
08/02 05:31:13午後 evaluateCell_trainer.py:206 [INFO] Valid: [ 47/99] Final Prec@1 62.3000%
08/02 05:31:13午後 evaluateCell_main.py:75 [INFO] Until now, best Prec@1 = 62.9000%
08/02 05:31:40午後 evaluateCell_trainer.py:199 [INFO] Valid: Epoch: [48][50/79]	Step 34496	Loss 1.3228	Prec@(1,5) (64.9%, 89.5%)
08/02 05:31:40午後 evaluateCell_trainer.py:199 [INFO] Valid: Epoch: [48][78/79]	Step 34496	Loss 1.3054	Prec@(1,5) (64.7%, 89.7%)
08/02 05:31:40午後 evaluateCell_trainer.py:206 [INFO] Valid: [ 48/99] Final Prec@1 64.7200%
08/02 05:31:40午後 evaluateCell_main.py:75 [INFO] Until now, best Prec@1 = 64.7200%
08/02 05:32:08午後 evaluateCell_trainer.py:199 [INFO] Valid: Epoch: [49][50/79]	Step 35200	Loss 1.3177	Prec@(1,5) (64.7%, 90.0%)
08/02 05:32:09午後 evaluateCell_trainer.py:199 [INFO] Valid: Epoch: [49][78/79]	Step 35200	Loss 1.3439	Prec@(1,5) (64.0%, 89.7%)
08/02 05:32:09午後 evaluateCell_trainer.py:206 [INFO] Valid: [ 49/99] Final Prec@1 64.0000%
08/02 05:32:09午後 evaluateCell_main.py:75 [INFO] Until now, best Prec@1 = 64.7200%
08/02 05:32:36午後 evaluateCell_trainer.py:199 [INFO] Valid: Epoch: [50][50/79]	Step 35904	Loss 1.3204	Prec@(1,5) (64.2%, 89.7%)
08/02 05:32:37午後 evaluateCell_trainer.py:199 [INFO] Valid: Epoch: [50][78/79]	Step 35904	Loss 1.3153	Prec@(1,5) (64.7%, 89.9%)
08/02 05:32:37午後 evaluateCell_trainer.py:206 [INFO] Valid: [ 50/99] Final Prec@1 64.7200%
08/02 05:32:37午後 evaluateCell_main.py:75 [INFO] Until now, best Prec@1 = 64.7200%
08/02 05:33:04午後 evaluateCell_trainer.py:199 [INFO] Valid: Epoch: [51][50/79]	Step 36608	Loss 1.3058	Prec@(1,5) (65.0%, 89.7%)
08/02 05:33:04午後 evaluateCell_trainer.py:199 [INFO] Valid: Epoch: [51][78/79]	Step 36608	Loss 1.2897	Prec@(1,5) (64.9%, 90.1%)
08/02 05:33:04午後 evaluateCell_trainer.py:206 [INFO] Valid: [ 51/99] Final Prec@1 64.9800%
08/02 05:33:05午後 evaluateCell_main.py:75 [INFO] Until now, best Prec@1 = 64.9800%
08/02 05:33:32午後 evaluateCell_trainer.py:199 [INFO] Valid: Epoch: [52][50/79]	Step 37312	Loss 1.3004	Prec@(1,5) (65.2%, 90.1%)
08/02 05:33:32午後 evaluateCell_trainer.py:199 [INFO] Valid: Epoch: [52][78/79]	Step 37312	Loss 1.2896	Prec@(1,5) (65.4%, 90.2%)
08/02 05:33:32午後 evaluateCell_trainer.py:206 [INFO] Valid: [ 52/99] Final Prec@1 65.4600%
08/02 05:33:32午後 evaluateCell_main.py:75 [INFO] Until now, best Prec@1 = 65.4600%
08/02 05:34:00午後 evaluateCell_trainer.py:199 [INFO] Valid: Epoch: [53][50/79]	Step 38016	Loss 1.4044	Prec@(1,5) (63.2%, 88.3%)
08/02 05:34:00午後 evaluateCell_trainer.py:199 [INFO] Valid: Epoch: [53][78/79]	Step 38016	Loss 1.3730	Prec@(1,5) (63.4%, 88.8%)
08/02 05:34:00午後 evaluateCell_trainer.py:206 [INFO] Valid: [ 53/99] Final Prec@1 63.4400%
08/02 05:34:00午後 evaluateCell_main.py:75 [INFO] Until now, best Prec@1 = 65.4600%
08/02 05:34:28午後 evaluateCell_trainer.py:199 [INFO] Valid: Epoch: [54][50/79]	Step 38720	Loss 1.2927	Prec@(1,5) (65.8%, 90.1%)
08/02 05:34:28午後 evaluateCell_trainer.py:199 [INFO] Valid: Epoch: [54][78/79]	Step 38720	Loss 1.3122	Prec@(1,5) (65.8%, 89.7%)
08/02 05:34:28午後 evaluateCell_trainer.py:206 [INFO] Valid: [ 54/99] Final Prec@1 65.8200%
08/02 05:34:28午後 evaluateCell_main.py:75 [INFO] Until now, best Prec@1 = 65.8200%
08/02 05:34:56午後 evaluateCell_trainer.py:199 [INFO] Valid: Epoch: [55][50/79]	Step 39424	Loss 1.2853	Prec@(1,5) (65.7%, 89.9%)
08/02 05:34:57午後 evaluateCell_trainer.py:199 [INFO] Valid: Epoch: [55][78/79]	Step 39424	Loss 1.2836	Prec@(1,5) (65.4%, 89.7%)
08/02 05:34:57午後 evaluateCell_trainer.py:206 [INFO] Valid: [ 55/99] Final Prec@1 65.4200%
08/02 05:34:57午後 evaluateCell_main.py:75 [INFO] Until now, best Prec@1 = 65.8200%
08/02 05:35:24午後 evaluateCell_trainer.py:199 [INFO] Valid: Epoch: [56][50/79]	Step 40128	Loss 1.2075	Prec@(1,5) (67.4%, 91.2%)
08/02 05:35:24午後 evaluateCell_trainer.py:199 [INFO] Valid: Epoch: [56][78/79]	Step 40128	Loss 1.2365	Prec@(1,5) (67.1%, 90.8%)
08/02 05:35:24午後 evaluateCell_trainer.py:206 [INFO] Valid: [ 56/99] Final Prec@1 67.0200%
08/02 05:35:24午後 evaluateCell_main.py:75 [INFO] Until now, best Prec@1 = 67.0200%
08/02 05:35:52午後 evaluateCell_trainer.py:199 [INFO] Valid: Epoch: [57][50/79]	Step 40832	Loss 1.2858	Prec@(1,5) (66.0%, 90.0%)
08/02 05:35:52午後 evaluateCell_trainer.py:199 [INFO] Valid: Epoch: [57][78/79]	Step 40832	Loss 1.2678	Prec@(1,5) (65.9%, 90.2%)
08/02 05:35:52午後 evaluateCell_trainer.py:206 [INFO] Valid: [ 57/99] Final Prec@1 65.9000%
08/02 05:35:52午後 evaluateCell_main.py:75 [INFO] Until now, best Prec@1 = 67.0200%
08/02 05:36:19午後 evaluateCell_trainer.py:199 [INFO] Valid: Epoch: [58][50/79]	Step 41536	Loss 1.2819	Prec@(1,5) (65.7%, 90.6%)
08/02 05:36:19午後 evaluateCell_trainer.py:199 [INFO] Valid: Epoch: [58][78/79]	Step 41536	Loss 1.2750	Prec@(1,5) (66.2%, 90.5%)
08/02 05:36:19午後 evaluateCell_trainer.py:206 [INFO] Valid: [ 58/99] Final Prec@1 66.2800%
08/02 05:36:19午後 evaluateCell_main.py:75 [INFO] Until now, best Prec@1 = 67.0200%
08/02 05:36:48午後 evaluateCell_trainer.py:199 [INFO] Valid: Epoch: [59][50/79]	Step 42240	Loss 1.2387	Prec@(1,5) (66.6%, 91.1%)
08/02 05:36:48午後 evaluateCell_trainer.py:199 [INFO] Valid: Epoch: [59][78/79]	Step 42240	Loss 1.2448	Prec@(1,5) (66.2%, 90.6%)
08/02 05:36:48午後 evaluateCell_trainer.py:206 [INFO] Valid: [ 59/99] Final Prec@1 66.2200%
08/02 05:36:48午後 evaluateCell_main.py:75 [INFO] Until now, best Prec@1 = 67.0200%
08/02 05:37:15午後 evaluateCell_trainer.py:199 [INFO] Valid: Epoch: [60][50/79]	Step 42944	Loss 1.2382	Prec@(1,5) (67.3%, 90.8%)
08/02 05:37:16午後 evaluateCell_trainer.py:199 [INFO] Valid: Epoch: [60][78/79]	Step 42944	Loss 1.2610	Prec@(1,5) (66.8%, 90.7%)
08/02 05:37:16午後 evaluateCell_trainer.py:206 [INFO] Valid: [ 60/99] Final Prec@1 66.8000%
08/02 05:37:16午後 evaluateCell_main.py:75 [INFO] Until now, best Prec@1 = 67.0200%
08/02 05:37:43午後 evaluateCell_trainer.py:199 [INFO] Valid: Epoch: [61][50/79]	Step 43648	Loss 1.2991	Prec@(1,5) (65.9%, 90.7%)
08/02 05:37:43午後 evaluateCell_trainer.py:199 [INFO] Valid: Epoch: [61][78/79]	Step 43648	Loss 1.3114	Prec@(1,5) (65.9%, 90.3%)
08/02 05:37:43午後 evaluateCell_trainer.py:206 [INFO] Valid: [ 61/99] Final Prec@1 65.9400%
08/02 05:37:43午後 evaluateCell_main.py:75 [INFO] Until now, best Prec@1 = 67.0200%
08/02 05:38:11午後 evaluateCell_trainer.py:199 [INFO] Valid: Epoch: [62][50/79]	Step 44352	Loss 1.2588	Prec@(1,5) (67.0%, 90.2%)
08/02 05:38:11午後 evaluateCell_trainer.py:199 [INFO] Valid: Epoch: [62][78/79]	Step 44352	Loss 1.2721	Prec@(1,5) (67.2%, 90.2%)
08/02 05:38:11午後 evaluateCell_trainer.py:206 [INFO] Valid: [ 62/99] Final Prec@1 67.2400%
08/02 05:38:11午後 evaluateCell_main.py:75 [INFO] Until now, best Prec@1 = 67.2400%
08/02 05:38:39午後 evaluateCell_trainer.py:199 [INFO] Valid: Epoch: [63][50/79]	Step 45056	Loss 1.2472	Prec@(1,5) (67.6%, 91.4%)
08/02 05:38:39午後 evaluateCell_trainer.py:199 [INFO] Valid: Epoch: [63][78/79]	Step 45056	Loss 1.2591	Prec@(1,5) (67.3%, 91.1%)
08/02 05:38:39午後 evaluateCell_trainer.py:206 [INFO] Valid: [ 63/99] Final Prec@1 67.3200%
08/02 05:38:40午後 evaluateCell_main.py:75 [INFO] Until now, best Prec@1 = 67.3200%
08/02 05:39:07午後 evaluateCell_trainer.py:199 [INFO] Valid: Epoch: [64][50/79]	Step 45760	Loss 1.2981	Prec@(1,5) (66.8%, 90.3%)
08/02 05:39:07午後 evaluateCell_trainer.py:199 [INFO] Valid: Epoch: [64][78/79]	Step 45760	Loss 1.2435	Prec@(1,5) (67.0%, 90.9%)
08/02 05:39:07午後 evaluateCell_trainer.py:206 [INFO] Valid: [ 64/99] Final Prec@1 66.9800%
08/02 05:39:07午後 evaluateCell_main.py:75 [INFO] Until now, best Prec@1 = 67.3200%
08/02 05:39:35午後 evaluateCell_trainer.py:199 [INFO] Valid: Epoch: [65][50/79]	Step 46464	Loss 1.2541	Prec@(1,5) (66.7%, 91.6%)
08/02 05:39:35午後 evaluateCell_trainer.py:199 [INFO] Valid: Epoch: [65][78/79]	Step 46464	Loss 1.2615	Prec@(1,5) (67.0%, 91.0%)
08/02 05:39:35午後 evaluateCell_trainer.py:206 [INFO] Valid: [ 65/99] Final Prec@1 67.0000%
08/02 05:39:35午後 evaluateCell_main.py:75 [INFO] Until now, best Prec@1 = 67.3200%
08/02 05:40:02午後 evaluateCell_trainer.py:199 [INFO] Valid: Epoch: [66][50/79]	Step 47168	Loss 1.2191	Prec@(1,5) (68.0%, 91.5%)
08/02 05:40:03午後 evaluateCell_trainer.py:199 [INFO] Valid: Epoch: [66][78/79]	Step 47168	Loss 1.2043	Prec@(1,5) (68.7%, 91.6%)
08/02 05:40:03午後 evaluateCell_trainer.py:206 [INFO] Valid: [ 66/99] Final Prec@1 68.7600%
08/02 05:40:03午後 evaluateCell_main.py:75 [INFO] Until now, best Prec@1 = 68.7600%
08/02 05:40:31午後 evaluateCell_trainer.py:199 [INFO] Valid: Epoch: [67][50/79]	Step 47872	Loss 1.2040	Prec@(1,5) (68.7%, 91.9%)
08/02 05:40:31午後 evaluateCell_trainer.py:199 [INFO] Valid: Epoch: [67][78/79]	Step 47872	Loss 1.2281	Prec@(1,5) (68.2%, 91.7%)
08/02 05:40:31午後 evaluateCell_trainer.py:206 [INFO] Valid: [ 67/99] Final Prec@1 68.2000%
08/02 05:40:31午後 evaluateCell_main.py:75 [INFO] Until now, best Prec@1 = 68.7600%
08/02 05:40:59午後 evaluateCell_trainer.py:199 [INFO] Valid: Epoch: [68][50/79]	Step 48576	Loss 1.2170	Prec@(1,5) (68.7%, 91.5%)
08/02 05:40:59午後 evaluateCell_trainer.py:199 [INFO] Valid: Epoch: [68][78/79]	Step 48576	Loss 1.2292	Prec@(1,5) (68.4%, 91.4%)
08/02 05:40:59午後 evaluateCell_trainer.py:206 [INFO] Valid: [ 68/99] Final Prec@1 68.3600%
08/02 05:40:59午後 evaluateCell_main.py:75 [INFO] Until now, best Prec@1 = 68.7600%
08/02 05:41:26午後 evaluateCell_trainer.py:199 [INFO] Valid: Epoch: [69][50/79]	Step 49280	Loss 1.1915	Prec@(1,5) (68.9%, 91.4%)
08/02 05:41:27午後 evaluateCell_trainer.py:199 [INFO] Valid: Epoch: [69][78/79]	Step 49280	Loss 1.1951	Prec@(1,5) (68.6%, 91.7%)
08/02 05:41:27午後 evaluateCell_trainer.py:206 [INFO] Valid: [ 69/99] Final Prec@1 68.6400%
08/02 05:41:27午後 evaluateCell_main.py:75 [INFO] Until now, best Prec@1 = 68.7600%
08/02 05:41:54午後 evaluateCell_trainer.py:199 [INFO] Valid: Epoch: [70][50/79]	Step 49984	Loss 1.2052	Prec@(1,5) (68.7%, 92.0%)
08/02 05:41:54午後 evaluateCell_trainer.py:199 [INFO] Valid: Epoch: [70][78/79]	Step 49984	Loss 1.1851	Prec@(1,5) (69.2%, 91.9%)
08/02 05:41:54午後 evaluateCell_trainer.py:206 [INFO] Valid: [ 70/99] Final Prec@1 69.1800%
08/02 05:41:54午後 evaluateCell_main.py:75 [INFO] Until now, best Prec@1 = 69.1800%
08/02 05:42:22午後 evaluateCell_trainer.py:199 [INFO] Valid: Epoch: [71][50/79]	Step 50688	Loss 1.1970	Prec@(1,5) (69.2%, 91.7%)
08/02 05:42:22午後 evaluateCell_trainer.py:199 [INFO] Valid: Epoch: [71][78/79]	Step 50688	Loss 1.2083	Prec@(1,5) (69.4%, 91.7%)
08/02 05:42:22午後 evaluateCell_trainer.py:206 [INFO] Valid: [ 71/99] Final Prec@1 69.3600%
08/02 05:42:22午後 evaluateCell_main.py:75 [INFO] Until now, best Prec@1 = 69.3600%
08/02 05:42:49午後 evaluateCell_trainer.py:199 [INFO] Valid: Epoch: [72][50/79]	Step 51392	Loss 1.1819	Prec@(1,5) (70.1%, 92.0%)
08/02 05:42:50午後 evaluateCell_trainer.py:199 [INFO] Valid: Epoch: [72][78/79]	Step 51392	Loss 1.1811	Prec@(1,5) (70.1%, 92.0%)
08/02 05:42:50午後 evaluateCell_trainer.py:206 [INFO] Valid: [ 72/99] Final Prec@1 70.0800%
08/02 05:42:50午後 evaluateCell_main.py:75 [INFO] Until now, best Prec@1 = 70.0800%
08/02 05:43:17午後 evaluateCell_trainer.py:199 [INFO] Valid: Epoch: [73][50/79]	Step 52096	Loss 1.2052	Prec@(1,5) (69.2%, 92.1%)
08/02 05:43:17午後 evaluateCell_trainer.py:199 [INFO] Valid: Epoch: [73][78/79]	Step 52096	Loss 1.2574	Prec@(1,5) (68.2%, 91.8%)
08/02 05:43:17午後 evaluateCell_trainer.py:206 [INFO] Valid: [ 73/99] Final Prec@1 68.2400%
08/02 05:43:17午後 evaluateCell_main.py:75 [INFO] Until now, best Prec@1 = 70.0800%
08/02 05:43:45午後 evaluateCell_trainer.py:199 [INFO] Valid: Epoch: [74][50/79]	Step 52800	Loss 1.2583	Prec@(1,5) (68.8%, 90.9%)
08/02 05:43:45午後 evaluateCell_trainer.py:199 [INFO] Valid: Epoch: [74][78/79]	Step 52800	Loss 1.2433	Prec@(1,5) (69.1%, 91.0%)
08/02 05:43:45午後 evaluateCell_trainer.py:206 [INFO] Valid: [ 74/99] Final Prec@1 69.1000%
08/02 05:43:45午後 evaluateCell_main.py:75 [INFO] Until now, best Prec@1 = 70.0800%
08/02 05:44:12午後 evaluateCell_trainer.py:199 [INFO] Valid: Epoch: [75][50/79]	Step 53504	Loss 1.1653	Prec@(1,5) (69.9%, 92.1%)
08/02 05:44:13午後 evaluateCell_trainer.py:199 [INFO] Valid: Epoch: [75][78/79]	Step 53504	Loss 1.1793	Prec@(1,5) (69.8%, 91.9%)
08/02 05:44:13午後 evaluateCell_trainer.py:206 [INFO] Valid: [ 75/99] Final Prec@1 69.8000%
08/02 05:44:13午後 evaluateCell_main.py:75 [INFO] Until now, best Prec@1 = 70.0800%
08/02 05:44:41午後 evaluateCell_trainer.py:199 [INFO] Valid: Epoch: [76][50/79]	Step 54208	Loss 1.1430	Prec@(1,5) (71.2%, 92.6%)
08/02 05:44:41午後 evaluateCell_trainer.py:199 [INFO] Valid: Epoch: [76][78/79]	Step 54208	Loss 1.1596	Prec@(1,5) (70.9%, 92.4%)
08/02 05:44:41午後 evaluateCell_trainer.py:206 [INFO] Valid: [ 76/99] Final Prec@1 70.8400%
08/02 05:44:41午後 evaluateCell_main.py:75 [INFO] Until now, best Prec@1 = 70.8400%
08/02 05:45:09午後 evaluateCell_trainer.py:199 [INFO] Valid: Epoch: [77][50/79]	Step 54912	Loss 1.2084	Prec@(1,5) (70.2%, 91.6%)
08/02 05:45:09午後 evaluateCell_trainer.py:199 [INFO] Valid: Epoch: [77][78/79]	Step 54912	Loss 1.2034	Prec@(1,5) (70.5%, 92.0%)
08/02 05:45:09午後 evaluateCell_trainer.py:206 [INFO] Valid: [ 77/99] Final Prec@1 70.5400%
08/02 05:45:09午後 evaluateCell_main.py:75 [INFO] Until now, best Prec@1 = 70.8400%
08/02 05:45:37午後 evaluateCell_trainer.py:199 [INFO] Valid: Epoch: [78][50/79]	Step 55616	Loss 1.1661	Prec@(1,5) (70.3%, 92.4%)
08/02 05:45:37午後 evaluateCell_trainer.py:199 [INFO] Valid: Epoch: [78][78/79]	Step 55616	Loss 1.1795	Prec@(1,5) (70.0%, 92.2%)
08/02 05:45:37午後 evaluateCell_trainer.py:206 [INFO] Valid: [ 78/99] Final Prec@1 70.0200%
08/02 05:45:37午後 evaluateCell_main.py:75 [INFO] Until now, best Prec@1 = 70.8400%
08/02 05:46:04午後 evaluateCell_trainer.py:199 [INFO] Valid: Epoch: [79][50/79]	Step 56320	Loss 1.1683	Prec@(1,5) (70.2%, 92.0%)
08/02 05:46:05午後 evaluateCell_trainer.py:199 [INFO] Valid: Epoch: [79][78/79]	Step 56320	Loss 1.1600	Prec@(1,5) (70.8%, 92.0%)
08/02 05:46:05午後 evaluateCell_trainer.py:206 [INFO] Valid: [ 79/99] Final Prec@1 70.7600%
08/02 05:46:05午後 evaluateCell_main.py:75 [INFO] Until now, best Prec@1 = 70.8400%
08/02 05:46:32午後 evaluateCell_trainer.py:199 [INFO] Valid: Epoch: [80][50/79]	Step 57024	Loss 1.1657	Prec@(1,5) (71.4%, 92.7%)
08/02 05:46:32午後 evaluateCell_trainer.py:199 [INFO] Valid: Epoch: [80][78/79]	Step 57024	Loss 1.1854	Prec@(1,5) (70.7%, 92.2%)
08/02 05:46:32午後 evaluateCell_trainer.py:206 [INFO] Valid: [ 80/99] Final Prec@1 70.7200%
08/02 05:46:32午後 evaluateCell_main.py:75 [INFO] Until now, best Prec@1 = 70.8400%
08/02 05:47:00午後 evaluateCell_trainer.py:199 [INFO] Valid: Epoch: [81][50/79]	Step 57728	Loss 1.1569	Prec@(1,5) (71.4%, 92.5%)
08/02 05:47:00午後 evaluateCell_trainer.py:199 [INFO] Valid: Epoch: [81][78/79]	Step 57728	Loss 1.1542	Prec@(1,5) (71.3%, 92.5%)
08/02 05:47:00午後 evaluateCell_trainer.py:206 [INFO] Valid: [ 81/99] Final Prec@1 71.2600%
08/02 05:47:00午後 evaluateCell_main.py:75 [INFO] Until now, best Prec@1 = 71.2600%
08/02 05:47:28午後 evaluateCell_trainer.py:199 [INFO] Valid: Epoch: [82][50/79]	Step 58432	Loss 1.1837	Prec@(1,5) (71.1%, 92.1%)
08/02 05:47:29午後 evaluateCell_trainer.py:199 [INFO] Valid: Epoch: [82][78/79]	Step 58432	Loss 1.1692	Prec@(1,5) (71.1%, 92.3%)
08/02 05:47:29午後 evaluateCell_trainer.py:206 [INFO] Valid: [ 82/99] Final Prec@1 71.0800%
08/02 05:47:29午後 evaluateCell_main.py:75 [INFO] Until now, best Prec@1 = 71.2600%
08/02 05:47:57午後 evaluateCell_trainer.py:199 [INFO] Valid: Epoch: [83][50/79]	Step 59136	Loss 1.1863	Prec@(1,5) (70.7%, 91.9%)
08/02 05:47:57午後 evaluateCell_trainer.py:199 [INFO] Valid: Epoch: [83][78/79]	Step 59136	Loss 1.1832	Prec@(1,5) (71.3%, 92.1%)
08/02 05:47:57午後 evaluateCell_trainer.py:206 [INFO] Valid: [ 83/99] Final Prec@1 71.2600%
08/02 05:47:57午後 evaluateCell_main.py:75 [INFO] Until now, best Prec@1 = 71.2600%
08/02 05:48:25午後 evaluateCell_trainer.py:199 [INFO] Valid: Epoch: [84][50/79]	Step 59840	Loss 1.1839	Prec@(1,5) (71.2%, 92.6%)
08/02 05:48:25午後 evaluateCell_trainer.py:199 [INFO] Valid: Epoch: [84][78/79]	Step 59840	Loss 1.1605	Prec@(1,5) (71.8%, 92.5%)
08/02 05:48:25午後 evaluateCell_trainer.py:206 [INFO] Valid: [ 84/99] Final Prec@1 71.7200%
08/02 05:48:25午後 evaluateCell_main.py:75 [INFO] Until now, best Prec@1 = 71.7200%
08/02 05:48:53午後 evaluateCell_trainer.py:199 [INFO] Valid: Epoch: [85][50/79]	Step 60544	Loss 1.1566	Prec@(1,5) (72.0%, 92.8%)
08/02 05:48:53午後 evaluateCell_trainer.py:199 [INFO] Valid: Epoch: [85][78/79]	Step 60544	Loss 1.1671	Prec@(1,5) (71.4%, 93.0%)
08/02 05:48:53午後 evaluateCell_trainer.py:206 [INFO] Valid: [ 85/99] Final Prec@1 71.4000%
08/02 05:48:53午後 evaluateCell_main.py:75 [INFO] Until now, best Prec@1 = 71.7200%
08/02 05:49:20午後 evaluateCell_trainer.py:199 [INFO] Valid: Epoch: [86][50/79]	Step 61248	Loss 1.1495	Prec@(1,5) (70.5%, 92.7%)
08/02 05:49:20午後 evaluateCell_trainer.py:199 [INFO] Valid: Epoch: [86][78/79]	Step 61248	Loss 1.1683	Prec@(1,5) (70.5%, 92.3%)
08/02 05:49:20午後 evaluateCell_trainer.py:206 [INFO] Valid: [ 86/99] Final Prec@1 70.4400%
08/02 05:49:21午後 evaluateCell_main.py:75 [INFO] Until now, best Prec@1 = 71.7200%
08/02 05:49:48午後 evaluateCell_trainer.py:199 [INFO] Valid: Epoch: [87][50/79]	Step 61952	Loss 1.1758	Prec@(1,5) (71.2%, 92.9%)
08/02 05:49:48午後 evaluateCell_trainer.py:199 [INFO] Valid: Epoch: [87][78/79]	Step 61952	Loss 1.1691	Prec@(1,5) (71.1%, 92.9%)
08/02 05:49:48午後 evaluateCell_trainer.py:206 [INFO] Valid: [ 87/99] Final Prec@1 71.1200%
08/02 05:49:48午後 evaluateCell_main.py:75 [INFO] Until now, best Prec@1 = 71.7200%
08/02 05:50:16午後 evaluateCell_trainer.py:199 [INFO] Valid: Epoch: [88][50/79]	Step 62656	Loss 1.1510	Prec@(1,5) (71.9%, 93.0%)
08/02 05:50:16午後 evaluateCell_trainer.py:199 [INFO] Valid: Epoch: [88][78/79]	Step 62656	Loss 1.1544	Prec@(1,5) (72.1%, 92.8%)
08/02 05:50:16午後 evaluateCell_trainer.py:206 [INFO] Valid: [ 88/99] Final Prec@1 72.0800%
08/02 05:50:16午後 evaluateCell_main.py:75 [INFO] Until now, best Prec@1 = 72.0800%
08/02 05:50:43午後 evaluateCell_trainer.py:199 [INFO] Valid: Epoch: [89][50/79]	Step 63360	Loss 1.1427	Prec@(1,5) (71.4%, 92.8%)
08/02 05:50:44午後 evaluateCell_trainer.py:199 [INFO] Valid: Epoch: [89][78/79]	Step 63360	Loss 1.1381	Prec@(1,5) (71.7%, 92.9%)
08/02 05:50:44午後 evaluateCell_trainer.py:206 [INFO] Valid: [ 89/99] Final Prec@1 71.7400%
08/02 05:50:44午後 evaluateCell_main.py:75 [INFO] Until now, best Prec@1 = 72.0800%
08/02 05:51:11午後 evaluateCell_trainer.py:199 [INFO] Valid: Epoch: [90][50/79]	Step 64064	Loss 1.1250	Prec@(1,5) (72.0%, 92.9%)
08/02 05:51:11午後 evaluateCell_trainer.py:199 [INFO] Valid: Epoch: [90][78/79]	Step 64064	Loss 1.1339	Prec@(1,5) (71.9%, 92.8%)
08/02 05:51:11午後 evaluateCell_trainer.py:206 [INFO] Valid: [ 90/99] Final Prec@1 71.9400%
08/02 05:51:11午後 evaluateCell_main.py:75 [INFO] Until now, best Prec@1 = 72.0800%
08/02 05:51:39午後 evaluateCell_trainer.py:199 [INFO] Valid: Epoch: [91][50/79]	Step 64768	Loss 1.1619	Prec@(1,5) (71.7%, 92.8%)
08/02 05:51:40午後 evaluateCell_trainer.py:199 [INFO] Valid: Epoch: [91][78/79]	Step 64768	Loss 1.1630	Prec@(1,5) (72.2%, 92.8%)
08/02 05:51:40午後 evaluateCell_trainer.py:206 [INFO] Valid: [ 91/99] Final Prec@1 72.2000%
08/02 05:51:40午後 evaluateCell_main.py:75 [INFO] Until now, best Prec@1 = 72.2000%
08/02 05:52:07午後 evaluateCell_trainer.py:199 [INFO] Valid: Epoch: [92][50/79]	Step 65472	Loss 1.1678	Prec@(1,5) (70.6%, 92.8%)
08/02 05:52:07午後 evaluateCell_trainer.py:199 [INFO] Valid: Epoch: [92][78/79]	Step 65472	Loss 1.1841	Prec@(1,5) (70.8%, 92.5%)
08/02 05:52:07午後 evaluateCell_trainer.py:206 [INFO] Valid: [ 92/99] Final Prec@1 70.8000%
08/02 05:52:07午後 evaluateCell_main.py:75 [INFO] Until now, best Prec@1 = 72.2000%
08/02 05:52:35午後 evaluateCell_trainer.py:199 [INFO] Valid: Epoch: [93][50/79]	Step 66176	Loss 1.1891	Prec@(1,5) (71.8%, 92.3%)
08/02 05:52:36午後 evaluateCell_trainer.py:199 [INFO] Valid: Epoch: [93][78/79]	Step 66176	Loss 1.1608	Prec@(1,5) (72.0%, 92.8%)
08/02 05:52:36午後 evaluateCell_trainer.py:206 [INFO] Valid: [ 93/99] Final Prec@1 72.0400%
08/02 05:52:36午後 evaluateCell_main.py:75 [INFO] Until now, best Prec@1 = 72.2000%
08/02 05:53:03午後 evaluateCell_trainer.py:199 [INFO] Valid: Epoch: [94][50/79]	Step 66880	Loss 1.1325	Prec@(1,5) (72.4%, 93.2%)
08/02 05:53:03午後 evaluateCell_trainer.py:199 [INFO] Valid: Epoch: [94][78/79]	Step 66880	Loss 1.1466	Prec@(1,5) (72.3%, 93.0%)
08/02 05:53:03午後 evaluateCell_trainer.py:206 [INFO] Valid: [ 94/99] Final Prec@1 72.3000%
08/02 05:53:03午後 evaluateCell_main.py:75 [INFO] Until now, best Prec@1 = 72.3000%
08/02 05:53:31午後 evaluateCell_trainer.py:199 [INFO] Valid: Epoch: [95][50/79]	Step 67584	Loss 1.1861	Prec@(1,5) (71.8%, 92.2%)
08/02 05:53:31午後 evaluateCell_trainer.py:199 [INFO] Valid: Epoch: [95][78/79]	Step 67584	Loss 1.1585	Prec@(1,5) (72.0%, 92.8%)
08/02 05:53:31午後 evaluateCell_trainer.py:206 [INFO] Valid: [ 95/99] Final Prec@1 72.0200%
08/02 05:53:31午後 evaluateCell_main.py:75 [INFO] Until now, best Prec@1 = 72.3000%
08/02 05:53:58午後 evaluateCell_trainer.py:199 [INFO] Valid: Epoch: [96][50/79]	Step 68288	Loss 1.1407	Prec@(1,5) (72.1%, 93.1%)
08/02 05:53:59午後 evaluateCell_trainer.py:199 [INFO] Valid: Epoch: [96][78/79]	Step 68288	Loss 1.1542	Prec@(1,5) (71.9%, 92.9%)
08/02 05:53:59午後 evaluateCell_trainer.py:206 [INFO] Valid: [ 96/99] Final Prec@1 71.8800%
08/02 05:53:59午後 evaluateCell_main.py:75 [INFO] Until now, best Prec@1 = 72.3000%
08/02 05:54:26午後 evaluateCell_trainer.py:199 [INFO] Valid: Epoch: [97][50/79]	Step 68992	Loss 1.1451	Prec@(1,5) (71.5%, 93.2%)
08/02 05:54:26午後 evaluateCell_trainer.py:199 [INFO] Valid: Epoch: [97][78/79]	Step 68992	Loss 1.1396	Prec@(1,5) (72.3%, 92.9%)
08/02 05:54:26午後 evaluateCell_trainer.py:206 [INFO] Valid: [ 97/99] Final Prec@1 72.3000%
08/02 05:54:27午後 evaluateCell_main.py:75 [INFO] Until now, best Prec@1 = 72.3000%
08/02 05:54:54午後 evaluateCell_trainer.py:199 [INFO] Valid: Epoch: [98][50/79]	Step 69696	Loss 1.1746	Prec@(1,5) (71.8%, 92.2%)
08/02 05:54:54午後 evaluateCell_trainer.py:199 [INFO] Valid: Epoch: [98][78/79]	Step 69696	Loss 1.1667	Prec@(1,5) (72.3%, 92.5%)
08/02 05:54:54午後 evaluateCell_trainer.py:206 [INFO] Valid: [ 98/99] Final Prec@1 72.3200%
08/02 05:54:54午後 evaluateCell_main.py:75 [INFO] Until now, best Prec@1 = 72.3200%
08/02 05:55:22午後 evaluateCell_trainer.py:199 [INFO] Valid: Epoch: [99][50/79]	Step 70400	Loss 1.1449	Prec@(1,5) (72.1%, 93.0%)
08/02 05:55:22午後 evaluateCell_trainer.py:199 [INFO] Valid: Epoch: [99][78/79]	Step 70400	Loss 1.1474	Prec@(1,5) (72.1%, 92.8%)
08/02 05:55:22午後 evaluateCell_trainer.py:206 [INFO] Valid: [ 99/99] Final Prec@1 72.1200%
08/02 05:55:22午後 evaluateCell_main.py:75 [INFO] Until now, best Prec@1 = 72.3200%
08/02 05:55:22午後 evaluateCell_main.py:79 [INFO] Final best Prec@1 = 72.3200%
