08/08 11:20:31PM parser.py:28 [INFO] 
08/08 11:20:31PM parser.py:29 [INFO] Parameters:
08/08 11:20:31PM parser.py:31 [INFO] T=10.0
08/08 11:20:31PM parser.py:31 [INFO] ADVANCED=True
08/08 11:20:31PM parser.py:31 [INFO] AUX_WEIGHT=0.4
08/08 11:20:31PM parser.py:31 [INFO] BATCH_SIZE=64
08/08 11:20:31PM parser.py:31 [INFO] CUTOUT_LENGTH=16
08/08 11:20:31PM parser.py:31 [INFO] DATA_PATH=../data/
08/08 11:20:31PM parser.py:31 [INFO] DATASET=cifar100
08/08 11:20:31PM parser.py:31 [INFO] DESCRIPTION=KD_for_only_weight_evaluation
08/08 11:20:31PM parser.py:31 [INFO] DROP_PATH_PROB=0.2
08/08 11:20:31PM parser.py:31 [INFO] EPOCHS=100
08/08 11:20:31PM parser.py:31 [INFO] EXP_NAME=155833s1-20240808-232031
08/08 11:20:31PM parser.py:31 [INFO] GENOTYPE=Genotype3(normal1=[[('sep_conv_3x3', 0), ('sep_conv_3x3', 1)], [('sep_conv_3x3', 1), ('sep_conv_3x3', 0)], [('sep_conv_3x3', 1), ('sep_conv_5x5', 3)], [('sep_conv_3x3', 3), ('sep_conv_5x5', 4)]], normal1_concat=range(2, 6), reduce1=[[('skip_connect', 1), ('sep_conv_3x3', 0)], [('max_pool_3x3', 0), ('skip_connect', 2)], [('skip_connect', 1), ('skip_connect', 2)], [('skip_connect', 2), ('max_pool_3x3', 0)]], reduce1_concat=range(2, 6), normal2=[[('skip_connect', 0), ('sep_conv_3x3', 1)], [('skip_connect', 0), ('skip_connect', 2)], [('skip_connect', 0), ('sep_conv_5x5', 1)], [('skip_connect', 0), ('skip_connect', 3)]], normal2_concat=range(2, 6), reduce2=[[('avg_pool_3x3', 1), ('avg_pool_3x3', 0)], [('skip_connect', 2), ('avg_pool_3x3', 1)], [('avg_pool_3x3', 1), ('skip_connect', 2)], [('skip_connect', 2), ('avg_pool_3x3', 1)]], reduce2_concat=range(2, 6), normal3=[[('skip_connect', 0), ('dil_conv_5x5', 1)], [('skip_connect', 0), ('dil_conv_3x3', 1)], [('skip_connect', 0), ('dil_conv_5x5', 1)], [('skip_connect', 0), ('dil_conv_5x5', 1)]], normal3_concat=range(2, 6))
08/08 11:20:31PM parser.py:31 [INFO] GPUS=[0]
08/08 11:20:31PM parser.py:31 [INFO] GRAD_CLIP=5.0
08/08 11:20:31PM parser.py:31 [INFO] INIT_CHANNELS=32
08/08 11:20:31PM parser.py:31 [INFO] L=0.5
08/08 11:20:31PM parser.py:31 [INFO] LAYERS=20
08/08 11:20:31PM parser.py:31 [INFO] LOGGER=<Logger H-DAS (INFO)>
08/08 11:20:31PM parser.py:31 [INFO] LR=0.025
08/08 11:20:31PM parser.py:31 [INFO] LR_MIN=0.001
08/08 11:20:31PM parser.py:31 [INFO] MOMENTUM=0.9
08/08 11:20:31PM parser.py:31 [INFO] NAME=ONLY_WEIGHT
08/08 11:20:31PM parser.py:31 [INFO] NONKD=True
08/08 11:20:31PM parser.py:31 [INFO] PATH=results/evaluate_cell_KD/cifar100/ONLY_WEIGHT/155833s1-20240808-232031
08/08 11:20:31PM parser.py:31 [INFO] PRINT_FREQ=50
08/08 11:20:31PM parser.py:31 [INFO] RESUME_PATH=None
08/08 11:20:31PM parser.py:31 [INFO] SAVE=155833s1
08/08 11:20:31PM parser.py:31 [INFO] SEED=0
08/08 11:20:31PM parser.py:31 [INFO] TEACHER_NAME=efficientnet_v2_s
08/08 11:20:31PM parser.py:31 [INFO] TEACHER_PATH=/home/miura/lab/KD-hdas/results/teacher/cifar100/efficientnet_v2_s/FINETUNE2/pretrained-20240716-002108/best.pth.tar
08/08 11:20:31PM parser.py:31 [INFO] TRAIN_PORTION=0.9
08/08 11:20:31PM parser.py:31 [INFO] WEIGHT_DECAY=0.0003
08/08 11:20:31PM parser.py:31 [INFO] WORKERS=4
08/08 11:20:31PM parser.py:32 [INFO] 
08/08 11:20:32PM evaluateCell_trainer.py:102 [INFO] --> No loaded checkpoint!
08/08 11:20:59PM evaluateCell_trainer.py:199 [INFO] Valid: Epoch: [0][50/79]	Step 704	Loss 3.4353	Prec@(1,5) (17.7%, 43.8%)
08/08 11:20:59PM evaluateCell_trainer.py:199 [INFO] Valid: Epoch: [0][78/79]	Step 704	Loss 3.4403	Prec@(1,5) (17.6%, 44.2%)
08/08 11:20:59PM evaluateCell_trainer.py:206 [INFO] Valid: [  0/99] Final Prec@1 17.6200%
08/08 11:21:00午後 evaluateCell_main.py:75 [INFO] Until now, best Prec@1 = 17.6200%
08/08 11:21:28午後 evaluateCell_trainer.py:199 [INFO] Valid: Epoch: [1][50/79]	Step 1408	Loss 3.0552	Prec@(1,5) (24.8%, 54.2%)
08/08 11:21:28午後 evaluateCell_trainer.py:199 [INFO] Valid: Epoch: [1][78/79]	Step 1408	Loss 3.0582	Prec@(1,5) (25.1%, 54.0%)
08/08 11:21:28午後 evaluateCell_trainer.py:206 [INFO] Valid: [  1/99] Final Prec@1 25.0400%
08/08 11:21:28午後 evaluateCell_main.py:75 [INFO] Until now, best Prec@1 = 25.0400%
08/08 11:21:56午後 evaluateCell_trainer.py:199 [INFO] Valid: Epoch: [2][50/79]	Step 2112	Loss 2.6370	Prec@(1,5) (33.6%, 64.2%)
08/08 11:21:56午後 evaluateCell_trainer.py:199 [INFO] Valid: Epoch: [2][78/79]	Step 2112	Loss 2.6431	Prec@(1,5) (33.1%, 64.3%)
08/08 11:21:56午後 evaluateCell_trainer.py:206 [INFO] Valid: [  2/99] Final Prec@1 33.1400%
08/08 11:21:56午後 evaluateCell_main.py:75 [INFO] Until now, best Prec@1 = 33.1400%
08/08 11:22:24午後 evaluateCell_trainer.py:199 [INFO] Valid: Epoch: [3][50/79]	Step 2816	Loss 2.4111	Prec@(1,5) (36.3%, 69.4%)
08/08 11:22:25午後 evaluateCell_trainer.py:199 [INFO] Valid: Epoch: [3][78/79]	Step 2816	Loss 2.4006	Prec@(1,5) (37.2%, 69.4%)
08/08 11:22:25午後 evaluateCell_trainer.py:206 [INFO] Valid: [  3/99] Final Prec@1 37.2000%
08/08 11:22:25午後 evaluateCell_main.py:75 [INFO] Until now, best Prec@1 = 37.2000%
08/08 11:22:53午後 evaluateCell_trainer.py:199 [INFO] Valid: Epoch: [4][50/79]	Step 3520	Loss 2.3533	Prec@(1,5) (38.1%, 71.2%)
08/08 11:22:53午後 evaluateCell_trainer.py:199 [INFO] Valid: Epoch: [4][78/79]	Step 3520	Loss 2.3542	Prec@(1,5) (38.2%, 71.4%)
08/08 11:22:53午後 evaluateCell_trainer.py:206 [INFO] Valid: [  4/99] Final Prec@1 38.2000%
08/08 11:22:53午後 evaluateCell_main.py:75 [INFO] Until now, best Prec@1 = 38.2000%
08/08 11:23:21午後 evaluateCell_trainer.py:199 [INFO] Valid: Epoch: [5][50/79]	Step 4224	Loss 2.1618	Prec@(1,5) (42.0%, 74.1%)
08/08 11:23:22午後 evaluateCell_trainer.py:199 [INFO] Valid: Epoch: [5][78/79]	Step 4224	Loss 2.1415	Prec@(1,5) (42.7%, 74.7%)
08/08 11:23:22午後 evaluateCell_trainer.py:206 [INFO] Valid: [  5/99] Final Prec@1 42.7200%
08/08 11:23:22午後 evaluateCell_main.py:75 [INFO] Until now, best Prec@1 = 42.7200%
08/08 11:23:50午後 evaluateCell_trainer.py:199 [INFO] Valid: Epoch: [6][50/79]	Step 4928	Loss 2.0706	Prec@(1,5) (43.4%, 76.8%)
08/08 11:23:50午後 evaluateCell_trainer.py:199 [INFO] Valid: Epoch: [6][78/79]	Step 4928	Loss 2.0540	Prec@(1,5) (43.8%, 77.1%)
08/08 11:23:50午後 evaluateCell_trainer.py:206 [INFO] Valid: [  6/99] Final Prec@1 43.7600%
08/08 11:23:50午後 evaluateCell_main.py:75 [INFO] Until now, best Prec@1 = 43.7600%
08/08 11:24:18午後 evaluateCell_trainer.py:199 [INFO] Valid: Epoch: [7][50/79]	Step 5632	Loss 1.9640	Prec@(1,5) (47.2%, 77.9%)
08/08 11:24:19午後 evaluateCell_trainer.py:199 [INFO] Valid: Epoch: [7][78/79]	Step 5632	Loss 1.9439	Prec@(1,5) (47.6%, 78.5%)
08/08 11:24:19午後 evaluateCell_trainer.py:206 [INFO] Valid: [  7/99] Final Prec@1 47.6000%
08/08 11:24:19午後 evaluateCell_main.py:75 [INFO] Until now, best Prec@1 = 47.6000%
08/08 11:24:47午後 evaluateCell_trainer.py:199 [INFO] Valid: Epoch: [8][50/79]	Step 6336	Loss 2.0068	Prec@(1,5) (47.0%, 77.9%)
08/08 11:24:47午後 evaluateCell_trainer.py:199 [INFO] Valid: Epoch: [8][78/79]	Step 6336	Loss 2.0297	Prec@(1,5) (46.7%, 77.5%)
08/08 11:24:47午後 evaluateCell_trainer.py:206 [INFO] Valid: [  8/99] Final Prec@1 46.7200%
08/08 11:24:47午後 evaluateCell_main.py:75 [INFO] Until now, best Prec@1 = 47.6000%
08/08 11:25:15午後 evaluateCell_trainer.py:199 [INFO] Valid: Epoch: [9][50/79]	Step 7040	Loss 1.8951	Prec@(1,5) (48.6%, 79.4%)
08/08 11:25:15午後 evaluateCell_trainer.py:199 [INFO] Valid: Epoch: [9][78/79]	Step 7040	Loss 1.8634	Prec@(1,5) (49.2%, 80.0%)
08/08 11:25:15午後 evaluateCell_trainer.py:206 [INFO] Valid: [  9/99] Final Prec@1 49.2600%
08/08 11:25:15午後 evaluateCell_main.py:75 [INFO] Until now, best Prec@1 = 49.2600%
08/08 11:25:43午後 evaluateCell_trainer.py:199 [INFO] Valid: Epoch: [10][50/79]	Step 7744	Loss 1.8310	Prec@(1,5) (50.1%, 80.9%)
08/08 11:25:44午後 evaluateCell_trainer.py:199 [INFO] Valid: Epoch: [10][78/79]	Step 7744	Loss 1.8060	Prec@(1,5) (50.3%, 81.3%)
08/08 11:25:44午後 evaluateCell_trainer.py:206 [INFO] Valid: [ 10/99] Final Prec@1 50.3200%
08/08 11:25:44午後 evaluateCell_main.py:75 [INFO] Until now, best Prec@1 = 50.3200%
08/08 11:26:12午後 evaluateCell_trainer.py:199 [INFO] Valid: Epoch: [11][50/79]	Step 8448	Loss 1.7960	Prec@(1,5) (51.2%, 82.1%)
08/08 11:26:12午後 evaluateCell_trainer.py:199 [INFO] Valid: Epoch: [11][78/79]	Step 8448	Loss 1.8035	Prec@(1,5) (50.9%, 81.6%)
08/08 11:26:12午後 evaluateCell_trainer.py:206 [INFO] Valid: [ 11/99] Final Prec@1 50.9600%
08/08 11:26:12午後 evaluateCell_main.py:75 [INFO] Until now, best Prec@1 = 50.9600%
08/08 11:26:40午後 evaluateCell_trainer.py:199 [INFO] Valid: Epoch: [12][50/79]	Step 9152	Loss 1.8223	Prec@(1,5) (50.3%, 81.1%)
08/08 11:26:40午後 evaluateCell_trainer.py:199 [INFO] Valid: Epoch: [12][78/79]	Step 9152	Loss 1.7932	Prec@(1,5) (51.1%, 81.5%)
08/08 11:26:40午後 evaluateCell_trainer.py:206 [INFO] Valid: [ 12/99] Final Prec@1 51.1200%
08/08 11:26:40午後 evaluateCell_main.py:75 [INFO] Until now, best Prec@1 = 51.1200%
08/08 11:27:09午後 evaluateCell_trainer.py:199 [INFO] Valid: Epoch: [13][50/79]	Step 9856	Loss 1.7310	Prec@(1,5) (52.6%, 81.7%)
08/08 11:27:09午後 evaluateCell_trainer.py:199 [INFO] Valid: Epoch: [13][78/79]	Step 9856	Loss 1.7326	Prec@(1,5) (52.4%, 82.3%)
08/08 11:27:09午後 evaluateCell_trainer.py:206 [INFO] Valid: [ 13/99] Final Prec@1 52.3600%
08/08 11:27:09午後 evaluateCell_main.py:75 [INFO] Until now, best Prec@1 = 52.3600%
08/08 11:27:37午後 evaluateCell_trainer.py:199 [INFO] Valid: Epoch: [14][50/79]	Step 10560	Loss 1.8476	Prec@(1,5) (51.6%, 81.2%)
08/08 11:27:37午後 evaluateCell_trainer.py:199 [INFO] Valid: Epoch: [14][78/79]	Step 10560	Loss 1.8350	Prec@(1,5) (51.7%, 81.4%)
08/08 11:27:37午後 evaluateCell_trainer.py:206 [INFO] Valid: [ 14/99] Final Prec@1 51.7200%
08/08 11:27:37午後 evaluateCell_main.py:75 [INFO] Until now, best Prec@1 = 52.3600%
08/08 11:28:05午後 evaluateCell_trainer.py:199 [INFO] Valid: Epoch: [15][50/79]	Step 11264	Loss 1.7999	Prec@(1,5) (51.8%, 82.4%)
08/08 11:28:06午後 evaluateCell_trainer.py:199 [INFO] Valid: Epoch: [15][78/79]	Step 11264	Loss 1.7994	Prec@(1,5) (51.5%, 82.1%)
08/08 11:28:06午後 evaluateCell_trainer.py:206 [INFO] Valid: [ 15/99] Final Prec@1 51.5600%
08/08 11:28:06午後 evaluateCell_main.py:75 [INFO] Until now, best Prec@1 = 52.3600%
08/08 11:28:34午後 evaluateCell_trainer.py:199 [INFO] Valid: Epoch: [16][50/79]	Step 11968	Loss 1.7326	Prec@(1,5) (52.7%, 82.0%)
08/08 11:28:34午後 evaluateCell_trainer.py:199 [INFO] Valid: Epoch: [16][78/79]	Step 11968	Loss 1.7428	Prec@(1,5) (52.6%, 82.1%)
08/08 11:28:34午後 evaluateCell_trainer.py:206 [INFO] Valid: [ 16/99] Final Prec@1 52.6800%
08/08 11:28:34午後 evaluateCell_main.py:75 [INFO] Until now, best Prec@1 = 52.6800%
08/08 11:29:02午後 evaluateCell_trainer.py:199 [INFO] Valid: Epoch: [17][50/79]	Step 12672	Loss 1.6920	Prec@(1,5) (54.5%, 83.6%)
08/08 11:29:03午後 evaluateCell_trainer.py:199 [INFO] Valid: Epoch: [17][78/79]	Step 12672	Loss 1.6954	Prec@(1,5) (54.5%, 83.8%)
08/08 11:29:03午後 evaluateCell_trainer.py:206 [INFO] Valid: [ 17/99] Final Prec@1 54.4800%
08/08 11:29:03午後 evaluateCell_main.py:75 [INFO] Until now, best Prec@1 = 54.4800%
08/08 11:29:31午後 evaluateCell_trainer.py:199 [INFO] Valid: Epoch: [18][50/79]	Step 13376	Loss 1.5949	Prec@(1,5) (56.7%, 85.5%)
08/08 11:29:31午後 evaluateCell_trainer.py:199 [INFO] Valid: Epoch: [18][78/79]	Step 13376	Loss 1.5800	Prec@(1,5) (56.3%, 85.8%)
08/08 11:29:31午後 evaluateCell_trainer.py:206 [INFO] Valid: [ 18/99] Final Prec@1 56.2400%
08/08 11:29:31午後 evaluateCell_main.py:75 [INFO] Until now, best Prec@1 = 56.2400%
08/08 11:30:00午後 evaluateCell_trainer.py:199 [INFO] Valid: Epoch: [19][50/79]	Step 14080	Loss 1.7441	Prec@(1,5) (55.1%, 83.2%)
08/08 11:30:00午後 evaluateCell_trainer.py:199 [INFO] Valid: Epoch: [19][78/79]	Step 14080	Loss 1.7354	Prec@(1,5) (54.5%, 83.4%)
08/08 11:30:00午後 evaluateCell_trainer.py:206 [INFO] Valid: [ 19/99] Final Prec@1 54.5600%
08/08 11:30:00午後 evaluateCell_main.py:75 [INFO] Until now, best Prec@1 = 56.2400%
08/08 11:30:28午後 evaluateCell_trainer.py:199 [INFO] Valid: Epoch: [20][50/79]	Step 14784	Loss 1.6316	Prec@(1,5) (56.4%, 84.6%)
08/08 11:30:28午後 evaluateCell_trainer.py:199 [INFO] Valid: Epoch: [20][78/79]	Step 14784	Loss 1.6259	Prec@(1,5) (56.0%, 84.6%)
08/08 11:30:28午後 evaluateCell_trainer.py:206 [INFO] Valid: [ 20/99] Final Prec@1 55.9800%
08/08 11:30:28午後 evaluateCell_main.py:75 [INFO] Until now, best Prec@1 = 56.2400%
08/08 11:30:57午後 evaluateCell_trainer.py:199 [INFO] Valid: Epoch: [21][50/79]	Step 15488	Loss 1.6211	Prec@(1,5) (57.1%, 84.3%)
08/08 11:30:57午後 evaluateCell_trainer.py:199 [INFO] Valid: Epoch: [21][78/79]	Step 15488	Loss 1.6156	Prec@(1,5) (57.0%, 84.3%)
08/08 11:30:57午後 evaluateCell_trainer.py:206 [INFO] Valid: [ 21/99] Final Prec@1 57.0000%
08/08 11:30:57午後 evaluateCell_main.py:75 [INFO] Until now, best Prec@1 = 57.0000%
08/08 11:31:25午後 evaluateCell_trainer.py:199 [INFO] Valid: Epoch: [22][50/79]	Step 16192	Loss 1.6009	Prec@(1,5) (56.4%, 85.6%)
08/08 11:31:25午後 evaluateCell_trainer.py:199 [INFO] Valid: Epoch: [22][78/79]	Step 16192	Loss 1.5808	Prec@(1,5) (57.2%, 85.5%)
08/08 11:31:25午後 evaluateCell_trainer.py:206 [INFO] Valid: [ 22/99] Final Prec@1 57.2200%
08/08 11:31:25午後 evaluateCell_main.py:75 [INFO] Until now, best Prec@1 = 57.2200%
08/08 11:31:54午後 evaluateCell_trainer.py:199 [INFO] Valid: Epoch: [23][50/79]	Step 16896	Loss 1.6435	Prec@(1,5) (56.4%, 85.3%)
08/08 11:31:54午後 evaluateCell_trainer.py:199 [INFO] Valid: Epoch: [23][78/79]	Step 16896	Loss 1.6232	Prec@(1,5) (56.8%, 85.3%)
08/08 11:31:54午後 evaluateCell_trainer.py:206 [INFO] Valid: [ 23/99] Final Prec@1 56.7800%
08/08 11:31:54午後 evaluateCell_main.py:75 [INFO] Until now, best Prec@1 = 57.2200%
08/08 11:32:22午後 evaluateCell_trainer.py:199 [INFO] Valid: Epoch: [24][50/79]	Step 17600	Loss 1.6442	Prec@(1,5) (55.3%, 84.4%)
08/08 11:32:22午後 evaluateCell_trainer.py:199 [INFO] Valid: Epoch: [24][78/79]	Step 17600	Loss 1.6592	Prec@(1,5) (55.3%, 84.0%)
08/08 11:32:22午後 evaluateCell_trainer.py:206 [INFO] Valid: [ 24/99] Final Prec@1 55.3000%
08/08 11:32:22午後 evaluateCell_main.py:75 [INFO] Until now, best Prec@1 = 57.2200%
08/08 11:32:51午後 evaluateCell_trainer.py:199 [INFO] Valid: Epoch: [25][50/79]	Step 18304	Loss 1.5751	Prec@(1,5) (57.8%, 85.8%)
08/08 11:32:51午後 evaluateCell_trainer.py:199 [INFO] Valid: Epoch: [25][78/79]	Step 18304	Loss 1.5920	Prec@(1,5) (57.6%, 85.4%)
08/08 11:32:51午後 evaluateCell_trainer.py:206 [INFO] Valid: [ 25/99] Final Prec@1 57.5800%
08/08 11:32:51午後 evaluateCell_main.py:75 [INFO] Until now, best Prec@1 = 57.5800%
08/08 11:33:19午後 evaluateCell_trainer.py:199 [INFO] Valid: Epoch: [26][50/79]	Step 19008	Loss 1.6642	Prec@(1,5) (55.5%, 83.8%)
08/08 11:33:20午後 evaluateCell_trainer.py:199 [INFO] Valid: Epoch: [26][78/79]	Step 19008	Loss 1.6491	Prec@(1,5) (56.0%, 84.3%)
08/08 11:33:20午後 evaluateCell_trainer.py:206 [INFO] Valid: [ 26/99] Final Prec@1 56.0000%
08/08 11:33:20午後 evaluateCell_main.py:75 [INFO] Until now, best Prec@1 = 57.5800%
08/08 11:33:48午後 evaluateCell_trainer.py:199 [INFO] Valid: Epoch: [27][50/79]	Step 19712	Loss 1.6647	Prec@(1,5) (56.7%, 83.6%)
08/08 11:33:48午後 evaluateCell_trainer.py:199 [INFO] Valid: Epoch: [27][78/79]	Step 19712	Loss 1.6594	Prec@(1,5) (56.8%, 84.0%)
08/08 11:33:48午後 evaluateCell_trainer.py:206 [INFO] Valid: [ 27/99] Final Prec@1 56.8200%
08/08 11:33:48午後 evaluateCell_main.py:75 [INFO] Until now, best Prec@1 = 57.5800%
08/08 11:34:16午後 evaluateCell_trainer.py:199 [INFO] Valid: Epoch: [28][50/79]	Step 20416	Loss 1.6086	Prec@(1,5) (56.9%, 85.6%)
08/08 11:34:17午後 evaluateCell_trainer.py:199 [INFO] Valid: Epoch: [28][78/79]	Step 20416	Loss 1.5954	Prec@(1,5) (57.3%, 85.7%)
08/08 11:34:17午後 evaluateCell_trainer.py:206 [INFO] Valid: [ 28/99] Final Prec@1 57.3600%
08/08 11:34:17午後 evaluateCell_main.py:75 [INFO] Until now, best Prec@1 = 57.5800%
08/08 11:34:45午後 evaluateCell_trainer.py:199 [INFO] Valid: Epoch: [29][50/79]	Step 21120	Loss 1.6161	Prec@(1,5) (56.7%, 85.5%)
08/08 11:34:45午後 evaluateCell_trainer.py:199 [INFO] Valid: Epoch: [29][78/79]	Step 21120	Loss 1.6271	Prec@(1,5) (56.5%, 85.2%)
08/08 11:34:45午後 evaluateCell_trainer.py:206 [INFO] Valid: [ 29/99] Final Prec@1 56.4800%
08/08 11:34:45午後 evaluateCell_main.py:75 [INFO] Until now, best Prec@1 = 57.5800%
08/08 11:35:13午後 evaluateCell_trainer.py:199 [INFO] Valid: Epoch: [30][50/79]	Step 21824	Loss 1.5943	Prec@(1,5) (57.2%, 85.3%)
08/08 11:35:14午後 evaluateCell_trainer.py:199 [INFO] Valid: Epoch: [30][78/79]	Step 21824	Loss 1.6109	Prec@(1,5) (56.6%, 85.3%)
08/08 11:35:14午後 evaluateCell_trainer.py:206 [INFO] Valid: [ 30/99] Final Prec@1 56.5800%
08/08 11:35:14午後 evaluateCell_main.py:75 [INFO] Until now, best Prec@1 = 57.5800%
08/08 11:35:42午後 evaluateCell_trainer.py:199 [INFO] Valid: Epoch: [31][50/79]	Step 22528	Loss 1.6740	Prec@(1,5) (57.2%, 84.2%)
08/08 11:35:42午後 evaluateCell_trainer.py:199 [INFO] Valid: Epoch: [31][78/79]	Step 22528	Loss 1.6613	Prec@(1,5) (57.0%, 84.4%)
08/08 11:35:42午後 evaluateCell_trainer.py:206 [INFO] Valid: [ 31/99] Final Prec@1 57.0200%
08/08 11:35:42午後 evaluateCell_main.py:75 [INFO] Until now, best Prec@1 = 57.5800%
08/08 11:36:10午後 evaluateCell_trainer.py:199 [INFO] Valid: Epoch: [32][50/79]	Step 23232	Loss 1.5218	Prec@(1,5) (59.6%, 86.5%)
08/08 11:36:11午後 evaluateCell_trainer.py:199 [INFO] Valid: Epoch: [32][78/79]	Step 23232	Loss 1.5444	Prec@(1,5) (59.1%, 85.8%)
08/08 11:36:11午後 evaluateCell_trainer.py:206 [INFO] Valid: [ 32/99] Final Prec@1 59.0600%
08/08 11:36:11午後 evaluateCell_main.py:75 [INFO] Until now, best Prec@1 = 59.0600%
08/08 11:36:39午後 evaluateCell_trainer.py:199 [INFO] Valid: Epoch: [33][50/79]	Step 23936	Loss 1.5375	Prec@(1,5) (59.8%, 86.0%)
08/08 11:36:39午後 evaluateCell_trainer.py:199 [INFO] Valid: Epoch: [33][78/79]	Step 23936	Loss 1.5299	Prec@(1,5) (59.5%, 86.5%)
08/08 11:36:39午後 evaluateCell_trainer.py:206 [INFO] Valid: [ 33/99] Final Prec@1 59.4600%
08/08 11:36:39午後 evaluateCell_main.py:75 [INFO] Until now, best Prec@1 = 59.4600%
08/08 11:37:08午後 evaluateCell_trainer.py:199 [INFO] Valid: Epoch: [34][50/79]	Step 24640	Loss 1.5488	Prec@(1,5) (59.4%, 86.3%)
08/08 11:37:08午後 evaluateCell_trainer.py:199 [INFO] Valid: Epoch: [34][78/79]	Step 24640	Loss 1.5121	Prec@(1,5) (59.7%, 86.5%)
08/08 11:37:08午後 evaluateCell_trainer.py:206 [INFO] Valid: [ 34/99] Final Prec@1 59.7400%
08/08 11:37:08午後 evaluateCell_main.py:75 [INFO] Until now, best Prec@1 = 59.7400%
08/08 11:37:36午後 evaluateCell_trainer.py:199 [INFO] Valid: Epoch: [35][50/79]	Step 25344	Loss 1.5132	Prec@(1,5) (60.6%, 86.5%)
08/08 11:37:37午後 evaluateCell_trainer.py:199 [INFO] Valid: Epoch: [35][78/79]	Step 25344	Loss 1.4851	Prec@(1,5) (60.7%, 86.8%)
08/08 11:37:37午後 evaluateCell_trainer.py:206 [INFO] Valid: [ 35/99] Final Prec@1 60.7600%
08/08 11:37:37午後 evaluateCell_main.py:75 [INFO] Until now, best Prec@1 = 60.7600%
08/08 11:38:05午後 evaluateCell_trainer.py:199 [INFO] Valid: Epoch: [36][50/79]	Step 26048	Loss 1.4716	Prec@(1,5) (61.8%, 87.5%)
08/08 11:38:05午後 evaluateCell_trainer.py:199 [INFO] Valid: Epoch: [36][78/79]	Step 26048	Loss 1.4733	Prec@(1,5) (61.4%, 87.5%)
08/08 11:38:05午後 evaluateCell_trainer.py:206 [INFO] Valid: [ 36/99] Final Prec@1 61.4600%
08/08 11:38:05午後 evaluateCell_main.py:75 [INFO] Until now, best Prec@1 = 61.4600%
08/08 11:38:34午後 evaluateCell_trainer.py:199 [INFO] Valid: Epoch: [37][50/79]	Step 26752	Loss 1.4710	Prec@(1,5) (61.1%, 87.7%)
08/08 11:38:34午後 evaluateCell_trainer.py:199 [INFO] Valid: Epoch: [37][78/79]	Step 26752	Loss 1.4883	Prec@(1,5) (60.4%, 87.4%)
08/08 11:38:34午後 evaluateCell_trainer.py:206 [INFO] Valid: [ 37/99] Final Prec@1 60.4000%
08/08 11:38:34午後 evaluateCell_main.py:75 [INFO] Until now, best Prec@1 = 61.4600%
08/08 11:39:02午後 evaluateCell_trainer.py:199 [INFO] Valid: Epoch: [38][50/79]	Step 27456	Loss 1.4809	Prec@(1,5) (60.9%, 87.5%)
08/08 11:39:03午後 evaluateCell_trainer.py:199 [INFO] Valid: Epoch: [38][78/79]	Step 27456	Loss 1.4837	Prec@(1,5) (60.6%, 87.7%)
08/08 11:39:03午後 evaluateCell_trainer.py:206 [INFO] Valid: [ 38/99] Final Prec@1 60.6800%
08/08 11:39:03午後 evaluateCell_main.py:75 [INFO] Until now, best Prec@1 = 61.4600%
08/08 11:39:31午後 evaluateCell_trainer.py:199 [INFO] Valid: Epoch: [39][50/79]	Step 28160	Loss 1.4577	Prec@(1,5) (62.0%, 87.0%)
08/08 11:39:31午後 evaluateCell_trainer.py:199 [INFO] Valid: Epoch: [39][78/79]	Step 28160	Loss 1.4382	Prec@(1,5) (62.2%, 87.7%)
08/08 11:39:31午後 evaluateCell_trainer.py:206 [INFO] Valid: [ 39/99] Final Prec@1 62.1600%
08/08 11:39:31午後 evaluateCell_main.py:75 [INFO] Until now, best Prec@1 = 62.1600%
08/08 11:39:59午後 evaluateCell_trainer.py:199 [INFO] Valid: Epoch: [40][50/79]	Step 28864	Loss 1.5132	Prec@(1,5) (61.2%, 87.5%)
08/08 11:39:59午後 evaluateCell_trainer.py:199 [INFO] Valid: Epoch: [40][78/79]	Step 28864	Loss 1.5016	Prec@(1,5) (62.0%, 87.6%)
08/08 11:40:00午後 evaluateCell_trainer.py:206 [INFO] Valid: [ 40/99] Final Prec@1 61.9800%
08/08 11:40:00午後 evaluateCell_main.py:75 [INFO] Until now, best Prec@1 = 62.1600%
08/08 11:40:28午後 evaluateCell_trainer.py:199 [INFO] Valid: Epoch: [41][50/79]	Step 29568	Loss 1.5516	Prec@(1,5) (59.6%, 86.9%)
08/08 11:40:28午後 evaluateCell_trainer.py:199 [INFO] Valid: Epoch: [41][78/79]	Step 29568	Loss 1.5427	Prec@(1,5) (59.9%, 87.1%)
08/08 11:40:28午後 evaluateCell_trainer.py:206 [INFO] Valid: [ 41/99] Final Prec@1 59.9400%
08/08 11:40:28午後 evaluateCell_main.py:75 [INFO] Until now, best Prec@1 = 62.1600%
08/08 11:40:56午後 evaluateCell_trainer.py:199 [INFO] Valid: Epoch: [42][50/79]	Step 30272	Loss 1.5270	Prec@(1,5) (59.9%, 86.8%)
08/08 11:40:56午後 evaluateCell_trainer.py:199 [INFO] Valid: Epoch: [42][78/79]	Step 30272	Loss 1.5313	Prec@(1,5) (60.1%, 87.0%)
08/08 11:40:56午後 evaluateCell_trainer.py:206 [INFO] Valid: [ 42/99] Final Prec@1 60.0600%
08/08 11:40:56午後 evaluateCell_main.py:75 [INFO] Until now, best Prec@1 = 62.1600%
08/08 11:41:24午後 evaluateCell_trainer.py:199 [INFO] Valid: Epoch: [43][50/79]	Step 30976	Loss 1.5356	Prec@(1,5) (59.9%, 86.7%)
08/08 11:41:25午後 evaluateCell_trainer.py:199 [INFO] Valid: Epoch: [43][78/79]	Step 30976	Loss 1.5144	Prec@(1,5) (60.3%, 87.2%)
08/08 11:41:25午後 evaluateCell_trainer.py:206 [INFO] Valid: [ 43/99] Final Prec@1 60.3000%
08/08 11:41:25午後 evaluateCell_main.py:75 [INFO] Until now, best Prec@1 = 62.1600%
08/08 11:41:53午後 evaluateCell_trainer.py:199 [INFO] Valid: Epoch: [44][50/79]	Step 31680	Loss 1.4562	Prec@(1,5) (61.7%, 88.6%)
08/08 11:41:53午後 evaluateCell_trainer.py:199 [INFO] Valid: Epoch: [44][78/79]	Step 31680	Loss 1.4622	Prec@(1,5) (61.5%, 88.4%)
08/08 11:41:53午後 evaluateCell_trainer.py:206 [INFO] Valid: [ 44/99] Final Prec@1 61.5400%
08/08 11:41:53午後 evaluateCell_main.py:75 [INFO] Until now, best Prec@1 = 62.1600%
08/08 11:42:22午後 evaluateCell_trainer.py:199 [INFO] Valid: Epoch: [45][50/79]	Step 32384	Loss 1.4536	Prec@(1,5) (61.6%, 88.1%)
08/08 11:42:23午後 evaluateCell_trainer.py:199 [INFO] Valid: Epoch: [45][78/79]	Step 32384	Loss 1.4708	Prec@(1,5) (61.6%, 88.1%)
08/08 11:42:23午後 evaluateCell_trainer.py:206 [INFO] Valid: [ 45/99] Final Prec@1 61.5400%
08/08 11:42:23午後 evaluateCell_main.py:75 [INFO] Until now, best Prec@1 = 62.1600%
08/08 11:42:51午後 evaluateCell_trainer.py:199 [INFO] Valid: Epoch: [46][50/79]	Step 33088	Loss 1.4825	Prec@(1,5) (61.2%, 87.7%)
08/08 11:42:51午後 evaluateCell_trainer.py:199 [INFO] Valid: Epoch: [46][78/79]	Step 33088	Loss 1.4898	Prec@(1,5) (61.5%, 87.6%)
08/08 11:42:51午後 evaluateCell_trainer.py:206 [INFO] Valid: [ 46/99] Final Prec@1 61.4800%
08/08 11:42:51午後 evaluateCell_main.py:75 [INFO] Until now, best Prec@1 = 62.1600%
08/08 11:43:20午後 evaluateCell_trainer.py:199 [INFO] Valid: Epoch: [47][50/79]	Step 33792	Loss 1.4065	Prec@(1,5) (63.4%, 88.6%)
08/08 11:43:21午後 evaluateCell_trainer.py:199 [INFO] Valid: Epoch: [47][78/79]	Step 33792	Loss 1.4467	Prec@(1,5) (62.6%, 88.4%)
08/08 11:43:21午後 evaluateCell_trainer.py:206 [INFO] Valid: [ 47/99] Final Prec@1 62.5800%
08/08 11:43:21午後 evaluateCell_main.py:75 [INFO] Until now, best Prec@1 = 62.5800%
08/08 11:43:50午後 evaluateCell_trainer.py:199 [INFO] Valid: Epoch: [48][50/79]	Step 34496	Loss 1.4559	Prec@(1,5) (62.9%, 88.4%)
08/08 11:43:50午後 evaluateCell_trainer.py:199 [INFO] Valid: Epoch: [48][78/79]	Step 34496	Loss 1.4229	Prec@(1,5) (63.3%, 88.8%)
08/08 11:43:50午後 evaluateCell_trainer.py:206 [INFO] Valid: [ 48/99] Final Prec@1 63.3400%
08/08 11:43:50午後 evaluateCell_main.py:75 [INFO] Until now, best Prec@1 = 63.3400%
08/08 11:44:19午後 evaluateCell_trainer.py:199 [INFO] Valid: Epoch: [49][50/79]	Step 35200	Loss 1.4132	Prec@(1,5) (63.7%, 89.5%)
08/08 11:44:19午後 evaluateCell_trainer.py:199 [INFO] Valid: Epoch: [49][78/79]	Step 35200	Loss 1.4405	Prec@(1,5) (63.5%, 89.0%)
08/08 11:44:19午後 evaluateCell_trainer.py:206 [INFO] Valid: [ 49/99] Final Prec@1 63.5000%
08/08 11:44:19午後 evaluateCell_main.py:75 [INFO] Until now, best Prec@1 = 63.5000%
08/08 11:44:48午後 evaluateCell_trainer.py:199 [INFO] Valid: Epoch: [50][50/79]	Step 35904	Loss 1.3657	Prec@(1,5) (64.6%, 89.0%)
08/08 11:44:49午後 evaluateCell_trainer.py:199 [INFO] Valid: Epoch: [50][78/79]	Step 35904	Loss 1.3868	Prec@(1,5) (64.2%, 88.3%)
08/08 11:44:49午後 evaluateCell_trainer.py:206 [INFO] Valid: [ 50/99] Final Prec@1 64.2000%
08/08 11:44:49午後 evaluateCell_main.py:75 [INFO] Until now, best Prec@1 = 64.2000%
08/08 11:45:18午後 evaluateCell_trainer.py:199 [INFO] Valid: Epoch: [51][50/79]	Step 36608	Loss 1.4126	Prec@(1,5) (63.7%, 88.9%)
08/08 11:45:18午後 evaluateCell_trainer.py:199 [INFO] Valid: Epoch: [51][78/79]	Step 36608	Loss 1.4256	Prec@(1,5) (63.4%, 89.1%)
08/08 11:45:18午後 evaluateCell_trainer.py:206 [INFO] Valid: [ 51/99] Final Prec@1 63.4200%
08/08 11:45:18午後 evaluateCell_main.py:75 [INFO] Until now, best Prec@1 = 64.2000%
08/08 11:45:47午後 evaluateCell_trainer.py:199 [INFO] Valid: Epoch: [52][50/79]	Step 37312	Loss 1.4533	Prec@(1,5) (63.7%, 87.9%)
08/08 11:45:47午後 evaluateCell_trainer.py:199 [INFO] Valid: Epoch: [52][78/79]	Step 37312	Loss 1.4695	Prec@(1,5) (62.6%, 87.9%)
08/08 11:45:47午後 evaluateCell_trainer.py:206 [INFO] Valid: [ 52/99] Final Prec@1 62.5600%
08/08 11:45:47午後 evaluateCell_main.py:75 [INFO] Until now, best Prec@1 = 64.2000%
08/08 11:46:15午後 evaluateCell_trainer.py:199 [INFO] Valid: Epoch: [53][50/79]	Step 38016	Loss 1.4769	Prec@(1,5) (63.7%, 88.3%)
08/08 11:46:16午後 evaluateCell_trainer.py:199 [INFO] Valid: Epoch: [53][78/79]	Step 38016	Loss 1.4673	Prec@(1,5) (63.7%, 88.3%)
08/08 11:46:16午後 evaluateCell_trainer.py:206 [INFO] Valid: [ 53/99] Final Prec@1 63.6600%
08/08 11:46:16午後 evaluateCell_main.py:75 [INFO] Until now, best Prec@1 = 64.2000%
08/08 11:46:45午後 evaluateCell_trainer.py:199 [INFO] Valid: Epoch: [54][50/79]	Step 38720	Loss 1.4852	Prec@(1,5) (63.8%, 88.0%)
08/08 11:46:45午後 evaluateCell_trainer.py:199 [INFO] Valid: Epoch: [54][78/79]	Step 38720	Loss 1.5200	Prec@(1,5) (63.2%, 87.9%)
08/08 11:46:45午後 evaluateCell_trainer.py:206 [INFO] Valid: [ 54/99] Final Prec@1 63.1600%
08/08 11:46:45午後 evaluateCell_main.py:75 [INFO] Until now, best Prec@1 = 64.2000%
08/08 11:47:13午後 evaluateCell_trainer.py:199 [INFO] Valid: Epoch: [55][50/79]	Step 39424	Loss 1.4048	Prec@(1,5) (64.3%, 88.8%)
08/08 11:47:14午後 evaluateCell_trainer.py:199 [INFO] Valid: Epoch: [55][78/79]	Step 39424	Loss 1.4180	Prec@(1,5) (64.3%, 88.8%)
08/08 11:47:14午後 evaluateCell_trainer.py:206 [INFO] Valid: [ 55/99] Final Prec@1 64.3600%
08/08 11:47:14午後 evaluateCell_main.py:75 [INFO] Until now, best Prec@1 = 64.3600%
08/08 11:47:43午後 evaluateCell_trainer.py:199 [INFO] Valid: Epoch: [56][50/79]	Step 40128	Loss 1.3961	Prec@(1,5) (64.6%, 89.2%)
08/08 11:47:43午後 evaluateCell_trainer.py:199 [INFO] Valid: Epoch: [56][78/79]	Step 40128	Loss 1.4054	Prec@(1,5) (65.0%, 88.6%)
08/08 11:47:43午後 evaluateCell_trainer.py:206 [INFO] Valid: [ 56/99] Final Prec@1 64.9800%
08/08 11:47:43午後 evaluateCell_main.py:75 [INFO] Until now, best Prec@1 = 64.9800%
08/08 11:48:12午後 evaluateCell_trainer.py:199 [INFO] Valid: Epoch: [57][50/79]	Step 40832	Loss 1.4442	Prec@(1,5) (64.7%, 88.8%)
08/08 11:48:13午後 evaluateCell_trainer.py:199 [INFO] Valid: Epoch: [57][78/79]	Step 40832	Loss 1.4429	Prec@(1,5) (64.6%, 88.7%)
08/08 11:48:13午後 evaluateCell_trainer.py:206 [INFO] Valid: [ 57/99] Final Prec@1 64.6200%
08/08 11:48:13午後 evaluateCell_main.py:75 [INFO] Until now, best Prec@1 = 64.9800%
08/08 11:48:42午後 evaluateCell_trainer.py:199 [INFO] Valid: Epoch: [58][50/79]	Step 41536	Loss 1.4679	Prec@(1,5) (64.1%, 88.2%)
08/08 11:48:42午後 evaluateCell_trainer.py:199 [INFO] Valid: Epoch: [58][78/79]	Step 41536	Loss 1.4566	Prec@(1,5) (64.4%, 88.7%)
08/08 11:48:42午後 evaluateCell_trainer.py:206 [INFO] Valid: [ 58/99] Final Prec@1 64.4200%
08/08 11:48:42午後 evaluateCell_main.py:75 [INFO] Until now, best Prec@1 = 64.9800%
08/08 11:49:11午後 evaluateCell_trainer.py:199 [INFO] Valid: Epoch: [59][50/79]	Step 42240	Loss 1.3742	Prec@(1,5) (66.7%, 89.9%)
08/08 11:49:12午後 evaluateCell_trainer.py:199 [INFO] Valid: Epoch: [59][78/79]	Step 42240	Loss 1.3790	Prec@(1,5) (66.0%, 89.9%)
08/08 11:49:12午後 evaluateCell_trainer.py:206 [INFO] Valid: [ 59/99] Final Prec@1 66.0000%
08/08 11:49:12午後 evaluateCell_main.py:75 [INFO] Until now, best Prec@1 = 66.0000%
08/08 11:49:40午後 evaluateCell_trainer.py:199 [INFO] Valid: Epoch: [60][50/79]	Step 42944	Loss 1.3565	Prec@(1,5) (65.9%, 90.4%)
08/08 11:49:40午後 evaluateCell_trainer.py:199 [INFO] Valid: Epoch: [60][78/79]	Step 42944	Loss 1.3576	Prec@(1,5) (66.2%, 90.5%)
08/08 11:49:40午後 evaluateCell_trainer.py:206 [INFO] Valid: [ 60/99] Final Prec@1 66.2400%
08/08 11:49:40午後 evaluateCell_main.py:75 [INFO] Until now, best Prec@1 = 66.2400%
08/08 11:50:08午後 evaluateCell_trainer.py:199 [INFO] Valid: Epoch: [61][50/79]	Step 43648	Loss 1.3898	Prec@(1,5) (66.1%, 90.0%)
08/08 11:50:09午後 evaluateCell_trainer.py:199 [INFO] Valid: Epoch: [61][78/79]	Step 43648	Loss 1.4005	Prec@(1,5) (65.6%, 89.9%)
08/08 11:50:09午後 evaluateCell_trainer.py:206 [INFO] Valid: [ 61/99] Final Prec@1 65.5800%
08/08 11:50:09午後 evaluateCell_main.py:75 [INFO] Until now, best Prec@1 = 66.2400%
08/08 11:50:38午後 evaluateCell_trainer.py:199 [INFO] Valid: Epoch: [62][50/79]	Step 44352	Loss 1.3863	Prec@(1,5) (66.1%, 90.1%)
08/08 11:50:38午後 evaluateCell_trainer.py:199 [INFO] Valid: Epoch: [62][78/79]	Step 44352	Loss 1.3940	Prec@(1,5) (65.2%, 90.1%)
08/08 11:50:38午後 evaluateCell_trainer.py:206 [INFO] Valid: [ 62/99] Final Prec@1 65.1400%
08/08 11:50:38午後 evaluateCell_main.py:75 [INFO] Until now, best Prec@1 = 66.2400%
08/08 11:51:06午後 evaluateCell_trainer.py:199 [INFO] Valid: Epoch: [63][50/79]	Step 45056	Loss 1.4354	Prec@(1,5) (66.2%, 89.7%)
08/08 11:51:07午後 evaluateCell_trainer.py:199 [INFO] Valid: Epoch: [63][78/79]	Step 45056	Loss 1.3939	Prec@(1,5) (66.8%, 90.0%)
08/08 11:51:07午後 evaluateCell_trainer.py:206 [INFO] Valid: [ 63/99] Final Prec@1 66.7800%
08/08 11:51:07午後 evaluateCell_main.py:75 [INFO] Until now, best Prec@1 = 66.7800%
08/08 11:51:35午後 evaluateCell_trainer.py:199 [INFO] Valid: Epoch: [64][50/79]	Step 45760	Loss 1.3316	Prec@(1,5) (68.1%, 90.4%)
08/08 11:51:35午後 evaluateCell_trainer.py:199 [INFO] Valid: Epoch: [64][78/79]	Step 45760	Loss 1.3739	Prec@(1,5) (66.8%, 90.2%)
08/08 11:51:35午後 evaluateCell_trainer.py:206 [INFO] Valid: [ 64/99] Final Prec@1 66.8000%
08/08 11:51:35午後 evaluateCell_main.py:75 [INFO] Until now, best Prec@1 = 66.8000%
08/08 11:52:04午後 evaluateCell_trainer.py:199 [INFO] Valid: Epoch: [65][50/79]	Step 46464	Loss 1.4193	Prec@(1,5) (66.9%, 89.0%)
08/08 11:52:04午後 evaluateCell_trainer.py:199 [INFO] Valid: Epoch: [65][78/79]	Step 46464	Loss 1.4342	Prec@(1,5) (66.8%, 89.2%)
08/08 11:52:04午後 evaluateCell_trainer.py:206 [INFO] Valid: [ 65/99] Final Prec@1 66.7600%
08/08 11:52:04午後 evaluateCell_main.py:75 [INFO] Until now, best Prec@1 = 66.8000%
08/08 11:52:34午後 evaluateCell_trainer.py:199 [INFO] Valid: Epoch: [66][50/79]	Step 47168	Loss 1.3888	Prec@(1,5) (66.9%, 90.1%)
08/08 11:52:34午後 evaluateCell_trainer.py:199 [INFO] Valid: Epoch: [66][78/79]	Step 47168	Loss 1.3982	Prec@(1,5) (66.8%, 89.7%)
08/08 11:52:34午後 evaluateCell_trainer.py:206 [INFO] Valid: [ 66/99] Final Prec@1 66.8400%
08/08 11:52:34午後 evaluateCell_main.py:75 [INFO] Until now, best Prec@1 = 66.8400%
08/08 11:53:02午後 evaluateCell_trainer.py:199 [INFO] Valid: Epoch: [67][50/79]	Step 47872	Loss 1.4297	Prec@(1,5) (66.3%, 89.2%)
08/08 11:53:03午後 evaluateCell_trainer.py:199 [INFO] Valid: Epoch: [67][78/79]	Step 47872	Loss 1.4078	Prec@(1,5) (66.6%, 89.8%)
08/08 11:53:03午後 evaluateCell_trainer.py:206 [INFO] Valid: [ 67/99] Final Prec@1 66.6000%
08/08 11:53:03午後 evaluateCell_main.py:75 [INFO] Until now, best Prec@1 = 66.8400%
08/08 11:53:32午後 evaluateCell_trainer.py:199 [INFO] Valid: Epoch: [68][50/79]	Step 48576	Loss 1.3804	Prec@(1,5) (66.3%, 90.6%)
08/08 11:53:32午後 evaluateCell_trainer.py:199 [INFO] Valid: Epoch: [68][78/79]	Step 48576	Loss 1.4052	Prec@(1,5) (66.3%, 90.0%)
08/08 11:53:32午後 evaluateCell_trainer.py:206 [INFO] Valid: [ 68/99] Final Prec@1 66.2400%
08/08 11:53:32午後 evaluateCell_main.py:75 [INFO] Until now, best Prec@1 = 66.8400%
08/08 11:54:00午後 evaluateCell_trainer.py:199 [INFO] Valid: Epoch: [69][50/79]	Step 49280	Loss 1.3673	Prec@(1,5) (66.7%, 91.0%)
08/08 11:54:01午後 evaluateCell_trainer.py:199 [INFO] Valid: Epoch: [69][78/79]	Step 49280	Loss 1.3801	Prec@(1,5) (66.8%, 90.8%)
08/08 11:54:01午後 evaluateCell_trainer.py:206 [INFO] Valid: [ 69/99] Final Prec@1 66.8000%
08/08 11:54:01午後 evaluateCell_main.py:75 [INFO] Until now, best Prec@1 = 66.8400%
08/08 11:54:29午後 evaluateCell_trainer.py:199 [INFO] Valid: Epoch: [70][50/79]	Step 49984	Loss 1.3721	Prec@(1,5) (68.2%, 90.8%)
08/08 11:54:29午後 evaluateCell_trainer.py:199 [INFO] Valid: Epoch: [70][78/79]	Step 49984	Loss 1.3647	Prec@(1,5) (68.3%, 90.7%)
08/08 11:54:29午後 evaluateCell_trainer.py:206 [INFO] Valid: [ 70/99] Final Prec@1 68.3200%
08/08 11:54:30午後 evaluateCell_main.py:75 [INFO] Until now, best Prec@1 = 68.3200%
08/08 11:54:59午後 evaluateCell_trainer.py:199 [INFO] Valid: Epoch: [71][50/79]	Step 50688	Loss 1.2895	Prec@(1,5) (68.7%, 91.3%)
08/08 11:54:59午後 evaluateCell_trainer.py:199 [INFO] Valid: Epoch: [71][78/79]	Step 50688	Loss 1.3130	Prec@(1,5) (68.7%, 91.0%)
08/08 11:54:59午後 evaluateCell_trainer.py:206 [INFO] Valid: [ 71/99] Final Prec@1 68.7800%
08/08 11:54:59午後 evaluateCell_main.py:75 [INFO] Until now, best Prec@1 = 68.7800%
08/08 11:55:29午後 evaluateCell_trainer.py:199 [INFO] Valid: Epoch: [72][50/79]	Step 51392	Loss 1.3368	Prec@(1,5) (69.1%, 90.9%)
08/08 11:55:29午後 evaluateCell_trainer.py:199 [INFO] Valid: Epoch: [72][78/79]	Step 51392	Loss 1.3731	Prec@(1,5) (67.8%, 90.9%)
08/08 11:55:29午後 evaluateCell_trainer.py:206 [INFO] Valid: [ 72/99] Final Prec@1 67.7600%
08/08 11:55:29午後 evaluateCell_main.py:75 [INFO] Until now, best Prec@1 = 68.7800%
08/08 11:55:58午後 evaluateCell_trainer.py:199 [INFO] Valid: Epoch: [73][50/79]	Step 52096	Loss 1.3776	Prec@(1,5) (69.0%, 90.7%)
08/08 11:55:58午後 evaluateCell_trainer.py:199 [INFO] Valid: Epoch: [73][78/79]	Step 52096	Loss 1.3650	Prec@(1,5) (69.1%, 90.9%)
08/08 11:55:58午後 evaluateCell_trainer.py:206 [INFO] Valid: [ 73/99] Final Prec@1 69.0400%
08/08 11:55:58午後 evaluateCell_main.py:75 [INFO] Until now, best Prec@1 = 69.0400%
08/08 11:56:27午後 evaluateCell_trainer.py:199 [INFO] Valid: Epoch: [74][50/79]	Step 52800	Loss 1.4025	Prec@(1,5) (67.5%, 90.2%)
08/08 11:56:27午後 evaluateCell_trainer.py:199 [INFO] Valid: Epoch: [74][78/79]	Step 52800	Loss 1.3582	Prec@(1,5) (68.1%, 90.5%)
08/08 11:56:27午後 evaluateCell_trainer.py:206 [INFO] Valid: [ 74/99] Final Prec@1 68.0600%
08/08 11:56:27午後 evaluateCell_main.py:75 [INFO] Until now, best Prec@1 = 69.0400%
08/08 11:56:55午後 evaluateCell_trainer.py:199 [INFO] Valid: Epoch: [75][50/79]	Step 53504	Loss 1.3026	Prec@(1,5) (68.9%, 91.2%)
08/08 11:56:55午後 evaluateCell_trainer.py:199 [INFO] Valid: Epoch: [75][78/79]	Step 53504	Loss 1.3021	Prec@(1,5) (68.7%, 91.1%)
08/08 11:56:55午後 evaluateCell_trainer.py:206 [INFO] Valid: [ 75/99] Final Prec@1 68.6400%
08/08 11:56:55午後 evaluateCell_main.py:75 [INFO] Until now, best Prec@1 = 69.0400%
08/08 11:57:24午後 evaluateCell_trainer.py:199 [INFO] Valid: Epoch: [76][50/79]	Step 54208	Loss 1.3562	Prec@(1,5) (69.0%, 91.0%)
08/08 11:57:24午後 evaluateCell_trainer.py:199 [INFO] Valid: Epoch: [76][78/79]	Step 54208	Loss 1.3421	Prec@(1,5) (68.4%, 91.2%)
08/08 11:57:24午後 evaluateCell_trainer.py:206 [INFO] Valid: [ 76/99] Final Prec@1 68.4400%
08/08 11:57:24午後 evaluateCell_main.py:75 [INFO] Until now, best Prec@1 = 69.0400%
08/08 11:57:53午後 evaluateCell_trainer.py:199 [INFO] Valid: Epoch: [77][50/79]	Step 54912	Loss 1.3456	Prec@(1,5) (69.2%, 91.0%)
08/08 11:57:53午後 evaluateCell_trainer.py:199 [INFO] Valid: Epoch: [77][78/79]	Step 54912	Loss 1.3710	Prec@(1,5) (68.6%, 90.7%)
08/08 11:57:53午後 evaluateCell_trainer.py:206 [INFO] Valid: [ 77/99] Final Prec@1 68.6400%
08/08 11:57:53午後 evaluateCell_main.py:75 [INFO] Until now, best Prec@1 = 69.0400%
08/08 11:58:22午後 evaluateCell_trainer.py:199 [INFO] Valid: Epoch: [78][50/79]	Step 55616	Loss 1.4131	Prec@(1,5) (67.8%, 90.3%)
08/08 11:58:22午後 evaluateCell_trainer.py:199 [INFO] Valid: Epoch: [78][78/79]	Step 55616	Loss 1.3769	Prec@(1,5) (68.7%, 90.9%)
08/08 11:58:22午後 evaluateCell_trainer.py:206 [INFO] Valid: [ 78/99] Final Prec@1 68.7200%
08/08 11:58:22午後 evaluateCell_main.py:75 [INFO] Until now, best Prec@1 = 69.0400%
08/08 11:58:50午後 evaluateCell_trainer.py:199 [INFO] Valid: Epoch: [79][50/79]	Step 56320	Loss 1.3547	Prec@(1,5) (68.8%, 91.2%)
08/08 11:58:50午後 evaluateCell_trainer.py:199 [INFO] Valid: Epoch: [79][78/79]	Step 56320	Loss 1.3638	Prec@(1,5) (68.6%, 91.3%)
08/08 11:58:50午後 evaluateCell_trainer.py:206 [INFO] Valid: [ 79/99] Final Prec@1 68.6200%
08/08 11:58:50午後 evaluateCell_main.py:75 [INFO] Until now, best Prec@1 = 69.0400%
08/08 11:59:20午後 evaluateCell_trainer.py:199 [INFO] Valid: Epoch: [80][50/79]	Step 57024	Loss 1.3185	Prec@(1,5) (69.8%, 92.0%)
08/08 11:59:20午後 evaluateCell_trainer.py:199 [INFO] Valid: Epoch: [80][78/79]	Step 57024	Loss 1.3436	Prec@(1,5) (68.9%, 91.6%)
08/08 11:59:20午後 evaluateCell_trainer.py:206 [INFO] Valid: [ 80/99] Final Prec@1 68.8600%
08/08 11:59:20午後 evaluateCell_main.py:75 [INFO] Until now, best Prec@1 = 69.0400%
08/08 11:59:48午後 evaluateCell_trainer.py:199 [INFO] Valid: Epoch: [81][50/79]	Step 57728	Loss 1.3480	Prec@(1,5) (68.7%, 91.0%)
08/08 11:59:49午後 evaluateCell_trainer.py:199 [INFO] Valid: Epoch: [81][78/79]	Step 57728	Loss 1.3498	Prec@(1,5) (68.6%, 90.9%)
08/08 11:59:49午後 evaluateCell_trainer.py:206 [INFO] Valid: [ 81/99] Final Prec@1 68.6800%
08/08 11:59:49午後 evaluateCell_main.py:75 [INFO] Until now, best Prec@1 = 69.0400%
08/09 12:00:18午前 evaluateCell_trainer.py:199 [INFO] Valid: Epoch: [82][50/79]	Step 58432	Loss 1.2809	Prec@(1,5) (70.1%, 92.8%)
08/09 12:00:18午前 evaluateCell_trainer.py:199 [INFO] Valid: Epoch: [82][78/79]	Step 58432	Loss 1.3293	Prec@(1,5) (69.6%, 92.1%)
08/09 12:00:18午前 evaluateCell_trainer.py:206 [INFO] Valid: [ 82/99] Final Prec@1 69.6400%
08/09 12:00:18午前 evaluateCell_main.py:75 [INFO] Until now, best Prec@1 = 69.6400%
08/09 12:00:46午前 evaluateCell_trainer.py:199 [INFO] Valid: Epoch: [83][50/79]	Step 59136	Loss 1.3189	Prec@(1,5) (69.2%, 91.9%)
08/09 12:00:47午前 evaluateCell_trainer.py:199 [INFO] Valid: Epoch: [83][78/79]	Step 59136	Loss 1.3318	Prec@(1,5) (69.4%, 91.6%)
08/09 12:00:47午前 evaluateCell_trainer.py:206 [INFO] Valid: [ 83/99] Final Prec@1 69.3400%
08/09 12:00:47午前 evaluateCell_main.py:75 [INFO] Until now, best Prec@1 = 69.6400%
08/09 12:01:15午前 evaluateCell_trainer.py:199 [INFO] Valid: Epoch: [84][50/79]	Step 59840	Loss 1.3128	Prec@(1,5) (69.7%, 92.1%)
08/09 12:01:15午前 evaluateCell_trainer.py:199 [INFO] Valid: Epoch: [84][78/79]	Step 59840	Loss 1.3155	Prec@(1,5) (69.7%, 91.9%)
08/09 12:01:15午前 evaluateCell_trainer.py:206 [INFO] Valid: [ 84/99] Final Prec@1 69.6600%
08/09 12:01:15午前 evaluateCell_main.py:75 [INFO] Until now, best Prec@1 = 69.6600%
08/09 12:01:43午前 evaluateCell_trainer.py:199 [INFO] Valid: Epoch: [85][50/79]	Step 60544	Loss 1.3214	Prec@(1,5) (69.1%, 91.2%)
08/09 12:01:44午前 evaluateCell_trainer.py:199 [INFO] Valid: Epoch: [85][78/79]	Step 60544	Loss 1.3288	Prec@(1,5) (69.6%, 91.2%)
08/09 12:01:44午前 evaluateCell_trainer.py:206 [INFO] Valid: [ 85/99] Final Prec@1 69.6200%
08/09 12:01:44午前 evaluateCell_main.py:75 [INFO] Until now, best Prec@1 = 69.6600%
08/09 12:02:13午前 evaluateCell_trainer.py:199 [INFO] Valid: Epoch: [86][50/79]	Step 61248	Loss 1.3117	Prec@(1,5) (70.7%, 91.8%)
08/09 12:02:13午前 evaluateCell_trainer.py:199 [INFO] Valid: Epoch: [86][78/79]	Step 61248	Loss 1.3499	Prec@(1,5) (70.1%, 91.4%)
08/09 12:02:13午前 evaluateCell_trainer.py:206 [INFO] Valid: [ 86/99] Final Prec@1 70.0800%
08/09 12:02:13午前 evaluateCell_main.py:75 [INFO] Until now, best Prec@1 = 70.0800%
08/09 12:02:41午前 evaluateCell_trainer.py:199 [INFO] Valid: Epoch: [87][50/79]	Step 61952	Loss 1.2867	Prec@(1,5) (70.6%, 91.7%)
08/09 12:02:42午前 evaluateCell_trainer.py:199 [INFO] Valid: Epoch: [87][78/79]	Step 61952	Loss 1.3371	Prec@(1,5) (69.5%, 91.4%)
08/09 12:02:42午前 evaluateCell_trainer.py:206 [INFO] Valid: [ 87/99] Final Prec@1 69.4600%
08/09 12:02:42午前 evaluateCell_main.py:75 [INFO] Until now, best Prec@1 = 70.0800%
08/09 12:03:10午前 evaluateCell_trainer.py:199 [INFO] Valid: Epoch: [88][50/79]	Step 62656	Loss 1.2765	Prec@(1,5) (70.1%, 91.9%)
08/09 12:03:10午前 evaluateCell_trainer.py:199 [INFO] Valid: Epoch: [88][78/79]	Step 62656	Loss 1.3166	Prec@(1,5) (69.6%, 91.9%)
08/09 12:03:10午前 evaluateCell_trainer.py:206 [INFO] Valid: [ 88/99] Final Prec@1 69.5800%
08/09 12:03:10午前 evaluateCell_main.py:75 [INFO] Until now, best Prec@1 = 70.0800%
08/09 12:03:40午前 evaluateCell_trainer.py:199 [INFO] Valid: Epoch: [89][50/79]	Step 63360	Loss 1.3220	Prec@(1,5) (69.8%, 91.4%)
08/09 12:03:40午前 evaluateCell_trainer.py:199 [INFO] Valid: Epoch: [89][78/79]	Step 63360	Loss 1.3009	Prec@(1,5) (70.4%, 91.5%)
08/09 12:03:40午前 evaluateCell_trainer.py:206 [INFO] Valid: [ 89/99] Final Prec@1 70.4200%
08/09 12:03:40午前 evaluateCell_main.py:75 [INFO] Until now, best Prec@1 = 70.4200%
08/09 12:04:08午前 evaluateCell_trainer.py:199 [INFO] Valid: Epoch: [90][50/79]	Step 64064	Loss 1.3369	Prec@(1,5) (70.1%, 91.5%)
08/09 12:04:08午前 evaluateCell_trainer.py:199 [INFO] Valid: Epoch: [90][78/79]	Step 64064	Loss 1.3307	Prec@(1,5) (70.0%, 91.4%)
08/09 12:04:08午前 evaluateCell_trainer.py:206 [INFO] Valid: [ 90/99] Final Prec@1 70.0000%
08/09 12:04:08午前 evaluateCell_main.py:75 [INFO] Until now, best Prec@1 = 70.4200%
08/09 12:04:37午前 evaluateCell_trainer.py:199 [INFO] Valid: Epoch: [91][50/79]	Step 64768	Loss 1.3723	Prec@(1,5) (68.6%, 91.6%)
08/09 12:04:37午前 evaluateCell_trainer.py:199 [INFO] Valid: Epoch: [91][78/79]	Step 64768	Loss 1.3390	Prec@(1,5) (69.4%, 91.6%)
08/09 12:04:37午前 evaluateCell_trainer.py:206 [INFO] Valid: [ 91/99] Final Prec@1 69.4000%
08/09 12:04:37午前 evaluateCell_main.py:75 [INFO] Until now, best Prec@1 = 70.4200%
08/09 12:05:07午前 evaluateCell_trainer.py:199 [INFO] Valid: Epoch: [92][50/79]	Step 65472	Loss 1.3209	Prec@(1,5) (69.4%, 92.5%)
08/09 12:05:07午前 evaluateCell_trainer.py:199 [INFO] Valid: Epoch: [92][78/79]	Step 65472	Loss 1.3464	Prec@(1,5) (69.3%, 91.8%)
08/09 12:05:07午前 evaluateCell_trainer.py:206 [INFO] Valid: [ 92/99] Final Prec@1 69.3200%
08/09 12:05:07午前 evaluateCell_main.py:75 [INFO] Until now, best Prec@1 = 70.4200%
08/09 12:05:35午前 evaluateCell_trainer.py:199 [INFO] Valid: Epoch: [93][50/79]	Step 66176	Loss 1.3223	Prec@(1,5) (70.2%, 91.7%)
08/09 12:05:35午前 evaluateCell_trainer.py:199 [INFO] Valid: Epoch: [93][78/79]	Step 66176	Loss 1.3228	Prec@(1,5) (70.3%, 91.7%)
08/09 12:05:35午前 evaluateCell_trainer.py:206 [INFO] Valid: [ 93/99] Final Prec@1 70.2800%
08/09 12:05:35午前 evaluateCell_main.py:75 [INFO] Until now, best Prec@1 = 70.4200%
08/09 12:06:04午前 evaluateCell_trainer.py:199 [INFO] Valid: Epoch: [94][50/79]	Step 66880	Loss 1.3279	Prec@(1,5) (69.9%, 92.1%)
08/09 12:06:05午前 evaluateCell_trainer.py:199 [INFO] Valid: Epoch: [94][78/79]	Step 66880	Loss 1.3437	Prec@(1,5) (70.1%, 91.9%)
08/09 12:06:05午前 evaluateCell_trainer.py:206 [INFO] Valid: [ 94/99] Final Prec@1 70.1200%
08/09 12:06:05午前 evaluateCell_main.py:75 [INFO] Until now, best Prec@1 = 70.4200%
08/09 12:06:33午前 evaluateCell_trainer.py:199 [INFO] Valid: Epoch: [95][50/79]	Step 67584	Loss 1.3092	Prec@(1,5) (70.3%, 92.2%)
08/09 12:06:33午前 evaluateCell_trainer.py:199 [INFO] Valid: Epoch: [95][78/79]	Step 67584	Loss 1.3498	Prec@(1,5) (69.9%, 91.7%)
08/09 12:06:33午前 evaluateCell_trainer.py:206 [INFO] Valid: [ 95/99] Final Prec@1 69.9200%
08/09 12:06:33午前 evaluateCell_main.py:75 [INFO] Until now, best Prec@1 = 70.4200%
08/09 12:07:03午前 evaluateCell_trainer.py:199 [INFO] Valid: Epoch: [96][50/79]	Step 68288	Loss 1.3455	Prec@(1,5) (69.8%, 91.4%)
08/09 12:07:03午前 evaluateCell_trainer.py:199 [INFO] Valid: Epoch: [96][78/79]	Step 68288	Loss 1.3302	Prec@(1,5) (70.5%, 91.7%)
08/09 12:07:03午前 evaluateCell_trainer.py:206 [INFO] Valid: [ 96/99] Final Prec@1 70.4800%
08/09 12:07:03午前 evaluateCell_main.py:75 [INFO] Until now, best Prec@1 = 70.4800%
08/09 12:07:31午前 evaluateCell_trainer.py:199 [INFO] Valid: Epoch: [97][50/79]	Step 68992	Loss 1.3507	Prec@(1,5) (69.7%, 91.5%)
08/09 12:07:31午前 evaluateCell_trainer.py:199 [INFO] Valid: Epoch: [97][78/79]	Step 68992	Loss 1.3369	Prec@(1,5) (70.0%, 91.6%)
08/09 12:07:31午前 evaluateCell_trainer.py:206 [INFO] Valid: [ 97/99] Final Prec@1 69.9200%
08/09 12:07:31午前 evaluateCell_main.py:75 [INFO] Until now, best Prec@1 = 70.4800%
08/09 12:07:59午前 evaluateCell_trainer.py:199 [INFO] Valid: Epoch: [98][50/79]	Step 69696	Loss 1.3571	Prec@(1,5) (70.3%, 91.5%)
08/09 12:08:00午前 evaluateCell_trainer.py:199 [INFO] Valid: Epoch: [98][78/79]	Step 69696	Loss 1.3235	Prec@(1,5) (70.4%, 91.9%)
08/09 12:08:00午前 evaluateCell_trainer.py:206 [INFO] Valid: [ 98/99] Final Prec@1 70.3600%
08/09 12:08:00午前 evaluateCell_main.py:75 [INFO] Until now, best Prec@1 = 70.4800%
08/09 12:08:28午前 evaluateCell_trainer.py:199 [INFO] Valid: Epoch: [99][50/79]	Step 70400	Loss 1.3430	Prec@(1,5) (70.7%, 91.5%)
08/09 12:08:28午前 evaluateCell_trainer.py:199 [INFO] Valid: Epoch: [99][78/79]	Step 70400	Loss 1.3590	Prec@(1,5) (70.4%, 91.5%)
08/09 12:08:28午前 evaluateCell_trainer.py:206 [INFO] Valid: [ 99/99] Final Prec@1 70.4000%
08/09 12:08:28午前 evaluateCell_main.py:75 [INFO] Until now, best Prec@1 = 70.4800%
08/09 12:08:28午前 evaluateCell_main.py:79 [INFO] Final best Prec@1 = 70.4800%
