08/02 12:02:24PM parser.py:28 [INFO] 
08/02 12:02:24PM parser.py:29 [INFO] Parameters:
08/02 12:02:24PM parser.py:31 [INFO] T=3.0
08/02 12:02:24PM parser.py:31 [INFO] ADVANCED=True
08/02 12:02:24PM parser.py:31 [INFO] AUX_WEIGHT=0.4
08/02 12:02:24PM parser.py:31 [INFO] BATCH_SIZE=64
08/02 12:02:24PM parser.py:31 [INFO] CUTOUT_LENGTH=16
08/02 12:02:24PM parser.py:31 [INFO] DATA_PATH=../data/
08/02 12:02:24PM parser.py:31 [INFO] DATASET=cifar100
08/02 12:02:24PM parser.py:31 [INFO] DESCRIPTION=baseline224
08/02 12:02:24PM parser.py:31 [INFO] DROP_PATH_PROB=0.2
08/02 12:02:24PM parser.py:31 [INFO] EPOCHS=100
08/02 12:02:24PM parser.py:31 [INFO] EXP_NAME=193109-20240802-120224
08/02 12:02:24PM parser.py:31 [INFO] GENOTYPE=Genotype3(normal1=[[('sep_conv_3x3', 0), ('sep_conv_3x3', 1)], [('sep_conv_3x3', 0), ('sep_conv_3x3', 1)], [('sep_conv_3x3', 3), ('sep_conv_3x3', 0)], [('sep_conv_3x3', 1), ('sep_conv_3x3', 4)]], normal1_concat=range(2, 6), reduce1=[[('sep_conv_5x5', 1), ('skip_connect', 0)], [('sep_conv_3x3', 0), ('sep_conv_5x5', 2)], [('dil_conv_3x3', 3), ('max_pool_3x3', 1)], [('sep_conv_5x5', 4), ('sep_conv_3x3', 3)]], reduce1_concat=range(2, 6), normal2=[[('skip_connect', 0), ('skip_connect', 1)], [('skip_connect', 0), ('skip_connect', 2)], [('skip_connect', 0), ('sep_conv_3x3', 1)], [('skip_connect', 0), ('skip_connect', 1)]], normal2_concat=range(2, 6), reduce2=[[('avg_pool_3x3', 0), ('avg_pool_3x3', 1)], [('avg_pool_3x3', 0), ('skip_connect', 2)], [('avg_pool_3x3', 0), ('skip_connect', 2)], [('skip_connect', 2), ('avg_pool_3x3', 0)]], reduce2_concat=range(2, 6), normal3=[[('skip_connect', 0), ('dil_conv_3x3', 1)], [('skip_connect', 0), ('dil_conv_5x5', 2)], [('skip_connect', 0), ('skip_connect', 2)], [('skip_connect', 0), ('skip_connect', 2)]], normal3_concat=range(2, 6))
08/02 12:02:24PM parser.py:31 [INFO] GPUS=[0]
08/02 12:02:24PM parser.py:31 [INFO] GRAD_CLIP=5.0
08/02 12:02:24PM parser.py:31 [INFO] INIT_CHANNELS=32
08/02 12:02:24PM parser.py:31 [INFO] L=3.0
08/02 12:02:24PM parser.py:31 [INFO] LAYERS=20
08/02 12:02:24PM parser.py:31 [INFO] LOGGER=<Logger H-DAS (INFO)>
08/02 12:02:24PM parser.py:31 [INFO] LR=0.025
08/02 12:02:24PM parser.py:31 [INFO] LR_MIN=0.001
08/02 12:02:24PM parser.py:31 [INFO] MOMENTUM=0.9
08/02 12:02:24PM parser.py:31 [INFO] NAME=BASELINE224
08/02 12:02:24PM parser.py:31 [INFO] NONKD=True
08/02 12:02:24PM parser.py:31 [INFO] PATH=results/evaluate_cell_KD/cifar100/BASELINE224/193109-20240802-120224
08/02 12:02:24PM parser.py:31 [INFO] PRINT_FREQ=50
08/02 12:02:24PM parser.py:31 [INFO] RESUME_PATH=None
08/02 12:02:24PM parser.py:31 [INFO] SAVE=193109
08/02 12:02:24PM parser.py:31 [INFO] SEED=0
08/02 12:02:24PM parser.py:31 [INFO] TEACHER_NAME=non
08/02 12:02:24PM parser.py:31 [INFO] TEACHER_PATH=non
08/02 12:02:24PM parser.py:31 [INFO] TRAIN_PORTION=0.9
08/02 12:02:24PM parser.py:31 [INFO] WEIGHT_DECAY=0.0003
08/02 12:02:24PM parser.py:31 [INFO] WORKERS=4
08/02 12:02:24PM parser.py:32 [INFO] 
08/02 12:02:25PM evaluateCell_trainer.py:102 [INFO] --> No loaded checkpoint!
08/02 12:02:50PM evaluateCell_trainer.py:199 [INFO] Valid: Epoch: [0][50/79]	Step 704	Loss 3.5042	Prec@(1,5) (15.5%, 42.3%)
08/02 12:02:50PM evaluateCell_trainer.py:199 [INFO] Valid: Epoch: [0][78/79]	Step 704	Loss 3.5004	Prec@(1,5) (16.1%, 42.4%)
08/02 12:02:50PM evaluateCell_trainer.py:206 [INFO] Valid: [  0/99] Final Prec@1 16.1000%
08/02 12:02:51午後 evaluateCell_main.py:75 [INFO] Until now, best Prec@1 = 16.1000%
08/02 12:03:16午後 evaluateCell_trainer.py:199 [INFO] Valid: Epoch: [1][50/79]	Step 1408	Loss 2.9836	Prec@(1,5) (26.3%, 55.8%)
08/02 12:03:17午後 evaluateCell_trainer.py:199 [INFO] Valid: Epoch: [1][78/79]	Step 1408	Loss 3.0115	Prec@(1,5) (25.5%, 55.5%)
08/02 12:03:17午後 evaluateCell_trainer.py:206 [INFO] Valid: [  1/99] Final Prec@1 25.4800%
08/02 12:03:17午後 evaluateCell_main.py:75 [INFO] Until now, best Prec@1 = 25.4800%
08/02 12:03:43午後 evaluateCell_trainer.py:199 [INFO] Valid: Epoch: [2][50/79]	Step 2112	Loss 2.7759	Prec@(1,5) (29.2%, 60.9%)
08/02 12:03:43午後 evaluateCell_trainer.py:199 [INFO] Valid: Epoch: [2][78/79]	Step 2112	Loss 2.7779	Prec@(1,5) (29.5%, 61.2%)
08/02 12:03:43午後 evaluateCell_trainer.py:206 [INFO] Valid: [  2/99] Final Prec@1 29.4800%
08/02 12:03:43午後 evaluateCell_main.py:75 [INFO] Until now, best Prec@1 = 29.4800%
08/02 12:04:09午後 evaluateCell_trainer.py:199 [INFO] Valid: Epoch: [3][50/79]	Step 2816	Loss 2.4565	Prec@(1,5) (36.8%, 67.9%)
08/02 12:04:09午後 evaluateCell_trainer.py:199 [INFO] Valid: Epoch: [3][78/79]	Step 2816	Loss 2.5042	Prec@(1,5) (35.4%, 67.7%)
08/02 12:04:09午後 evaluateCell_trainer.py:206 [INFO] Valid: [  3/99] Final Prec@1 35.4400%
08/02 12:04:09午後 evaluateCell_main.py:75 [INFO] Until now, best Prec@1 = 35.4400%
08/02 12:04:35午後 evaluateCell_trainer.py:199 [INFO] Valid: Epoch: [4][50/79]	Step 3520	Loss 2.4428	Prec@(1,5) (37.1%, 68.3%)
08/02 12:04:35午後 evaluateCell_trainer.py:199 [INFO] Valid: Epoch: [4][78/79]	Step 3520	Loss 2.4611	Prec@(1,5) (37.0%, 68.2%)
08/02 12:04:35午後 evaluateCell_trainer.py:206 [INFO] Valid: [  4/99] Final Prec@1 36.9800%
08/02 12:04:35午後 evaluateCell_main.py:75 [INFO] Until now, best Prec@1 = 36.9800%
08/02 12:05:01午後 evaluateCell_trainer.py:199 [INFO] Valid: Epoch: [5][50/79]	Step 4224	Loss 2.3604	Prec@(1,5) (39.1%, 70.3%)
08/02 12:05:02午後 evaluateCell_trainer.py:199 [INFO] Valid: Epoch: [5][78/79]	Step 4224	Loss 2.3640	Prec@(1,5) (38.8%, 70.7%)
08/02 12:05:02午後 evaluateCell_trainer.py:206 [INFO] Valid: [  5/99] Final Prec@1 38.7400%
08/02 12:05:02午後 evaluateCell_main.py:75 [INFO] Until now, best Prec@1 = 38.7400%
08/02 12:05:28午後 evaluateCell_trainer.py:199 [INFO] Valid: Epoch: [6][50/79]	Step 4928	Loss 2.2412	Prec@(1,5) (41.5%, 73.7%)
08/02 12:05:28午後 evaluateCell_trainer.py:199 [INFO] Valid: Epoch: [6][78/79]	Step 4928	Loss 2.2411	Prec@(1,5) (41.8%, 73.6%)
08/02 12:05:28午後 evaluateCell_trainer.py:206 [INFO] Valid: [  6/99] Final Prec@1 41.8200%
08/02 12:05:28午後 evaluateCell_main.py:75 [INFO] Until now, best Prec@1 = 41.8200%
08/02 12:05:54午後 evaluateCell_trainer.py:199 [INFO] Valid: Epoch: [7][50/79]	Step 5632	Loss 2.0930	Prec@(1,5) (45.3%, 76.3%)
08/02 12:05:54午後 evaluateCell_trainer.py:199 [INFO] Valid: Epoch: [7][78/79]	Step 5632	Loss 2.0899	Prec@(1,5) (45.2%, 76.7%)
08/02 12:05:54午後 evaluateCell_trainer.py:206 [INFO] Valid: [  7/99] Final Prec@1 45.2400%
08/02 12:05:54午後 evaluateCell_main.py:75 [INFO] Until now, best Prec@1 = 45.2400%
08/02 12:06:20午後 evaluateCell_trainer.py:199 [INFO] Valid: Epoch: [8][50/79]	Step 6336	Loss 2.2090	Prec@(1,5) (43.7%, 74.5%)
08/02 12:06:20午後 evaluateCell_trainer.py:199 [INFO] Valid: Epoch: [8][78/79]	Step 6336	Loss 2.1961	Prec@(1,5) (43.8%, 74.8%)
08/02 12:06:20午後 evaluateCell_trainer.py:206 [INFO] Valid: [  8/99] Final Prec@1 43.7800%
08/02 12:06:20午後 evaluateCell_main.py:75 [INFO] Until now, best Prec@1 = 45.2400%
08/02 12:06:46午後 evaluateCell_trainer.py:199 [INFO] Valid: Epoch: [9][50/79]	Step 7040	Loss 2.0008	Prec@(1,5) (45.6%, 78.3%)
08/02 12:06:46午後 evaluateCell_trainer.py:199 [INFO] Valid: Epoch: [9][78/79]	Step 7040	Loss 2.0246	Prec@(1,5) (45.5%, 77.8%)
08/02 12:06:46午後 evaluateCell_trainer.py:206 [INFO] Valid: [  9/99] Final Prec@1 45.4400%
08/02 12:06:46午後 evaluateCell_main.py:75 [INFO] Until now, best Prec@1 = 45.4400%
08/02 12:07:12午後 evaluateCell_trainer.py:199 [INFO] Valid: Epoch: [10][50/79]	Step 7744	Loss 1.9483	Prec@(1,5) (47.0%, 77.9%)
08/02 12:07:12午後 evaluateCell_trainer.py:199 [INFO] Valid: Epoch: [10][78/79]	Step 7744	Loss 1.9143	Prec@(1,5) (48.0%, 78.9%)
08/02 12:07:12午後 evaluateCell_trainer.py:206 [INFO] Valid: [ 10/99] Final Prec@1 48.0000%
08/02 12:07:13午後 evaluateCell_main.py:75 [INFO] Until now, best Prec@1 = 48.0000%
08/02 12:07:38午後 evaluateCell_trainer.py:199 [INFO] Valid: Epoch: [11][50/79]	Step 8448	Loss 1.8125	Prec@(1,5) (51.7%, 81.1%)
08/02 12:07:39午後 evaluateCell_trainer.py:199 [INFO] Valid: Epoch: [11][78/79]	Step 8448	Loss 1.8356	Prec@(1,5) (50.9%, 81.1%)
08/02 12:07:39午後 evaluateCell_trainer.py:206 [INFO] Valid: [ 11/99] Final Prec@1 50.9000%
08/02 12:07:39午後 evaluateCell_main.py:75 [INFO] Until now, best Prec@1 = 50.9000%
08/02 12:08:05午後 evaluateCell_trainer.py:199 [INFO] Valid: Epoch: [12][50/79]	Step 9152	Loss 1.8453	Prec@(1,5) (50.6%, 80.2%)
08/02 12:08:05午後 evaluateCell_trainer.py:199 [INFO] Valid: Epoch: [12][78/79]	Step 9152	Loss 1.8280	Prec@(1,5) (50.4%, 80.7%)
08/02 12:08:05午後 evaluateCell_trainer.py:206 [INFO] Valid: [ 12/99] Final Prec@1 50.3400%
08/02 12:08:05午後 evaluateCell_main.py:75 [INFO] Until now, best Prec@1 = 50.9000%
08/02 12:08:31午後 evaluateCell_trainer.py:199 [INFO] Valid: Epoch: [13][50/79]	Step 9856	Loss 1.7160	Prec@(1,5) (52.5%, 82.9%)
08/02 12:08:31午後 evaluateCell_trainer.py:199 [INFO] Valid: Epoch: [13][78/79]	Step 9856	Loss 1.7249	Prec@(1,5) (52.1%, 82.8%)
08/02 12:08:31午後 evaluateCell_trainer.py:206 [INFO] Valid: [ 13/99] Final Prec@1 52.1800%
08/02 12:08:32午後 evaluateCell_main.py:75 [INFO] Until now, best Prec@1 = 52.1800%
08/02 12:08:57午後 evaluateCell_trainer.py:199 [INFO] Valid: Epoch: [14][50/79]	Step 10560	Loss 1.8365	Prec@(1,5) (49.8%, 80.9%)
08/02 12:08:58午後 evaluateCell_trainer.py:199 [INFO] Valid: Epoch: [14][78/79]	Step 10560	Loss 1.8377	Prec@(1,5) (50.4%, 81.0%)
08/02 12:08:58午後 evaluateCell_trainer.py:206 [INFO] Valid: [ 14/99] Final Prec@1 50.4200%
08/02 12:08:58午後 evaluateCell_main.py:75 [INFO] Until now, best Prec@1 = 52.1800%
08/02 12:09:24午後 evaluateCell_trainer.py:199 [INFO] Valid: Epoch: [15][50/79]	Step 11264	Loss 1.7935	Prec@(1,5) (50.9%, 81.0%)
08/02 12:09:24午後 evaluateCell_trainer.py:199 [INFO] Valid: Epoch: [15][78/79]	Step 11264	Loss 1.8216	Prec@(1,5) (50.8%, 80.5%)
08/02 12:09:24午後 evaluateCell_trainer.py:206 [INFO] Valid: [ 15/99] Final Prec@1 50.7800%
08/02 12:09:24午後 evaluateCell_main.py:75 [INFO] Until now, best Prec@1 = 52.1800%
08/02 12:09:50午後 evaluateCell_trainer.py:199 [INFO] Valid: Epoch: [16][50/79]	Step 11968	Loss 1.8124	Prec@(1,5) (51.6%, 80.8%)
08/02 12:09:51午後 evaluateCell_trainer.py:199 [INFO] Valid: Epoch: [16][78/79]	Step 11968	Loss 1.7791	Prec@(1,5) (52.2%, 81.5%)
08/02 12:09:51午後 evaluateCell_trainer.py:206 [INFO] Valid: [ 16/99] Final Prec@1 52.2200%
08/02 12:09:51午後 evaluateCell_main.py:75 [INFO] Until now, best Prec@1 = 52.2200%
08/02 12:10:17午後 evaluateCell_trainer.py:199 [INFO] Valid: Epoch: [17][50/79]	Step 12672	Loss 1.7358	Prec@(1,5) (53.3%, 82.9%)
08/02 12:10:17午後 evaluateCell_trainer.py:199 [INFO] Valid: Epoch: [17][78/79]	Step 12672	Loss 1.7440	Prec@(1,5) (52.9%, 82.6%)
08/02 12:10:17午後 evaluateCell_trainer.py:206 [INFO] Valid: [ 17/99] Final Prec@1 52.8800%
08/02 12:10:17午後 evaluateCell_main.py:75 [INFO] Until now, best Prec@1 = 52.8800%
08/02 12:10:43午後 evaluateCell_trainer.py:199 [INFO] Valid: Epoch: [18][50/79]	Step 13376	Loss 1.6431	Prec@(1,5) (54.5%, 84.0%)
08/02 12:10:44午後 evaluateCell_trainer.py:199 [INFO] Valid: Epoch: [18][78/79]	Step 13376	Loss 1.6557	Prec@(1,5) (54.2%, 83.9%)
08/02 12:10:44午後 evaluateCell_trainer.py:206 [INFO] Valid: [ 18/99] Final Prec@1 54.1600%
08/02 12:10:44午後 evaluateCell_main.py:75 [INFO] Until now, best Prec@1 = 54.1600%
08/02 12:11:10午後 evaluateCell_trainer.py:199 [INFO] Valid: Epoch: [19][50/79]	Step 14080	Loss 1.7470	Prec@(1,5) (53.1%, 82.5%)
08/02 12:11:10午後 evaluateCell_trainer.py:199 [INFO] Valid: Epoch: [19][78/79]	Step 14080	Loss 1.7382	Prec@(1,5) (53.5%, 82.9%)
08/02 12:11:10午後 evaluateCell_trainer.py:206 [INFO] Valid: [ 19/99] Final Prec@1 53.4800%
08/02 12:11:10午後 evaluateCell_main.py:75 [INFO] Until now, best Prec@1 = 54.1600%
08/02 12:11:36午後 evaluateCell_trainer.py:199 [INFO] Valid: Epoch: [20][50/79]	Step 14784	Loss 1.6527	Prec@(1,5) (53.7%, 84.5%)
08/02 12:11:37午後 evaluateCell_trainer.py:199 [INFO] Valid: Epoch: [20][78/79]	Step 14784	Loss 1.6723	Prec@(1,5) (53.1%, 84.1%)
08/02 12:11:37午後 evaluateCell_trainer.py:206 [INFO] Valid: [ 20/99] Final Prec@1 53.1200%
08/02 12:11:37午後 evaluateCell_main.py:75 [INFO] Until now, best Prec@1 = 54.1600%
08/02 12:12:03午後 evaluateCell_trainer.py:199 [INFO] Valid: Epoch: [21][50/79]	Step 15488	Loss 1.6219	Prec@(1,5) (57.1%, 84.4%)
08/02 12:12:03午後 evaluateCell_trainer.py:199 [INFO] Valid: Epoch: [21][78/79]	Step 15488	Loss 1.6267	Prec@(1,5) (56.8%, 84.1%)
08/02 12:12:03午後 evaluateCell_trainer.py:206 [INFO] Valid: [ 21/99] Final Prec@1 56.7600%
08/02 12:12:03午後 evaluateCell_main.py:75 [INFO] Until now, best Prec@1 = 56.7600%
08/02 12:12:29午後 evaluateCell_trainer.py:199 [INFO] Valid: Epoch: [22][50/79]	Step 16192	Loss 1.5794	Prec@(1,5) (57.1%, 84.8%)
08/02 12:12:30午後 evaluateCell_trainer.py:199 [INFO] Valid: Epoch: [22][78/79]	Step 16192	Loss 1.5709	Prec@(1,5) (56.9%, 85.1%)
08/02 12:12:30午後 evaluateCell_trainer.py:206 [INFO] Valid: [ 22/99] Final Prec@1 56.9400%
08/02 12:12:30午後 evaluateCell_main.py:75 [INFO] Until now, best Prec@1 = 56.9400%
08/02 12:12:56午後 evaluateCell_trainer.py:199 [INFO] Valid: Epoch: [23][50/79]	Step 16896	Loss 1.6288	Prec@(1,5) (55.6%, 84.0%)
08/02 12:12:56午後 evaluateCell_trainer.py:199 [INFO] Valid: Epoch: [23][78/79]	Step 16896	Loss 1.6144	Prec@(1,5) (56.0%, 84.3%)
08/02 12:12:56午後 evaluateCell_trainer.py:206 [INFO] Valid: [ 23/99] Final Prec@1 56.1000%
08/02 12:12:56午後 evaluateCell_main.py:75 [INFO] Until now, best Prec@1 = 56.9400%
08/02 12:13:22午後 evaluateCell_trainer.py:199 [INFO] Valid: Epoch: [24][50/79]	Step 17600	Loss 1.6255	Prec@(1,5) (56.3%, 84.3%)
08/02 12:13:23午後 evaluateCell_trainer.py:199 [INFO] Valid: Epoch: [24][78/79]	Step 17600	Loss 1.6140	Prec@(1,5) (56.7%, 84.6%)
08/02 12:13:23午後 evaluateCell_trainer.py:206 [INFO] Valid: [ 24/99] Final Prec@1 56.6600%
08/02 12:13:23午後 evaluateCell_main.py:75 [INFO] Until now, best Prec@1 = 56.9400%
08/02 12:13:49午後 evaluateCell_trainer.py:199 [INFO] Valid: Epoch: [25][50/79]	Step 18304	Loss 1.6210	Prec@(1,5) (56.3%, 84.9%)
08/02 12:13:49午後 evaluateCell_trainer.py:199 [INFO] Valid: Epoch: [25][78/79]	Step 18304	Loss 1.5806	Prec@(1,5) (57.3%, 85.5%)
08/02 12:13:49午後 evaluateCell_trainer.py:206 [INFO] Valid: [ 25/99] Final Prec@1 57.1800%
08/02 12:13:49午後 evaluateCell_main.py:75 [INFO] Until now, best Prec@1 = 57.1800%
08/02 12:14:15午後 evaluateCell_trainer.py:199 [INFO] Valid: Epoch: [26][50/79]	Step 19008	Loss 1.6191	Prec@(1,5) (56.6%, 84.7%)
08/02 12:14:16午後 evaluateCell_trainer.py:199 [INFO] Valid: Epoch: [26][78/79]	Step 19008	Loss 1.6138	Prec@(1,5) (56.4%, 84.7%)
08/02 12:14:16午後 evaluateCell_trainer.py:206 [INFO] Valid: [ 26/99] Final Prec@1 56.3800%
08/02 12:14:16午後 evaluateCell_main.py:75 [INFO] Until now, best Prec@1 = 57.1800%
08/02 12:14:42午後 evaluateCell_trainer.py:199 [INFO] Valid: Epoch: [27][50/79]	Step 19712	Loss 1.6447	Prec@(1,5) (56.5%, 83.4%)
08/02 12:14:42午後 evaluateCell_trainer.py:199 [INFO] Valid: Epoch: [27][78/79]	Step 19712	Loss 1.6248	Prec@(1,5) (56.9%, 83.9%)
08/02 12:14:42午後 evaluateCell_trainer.py:206 [INFO] Valid: [ 27/99] Final Prec@1 56.8400%
08/02 12:14:42午後 evaluateCell_main.py:75 [INFO] Until now, best Prec@1 = 57.1800%
08/02 12:15:08午後 evaluateCell_trainer.py:199 [INFO] Valid: Epoch: [28][50/79]	Step 20416	Loss 1.5925	Prec@(1,5) (56.7%, 86.2%)
08/02 12:15:09午後 evaluateCell_trainer.py:199 [INFO] Valid: Epoch: [28][78/79]	Step 20416	Loss 1.6214	Prec@(1,5) (56.3%, 85.3%)
08/02 12:15:09午後 evaluateCell_trainer.py:206 [INFO] Valid: [ 28/99] Final Prec@1 56.3000%
08/02 12:15:09午後 evaluateCell_main.py:75 [INFO] Until now, best Prec@1 = 57.1800%
08/02 12:15:35午後 evaluateCell_trainer.py:199 [INFO] Valid: Epoch: [29][50/79]	Step 21120	Loss 1.5953	Prec@(1,5) (57.8%, 84.6%)
08/02 12:15:35午後 evaluateCell_trainer.py:199 [INFO] Valid: Epoch: [29][78/79]	Step 21120	Loss 1.5663	Prec@(1,5) (58.3%, 85.2%)
08/02 12:15:35午後 evaluateCell_trainer.py:206 [INFO] Valid: [ 29/99] Final Prec@1 58.2600%
08/02 12:15:36午後 evaluateCell_main.py:75 [INFO] Until now, best Prec@1 = 58.2600%
08/02 12:16:01午後 evaluateCell_trainer.py:199 [INFO] Valid: Epoch: [30][50/79]	Step 21824	Loss 1.4924	Prec@(1,5) (59.2%, 86.9%)
08/02 12:16:02午後 evaluateCell_trainer.py:199 [INFO] Valid: Epoch: [30][78/79]	Step 21824	Loss 1.4750	Prec@(1,5) (59.3%, 87.2%)
08/02 12:16:02午後 evaluateCell_trainer.py:206 [INFO] Valid: [ 30/99] Final Prec@1 59.2800%
08/02 12:16:02午後 evaluateCell_main.py:75 [INFO] Until now, best Prec@1 = 59.2800%
08/02 12:16:28午後 evaluateCell_trainer.py:199 [INFO] Valid: Epoch: [31][50/79]	Step 22528	Loss 1.5096	Prec@(1,5) (58.8%, 86.2%)
08/02 12:16:28午後 evaluateCell_trainer.py:199 [INFO] Valid: Epoch: [31][78/79]	Step 22528	Loss 1.5230	Prec@(1,5) (58.5%, 86.2%)
08/02 12:16:28午後 evaluateCell_trainer.py:206 [INFO] Valid: [ 31/99] Final Prec@1 58.4600%
08/02 12:16:28午後 evaluateCell_main.py:75 [INFO] Until now, best Prec@1 = 59.2800%
08/02 12:16:54午後 evaluateCell_trainer.py:199 [INFO] Valid: Epoch: [32][50/79]	Step 23232	Loss 1.6090	Prec@(1,5) (56.8%, 84.9%)
08/02 12:16:55午後 evaluateCell_trainer.py:199 [INFO] Valid: Epoch: [32][78/79]	Step 23232	Loss 1.5959	Prec@(1,5) (57.0%, 85.0%)
08/02 12:16:55午後 evaluateCell_trainer.py:206 [INFO] Valid: [ 32/99] Final Prec@1 57.0400%
08/02 12:16:55午後 evaluateCell_main.py:75 [INFO] Until now, best Prec@1 = 59.2800%
08/02 12:17:21午後 evaluateCell_trainer.py:199 [INFO] Valid: Epoch: [33][50/79]	Step 23936	Loss 1.6887	Prec@(1,5) (55.5%, 82.9%)
08/02 12:17:21午後 evaluateCell_trainer.py:199 [INFO] Valid: Epoch: [33][78/79]	Step 23936	Loss 1.6706	Prec@(1,5) (55.6%, 83.5%)
08/02 12:17:21午後 evaluateCell_trainer.py:206 [INFO] Valid: [ 33/99] Final Prec@1 55.6200%
08/02 12:17:21午後 evaluateCell_main.py:75 [INFO] Until now, best Prec@1 = 59.2800%
08/02 12:17:47午後 evaluateCell_trainer.py:199 [INFO] Valid: Epoch: [34][50/79]	Step 24640	Loss 1.5117	Prec@(1,5) (59.9%, 87.4%)
08/02 12:17:48午後 evaluateCell_trainer.py:199 [INFO] Valid: Epoch: [34][78/79]	Step 24640	Loss 1.5072	Prec@(1,5) (59.8%, 87.2%)
08/02 12:17:48午後 evaluateCell_trainer.py:206 [INFO] Valid: [ 34/99] Final Prec@1 59.7800%
08/02 12:17:48午後 evaluateCell_main.py:75 [INFO] Until now, best Prec@1 = 59.7800%
08/02 12:18:14午後 evaluateCell_trainer.py:199 [INFO] Valid: Epoch: [35][50/79]	Step 25344	Loss 1.4987	Prec@(1,5) (59.9%, 86.3%)
08/02 12:18:14午後 evaluateCell_trainer.py:199 [INFO] Valid: Epoch: [35][78/79]	Step 25344	Loss 1.5159	Prec@(1,5) (59.5%, 86.2%)
08/02 12:18:14午後 evaluateCell_trainer.py:206 [INFO] Valid: [ 35/99] Final Prec@1 59.5200%
08/02 12:18:14午後 evaluateCell_main.py:75 [INFO] Until now, best Prec@1 = 59.7800%
08/02 12:18:40午後 evaluateCell_trainer.py:199 [INFO] Valid: Epoch: [36][50/79]	Step 26048	Loss 1.5652	Prec@(1,5) (59.1%, 85.3%)
08/02 12:18:41午後 evaluateCell_trainer.py:199 [INFO] Valid: Epoch: [36][78/79]	Step 26048	Loss 1.5649	Prec@(1,5) (59.2%, 85.5%)
08/02 12:18:41午後 evaluateCell_trainer.py:206 [INFO] Valid: [ 36/99] Final Prec@1 59.2000%
08/02 12:18:41午後 evaluateCell_main.py:75 [INFO] Until now, best Prec@1 = 59.7800%
08/02 12:19:07午後 evaluateCell_trainer.py:199 [INFO] Valid: Epoch: [37][50/79]	Step 26752	Loss 1.4704	Prec@(1,5) (60.9%, 86.8%)
08/02 12:19:07午後 evaluateCell_trainer.py:199 [INFO] Valid: Epoch: [37][78/79]	Step 26752	Loss 1.4635	Prec@(1,5) (61.2%, 86.7%)
08/02 12:19:07午後 evaluateCell_trainer.py:206 [INFO] Valid: [ 37/99] Final Prec@1 61.2000%
08/02 12:19:07午後 evaluateCell_main.py:75 [INFO] Until now, best Prec@1 = 61.2000%
08/02 12:19:33午後 evaluateCell_trainer.py:199 [INFO] Valid: Epoch: [38][50/79]	Step 27456	Loss 1.5887	Prec@(1,5) (58.3%, 85.7%)
08/02 12:19:34午後 evaluateCell_trainer.py:199 [INFO] Valid: Epoch: [38][78/79]	Step 27456	Loss 1.5455	Prec@(1,5) (59.0%, 86.4%)
08/02 12:19:34午後 evaluateCell_trainer.py:206 [INFO] Valid: [ 38/99] Final Prec@1 58.9800%
08/02 12:19:34午後 evaluateCell_main.py:75 [INFO] Until now, best Prec@1 = 61.2000%
08/02 12:20:00午後 evaluateCell_trainer.py:199 [INFO] Valid: Epoch: [39][50/79]	Step 28160	Loss 1.4459	Prec@(1,5) (61.1%, 87.8%)
08/02 12:20:00午後 evaluateCell_trainer.py:199 [INFO] Valid: Epoch: [39][78/79]	Step 28160	Loss 1.4427	Prec@(1,5) (61.2%, 87.6%)
08/02 12:20:00午後 evaluateCell_trainer.py:206 [INFO] Valid: [ 39/99] Final Prec@1 61.2600%
08/02 12:20:00午後 evaluateCell_main.py:75 [INFO] Until now, best Prec@1 = 61.2600%
08/02 12:20:26午後 evaluateCell_trainer.py:199 [INFO] Valid: Epoch: [40][50/79]	Step 28864	Loss 1.3713	Prec@(1,5) (62.9%, 87.8%)
08/02 12:20:27午後 evaluateCell_trainer.py:199 [INFO] Valid: Epoch: [40][78/79]	Step 28864	Loss 1.3931	Prec@(1,5) (62.0%, 88.1%)
08/02 12:20:27午後 evaluateCell_trainer.py:206 [INFO] Valid: [ 40/99] Final Prec@1 62.0400%
08/02 12:20:27午後 evaluateCell_main.py:75 [INFO] Until now, best Prec@1 = 62.0400%
08/02 12:20:53午後 evaluateCell_trainer.py:199 [INFO] Valid: Epoch: [41][50/79]	Step 29568	Loss 1.4938	Prec@(1,5) (59.3%, 86.6%)
08/02 12:20:53午後 evaluateCell_trainer.py:199 [INFO] Valid: Epoch: [41][78/79]	Step 29568	Loss 1.5252	Prec@(1,5) (59.4%, 86.1%)
08/02 12:20:53午後 evaluateCell_trainer.py:206 [INFO] Valid: [ 41/99] Final Prec@1 59.4400%
08/02 12:20:53午後 evaluateCell_main.py:75 [INFO] Until now, best Prec@1 = 62.0400%
08/02 12:21:19午後 evaluateCell_trainer.py:199 [INFO] Valid: Epoch: [42][50/79]	Step 30272	Loss 1.4418	Prec@(1,5) (59.9%, 87.0%)
08/02 12:21:20午後 evaluateCell_trainer.py:199 [INFO] Valid: Epoch: [42][78/79]	Step 30272	Loss 1.4479	Prec@(1,5) (60.2%, 86.9%)
08/02 12:21:20午後 evaluateCell_trainer.py:206 [INFO] Valid: [ 42/99] Final Prec@1 60.2200%
08/02 12:21:20午後 evaluateCell_main.py:75 [INFO] Until now, best Prec@1 = 62.0400%
08/02 12:21:46午後 evaluateCell_trainer.py:199 [INFO] Valid: Epoch: [43][50/79]	Step 30976	Loss 1.5120	Prec@(1,5) (59.9%, 87.7%)
08/02 12:21:46午後 evaluateCell_trainer.py:199 [INFO] Valid: Epoch: [43][78/79]	Step 30976	Loss 1.4934	Prec@(1,5) (60.2%, 87.6%)
08/02 12:21:46午後 evaluateCell_trainer.py:206 [INFO] Valid: [ 43/99] Final Prec@1 60.1600%
08/02 12:21:46午後 evaluateCell_main.py:75 [INFO] Until now, best Prec@1 = 62.0400%
08/02 12:22:12午後 evaluateCell_trainer.py:199 [INFO] Valid: Epoch: [44][50/79]	Step 31680	Loss 1.4555	Prec@(1,5) (61.1%, 88.1%)
08/02 12:22:13午後 evaluateCell_trainer.py:199 [INFO] Valid: Epoch: [44][78/79]	Step 31680	Loss 1.4338	Prec@(1,5) (61.3%, 88.2%)
08/02 12:22:13午後 evaluateCell_trainer.py:206 [INFO] Valid: [ 44/99] Final Prec@1 61.3600%
08/02 12:22:13午後 evaluateCell_main.py:75 [INFO] Until now, best Prec@1 = 62.0400%
08/02 12:22:39午後 evaluateCell_trainer.py:199 [INFO] Valid: Epoch: [45][50/79]	Step 32384	Loss 1.4687	Prec@(1,5) (60.5%, 87.9%)
08/02 12:22:39午後 evaluateCell_trainer.py:199 [INFO] Valid: Epoch: [45][78/79]	Step 32384	Loss 1.4213	Prec@(1,5) (61.6%, 88.4%)
08/02 12:22:39午後 evaluateCell_trainer.py:206 [INFO] Valid: [ 45/99] Final Prec@1 61.5800%
08/02 12:22:39午後 evaluateCell_main.py:75 [INFO] Until now, best Prec@1 = 62.0400%
08/02 12:23:05午後 evaluateCell_trainer.py:199 [INFO] Valid: Epoch: [46][50/79]	Step 33088	Loss 1.3826	Prec@(1,5) (63.1%, 88.6%)
08/02 12:23:06午後 evaluateCell_trainer.py:199 [INFO] Valid: Epoch: [46][78/79]	Step 33088	Loss 1.3712	Prec@(1,5) (62.9%, 88.5%)
08/02 12:23:06午後 evaluateCell_trainer.py:206 [INFO] Valid: [ 46/99] Final Prec@1 62.9400%
08/02 12:23:06午後 evaluateCell_main.py:75 [INFO] Until now, best Prec@1 = 62.9400%
08/02 12:23:32午後 evaluateCell_trainer.py:199 [INFO] Valid: Epoch: [47][50/79]	Step 33792	Loss 1.3759	Prec@(1,5) (63.5%, 88.6%)
08/02 12:23:32午後 evaluateCell_trainer.py:199 [INFO] Valid: Epoch: [47][78/79]	Step 33792	Loss 1.3889	Prec@(1,5) (63.3%, 88.7%)
08/02 12:23:32午後 evaluateCell_trainer.py:206 [INFO] Valid: [ 47/99] Final Prec@1 63.3400%
08/02 12:23:32午後 evaluateCell_main.py:75 [INFO] Until now, best Prec@1 = 63.3400%
08/02 12:23:58午後 evaluateCell_trainer.py:199 [INFO] Valid: Epoch: [48][50/79]	Step 34496	Loss 1.3274	Prec@(1,5) (64.4%, 89.1%)
08/02 12:23:59午後 evaluateCell_trainer.py:199 [INFO] Valid: Epoch: [48][78/79]	Step 34496	Loss 1.3264	Prec@(1,5) (64.5%, 89.3%)
08/02 12:23:59午後 evaluateCell_trainer.py:206 [INFO] Valid: [ 48/99] Final Prec@1 64.4800%
08/02 12:23:59午後 evaluateCell_main.py:75 [INFO] Until now, best Prec@1 = 64.4800%
08/02 12:24:25午後 evaluateCell_trainer.py:199 [INFO] Valid: Epoch: [49][50/79]	Step 35200	Loss 1.3217	Prec@(1,5) (64.1%, 90.1%)
08/02 12:24:25午後 evaluateCell_trainer.py:199 [INFO] Valid: Epoch: [49][78/79]	Step 35200	Loss 1.3523	Prec@(1,5) (63.6%, 89.5%)
08/02 12:24:25午後 evaluateCell_trainer.py:206 [INFO] Valid: [ 49/99] Final Prec@1 63.5600%
08/02 12:24:25午後 evaluateCell_main.py:75 [INFO] Until now, best Prec@1 = 64.4800%
08/02 12:24:51午後 evaluateCell_trainer.py:199 [INFO] Valid: Epoch: [50][50/79]	Step 35904	Loss 1.3779	Prec@(1,5) (63.6%, 88.5%)
08/02 12:24:52午後 evaluateCell_trainer.py:199 [INFO] Valid: Epoch: [50][78/79]	Step 35904	Loss 1.3654	Prec@(1,5) (63.6%, 88.7%)
08/02 12:24:52午後 evaluateCell_trainer.py:206 [INFO] Valid: [ 50/99] Final Prec@1 63.6600%
08/02 12:24:52午後 evaluateCell_main.py:75 [INFO] Until now, best Prec@1 = 64.4800%
08/02 12:25:18午後 evaluateCell_trainer.py:199 [INFO] Valid: Epoch: [51][50/79]	Step 36608	Loss 1.3614	Prec@(1,5) (63.7%, 89.1%)
08/02 12:25:18午後 evaluateCell_trainer.py:199 [INFO] Valid: Epoch: [51][78/79]	Step 36608	Loss 1.3525	Prec@(1,5) (64.1%, 89.1%)
08/02 12:25:18午後 evaluateCell_trainer.py:206 [INFO] Valid: [ 51/99] Final Prec@1 64.1000%
08/02 12:25:18午後 evaluateCell_main.py:75 [INFO] Until now, best Prec@1 = 64.4800%
08/02 12:25:44午後 evaluateCell_trainer.py:199 [INFO] Valid: Epoch: [52][50/79]	Step 37312	Loss 1.3586	Prec@(1,5) (63.9%, 88.9%)
08/02 12:25:45午後 evaluateCell_trainer.py:199 [INFO] Valid: Epoch: [52][78/79]	Step 37312	Loss 1.3697	Prec@(1,5) (63.5%, 88.9%)
08/02 12:25:45午後 evaluateCell_trainer.py:206 [INFO] Valid: [ 52/99] Final Prec@1 63.4600%
08/02 12:25:45午後 evaluateCell_main.py:75 [INFO] Until now, best Prec@1 = 64.4800%
08/02 12:26:11午後 evaluateCell_trainer.py:199 [INFO] Valid: Epoch: [53][50/79]	Step 38016	Loss 1.4421	Prec@(1,5) (61.7%, 87.6%)
08/02 12:26:11午後 evaluateCell_trainer.py:199 [INFO] Valid: Epoch: [53][78/79]	Step 38016	Loss 1.4265	Prec@(1,5) (62.3%, 88.0%)
08/02 12:26:11午後 evaluateCell_trainer.py:206 [INFO] Valid: [ 53/99] Final Prec@1 62.3000%
08/02 12:26:11午後 evaluateCell_main.py:75 [INFO] Until now, best Prec@1 = 64.4800%
08/02 12:26:37午後 evaluateCell_trainer.py:199 [INFO] Valid: Epoch: [54][50/79]	Step 38720	Loss 1.2869	Prec@(1,5) (65.3%, 89.7%)
08/02 12:26:37午後 evaluateCell_trainer.py:199 [INFO] Valid: Epoch: [54][78/79]	Step 38720	Loss 1.3066	Prec@(1,5) (64.6%, 89.4%)
08/02 12:26:37午後 evaluateCell_trainer.py:206 [INFO] Valid: [ 54/99] Final Prec@1 64.6400%
08/02 12:26:37午後 evaluateCell_main.py:75 [INFO] Until now, best Prec@1 = 64.6400%
08/02 12:27:03午後 evaluateCell_trainer.py:199 [INFO] Valid: Epoch: [55][50/79]	Step 39424	Loss 1.3327	Prec@(1,5) (64.5%, 89.7%)
08/02 12:27:04午後 evaluateCell_trainer.py:199 [INFO] Valid: Epoch: [55][78/79]	Step 39424	Loss 1.3204	Prec@(1,5) (64.9%, 89.9%)
08/02 12:27:04午後 evaluateCell_trainer.py:206 [INFO] Valid: [ 55/99] Final Prec@1 64.9800%
08/02 12:27:04午後 evaluateCell_main.py:75 [INFO] Until now, best Prec@1 = 64.9800%
08/02 12:27:30午後 evaluateCell_trainer.py:199 [INFO] Valid: Epoch: [56][50/79]	Step 40128	Loss 1.3232	Prec@(1,5) (64.5%, 89.5%)
08/02 12:27:30午後 evaluateCell_trainer.py:199 [INFO] Valid: Epoch: [56][78/79]	Step 40128	Loss 1.3204	Prec@(1,5) (65.0%, 89.7%)
08/02 12:27:30午後 evaluateCell_trainer.py:206 [INFO] Valid: [ 56/99] Final Prec@1 65.0600%
08/02 12:27:30午後 evaluateCell_main.py:75 [INFO] Until now, best Prec@1 = 65.0600%
08/02 12:27:56午後 evaluateCell_trainer.py:199 [INFO] Valid: Epoch: [57][50/79]	Step 40832	Loss 1.3039	Prec@(1,5) (65.9%, 89.1%)
08/02 12:27:57午後 evaluateCell_trainer.py:199 [INFO] Valid: Epoch: [57][78/79]	Step 40832	Loss 1.3128	Prec@(1,5) (65.5%, 89.3%)
08/02 12:27:57午後 evaluateCell_trainer.py:206 [INFO] Valid: [ 57/99] Final Prec@1 65.4800%
08/02 12:27:57午後 evaluateCell_main.py:75 [INFO] Until now, best Prec@1 = 65.4800%
08/02 12:28:23午後 evaluateCell_trainer.py:199 [INFO] Valid: Epoch: [58][50/79]	Step 41536	Loss 1.3110	Prec@(1,5) (65.5%, 89.4%)
08/02 12:28:23午後 evaluateCell_trainer.py:199 [INFO] Valid: Epoch: [58][78/79]	Step 41536	Loss 1.3404	Prec@(1,5) (65.1%, 89.3%)
08/02 12:28:23午後 evaluateCell_trainer.py:206 [INFO] Valid: [ 58/99] Final Prec@1 65.0800%
08/02 12:28:23午後 evaluateCell_main.py:75 [INFO] Until now, best Prec@1 = 65.4800%
08/02 12:28:49午後 evaluateCell_trainer.py:199 [INFO] Valid: Epoch: [59][50/79]	Step 42240	Loss 1.3175	Prec@(1,5) (64.3%, 89.9%)
08/02 12:28:49午後 evaluateCell_trainer.py:199 [INFO] Valid: Epoch: [59][78/79]	Step 42240	Loss 1.3232	Prec@(1,5) (64.4%, 90.0%)
08/02 12:28:49午後 evaluateCell_trainer.py:206 [INFO] Valid: [ 59/99] Final Prec@1 64.4000%
08/02 12:28:50午後 evaluateCell_main.py:75 [INFO] Until now, best Prec@1 = 65.4800%
08/02 12:29:16午後 evaluateCell_trainer.py:199 [INFO] Valid: Epoch: [60][50/79]	Step 42944	Loss 1.2548	Prec@(1,5) (66.8%, 90.7%)
08/02 12:29:16午後 evaluateCell_trainer.py:199 [INFO] Valid: Epoch: [60][78/79]	Step 42944	Loss 1.2695	Prec@(1,5) (66.5%, 90.4%)
08/02 12:29:16午後 evaluateCell_trainer.py:206 [INFO] Valid: [ 60/99] Final Prec@1 66.5200%
08/02 12:29:16午後 evaluateCell_main.py:75 [INFO] Until now, best Prec@1 = 66.5200%
08/02 12:29:42午後 evaluateCell_trainer.py:199 [INFO] Valid: Epoch: [61][50/79]	Step 43648	Loss 1.2816	Prec@(1,5) (66.2%, 89.3%)
08/02 12:29:42午後 evaluateCell_trainer.py:199 [INFO] Valid: Epoch: [61][78/79]	Step 43648	Loss 1.2899	Prec@(1,5) (65.8%, 89.7%)
08/02 12:29:42午後 evaluateCell_trainer.py:206 [INFO] Valid: [ 61/99] Final Prec@1 65.7800%
08/02 12:29:42午後 evaluateCell_main.py:75 [INFO] Until now, best Prec@1 = 66.5200%
08/02 12:30:08午後 evaluateCell_trainer.py:199 [INFO] Valid: Epoch: [62][50/79]	Step 44352	Loss 1.2881	Prec@(1,5) (66.0%, 89.8%)
08/02 12:30:09午後 evaluateCell_trainer.py:199 [INFO] Valid: Epoch: [62][78/79]	Step 44352	Loss 1.2745	Prec@(1,5) (66.4%, 90.3%)
08/02 12:30:09午後 evaluateCell_trainer.py:206 [INFO] Valid: [ 62/99] Final Prec@1 66.3800%
08/02 12:30:09午後 evaluateCell_main.py:75 [INFO] Until now, best Prec@1 = 66.5200%
08/02 12:30:35午後 evaluateCell_trainer.py:199 [INFO] Valid: Epoch: [63][50/79]	Step 45056	Loss 1.2911	Prec@(1,5) (66.6%, 90.7%)
08/02 12:30:35午後 evaluateCell_trainer.py:199 [INFO] Valid: Epoch: [63][78/79]	Step 45056	Loss 1.3041	Prec@(1,5) (65.7%, 90.4%)
08/02 12:30:35午後 evaluateCell_trainer.py:206 [INFO] Valid: [ 63/99] Final Prec@1 65.6600%
08/02 12:30:35午後 evaluateCell_main.py:75 [INFO] Until now, best Prec@1 = 66.5200%
08/02 12:31:01午後 evaluateCell_trainer.py:199 [INFO] Valid: Epoch: [64][50/79]	Step 45760	Loss 1.2886	Prec@(1,5) (66.8%, 90.6%)
08/02 12:31:01午後 evaluateCell_trainer.py:199 [INFO] Valid: Epoch: [64][78/79]	Step 45760	Loss 1.2817	Prec@(1,5) (66.7%, 90.9%)
08/02 12:31:01午後 evaluateCell_trainer.py:206 [INFO] Valid: [ 64/99] Final Prec@1 66.6600%
08/02 12:31:01午後 evaluateCell_main.py:75 [INFO] Until now, best Prec@1 = 66.6600%
08/02 12:31:27午後 evaluateCell_trainer.py:199 [INFO] Valid: Epoch: [65][50/79]	Step 46464	Loss 1.2630	Prec@(1,5) (67.3%, 90.6%)
08/02 12:31:28午後 evaluateCell_trainer.py:199 [INFO] Valid: Epoch: [65][78/79]	Step 46464	Loss 1.2478	Prec@(1,5) (67.9%, 90.5%)
08/02 12:31:28午後 evaluateCell_trainer.py:206 [INFO] Valid: [ 65/99] Final Prec@1 67.9200%
08/02 12:31:28午後 evaluateCell_main.py:75 [INFO] Until now, best Prec@1 = 67.9200%
08/02 12:31:54午後 evaluateCell_trainer.py:199 [INFO] Valid: Epoch: [66][50/79]	Step 47168	Loss 1.2777	Prec@(1,5) (66.6%, 90.3%)
08/02 12:31:54午後 evaluateCell_trainer.py:199 [INFO] Valid: Epoch: [66][78/79]	Step 47168	Loss 1.2456	Prec@(1,5) (67.2%, 90.6%)
08/02 12:31:54午後 evaluateCell_trainer.py:206 [INFO] Valid: [ 66/99] Final Prec@1 67.1600%
08/02 12:31:54午後 evaluateCell_main.py:75 [INFO] Until now, best Prec@1 = 67.9200%
08/02 12:32:20午後 evaluateCell_trainer.py:199 [INFO] Valid: Epoch: [67][50/79]	Step 47872	Loss 1.2781	Prec@(1,5) (67.3%, 91.1%)
08/02 12:32:20午後 evaluateCell_trainer.py:199 [INFO] Valid: Epoch: [67][78/79]	Step 47872	Loss 1.2603	Prec@(1,5) (67.8%, 91.0%)
08/02 12:32:20午後 evaluateCell_trainer.py:206 [INFO] Valid: [ 67/99] Final Prec@1 67.8600%
08/02 12:32:21午後 evaluateCell_main.py:75 [INFO] Until now, best Prec@1 = 67.9200%
08/02 12:32:46午後 evaluateCell_trainer.py:199 [INFO] Valid: Epoch: [68][50/79]	Step 48576	Loss 1.2957	Prec@(1,5) (67.2%, 90.8%)
08/02 12:32:47午後 evaluateCell_trainer.py:199 [INFO] Valid: Epoch: [68][78/79]	Step 48576	Loss 1.2786	Prec@(1,5) (67.3%, 91.0%)
08/02 12:32:47午後 evaluateCell_trainer.py:206 [INFO] Valid: [ 68/99] Final Prec@1 67.2600%
08/02 12:32:47午後 evaluateCell_main.py:75 [INFO] Until now, best Prec@1 = 67.9200%
08/02 12:33:13午後 evaluateCell_trainer.py:199 [INFO] Valid: Epoch: [69][50/79]	Step 49280	Loss 1.2117	Prec@(1,5) (68.0%, 91.4%)
08/02 12:33:13午後 evaluateCell_trainer.py:199 [INFO] Valid: Epoch: [69][78/79]	Step 49280	Loss 1.2453	Prec@(1,5) (67.9%, 91.2%)
08/02 12:33:13午後 evaluateCell_trainer.py:206 [INFO] Valid: [ 69/99] Final Prec@1 67.9200%
08/02 12:33:13午後 evaluateCell_main.py:75 [INFO] Until now, best Prec@1 = 67.9200%
08/02 12:33:39午後 evaluateCell_trainer.py:199 [INFO] Valid: Epoch: [70][50/79]	Step 49984	Loss 1.2064	Prec@(1,5) (69.1%, 91.8%)
08/02 12:33:39午後 evaluateCell_trainer.py:199 [INFO] Valid: Epoch: [70][78/79]	Step 49984	Loss 1.2125	Prec@(1,5) (69.2%, 91.6%)
08/02 12:33:39午後 evaluateCell_trainer.py:206 [INFO] Valid: [ 70/99] Final Prec@1 69.1800%
08/02 12:33:40午後 evaluateCell_main.py:75 [INFO] Until now, best Prec@1 = 69.1800%
08/02 12:34:06午後 evaluateCell_trainer.py:199 [INFO] Valid: Epoch: [71][50/79]	Step 50688	Loss 1.2441	Prec@(1,5) (67.5%, 91.5%)
08/02 12:34:06午後 evaluateCell_trainer.py:199 [INFO] Valid: Epoch: [71][78/79]	Step 50688	Loss 1.2582	Prec@(1,5) (67.4%, 91.3%)
08/02 12:34:06午後 evaluateCell_trainer.py:206 [INFO] Valid: [ 71/99] Final Prec@1 67.3800%
08/02 12:34:06午後 evaluateCell_main.py:75 [INFO] Until now, best Prec@1 = 69.1800%
08/02 12:34:32午後 evaluateCell_trainer.py:199 [INFO] Valid: Epoch: [72][50/79]	Step 51392	Loss 1.2969	Prec@(1,5) (67.6%, 91.0%)
08/02 12:34:32午後 evaluateCell_trainer.py:199 [INFO] Valid: Epoch: [72][78/79]	Step 51392	Loss 1.2813	Prec@(1,5) (67.5%, 91.2%)
08/02 12:34:32午後 evaluateCell_trainer.py:206 [INFO] Valid: [ 72/99] Final Prec@1 67.4800%
08/02 12:34:32午後 evaluateCell_main.py:75 [INFO] Until now, best Prec@1 = 69.1800%
08/02 12:34:59午後 evaluateCell_trainer.py:199 [INFO] Valid: Epoch: [73][50/79]	Step 52096	Loss 1.2183	Prec@(1,5) (68.9%, 91.5%)
08/02 12:34:59午後 evaluateCell_trainer.py:199 [INFO] Valid: Epoch: [73][78/79]	Step 52096	Loss 1.2110	Prec@(1,5) (69.1%, 91.6%)
08/02 12:34:59午後 evaluateCell_trainer.py:206 [INFO] Valid: [ 73/99] Final Prec@1 69.0000%
08/02 12:34:59午後 evaluateCell_main.py:75 [INFO] Until now, best Prec@1 = 69.1800%
08/02 12:35:25午後 evaluateCell_trainer.py:199 [INFO] Valid: Epoch: [74][50/79]	Step 52800	Loss 1.2558	Prec@(1,5) (68.7%, 91.2%)
08/02 12:35:25午後 evaluateCell_trainer.py:199 [INFO] Valid: Epoch: [74][78/79]	Step 52800	Loss 1.2583	Prec@(1,5) (68.5%, 91.1%)
08/02 12:35:25午後 evaluateCell_trainer.py:206 [INFO] Valid: [ 74/99] Final Prec@1 68.5200%
08/02 12:35:25午後 evaluateCell_main.py:75 [INFO] Until now, best Prec@1 = 69.1800%
08/02 12:35:51午後 evaluateCell_trainer.py:199 [INFO] Valid: Epoch: [75][50/79]	Step 53504	Loss 1.2047	Prec@(1,5) (69.2%, 92.3%)
08/02 12:35:52午後 evaluateCell_trainer.py:199 [INFO] Valid: Epoch: [75][78/79]	Step 53504	Loss 1.2200	Prec@(1,5) (68.9%, 91.8%)
08/02 12:35:52午後 evaluateCell_trainer.py:206 [INFO] Valid: [ 75/99] Final Prec@1 68.9200%
08/02 12:35:52午後 evaluateCell_main.py:75 [INFO] Until now, best Prec@1 = 69.1800%
08/02 12:36:18午後 evaluateCell_trainer.py:199 [INFO] Valid: Epoch: [76][50/79]	Step 54208	Loss 1.2493	Prec@(1,5) (68.7%, 91.5%)
08/02 12:36:18午後 evaluateCell_trainer.py:199 [INFO] Valid: Epoch: [76][78/79]	Step 54208	Loss 1.2283	Prec@(1,5) (69.1%, 91.9%)
08/02 12:36:18午後 evaluateCell_trainer.py:206 [INFO] Valid: [ 76/99] Final Prec@1 69.1400%
08/02 12:36:18午後 evaluateCell_main.py:75 [INFO] Until now, best Prec@1 = 69.1800%
08/02 12:36:44午後 evaluateCell_trainer.py:199 [INFO] Valid: Epoch: [77][50/79]	Step 54912	Loss 1.2215	Prec@(1,5) (69.2%, 92.1%)
08/02 12:36:45午後 evaluateCell_trainer.py:199 [INFO] Valid: Epoch: [77][78/79]	Step 54912	Loss 1.2136	Prec@(1,5) (69.2%, 92.1%)
08/02 12:36:45午後 evaluateCell_trainer.py:206 [INFO] Valid: [ 77/99] Final Prec@1 69.2600%
08/02 12:36:45午後 evaluateCell_main.py:75 [INFO] Until now, best Prec@1 = 69.2600%
08/02 12:37:11午後 evaluateCell_trainer.py:199 [INFO] Valid: Epoch: [78][50/79]	Step 55616	Loss 1.2161	Prec@(1,5) (68.7%, 92.0%)
08/02 12:37:11午後 evaluateCell_trainer.py:199 [INFO] Valid: Epoch: [78][78/79]	Step 55616	Loss 1.2161	Prec@(1,5) (69.2%, 91.8%)
08/02 12:37:11午後 evaluateCell_trainer.py:206 [INFO] Valid: [ 78/99] Final Prec@1 69.1600%
08/02 12:37:11午後 evaluateCell_main.py:75 [INFO] Until now, best Prec@1 = 69.2600%
08/02 12:37:37午後 evaluateCell_trainer.py:199 [INFO] Valid: Epoch: [79][50/79]	Step 56320	Loss 1.2410	Prec@(1,5) (68.8%, 91.9%)
08/02 12:37:38午後 evaluateCell_trainer.py:199 [INFO] Valid: Epoch: [79][78/79]	Step 56320	Loss 1.2506	Prec@(1,5) (69.3%, 91.5%)
08/02 12:37:38午後 evaluateCell_trainer.py:206 [INFO] Valid: [ 79/99] Final Prec@1 69.3000%
08/02 12:37:38午後 evaluateCell_main.py:75 [INFO] Until now, best Prec@1 = 69.3000%
08/02 12:38:03午後 evaluateCell_trainer.py:199 [INFO] Valid: Epoch: [80][50/79]	Step 57024	Loss 1.2005	Prec@(1,5) (69.1%, 92.6%)
08/02 12:38:04午後 evaluateCell_trainer.py:199 [INFO] Valid: Epoch: [80][78/79]	Step 57024	Loss 1.2135	Prec@(1,5) (69.2%, 92.2%)
08/02 12:38:04午後 evaluateCell_trainer.py:206 [INFO] Valid: [ 80/99] Final Prec@1 69.2200%
08/02 12:38:04午後 evaluateCell_main.py:75 [INFO] Until now, best Prec@1 = 69.3000%
08/02 12:38:30午後 evaluateCell_trainer.py:199 [INFO] Valid: Epoch: [81][50/79]	Step 57728	Loss 1.2273	Prec@(1,5) (69.3%, 92.1%)
08/02 12:38:30午後 evaluateCell_trainer.py:199 [INFO] Valid: Epoch: [81][78/79]	Step 57728	Loss 1.2218	Prec@(1,5) (69.5%, 91.9%)
08/02 12:38:30午後 evaluateCell_trainer.py:206 [INFO] Valid: [ 81/99] Final Prec@1 69.5200%
08/02 12:38:30午後 evaluateCell_main.py:75 [INFO] Until now, best Prec@1 = 69.5200%
08/02 12:38:56午後 evaluateCell_trainer.py:199 [INFO] Valid: Epoch: [82][50/79]	Step 58432	Loss 1.1865	Prec@(1,5) (70.4%, 92.0%)
08/02 12:38:57午後 evaluateCell_trainer.py:199 [INFO] Valid: Epoch: [82][78/79]	Step 58432	Loss 1.2099	Prec@(1,5) (70.2%, 91.7%)
08/02 12:38:57午後 evaluateCell_trainer.py:206 [INFO] Valid: [ 82/99] Final Prec@1 70.1400%
08/02 12:38:57午後 evaluateCell_main.py:75 [INFO] Until now, best Prec@1 = 70.1400%
08/02 12:39:23午後 evaluateCell_trainer.py:199 [INFO] Valid: Epoch: [83][50/79]	Step 59136	Loss 1.2099	Prec@(1,5) (69.3%, 92.6%)
08/02 12:39:23午後 evaluateCell_trainer.py:199 [INFO] Valid: Epoch: [83][78/79]	Step 59136	Loss 1.2298	Prec@(1,5) (69.3%, 92.2%)
08/02 12:39:23午後 evaluateCell_trainer.py:206 [INFO] Valid: [ 83/99] Final Prec@1 69.3600%
08/02 12:39:23午後 evaluateCell_main.py:75 [INFO] Until now, best Prec@1 = 70.1400%
08/02 12:39:50午後 evaluateCell_trainer.py:199 [INFO] Valid: Epoch: [84][50/79]	Step 59840	Loss 1.2276	Prec@(1,5) (69.9%, 92.1%)
08/02 12:39:50午後 evaluateCell_trainer.py:199 [INFO] Valid: Epoch: [84][78/79]	Step 59840	Loss 1.2029	Prec@(1,5) (70.2%, 92.4%)
08/02 12:39:50午後 evaluateCell_trainer.py:206 [INFO] Valid: [ 84/99] Final Prec@1 70.2000%
08/02 12:39:50午後 evaluateCell_main.py:75 [INFO] Until now, best Prec@1 = 70.2000%
08/02 12:40:16午後 evaluateCell_trainer.py:199 [INFO] Valid: Epoch: [85][50/79]	Step 60544	Loss 1.2039	Prec@(1,5) (71.0%, 92.3%)
08/02 12:40:16午後 evaluateCell_trainer.py:199 [INFO] Valid: Epoch: [85][78/79]	Step 60544	Loss 1.2205	Prec@(1,5) (70.2%, 92.3%)
08/02 12:40:16午後 evaluateCell_trainer.py:206 [INFO] Valid: [ 85/99] Final Prec@1 70.2000%
08/02 12:40:16午後 evaluateCell_main.py:75 [INFO] Until now, best Prec@1 = 70.2000%
08/02 12:40:43午後 evaluateCell_trainer.py:199 [INFO] Valid: Epoch: [86][50/79]	Step 61248	Loss 1.2082	Prec@(1,5) (70.2%, 92.3%)
08/02 12:40:43午後 evaluateCell_trainer.py:199 [INFO] Valid: Epoch: [86][78/79]	Step 61248	Loss 1.2126	Prec@(1,5) (70.3%, 92.1%)
08/02 12:40:43午後 evaluateCell_trainer.py:206 [INFO] Valid: [ 86/99] Final Prec@1 70.3000%
08/02 12:40:43午後 evaluateCell_main.py:75 [INFO] Until now, best Prec@1 = 70.3000%
08/02 12:41:09午後 evaluateCell_trainer.py:199 [INFO] Valid: Epoch: [87][50/79]	Step 61952	Loss 1.2234	Prec@(1,5) (70.5%, 92.5%)
08/02 12:41:09午後 evaluateCell_trainer.py:199 [INFO] Valid: Epoch: [87][78/79]	Step 61952	Loss 1.2305	Prec@(1,5) (70.3%, 92.5%)
08/02 12:41:09午後 evaluateCell_trainer.py:206 [INFO] Valid: [ 87/99] Final Prec@1 70.3000%
08/02 12:41:09午後 evaluateCell_main.py:75 [INFO] Until now, best Prec@1 = 70.3000%
08/02 12:41:35午後 evaluateCell_trainer.py:199 [INFO] Valid: Epoch: [88][50/79]	Step 62656	Loss 1.2410	Prec@(1,5) (69.9%, 91.7%)
08/02 12:41:35午後 evaluateCell_trainer.py:199 [INFO] Valid: Epoch: [88][78/79]	Step 62656	Loss 1.2007	Prec@(1,5) (70.9%, 92.1%)
08/02 12:41:35午後 evaluateCell_trainer.py:206 [INFO] Valid: [ 88/99] Final Prec@1 70.9000%
08/02 12:41:36午後 evaluateCell_main.py:75 [INFO] Until now, best Prec@1 = 70.9000%
08/02 12:42:02午後 evaluateCell_trainer.py:199 [INFO] Valid: Epoch: [89][50/79]	Step 63360	Loss 1.1989	Prec@(1,5) (70.5%, 92.8%)
08/02 12:42:02午後 evaluateCell_trainer.py:199 [INFO] Valid: Epoch: [89][78/79]	Step 63360	Loss 1.2101	Prec@(1,5) (70.3%, 92.5%)
08/02 12:42:02午後 evaluateCell_trainer.py:206 [INFO] Valid: [ 89/99] Final Prec@1 70.3200%
08/02 12:42:02午後 evaluateCell_main.py:75 [INFO] Until now, best Prec@1 = 70.9000%
08/02 12:42:28午後 evaluateCell_trainer.py:199 [INFO] Valid: Epoch: [90][50/79]	Step 64064	Loss 1.2071	Prec@(1,5) (71.4%, 92.2%)
08/02 12:42:29午後 evaluateCell_trainer.py:199 [INFO] Valid: Epoch: [90][78/79]	Step 64064	Loss 1.2030	Prec@(1,5) (71.0%, 92.5%)
08/02 12:42:29午後 evaluateCell_trainer.py:206 [INFO] Valid: [ 90/99] Final Prec@1 71.0400%
08/02 12:42:29午後 evaluateCell_main.py:75 [INFO] Until now, best Prec@1 = 71.0400%
08/02 12:42:55午後 evaluateCell_trainer.py:199 [INFO] Valid: Epoch: [91][50/79]	Step 64768	Loss 1.1996	Prec@(1,5) (70.8%, 93.0%)
08/02 12:42:55午後 evaluateCell_trainer.py:199 [INFO] Valid: Epoch: [91][78/79]	Step 64768	Loss 1.1890	Prec@(1,5) (71.2%, 92.6%)
08/02 12:42:55午後 evaluateCell_trainer.py:206 [INFO] Valid: [ 91/99] Final Prec@1 71.1400%
08/02 12:42:55午後 evaluateCell_main.py:75 [INFO] Until now, best Prec@1 = 71.1400%
08/02 12:43:21午後 evaluateCell_trainer.py:199 [INFO] Valid: Epoch: [92][50/79]	Step 65472	Loss 1.2109	Prec@(1,5) (70.6%, 92.5%)
08/02 12:43:22午後 evaluateCell_trainer.py:199 [INFO] Valid: Epoch: [92][78/79]	Step 65472	Loss 1.2033	Prec@(1,5) (71.0%, 92.4%)
08/02 12:43:22午後 evaluateCell_trainer.py:206 [INFO] Valid: [ 92/99] Final Prec@1 70.9600%
08/02 12:43:22午後 evaluateCell_main.py:75 [INFO] Until now, best Prec@1 = 71.1400%
08/02 12:43:48午後 evaluateCell_trainer.py:199 [INFO] Valid: Epoch: [93][50/79]	Step 66176	Loss 1.2299	Prec@(1,5) (70.0%, 92.4%)
08/02 12:43:48午後 evaluateCell_trainer.py:199 [INFO] Valid: Epoch: [93][78/79]	Step 66176	Loss 1.2162	Prec@(1,5) (70.4%, 92.6%)
08/02 12:43:48午後 evaluateCell_trainer.py:206 [INFO] Valid: [ 93/99] Final Prec@1 70.4000%
08/02 12:43:48午後 evaluateCell_main.py:75 [INFO] Until now, best Prec@1 = 71.1400%
08/02 12:44:14午後 evaluateCell_trainer.py:199 [INFO] Valid: Epoch: [94][50/79]	Step 66880	Loss 1.1728	Prec@(1,5) (71.7%, 92.1%)
08/02 12:44:14午後 evaluateCell_trainer.py:199 [INFO] Valid: Epoch: [94][78/79]	Step 66880	Loss 1.1945	Prec@(1,5) (71.5%, 92.2%)
08/02 12:44:14午後 evaluateCell_trainer.py:206 [INFO] Valid: [ 94/99] Final Prec@1 71.5200%
08/02 12:44:14午後 evaluateCell_main.py:75 [INFO] Until now, best Prec@1 = 71.5200%
08/02 12:44:41午後 evaluateCell_trainer.py:199 [INFO] Valid: Epoch: [95][50/79]	Step 67584	Loss 1.2371	Prec@(1,5) (70.9%, 92.5%)
08/02 12:44:41午後 evaluateCell_trainer.py:199 [INFO] Valid: Epoch: [95][78/79]	Step 67584	Loss 1.1985	Prec@(1,5) (71.2%, 92.8%)
08/02 12:44:41午後 evaluateCell_trainer.py:206 [INFO] Valid: [ 95/99] Final Prec@1 71.1800%
08/02 12:44:41午後 evaluateCell_main.py:75 [INFO] Until now, best Prec@1 = 71.5200%
08/02 12:45:07午後 evaluateCell_trainer.py:199 [INFO] Valid: Epoch: [96][50/79]	Step 68288	Loss 1.1838	Prec@(1,5) (72.0%, 92.7%)
08/02 12:45:07午後 evaluateCell_trainer.py:199 [INFO] Valid: Epoch: [96][78/79]	Step 68288	Loss 1.1809	Prec@(1,5) (71.7%, 92.8%)
08/02 12:45:07午後 evaluateCell_trainer.py:206 [INFO] Valid: [ 96/99] Final Prec@1 71.6800%
08/02 12:45:07午後 evaluateCell_main.py:75 [INFO] Until now, best Prec@1 = 71.6800%
08/02 12:45:33午後 evaluateCell_trainer.py:199 [INFO] Valid: Epoch: [97][50/79]	Step 68992	Loss 1.1073	Prec@(1,5) (73.0%, 93.8%)
08/02 12:45:34午後 evaluateCell_trainer.py:199 [INFO] Valid: Epoch: [97][78/79]	Step 68992	Loss 1.1870	Prec@(1,5) (72.2%, 92.9%)
08/02 12:45:34午後 evaluateCell_trainer.py:206 [INFO] Valid: [ 97/99] Final Prec@1 72.1800%
08/02 12:45:34午後 evaluateCell_main.py:75 [INFO] Until now, best Prec@1 = 72.1800%
08/02 12:46:00午後 evaluateCell_trainer.py:199 [INFO] Valid: Epoch: [98][50/79]	Step 69696	Loss 1.2179	Prec@(1,5) (70.2%, 92.5%)
08/02 12:46:00午後 evaluateCell_trainer.py:199 [INFO] Valid: Epoch: [98][78/79]	Step 69696	Loss 1.2107	Prec@(1,5) (70.8%, 92.2%)
08/02 12:46:00午後 evaluateCell_trainer.py:206 [INFO] Valid: [ 98/99] Final Prec@1 70.8000%
08/02 12:46:00午後 evaluateCell_main.py:75 [INFO] Until now, best Prec@1 = 72.1800%
08/02 12:46:26午後 evaluateCell_trainer.py:199 [INFO] Valid: Epoch: [99][50/79]	Step 70400	Loss 1.2213	Prec@(1,5) (70.4%, 91.8%)
08/02 12:46:26午後 evaluateCell_trainer.py:199 [INFO] Valid: Epoch: [99][78/79]	Step 70400	Loss 1.2038	Prec@(1,5) (71.0%, 92.3%)
08/02 12:46:26午後 evaluateCell_trainer.py:206 [INFO] Valid: [ 99/99] Final Prec@1 70.9800%
08/02 12:46:27午後 evaluateCell_main.py:75 [INFO] Until now, best Prec@1 = 72.1800%
08/02 12:46:27午後 evaluateCell_main.py:79 [INFO] Final best Prec@1 = 72.1800%
