08/02 04:22:24PM parser.py:28 [INFO] 
08/02 04:22:24PM parser.py:29 [INFO] Parameters:
08/02 04:22:24PM parser.py:31 [INFO] T=3.0
08/02 04:22:24PM parser.py:31 [INFO] ADVANCED=True
08/02 04:22:24PM parser.py:31 [INFO] AUX_WEIGHT=0.4
08/02 04:22:24PM parser.py:31 [INFO] BATCH_SIZE=64
08/02 04:22:24PM parser.py:31 [INFO] CUTOUT_LENGTH=16
08/02 04:22:24PM parser.py:31 [INFO] DATA_PATH=../data/
08/02 04:22:24PM parser.py:31 [INFO] DATASET=cifar100
08/02 04:22:24PM parser.py:31 [INFO] DESCRIPTION=baseline224_genotype-BASELINE224-20240801-093713
08/02 04:22:24PM parser.py:31 [INFO] DROP_PATH_PROB=0.2
08/02 04:22:24PM parser.py:31 [INFO] EPOCHS=100
08/02 04:22:24PM parser.py:31 [INFO] EXP_NAME=093713s1-20240802-162224
08/02 04:22:24PM parser.py:31 [INFO] GENOTYPE=Genotype3(normal1=[[('sep_conv_5x5', 0), ('sep_conv_3x3', 1)], [('sep_conv_3x3', 1), ('sep_conv_3x3', 0)], [('sep_conv_3x3', 1), ('sep_conv_3x3', 2)], [('sep_conv_3x3', 0), ('sep_conv_5x5', 4)]], normal1_concat=range(2, 6), reduce1=[[('sep_conv_3x3', 0), ('skip_connect', 1)], [('sep_conv_3x3', 1), ('max_pool_3x3', 0)], [('sep_conv_3x3', 2), ('sep_conv_3x3', 1)], [('max_pool_3x3', 0), ('dil_conv_3x3', 1)]], reduce1_concat=range(2, 6), normal2=[[('skip_connect', 0), ('sep_conv_5x5', 1)], [('skip_connect', 0), ('skip_connect', 2)], [('avg_pool_3x3', 0), ('avg_pool_3x3', 2)], [('skip_connect', 0), ('avg_pool_3x3', 2)]], normal2_concat=range(2, 6), reduce2=[[('avg_pool_3x3', 0), ('avg_pool_3x3', 1)], [('avg_pool_3x3', 0), ('skip_connect', 2)], [('skip_connect', 2), ('avg_pool_3x3', 0)], [('skip_connect', 2), ('avg_pool_3x3', 0)]], reduce2_concat=range(2, 6), normal3=[[('skip_connect', 0), ('skip_connect', 1)], [('skip_connect', 0), ('dil_conv_3x3', 1)], [('skip_connect', 0), ('skip_connect', 1)], [('skip_connect', 0), ('skip_connect', 2)]], normal3_concat=range(2, 6))
08/02 04:22:24PM parser.py:31 [INFO] GPUS=[0]
08/02 04:22:24PM parser.py:31 [INFO] GRAD_CLIP=5.0
08/02 04:22:24PM parser.py:31 [INFO] INIT_CHANNELS=32
08/02 04:22:24PM parser.py:31 [INFO] L=0.3
08/02 04:22:24PM parser.py:31 [INFO] LAYERS=20
08/02 04:22:24PM parser.py:31 [INFO] LOGGER=<Logger H-DAS (INFO)>
08/02 04:22:24PM parser.py:31 [INFO] LR=0.025
08/02 04:22:24PM parser.py:31 [INFO] LR_MIN=0.001
08/02 04:22:24PM parser.py:31 [INFO] MOMENTUM=0.9
08/02 04:22:24PM parser.py:31 [INFO] NAME=BASELINE224
08/02 04:22:24PM parser.py:31 [INFO] NONKD=True
08/02 04:22:24PM parser.py:31 [INFO] PATH=results/evaluate_cell_KD/cifar100/BASELINE224/093713s1-20240802-162224
08/02 04:22:24PM parser.py:31 [INFO] PRINT_FREQ=50
08/02 04:22:24PM parser.py:31 [INFO] RESUME_PATH=None
08/02 04:22:24PM parser.py:31 [INFO] SAVE=093713s1
08/02 04:22:24PM parser.py:31 [INFO] SEED=1
08/02 04:22:24PM parser.py:31 [INFO] TEACHER_NAME=non
08/02 04:22:24PM parser.py:31 [INFO] TEACHER_PATH=non
08/02 04:22:24PM parser.py:31 [INFO] TRAIN_PORTION=0.9
08/02 04:22:24PM parser.py:31 [INFO] WEIGHT_DECAY=0.0003
08/02 04:22:24PM parser.py:31 [INFO] WORKERS=4
08/02 04:22:24PM parser.py:32 [INFO] 
08/02 04:22:25PM evaluateCell_trainer.py:102 [INFO] --> No loaded checkpoint!
08/02 04:22:51PM evaluateCell_trainer.py:199 [INFO] Valid: Epoch: [0][50/79]	Step 704	Loss 3.6470	Prec@(1,5) (13.3%, 38.8%)
08/02 04:22:51PM evaluateCell_trainer.py:199 [INFO] Valid: Epoch: [0][78/79]	Step 704	Loss 3.6458	Prec@(1,5) (13.4%, 38.6%)
08/02 04:22:51PM evaluateCell_trainer.py:206 [INFO] Valid: [  0/99] Final Prec@1 13.4000%
08/02 04:22:51午後 evaluateCell_main.py:75 [INFO] Until now, best Prec@1 = 13.4000%
08/02 04:23:18午後 evaluateCell_trainer.py:199 [INFO] Valid: Epoch: [1][50/79]	Step 1408	Loss 3.2193	Prec@(1,5) (21.1%, 50.6%)
08/02 04:23:19午後 evaluateCell_trainer.py:199 [INFO] Valid: Epoch: [1][78/79]	Step 1408	Loss 3.2206	Prec@(1,5) (20.8%, 50.5%)
08/02 04:23:19午後 evaluateCell_trainer.py:206 [INFO] Valid: [  1/99] Final Prec@1 20.8200%
08/02 04:23:19午後 evaluateCell_main.py:75 [INFO] Until now, best Prec@1 = 20.8200%
08/02 04:23:46午後 evaluateCell_trainer.py:199 [INFO] Valid: Epoch: [2][50/79]	Step 2112	Loss 2.9901	Prec@(1,5) (25.8%, 57.8%)
08/02 04:23:46午後 evaluateCell_trainer.py:199 [INFO] Valid: Epoch: [2][78/79]	Step 2112	Loss 2.9764	Prec@(1,5) (26.2%, 57.7%)
08/02 04:23:46午後 evaluateCell_trainer.py:206 [INFO] Valid: [  2/99] Final Prec@1 26.2000%
08/02 04:23:46午後 evaluateCell_main.py:75 [INFO] Until now, best Prec@1 = 26.2000%
08/02 04:24:13午後 evaluateCell_trainer.py:199 [INFO] Valid: Epoch: [3][50/79]	Step 2816	Loss 2.6969	Prec@(1,5) (31.4%, 64.7%)
08/02 04:24:14午後 evaluateCell_trainer.py:199 [INFO] Valid: Epoch: [3][78/79]	Step 2816	Loss 2.7082	Prec@(1,5) (31.6%, 64.2%)
08/02 04:24:14午後 evaluateCell_trainer.py:206 [INFO] Valid: [  3/99] Final Prec@1 31.5200%
08/02 04:24:14午後 evaluateCell_main.py:75 [INFO] Until now, best Prec@1 = 31.5200%
08/02 04:24:41午後 evaluateCell_trainer.py:199 [INFO] Valid: Epoch: [4][50/79]	Step 3520	Loss 2.3486	Prec@(1,5) (40.1%, 71.2%)
08/02 04:24:41午後 evaluateCell_trainer.py:199 [INFO] Valid: Epoch: [4][78/79]	Step 3520	Loss 2.3354	Prec@(1,5) (40.1%, 71.4%)
08/02 04:24:41午後 evaluateCell_trainer.py:206 [INFO] Valid: [  4/99] Final Prec@1 40.0600%
08/02 04:24:41午後 evaluateCell_main.py:75 [INFO] Until now, best Prec@1 = 40.0600%
08/02 04:25:08午後 evaluateCell_trainer.py:199 [INFO] Valid: Epoch: [5][50/79]	Step 4224	Loss 2.3501	Prec@(1,5) (37.9%, 71.2%)
08/02 04:25:09午後 evaluateCell_trainer.py:199 [INFO] Valid: Epoch: [5][78/79]	Step 4224	Loss 2.3545	Prec@(1,5) (38.5%, 70.6%)
08/02 04:25:09午後 evaluateCell_trainer.py:206 [INFO] Valid: [  5/99] Final Prec@1 38.4600%
08/02 04:25:09午後 evaluateCell_main.py:75 [INFO] Until now, best Prec@1 = 40.0600%
08/02 04:25:36午後 evaluateCell_trainer.py:199 [INFO] Valid: Epoch: [6][50/79]	Step 4928	Loss 2.0298	Prec@(1,5) (44.9%, 76.8%)
08/02 04:25:36午後 evaluateCell_trainer.py:199 [INFO] Valid: Epoch: [6][78/79]	Step 4928	Loss 2.0314	Prec@(1,5) (44.9%, 76.8%)
08/02 04:25:36午後 evaluateCell_trainer.py:206 [INFO] Valid: [  6/99] Final Prec@1 44.9000%
08/02 04:25:36午後 evaluateCell_main.py:75 [INFO] Until now, best Prec@1 = 44.9000%
08/02 04:26:04午後 evaluateCell_trainer.py:199 [INFO] Valid: Epoch: [7][50/79]	Step 5632	Loss 2.0588	Prec@(1,5) (45.1%, 76.6%)
08/02 04:26:04午後 evaluateCell_trainer.py:199 [INFO] Valid: Epoch: [7][78/79]	Step 5632	Loss 2.0434	Prec@(1,5) (45.1%, 76.9%)
08/02 04:26:04午後 evaluateCell_trainer.py:206 [INFO] Valid: [  7/99] Final Prec@1 45.0400%
08/02 04:26:04午後 evaluateCell_main.py:75 [INFO] Until now, best Prec@1 = 45.0400%
08/02 04:26:31午後 evaluateCell_trainer.py:199 [INFO] Valid: Epoch: [8][50/79]	Step 6336	Loss 1.9946	Prec@(1,5) (45.8%, 78.1%)
08/02 04:26:31午後 evaluateCell_trainer.py:199 [INFO] Valid: Epoch: [8][78/79]	Step 6336	Loss 1.9748	Prec@(1,5) (46.6%, 78.2%)
08/02 04:26:31午後 evaluateCell_trainer.py:206 [INFO] Valid: [  8/99] Final Prec@1 46.6000%
08/02 04:26:31午後 evaluateCell_main.py:75 [INFO] Until now, best Prec@1 = 46.6000%
08/02 04:26:58午後 evaluateCell_trainer.py:199 [INFO] Valid: Epoch: [9][50/79]	Step 7040	Loss 1.9055	Prec@(1,5) (49.1%, 79.4%)
08/02 04:26:59午後 evaluateCell_trainer.py:199 [INFO] Valid: Epoch: [9][78/79]	Step 7040	Loss 1.8995	Prec@(1,5) (49.0%, 79.7%)
08/02 04:26:59午後 evaluateCell_trainer.py:206 [INFO] Valid: [  9/99] Final Prec@1 48.9800%
08/02 04:26:59午後 evaluateCell_main.py:75 [INFO] Until now, best Prec@1 = 48.9800%
08/02 04:27:26午後 evaluateCell_trainer.py:199 [INFO] Valid: Epoch: [10][50/79]	Step 7744	Loss 1.8322	Prec@(1,5) (49.2%, 80.6%)
08/02 04:27:26午後 evaluateCell_trainer.py:199 [INFO] Valid: Epoch: [10][78/79]	Step 7744	Loss 1.8282	Prec@(1,5) (49.4%, 80.7%)
08/02 04:27:26午後 evaluateCell_trainer.py:206 [INFO] Valid: [ 10/99] Final Prec@1 49.4400%
08/02 04:27:26午後 evaluateCell_main.py:75 [INFO] Until now, best Prec@1 = 49.4400%
08/02 04:27:54午後 evaluateCell_trainer.py:199 [INFO] Valid: Epoch: [11][50/79]	Step 8448	Loss 1.8659	Prec@(1,5) (49.3%, 80.4%)
08/02 04:27:54午後 evaluateCell_trainer.py:199 [INFO] Valid: Epoch: [11][78/79]	Step 8448	Loss 1.8803	Prec@(1,5) (49.4%, 80.4%)
08/02 04:27:54午後 evaluateCell_trainer.py:206 [INFO] Valid: [ 11/99] Final Prec@1 49.4400%
08/02 04:27:54午後 evaluateCell_main.py:75 [INFO] Until now, best Prec@1 = 49.4400%
08/02 04:28:21午後 evaluateCell_trainer.py:199 [INFO] Valid: Epoch: [12][50/79]	Step 9152	Loss 1.8304	Prec@(1,5) (50.0%, 81.4%)
08/02 04:28:21午後 evaluateCell_trainer.py:199 [INFO] Valid: Epoch: [12][78/79]	Step 9152	Loss 1.8159	Prec@(1,5) (50.1%, 81.4%)
08/02 04:28:21午後 evaluateCell_trainer.py:206 [INFO] Valid: [ 12/99] Final Prec@1 50.1000%
08/02 04:28:22午後 evaluateCell_main.py:75 [INFO] Until now, best Prec@1 = 50.1000%
08/02 04:28:49午後 evaluateCell_trainer.py:199 [INFO] Valid: Epoch: [13][50/79]	Step 9856	Loss 1.8543	Prec@(1,5) (50.7%, 79.9%)
08/02 04:28:49午後 evaluateCell_trainer.py:199 [INFO] Valid: Epoch: [13][78/79]	Step 9856	Loss 1.8679	Prec@(1,5) (50.5%, 79.9%)
08/02 04:28:49午後 evaluateCell_trainer.py:206 [INFO] Valid: [ 13/99] Final Prec@1 50.4800%
08/02 04:28:49午後 evaluateCell_main.py:75 [INFO] Until now, best Prec@1 = 50.4800%
08/02 04:29:16午後 evaluateCell_trainer.py:199 [INFO] Valid: Epoch: [14][50/79]	Step 10560	Loss 1.7279	Prec@(1,5) (52.2%, 82.5%)
08/02 04:29:17午後 evaluateCell_trainer.py:199 [INFO] Valid: Epoch: [14][78/79]	Step 10560	Loss 1.7268	Prec@(1,5) (52.3%, 82.6%)
08/02 04:29:17午後 evaluateCell_trainer.py:206 [INFO] Valid: [ 14/99] Final Prec@1 52.3800%
08/02 04:29:17午後 evaluateCell_main.py:75 [INFO] Until now, best Prec@1 = 52.3800%
08/02 04:29:44午後 evaluateCell_trainer.py:199 [INFO] Valid: Epoch: [15][50/79]	Step 11264	Loss 1.8391	Prec@(1,5) (49.7%, 80.4%)
08/02 04:29:44午後 evaluateCell_trainer.py:199 [INFO] Valid: Epoch: [15][78/79]	Step 11264	Loss 1.7975	Prec@(1,5) (50.6%, 81.4%)
08/02 04:29:44午後 evaluateCell_trainer.py:206 [INFO] Valid: [ 15/99] Final Prec@1 50.5800%
08/02 04:29:44午後 evaluateCell_main.py:75 [INFO] Until now, best Prec@1 = 52.3800%
08/02 04:30:12午後 evaluateCell_trainer.py:199 [INFO] Valid: Epoch: [16][50/79]	Step 11968	Loss 1.7173	Prec@(1,5) (53.0%, 83.4%)
08/02 04:30:12午後 evaluateCell_trainer.py:199 [INFO] Valid: Epoch: [16][78/79]	Step 11968	Loss 1.6990	Prec@(1,5) (53.1%, 83.8%)
08/02 04:30:12午後 evaluateCell_trainer.py:206 [INFO] Valid: [ 16/99] Final Prec@1 53.1000%
08/02 04:30:13午後 evaluateCell_main.py:75 [INFO] Until now, best Prec@1 = 53.1000%
08/02 04:30:40午後 evaluateCell_trainer.py:199 [INFO] Valid: Epoch: [17][50/79]	Step 12672	Loss 1.6912	Prec@(1,5) (53.7%, 83.5%)
08/02 04:30:40午後 evaluateCell_trainer.py:199 [INFO] Valid: Epoch: [17][78/79]	Step 12672	Loss 1.7234	Prec@(1,5) (53.0%, 83.4%)
08/02 04:30:40午後 evaluateCell_trainer.py:206 [INFO] Valid: [ 17/99] Final Prec@1 53.0000%
08/02 04:30:40午後 evaluateCell_main.py:75 [INFO] Until now, best Prec@1 = 53.1000%
08/02 04:31:08午後 evaluateCell_trainer.py:199 [INFO] Valid: Epoch: [18][50/79]	Step 13376	Loss 1.7733	Prec@(1,5) (52.4%, 82.4%)
08/02 04:31:08午後 evaluateCell_trainer.py:199 [INFO] Valid: Epoch: [18][78/79]	Step 13376	Loss 1.7628	Prec@(1,5) (52.5%, 82.4%)
08/02 04:31:08午後 evaluateCell_trainer.py:206 [INFO] Valid: [ 18/99] Final Prec@1 52.5200%
08/02 04:31:09午後 evaluateCell_main.py:75 [INFO] Until now, best Prec@1 = 53.1000%
08/02 04:31:36午後 evaluateCell_trainer.py:199 [INFO] Valid: Epoch: [19][50/79]	Step 14080	Loss 1.7069	Prec@(1,5) (55.1%, 83.6%)
08/02 04:31:36午後 evaluateCell_trainer.py:199 [INFO] Valid: Epoch: [19][78/79]	Step 14080	Loss 1.7419	Prec@(1,5) (54.2%, 82.6%)
08/02 04:31:36午後 evaluateCell_trainer.py:206 [INFO] Valid: [ 19/99] Final Prec@1 54.1800%
08/02 04:31:36午後 evaluateCell_main.py:75 [INFO] Until now, best Prec@1 = 54.1800%
08/02 04:32:04午後 evaluateCell_trainer.py:199 [INFO] Valid: Epoch: [20][50/79]	Step 14784	Loss 1.7524	Prec@(1,5) (53.6%, 82.3%)
08/02 04:32:05午後 evaluateCell_trainer.py:199 [INFO] Valid: Epoch: [20][78/79]	Step 14784	Loss 1.7042	Prec@(1,5) (53.9%, 83.4%)
08/02 04:32:05午後 evaluateCell_trainer.py:206 [INFO] Valid: [ 20/99] Final Prec@1 53.9200%
08/02 04:32:05午後 evaluateCell_main.py:75 [INFO] Until now, best Prec@1 = 54.1800%
08/02 04:32:32午後 evaluateCell_trainer.py:199 [INFO] Valid: Epoch: [21][50/79]	Step 15488	Loss 1.7021	Prec@(1,5) (54.1%, 84.4%)
08/02 04:32:32午後 evaluateCell_trainer.py:199 [INFO] Valid: Epoch: [21][78/79]	Step 15488	Loss 1.6951	Prec@(1,5) (54.1%, 83.8%)
08/02 04:32:32午後 evaluateCell_trainer.py:206 [INFO] Valid: [ 21/99] Final Prec@1 54.1000%
08/02 04:32:32午後 evaluateCell_main.py:75 [INFO] Until now, best Prec@1 = 54.1800%
08/02 04:33:00午後 evaluateCell_trainer.py:199 [INFO] Valid: Epoch: [22][50/79]	Step 16192	Loss 1.6199	Prec@(1,5) (55.2%, 84.6%)
08/02 04:33:00午後 evaluateCell_trainer.py:199 [INFO] Valid: Epoch: [22][78/79]	Step 16192	Loss 1.6220	Prec@(1,5) (55.1%, 84.5%)
08/02 04:33:00午後 evaluateCell_trainer.py:206 [INFO] Valid: [ 22/99] Final Prec@1 55.1000%
08/02 04:33:00午後 evaluateCell_main.py:75 [INFO] Until now, best Prec@1 = 55.1000%
08/02 04:33:28午後 evaluateCell_trainer.py:199 [INFO] Valid: Epoch: [23][50/79]	Step 16896	Loss 1.5772	Prec@(1,5) (56.4%, 85.7%)
08/02 04:33:28午後 evaluateCell_trainer.py:199 [INFO] Valid: Epoch: [23][78/79]	Step 16896	Loss 1.5922	Prec@(1,5) (56.2%, 85.1%)
08/02 04:33:28午後 evaluateCell_trainer.py:206 [INFO] Valid: [ 23/99] Final Prec@1 56.2000%
08/02 04:33:28午後 evaluateCell_main.py:75 [INFO] Until now, best Prec@1 = 56.2000%
08/02 04:33:55午後 evaluateCell_trainer.py:199 [INFO] Valid: Epoch: [24][50/79]	Step 17600	Loss 1.6205	Prec@(1,5) (56.8%, 84.6%)
08/02 04:33:55午後 evaluateCell_trainer.py:199 [INFO] Valid: Epoch: [24][78/79]	Step 17600	Loss 1.6088	Prec@(1,5) (56.8%, 85.1%)
08/02 04:33:55午後 evaluateCell_trainer.py:206 [INFO] Valid: [ 24/99] Final Prec@1 56.8000%
08/02 04:33:56午後 evaluateCell_main.py:75 [INFO] Until now, best Prec@1 = 56.8000%
08/02 04:34:23午後 evaluateCell_trainer.py:199 [INFO] Valid: Epoch: [25][50/79]	Step 18304	Loss 1.5712	Prec@(1,5) (56.7%, 85.7%)
08/02 04:34:23午後 evaluateCell_trainer.py:199 [INFO] Valid: Epoch: [25][78/79]	Step 18304	Loss 1.5883	Prec@(1,5) (56.6%, 85.0%)
08/02 04:34:23午後 evaluateCell_trainer.py:206 [INFO] Valid: [ 25/99] Final Prec@1 56.6000%
08/02 04:34:23午後 evaluateCell_main.py:75 [INFO] Until now, best Prec@1 = 56.8000%
08/02 04:34:50午後 evaluateCell_trainer.py:199 [INFO] Valid: Epoch: [26][50/79]	Step 19008	Loss 1.5983	Prec@(1,5) (56.6%, 85.2%)
08/02 04:34:51午後 evaluateCell_trainer.py:199 [INFO] Valid: Epoch: [26][78/79]	Step 19008	Loss 1.5804	Prec@(1,5) (57.2%, 85.4%)
08/02 04:34:51午後 evaluateCell_trainer.py:206 [INFO] Valid: [ 26/99] Final Prec@1 57.1400%
08/02 04:34:51午後 evaluateCell_main.py:75 [INFO] Until now, best Prec@1 = 57.1400%
08/02 04:35:18午後 evaluateCell_trainer.py:199 [INFO] Valid: Epoch: [27][50/79]	Step 19712	Loss 1.6764	Prec@(1,5) (54.6%, 82.8%)
08/02 04:35:18午後 evaluateCell_trainer.py:199 [INFO] Valid: Epoch: [27][78/79]	Step 19712	Loss 1.6340	Prec@(1,5) (55.9%, 83.8%)
08/02 04:35:18午後 evaluateCell_trainer.py:206 [INFO] Valid: [ 27/99] Final Prec@1 55.9400%
08/02 04:35:18午後 evaluateCell_main.py:75 [INFO] Until now, best Prec@1 = 57.1400%
08/02 04:35:45午後 evaluateCell_trainer.py:199 [INFO] Valid: Epoch: [28][50/79]	Step 20416	Loss 1.5850	Prec@(1,5) (57.2%, 85.0%)
08/02 04:35:46午後 evaluateCell_trainer.py:199 [INFO] Valid: Epoch: [28][78/79]	Step 20416	Loss 1.5931	Prec@(1,5) (57.1%, 84.9%)
08/02 04:35:46午後 evaluateCell_trainer.py:206 [INFO] Valid: [ 28/99] Final Prec@1 57.1200%
08/02 04:35:46午後 evaluateCell_main.py:75 [INFO] Until now, best Prec@1 = 57.1400%
08/02 04:36:13午後 evaluateCell_trainer.py:199 [INFO] Valid: Epoch: [29][50/79]	Step 21120	Loss 1.5291	Prec@(1,5) (57.2%, 86.2%)
08/02 04:36:13午後 evaluateCell_trainer.py:199 [INFO] Valid: Epoch: [29][78/79]	Step 21120	Loss 1.5257	Prec@(1,5) (58.0%, 85.7%)
08/02 04:36:13午後 evaluateCell_trainer.py:206 [INFO] Valid: [ 29/99] Final Prec@1 58.0400%
08/02 04:36:13午後 evaluateCell_main.py:75 [INFO] Until now, best Prec@1 = 58.0400%
08/02 04:36:41午後 evaluateCell_trainer.py:199 [INFO] Valid: Epoch: [30][50/79]	Step 21824	Loss 1.6012	Prec@(1,5) (56.4%, 85.0%)
08/02 04:36:41午後 evaluateCell_trainer.py:199 [INFO] Valid: Epoch: [30][78/79]	Step 21824	Loss 1.6007	Prec@(1,5) (57.4%, 85.3%)
08/02 04:36:41午後 evaluateCell_trainer.py:206 [INFO] Valid: [ 30/99] Final Prec@1 57.3400%
08/02 04:36:41午後 evaluateCell_main.py:75 [INFO] Until now, best Prec@1 = 58.0400%
08/02 04:37:08午後 evaluateCell_trainer.py:199 [INFO] Valid: Epoch: [31][50/79]	Step 22528	Loss 1.4723	Prec@(1,5) (59.3%, 86.8%)
08/02 04:37:09午後 evaluateCell_trainer.py:199 [INFO] Valid: Epoch: [31][78/79]	Step 22528	Loss 1.4740	Prec@(1,5) (59.5%, 87.3%)
08/02 04:37:09午後 evaluateCell_trainer.py:206 [INFO] Valid: [ 31/99] Final Prec@1 59.4200%
08/02 04:37:09午後 evaluateCell_main.py:75 [INFO] Until now, best Prec@1 = 59.4200%
08/02 04:37:36午後 evaluateCell_trainer.py:199 [INFO] Valid: Epoch: [32][50/79]	Step 23232	Loss 1.5039	Prec@(1,5) (59.9%, 87.0%)
08/02 04:37:36午後 evaluateCell_trainer.py:199 [INFO] Valid: Epoch: [32][78/79]	Step 23232	Loss 1.5082	Prec@(1,5) (60.0%, 87.1%)
08/02 04:37:36午後 evaluateCell_trainer.py:206 [INFO] Valid: [ 32/99] Final Prec@1 59.9400%
08/02 04:37:36午後 evaluateCell_main.py:75 [INFO] Until now, best Prec@1 = 59.9400%
08/02 04:38:03午後 evaluateCell_trainer.py:199 [INFO] Valid: Epoch: [33][50/79]	Step 23936	Loss 1.4164	Prec@(1,5) (60.5%, 87.7%)
08/02 04:38:04午後 evaluateCell_trainer.py:199 [INFO] Valid: Epoch: [33][78/79]	Step 23936	Loss 1.4068	Prec@(1,5) (60.7%, 88.2%)
08/02 04:38:04午後 evaluateCell_trainer.py:206 [INFO] Valid: [ 33/99] Final Prec@1 60.7800%
08/02 04:38:04午後 evaluateCell_main.py:75 [INFO] Until now, best Prec@1 = 60.7800%
08/02 04:38:31午後 evaluateCell_trainer.py:199 [INFO] Valid: Epoch: [34][50/79]	Step 24640	Loss 1.6376	Prec@(1,5) (56.2%, 84.6%)
08/02 04:38:31午後 evaluateCell_trainer.py:199 [INFO] Valid: Epoch: [34][78/79]	Step 24640	Loss 1.5799	Prec@(1,5) (57.6%, 85.6%)
08/02 04:38:31午後 evaluateCell_trainer.py:206 [INFO] Valid: [ 34/99] Final Prec@1 57.6200%
08/02 04:38:31午後 evaluateCell_main.py:75 [INFO] Until now, best Prec@1 = 60.7800%
08/02 04:38:59午後 evaluateCell_trainer.py:199 [INFO] Valid: Epoch: [35][50/79]	Step 25344	Loss 1.5147	Prec@(1,5) (58.4%, 86.5%)
08/02 04:38:59午後 evaluateCell_trainer.py:199 [INFO] Valid: Epoch: [35][78/79]	Step 25344	Loss 1.5017	Prec@(1,5) (59.2%, 86.7%)
08/02 04:38:59午後 evaluateCell_trainer.py:206 [INFO] Valid: [ 35/99] Final Prec@1 59.2000%
08/02 04:38:59午後 evaluateCell_main.py:75 [INFO] Until now, best Prec@1 = 60.7800%
08/02 04:39:26午後 evaluateCell_trainer.py:199 [INFO] Valid: Epoch: [36][50/79]	Step 26048	Loss 1.5431	Prec@(1,5) (58.7%, 85.6%)
08/02 04:39:27午後 evaluateCell_trainer.py:199 [INFO] Valid: Epoch: [36][78/79]	Step 26048	Loss 1.5519	Prec@(1,5) (58.9%, 85.7%)
08/02 04:39:27午後 evaluateCell_trainer.py:206 [INFO] Valid: [ 36/99] Final Prec@1 58.9000%
08/02 04:39:27午後 evaluateCell_main.py:75 [INFO] Until now, best Prec@1 = 60.7800%
08/02 04:39:54午後 evaluateCell_trainer.py:199 [INFO] Valid: Epoch: [37][50/79]	Step 26752	Loss 1.3985	Prec@(1,5) (61.7%, 88.4%)
08/02 04:39:54午後 evaluateCell_trainer.py:199 [INFO] Valid: Epoch: [37][78/79]	Step 26752	Loss 1.4024	Prec@(1,5) (61.7%, 87.8%)
08/02 04:39:54午後 evaluateCell_trainer.py:206 [INFO] Valid: [ 37/99] Final Prec@1 61.7200%
08/02 04:39:54午後 evaluateCell_main.py:75 [INFO] Until now, best Prec@1 = 61.7200%
08/02 04:40:22午後 evaluateCell_trainer.py:199 [INFO] Valid: Epoch: [38][50/79]	Step 27456	Loss 1.5660	Prec@(1,5) (58.2%, 85.3%)
08/02 04:40:22午後 evaluateCell_trainer.py:199 [INFO] Valid: Epoch: [38][78/79]	Step 27456	Loss 1.5677	Prec@(1,5) (58.1%, 85.3%)
08/02 04:40:22午後 evaluateCell_trainer.py:206 [INFO] Valid: [ 38/99] Final Prec@1 58.0600%
08/02 04:40:23午後 evaluateCell_main.py:75 [INFO] Until now, best Prec@1 = 61.7200%
08/02 04:40:51午後 evaluateCell_trainer.py:199 [INFO] Valid: Epoch: [39][50/79]	Step 28160	Loss 1.4506	Prec@(1,5) (60.2%, 87.7%)
08/02 04:40:51午後 evaluateCell_trainer.py:199 [INFO] Valid: Epoch: [39][78/79]	Step 28160	Loss 1.4552	Prec@(1,5) (59.6%, 87.8%)
08/02 04:40:51午後 evaluateCell_trainer.py:206 [INFO] Valid: [ 39/99] Final Prec@1 59.6200%
08/02 04:40:51午後 evaluateCell_main.py:75 [INFO] Until now, best Prec@1 = 61.7200%
08/02 04:41:19午後 evaluateCell_trainer.py:199 [INFO] Valid: Epoch: [40][50/79]	Step 28864	Loss 1.4265	Prec@(1,5) (61.2%, 87.9%)
08/02 04:41:19午後 evaluateCell_trainer.py:199 [INFO] Valid: Epoch: [40][78/79]	Step 28864	Loss 1.4241	Prec@(1,5) (61.6%, 87.6%)
08/02 04:41:19午後 evaluateCell_trainer.py:206 [INFO] Valid: [ 40/99] Final Prec@1 61.6000%
08/02 04:41:19午後 evaluateCell_main.py:75 [INFO] Until now, best Prec@1 = 61.7200%
08/02 04:41:47午後 evaluateCell_trainer.py:199 [INFO] Valid: Epoch: [41][50/79]	Step 29568	Loss 1.4445	Prec@(1,5) (62.8%, 87.3%)
08/02 04:41:47午後 evaluateCell_trainer.py:199 [INFO] Valid: Epoch: [41][78/79]	Step 29568	Loss 1.4381	Prec@(1,5) (62.1%, 87.5%)
08/02 04:41:47午後 evaluateCell_trainer.py:206 [INFO] Valid: [ 41/99] Final Prec@1 62.0800%
08/02 04:41:47午後 evaluateCell_main.py:75 [INFO] Until now, best Prec@1 = 62.0800%
08/02 04:42:15午後 evaluateCell_trainer.py:199 [INFO] Valid: Epoch: [42][50/79]	Step 30272	Loss 1.5116	Prec@(1,5) (60.7%, 87.2%)
08/02 04:42:15午後 evaluateCell_trainer.py:199 [INFO] Valid: Epoch: [42][78/79]	Step 30272	Loss 1.4838	Prec@(1,5) (61.3%, 87.1%)
08/02 04:42:15午後 evaluateCell_trainer.py:206 [INFO] Valid: [ 42/99] Final Prec@1 61.3000%
08/02 04:42:15午後 evaluateCell_main.py:75 [INFO] Until now, best Prec@1 = 62.0800%
08/02 04:42:43午後 evaluateCell_trainer.py:199 [INFO] Valid: Epoch: [43][50/79]	Step 30976	Loss 1.3700	Prec@(1,5) (62.2%, 88.6%)
08/02 04:42:43午後 evaluateCell_trainer.py:199 [INFO] Valid: Epoch: [43][78/79]	Step 30976	Loss 1.3748	Prec@(1,5) (62.2%, 88.6%)
08/02 04:42:43午後 evaluateCell_trainer.py:206 [INFO] Valid: [ 43/99] Final Prec@1 62.2400%
08/02 04:42:43午後 evaluateCell_main.py:75 [INFO] Until now, best Prec@1 = 62.2400%
08/02 04:43:12午後 evaluateCell_trainer.py:199 [INFO] Valid: Epoch: [44][50/79]	Step 31680	Loss 1.4397	Prec@(1,5) (61.6%, 88.1%)
08/02 04:43:12午後 evaluateCell_trainer.py:199 [INFO] Valid: Epoch: [44][78/79]	Step 31680	Loss 1.4226	Prec@(1,5) (61.8%, 88.3%)
08/02 04:43:12午後 evaluateCell_trainer.py:206 [INFO] Valid: [ 44/99] Final Prec@1 61.7400%
08/02 04:43:12午後 evaluateCell_main.py:75 [INFO] Until now, best Prec@1 = 62.2400%
08/02 04:43:40午後 evaluateCell_trainer.py:199 [INFO] Valid: Epoch: [45][50/79]	Step 32384	Loss 1.4664	Prec@(1,5) (61.1%, 87.5%)
08/02 04:43:40午後 evaluateCell_trainer.py:199 [INFO] Valid: Epoch: [45][78/79]	Step 32384	Loss 1.4422	Prec@(1,5) (61.3%, 88.0%)
08/02 04:43:40午後 evaluateCell_trainer.py:206 [INFO] Valid: [ 45/99] Final Prec@1 61.2800%
08/02 04:43:40午後 evaluateCell_main.py:75 [INFO] Until now, best Prec@1 = 62.2400%
08/02 04:44:08午後 evaluateCell_trainer.py:199 [INFO] Valid: Epoch: [46][50/79]	Step 33088	Loss 1.3522	Prec@(1,5) (62.7%, 89.1%)
08/02 04:44:09午後 evaluateCell_trainer.py:199 [INFO] Valid: Epoch: [46][78/79]	Step 33088	Loss 1.3453	Prec@(1,5) (62.9%, 89.0%)
08/02 04:44:09午後 evaluateCell_trainer.py:206 [INFO] Valid: [ 46/99] Final Prec@1 62.9000%
08/02 04:44:09午後 evaluateCell_main.py:75 [INFO] Until now, best Prec@1 = 62.9000%
08/02 04:44:37午後 evaluateCell_trainer.py:199 [INFO] Valid: Epoch: [47][50/79]	Step 33792	Loss 1.4020	Prec@(1,5) (61.7%, 88.7%)
08/02 04:44:37午後 evaluateCell_trainer.py:199 [INFO] Valid: Epoch: [47][78/79]	Step 33792	Loss 1.3907	Prec@(1,5) (62.2%, 89.0%)
08/02 04:44:38午後 evaluateCell_trainer.py:206 [INFO] Valid: [ 47/99] Final Prec@1 62.1400%
08/02 04:44:38午後 evaluateCell_main.py:75 [INFO] Until now, best Prec@1 = 62.9000%
08/02 04:45:06午後 evaluateCell_trainer.py:199 [INFO] Valid: Epoch: [48][50/79]	Step 34496	Loss 1.3985	Prec@(1,5) (62.8%, 88.3%)
08/02 04:45:06午後 evaluateCell_trainer.py:199 [INFO] Valid: Epoch: [48][78/79]	Step 34496	Loss 1.3841	Prec@(1,5) (63.1%, 88.6%)
08/02 04:45:06午後 evaluateCell_trainer.py:206 [INFO] Valid: [ 48/99] Final Prec@1 63.1800%
08/02 04:45:06午後 evaluateCell_main.py:75 [INFO] Until now, best Prec@1 = 63.1800%
08/02 04:45:34午後 evaluateCell_trainer.py:199 [INFO] Valid: Epoch: [49][50/79]	Step 35200	Loss 1.3799	Prec@(1,5) (63.8%, 89.0%)
08/02 04:45:35午後 evaluateCell_trainer.py:199 [INFO] Valid: Epoch: [49][78/79]	Step 35200	Loss 1.3896	Prec@(1,5) (63.4%, 89.1%)
08/02 04:45:35午後 evaluateCell_trainer.py:206 [INFO] Valid: [ 49/99] Final Prec@1 63.3600%
08/02 04:45:35午後 evaluateCell_main.py:75 [INFO] Until now, best Prec@1 = 63.3600%
08/02 04:46:03午後 evaluateCell_trainer.py:199 [INFO] Valid: Epoch: [50][50/79]	Step 35904	Loss 1.3810	Prec@(1,5) (63.4%, 88.5%)
08/02 04:46:03午後 evaluateCell_trainer.py:199 [INFO] Valid: Epoch: [50][78/79]	Step 35904	Loss 1.4128	Prec@(1,5) (62.6%, 88.0%)
08/02 04:46:03午後 evaluateCell_trainer.py:206 [INFO] Valid: [ 50/99] Final Prec@1 62.6400%
08/02 04:46:03午後 evaluateCell_main.py:75 [INFO] Until now, best Prec@1 = 63.3600%
08/02 04:46:31午後 evaluateCell_trainer.py:199 [INFO] Valid: Epoch: [51][50/79]	Step 36608	Loss 1.3306	Prec@(1,5) (63.7%, 89.6%)
08/02 04:46:32午後 evaluateCell_trainer.py:199 [INFO] Valid: Epoch: [51][78/79]	Step 36608	Loss 1.3405	Prec@(1,5) (63.4%, 89.6%)
08/02 04:46:32午後 evaluateCell_trainer.py:206 [INFO] Valid: [ 51/99] Final Prec@1 63.4000%
08/02 04:46:32午後 evaluateCell_main.py:75 [INFO] Until now, best Prec@1 = 63.4000%
08/02 04:47:00午後 evaluateCell_trainer.py:199 [INFO] Valid: Epoch: [52][50/79]	Step 37312	Loss 1.3978	Prec@(1,5) (63.0%, 89.0%)
08/02 04:47:00午後 evaluateCell_trainer.py:199 [INFO] Valid: Epoch: [52][78/79]	Step 37312	Loss 1.3918	Prec@(1,5) (63.2%, 89.1%)
08/02 04:47:00午後 evaluateCell_trainer.py:206 [INFO] Valid: [ 52/99] Final Prec@1 63.1800%
08/02 04:47:00午後 evaluateCell_main.py:75 [INFO] Until now, best Prec@1 = 63.4000%
08/02 04:47:28午後 evaluateCell_trainer.py:199 [INFO] Valid: Epoch: [53][50/79]	Step 38016	Loss 1.3271	Prec@(1,5) (63.5%, 89.6%)
08/02 04:47:29午後 evaluateCell_trainer.py:199 [INFO] Valid: Epoch: [53][78/79]	Step 38016	Loss 1.3517	Prec@(1,5) (63.8%, 89.2%)
08/02 04:47:29午後 evaluateCell_trainer.py:206 [INFO] Valid: [ 53/99] Final Prec@1 63.9000%
08/02 04:47:29午後 evaluateCell_main.py:75 [INFO] Until now, best Prec@1 = 63.9000%
08/02 04:47:56午後 evaluateCell_trainer.py:199 [INFO] Valid: Epoch: [54][50/79]	Step 38720	Loss 1.3974	Prec@(1,5) (63.7%, 88.5%)
08/02 04:47:57午後 evaluateCell_trainer.py:199 [INFO] Valid: Epoch: [54][78/79]	Step 38720	Loss 1.3841	Prec@(1,5) (64.1%, 88.6%)
08/02 04:47:57午後 evaluateCell_trainer.py:206 [INFO] Valid: [ 54/99] Final Prec@1 64.1400%
08/02 04:47:57午後 evaluateCell_main.py:75 [INFO] Until now, best Prec@1 = 64.1400%
08/02 04:48:25午後 evaluateCell_trainer.py:199 [INFO] Valid: Epoch: [55][50/79]	Step 39424	Loss 1.2822	Prec@(1,5) (65.4%, 89.9%)
08/02 04:48:25午後 evaluateCell_trainer.py:199 [INFO] Valid: Epoch: [55][78/79]	Step 39424	Loss 1.2931	Prec@(1,5) (65.6%, 89.6%)
08/02 04:48:25午後 evaluateCell_trainer.py:206 [INFO] Valid: [ 55/99] Final Prec@1 65.6200%
08/02 04:48:25午後 evaluateCell_main.py:75 [INFO] Until now, best Prec@1 = 65.6200%
08/02 04:48:53午後 evaluateCell_trainer.py:199 [INFO] Valid: Epoch: [56][50/79]	Step 40128	Loss 1.3044	Prec@(1,5) (65.6%, 89.2%)
08/02 04:48:54午後 evaluateCell_trainer.py:199 [INFO] Valid: Epoch: [56][78/79]	Step 40128	Loss 1.2915	Prec@(1,5) (65.8%, 89.6%)
08/02 04:48:54午後 evaluateCell_trainer.py:206 [INFO] Valid: [ 56/99] Final Prec@1 65.8000%
08/02 04:48:54午後 evaluateCell_main.py:75 [INFO] Until now, best Prec@1 = 65.8000%
08/02 04:49:22午後 evaluateCell_trainer.py:199 [INFO] Valid: Epoch: [57][50/79]	Step 40832	Loss 1.3237	Prec@(1,5) (64.7%, 90.0%)
08/02 04:49:22午後 evaluateCell_trainer.py:199 [INFO] Valid: Epoch: [57][78/79]	Step 40832	Loss 1.3007	Prec@(1,5) (65.5%, 90.3%)
08/02 04:49:22午後 evaluateCell_trainer.py:206 [INFO] Valid: [ 57/99] Final Prec@1 65.4400%
08/02 04:49:22午後 evaluateCell_main.py:75 [INFO] Until now, best Prec@1 = 65.8000%
08/02 04:49:50午後 evaluateCell_trainer.py:199 [INFO] Valid: Epoch: [58][50/79]	Step 41536	Loss 1.2790	Prec@(1,5) (66.1%, 90.1%)
08/02 04:49:50午後 evaluateCell_trainer.py:199 [INFO] Valid: Epoch: [58][78/79]	Step 41536	Loss 1.3259	Prec@(1,5) (65.1%, 89.7%)
08/02 04:49:51午後 evaluateCell_trainer.py:206 [INFO] Valid: [ 58/99] Final Prec@1 65.1200%
08/02 04:49:51午後 evaluateCell_main.py:75 [INFO] Until now, best Prec@1 = 65.8000%
08/02 04:50:18午後 evaluateCell_trainer.py:199 [INFO] Valid: Epoch: [59][50/79]	Step 42240	Loss 1.3756	Prec@(1,5) (64.4%, 89.8%)
08/02 04:50:18午後 evaluateCell_trainer.py:199 [INFO] Valid: Epoch: [59][78/79]	Step 42240	Loss 1.3809	Prec@(1,5) (64.1%, 89.6%)
08/02 04:50:18午後 evaluateCell_trainer.py:206 [INFO] Valid: [ 59/99] Final Prec@1 64.0800%
08/02 04:50:18午後 evaluateCell_main.py:75 [INFO] Until now, best Prec@1 = 65.8000%
08/02 04:50:47午後 evaluateCell_trainer.py:199 [INFO] Valid: Epoch: [60][50/79]	Step 42944	Loss 1.2156	Prec@(1,5) (67.4%, 91.7%)
08/02 04:50:47午後 evaluateCell_trainer.py:199 [INFO] Valid: Epoch: [60][78/79]	Step 42944	Loss 1.2411	Prec@(1,5) (66.9%, 91.1%)
08/02 04:50:47午後 evaluateCell_trainer.py:206 [INFO] Valid: [ 60/99] Final Prec@1 67.0000%
08/02 04:50:47午後 evaluateCell_main.py:75 [INFO] Until now, best Prec@1 = 67.0000%
08/02 04:51:15午後 evaluateCell_trainer.py:199 [INFO] Valid: Epoch: [61][50/79]	Step 43648	Loss 1.2836	Prec@(1,5) (64.7%, 89.7%)
08/02 04:51:15午後 evaluateCell_trainer.py:199 [INFO] Valid: Epoch: [61][78/79]	Step 43648	Loss 1.2998	Prec@(1,5) (65.4%, 90.0%)
08/02 04:51:15午後 evaluateCell_trainer.py:206 [INFO] Valid: [ 61/99] Final Prec@1 65.4200%
08/02 04:51:15午後 evaluateCell_main.py:75 [INFO] Until now, best Prec@1 = 67.0000%
08/02 04:51:44午後 evaluateCell_trainer.py:199 [INFO] Valid: Epoch: [62][50/79]	Step 44352	Loss 1.2445	Prec@(1,5) (67.2%, 90.4%)
08/02 04:51:44午後 evaluateCell_trainer.py:199 [INFO] Valid: Epoch: [62][78/79]	Step 44352	Loss 1.2448	Prec@(1,5) (67.2%, 90.5%)
08/02 04:51:44午後 evaluateCell_trainer.py:206 [INFO] Valid: [ 62/99] Final Prec@1 67.1600%
08/02 04:51:44午後 evaluateCell_main.py:75 [INFO] Until now, best Prec@1 = 67.1600%
08/02 04:52:12午後 evaluateCell_trainer.py:199 [INFO] Valid: Epoch: [63][50/79]	Step 45056	Loss 1.2011	Prec@(1,5) (67.5%, 91.5%)
08/02 04:52:12午後 evaluateCell_trainer.py:199 [INFO] Valid: Epoch: [63][78/79]	Step 45056	Loss 1.2253	Prec@(1,5) (67.7%, 90.9%)
08/02 04:52:12午後 evaluateCell_trainer.py:206 [INFO] Valid: [ 63/99] Final Prec@1 67.6400%
08/02 04:52:12午後 evaluateCell_main.py:75 [INFO] Until now, best Prec@1 = 67.6400%
08/02 04:52:40午後 evaluateCell_trainer.py:199 [INFO] Valid: Epoch: [64][50/79]	Step 45760	Loss 1.2619	Prec@(1,5) (66.2%, 90.4%)
08/02 04:52:41午後 evaluateCell_trainer.py:199 [INFO] Valid: Epoch: [64][78/79]	Step 45760	Loss 1.2594	Prec@(1,5) (66.3%, 90.4%)
08/02 04:52:41午後 evaluateCell_trainer.py:206 [INFO] Valid: [ 64/99] Final Prec@1 66.2400%
08/02 04:52:41午後 evaluateCell_main.py:75 [INFO] Until now, best Prec@1 = 67.6400%
08/02 04:53:09午後 evaluateCell_trainer.py:199 [INFO] Valid: Epoch: [65][50/79]	Step 46464	Loss 1.2576	Prec@(1,5) (67.0%, 91.5%)
08/02 04:53:09午後 evaluateCell_trainer.py:199 [INFO] Valid: Epoch: [65][78/79]	Step 46464	Loss 1.2622	Prec@(1,5) (66.6%, 91.5%)
08/02 04:53:09午後 evaluateCell_trainer.py:206 [INFO] Valid: [ 65/99] Final Prec@1 66.6400%
08/02 04:53:09午後 evaluateCell_main.py:75 [INFO] Until now, best Prec@1 = 67.6400%
08/02 04:53:37午後 evaluateCell_trainer.py:199 [INFO] Valid: Epoch: [66][50/79]	Step 47168	Loss 1.2384	Prec@(1,5) (67.6%, 91.7%)
08/02 04:53:38午後 evaluateCell_trainer.py:199 [INFO] Valid: Epoch: [66][78/79]	Step 47168	Loss 1.2415	Prec@(1,5) (67.8%, 91.5%)
08/02 04:53:38午後 evaluateCell_trainer.py:206 [INFO] Valid: [ 66/99] Final Prec@1 67.7800%
08/02 04:53:38午後 evaluateCell_main.py:75 [INFO] Until now, best Prec@1 = 67.7800%
08/02 04:54:06午後 evaluateCell_trainer.py:199 [INFO] Valid: Epoch: [67][50/79]	Step 47872	Loss 1.2437	Prec@(1,5) (68.1%, 90.7%)
08/02 04:54:06午後 evaluateCell_trainer.py:199 [INFO] Valid: Epoch: [67][78/79]	Step 47872	Loss 1.2372	Prec@(1,5) (67.8%, 91.0%)
08/02 04:54:06午後 evaluateCell_trainer.py:206 [INFO] Valid: [ 67/99] Final Prec@1 67.8400%
08/02 04:54:06午後 evaluateCell_main.py:75 [INFO] Until now, best Prec@1 = 67.8400%
08/02 04:54:34午後 evaluateCell_trainer.py:199 [INFO] Valid: Epoch: [68][50/79]	Step 48576	Loss 1.2388	Prec@(1,5) (66.6%, 91.4%)
08/02 04:54:35午後 evaluateCell_trainer.py:199 [INFO] Valid: Epoch: [68][78/79]	Step 48576	Loss 1.2370	Prec@(1,5) (67.1%, 91.4%)
08/02 04:54:35午後 evaluateCell_trainer.py:206 [INFO] Valid: [ 68/99] Final Prec@1 67.1800%
08/02 04:54:35午後 evaluateCell_main.py:75 [INFO] Until now, best Prec@1 = 67.8400%
08/02 04:55:03午後 evaluateCell_trainer.py:199 [INFO] Valid: Epoch: [69][50/79]	Step 49280	Loss 1.2367	Prec@(1,5) (68.5%, 91.5%)
08/02 04:55:03午後 evaluateCell_trainer.py:199 [INFO] Valid: Epoch: [69][78/79]	Step 49280	Loss 1.2378	Prec@(1,5) (68.6%, 91.4%)
08/02 04:55:03午後 evaluateCell_trainer.py:206 [INFO] Valid: [ 69/99] Final Prec@1 68.6200%
08/02 04:55:03午後 evaluateCell_main.py:75 [INFO] Until now, best Prec@1 = 68.6200%
08/02 04:55:32午後 evaluateCell_trainer.py:199 [INFO] Valid: Epoch: [70][50/79]	Step 49984	Loss 1.2159	Prec@(1,5) (68.1%, 91.7%)
08/02 04:55:32午後 evaluateCell_trainer.py:199 [INFO] Valid: Epoch: [70][78/79]	Step 49984	Loss 1.2267	Prec@(1,5) (68.1%, 91.4%)
08/02 04:55:32午後 evaluateCell_trainer.py:206 [INFO] Valid: [ 70/99] Final Prec@1 68.0600%
08/02 04:55:32午後 evaluateCell_main.py:75 [INFO] Until now, best Prec@1 = 68.6200%
08/02 04:56:00午後 evaluateCell_trainer.py:199 [INFO] Valid: Epoch: [71][50/79]	Step 50688	Loss 1.2248	Prec@(1,5) (68.0%, 91.5%)
08/02 04:56:00午後 evaluateCell_trainer.py:199 [INFO] Valid: Epoch: [71][78/79]	Step 50688	Loss 1.2221	Prec@(1,5) (68.0%, 91.3%)
08/02 04:56:00午後 evaluateCell_trainer.py:206 [INFO] Valid: [ 71/99] Final Prec@1 68.0400%
08/02 04:56:00午後 evaluateCell_main.py:75 [INFO] Until now, best Prec@1 = 68.6200%
08/02 04:56:29午後 evaluateCell_trainer.py:199 [INFO] Valid: Epoch: [72][50/79]	Step 51392	Loss 1.1956	Prec@(1,5) (69.0%, 91.7%)
08/02 04:56:29午後 evaluateCell_trainer.py:199 [INFO] Valid: Epoch: [72][78/79]	Step 51392	Loss 1.2015	Prec@(1,5) (69.3%, 91.5%)
08/02 04:56:29午後 evaluateCell_trainer.py:206 [INFO] Valid: [ 72/99] Final Prec@1 69.3200%
08/02 04:56:29午後 evaluateCell_main.py:75 [INFO] Until now, best Prec@1 = 69.3200%
08/02 04:56:57午後 evaluateCell_trainer.py:199 [INFO] Valid: Epoch: [73][50/79]	Step 52096	Loss 1.2373	Prec@(1,5) (68.7%, 91.6%)
08/02 04:56:57午後 evaluateCell_trainer.py:199 [INFO] Valid: Epoch: [73][78/79]	Step 52096	Loss 1.2325	Prec@(1,5) (69.0%, 91.4%)
08/02 04:56:57午後 evaluateCell_trainer.py:206 [INFO] Valid: [ 73/99] Final Prec@1 69.0000%
08/02 04:56:57午後 evaluateCell_main.py:75 [INFO] Until now, best Prec@1 = 69.3200%
08/02 04:57:25午後 evaluateCell_trainer.py:199 [INFO] Valid: Epoch: [74][50/79]	Step 52800	Loss 1.1980	Prec@(1,5) (69.0%, 91.8%)
08/02 04:57:26午後 evaluateCell_trainer.py:199 [INFO] Valid: Epoch: [74][78/79]	Step 52800	Loss 1.2039	Prec@(1,5) (69.2%, 91.7%)
08/02 04:57:26午後 evaluateCell_trainer.py:206 [INFO] Valid: [ 74/99] Final Prec@1 69.1600%
08/02 04:57:26午後 evaluateCell_main.py:75 [INFO] Until now, best Prec@1 = 69.3200%
08/02 04:57:54午後 evaluateCell_trainer.py:199 [INFO] Valid: Epoch: [75][50/79]	Step 53504	Loss 1.1557	Prec@(1,5) (70.8%, 92.5%)
08/02 04:57:54午後 evaluateCell_trainer.py:199 [INFO] Valid: Epoch: [75][78/79]	Step 53504	Loss 1.1882	Prec@(1,5) (70.2%, 92.3%)
08/02 04:57:54午後 evaluateCell_trainer.py:206 [INFO] Valid: [ 75/99] Final Prec@1 70.1800%
08/02 04:57:54午後 evaluateCell_main.py:75 [INFO] Until now, best Prec@1 = 70.1800%
08/02 04:58:22午後 evaluateCell_trainer.py:199 [INFO] Valid: Epoch: [76][50/79]	Step 54208	Loss 1.2176	Prec@(1,5) (69.5%, 91.5%)
08/02 04:58:22午後 evaluateCell_trainer.py:199 [INFO] Valid: Epoch: [76][78/79]	Step 54208	Loss 1.2274	Prec@(1,5) (69.5%, 91.5%)
08/02 04:58:22午後 evaluateCell_trainer.py:206 [INFO] Valid: [ 76/99] Final Prec@1 69.4800%
08/02 04:58:22午後 evaluateCell_main.py:75 [INFO] Until now, best Prec@1 = 70.1800%
08/02 04:58:51午後 evaluateCell_trainer.py:199 [INFO] Valid: Epoch: [77][50/79]	Step 54912	Loss 1.2312	Prec@(1,5) (68.6%, 91.0%)
08/02 04:58:51午後 evaluateCell_trainer.py:199 [INFO] Valid: Epoch: [77][78/79]	Step 54912	Loss 1.2352	Prec@(1,5) (69.1%, 91.3%)
08/02 04:58:51午後 evaluateCell_trainer.py:206 [INFO] Valid: [ 77/99] Final Prec@1 69.0400%
08/02 04:58:51午後 evaluateCell_main.py:75 [INFO] Until now, best Prec@1 = 70.1800%
08/02 04:59:18午後 evaluateCell_trainer.py:199 [INFO] Valid: Epoch: [78][50/79]	Step 55616	Loss 1.2293	Prec@(1,5) (69.5%, 92.2%)
08/02 04:59:19午後 evaluateCell_trainer.py:199 [INFO] Valid: Epoch: [78][78/79]	Step 55616	Loss 1.2108	Prec@(1,5) (69.6%, 92.4%)
08/02 04:59:19午後 evaluateCell_trainer.py:206 [INFO] Valid: [ 78/99] Final Prec@1 69.5800%
08/02 04:59:19午後 evaluateCell_main.py:75 [INFO] Until now, best Prec@1 = 70.1800%
08/02 04:59:46午後 evaluateCell_trainer.py:199 [INFO] Valid: Epoch: [79][50/79]	Step 56320	Loss 1.2118	Prec@(1,5) (69.7%, 92.2%)
08/02 04:59:46午後 evaluateCell_trainer.py:199 [INFO] Valid: Epoch: [79][78/79]	Step 56320	Loss 1.2009	Prec@(1,5) (70.0%, 92.3%)
08/02 04:59:46午後 evaluateCell_trainer.py:206 [INFO] Valid: [ 79/99] Final Prec@1 70.0200%
08/02 04:59:46午後 evaluateCell_main.py:75 [INFO] Until now, best Prec@1 = 70.1800%
08/02 05:00:15午後 evaluateCell_trainer.py:199 [INFO] Valid: Epoch: [80][50/79]	Step 57024	Loss 1.1460	Prec@(1,5) (70.6%, 92.9%)
08/02 05:00:15午後 evaluateCell_trainer.py:199 [INFO] Valid: Epoch: [80][78/79]	Step 57024	Loss 1.1827	Prec@(1,5) (70.2%, 92.5%)
08/02 05:00:15午後 evaluateCell_trainer.py:206 [INFO] Valid: [ 80/99] Final Prec@1 70.1400%
08/02 05:00:15午後 evaluateCell_main.py:75 [INFO] Until now, best Prec@1 = 70.1800%
08/02 05:00:42午後 evaluateCell_trainer.py:199 [INFO] Valid: Epoch: [81][50/79]	Step 57728	Loss 1.2698	Prec@(1,5) (68.9%, 91.9%)
08/02 05:00:43午後 evaluateCell_trainer.py:199 [INFO] Valid: Epoch: [81][78/79]	Step 57728	Loss 1.2033	Prec@(1,5) (69.8%, 92.5%)
08/02 05:00:43午後 evaluateCell_trainer.py:206 [INFO] Valid: [ 81/99] Final Prec@1 69.8400%
08/02 05:00:43午後 evaluateCell_main.py:75 [INFO] Until now, best Prec@1 = 70.1800%
08/02 05:01:10午後 evaluateCell_trainer.py:199 [INFO] Valid: Epoch: [82][50/79]	Step 58432	Loss 1.1723	Prec@(1,5) (71.3%, 92.6%)
08/02 05:01:10午後 evaluateCell_trainer.py:199 [INFO] Valid: Epoch: [82][78/79]	Step 58432	Loss 1.1613	Prec@(1,5) (71.6%, 92.5%)
08/02 05:01:10午後 evaluateCell_trainer.py:206 [INFO] Valid: [ 82/99] Final Prec@1 71.6000%
08/02 05:01:10午後 evaluateCell_main.py:75 [INFO] Until now, best Prec@1 = 71.6000%
08/02 05:01:39午後 evaluateCell_trainer.py:199 [INFO] Valid: Epoch: [83][50/79]	Step 59136	Loss 1.1903	Prec@(1,5) (70.4%, 91.9%)
08/02 05:01:39午後 evaluateCell_trainer.py:199 [INFO] Valid: Epoch: [83][78/79]	Step 59136	Loss 1.1880	Prec@(1,5) (70.3%, 92.1%)
08/02 05:01:39午後 evaluateCell_trainer.py:206 [INFO] Valid: [ 83/99] Final Prec@1 70.3200%
08/02 05:01:39午後 evaluateCell_main.py:75 [INFO] Until now, best Prec@1 = 71.6000%
08/02 05:02:07午後 evaluateCell_trainer.py:199 [INFO] Valid: Epoch: [84][50/79]	Step 59840	Loss 1.1319	Prec@(1,5) (71.9%, 92.7%)
08/02 05:02:07午後 evaluateCell_trainer.py:199 [INFO] Valid: Epoch: [84][78/79]	Step 59840	Loss 1.1789	Prec@(1,5) (70.7%, 92.6%)
08/02 05:02:07午後 evaluateCell_trainer.py:206 [INFO] Valid: [ 84/99] Final Prec@1 70.7200%
08/02 05:02:08午後 evaluateCell_main.py:75 [INFO] Until now, best Prec@1 = 71.6000%
08/02 05:02:35午後 evaluateCell_trainer.py:199 [INFO] Valid: Epoch: [85][50/79]	Step 60544	Loss 1.1425	Prec@(1,5) (71.8%, 93.3%)
08/02 05:02:35午後 evaluateCell_trainer.py:199 [INFO] Valid: Epoch: [85][78/79]	Step 60544	Loss 1.1575	Prec@(1,5) (71.3%, 93.0%)
08/02 05:02:35午後 evaluateCell_trainer.py:206 [INFO] Valid: [ 85/99] Final Prec@1 71.3000%
08/02 05:02:35午後 evaluateCell_main.py:75 [INFO] Until now, best Prec@1 = 71.6000%
08/02 05:03:02午後 evaluateCell_trainer.py:199 [INFO] Valid: Epoch: [86][50/79]	Step 61248	Loss 1.1680	Prec@(1,5) (71.1%, 92.9%)
08/02 05:03:03午後 evaluateCell_trainer.py:199 [INFO] Valid: Epoch: [86][78/79]	Step 61248	Loss 1.1876	Prec@(1,5) (70.8%, 92.5%)
08/02 05:03:03午後 evaluateCell_trainer.py:206 [INFO] Valid: [ 86/99] Final Prec@1 70.7600%
08/02 05:03:03午後 evaluateCell_main.py:75 [INFO] Until now, best Prec@1 = 71.6000%
08/02 05:03:31午後 evaluateCell_trainer.py:199 [INFO] Valid: Epoch: [87][50/79]	Step 61952	Loss 1.1396	Prec@(1,5) (71.5%, 93.2%)
08/02 05:03:31午後 evaluateCell_trainer.py:199 [INFO] Valid: Epoch: [87][78/79]	Step 61952	Loss 1.1802	Prec@(1,5) (70.6%, 92.7%)
08/02 05:03:31午後 evaluateCell_trainer.py:206 [INFO] Valid: [ 87/99] Final Prec@1 70.6200%
08/02 05:03:31午後 evaluateCell_main.py:75 [INFO] Until now, best Prec@1 = 71.6000%
08/02 05:03:59午後 evaluateCell_trainer.py:199 [INFO] Valid: Epoch: [88][50/79]	Step 62656	Loss 1.2150	Prec@(1,5) (70.8%, 92.1%)
08/02 05:04:00午後 evaluateCell_trainer.py:199 [INFO] Valid: Epoch: [88][78/79]	Step 62656	Loss 1.1952	Prec@(1,5) (71.1%, 92.6%)
08/02 05:04:00午後 evaluateCell_trainer.py:206 [INFO] Valid: [ 88/99] Final Prec@1 71.1000%
08/02 05:04:00午後 evaluateCell_main.py:75 [INFO] Until now, best Prec@1 = 71.6000%
08/02 05:04:27午後 evaluateCell_trainer.py:199 [INFO] Valid: Epoch: [89][50/79]	Step 63360	Loss 1.1755	Prec@(1,5) (71.2%, 92.9%)
08/02 05:04:27午後 evaluateCell_trainer.py:199 [INFO] Valid: Epoch: [89][78/79]	Step 63360	Loss 1.1959	Prec@(1,5) (70.8%, 92.6%)
08/02 05:04:27午後 evaluateCell_trainer.py:206 [INFO] Valid: [ 89/99] Final Prec@1 70.8200%
08/02 05:04:27午後 evaluateCell_main.py:75 [INFO] Until now, best Prec@1 = 71.6000%
08/02 05:04:56午後 evaluateCell_trainer.py:199 [INFO] Valid: Epoch: [90][50/79]	Step 64064	Loss 1.1996	Prec@(1,5) (70.3%, 92.7%)
08/02 05:04:56午後 evaluateCell_trainer.py:199 [INFO] Valid: Epoch: [90][78/79]	Step 64064	Loss 1.1908	Prec@(1,5) (70.2%, 93.0%)
08/02 05:04:56午後 evaluateCell_trainer.py:206 [INFO] Valid: [ 90/99] Final Prec@1 70.2000%
08/02 05:04:56午後 evaluateCell_main.py:75 [INFO] Until now, best Prec@1 = 71.6000%
08/02 05:05:23午後 evaluateCell_trainer.py:199 [INFO] Valid: Epoch: [91][50/79]	Step 64768	Loss 1.1390	Prec@(1,5) (71.9%, 93.1%)
08/02 05:05:23午後 evaluateCell_trainer.py:199 [INFO] Valid: Epoch: [91][78/79]	Step 64768	Loss 1.1670	Prec@(1,5) (71.5%, 92.9%)
08/02 05:05:23午後 evaluateCell_trainer.py:206 [INFO] Valid: [ 91/99] Final Prec@1 71.4400%
08/02 05:05:23午後 evaluateCell_main.py:75 [INFO] Until now, best Prec@1 = 71.6000%
08/02 05:05:51午後 evaluateCell_trainer.py:199 [INFO] Valid: Epoch: [92][50/79]	Step 65472	Loss 1.1553	Prec@(1,5) (72.2%, 92.9%)
08/02 05:05:51午後 evaluateCell_trainer.py:199 [INFO] Valid: Epoch: [92][78/79]	Step 65472	Loss 1.1827	Prec@(1,5) (71.6%, 92.6%)
08/02 05:05:51午後 evaluateCell_trainer.py:206 [INFO] Valid: [ 92/99] Final Prec@1 71.5600%
08/02 05:05:51午後 evaluateCell_main.py:75 [INFO] Until now, best Prec@1 = 71.6000%
08/02 05:06:19午後 evaluateCell_trainer.py:199 [INFO] Valid: Epoch: [93][50/79]	Step 66176	Loss 1.1439	Prec@(1,5) (71.1%, 93.0%)
08/02 05:06:20午後 evaluateCell_trainer.py:199 [INFO] Valid: Epoch: [93][78/79]	Step 66176	Loss 1.1547	Prec@(1,5) (71.8%, 93.1%)
08/02 05:06:20午後 evaluateCell_trainer.py:206 [INFO] Valid: [ 93/99] Final Prec@1 71.7600%
08/02 05:06:20午後 evaluateCell_main.py:75 [INFO] Until now, best Prec@1 = 71.7600%
08/02 05:06:47午後 evaluateCell_trainer.py:199 [INFO] Valid: Epoch: [94][50/79]	Step 66880	Loss 1.1873	Prec@(1,5) (70.9%, 92.4%)
08/02 05:06:47午後 evaluateCell_trainer.py:199 [INFO] Valid: Epoch: [94][78/79]	Step 66880	Loss 1.1808	Prec@(1,5) (70.9%, 92.4%)
08/02 05:06:47午後 evaluateCell_trainer.py:206 [INFO] Valid: [ 94/99] Final Prec@1 70.8600%
08/02 05:06:47午後 evaluateCell_main.py:75 [INFO] Until now, best Prec@1 = 71.7600%
08/02 05:07:15午後 evaluateCell_trainer.py:199 [INFO] Valid: Epoch: [95][50/79]	Step 67584	Loss 1.2163	Prec@(1,5) (70.4%, 92.6%)
08/02 05:07:15午後 evaluateCell_trainer.py:199 [INFO] Valid: Epoch: [95][78/79]	Step 67584	Loss 1.1984	Prec@(1,5) (71.3%, 92.8%)
08/02 05:07:15午後 evaluateCell_trainer.py:206 [INFO] Valid: [ 95/99] Final Prec@1 71.2800%
08/02 05:07:15午後 evaluateCell_main.py:75 [INFO] Until now, best Prec@1 = 71.7600%
08/02 05:07:42午後 evaluateCell_trainer.py:199 [INFO] Valid: Epoch: [96][50/79]	Step 68288	Loss 1.1606	Prec@(1,5) (71.7%, 92.9%)
08/02 05:07:42午後 evaluateCell_trainer.py:199 [INFO] Valid: Epoch: [96][78/79]	Step 68288	Loss 1.1574	Prec@(1,5) (71.9%, 92.8%)
08/02 05:07:43午後 evaluateCell_trainer.py:206 [INFO] Valid: [ 96/99] Final Prec@1 71.8800%
08/02 05:07:43午後 evaluateCell_main.py:75 [INFO] Until now, best Prec@1 = 71.8800%
08/02 05:08:10午後 evaluateCell_trainer.py:199 [INFO] Valid: Epoch: [97][50/79]	Step 68992	Loss 1.1821	Prec@(1,5) (71.3%, 93.0%)
08/02 05:08:10午後 evaluateCell_trainer.py:199 [INFO] Valid: Epoch: [97][78/79]	Step 68992	Loss 1.1884	Prec@(1,5) (71.3%, 92.6%)
08/02 05:08:10午後 evaluateCell_trainer.py:206 [INFO] Valid: [ 97/99] Final Prec@1 71.3400%
08/02 05:08:10午後 evaluateCell_main.py:75 [INFO] Until now, best Prec@1 = 71.8800%
08/02 05:08:38午後 evaluateCell_trainer.py:199 [INFO] Valid: Epoch: [98][50/79]	Step 69696	Loss 1.1968	Prec@(1,5) (70.8%, 92.8%)
08/02 05:08:38午後 evaluateCell_trainer.py:199 [INFO] Valid: Epoch: [98][78/79]	Step 69696	Loss 1.1666	Prec@(1,5) (71.7%, 92.9%)
08/02 05:08:38午後 evaluateCell_trainer.py:206 [INFO] Valid: [ 98/99] Final Prec@1 71.7000%
08/02 05:08:38午後 evaluateCell_main.py:75 [INFO] Until now, best Prec@1 = 71.8800%
08/02 05:09:05午後 evaluateCell_trainer.py:199 [INFO] Valid: Epoch: [99][50/79]	Step 70400	Loss 1.1693	Prec@(1,5) (71.8%, 92.7%)
08/02 05:09:06午後 evaluateCell_trainer.py:199 [INFO] Valid: Epoch: [99][78/79]	Step 70400	Loss 1.1671	Prec@(1,5) (71.8%, 92.8%)
08/02 05:09:06午後 evaluateCell_trainer.py:206 [INFO] Valid: [ 99/99] Final Prec@1 71.7800%
08/02 05:09:06午後 evaluateCell_main.py:75 [INFO] Until now, best Prec@1 = 71.8800%
08/02 05:09:06午後 evaluateCell_main.py:79 [INFO] Final best Prec@1 = 71.8800%
