10/02 04:12:33PM parser.py:28 [INFO] 
10/02 04:12:33PM parser.py:29 [INFO] Parameters:
10/02 04:12:33PM parser.py:31 [INFO] DAG_PATH=results/search_stage_KD/cifar100/ARCH-KD/l0.1-2-h_das_teacher/DAG
10/02 04:12:33PM parser.py:31 [INFO] T=10.0
10/02 04:12:33PM parser.py:31 [INFO] ADVANCED=True
10/02 04:12:33PM parser.py:31 [INFO] ALPHA_LR=0.0003
10/02 04:12:33PM parser.py:31 [INFO] ALPHA_WEIGHT_DECAY=0.001
10/02 04:12:33PM parser.py:31 [INFO] BATCH_SIZE=64
10/02 04:12:33PM parser.py:31 [INFO] CASCADE=False
10/02 04:12:33PM parser.py:31 [INFO] CHECKPOINT_RESET=False
10/02 04:12:33PM parser.py:31 [INFO] CUTOUT_LENGTH=0
10/02 04:12:33PM parser.py:31 [INFO] DATA_PATH=../data/
10/02 04:12:33PM parser.py:31 [INFO] DATASET=cifar100
10/02 04:12:33PM parser.py:31 [INFO] DEPTH_COEF=0.0
10/02 04:12:33PM parser.py:31 [INFO] DESCRIPTION=ArchHint_KD_mimic_only_teacher_archtecture
10/02 04:12:33PM parser.py:31 [INFO] EPOCHS=50
10/02 04:12:33PM parser.py:31 [INFO] EXP_NAME=l0.1-2-h_das_teacher
10/02 04:12:33PM parser.py:31 [INFO] GENOTYPE=Genotype3(normal1=[[('sep_conv_5x5', 0), ('sep_conv_3x3', 1)], [('sep_conv_3x3', 1), ('sep_conv_3x3', 0)], [('sep_conv_3x3', 1), ('sep_conv_3x3', 2)], [('sep_conv_3x3', 0), ('sep_conv_5x5', 4)]], normal1_concat=range(2, 6), reduce1=[[('sep_conv_3x3', 0), ('skip_connect', 1)], [('sep_conv_3x3', 1), ('max_pool_3x3', 0)], [('sep_conv_3x3', 2), ('sep_conv_3x3', 1)], [('max_pool_3x3', 0), ('dil_conv_3x3', 1)]], reduce1_concat=range(2, 6), normal2=[[('skip_connect', 0), ('sep_conv_5x5', 1)], [('skip_connect', 0), ('skip_connect', 2)], [('avg_pool_3x3', 0), ('avg_pool_3x3', 2)], [('skip_connect', 0), ('avg_pool_3x3', 2)]], normal2_concat=range(2, 6), reduce2=[[('avg_pool_3x3', 0), ('avg_pool_3x3', 1)], [('avg_pool_3x3', 0), ('skip_connect', 2)], [('skip_connect', 2), ('avg_pool_3x3', 0)], [('skip_connect', 2), ('avg_pool_3x3', 0)]], reduce2_concat=range(2, 6), normal3=[[('skip_connect', 0), ('skip_connect', 1)], [('skip_connect', 0), ('dil_conv_3x3', 1)], [('skip_connect', 0), ('skip_connect', 1)], [('skip_connect', 0), ('skip_connect', 2)]], normal3_concat=range(2, 6))
10/02 04:12:33PM parser.py:31 [INFO] GPUS=[0]
10/02 04:12:33PM parser.py:31 [INFO] HINT_EPOCHS=[16, 32]
10/02 04:12:33PM parser.py:31 [INFO] INIT_CHANNELS=16
10/02 04:12:33PM parser.py:31 [INFO] L=0.1
10/02 04:12:33PM parser.py:31 [INFO] LAYERS=20
10/02 04:12:33PM parser.py:31 [INFO] LOGGER=<Logger H-DAS (INFO)>
10/02 04:12:33PM parser.py:31 [INFO] NAME=ARCH-KD
10/02 04:12:33PM parser.py:31 [INFO] NONKD=False
10/02 04:12:33PM parser.py:31 [INFO] PATH=results/search_stage_KD/cifar100/ARCH-KD/l0.1-2-h_das_teacher
10/02 04:12:33PM parser.py:31 [INFO] PCDARTS=False
10/02 04:12:33PM parser.py:31 [INFO] PLOT_PATH=results/search_stage_KD/cifar100/ARCH-KD/l0.1-2-h_das_teacher/plots
10/02 04:12:33PM parser.py:31 [INFO] PRINT_FREQ=100
10/02 04:12:33PM parser.py:31 [INFO] RESUME_PATH=None
10/02 04:12:33PM parser.py:31 [INFO] SAVE=l0.1-2-h_das_teacher
10/02 04:12:33PM parser.py:31 [INFO] SEED=0
10/02 04:12:33PM parser.py:31 [INFO] SHARE_STAGE=False
10/02 04:12:33PM parser.py:31 [INFO] SLIDE_WINDOW=8
10/02 04:12:33PM parser.py:31 [INFO] SPEC_CELL=True
10/02 04:12:33PM parser.py:31 [INFO] TEACHER_NAME=h_das_224baseline
10/02 04:12:33PM parser.py:31 [INFO] TEACHER_PATH=/home/miura/lab/KD-hdas/results/evaluate_stage_KD/cifar100/noDepthLoss/s0-BaselineBestCell/best.pth.tar
10/02 04:12:33PM parser.py:31 [INFO] TRAIN_PORTION=0.5
10/02 04:12:33PM parser.py:31 [INFO] TYPE=ArchKD
10/02 04:12:33PM parser.py:31 [INFO] W_GRAD_CLIP=5.0
10/02 04:12:33PM parser.py:31 [INFO] W_LR=0.025
10/02 04:12:33PM parser.py:31 [INFO] W_LR_MIN=0.001
10/02 04:12:33PM parser.py:31 [INFO] W_MOMENTUM=0.9
10/02 04:12:33PM parser.py:31 [INFO] W_WEIGHT_DECAY=0.0003
10/02 04:12:33PM parser.py:31 [INFO] WORKERS=4
10/02 04:12:33PM parser.py:32 [INFO] 
10/02 04:12:36PM searchStage_ArchKD_trainer.py:91 [INFO] --> Loaded teacher model 'h_das_224baseline' from '/home/miura/lab/KD-hdas/results/evaluate_stage_KD/cifar100/noDepthLoss/s0-BaselineBestCell/best.pth.tar' and Freezed parameters)
10/02 04:12:36PM searchStage_trainer.py:136 [INFO] --> No loaded checkpoint!
