07/13 07:03:27PM parser.py:28 [INFO] 
07/13 07:03:27PM parser.py:29 [INFO] Parameters:
07/13 07:03:27PM parser.py:31 [INFO] ADVANCED=True
07/13 07:03:27PM parser.py:31 [INFO] BATCH_SIZE=64
07/13 07:03:27PM parser.py:31 [INFO] CIFAR=True
07/13 07:03:27PM parser.py:31 [INFO] CUTOUT_LENGTH=16
07/13 07:03:27PM parser.py:31 [INFO] DATA_PATH=../data/
07/13 07:03:27PM parser.py:31 [INFO] DATASET=cifar100
07/13 07:03:27PM parser.py:31 [INFO] DESCRIPTION=pretrained_LR-0.001_minlr-0.0001_warmup-0
07/13 07:03:27PM parser.py:31 [INFO] EPOCHS=100
07/13 07:03:27PM parser.py:31 [INFO] EXP_NAME=pretrained-20240713-190327
07/13 07:03:27PM parser.py:31 [INFO] GPUS=[0]
07/13 07:03:27PM parser.py:31 [INFO] LOGGER=<Logger H-DAS (INFO)>
07/13 07:03:27PM parser.py:31 [INFO] LR=0.001
07/13 07:03:27PM parser.py:31 [INFO] LR_MIN=0.0001
07/13 07:03:27PM parser.py:31 [INFO] MODEL_NAME=efficientnet_b0
07/13 07:03:27PM parser.py:31 [INFO] MOMENTUM=0.9
07/13 07:03:27PM parser.py:31 [INFO] NAME=FINETUNE2
07/13 07:03:27PM parser.py:31 [INFO] PATH=results/teacher/cifar100/efficientnet_b0/FINETUNE2/pretrained-20240713-190327
07/13 07:03:27PM parser.py:31 [INFO] PRETRAINED=True
07/13 07:03:27PM parser.py:31 [INFO] SAVE=pretrained
07/13 07:03:27PM parser.py:31 [INFO] SEED=0
07/13 07:03:27PM parser.py:31 [INFO] TRAIN_PORTION=0.9
07/13 07:03:27PM parser.py:31 [INFO] WEIGHT_DECAY=0.0003
07/13 07:03:27PM parser.py:31 [INFO] WORKERS=4
07/13 07:03:27PM parser.py:32 [INFO] 
07/13 07:03:27PM trainTeacher_main.py:114 [INFO] model classifier is replaced to Sequential(
  (0): Dropout(p=0.2, inplace=True)
  (1): Linear(in_features=1280, out_features=100, bias=True)
)
07/13 07:04:06PM trainTeacher_main.py:209 [INFO] Train: [  0/99] Final Prec@1 14.8444%
07/13 07:04:07PM trainTeacher_main.py:237 [INFO] Valid: [  0/99] Final Prec@1 36.7200%
07/13 07:04:07PM trainTeacher_main.py:153 [INFO] model parameters unfreezed!
07/13 07:04:07午後 trainTeacher_main.py:179 [INFO] Until now, best Prec@1 = 36.7200%
07/13 07:04:43午後 trainTeacher_main.py:209 [INFO] Train: [  1/99] Final Prec@1 45.8244%
07/13 07:04:44午後 trainTeacher_main.py:237 [INFO] Valid: [  1/99] Final Prec@1 57.4800%
07/13 07:04:45午後 trainTeacher_main.py:179 [INFO] Until now, best Prec@1 = 57.4800%
07/13 07:05:21午後 trainTeacher_main.py:209 [INFO] Train: [  2/99] Final Prec@1 60.1356%
07/13 07:05:22午後 trainTeacher_main.py:237 [INFO] Valid: [  2/99] Final Prec@1 66.0000%
07/13 07:05:22午後 trainTeacher_main.py:179 [INFO] Until now, best Prec@1 = 66.0000%
07/13 07:05:58午後 trainTeacher_main.py:209 [INFO] Train: [  3/99] Final Prec@1 66.4444%
07/13 07:05:59午後 trainTeacher_main.py:237 [INFO] Valid: [  3/99] Final Prec@1 70.9000%
07/13 07:05:59午後 trainTeacher_main.py:179 [INFO] Until now, best Prec@1 = 70.9000%
07/13 07:06:36午後 trainTeacher_main.py:209 [INFO] Train: [  4/99] Final Prec@1 70.3133%
07/13 07:06:37午後 trainTeacher_main.py:237 [INFO] Valid: [  4/99] Final Prec@1 72.7000%
07/13 07:06:37午後 trainTeacher_main.py:179 [INFO] Until now, best Prec@1 = 72.7000%
07/13 07:07:13午後 trainTeacher_main.py:209 [INFO] Train: [  5/99] Final Prec@1 72.8822%
07/13 07:07:14午後 trainTeacher_main.py:237 [INFO] Valid: [  5/99] Final Prec@1 74.7200%
07/13 07:07:14午後 trainTeacher_main.py:179 [INFO] Until now, best Prec@1 = 74.7200%
07/13 07:07:50午後 trainTeacher_main.py:209 [INFO] Train: [  6/99] Final Prec@1 75.2711%
07/13 07:07:52午後 trainTeacher_main.py:237 [INFO] Valid: [  6/99] Final Prec@1 75.6600%
07/13 07:07:52午後 trainTeacher_main.py:179 [INFO] Until now, best Prec@1 = 75.6600%
07/13 07:08:28午後 trainTeacher_main.py:209 [INFO] Train: [  7/99] Final Prec@1 76.9289%
07/13 07:08:29午後 trainTeacher_main.py:237 [INFO] Valid: [  7/99] Final Prec@1 76.1400%
07/13 07:08:29午後 trainTeacher_main.py:179 [INFO] Until now, best Prec@1 = 76.1400%
07/13 07:09:05午後 trainTeacher_main.py:209 [INFO] Train: [  8/99] Final Prec@1 78.6111%
07/13 07:09:07午後 trainTeacher_main.py:237 [INFO] Valid: [  8/99] Final Prec@1 77.8000%
07/13 07:09:07午後 trainTeacher_main.py:179 [INFO] Until now, best Prec@1 = 77.8000%
07/13 07:09:43午後 trainTeacher_main.py:209 [INFO] Train: [  9/99] Final Prec@1 79.4511%
07/13 07:09:44午後 trainTeacher_main.py:237 [INFO] Valid: [  9/99] Final Prec@1 78.5200%
07/13 07:09:44午後 trainTeacher_main.py:179 [INFO] Until now, best Prec@1 = 78.5200%
07/13 07:10:20午後 trainTeacher_main.py:209 [INFO] Train: [ 10/99] Final Prec@1 80.6756%
07/13 07:10:22午後 trainTeacher_main.py:237 [INFO] Valid: [ 10/99] Final Prec@1 79.4800%
07/13 07:10:22午後 trainTeacher_main.py:179 [INFO] Until now, best Prec@1 = 79.4800%
07/13 07:10:58午後 trainTeacher_main.py:209 [INFO] Train: [ 11/99] Final Prec@1 81.7511%
07/13 07:10:59午後 trainTeacher_main.py:237 [INFO] Valid: [ 11/99] Final Prec@1 79.7600%
07/13 07:10:59午後 trainTeacher_main.py:179 [INFO] Until now, best Prec@1 = 79.7600%
07/13 07:11:35午後 trainTeacher_main.py:209 [INFO] Train: [ 12/99] Final Prec@1 82.7378%
07/13 07:11:36午後 trainTeacher_main.py:237 [INFO] Valid: [ 12/99] Final Prec@1 79.9400%
07/13 07:11:37午後 trainTeacher_main.py:179 [INFO] Until now, best Prec@1 = 79.9400%
07/13 07:12:13午後 trainTeacher_main.py:209 [INFO] Train: [ 13/99] Final Prec@1 83.2533%
07/13 07:12:14午後 trainTeacher_main.py:237 [INFO] Valid: [ 13/99] Final Prec@1 80.5200%
07/13 07:12:14午後 trainTeacher_main.py:179 [INFO] Until now, best Prec@1 = 80.5200%
07/13 07:13:19午後 trainTeacher_main.py:209 [INFO] Train: [ 14/99] Final Prec@1 84.2400%
07/13 07:13:21午後 trainTeacher_main.py:237 [INFO] Valid: [ 14/99] Final Prec@1 80.9800%
07/13 07:13:21午後 trainTeacher_main.py:179 [INFO] Until now, best Prec@1 = 80.9800%
07/13 07:14:32午後 trainTeacher_main.py:209 [INFO] Train: [ 15/99] Final Prec@1 84.6889%
07/13 07:14:34午後 trainTeacher_main.py:237 [INFO] Valid: [ 15/99] Final Prec@1 80.6200%
07/13 07:14:35午後 trainTeacher_main.py:179 [INFO] Until now, best Prec@1 = 80.9800%
07/13 07:15:49午後 trainTeacher_main.py:209 [INFO] Train: [ 16/99] Final Prec@1 85.2978%
07/13 07:15:51午後 trainTeacher_main.py:237 [INFO] Valid: [ 16/99] Final Prec@1 80.5600%
07/13 07:15:51午後 trainTeacher_main.py:179 [INFO] Until now, best Prec@1 = 80.9800%
07/13 07:17:05午後 trainTeacher_main.py:209 [INFO] Train: [ 17/99] Final Prec@1 86.1044%
07/13 07:17:07午後 trainTeacher_main.py:237 [INFO] Valid: [ 17/99] Final Prec@1 80.7800%
07/13 07:17:07午後 trainTeacher_main.py:179 [INFO] Until now, best Prec@1 = 80.9800%
07/13 07:18:22午後 trainTeacher_main.py:209 [INFO] Train: [ 18/99] Final Prec@1 86.7556%
07/13 07:18:24午後 trainTeacher_main.py:237 [INFO] Valid: [ 18/99] Final Prec@1 81.8600%
07/13 07:18:24午後 trainTeacher_main.py:179 [INFO] Until now, best Prec@1 = 81.8600%
07/13 07:19:38午後 trainTeacher_main.py:209 [INFO] Train: [ 19/99] Final Prec@1 87.1844%
07/13 07:19:40午後 trainTeacher_main.py:237 [INFO] Valid: [ 19/99] Final Prec@1 81.5600%
07/13 07:19:40午後 trainTeacher_main.py:179 [INFO] Until now, best Prec@1 = 81.8600%
07/13 07:20:54午後 trainTeacher_main.py:209 [INFO] Train: [ 20/99] Final Prec@1 87.4400%
07/13 07:20:57午後 trainTeacher_main.py:237 [INFO] Valid: [ 20/99] Final Prec@1 81.6400%
07/13 07:20:57午後 trainTeacher_main.py:179 [INFO] Until now, best Prec@1 = 81.8600%
07/13 07:22:11午後 trainTeacher_main.py:209 [INFO] Train: [ 21/99] Final Prec@1 88.0600%
07/13 07:22:13午後 trainTeacher_main.py:237 [INFO] Valid: [ 21/99] Final Prec@1 81.1600%
07/13 07:22:13午後 trainTeacher_main.py:179 [INFO] Until now, best Prec@1 = 81.8600%
07/13 07:23:27午後 trainTeacher_main.py:209 [INFO] Train: [ 22/99] Final Prec@1 88.6622%
07/13 07:23:30午後 trainTeacher_main.py:237 [INFO] Valid: [ 22/99] Final Prec@1 81.8200%
07/13 07:23:30午後 trainTeacher_main.py:179 [INFO] Until now, best Prec@1 = 81.8600%
07/13 07:24:44午後 trainTeacher_main.py:209 [INFO] Train: [ 23/99] Final Prec@1 89.0778%
07/13 07:24:46午後 trainTeacher_main.py:237 [INFO] Valid: [ 23/99] Final Prec@1 82.1000%
07/13 07:24:46午後 trainTeacher_main.py:179 [INFO] Until now, best Prec@1 = 82.1000%
07/13 07:26:00午後 trainTeacher_main.py:209 [INFO] Train: [ 24/99] Final Prec@1 89.5022%
07/13 07:26:02午後 trainTeacher_main.py:237 [INFO] Valid: [ 24/99] Final Prec@1 81.8600%
07/13 07:26:02午後 trainTeacher_main.py:179 [INFO] Until now, best Prec@1 = 82.1000%
07/13 07:27:17午後 trainTeacher_main.py:209 [INFO] Train: [ 25/99] Final Prec@1 89.7111%
07/13 07:27:19午後 trainTeacher_main.py:237 [INFO] Valid: [ 25/99] Final Prec@1 81.9600%
07/13 07:27:19午後 trainTeacher_main.py:179 [INFO] Until now, best Prec@1 = 82.1000%
07/13 07:28:33午後 trainTeacher_main.py:209 [INFO] Train: [ 26/99] Final Prec@1 90.2667%
07/13 07:28:35午後 trainTeacher_main.py:237 [INFO] Valid: [ 26/99] Final Prec@1 82.2400%
07/13 07:28:36午後 trainTeacher_main.py:179 [INFO] Until now, best Prec@1 = 82.2400%
07/13 07:29:50午後 trainTeacher_main.py:209 [INFO] Train: [ 27/99] Final Prec@1 90.3689%
07/13 07:29:52午後 trainTeacher_main.py:237 [INFO] Valid: [ 27/99] Final Prec@1 82.5000%
07/13 07:29:52午後 trainTeacher_main.py:179 [INFO] Until now, best Prec@1 = 82.5000%
07/13 07:31:06午後 trainTeacher_main.py:209 [INFO] Train: [ 28/99] Final Prec@1 90.9111%
07/13 07:31:08午後 trainTeacher_main.py:237 [INFO] Valid: [ 28/99] Final Prec@1 82.4400%
07/13 07:31:08午後 trainTeacher_main.py:179 [INFO] Until now, best Prec@1 = 82.5000%
07/13 07:32:23午後 trainTeacher_main.py:209 [INFO] Train: [ 29/99] Final Prec@1 90.9889%
07/13 07:32:25午後 trainTeacher_main.py:237 [INFO] Valid: [ 29/99] Final Prec@1 82.3000%
07/13 07:32:25午後 trainTeacher_main.py:179 [INFO] Until now, best Prec@1 = 82.5000%
07/13 07:33:39午後 trainTeacher_main.py:209 [INFO] Train: [ 30/99] Final Prec@1 91.5156%
07/13 07:33:41午後 trainTeacher_main.py:237 [INFO] Valid: [ 30/99] Final Prec@1 82.5200%
07/13 07:33:41午後 trainTeacher_main.py:179 [INFO] Until now, best Prec@1 = 82.5200%
07/13 07:34:56午後 trainTeacher_main.py:209 [INFO] Train: [ 31/99] Final Prec@1 91.6200%
07/13 07:34:58午後 trainTeacher_main.py:237 [INFO] Valid: [ 31/99] Final Prec@1 82.5400%
07/13 07:34:58午後 trainTeacher_main.py:179 [INFO] Until now, best Prec@1 = 82.5400%
07/13 07:36:12午後 trainTeacher_main.py:209 [INFO] Train: [ 32/99] Final Prec@1 92.0556%
07/13 07:36:14午後 trainTeacher_main.py:237 [INFO] Valid: [ 32/99] Final Prec@1 82.1200%
07/13 07:36:14午後 trainTeacher_main.py:179 [INFO] Until now, best Prec@1 = 82.5400%
07/13 07:37:29午後 trainTeacher_main.py:209 [INFO] Train: [ 33/99] Final Prec@1 92.1178%
07/13 07:37:31午後 trainTeacher_main.py:237 [INFO] Valid: [ 33/99] Final Prec@1 82.2800%
07/13 07:37:31午後 trainTeacher_main.py:179 [INFO] Until now, best Prec@1 = 82.5400%
07/13 07:38:45午後 trainTeacher_main.py:209 [INFO] Train: [ 34/99] Final Prec@1 92.4222%
07/13 07:38:47午後 trainTeacher_main.py:237 [INFO] Valid: [ 34/99] Final Prec@1 82.8200%
07/13 07:38:47午後 trainTeacher_main.py:179 [INFO] Until now, best Prec@1 = 82.8200%
07/13 07:40:01午後 trainTeacher_main.py:209 [INFO] Train: [ 35/99] Final Prec@1 92.7822%
07/13 07:40:04午後 trainTeacher_main.py:237 [INFO] Valid: [ 35/99] Final Prec@1 82.2600%
07/13 07:40:04午後 trainTeacher_main.py:179 [INFO] Until now, best Prec@1 = 82.8200%
07/13 07:41:18午後 trainTeacher_main.py:209 [INFO] Train: [ 36/99] Final Prec@1 92.9356%
07/13 07:41:20午後 trainTeacher_main.py:237 [INFO] Valid: [ 36/99] Final Prec@1 82.9600%
07/13 07:41:20午後 trainTeacher_main.py:179 [INFO] Until now, best Prec@1 = 82.9600%
07/13 07:42:34午後 trainTeacher_main.py:209 [INFO] Train: [ 37/99] Final Prec@1 93.0600%
07/13 07:42:37午後 trainTeacher_main.py:237 [INFO] Valid: [ 37/99] Final Prec@1 82.4200%
07/13 07:42:37午後 trainTeacher_main.py:179 [INFO] Until now, best Prec@1 = 82.9600%
07/13 07:43:51午後 trainTeacher_main.py:209 [INFO] Train: [ 38/99] Final Prec@1 93.2244%
07/13 07:43:53午後 trainTeacher_main.py:237 [INFO] Valid: [ 38/99] Final Prec@1 83.0400%
07/13 07:43:53午後 trainTeacher_main.py:179 [INFO] Until now, best Prec@1 = 83.0400%
07/13 07:45:07午後 trainTeacher_main.py:209 [INFO] Train: [ 39/99] Final Prec@1 93.4867%
07/13 07:45:10午後 trainTeacher_main.py:237 [INFO] Valid: [ 39/99] Final Prec@1 82.8800%
07/13 07:45:10午後 trainTeacher_main.py:179 [INFO] Until now, best Prec@1 = 83.0400%
07/13 07:46:24午後 trainTeacher_main.py:209 [INFO] Train: [ 40/99] Final Prec@1 93.8444%
07/13 07:46:26午後 trainTeacher_main.py:237 [INFO] Valid: [ 40/99] Final Prec@1 82.6800%
07/13 07:46:26午後 trainTeacher_main.py:179 [INFO] Until now, best Prec@1 = 83.0400%
07/13 07:47:40午後 trainTeacher_main.py:209 [INFO] Train: [ 41/99] Final Prec@1 93.8267%
07/13 07:47:43午後 trainTeacher_main.py:237 [INFO] Valid: [ 41/99] Final Prec@1 83.1000%
07/13 07:47:43午後 trainTeacher_main.py:179 [INFO] Until now, best Prec@1 = 83.1000%
07/13 07:48:57午後 trainTeacher_main.py:209 [INFO] Train: [ 42/99] Final Prec@1 94.1511%
07/13 07:48:59午後 trainTeacher_main.py:237 [INFO] Valid: [ 42/99] Final Prec@1 82.9000%
07/13 07:48:59午後 trainTeacher_main.py:179 [INFO] Until now, best Prec@1 = 83.1000%
07/13 07:50:13午後 trainTeacher_main.py:209 [INFO] Train: [ 43/99] Final Prec@1 94.2200%
07/13 07:50:16午後 trainTeacher_main.py:237 [INFO] Valid: [ 43/99] Final Prec@1 82.8800%
07/13 07:50:16午後 trainTeacher_main.py:179 [INFO] Until now, best Prec@1 = 83.1000%
07/13 07:51:30午後 trainTeacher_main.py:209 [INFO] Train: [ 44/99] Final Prec@1 94.4044%
07/13 07:51:32午後 trainTeacher_main.py:237 [INFO] Valid: [ 44/99] Final Prec@1 83.2800%
07/13 07:51:32午後 trainTeacher_main.py:179 [INFO] Until now, best Prec@1 = 83.2800%
07/13 07:52:46午後 trainTeacher_main.py:209 [INFO] Train: [ 45/99] Final Prec@1 94.6978%
07/13 07:52:49午後 trainTeacher_main.py:237 [INFO] Valid: [ 45/99] Final Prec@1 82.8200%
07/13 07:52:49午後 trainTeacher_main.py:179 [INFO] Until now, best Prec@1 = 83.2800%
07/13 07:54:03午後 trainTeacher_main.py:209 [INFO] Train: [ 46/99] Final Prec@1 94.7822%
07/13 07:54:05午後 trainTeacher_main.py:237 [INFO] Valid: [ 46/99] Final Prec@1 82.9600%
07/13 07:54:05午後 trainTeacher_main.py:179 [INFO] Until now, best Prec@1 = 83.2800%
07/13 07:55:19午後 trainTeacher_main.py:209 [INFO] Train: [ 47/99] Final Prec@1 94.6711%
07/13 07:55:22午後 trainTeacher_main.py:237 [INFO] Valid: [ 47/99] Final Prec@1 82.6400%
07/13 07:55:22午後 trainTeacher_main.py:179 [INFO] Until now, best Prec@1 = 83.2800%
07/13 07:56:36午後 trainTeacher_main.py:209 [INFO] Train: [ 48/99] Final Prec@1 94.9156%
07/13 07:56:38午後 trainTeacher_main.py:237 [INFO] Valid: [ 48/99] Final Prec@1 82.7800%
07/13 07:56:38午後 trainTeacher_main.py:179 [INFO] Until now, best Prec@1 = 83.2800%
07/13 07:57:52午後 trainTeacher_main.py:209 [INFO] Train: [ 49/99] Final Prec@1 95.0200%
07/13 07:57:55午後 trainTeacher_main.py:237 [INFO] Valid: [ 49/99] Final Prec@1 82.8000%
07/13 07:57:55午後 trainTeacher_main.py:179 [INFO] Until now, best Prec@1 = 83.2800%
07/13 07:59:09午後 trainTeacher_main.py:209 [INFO] Train: [ 50/99] Final Prec@1 94.9289%
07/13 07:59:11午後 trainTeacher_main.py:237 [INFO] Valid: [ 50/99] Final Prec@1 83.3200%
07/13 07:59:11午後 trainTeacher_main.py:179 [INFO] Until now, best Prec@1 = 83.3200%
07/13 08:00:25午後 trainTeacher_main.py:209 [INFO] Train: [ 51/99] Final Prec@1 95.1222%
07/13 08:00:28午後 trainTeacher_main.py:237 [INFO] Valid: [ 51/99] Final Prec@1 82.7600%
07/13 08:00:28午後 trainTeacher_main.py:179 [INFO] Until now, best Prec@1 = 83.3200%
07/13 08:01:42午後 trainTeacher_main.py:209 [INFO] Train: [ 52/99] Final Prec@1 95.4022%
07/13 08:01:44午後 trainTeacher_main.py:237 [INFO] Valid: [ 52/99] Final Prec@1 82.6800%
07/13 08:01:44午後 trainTeacher_main.py:179 [INFO] Until now, best Prec@1 = 83.3200%
07/13 08:02:58午後 trainTeacher_main.py:209 [INFO] Train: [ 53/99] Final Prec@1 95.4400%
07/13 08:03:01午後 trainTeacher_main.py:237 [INFO] Valid: [ 53/99] Final Prec@1 83.0600%
07/13 08:03:01午後 trainTeacher_main.py:179 [INFO] Until now, best Prec@1 = 83.3200%
07/13 08:04:15午後 trainTeacher_main.py:209 [INFO] Train: [ 54/99] Final Prec@1 95.6289%
07/13 08:04:17午後 trainTeacher_main.py:237 [INFO] Valid: [ 54/99] Final Prec@1 82.6800%
07/13 08:04:17午後 trainTeacher_main.py:179 [INFO] Until now, best Prec@1 = 83.3200%
07/13 08:05:31午後 trainTeacher_main.py:209 [INFO] Train: [ 55/99] Final Prec@1 95.5867%
07/13 08:05:34午後 trainTeacher_main.py:237 [INFO] Valid: [ 55/99] Final Prec@1 83.6200%
07/13 08:05:34午後 trainTeacher_main.py:179 [INFO] Until now, best Prec@1 = 83.6200%
07/13 08:06:48午後 trainTeacher_main.py:209 [INFO] Train: [ 56/99] Final Prec@1 95.6778%
07/13 08:06:50午後 trainTeacher_main.py:237 [INFO] Valid: [ 56/99] Final Prec@1 83.0600%
07/13 08:06:50午後 trainTeacher_main.py:179 [INFO] Until now, best Prec@1 = 83.6200%
07/13 08:08:04午後 trainTeacher_main.py:209 [INFO] Train: [ 57/99] Final Prec@1 95.7267%
07/13 08:08:07午後 trainTeacher_main.py:237 [INFO] Valid: [ 57/99] Final Prec@1 83.2600%
07/13 08:08:07午後 trainTeacher_main.py:179 [INFO] Until now, best Prec@1 = 83.6200%
07/13 08:09:21午後 trainTeacher_main.py:209 [INFO] Train: [ 58/99] Final Prec@1 95.9044%
07/13 08:09:23午後 trainTeacher_main.py:237 [INFO] Valid: [ 58/99] Final Prec@1 83.2600%
07/13 08:09:23午後 trainTeacher_main.py:179 [INFO] Until now, best Prec@1 = 83.6200%
07/13 08:10:37午後 trainTeacher_main.py:209 [INFO] Train: [ 59/99] Final Prec@1 95.9444%
07/13 08:10:40午後 trainTeacher_main.py:237 [INFO] Valid: [ 59/99] Final Prec@1 83.2000%
07/13 08:10:40午後 trainTeacher_main.py:179 [INFO] Until now, best Prec@1 = 83.6200%
07/13 08:11:54午後 trainTeacher_main.py:209 [INFO] Train: [ 60/99] Final Prec@1 96.0756%
07/13 08:11:56午後 trainTeacher_main.py:237 [INFO] Valid: [ 60/99] Final Prec@1 83.0600%
07/13 08:11:56午後 trainTeacher_main.py:179 [INFO] Until now, best Prec@1 = 83.6200%
07/13 08:13:10午後 trainTeacher_main.py:209 [INFO] Train: [ 61/99] Final Prec@1 96.0467%
07/13 08:13:13午後 trainTeacher_main.py:237 [INFO] Valid: [ 61/99] Final Prec@1 83.4200%
07/13 08:13:13午後 trainTeacher_main.py:179 [INFO] Until now, best Prec@1 = 83.6200%
07/13 08:14:27午後 trainTeacher_main.py:209 [INFO] Train: [ 62/99] Final Prec@1 96.1022%
07/13 08:14:29午後 trainTeacher_main.py:237 [INFO] Valid: [ 62/99] Final Prec@1 83.0000%
07/13 08:14:29午後 trainTeacher_main.py:179 [INFO] Until now, best Prec@1 = 83.6200%
07/13 08:15:43午後 trainTeacher_main.py:209 [INFO] Train: [ 63/99] Final Prec@1 96.0933%
07/13 08:15:46午後 trainTeacher_main.py:237 [INFO] Valid: [ 63/99] Final Prec@1 83.1000%
07/13 08:15:46午後 trainTeacher_main.py:179 [INFO] Until now, best Prec@1 = 83.6200%
07/13 08:17:00午後 trainTeacher_main.py:209 [INFO] Train: [ 64/99] Final Prec@1 96.1867%
07/13 08:17:02午後 trainTeacher_main.py:237 [INFO] Valid: [ 64/99] Final Prec@1 83.6800%
07/13 08:17:02午後 trainTeacher_main.py:179 [INFO] Until now, best Prec@1 = 83.6800%
07/13 08:18:16午後 trainTeacher_main.py:209 [INFO] Train: [ 65/99] Final Prec@1 96.3200%
07/13 08:18:18午後 trainTeacher_main.py:237 [INFO] Valid: [ 65/99] Final Prec@1 83.1800%
07/13 08:18:19午後 trainTeacher_main.py:179 [INFO] Until now, best Prec@1 = 83.6800%
07/13 08:19:33午後 trainTeacher_main.py:209 [INFO] Train: [ 66/99] Final Prec@1 96.4822%
07/13 08:19:35午後 trainTeacher_main.py:237 [INFO] Valid: [ 66/99] Final Prec@1 83.0200%
07/13 08:19:35午後 trainTeacher_main.py:179 [INFO] Until now, best Prec@1 = 83.6800%
07/13 08:20:49午後 trainTeacher_main.py:209 [INFO] Train: [ 67/99] Final Prec@1 96.6200%
07/13 08:20:51午後 trainTeacher_main.py:237 [INFO] Valid: [ 67/99] Final Prec@1 83.3800%
07/13 08:20:51午後 trainTeacher_main.py:179 [INFO] Until now, best Prec@1 = 83.6800%
07/13 08:22:06午後 trainTeacher_main.py:209 [INFO] Train: [ 68/99] Final Prec@1 96.2111%
07/13 08:22:08午後 trainTeacher_main.py:237 [INFO] Valid: [ 68/99] Final Prec@1 83.4400%
07/13 08:22:08午後 trainTeacher_main.py:179 [INFO] Until now, best Prec@1 = 83.6800%
07/13 08:23:22午後 trainTeacher_main.py:209 [INFO] Train: [ 69/99] Final Prec@1 96.4178%
07/13 08:23:24午後 trainTeacher_main.py:237 [INFO] Valid: [ 69/99] Final Prec@1 83.5000%
07/13 08:23:24午後 trainTeacher_main.py:179 [INFO] Until now, best Prec@1 = 83.6800%
07/13 08:24:38午後 trainTeacher_main.py:209 [INFO] Train: [ 70/99] Final Prec@1 96.7089%
07/13 08:24:41午後 trainTeacher_main.py:237 [INFO] Valid: [ 70/99] Final Prec@1 83.1800%
07/13 08:24:41午後 trainTeacher_main.py:179 [INFO] Until now, best Prec@1 = 83.6800%
07/13 08:25:55午後 trainTeacher_main.py:209 [INFO] Train: [ 71/99] Final Prec@1 96.3822%
07/13 08:25:57午後 trainTeacher_main.py:237 [INFO] Valid: [ 71/99] Final Prec@1 83.2200%
07/13 08:25:57午後 trainTeacher_main.py:179 [INFO] Until now, best Prec@1 = 83.6800%
07/13 08:27:11午後 trainTeacher_main.py:209 [INFO] Train: [ 72/99] Final Prec@1 96.6044%
07/13 08:27:14午後 trainTeacher_main.py:237 [INFO] Valid: [ 72/99] Final Prec@1 83.4000%
07/13 08:27:14午後 trainTeacher_main.py:179 [INFO] Until now, best Prec@1 = 83.6800%
07/13 08:28:28午後 trainTeacher_main.py:209 [INFO] Train: [ 73/99] Final Prec@1 96.6556%
07/13 08:28:30午後 trainTeacher_main.py:237 [INFO] Valid: [ 73/99] Final Prec@1 83.9000%
07/13 08:28:30午後 trainTeacher_main.py:179 [INFO] Until now, best Prec@1 = 83.9000%
07/13 08:29:44午後 trainTeacher_main.py:209 [INFO] Train: [ 74/99] Final Prec@1 96.6600%
07/13 08:29:46午後 trainTeacher_main.py:237 [INFO] Valid: [ 74/99] Final Prec@1 83.2400%
07/13 08:29:46午後 trainTeacher_main.py:179 [INFO] Until now, best Prec@1 = 83.9000%
07/13 08:31:01午後 trainTeacher_main.py:209 [INFO] Train: [ 75/99] Final Prec@1 96.8333%
07/13 08:31:03午後 trainTeacher_main.py:237 [INFO] Valid: [ 75/99] Final Prec@1 84.1800%
07/13 08:31:03午後 trainTeacher_main.py:179 [INFO] Until now, best Prec@1 = 84.1800%
07/13 08:32:17午後 trainTeacher_main.py:209 [INFO] Train: [ 76/99] Final Prec@1 96.7711%
07/13 08:32:19午後 trainTeacher_main.py:237 [INFO] Valid: [ 76/99] Final Prec@1 83.5400%
07/13 08:32:20午後 trainTeacher_main.py:179 [INFO] Until now, best Prec@1 = 84.1800%
07/13 08:33:34午後 trainTeacher_main.py:209 [INFO] Train: [ 77/99] Final Prec@1 96.7622%
07/13 08:33:36午後 trainTeacher_main.py:237 [INFO] Valid: [ 77/99] Final Prec@1 83.0800%
07/13 08:33:36午後 trainTeacher_main.py:179 [INFO] Until now, best Prec@1 = 84.1800%
07/13 08:34:50午後 trainTeacher_main.py:209 [INFO] Train: [ 78/99] Final Prec@1 96.8622%
07/13 08:34:53午後 trainTeacher_main.py:237 [INFO] Valid: [ 78/99] Final Prec@1 83.0400%
07/13 08:34:53午後 trainTeacher_main.py:179 [INFO] Until now, best Prec@1 = 84.1800%
07/13 08:36:07午後 trainTeacher_main.py:209 [INFO] Train: [ 79/99] Final Prec@1 96.8822%
07/13 08:36:09午後 trainTeacher_main.py:237 [INFO] Valid: [ 79/99] Final Prec@1 83.1800%
07/13 08:36:09午後 trainTeacher_main.py:179 [INFO] Until now, best Prec@1 = 84.1800%
07/13 08:37:23午後 trainTeacher_main.py:209 [INFO] Train: [ 80/99] Final Prec@1 96.8467%
07/13 08:37:26午後 trainTeacher_main.py:237 [INFO] Valid: [ 80/99] Final Prec@1 83.4800%
07/13 08:37:26午後 trainTeacher_main.py:179 [INFO] Until now, best Prec@1 = 84.1800%
07/13 08:38:40午後 trainTeacher_main.py:209 [INFO] Train: [ 81/99] Final Prec@1 96.8933%
07/13 08:38:42午後 trainTeacher_main.py:237 [INFO] Valid: [ 81/99] Final Prec@1 83.1000%
07/13 08:38:42午後 trainTeacher_main.py:179 [INFO] Until now, best Prec@1 = 84.1800%
07/13 08:39:56午後 trainTeacher_main.py:209 [INFO] Train: [ 82/99] Final Prec@1 96.8556%
07/13 08:39:59午後 trainTeacher_main.py:237 [INFO] Valid: [ 82/99] Final Prec@1 83.6000%
07/13 08:39:59午後 trainTeacher_main.py:179 [INFO] Until now, best Prec@1 = 84.1800%
07/13 08:41:13午後 trainTeacher_main.py:209 [INFO] Train: [ 83/99] Final Prec@1 96.9489%
07/13 08:41:15午後 trainTeacher_main.py:237 [INFO] Valid: [ 83/99] Final Prec@1 83.3000%
07/13 08:41:15午後 trainTeacher_main.py:179 [INFO] Until now, best Prec@1 = 84.1800%
07/13 08:42:29午後 trainTeacher_main.py:209 [INFO] Train: [ 84/99] Final Prec@1 96.9022%
07/13 08:42:31午後 trainTeacher_main.py:237 [INFO] Valid: [ 84/99] Final Prec@1 83.5600%
07/13 08:42:31午後 trainTeacher_main.py:179 [INFO] Until now, best Prec@1 = 84.1800%
07/13 08:43:45午後 trainTeacher_main.py:209 [INFO] Train: [ 85/99] Final Prec@1 97.0711%
07/13 08:43:48午後 trainTeacher_main.py:237 [INFO] Valid: [ 85/99] Final Prec@1 83.5000%
07/13 08:43:48午後 trainTeacher_main.py:179 [INFO] Until now, best Prec@1 = 84.1800%
07/13 08:45:02午後 trainTeacher_main.py:209 [INFO] Train: [ 86/99] Final Prec@1 96.9356%
07/13 08:45:04午後 trainTeacher_main.py:237 [INFO] Valid: [ 86/99] Final Prec@1 83.0800%
07/13 08:45:04午後 trainTeacher_main.py:179 [INFO] Until now, best Prec@1 = 84.1800%
07/13 08:46:18午後 trainTeacher_main.py:209 [INFO] Train: [ 87/99] Final Prec@1 96.8600%
07/13 08:46:21午後 trainTeacher_main.py:237 [INFO] Valid: [ 87/99] Final Prec@1 83.2400%
07/13 08:46:21午後 trainTeacher_main.py:179 [INFO] Until now, best Prec@1 = 84.1800%
07/13 08:47:35午後 trainTeacher_main.py:209 [INFO] Train: [ 88/99] Final Prec@1 97.0600%
07/13 08:47:37午後 trainTeacher_main.py:237 [INFO] Valid: [ 88/99] Final Prec@1 83.5600%
07/13 08:47:37午後 trainTeacher_main.py:179 [INFO] Until now, best Prec@1 = 84.1800%
07/13 08:48:51午後 trainTeacher_main.py:209 [INFO] Train: [ 89/99] Final Prec@1 96.9822%
07/13 08:48:54午後 trainTeacher_main.py:237 [INFO] Valid: [ 89/99] Final Prec@1 83.3200%
07/13 08:48:54午後 trainTeacher_main.py:179 [INFO] Until now, best Prec@1 = 84.1800%
07/13 08:50:08午後 trainTeacher_main.py:209 [INFO] Train: [ 90/99] Final Prec@1 97.1711%
07/13 08:50:10午後 trainTeacher_main.py:237 [INFO] Valid: [ 90/99] Final Prec@1 83.9200%
07/13 08:50:10午後 trainTeacher_main.py:179 [INFO] Until now, best Prec@1 = 84.1800%
07/13 08:51:24午後 trainTeacher_main.py:209 [INFO] Train: [ 91/99] Final Prec@1 97.0689%
07/13 08:51:26午後 trainTeacher_main.py:237 [INFO] Valid: [ 91/99] Final Prec@1 83.3600%
07/13 08:51:27午後 trainTeacher_main.py:179 [INFO] Until now, best Prec@1 = 84.1800%
07/13 08:52:41午後 trainTeacher_main.py:209 [INFO] Train: [ 92/99] Final Prec@1 97.1178%
07/13 08:52:43午後 trainTeacher_main.py:237 [INFO] Valid: [ 92/99] Final Prec@1 83.7200%
07/13 08:52:43午後 trainTeacher_main.py:179 [INFO] Until now, best Prec@1 = 84.1800%
07/13 08:53:57午後 trainTeacher_main.py:209 [INFO] Train: [ 93/99] Final Prec@1 97.0844%
07/13 08:53:59午後 trainTeacher_main.py:237 [INFO] Valid: [ 93/99] Final Prec@1 83.5200%
07/13 08:53:59午後 trainTeacher_main.py:179 [INFO] Until now, best Prec@1 = 84.1800%
07/13 08:55:14午後 trainTeacher_main.py:209 [INFO] Train: [ 94/99] Final Prec@1 97.1689%
07/13 08:55:16午後 trainTeacher_main.py:237 [INFO] Valid: [ 94/99] Final Prec@1 83.0800%
07/13 08:55:16午後 trainTeacher_main.py:179 [INFO] Until now, best Prec@1 = 84.1800%
07/13 08:56:30午後 trainTeacher_main.py:209 [INFO] Train: [ 95/99] Final Prec@1 97.0622%
07/13 08:56:32午後 trainTeacher_main.py:237 [INFO] Valid: [ 95/99] Final Prec@1 83.7400%
07/13 08:56:32午後 trainTeacher_main.py:179 [INFO] Until now, best Prec@1 = 84.1800%
07/13 08:57:47午後 trainTeacher_main.py:209 [INFO] Train: [ 96/99] Final Prec@1 96.8711%
07/13 08:57:49午後 trainTeacher_main.py:237 [INFO] Valid: [ 96/99] Final Prec@1 83.5200%
07/13 08:57:49午後 trainTeacher_main.py:179 [INFO] Until now, best Prec@1 = 84.1800%
07/13 08:59:03午後 trainTeacher_main.py:209 [INFO] Train: [ 97/99] Final Prec@1 97.0156%
07/13 08:59:05午後 trainTeacher_main.py:237 [INFO] Valid: [ 97/99] Final Prec@1 83.6000%
07/13 08:59:06午後 trainTeacher_main.py:179 [INFO] Until now, best Prec@1 = 84.1800%
07/13 09:00:20午後 trainTeacher_main.py:209 [INFO] Train: [ 98/99] Final Prec@1 97.1800%
07/13 09:00:22午後 trainTeacher_main.py:237 [INFO] Valid: [ 98/99] Final Prec@1 83.4200%
07/13 09:00:22午後 trainTeacher_main.py:179 [INFO] Until now, best Prec@1 = 84.1800%
07/13 09:01:36午後 trainTeacher_main.py:209 [INFO] Train: [ 99/99] Final Prec@1 97.2178%
07/13 09:01:39午後 trainTeacher_main.py:237 [INFO] Valid: [ 99/99] Final Prec@1 83.3200%
07/13 09:01:39午後 trainTeacher_main.py:179 [INFO] Until now, best Prec@1 = 84.1800%
07/13 09:01:39午後 trainTeacher_main.py:181 [INFO] Final best Prec@1 = 84.1800%
