07/12 04:30:55PM parser.py:28 [INFO] 
07/12 04:30:55PM parser.py:29 [INFO] Parameters:
07/12 04:30:55PM parser.py:31 [INFO] ADVANCED=True
07/12 04:30:55PM parser.py:31 [INFO] BATCH_SIZE=64
07/12 04:30:55PM parser.py:31 [INFO] CUTOUT_LENGTH=16
07/12 04:30:55PM parser.py:31 [INFO] DATA_PATH=../data/
07/12 04:30:55PM parser.py:31 [INFO] DATASET=cifar100
07/12 04:30:55PM parser.py:31 [INFO] DESCRIPTION=Train_EfficientNetB0_with_advanced_data_preproccess_224-224_resized
07/12 04:30:55PM parser.py:31 [INFO] EPOCHS=100
07/12 04:30:55PM parser.py:31 [INFO] EXP_NAME=resized224-20240712-163055
07/12 04:30:55PM parser.py:31 [INFO] GPUS=[0]
07/12 04:30:55PM parser.py:31 [INFO] LOGGER=<Logger H-DAS (INFO)>
07/12 04:30:55PM parser.py:31 [INFO] LR=0.1
07/12 04:30:55PM parser.py:31 [INFO] LR_MIN=0.001
07/12 04:30:55PM parser.py:31 [INFO] MODEL_NAME=efficientnet_b0
07/12 04:30:55PM parser.py:31 [INFO] MOMENTUM=0.9
07/12 04:30:55PM parser.py:31 [INFO] NAME=FINETUNE2
07/12 04:30:55PM parser.py:31 [INFO] PATH=results/teacher/cifar100/efficientnet_b0/FINETUNE2/resized224-20240712-163055
07/12 04:30:55PM parser.py:31 [INFO] SAVE=resized224
07/12 04:30:55PM parser.py:31 [INFO] SEED=0
07/12 04:30:55PM parser.py:31 [INFO] TRAIN_PORTION=0.9
07/12 04:30:55PM parser.py:31 [INFO] WEIGHT_DECAY=0.0003
07/12 04:30:55PM parser.py:31 [INFO] WORKERS=4
07/12 04:30:55PM parser.py:32 [INFO] 
07/12 04:31:34PM trainTeacher_main.py:171 [INFO] Train: [  0/99] Final Prec@1 4.6622%
07/12 04:31:35PM trainTeacher_main.py:199 [INFO] Valid: [  0/99] Final Prec@1 7.1600%
07/12 04:31:36午後 trainTeacher_main.py:141 [INFO] Until now, best Prec@1 = 7.1600%
07/12 04:32:12午後 trainTeacher_main.py:171 [INFO] Train: [  1/99] Final Prec@1 11.0733%
07/12 04:32:13午後 trainTeacher_main.py:199 [INFO] Valid: [  1/99] Final Prec@1 14.2400%
07/12 04:32:13午後 trainTeacher_main.py:141 [INFO] Until now, best Prec@1 = 14.2400%
07/12 04:32:49午後 trainTeacher_main.py:171 [INFO] Train: [  2/99] Final Prec@1 18.0933%
07/12 04:32:51午後 trainTeacher_main.py:199 [INFO] Valid: [  2/99] Final Prec@1 21.0000%
07/12 04:32:51午後 trainTeacher_main.py:141 [INFO] Until now, best Prec@1 = 21.0000%
07/12 04:33:27午後 trainTeacher_main.py:171 [INFO] Train: [  3/99] Final Prec@1 24.1622%
07/12 04:33:28午後 trainTeacher_main.py:199 [INFO] Valid: [  3/99] Final Prec@1 24.8800%
07/12 04:33:28午後 trainTeacher_main.py:141 [INFO] Until now, best Prec@1 = 24.8800%
07/12 04:34:05午後 trainTeacher_main.py:171 [INFO] Train: [  4/99] Final Prec@1 29.3044%
07/12 04:34:06午後 trainTeacher_main.py:199 [INFO] Valid: [  4/99] Final Prec@1 26.7600%
07/12 04:34:06午後 trainTeacher_main.py:141 [INFO] Until now, best Prec@1 = 26.7600%
07/12 04:34:42午後 trainTeacher_main.py:171 [INFO] Train: [  5/99] Final Prec@1 32.8333%
07/12 04:34:43午後 trainTeacher_main.py:199 [INFO] Valid: [  5/99] Final Prec@1 29.6200%
07/12 04:34:43午後 trainTeacher_main.py:141 [INFO] Until now, best Prec@1 = 29.6200%
07/12 04:35:20午後 trainTeacher_main.py:171 [INFO] Train: [  6/99] Final Prec@1 35.6689%
07/12 04:35:21午後 trainTeacher_main.py:199 [INFO] Valid: [  6/99] Final Prec@1 33.0800%
07/12 04:35:21午後 trainTeacher_main.py:141 [INFO] Until now, best Prec@1 = 33.0800%
07/12 04:35:57午後 trainTeacher_main.py:171 [INFO] Train: [  7/99] Final Prec@1 38.4111%
07/12 04:35:58午後 trainTeacher_main.py:199 [INFO] Valid: [  7/99] Final Prec@1 36.7400%
07/12 04:35:58午後 trainTeacher_main.py:141 [INFO] Until now, best Prec@1 = 36.7400%
07/12 04:36:35午後 trainTeacher_main.py:171 [INFO] Train: [  8/99] Final Prec@1 40.2422%
07/12 04:36:36午後 trainTeacher_main.py:199 [INFO] Valid: [  8/99] Final Prec@1 40.1400%
07/12 04:36:36午後 trainTeacher_main.py:141 [INFO] Until now, best Prec@1 = 40.1400%
07/12 04:37:12午後 trainTeacher_main.py:171 [INFO] Train: [  9/99] Final Prec@1 42.2422%
07/12 04:37:13午後 trainTeacher_main.py:199 [INFO] Valid: [  9/99] Final Prec@1 36.5000%
07/12 04:37:13午後 trainTeacher_main.py:141 [INFO] Until now, best Prec@1 = 40.1400%
07/12 04:37:50午後 trainTeacher_main.py:171 [INFO] Train: [ 10/99] Final Prec@1 43.6267%
07/12 04:37:51午後 trainTeacher_main.py:199 [INFO] Valid: [ 10/99] Final Prec@1 36.7200%
07/12 04:37:51午後 trainTeacher_main.py:141 [INFO] Until now, best Prec@1 = 40.1400%
07/12 04:38:27午後 trainTeacher_main.py:171 [INFO] Train: [ 11/99] Final Prec@1 44.9556%
07/12 04:38:28午後 trainTeacher_main.py:199 [INFO] Valid: [ 11/99] Final Prec@1 41.4600%
07/12 04:38:28午後 trainTeacher_main.py:141 [INFO] Until now, best Prec@1 = 41.4600%
07/12 04:39:05午後 trainTeacher_main.py:171 [INFO] Train: [ 12/99] Final Prec@1 46.0800%
07/12 04:39:06午後 trainTeacher_main.py:199 [INFO] Valid: [ 12/99] Final Prec@1 42.5000%
07/12 04:39:06午後 trainTeacher_main.py:141 [INFO] Until now, best Prec@1 = 42.5000%
07/12 04:39:42午後 trainTeacher_main.py:171 [INFO] Train: [ 13/99] Final Prec@1 47.1333%
07/12 04:39:43午後 trainTeacher_main.py:199 [INFO] Valid: [ 13/99] Final Prec@1 44.5200%
07/12 04:39:43午後 trainTeacher_main.py:141 [INFO] Until now, best Prec@1 = 44.5200%
07/12 04:40:20午後 trainTeacher_main.py:171 [INFO] Train: [ 14/99] Final Prec@1 47.9267%
07/12 04:40:21午後 trainTeacher_main.py:199 [INFO] Valid: [ 14/99] Final Prec@1 45.9200%
07/12 04:40:21午後 trainTeacher_main.py:141 [INFO] Until now, best Prec@1 = 45.9200%
07/12 04:40:57午後 trainTeacher_main.py:171 [INFO] Train: [ 15/99] Final Prec@1 49.2422%
07/12 04:40:58午後 trainTeacher_main.py:199 [INFO] Valid: [ 15/99] Final Prec@1 44.7400%
07/12 04:40:58午後 trainTeacher_main.py:141 [INFO] Until now, best Prec@1 = 45.9200%
07/12 04:41:35午後 trainTeacher_main.py:171 [INFO] Train: [ 16/99] Final Prec@1 49.6222%
07/12 04:41:36午後 trainTeacher_main.py:199 [INFO] Valid: [ 16/99] Final Prec@1 45.9200%
07/12 04:41:36午後 trainTeacher_main.py:141 [INFO] Until now, best Prec@1 = 45.9200%
07/12 04:42:12午後 trainTeacher_main.py:171 [INFO] Train: [ 17/99] Final Prec@1 50.3222%
07/12 04:42:13午後 trainTeacher_main.py:199 [INFO] Valid: [ 17/99] Final Prec@1 45.3000%
07/12 04:42:13午後 trainTeacher_main.py:141 [INFO] Until now, best Prec@1 = 45.9200%
07/12 04:42:50午後 trainTeacher_main.py:171 [INFO] Train: [ 18/99] Final Prec@1 50.8667%
07/12 04:42:51午後 trainTeacher_main.py:199 [INFO] Valid: [ 18/99] Final Prec@1 48.3200%
07/12 04:42:51午後 trainTeacher_main.py:141 [INFO] Until now, best Prec@1 = 48.3200%
07/12 04:43:27午後 trainTeacher_main.py:171 [INFO] Train: [ 19/99] Final Prec@1 51.3222%
07/12 04:43:28午後 trainTeacher_main.py:199 [INFO] Valid: [ 19/99] Final Prec@1 43.6800%
07/12 04:43:28午後 trainTeacher_main.py:141 [INFO] Until now, best Prec@1 = 48.3200%
07/12 04:44:04午後 trainTeacher_main.py:171 [INFO] Train: [ 20/99] Final Prec@1 51.8578%
07/12 04:44:06午後 trainTeacher_main.py:199 [INFO] Valid: [ 20/99] Final Prec@1 47.4000%
07/12 04:44:06午後 trainTeacher_main.py:141 [INFO] Until now, best Prec@1 = 48.3200%
07/12 04:44:42午後 trainTeacher_main.py:171 [INFO] Train: [ 21/99] Final Prec@1 52.3956%
07/12 04:44:43午後 trainTeacher_main.py:199 [INFO] Valid: [ 21/99] Final Prec@1 46.6800%
07/12 04:44:43午後 trainTeacher_main.py:141 [INFO] Until now, best Prec@1 = 48.3200%
07/12 04:45:19午後 trainTeacher_main.py:171 [INFO] Train: [ 22/99] Final Prec@1 52.8600%
07/12 04:45:21午後 trainTeacher_main.py:199 [INFO] Valid: [ 22/99] Final Prec@1 48.4400%
07/12 04:45:21午後 trainTeacher_main.py:141 [INFO] Until now, best Prec@1 = 48.4400%
07/12 04:45:57午後 trainTeacher_main.py:171 [INFO] Train: [ 23/99] Final Prec@1 53.5267%
07/12 04:45:58午後 trainTeacher_main.py:199 [INFO] Valid: [ 23/99] Final Prec@1 49.1600%
07/12 04:45:58午後 trainTeacher_main.py:141 [INFO] Until now, best Prec@1 = 49.1600%
07/12 04:46:34午後 trainTeacher_main.py:171 [INFO] Train: [ 24/99] Final Prec@1 53.8489%
07/12 04:46:36午後 trainTeacher_main.py:199 [INFO] Valid: [ 24/99] Final Prec@1 49.5400%
07/12 04:46:36午後 trainTeacher_main.py:141 [INFO] Until now, best Prec@1 = 49.5400%
07/12 04:47:12午後 trainTeacher_main.py:171 [INFO] Train: [ 25/99] Final Prec@1 54.1978%
07/12 04:47:13午後 trainTeacher_main.py:199 [INFO] Valid: [ 25/99] Final Prec@1 47.8400%
07/12 04:47:13午後 trainTeacher_main.py:141 [INFO] Until now, best Prec@1 = 49.5400%
07/12 04:47:49午後 trainTeacher_main.py:171 [INFO] Train: [ 26/99] Final Prec@1 54.5378%
07/12 04:47:51午後 trainTeacher_main.py:199 [INFO] Valid: [ 26/99] Final Prec@1 47.1600%
07/12 04:47:51午後 trainTeacher_main.py:141 [INFO] Until now, best Prec@1 = 49.5400%
07/12 04:48:27午後 trainTeacher_main.py:171 [INFO] Train: [ 27/99] Final Prec@1 55.3200%
07/12 04:48:28午後 trainTeacher_main.py:199 [INFO] Valid: [ 27/99] Final Prec@1 51.9600%
07/12 04:48:28午後 trainTeacher_main.py:141 [INFO] Until now, best Prec@1 = 51.9600%
07/12 04:49:04午後 trainTeacher_main.py:171 [INFO] Train: [ 28/99] Final Prec@1 55.6444%
07/12 04:49:06午後 trainTeacher_main.py:199 [INFO] Valid: [ 28/99] Final Prec@1 51.2800%
07/12 04:49:06午後 trainTeacher_main.py:141 [INFO] Until now, best Prec@1 = 51.9600%
07/12 04:49:42午後 trainTeacher_main.py:171 [INFO] Train: [ 29/99] Final Prec@1 56.1089%
07/12 04:49:43午後 trainTeacher_main.py:199 [INFO] Valid: [ 29/99] Final Prec@1 49.6400%
07/12 04:49:43午後 trainTeacher_main.py:141 [INFO] Until now, best Prec@1 = 51.9600%
07/12 04:50:19午後 trainTeacher_main.py:171 [INFO] Train: [ 30/99] Final Prec@1 56.4156%
07/12 04:50:20午後 trainTeacher_main.py:199 [INFO] Valid: [ 30/99] Final Prec@1 51.2400%
07/12 04:50:21午後 trainTeacher_main.py:141 [INFO] Until now, best Prec@1 = 51.9600%
07/12 04:50:57午後 trainTeacher_main.py:171 [INFO] Train: [ 31/99] Final Prec@1 56.5644%
07/12 04:50:58午後 trainTeacher_main.py:199 [INFO] Valid: [ 31/99] Final Prec@1 52.4000%
07/12 04:50:58午後 trainTeacher_main.py:141 [INFO] Until now, best Prec@1 = 52.4000%
07/12 04:51:34午後 trainTeacher_main.py:171 [INFO] Train: [ 32/99] Final Prec@1 57.3511%
07/12 04:51:35午後 trainTeacher_main.py:199 [INFO] Valid: [ 32/99] Final Prec@1 52.7000%
07/12 04:51:36午後 trainTeacher_main.py:141 [INFO] Until now, best Prec@1 = 52.7000%
07/12 04:52:12午後 trainTeacher_main.py:171 [INFO] Train: [ 33/99] Final Prec@1 57.3822%
07/12 04:52:13午後 trainTeacher_main.py:199 [INFO] Valid: [ 33/99] Final Prec@1 53.3800%
07/12 04:52:13午後 trainTeacher_main.py:141 [INFO] Until now, best Prec@1 = 53.3800%
07/12 04:52:49午後 trainTeacher_main.py:171 [INFO] Train: [ 34/99] Final Prec@1 58.0400%
07/12 04:52:50午後 trainTeacher_main.py:199 [INFO] Valid: [ 34/99] Final Prec@1 53.4800%
07/12 04:52:51午後 trainTeacher_main.py:141 [INFO] Until now, best Prec@1 = 53.4800%
07/12 04:53:27午後 trainTeacher_main.py:171 [INFO] Train: [ 35/99] Final Prec@1 58.4978%
07/12 04:53:28午後 trainTeacher_main.py:199 [INFO] Valid: [ 35/99] Final Prec@1 51.9800%
07/12 04:53:28午後 trainTeacher_main.py:141 [INFO] Until now, best Prec@1 = 53.4800%
07/12 04:54:04午後 trainTeacher_main.py:171 [INFO] Train: [ 36/99] Final Prec@1 58.7156%
07/12 04:54:06午後 trainTeacher_main.py:199 [INFO] Valid: [ 36/99] Final Prec@1 52.3200%
07/12 04:54:06午後 trainTeacher_main.py:141 [INFO] Until now, best Prec@1 = 53.4800%
07/12 04:54:42午後 trainTeacher_main.py:171 [INFO] Train: [ 37/99] Final Prec@1 59.2578%
07/12 04:54:43午後 trainTeacher_main.py:199 [INFO] Valid: [ 37/99] Final Prec@1 54.3200%
07/12 04:54:43午後 trainTeacher_main.py:141 [INFO] Until now, best Prec@1 = 54.3200%
07/12 04:55:19午後 trainTeacher_main.py:171 [INFO] Train: [ 38/99] Final Prec@1 59.3311%
07/12 04:55:21午後 trainTeacher_main.py:199 [INFO] Valid: [ 38/99] Final Prec@1 52.4600%
07/12 04:55:21午後 trainTeacher_main.py:141 [INFO] Until now, best Prec@1 = 54.3200%
07/12 04:55:57午後 trainTeacher_main.py:171 [INFO] Train: [ 39/99] Final Prec@1 59.5711%
07/12 04:55:58午後 trainTeacher_main.py:199 [INFO] Valid: [ 39/99] Final Prec@1 53.7400%
07/12 04:55:58午後 trainTeacher_main.py:141 [INFO] Until now, best Prec@1 = 54.3200%
07/12 04:56:34午後 trainTeacher_main.py:171 [INFO] Train: [ 40/99] Final Prec@1 60.5244%
07/12 04:56:36午後 trainTeacher_main.py:199 [INFO] Valid: [ 40/99] Final Prec@1 55.5600%
07/12 04:56:36午後 trainTeacher_main.py:141 [INFO] Until now, best Prec@1 = 55.5600%
07/12 04:57:12午後 trainTeacher_main.py:171 [INFO] Train: [ 41/99] Final Prec@1 60.6178%
07/12 04:57:13午後 trainTeacher_main.py:199 [INFO] Valid: [ 41/99] Final Prec@1 54.2800%
07/12 04:57:13午後 trainTeacher_main.py:141 [INFO] Until now, best Prec@1 = 55.5600%
07/12 04:57:49午後 trainTeacher_main.py:171 [INFO] Train: [ 42/99] Final Prec@1 61.1889%
07/12 04:57:51午後 trainTeacher_main.py:199 [INFO] Valid: [ 42/99] Final Prec@1 54.5200%
07/12 04:57:51午後 trainTeacher_main.py:141 [INFO] Until now, best Prec@1 = 55.5600%
07/12 04:58:27午後 trainTeacher_main.py:171 [INFO] Train: [ 43/99] Final Prec@1 61.3867%
07/12 04:58:28午後 trainTeacher_main.py:199 [INFO] Valid: [ 43/99] Final Prec@1 57.0600%
07/12 04:58:28午後 trainTeacher_main.py:141 [INFO] Until now, best Prec@1 = 57.0600%
07/12 04:59:04午後 trainTeacher_main.py:171 [INFO] Train: [ 44/99] Final Prec@1 62.4378%
07/12 04:59:06午後 trainTeacher_main.py:199 [INFO] Valid: [ 44/99] Final Prec@1 56.9400%
07/12 04:59:06午後 trainTeacher_main.py:141 [INFO] Until now, best Prec@1 = 57.0600%
07/12 04:59:42午後 trainTeacher_main.py:171 [INFO] Train: [ 45/99] Final Prec@1 62.1489%
07/12 04:59:43午後 trainTeacher_main.py:199 [INFO] Valid: [ 45/99] Final Prec@1 58.1600%
07/12 04:59:43午後 trainTeacher_main.py:141 [INFO] Until now, best Prec@1 = 58.1600%
07/12 05:00:20午後 trainTeacher_main.py:171 [INFO] Train: [ 46/99] Final Prec@1 62.9622%
07/12 05:00:21午後 trainTeacher_main.py:199 [INFO] Valid: [ 46/99] Final Prec@1 56.1200%
07/12 05:00:21午後 trainTeacher_main.py:141 [INFO] Until now, best Prec@1 = 58.1600%
07/12 05:00:57午後 trainTeacher_main.py:171 [INFO] Train: [ 47/99] Final Prec@1 63.5111%
07/12 05:00:58午後 trainTeacher_main.py:199 [INFO] Valid: [ 47/99] Final Prec@1 58.4200%
07/12 05:00:58午後 trainTeacher_main.py:141 [INFO] Until now, best Prec@1 = 58.4200%
07/12 05:01:35午後 trainTeacher_main.py:171 [INFO] Train: [ 48/99] Final Prec@1 63.8289%
07/12 05:01:36午後 trainTeacher_main.py:199 [INFO] Valid: [ 48/99] Final Prec@1 57.5800%
07/12 05:01:36午後 trainTeacher_main.py:141 [INFO] Until now, best Prec@1 = 58.4200%
07/12 05:02:12午後 trainTeacher_main.py:171 [INFO] Train: [ 49/99] Final Prec@1 64.1622%
07/12 05:02:13午後 trainTeacher_main.py:199 [INFO] Valid: [ 49/99] Final Prec@1 57.6600%
07/12 05:02:13午後 trainTeacher_main.py:141 [INFO] Until now, best Prec@1 = 58.4200%
07/12 05:02:49午後 trainTeacher_main.py:171 [INFO] Train: [ 50/99] Final Prec@1 64.9378%
07/12 05:02:51午後 trainTeacher_main.py:199 [INFO] Valid: [ 50/99] Final Prec@1 56.5800%
07/12 05:02:51午後 trainTeacher_main.py:141 [INFO] Until now, best Prec@1 = 58.4200%
07/12 05:03:27午後 trainTeacher_main.py:171 [INFO] Train: [ 51/99] Final Prec@1 64.9200%
07/12 05:03:28午後 trainTeacher_main.py:199 [INFO] Valid: [ 51/99] Final Prec@1 56.5400%
07/12 05:03:28午後 trainTeacher_main.py:141 [INFO] Until now, best Prec@1 = 58.4200%
07/12 05:04:05午後 trainTeacher_main.py:171 [INFO] Train: [ 52/99] Final Prec@1 65.6022%
07/12 05:04:06午後 trainTeacher_main.py:199 [INFO] Valid: [ 52/99] Final Prec@1 60.1000%
07/12 05:04:06午後 trainTeacher_main.py:141 [INFO] Until now, best Prec@1 = 60.1000%
07/12 05:04:42午後 trainTeacher_main.py:171 [INFO] Train: [ 53/99] Final Prec@1 66.0044%
07/12 05:04:43午後 trainTeacher_main.py:199 [INFO] Valid: [ 53/99] Final Prec@1 59.8400%
07/12 05:04:43午後 trainTeacher_main.py:141 [INFO] Until now, best Prec@1 = 60.1000%
07/12 05:05:19午後 trainTeacher_main.py:171 [INFO] Train: [ 54/99] Final Prec@1 66.3689%
07/12 05:05:21午後 trainTeacher_main.py:199 [INFO] Valid: [ 54/99] Final Prec@1 60.9000%
07/12 05:05:21午後 trainTeacher_main.py:141 [INFO] Until now, best Prec@1 = 60.9000%
07/12 05:05:57午後 trainTeacher_main.py:171 [INFO] Train: [ 55/99] Final Prec@1 66.9133%
07/12 05:05:58午後 trainTeacher_main.py:199 [INFO] Valid: [ 55/99] Final Prec@1 59.3800%
07/12 05:05:58午後 trainTeacher_main.py:141 [INFO] Until now, best Prec@1 = 60.9000%
07/12 05:06:35午後 trainTeacher_main.py:171 [INFO] Train: [ 56/99] Final Prec@1 67.6911%
07/12 05:06:36午後 trainTeacher_main.py:199 [INFO] Valid: [ 56/99] Final Prec@1 61.1000%
07/12 05:06:36午後 trainTeacher_main.py:141 [INFO] Until now, best Prec@1 = 61.1000%
07/12 05:07:12午後 trainTeacher_main.py:171 [INFO] Train: [ 57/99] Final Prec@1 67.8156%
07/12 05:07:13午後 trainTeacher_main.py:199 [INFO] Valid: [ 57/99] Final Prec@1 61.5200%
07/12 05:07:13午後 trainTeacher_main.py:141 [INFO] Until now, best Prec@1 = 61.5200%
07/12 05:07:50午後 trainTeacher_main.py:171 [INFO] Train: [ 58/99] Final Prec@1 68.5511%
07/12 05:07:51午後 trainTeacher_main.py:199 [INFO] Valid: [ 58/99] Final Prec@1 59.9000%
07/12 05:07:51午後 trainTeacher_main.py:141 [INFO] Until now, best Prec@1 = 61.5200%
07/12 05:08:27午後 trainTeacher_main.py:171 [INFO] Train: [ 59/99] Final Prec@1 69.2578%
07/12 05:08:28午後 trainTeacher_main.py:199 [INFO] Valid: [ 59/99] Final Prec@1 60.8400%
07/12 05:08:28午後 trainTeacher_main.py:141 [INFO] Until now, best Prec@1 = 61.5200%
07/12 05:09:04午後 trainTeacher_main.py:171 [INFO] Train: [ 60/99] Final Prec@1 69.4356%
07/12 05:09:06午後 trainTeacher_main.py:199 [INFO] Valid: [ 60/99] Final Prec@1 61.6800%
07/12 05:09:06午後 trainTeacher_main.py:141 [INFO] Until now, best Prec@1 = 61.6800%
07/12 05:09:42午後 trainTeacher_main.py:171 [INFO] Train: [ 61/99] Final Prec@1 70.3822%
07/12 05:09:43午後 trainTeacher_main.py:199 [INFO] Valid: [ 61/99] Final Prec@1 60.7600%
07/12 05:09:43午後 trainTeacher_main.py:141 [INFO] Until now, best Prec@1 = 61.6800%
07/12 05:10:20午後 trainTeacher_main.py:171 [INFO] Train: [ 62/99] Final Prec@1 70.8200%
07/12 05:10:21午後 trainTeacher_main.py:199 [INFO] Valid: [ 62/99] Final Prec@1 63.3200%
07/12 05:10:21午後 trainTeacher_main.py:141 [INFO] Until now, best Prec@1 = 63.3200%
07/12 05:10:57午後 trainTeacher_main.py:171 [INFO] Train: [ 63/99] Final Prec@1 71.5111%
07/12 05:10:58午後 trainTeacher_main.py:199 [INFO] Valid: [ 63/99] Final Prec@1 59.6400%
07/12 05:10:58午後 trainTeacher_main.py:141 [INFO] Until now, best Prec@1 = 63.3200%
07/12 05:11:35午後 trainTeacher_main.py:171 [INFO] Train: [ 64/99] Final Prec@1 71.7822%
07/12 05:11:36午後 trainTeacher_main.py:199 [INFO] Valid: [ 64/99] Final Prec@1 62.9200%
07/12 05:11:36午後 trainTeacher_main.py:141 [INFO] Until now, best Prec@1 = 63.3200%
07/12 05:12:12午後 trainTeacher_main.py:171 [INFO] Train: [ 65/99] Final Prec@1 72.4689%
07/12 05:12:13午後 trainTeacher_main.py:199 [INFO] Valid: [ 65/99] Final Prec@1 62.7000%
07/12 05:12:13午後 trainTeacher_main.py:141 [INFO] Until now, best Prec@1 = 63.3200%
07/12 05:12:49午後 trainTeacher_main.py:171 [INFO] Train: [ 66/99] Final Prec@1 73.1933%
07/12 05:12:51午後 trainTeacher_main.py:199 [INFO] Valid: [ 66/99] Final Prec@1 63.5200%
07/12 05:12:51午後 trainTeacher_main.py:141 [INFO] Until now, best Prec@1 = 63.5200%
07/12 05:13:27午後 trainTeacher_main.py:171 [INFO] Train: [ 67/99] Final Prec@1 73.9467%
07/12 05:13:28午後 trainTeacher_main.py:199 [INFO] Valid: [ 67/99] Final Prec@1 64.1800%
07/12 05:13:28午後 trainTeacher_main.py:141 [INFO] Until now, best Prec@1 = 64.1800%
07/12 05:14:04午後 trainTeacher_main.py:171 [INFO] Train: [ 68/99] Final Prec@1 74.2244%
07/12 05:14:06午後 trainTeacher_main.py:199 [INFO] Valid: [ 68/99] Final Prec@1 65.3000%
07/12 05:14:06午後 trainTeacher_main.py:141 [INFO] Until now, best Prec@1 = 65.3000%
07/12 05:14:42午後 trainTeacher_main.py:171 [INFO] Train: [ 69/99] Final Prec@1 74.8378%
07/12 05:14:43午後 trainTeacher_main.py:199 [INFO] Valid: [ 69/99] Final Prec@1 65.0000%
07/12 05:14:43午後 trainTeacher_main.py:141 [INFO] Until now, best Prec@1 = 65.3000%
07/12 05:15:19午後 trainTeacher_main.py:171 [INFO] Train: [ 70/99] Final Prec@1 75.3067%
07/12 05:15:21午後 trainTeacher_main.py:199 [INFO] Valid: [ 70/99] Final Prec@1 64.4800%
07/12 05:15:21午後 trainTeacher_main.py:141 [INFO] Until now, best Prec@1 = 65.3000%
07/12 05:15:57午後 trainTeacher_main.py:171 [INFO] Train: [ 71/99] Final Prec@1 76.4711%
07/12 05:15:58午後 trainTeacher_main.py:199 [INFO] Valid: [ 71/99] Final Prec@1 64.2600%
07/12 05:15:58午後 trainTeacher_main.py:141 [INFO] Until now, best Prec@1 = 65.3000%
07/12 05:16:35午後 trainTeacher_main.py:171 [INFO] Train: [ 72/99] Final Prec@1 77.2578%
07/12 05:16:36午後 trainTeacher_main.py:199 [INFO] Valid: [ 72/99] Final Prec@1 65.6600%
07/12 05:16:36午後 trainTeacher_main.py:141 [INFO] Until now, best Prec@1 = 65.6600%
07/12 05:17:12午後 trainTeacher_main.py:171 [INFO] Train: [ 73/99] Final Prec@1 77.7778%
07/12 05:17:13午後 trainTeacher_main.py:199 [INFO] Valid: [ 73/99] Final Prec@1 65.2600%
07/12 05:17:13午後 trainTeacher_main.py:141 [INFO] Until now, best Prec@1 = 65.6600%
07/12 05:17:50午後 trainTeacher_main.py:171 [INFO] Train: [ 74/99] Final Prec@1 78.6489%
07/12 05:17:51午後 trainTeacher_main.py:199 [INFO] Valid: [ 74/99] Final Prec@1 66.3800%
07/12 05:17:51午後 trainTeacher_main.py:141 [INFO] Until now, best Prec@1 = 66.3800%
07/12 05:18:27午後 trainTeacher_main.py:171 [INFO] Train: [ 75/99] Final Prec@1 79.2800%
07/12 05:18:28午後 trainTeacher_main.py:199 [INFO] Valid: [ 75/99] Final Prec@1 66.0600%
07/12 05:18:28午後 trainTeacher_main.py:141 [INFO] Until now, best Prec@1 = 66.3800%
07/12 05:19:05午後 trainTeacher_main.py:171 [INFO] Train: [ 76/99] Final Prec@1 79.8644%
07/12 05:19:06午後 trainTeacher_main.py:199 [INFO] Valid: [ 76/99] Final Prec@1 67.4000%
07/12 05:19:06午後 trainTeacher_main.py:141 [INFO] Until now, best Prec@1 = 67.4000%
07/12 05:19:42午後 trainTeacher_main.py:171 [INFO] Train: [ 77/99] Final Prec@1 81.2378%
07/12 05:19:43午後 trainTeacher_main.py:199 [INFO] Valid: [ 77/99] Final Prec@1 67.6000%
07/12 05:19:43午後 trainTeacher_main.py:141 [INFO] Until now, best Prec@1 = 67.6000%
07/12 05:20:20午後 trainTeacher_main.py:171 [INFO] Train: [ 78/99] Final Prec@1 81.7867%
07/12 05:20:21午後 trainTeacher_main.py:199 [INFO] Valid: [ 78/99] Final Prec@1 68.0800%
07/12 05:20:21午後 trainTeacher_main.py:141 [INFO] Until now, best Prec@1 = 68.0800%
07/12 05:20:57午後 trainTeacher_main.py:171 [INFO] Train: [ 79/99] Final Prec@1 82.1978%
07/12 05:20:58午後 trainTeacher_main.py:199 [INFO] Valid: [ 79/99] Final Prec@1 68.1400%
07/12 05:20:58午後 trainTeacher_main.py:141 [INFO] Until now, best Prec@1 = 68.1400%
07/12 05:21:35午後 trainTeacher_main.py:171 [INFO] Train: [ 80/99] Final Prec@1 83.1222%
07/12 05:21:36午後 trainTeacher_main.py:199 [INFO] Valid: [ 80/99] Final Prec@1 68.0200%
07/12 05:21:36午後 trainTeacher_main.py:141 [INFO] Until now, best Prec@1 = 68.1400%
07/12 05:22:12午後 trainTeacher_main.py:171 [INFO] Train: [ 81/99] Final Prec@1 84.1644%
07/12 05:22:13午後 trainTeacher_main.py:199 [INFO] Valid: [ 81/99] Final Prec@1 68.1800%
07/12 05:22:13午後 trainTeacher_main.py:141 [INFO] Until now, best Prec@1 = 68.1800%
07/12 05:22:50午後 trainTeacher_main.py:171 [INFO] Train: [ 82/99] Final Prec@1 85.1756%
07/12 05:22:51午後 trainTeacher_main.py:199 [INFO] Valid: [ 82/99] Final Prec@1 69.1000%
07/12 05:22:51午後 trainTeacher_main.py:141 [INFO] Until now, best Prec@1 = 69.1000%
07/12 05:23:27午後 trainTeacher_main.py:171 [INFO] Train: [ 83/99] Final Prec@1 85.7644%
07/12 05:23:28午後 trainTeacher_main.py:199 [INFO] Valid: [ 83/99] Final Prec@1 68.7000%
07/12 05:23:28午後 trainTeacher_main.py:141 [INFO] Until now, best Prec@1 = 69.1000%
07/12 05:24:05午後 trainTeacher_main.py:171 [INFO] Train: [ 84/99] Final Prec@1 86.5511%
07/12 05:24:06午後 trainTeacher_main.py:199 [INFO] Valid: [ 84/99] Final Prec@1 70.3200%
07/12 05:24:06午後 trainTeacher_main.py:141 [INFO] Until now, best Prec@1 = 70.3200%
07/12 05:24:42午後 trainTeacher_main.py:171 [INFO] Train: [ 85/99] Final Prec@1 87.4978%
07/12 05:24:43午後 trainTeacher_main.py:199 [INFO] Valid: [ 85/99] Final Prec@1 69.3000%
07/12 05:24:43午後 trainTeacher_main.py:141 [INFO] Until now, best Prec@1 = 70.3200%
07/12 05:25:20午後 trainTeacher_main.py:171 [INFO] Train: [ 86/99] Final Prec@1 88.4867%
07/12 05:25:21午後 trainTeacher_main.py:199 [INFO] Valid: [ 86/99] Final Prec@1 70.1400%
07/12 05:25:21午後 trainTeacher_main.py:141 [INFO] Until now, best Prec@1 = 70.3200%
07/12 05:25:57午後 trainTeacher_main.py:171 [INFO] Train: [ 87/99] Final Prec@1 89.0800%
07/12 05:25:59午後 trainTeacher_main.py:199 [INFO] Valid: [ 87/99] Final Prec@1 70.2600%
07/12 05:25:59午後 trainTeacher_main.py:141 [INFO] Until now, best Prec@1 = 70.3200%
07/12 05:26:35午後 trainTeacher_main.py:171 [INFO] Train: [ 88/99] Final Prec@1 89.7422%
07/12 05:26:36午後 trainTeacher_main.py:199 [INFO] Valid: [ 88/99] Final Prec@1 70.4400%
07/12 05:26:36午後 trainTeacher_main.py:141 [INFO] Until now, best Prec@1 = 70.4400%
07/12 05:27:12午後 trainTeacher_main.py:171 [INFO] Train: [ 89/99] Final Prec@1 90.7267%
07/12 05:27:14午後 trainTeacher_main.py:199 [INFO] Valid: [ 89/99] Final Prec@1 70.4800%
07/12 05:27:14午後 trainTeacher_main.py:141 [INFO] Until now, best Prec@1 = 70.4800%
07/12 05:27:50午後 trainTeacher_main.py:171 [INFO] Train: [ 90/99] Final Prec@1 91.2200%
07/12 05:27:51午後 trainTeacher_main.py:199 [INFO] Valid: [ 90/99] Final Prec@1 70.9000%
07/12 05:27:51午後 trainTeacher_main.py:141 [INFO] Until now, best Prec@1 = 70.9000%
07/12 05:28:27午後 trainTeacher_main.py:171 [INFO] Train: [ 91/99] Final Prec@1 91.5733%
07/12 05:28:29午後 trainTeacher_main.py:199 [INFO] Valid: [ 91/99] Final Prec@1 71.0200%
07/12 05:28:29午後 trainTeacher_main.py:141 [INFO] Until now, best Prec@1 = 71.0200%
07/12 05:29:05午後 trainTeacher_main.py:171 [INFO] Train: [ 92/99] Final Prec@1 92.2156%
07/12 05:29:06午後 trainTeacher_main.py:199 [INFO] Valid: [ 92/99] Final Prec@1 70.0200%
07/12 05:29:06午後 trainTeacher_main.py:141 [INFO] Until now, best Prec@1 = 71.0200%
07/12 05:29:42午後 trainTeacher_main.py:171 [INFO] Train: [ 93/99] Final Prec@1 92.8022%
07/12 05:29:44午後 trainTeacher_main.py:199 [INFO] Valid: [ 93/99] Final Prec@1 70.3200%
07/12 05:29:44午後 trainTeacher_main.py:141 [INFO] Until now, best Prec@1 = 71.0200%
07/12 05:30:20午後 trainTeacher_main.py:171 [INFO] Train: [ 94/99] Final Prec@1 93.1467%
07/12 05:30:21午後 trainTeacher_main.py:199 [INFO] Valid: [ 94/99] Final Prec@1 70.7200%
07/12 05:30:21午後 trainTeacher_main.py:141 [INFO] Until now, best Prec@1 = 71.0200%
07/12 05:30:57午後 trainTeacher_main.py:171 [INFO] Train: [ 95/99] Final Prec@1 93.5600%
07/12 05:30:59午後 trainTeacher_main.py:199 [INFO] Valid: [ 95/99] Final Prec@1 70.6800%
07/12 05:30:59午後 trainTeacher_main.py:141 [INFO] Until now, best Prec@1 = 71.0200%
07/12 05:31:35午後 trainTeacher_main.py:171 [INFO] Train: [ 96/99] Final Prec@1 93.9022%
07/12 05:31:36午後 trainTeacher_main.py:199 [INFO] Valid: [ 96/99] Final Prec@1 71.0400%
07/12 05:31:36午後 trainTeacher_main.py:141 [INFO] Until now, best Prec@1 = 71.0400%
07/12 05:32:12午後 trainTeacher_main.py:171 [INFO] Train: [ 97/99] Final Prec@1 94.1844%
07/12 05:32:13午後 trainTeacher_main.py:199 [INFO] Valid: [ 97/99] Final Prec@1 71.4800%
07/12 05:32:14午後 trainTeacher_main.py:141 [INFO] Until now, best Prec@1 = 71.4800%
07/12 05:32:50午後 trainTeacher_main.py:171 [INFO] Train: [ 98/99] Final Prec@1 94.0667%
07/12 05:32:51午後 trainTeacher_main.py:199 [INFO] Valid: [ 98/99] Final Prec@1 71.0600%
07/12 05:32:51午後 trainTeacher_main.py:141 [INFO] Until now, best Prec@1 = 71.4800%
07/12 05:33:27午後 trainTeacher_main.py:171 [INFO] Train: [ 99/99] Final Prec@1 94.4689%
07/12 05:33:29午後 trainTeacher_main.py:199 [INFO] Valid: [ 99/99] Final Prec@1 71.9400%
07/12 05:33:29午後 trainTeacher_main.py:141 [INFO] Until now, best Prec@1 = 71.9400%
07/12 05:33:29午後 trainTeacher_main.py:143 [INFO] Final best Prec@1 = 71.9400%
