07/11 10:38:21PM parser.py:28 [INFO] 
07/11 10:38:21PM parser.py:29 [INFO] Parameters:
07/11 10:38:21PM parser.py:31 [INFO] BATCH_SIZE=16
07/11 10:38:21PM parser.py:31 [INFO] CUTOUT_LENGTH=16
07/11 10:38:21PM parser.py:31 [INFO] DATA_PATH=../data/
07/11 10:38:21PM parser.py:31 [INFO] DATASET=cifar100
07/11 10:38:21PM parser.py:31 [INFO] DESCRIPTION=DenseNet_official_implimentation_for_cifar_blocks=50-50-50_growthrate=12
07/11 10:38:21PM parser.py:31 [INFO] EPOCHS=100
07/11 10:38:21PM parser.py:31 [INFO] EXP_NAME=officialCifar-20240711-223821
07/11 10:38:21PM parser.py:31 [INFO] GPUS=[0]
07/11 10:38:21PM parser.py:31 [INFO] LOGGER=<Logger H-DAS (INFO)>
07/11 10:38:21PM parser.py:31 [INFO] LR=0.1
07/11 10:38:21PM parser.py:31 [INFO] LR_MIN=0.001
07/11 10:38:21PM parser.py:31 [INFO] MODEL_NAME=densenet_cifar
07/11 10:38:21PM parser.py:31 [INFO] MOMENTUM=0.9
07/11 10:38:21PM parser.py:31 [INFO] NAME=FINETUNE2
07/11 10:38:21PM parser.py:31 [INFO] PATH=results/teacher/cifar100/densenet_cifar/FINETUNE2/officialCifar-20240711-223821
07/11 10:38:21PM parser.py:31 [INFO] SAVE=officialCifar
07/11 10:38:21PM parser.py:31 [INFO] SEED=0
07/11 10:38:21PM parser.py:31 [INFO] TRAIN_PORTION=0.9
07/11 10:38:21PM parser.py:31 [INFO] WEIGHT_DECAY=0.0003
07/11 10:38:21PM parser.py:31 [INFO] WORKERS=4
07/11 10:38:21PM parser.py:32 [INFO] 
07/11 10:40:38PM trainTeacher_main.py:183 [INFO] Train: [  0/99] Final Prec@1 6.2844%
07/11 10:40:42PM trainTeacher_main.py:211 [INFO] Valid: [  0/99] Final Prec@1 10.4200%
07/11 10:40:42午後 trainTeacher_main.py:153 [INFO] Until now, best Prec@1 = 10.4200%
07/11 10:42:53午後 trainTeacher_main.py:183 [INFO] Train: [  1/99] Final Prec@1 13.5800%
07/11 10:42:57午後 trainTeacher_main.py:211 [INFO] Valid: [  1/99] Final Prec@1 17.4600%
07/11 10:42:57午後 trainTeacher_main.py:153 [INFO] Until now, best Prec@1 = 17.4600%
07/11 10:45:08午後 trainTeacher_main.py:183 [INFO] Train: [  2/99] Final Prec@1 19.5822%
07/11 10:45:12午後 trainTeacher_main.py:211 [INFO] Valid: [  2/99] Final Prec@1 21.5200%
07/11 10:45:12午後 trainTeacher_main.py:153 [INFO] Until now, best Prec@1 = 21.5200%
07/11 10:47:23午後 trainTeacher_main.py:183 [INFO] Train: [  3/99] Final Prec@1 24.1000%
07/11 10:47:27午後 trainTeacher_main.py:211 [INFO] Valid: [  3/99] Final Prec@1 24.6000%
07/11 10:47:27午後 trainTeacher_main.py:153 [INFO] Until now, best Prec@1 = 24.6000%
07/11 10:49:38午後 trainTeacher_main.py:183 [INFO] Train: [  4/99] Final Prec@1 27.1711%
07/11 10:49:42午後 trainTeacher_main.py:211 [INFO] Valid: [  4/99] Final Prec@1 27.1000%
07/11 10:49:43午後 trainTeacher_main.py:153 [INFO] Until now, best Prec@1 = 27.1000%
07/11 10:51:53午後 trainTeacher_main.py:183 [INFO] Train: [  5/99] Final Prec@1 28.8911%
07/11 10:51:58午後 trainTeacher_main.py:211 [INFO] Valid: [  5/99] Final Prec@1 29.6400%
07/11 10:51:58午後 trainTeacher_main.py:153 [INFO] Until now, best Prec@1 = 29.6400%
07/11 10:54:09午後 trainTeacher_main.py:183 [INFO] Train: [  6/99] Final Prec@1 29.7089%
07/11 10:54:13午後 trainTeacher_main.py:211 [INFO] Valid: [  6/99] Final Prec@1 30.1800%
07/11 10:54:13午後 trainTeacher_main.py:153 [INFO] Until now, best Prec@1 = 30.1800%
