08/06 12:13:31AM parser.py:28 [INFO] 
08/06 12:13:31AM parser.py:29 [INFO] Parameters:
08/06 12:13:31AM parser.py:31 [INFO] T=1.0
08/06 12:13:31AM parser.py:31 [INFO] ADVANCED=True
08/06 12:13:31AM parser.py:31 [INFO] AUX_WEIGHT=0.4
08/06 12:13:31AM parser.py:31 [INFO] BATCH_SIZE=64
08/06 12:13:31AM parser.py:31 [INFO] CUTOUT_LENGTH=16
08/06 12:13:31AM parser.py:31 [INFO] DATA_PATH=../data/
08/06 12:13:31AM parser.py:31 [INFO] DATASET=cifar100
08/06 12:13:31AM parser.py:31 [INFO] DESCRIPTION=evaluate_arch_only_KD
08/06 12:13:31AM parser.py:31 [INFO] DROP_PATH_PROB=0.2
08/06 12:13:31AM parser.py:31 [INFO] EPOCHS=100
08/06 12:13:31AM parser.py:31 [INFO] EXP_NAME=171732-20240806-001331
08/06 12:13:31AM parser.py:31 [INFO] GENOTYPE=Genotype3(normal1=[[('sep_conv_3x3', 1), ('sep_conv_3x3', 0)], [('sep_conv_3x3', 1), ('sep_conv_3x3', 0)], [('sep_conv_3x3', 1), ('sep_conv_3x3', 2)], [('sep_conv_3x3', 1), ('sep_conv_3x3', 2)]], normal1_concat=range(2, 6), reduce1=[[('sep_conv_3x3', 1), ('skip_connect', 0)], [('sep_conv_3x3', 2), ('sep_conv_3x3', 1)], [('sep_conv_3x3', 3), ('dil_conv_5x5', 0)], [('sep_conv_3x3', 0), ('sep_conv_3x3', 4)]], reduce1_concat=range(2, 6), normal2=[[('skip_connect', 0), ('sep_conv_3x3', 1)], [('skip_connect', 0), ('skip_connect', 2)], [('skip_connect', 0), ('skip_connect', 2)], [('skip_connect', 0), ('skip_connect', 1)]], normal2_concat=range(2, 6), reduce2=[[('avg_pool_3x3', 0), ('avg_pool_3x3', 1)], [('avg_pool_3x3', 0), ('avg_pool_3x3', 1)], [('avg_pool_3x3', 0), ('skip_connect', 3)], [('skip_connect', 3), ('avg_pool_3x3', 0)]], reduce2_concat=range(2, 6), normal3=[[('skip_connect', 0), ('dil_conv_3x3', 1)], [('skip_connect', 0), ('skip_connect', 2)], [('skip_connect', 0), ('skip_connect', 3)], [('skip_connect', 0), ('skip_connect', 2)]], normal3_concat=range(2, 6))
08/06 12:13:31AM parser.py:31 [INFO] GPUS=[0]
08/06 12:13:31AM parser.py:31 [INFO] GRAD_CLIP=5.0
08/06 12:13:31AM parser.py:31 [INFO] INIT_CHANNELS=32
08/06 12:13:31AM parser.py:31 [INFO] L=1.0
08/06 12:13:31AM parser.py:31 [INFO] LAYERS=20
08/06 12:13:31AM parser.py:31 [INFO] LOGGER=<Logger H-DAS (INFO)>
08/06 12:13:31AM parser.py:31 [INFO] LR=0.025
08/06 12:13:31AM parser.py:31 [INFO] LR_MIN=0.001
08/06 12:13:31AM parser.py:31 [INFO] MOMENTUM=0.9
08/06 12:13:31AM parser.py:31 [INFO] NAME=ONLY_ARCH
08/06 12:13:31AM parser.py:31 [INFO] NONKD=True
08/06 12:13:31AM parser.py:31 [INFO] PATH=results/evaluate_cell_KD/cifar100/ONLY_ARCH/171732-20240806-001331
08/06 12:13:31AM parser.py:31 [INFO] PRINT_FREQ=50
08/06 12:13:31AM parser.py:31 [INFO] RESUME_PATH=None
08/06 12:13:31AM parser.py:31 [INFO] SAVE=171732
08/06 12:13:31AM parser.py:31 [INFO] SEED=0
08/06 12:13:31AM parser.py:31 [INFO] TEACHER_NAME=non
08/06 12:13:31AM parser.py:31 [INFO] TEACHER_PATH=non
08/06 12:13:31AM parser.py:31 [INFO] TRAIN_PORTION=0.9
08/06 12:13:31AM parser.py:31 [INFO] WEIGHT_DECAY=0.0003
08/06 12:13:31AM parser.py:31 [INFO] WORKERS=4
08/06 12:13:31AM parser.py:32 [INFO] 
08/06 12:13:33AM evaluateCell_trainer.py:102 [INFO] --> No loaded checkpoint!
08/06 12:14:36AM evaluateCell_trainer.py:199 [INFO] Valid: Epoch: [0][50/79]	Step 704	Loss 3.7980	Prec@(1,5) (11.2%, 34.6%)
08/06 12:14:37AM evaluateCell_trainer.py:199 [INFO] Valid: Epoch: [0][78/79]	Step 704	Loss 3.8204	Prec@(1,5) (11.0%, 34.7%)
08/06 12:14:37AM evaluateCell_trainer.py:206 [INFO] Valid: [  0/99] Final Prec@1 11.0400%
08/06 12:14:37午前 evaluateCell_main.py:75 [INFO] Until now, best Prec@1 = 11.0400%
08/06 12:15:45午前 evaluateCell_trainer.py:199 [INFO] Valid: Epoch: [1][50/79]	Step 1408	Loss 3.2589	Prec@(1,5) (21.3%, 49.1%)
08/06 12:15:46午前 evaluateCell_trainer.py:199 [INFO] Valid: Epoch: [1][78/79]	Step 1408	Loss 3.2393	Prec@(1,5) (21.0%, 49.8%)
08/06 12:15:46午前 evaluateCell_trainer.py:206 [INFO] Valid: [  1/99] Final Prec@1 21.0200%
08/06 12:15:47午前 evaluateCell_main.py:75 [INFO] Until now, best Prec@1 = 21.0200%
08/06 12:16:58午前 evaluateCell_trainer.py:199 [INFO] Valid: Epoch: [2][50/79]	Step 2112	Loss 2.8320	Prec@(1,5) (29.8%, 59.0%)
08/06 12:16:58午前 evaluateCell_trainer.py:199 [INFO] Valid: Epoch: [2][78/79]	Step 2112	Loss 2.8281	Prec@(1,5) (29.2%, 59.3%)
08/06 12:16:59午前 evaluateCell_trainer.py:206 [INFO] Valid: [  2/99] Final Prec@1 29.2400%
08/06 12:16:59午前 evaluateCell_main.py:75 [INFO] Until now, best Prec@1 = 29.2400%
08/06 12:18:10午前 evaluateCell_trainer.py:199 [INFO] Valid: Epoch: [3][50/79]	Step 2816	Loss 2.7300	Prec@(1,5) (30.1%, 62.6%)
08/06 12:18:11午前 evaluateCell_trainer.py:199 [INFO] Valid: Epoch: [3][78/79]	Step 2816	Loss 2.7414	Prec@(1,5) (29.8%, 62.4%)
08/06 12:18:11午前 evaluateCell_trainer.py:206 [INFO] Valid: [  3/99] Final Prec@1 29.9200%
08/06 12:18:11午前 evaluateCell_main.py:75 [INFO] Until now, best Prec@1 = 29.9200%
08/06 12:19:22午前 evaluateCell_trainer.py:199 [INFO] Valid: Epoch: [4][50/79]	Step 3520	Loss 2.4939	Prec@(1,5) (35.6%, 67.5%)
08/06 12:19:23午前 evaluateCell_trainer.py:199 [INFO] Valid: Epoch: [4][78/79]	Step 3520	Loss 2.4714	Prec@(1,5) (36.2%, 68.0%)
08/06 12:19:23午前 evaluateCell_trainer.py:206 [INFO] Valid: [  4/99] Final Prec@1 36.1800%
08/06 12:19:23午前 evaluateCell_main.py:75 [INFO] Until now, best Prec@1 = 36.1800%
08/06 12:20:29午前 evaluateCell_trainer.py:199 [INFO] Valid: Epoch: [5][50/79]	Step 4224	Loss 2.3535	Prec@(1,5) (38.9%, 70.2%)
08/06 12:20:30午前 evaluateCell_trainer.py:199 [INFO] Valid: Epoch: [5][78/79]	Step 4224	Loss 2.3549	Prec@(1,5) (38.5%, 70.6%)
08/06 12:20:30午前 evaluateCell_trainer.py:206 [INFO] Valid: [  5/99] Final Prec@1 38.5400%
08/06 12:20:30午前 evaluateCell_main.py:75 [INFO] Until now, best Prec@1 = 38.5400%
08/06 12:21:35午前 evaluateCell_trainer.py:199 [INFO] Valid: Epoch: [6][50/79]	Step 4928	Loss 2.1195	Prec@(1,5) (42.4%, 76.0%)
08/06 12:21:36午前 evaluateCell_trainer.py:199 [INFO] Valid: Epoch: [6][78/79]	Step 4928	Loss 2.1248	Prec@(1,5) (42.4%, 76.3%)
08/06 12:21:36午前 evaluateCell_trainer.py:206 [INFO] Valid: [  6/99] Final Prec@1 42.4800%
08/06 12:21:36午前 evaluateCell_main.py:75 [INFO] Until now, best Prec@1 = 42.4800%
08/06 12:22:45午前 evaluateCell_trainer.py:199 [INFO] Valid: Epoch: [7][50/79]	Step 5632	Loss 2.1406	Prec@(1,5) (44.8%, 75.6%)
08/06 12:22:45午前 evaluateCell_trainer.py:199 [INFO] Valid: Epoch: [7][78/79]	Step 5632	Loss 2.1571	Prec@(1,5) (44.2%, 75.5%)
08/06 12:22:46午前 evaluateCell_trainer.py:206 [INFO] Valid: [  7/99] Final Prec@1 44.2400%
08/06 12:22:46午前 evaluateCell_main.py:75 [INFO] Until now, best Prec@1 = 44.2400%
08/06 12:23:59午前 evaluateCell_trainer.py:199 [INFO] Valid: Epoch: [8][50/79]	Step 6336	Loss 2.0459	Prec@(1,5) (45.9%, 76.9%)
08/06 12:23:59午前 evaluateCell_trainer.py:199 [INFO] Valid: Epoch: [8][78/79]	Step 6336	Loss 2.0476	Prec@(1,5) (45.9%, 76.9%)
08/06 12:23:59午前 evaluateCell_trainer.py:206 [INFO] Valid: [  8/99] Final Prec@1 45.9000%
08/06 12:24:00午前 evaluateCell_main.py:75 [INFO] Until now, best Prec@1 = 45.9000%
08/06 12:25:11午前 evaluateCell_trainer.py:199 [INFO] Valid: Epoch: [9][50/79]	Step 7040	Loss 2.0594	Prec@(1,5) (45.9%, 77.2%)
08/06 12:25:12午前 evaluateCell_trainer.py:199 [INFO] Valid: Epoch: [9][78/79]	Step 7040	Loss 2.0610	Prec@(1,5) (45.6%, 77.4%)
08/06 12:25:12午前 evaluateCell_trainer.py:206 [INFO] Valid: [  9/99] Final Prec@1 45.6600%
08/06 12:25:12午前 evaluateCell_main.py:75 [INFO] Until now, best Prec@1 = 45.9000%
08/06 12:26:23午前 evaluateCell_trainer.py:199 [INFO] Valid: Epoch: [10][50/79]	Step 7744	Loss 2.0009	Prec@(1,5) (46.3%, 78.5%)
08/06 12:26:23午前 evaluateCell_trainer.py:199 [INFO] Valid: Epoch: [10][78/79]	Step 7744	Loss 1.9994	Prec@(1,5) (46.0%, 78.4%)
08/06 12:26:23午前 evaluateCell_trainer.py:206 [INFO] Valid: [ 10/99] Final Prec@1 45.9600%
08/06 12:26:24午前 evaluateCell_main.py:75 [INFO] Until now, best Prec@1 = 45.9600%
08/06 12:27:36午前 evaluateCell_trainer.py:199 [INFO] Valid: Epoch: [11][50/79]	Step 8448	Loss 1.8952	Prec@(1,5) (48.6%, 79.6%)
08/06 12:27:36午前 evaluateCell_trainer.py:199 [INFO] Valid: Epoch: [11][78/79]	Step 8448	Loss 1.9130	Prec@(1,5) (48.3%, 79.6%)
08/06 12:27:37午前 evaluateCell_trainer.py:206 [INFO] Valid: [ 11/99] Final Prec@1 48.2400%
08/06 12:27:37午前 evaluateCell_main.py:75 [INFO] Until now, best Prec@1 = 48.2400%
08/06 12:28:50午前 evaluateCell_trainer.py:199 [INFO] Valid: Epoch: [12][50/79]	Step 9152	Loss 1.8249	Prec@(1,5) (49.6%, 81.0%)
08/06 12:28:50午前 evaluateCell_trainer.py:199 [INFO] Valid: Epoch: [12][78/79]	Step 9152	Loss 1.8599	Prec@(1,5) (49.6%, 80.6%)
08/06 12:28:51午前 evaluateCell_trainer.py:206 [INFO] Valid: [ 12/99] Final Prec@1 49.6800%
08/06 12:28:51午前 evaluateCell_main.py:75 [INFO] Until now, best Prec@1 = 49.6800%
08/06 12:30:03午前 evaluateCell_trainer.py:199 [INFO] Valid: Epoch: [13][50/79]	Step 9856	Loss 1.8682	Prec@(1,5) (49.3%, 80.0%)
08/06 12:30:03午前 evaluateCell_trainer.py:199 [INFO] Valid: Epoch: [13][78/79]	Step 9856	Loss 1.8777	Prec@(1,5) (49.5%, 80.5%)
08/06 12:30:03午前 evaluateCell_trainer.py:206 [INFO] Valid: [ 13/99] Final Prec@1 49.5200%
08/06 12:30:04午前 evaluateCell_main.py:75 [INFO] Until now, best Prec@1 = 49.6800%
08/06 12:31:13午前 evaluateCell_trainer.py:199 [INFO] Valid: Epoch: [14][50/79]	Step 10560	Loss 1.9545	Prec@(1,5) (47.8%, 78.6%)
08/06 12:31:14午前 evaluateCell_trainer.py:199 [INFO] Valid: Epoch: [14][78/79]	Step 10560	Loss 1.9565	Prec@(1,5) (47.7%, 78.7%)
08/06 12:31:14午前 evaluateCell_trainer.py:206 [INFO] Valid: [ 14/99] Final Prec@1 47.6800%
08/06 12:31:14午前 evaluateCell_main.py:75 [INFO] Until now, best Prec@1 = 49.6800%
08/06 12:32:27午前 evaluateCell_trainer.py:199 [INFO] Valid: Epoch: [15][50/79]	Step 11264	Loss 1.8147	Prec@(1,5) (50.3%, 80.5%)
08/06 12:32:28午前 evaluateCell_trainer.py:199 [INFO] Valid: Epoch: [15][78/79]	Step 11264	Loss 1.8304	Prec@(1,5) (50.2%, 80.3%)
08/06 12:32:28午前 evaluateCell_trainer.py:206 [INFO] Valid: [ 15/99] Final Prec@1 50.2400%
08/06 12:32:28午前 evaluateCell_main.py:75 [INFO] Until now, best Prec@1 = 50.2400%
08/06 12:33:36午前 evaluateCell_trainer.py:199 [INFO] Valid: Epoch: [16][50/79]	Step 11968	Loss 1.9096	Prec@(1,5) (49.8%, 79.6%)
08/06 12:33:37午前 evaluateCell_trainer.py:199 [INFO] Valid: Epoch: [16][78/79]	Step 11968	Loss 1.8876	Prec@(1,5) (50.3%, 80.3%)
08/06 12:33:37午前 evaluateCell_trainer.py:206 [INFO] Valid: [ 16/99] Final Prec@1 50.3000%
08/06 12:33:37午前 evaluateCell_main.py:75 [INFO] Until now, best Prec@1 = 50.3000%
08/06 12:34:50午前 evaluateCell_trainer.py:199 [INFO] Valid: Epoch: [17][50/79]	Step 12672	Loss 1.7777	Prec@(1,5) (51.9%, 82.4%)
08/06 12:34:51午前 evaluateCell_trainer.py:199 [INFO] Valid: Epoch: [17][78/79]	Step 12672	Loss 1.7664	Prec@(1,5) (52.4%, 82.2%)
08/06 12:34:51午前 evaluateCell_trainer.py:206 [INFO] Valid: [ 17/99] Final Prec@1 52.4000%
08/06 12:34:51午前 evaluateCell_main.py:75 [INFO] Until now, best Prec@1 = 52.4000%
08/06 12:36:05午前 evaluateCell_trainer.py:199 [INFO] Valid: Epoch: [18][50/79]	Step 13376	Loss 1.8892	Prec@(1,5) (49.6%, 80.2%)
08/06 12:36:06午前 evaluateCell_trainer.py:199 [INFO] Valid: Epoch: [18][78/79]	Step 13376	Loss 1.8347	Prec@(1,5) (51.0%, 80.8%)
08/06 12:36:06午前 evaluateCell_trainer.py:206 [INFO] Valid: [ 18/99] Final Prec@1 51.0000%
08/06 12:36:06午前 evaluateCell_main.py:75 [INFO] Until now, best Prec@1 = 52.4000%
08/06 12:37:20午前 evaluateCell_trainer.py:199 [INFO] Valid: Epoch: [19][50/79]	Step 14080	Loss 1.7953	Prec@(1,5) (51.2%, 81.6%)
08/06 12:37:21午前 evaluateCell_trainer.py:199 [INFO] Valid: Epoch: [19][78/79]	Step 14080	Loss 1.7846	Prec@(1,5) (51.4%, 81.9%)
08/06 12:37:21午前 evaluateCell_trainer.py:206 [INFO] Valid: [ 19/99] Final Prec@1 51.4400%
08/06 12:37:21午前 evaluateCell_main.py:75 [INFO] Until now, best Prec@1 = 52.4000%
08/06 12:38:34午前 evaluateCell_trainer.py:199 [INFO] Valid: Epoch: [20][50/79]	Step 14784	Loss 1.7575	Prec@(1,5) (52.1%, 82.6%)
08/06 12:38:35午前 evaluateCell_trainer.py:199 [INFO] Valid: Epoch: [20][78/79]	Step 14784	Loss 1.7676	Prec@(1,5) (51.9%, 82.5%)
08/06 12:38:35午前 evaluateCell_trainer.py:206 [INFO] Valid: [ 20/99] Final Prec@1 51.9000%
08/06 12:38:35午前 evaluateCell_main.py:75 [INFO] Until now, best Prec@1 = 52.4000%
08/06 12:39:51午前 evaluateCell_trainer.py:199 [INFO] Valid: Epoch: [21][50/79]	Step 15488	Loss 1.6251	Prec@(1,5) (53.9%, 84.7%)
08/06 12:39:51午前 evaluateCell_trainer.py:199 [INFO] Valid: Epoch: [21][78/79]	Step 15488	Loss 1.6279	Prec@(1,5) (54.3%, 84.8%)
08/06 12:39:52午前 evaluateCell_trainer.py:206 [INFO] Valid: [ 21/99] Final Prec@1 54.2000%
08/06 12:39:52午前 evaluateCell_main.py:75 [INFO] Until now, best Prec@1 = 54.2000%
08/06 12:41:03午前 evaluateCell_trainer.py:199 [INFO] Valid: Epoch: [22][50/79]	Step 16192	Loss 1.7054	Prec@(1,5) (53.3%, 83.7%)
08/06 12:41:04午前 evaluateCell_trainer.py:199 [INFO] Valid: Epoch: [22][78/79]	Step 16192	Loss 1.7024	Prec@(1,5) (53.4%, 83.8%)
08/06 12:41:04午前 evaluateCell_trainer.py:206 [INFO] Valid: [ 22/99] Final Prec@1 53.4400%
08/06 12:41:05午前 evaluateCell_main.py:75 [INFO] Until now, best Prec@1 = 54.2000%
08/06 12:42:17午前 evaluateCell_trainer.py:199 [INFO] Valid: Epoch: [23][50/79]	Step 16896	Loss 1.6247	Prec@(1,5) (55.7%, 83.8%)
08/06 12:42:18午前 evaluateCell_trainer.py:199 [INFO] Valid: Epoch: [23][78/79]	Step 16896	Loss 1.6538	Prec@(1,5) (54.6%, 83.6%)
08/06 12:42:18午前 evaluateCell_trainer.py:206 [INFO] Valid: [ 23/99] Final Prec@1 54.6600%
08/06 12:42:18午前 evaluateCell_main.py:75 [INFO] Until now, best Prec@1 = 54.6600%
08/06 12:43:32午前 evaluateCell_trainer.py:199 [INFO] Valid: Epoch: [24][50/79]	Step 17600	Loss 1.7112	Prec@(1,5) (53.8%, 83.5%)
08/06 12:43:33午前 evaluateCell_trainer.py:199 [INFO] Valid: Epoch: [24][78/79]	Step 17600	Loss 1.6945	Prec@(1,5) (54.5%, 83.9%)
08/06 12:43:33午前 evaluateCell_trainer.py:206 [INFO] Valid: [ 24/99] Final Prec@1 54.5400%
08/06 12:43:33午前 evaluateCell_main.py:75 [INFO] Until now, best Prec@1 = 54.6600%
08/06 12:44:47午前 evaluateCell_trainer.py:199 [INFO] Valid: Epoch: [25][50/79]	Step 18304	Loss 1.7004	Prec@(1,5) (54.6%, 84.1%)
08/06 12:44:48午前 evaluateCell_trainer.py:199 [INFO] Valid: Epoch: [25][78/79]	Step 18304	Loss 1.7111	Prec@(1,5) (53.6%, 83.7%)
08/06 12:44:48午前 evaluateCell_trainer.py:206 [INFO] Valid: [ 25/99] Final Prec@1 53.6000%
08/06 12:44:48午前 evaluateCell_main.py:75 [INFO] Until now, best Prec@1 = 54.6600%
08/06 12:46:01午前 evaluateCell_trainer.py:199 [INFO] Valid: Epoch: [26][50/79]	Step 19008	Loss 1.6128	Prec@(1,5) (55.6%, 84.8%)
08/06 12:46:02午前 evaluateCell_trainer.py:199 [INFO] Valid: Epoch: [26][78/79]	Step 19008	Loss 1.6400	Prec@(1,5) (55.4%, 84.1%)
08/06 12:46:02午前 evaluateCell_trainer.py:206 [INFO] Valid: [ 26/99] Final Prec@1 55.3800%
08/06 12:46:03午前 evaluateCell_main.py:75 [INFO] Until now, best Prec@1 = 55.3800%
08/06 12:47:14午前 evaluateCell_trainer.py:199 [INFO] Valid: Epoch: [27][50/79]	Step 19712	Loss 1.6326	Prec@(1,5) (55.5%, 84.2%)
08/06 12:47:15午前 evaluateCell_trainer.py:199 [INFO] Valid: Epoch: [27][78/79]	Step 19712	Loss 1.6228	Prec@(1,5) (55.5%, 84.5%)
08/06 12:47:15午前 evaluateCell_trainer.py:206 [INFO] Valid: [ 27/99] Final Prec@1 55.5800%
08/06 12:47:16午前 evaluateCell_main.py:75 [INFO] Until now, best Prec@1 = 55.5800%
08/06 12:48:29午前 evaluateCell_trainer.py:199 [INFO] Valid: Epoch: [28][50/79]	Step 20416	Loss 1.5712	Prec@(1,5) (56.3%, 85.0%)
08/06 12:48:30午前 evaluateCell_trainer.py:199 [INFO] Valid: Epoch: [28][78/79]	Step 20416	Loss 1.5743	Prec@(1,5) (56.3%, 84.9%)
08/06 12:48:30午前 evaluateCell_trainer.py:206 [INFO] Valid: [ 28/99] Final Prec@1 56.3000%
08/06 12:48:31午前 evaluateCell_main.py:75 [INFO] Until now, best Prec@1 = 56.3000%
08/06 12:49:44午前 evaluateCell_trainer.py:199 [INFO] Valid: Epoch: [29][50/79]	Step 21120	Loss 1.6697	Prec@(1,5) (55.2%, 84.5%)
08/06 12:49:45午前 evaluateCell_trainer.py:199 [INFO] Valid: Epoch: [29][78/79]	Step 21120	Loss 1.6505	Prec@(1,5) (55.5%, 85.1%)
08/06 12:49:45午前 evaluateCell_trainer.py:206 [INFO] Valid: [ 29/99] Final Prec@1 55.5600%
08/06 12:49:45午前 evaluateCell_main.py:75 [INFO] Until now, best Prec@1 = 56.3000%
08/06 12:50:56午前 evaluateCell_trainer.py:199 [INFO] Valid: Epoch: [30][50/79]	Step 21824	Loss 1.6124	Prec@(1,5) (56.1%, 84.5%)
08/06 12:50:57午前 evaluateCell_trainer.py:199 [INFO] Valid: Epoch: [30][78/79]	Step 21824	Loss 1.5995	Prec@(1,5) (56.4%, 84.6%)
08/06 12:50:57午前 evaluateCell_trainer.py:206 [INFO] Valid: [ 30/99] Final Prec@1 56.4400%
08/06 12:50:57午前 evaluateCell_main.py:75 [INFO] Until now, best Prec@1 = 56.4400%
08/06 12:52:09午前 evaluateCell_trainer.py:199 [INFO] Valid: Epoch: [31][50/79]	Step 22528	Loss 1.5632	Prec@(1,5) (56.3%, 86.2%)
08/06 12:52:10午前 evaluateCell_trainer.py:199 [INFO] Valid: Epoch: [31][78/79]	Step 22528	Loss 1.6151	Prec@(1,5) (56.0%, 85.2%)
08/06 12:52:10午前 evaluateCell_trainer.py:206 [INFO] Valid: [ 31/99] Final Prec@1 56.0000%
08/06 12:52:10午前 evaluateCell_main.py:75 [INFO] Until now, best Prec@1 = 56.4400%
08/06 12:53:23午前 evaluateCell_trainer.py:199 [INFO] Valid: Epoch: [32][50/79]	Step 23232	Loss 1.5645	Prec@(1,5) (57.7%, 84.9%)
08/06 12:53:24午前 evaluateCell_trainer.py:199 [INFO] Valid: Epoch: [32][78/79]	Step 23232	Loss 1.5720	Prec@(1,5) (57.3%, 85.0%)
08/06 12:53:24午前 evaluateCell_trainer.py:206 [INFO] Valid: [ 32/99] Final Prec@1 57.2800%
08/06 12:53:24午前 evaluateCell_main.py:75 [INFO] Until now, best Prec@1 = 57.2800%
08/06 12:54:36午前 evaluateCell_trainer.py:199 [INFO] Valid: Epoch: [33][50/79]	Step 23936	Loss 1.6130	Prec@(1,5) (56.0%, 85.1%)
08/06 12:54:37午前 evaluateCell_trainer.py:199 [INFO] Valid: Epoch: [33][78/79]	Step 23936	Loss 1.6526	Prec@(1,5) (55.0%, 84.6%)
08/06 12:54:37午前 evaluateCell_trainer.py:206 [INFO] Valid: [ 33/99] Final Prec@1 55.0400%
08/06 12:54:37午前 evaluateCell_main.py:75 [INFO] Until now, best Prec@1 = 57.2800%
08/06 12:55:50午前 evaluateCell_trainer.py:199 [INFO] Valid: Epoch: [34][50/79]	Step 24640	Loss 1.5565	Prec@(1,5) (57.1%, 86.3%)
08/06 12:55:51午前 evaluateCell_trainer.py:199 [INFO] Valid: Epoch: [34][78/79]	Step 24640	Loss 1.5276	Prec@(1,5) (57.6%, 86.6%)
08/06 12:55:51午前 evaluateCell_trainer.py:206 [INFO] Valid: [ 34/99] Final Prec@1 57.5200%
08/06 12:55:51午前 evaluateCell_main.py:75 [INFO] Until now, best Prec@1 = 57.5200%
08/06 12:57:06午前 evaluateCell_trainer.py:199 [INFO] Valid: Epoch: [35][50/79]	Step 25344	Loss 1.5616	Prec@(1,5) (57.6%, 84.7%)
08/06 12:57:06午前 evaluateCell_trainer.py:199 [INFO] Valid: Epoch: [35][78/79]	Step 25344	Loss 1.5479	Prec@(1,5) (57.5%, 85.1%)
08/06 12:57:06午前 evaluateCell_trainer.py:206 [INFO] Valid: [ 35/99] Final Prec@1 57.5400%
08/06 12:57:07午前 evaluateCell_main.py:75 [INFO] Until now, best Prec@1 = 57.5400%
08/06 12:58:21午前 evaluateCell_trainer.py:199 [INFO] Valid: Epoch: [36][50/79]	Step 26048	Loss 1.5948	Prec@(1,5) (56.8%, 84.6%)
08/06 12:58:22午前 evaluateCell_trainer.py:199 [INFO] Valid: Epoch: [36][78/79]	Step 26048	Loss 1.5816	Prec@(1,5) (57.1%, 85.1%)
08/06 12:58:22午前 evaluateCell_trainer.py:206 [INFO] Valid: [ 36/99] Final Prec@1 57.1000%
08/06 12:58:22午前 evaluateCell_main.py:75 [INFO] Until now, best Prec@1 = 57.5400%
08/06 12:59:35午前 evaluateCell_trainer.py:199 [INFO] Valid: Epoch: [37][50/79]	Step 26752	Loss 1.5085	Prec@(1,5) (58.9%, 86.1%)
08/06 12:59:36午前 evaluateCell_trainer.py:199 [INFO] Valid: Epoch: [37][78/79]	Step 26752	Loss 1.5288	Prec@(1,5) (58.2%, 85.8%)
08/06 12:59:36午前 evaluateCell_trainer.py:206 [INFO] Valid: [ 37/99] Final Prec@1 58.1200%
08/06 12:59:36午前 evaluateCell_main.py:75 [INFO] Until now, best Prec@1 = 58.1200%
08/06 01:00:51午前 evaluateCell_trainer.py:199 [INFO] Valid: Epoch: [38][50/79]	Step 27456	Loss 1.5175	Prec@(1,5) (58.7%, 86.5%)
08/06 01:00:52午前 evaluateCell_trainer.py:199 [INFO] Valid: Epoch: [38][78/79]	Step 27456	Loss 1.5380	Prec@(1,5) (58.2%, 86.3%)
08/06 01:00:52午前 evaluateCell_trainer.py:206 [INFO] Valid: [ 38/99] Final Prec@1 58.1600%
08/06 01:00:52午前 evaluateCell_main.py:75 [INFO] Until now, best Prec@1 = 58.1600%
08/06 01:02:06午前 evaluateCell_trainer.py:199 [INFO] Valid: Epoch: [39][50/79]	Step 28160	Loss 1.4978	Prec@(1,5) (59.5%, 86.1%)
08/06 01:02:07午前 evaluateCell_trainer.py:199 [INFO] Valid: Epoch: [39][78/79]	Step 28160	Loss 1.4851	Prec@(1,5) (59.5%, 86.2%)
08/06 01:02:07午前 evaluateCell_trainer.py:206 [INFO] Valid: [ 39/99] Final Prec@1 59.5400%
08/06 01:02:07午前 evaluateCell_main.py:75 [INFO] Until now, best Prec@1 = 59.5400%
08/06 01:03:21午前 evaluateCell_trainer.py:199 [INFO] Valid: Epoch: [40][50/79]	Step 28864	Loss 1.5534	Prec@(1,5) (57.8%, 85.7%)
08/06 01:03:22午前 evaluateCell_trainer.py:199 [INFO] Valid: Epoch: [40][78/79]	Step 28864	Loss 1.5447	Prec@(1,5) (58.0%, 85.6%)
08/06 01:03:22午前 evaluateCell_trainer.py:206 [INFO] Valid: [ 40/99] Final Prec@1 57.9800%
08/06 01:03:22午前 evaluateCell_main.py:75 [INFO] Until now, best Prec@1 = 59.5400%
08/06 01:04:36午前 evaluateCell_trainer.py:199 [INFO] Valid: Epoch: [41][50/79]	Step 29568	Loss 1.4894	Prec@(1,5) (58.5%, 86.5%)
08/06 01:04:37午前 evaluateCell_trainer.py:199 [INFO] Valid: Epoch: [41][78/79]	Step 29568	Loss 1.4873	Prec@(1,5) (58.6%, 86.3%)
08/06 01:04:37午前 evaluateCell_trainer.py:206 [INFO] Valid: [ 41/99] Final Prec@1 58.6400%
08/06 01:04:38午前 evaluateCell_main.py:75 [INFO] Until now, best Prec@1 = 59.5400%
08/06 01:05:50午前 evaluateCell_trainer.py:199 [INFO] Valid: Epoch: [42][50/79]	Step 30272	Loss 1.4904	Prec@(1,5) (60.3%, 87.1%)
08/06 01:05:51午前 evaluateCell_trainer.py:199 [INFO] Valid: Epoch: [42][78/79]	Step 30272	Loss 1.4864	Prec@(1,5) (60.5%, 87.1%)
08/06 01:05:51午前 evaluateCell_trainer.py:206 [INFO] Valid: [ 42/99] Final Prec@1 60.4400%
08/06 01:05:51午前 evaluateCell_main.py:75 [INFO] Until now, best Prec@1 = 60.4400%
08/06 01:07:03午前 evaluateCell_trainer.py:199 [INFO] Valid: Epoch: [43][50/79]	Step 30976	Loss 1.5711	Prec@(1,5) (58.6%, 86.4%)
08/06 01:07:04午前 evaluateCell_trainer.py:199 [INFO] Valid: Epoch: [43][78/79]	Step 30976	Loss 1.5361	Prec@(1,5) (59.8%, 86.5%)
08/06 01:07:04午前 evaluateCell_trainer.py:206 [INFO] Valid: [ 43/99] Final Prec@1 59.7200%
08/06 01:07:04午前 evaluateCell_main.py:75 [INFO] Until now, best Prec@1 = 60.4400%
08/06 01:08:17午前 evaluateCell_trainer.py:199 [INFO] Valid: Epoch: [44][50/79]	Step 31680	Loss 1.4913	Prec@(1,5) (60.8%, 87.3%)
08/06 01:08:18午前 evaluateCell_trainer.py:199 [INFO] Valid: Epoch: [44][78/79]	Step 31680	Loss 1.4504	Prec@(1,5) (61.2%, 87.6%)
08/06 01:08:18午前 evaluateCell_trainer.py:206 [INFO] Valid: [ 44/99] Final Prec@1 61.1800%
08/06 01:08:18午前 evaluateCell_main.py:75 [INFO] Until now, best Prec@1 = 61.1800%
08/06 01:09:33午前 evaluateCell_trainer.py:199 [INFO] Valid: Epoch: [45][50/79]	Step 32384	Loss 1.4543	Prec@(1,5) (60.0%, 87.9%)
08/06 01:09:33午前 evaluateCell_trainer.py:199 [INFO] Valid: Epoch: [45][78/79]	Step 32384	Loss 1.4800	Prec@(1,5) (60.3%, 87.6%)
08/06 01:09:34午前 evaluateCell_trainer.py:206 [INFO] Valid: [ 45/99] Final Prec@1 60.3400%
08/06 01:09:34午前 evaluateCell_main.py:75 [INFO] Until now, best Prec@1 = 61.1800%
08/06 01:10:47午前 evaluateCell_trainer.py:199 [INFO] Valid: Epoch: [46][50/79]	Step 33088	Loss 1.4721	Prec@(1,5) (59.5%, 87.2%)
08/06 01:10:48午前 evaluateCell_trainer.py:199 [INFO] Valid: Epoch: [46][78/79]	Step 33088	Loss 1.4404	Prec@(1,5) (60.2%, 87.7%)
08/06 01:10:48午前 evaluateCell_trainer.py:206 [INFO] Valid: [ 46/99] Final Prec@1 60.2000%
08/06 01:10:48午前 evaluateCell_main.py:75 [INFO] Until now, best Prec@1 = 61.1800%
08/06 01:12:02午前 evaluateCell_trainer.py:199 [INFO] Valid: Epoch: [47][50/79]	Step 33792	Loss 1.4527	Prec@(1,5) (61.4%, 87.7%)
08/06 01:12:03午前 evaluateCell_trainer.py:199 [INFO] Valid: Epoch: [47][78/79]	Step 33792	Loss 1.4467	Prec@(1,5) (61.0%, 87.7%)
08/06 01:12:03午前 evaluateCell_trainer.py:206 [INFO] Valid: [ 47/99] Final Prec@1 60.9800%
08/06 01:12:03午前 evaluateCell_main.py:75 [INFO] Until now, best Prec@1 = 61.1800%
08/06 01:13:18午前 evaluateCell_trainer.py:199 [INFO] Valid: Epoch: [48][50/79]	Step 34496	Loss 1.4224	Prec@(1,5) (61.9%, 88.3%)
08/06 01:13:19午前 evaluateCell_trainer.py:199 [INFO] Valid: Epoch: [48][78/79]	Step 34496	Loss 1.4323	Prec@(1,5) (61.8%, 88.3%)
08/06 01:13:19午前 evaluateCell_trainer.py:206 [INFO] Valid: [ 48/99] Final Prec@1 61.7400%
08/06 01:13:19午前 evaluateCell_main.py:75 [INFO] Until now, best Prec@1 = 61.7400%
08/06 01:14:32午前 evaluateCell_trainer.py:199 [INFO] Valid: Epoch: [49][50/79]	Step 35200	Loss 1.4050	Prec@(1,5) (61.9%, 88.7%)
08/06 01:14:33午前 evaluateCell_trainer.py:199 [INFO] Valid: Epoch: [49][78/79]	Step 35200	Loss 1.3740	Prec@(1,5) (62.7%, 88.9%)
08/06 01:14:33午前 evaluateCell_trainer.py:206 [INFO] Valid: [ 49/99] Final Prec@1 62.6400%
08/06 01:14:34午前 evaluateCell_main.py:75 [INFO] Until now, best Prec@1 = 62.6400%
08/06 01:15:48午前 evaluateCell_trainer.py:199 [INFO] Valid: Epoch: [50][50/79]	Step 35904	Loss 1.4268	Prec@(1,5) (61.1%, 87.9%)
08/06 01:15:48午前 evaluateCell_trainer.py:199 [INFO] Valid: Epoch: [50][78/79]	Step 35904	Loss 1.4007	Prec@(1,5) (62.0%, 88.4%)
08/06 01:15:49午前 evaluateCell_trainer.py:206 [INFO] Valid: [ 50/99] Final Prec@1 62.0400%
08/06 01:15:49午前 evaluateCell_main.py:75 [INFO] Until now, best Prec@1 = 62.6400%
08/06 01:17:02午前 evaluateCell_trainer.py:199 [INFO] Valid: Epoch: [51][50/79]	Step 36608	Loss 1.4389	Prec@(1,5) (62.7%, 87.5%)
08/06 01:17:03午前 evaluateCell_trainer.py:199 [INFO] Valid: Epoch: [51][78/79]	Step 36608	Loss 1.4397	Prec@(1,5) (62.2%, 87.7%)
08/06 01:17:03午前 evaluateCell_trainer.py:206 [INFO] Valid: [ 51/99] Final Prec@1 62.2200%
08/06 01:17:03午前 evaluateCell_main.py:75 [INFO] Until now, best Prec@1 = 62.6400%
08/06 01:18:12午前 evaluateCell_trainer.py:199 [INFO] Valid: Epoch: [52][50/79]	Step 37312	Loss 1.3796	Prec@(1,5) (62.3%, 88.9%)
08/06 01:18:12午前 evaluateCell_trainer.py:199 [INFO] Valid: Epoch: [52][78/79]	Step 37312	Loss 1.3796	Prec@(1,5) (61.9%, 89.0%)
08/06 01:18:13午前 evaluateCell_trainer.py:206 [INFO] Valid: [ 52/99] Final Prec@1 61.9200%
08/06 01:18:13午前 evaluateCell_main.py:75 [INFO] Until now, best Prec@1 = 62.6400%
08/06 01:19:22午前 evaluateCell_trainer.py:199 [INFO] Valid: Epoch: [53][50/79]	Step 38016	Loss 1.4165	Prec@(1,5) (61.7%, 88.1%)
08/06 01:19:22午前 evaluateCell_trainer.py:199 [INFO] Valid: Epoch: [53][78/79]	Step 38016	Loss 1.4166	Prec@(1,5) (61.9%, 88.5%)
08/06 01:19:23午前 evaluateCell_trainer.py:206 [INFO] Valid: [ 53/99] Final Prec@1 61.8600%
08/06 01:19:23午前 evaluateCell_main.py:75 [INFO] Until now, best Prec@1 = 62.6400%
08/06 01:20:28午前 evaluateCell_trainer.py:199 [INFO] Valid: Epoch: [54][50/79]	Step 38720	Loss 1.3261	Prec@(1,5) (63.6%, 89.1%)
08/06 01:20:29午前 evaluateCell_trainer.py:199 [INFO] Valid: Epoch: [54][78/79]	Step 38720	Loss 1.3283	Prec@(1,5) (63.6%, 88.8%)
08/06 01:20:29午前 evaluateCell_trainer.py:206 [INFO] Valid: [ 54/99] Final Prec@1 63.5800%
08/06 01:20:30午前 evaluateCell_main.py:75 [INFO] Until now, best Prec@1 = 63.5800%
08/06 01:21:42午前 evaluateCell_trainer.py:199 [INFO] Valid: Epoch: [55][50/79]	Step 39424	Loss 1.3615	Prec@(1,5) (63.4%, 89.5%)
08/06 01:21:43午前 evaluateCell_trainer.py:199 [INFO] Valid: Epoch: [55][78/79]	Step 39424	Loss 1.3782	Prec@(1,5) (62.9%, 89.0%)
08/06 01:21:43午前 evaluateCell_trainer.py:206 [INFO] Valid: [ 55/99] Final Prec@1 62.9000%
08/06 01:21:43午前 evaluateCell_main.py:75 [INFO] Until now, best Prec@1 = 63.5800%
08/06 01:22:49午前 evaluateCell_trainer.py:199 [INFO] Valid: Epoch: [56][50/79]	Step 40128	Loss 1.4307	Prec@(1,5) (61.9%, 88.7%)
08/06 01:22:50午前 evaluateCell_trainer.py:199 [INFO] Valid: Epoch: [56][78/79]	Step 40128	Loss 1.4254	Prec@(1,5) (62.2%, 88.3%)
08/06 01:22:50午前 evaluateCell_trainer.py:206 [INFO] Valid: [ 56/99] Final Prec@1 62.2200%
08/06 01:22:51午前 evaluateCell_main.py:75 [INFO] Until now, best Prec@1 = 63.5800%
08/06 01:23:59午前 evaluateCell_trainer.py:199 [INFO] Valid: Epoch: [57][50/79]	Step 40832	Loss 1.3828	Prec@(1,5) (63.3%, 88.7%)
08/06 01:24:00午前 evaluateCell_trainer.py:199 [INFO] Valid: Epoch: [57][78/79]	Step 40832	Loss 1.3686	Prec@(1,5) (63.7%, 89.0%)
08/06 01:24:00午前 evaluateCell_trainer.py:206 [INFO] Valid: [ 57/99] Final Prec@1 63.6800%
08/06 01:24:01午前 evaluateCell_main.py:75 [INFO] Until now, best Prec@1 = 63.6800%
08/06 01:25:13午前 evaluateCell_trainer.py:199 [INFO] Valid: Epoch: [58][50/79]	Step 41536	Loss 1.3002	Prec@(1,5) (64.8%, 90.3%)
08/06 01:25:13午前 evaluateCell_trainer.py:199 [INFO] Valid: Epoch: [58][78/79]	Step 41536	Loss 1.3343	Prec@(1,5) (64.1%, 89.8%)
08/06 01:25:13午前 evaluateCell_trainer.py:206 [INFO] Valid: [ 58/99] Final Prec@1 64.0600%
08/06 01:25:14午前 evaluateCell_main.py:75 [INFO] Until now, best Prec@1 = 64.0600%
08/06 01:26:27午前 evaluateCell_trainer.py:199 [INFO] Valid: Epoch: [59][50/79]	Step 42240	Loss 1.3312	Prec@(1,5) (64.2%, 89.8%)
08/06 01:26:27午前 evaluateCell_trainer.py:199 [INFO] Valid: Epoch: [59][78/79]	Step 42240	Loss 1.3066	Prec@(1,5) (64.9%, 89.9%)
08/06 01:26:27午前 evaluateCell_trainer.py:206 [INFO] Valid: [ 59/99] Final Prec@1 64.9600%
08/06 01:26:28午前 evaluateCell_main.py:75 [INFO] Until now, best Prec@1 = 64.9600%
08/06 01:27:33午前 evaluateCell_trainer.py:199 [INFO] Valid: Epoch: [60][50/79]	Step 42944	Loss 1.3795	Prec@(1,5) (63.0%, 89.6%)
08/06 01:27:34午前 evaluateCell_trainer.py:199 [INFO] Valid: Epoch: [60][78/79]	Step 42944	Loss 1.3518	Prec@(1,5) (63.9%, 89.9%)
08/06 01:27:34午前 evaluateCell_trainer.py:206 [INFO] Valid: [ 60/99] Final Prec@1 63.9000%
08/06 01:27:34午前 evaluateCell_main.py:75 [INFO] Until now, best Prec@1 = 64.9600%
08/06 01:28:46午前 evaluateCell_trainer.py:199 [INFO] Valid: Epoch: [61][50/79]	Step 43648	Loss 1.3808	Prec@(1,5) (63.6%, 89.5%)
08/06 01:28:47午前 evaluateCell_trainer.py:199 [INFO] Valid: Epoch: [61][78/79]	Step 43648	Loss 1.3739	Prec@(1,5) (63.5%, 89.7%)
08/06 01:28:47午前 evaluateCell_trainer.py:206 [INFO] Valid: [ 61/99] Final Prec@1 63.5000%
08/06 01:28:47午前 evaluateCell_main.py:75 [INFO] Until now, best Prec@1 = 64.9600%
08/06 01:30:00午前 evaluateCell_trainer.py:199 [INFO] Valid: Epoch: [62][50/79]	Step 44352	Loss 1.3734	Prec@(1,5) (65.1%, 89.2%)
08/06 01:30:01午前 evaluateCell_trainer.py:199 [INFO] Valid: Epoch: [62][78/79]	Step 44352	Loss 1.3596	Prec@(1,5) (65.3%, 89.3%)
08/06 01:30:01午前 evaluateCell_trainer.py:206 [INFO] Valid: [ 62/99] Final Prec@1 65.2400%
08/06 01:30:01午前 evaluateCell_main.py:75 [INFO] Until now, best Prec@1 = 65.2400%
08/06 01:31:14午前 evaluateCell_trainer.py:199 [INFO] Valid: Epoch: [63][50/79]	Step 45056	Loss 1.3560	Prec@(1,5) (64.5%, 89.6%)
08/06 01:31:14午前 evaluateCell_trainer.py:199 [INFO] Valid: Epoch: [63][78/79]	Step 45056	Loss 1.3410	Prec@(1,5) (65.0%, 89.8%)
08/06 01:31:14午前 evaluateCell_trainer.py:206 [INFO] Valid: [ 63/99] Final Prec@1 65.0000%
08/06 01:31:15午前 evaluateCell_main.py:75 [INFO] Until now, best Prec@1 = 65.2400%
08/06 01:32:28午前 evaluateCell_trainer.py:199 [INFO] Valid: Epoch: [64][50/79]	Step 45760	Loss 1.2918	Prec@(1,5) (66.2%, 90.2%)
08/06 01:32:29午前 evaluateCell_trainer.py:199 [INFO] Valid: Epoch: [64][78/79]	Step 45760	Loss 1.3188	Prec@(1,5) (65.0%, 89.7%)
08/06 01:32:29午前 evaluateCell_trainer.py:206 [INFO] Valid: [ 64/99] Final Prec@1 65.0600%
08/06 01:32:29午前 evaluateCell_main.py:75 [INFO] Until now, best Prec@1 = 65.2400%
08/06 01:33:42午前 evaluateCell_trainer.py:199 [INFO] Valid: Epoch: [65][50/79]	Step 46464	Loss 1.3024	Prec@(1,5) (65.9%, 90.7%)
08/06 01:33:43午前 evaluateCell_trainer.py:199 [INFO] Valid: Epoch: [65][78/79]	Step 46464	Loss 1.2807	Prec@(1,5) (66.0%, 90.9%)
08/06 01:33:43午前 evaluateCell_trainer.py:206 [INFO] Valid: [ 65/99] Final Prec@1 65.9400%
08/06 01:33:43午前 evaluateCell_main.py:75 [INFO] Until now, best Prec@1 = 65.9400%
08/06 01:34:55午前 evaluateCell_trainer.py:199 [INFO] Valid: Epoch: [66][50/79]	Step 47168	Loss 1.2719	Prec@(1,5) (66.1%, 90.9%)
08/06 01:34:56午前 evaluateCell_trainer.py:199 [INFO] Valid: Epoch: [66][78/79]	Step 47168	Loss 1.2519	Prec@(1,5) (66.7%, 91.1%)
08/06 01:34:56午前 evaluateCell_trainer.py:206 [INFO] Valid: [ 66/99] Final Prec@1 66.6400%
08/06 01:34:56午前 evaluateCell_main.py:75 [INFO] Until now, best Prec@1 = 66.6400%
08/06 01:36:02午前 evaluateCell_trainer.py:199 [INFO] Valid: Epoch: [67][50/79]	Step 47872	Loss 1.2572	Prec@(1,5) (67.5%, 90.4%)
08/06 01:36:02午前 evaluateCell_trainer.py:199 [INFO] Valid: Epoch: [67][78/79]	Step 47872	Loss 1.2648	Prec@(1,5) (66.8%, 90.5%)
08/06 01:36:03午前 evaluateCell_trainer.py:206 [INFO] Valid: [ 67/99] Final Prec@1 66.8000%
08/06 01:36:03午前 evaluateCell_main.py:75 [INFO] Until now, best Prec@1 = 66.8000%
08/06 01:37:13午前 evaluateCell_trainer.py:199 [INFO] Valid: Epoch: [68][50/79]	Step 48576	Loss 1.2836	Prec@(1,5) (66.8%, 90.2%)
08/06 01:37:14午前 evaluateCell_trainer.py:199 [INFO] Valid: Epoch: [68][78/79]	Step 48576	Loss 1.2840	Prec@(1,5) (66.8%, 90.4%)
08/06 01:37:14午前 evaluateCell_trainer.py:206 [INFO] Valid: [ 68/99] Final Prec@1 66.8600%
08/06 01:37:14午前 evaluateCell_main.py:75 [INFO] Until now, best Prec@1 = 66.8600%
08/06 01:38:21午前 evaluateCell_trainer.py:199 [INFO] Valid: Epoch: [69][50/79]	Step 49280	Loss 1.3562	Prec@(1,5) (64.7%, 90.2%)
08/06 01:38:22午前 evaluateCell_trainer.py:199 [INFO] Valid: Epoch: [69][78/79]	Step 49280	Loss 1.3336	Prec@(1,5) (65.6%, 90.1%)
08/06 01:38:22午前 evaluateCell_trainer.py:206 [INFO] Valid: [ 69/99] Final Prec@1 65.6000%
08/06 01:38:22午前 evaluateCell_main.py:75 [INFO] Until now, best Prec@1 = 66.8600%
08/06 01:39:35午前 evaluateCell_trainer.py:199 [INFO] Valid: Epoch: [70][50/79]	Step 49984	Loss 1.2684	Prec@(1,5) (66.7%, 90.8%)
08/06 01:39:35午前 evaluateCell_trainer.py:199 [INFO] Valid: Epoch: [70][78/79]	Step 49984	Loss 1.2683	Prec@(1,5) (66.5%, 90.8%)
08/06 01:39:35午前 evaluateCell_trainer.py:206 [INFO] Valid: [ 70/99] Final Prec@1 66.4800%
08/06 01:39:35午前 evaluateCell_main.py:75 [INFO] Until now, best Prec@1 = 66.8600%
08/06 01:40:49午前 evaluateCell_trainer.py:199 [INFO] Valid: Epoch: [71][50/79]	Step 50688	Loss 1.2401	Prec@(1,5) (67.2%, 91.1%)
08/06 01:40:50午前 evaluateCell_trainer.py:199 [INFO] Valid: Epoch: [71][78/79]	Step 50688	Loss 1.2980	Prec@(1,5) (66.5%, 90.2%)
08/06 01:40:50午前 evaluateCell_trainer.py:206 [INFO] Valid: [ 71/99] Final Prec@1 66.5200%
08/06 01:40:50午前 evaluateCell_main.py:75 [INFO] Until now, best Prec@1 = 66.8600%
08/06 01:42:02午前 evaluateCell_trainer.py:199 [INFO] Valid: Epoch: [72][50/79]	Step 51392	Loss 1.2443	Prec@(1,5) (67.9%, 91.6%)
08/06 01:42:02午前 evaluateCell_trainer.py:199 [INFO] Valid: Epoch: [72][78/79]	Step 51392	Loss 1.2612	Prec@(1,5) (67.3%, 91.3%)
08/06 01:42:03午前 evaluateCell_trainer.py:206 [INFO] Valid: [ 72/99] Final Prec@1 67.3400%
08/06 01:42:03午前 evaluateCell_main.py:75 [INFO] Until now, best Prec@1 = 67.3400%
08/06 01:43:17午前 evaluateCell_trainer.py:199 [INFO] Valid: Epoch: [73][50/79]	Step 52096	Loss 1.2481	Prec@(1,5) (67.3%, 91.5%)
08/06 01:43:17午前 evaluateCell_trainer.py:199 [INFO] Valid: Epoch: [73][78/79]	Step 52096	Loss 1.2659	Prec@(1,5) (67.4%, 91.1%)
08/06 01:43:17午前 evaluateCell_trainer.py:206 [INFO] Valid: [ 73/99] Final Prec@1 67.3600%
08/06 01:43:18午前 evaluateCell_main.py:75 [INFO] Until now, best Prec@1 = 67.3600%
08/06 01:44:27午前 evaluateCell_trainer.py:199 [INFO] Valid: Epoch: [74][50/79]	Step 52800	Loss 1.2664	Prec@(1,5) (67.9%, 90.7%)
08/06 01:44:27午前 evaluateCell_trainer.py:199 [INFO] Valid: Epoch: [74][78/79]	Step 52800	Loss 1.2679	Prec@(1,5) (67.5%, 90.7%)
08/06 01:44:28午前 evaluateCell_trainer.py:206 [INFO] Valid: [ 74/99] Final Prec@1 67.5000%
08/06 01:44:28午前 evaluateCell_main.py:75 [INFO] Until now, best Prec@1 = 67.5000%
08/06 01:45:40午前 evaluateCell_trainer.py:199 [INFO] Valid: Epoch: [75][50/79]	Step 53504	Loss 1.2591	Prec@(1,5) (67.9%, 91.2%)
08/06 01:45:41午前 evaluateCell_trainer.py:199 [INFO] Valid: Epoch: [75][78/79]	Step 53504	Loss 1.2507	Prec@(1,5) (68.1%, 91.3%)
08/06 01:45:41午前 evaluateCell_trainer.py:206 [INFO] Valid: [ 75/99] Final Prec@1 68.0800%
08/06 01:45:41午前 evaluateCell_main.py:75 [INFO] Until now, best Prec@1 = 68.0800%
08/06 01:46:51午前 evaluateCell_trainer.py:199 [INFO] Valid: Epoch: [76][50/79]	Step 54208	Loss 1.2821	Prec@(1,5) (68.0%, 90.9%)
08/06 01:46:51午前 evaluateCell_trainer.py:199 [INFO] Valid: Epoch: [76][78/79]	Step 54208	Loss 1.2700	Prec@(1,5) (68.2%, 91.2%)
08/06 01:46:51午前 evaluateCell_trainer.py:206 [INFO] Valid: [ 76/99] Final Prec@1 68.2000%
08/06 01:46:52午前 evaluateCell_main.py:75 [INFO] Until now, best Prec@1 = 68.2000%
08/06 01:48:02午前 evaluateCell_trainer.py:199 [INFO] Valid: Epoch: [77][50/79]	Step 54912	Loss 1.2469	Prec@(1,5) (68.0%, 91.8%)
08/06 01:48:03午前 evaluateCell_trainer.py:199 [INFO] Valid: Epoch: [77][78/79]	Step 54912	Loss 1.2478	Prec@(1,5) (67.8%, 91.6%)
08/06 01:48:03午前 evaluateCell_trainer.py:206 [INFO] Valid: [ 77/99] Final Prec@1 67.8800%
08/06 01:48:03午前 evaluateCell_main.py:75 [INFO] Until now, best Prec@1 = 68.2000%
08/06 01:49:11午前 evaluateCell_trainer.py:199 [INFO] Valid: Epoch: [78][50/79]	Step 55616	Loss 1.2576	Prec@(1,5) (69.1%, 92.2%)
08/06 01:49:11午前 evaluateCell_trainer.py:199 [INFO] Valid: Epoch: [78][78/79]	Step 55616	Loss 1.2306	Prec@(1,5) (69.2%, 92.1%)
08/06 01:49:12午前 evaluateCell_trainer.py:206 [INFO] Valid: [ 78/99] Final Prec@1 69.1800%
08/06 01:49:12午前 evaluateCell_main.py:75 [INFO] Until now, best Prec@1 = 69.1800%
08/06 01:50:19午前 evaluateCell_trainer.py:199 [INFO] Valid: Epoch: [79][50/79]	Step 56320	Loss 1.2237	Prec@(1,5) (69.0%, 91.7%)
08/06 01:50:20午前 evaluateCell_trainer.py:199 [INFO] Valid: Epoch: [79][78/79]	Step 56320	Loss 1.2185	Prec@(1,5) (69.2%, 91.6%)
08/06 01:50:20午前 evaluateCell_trainer.py:206 [INFO] Valid: [ 79/99] Final Prec@1 69.1800%
08/06 01:50:20午前 evaluateCell_main.py:75 [INFO] Until now, best Prec@1 = 69.1800%
08/06 01:51:32午前 evaluateCell_trainer.py:199 [INFO] Valid: Epoch: [80][50/79]	Step 57024	Loss 1.2451	Prec@(1,5) (68.3%, 91.9%)
08/06 01:51:33午前 evaluateCell_trainer.py:199 [INFO] Valid: Epoch: [80][78/79]	Step 57024	Loss 1.2505	Prec@(1,5) (68.7%, 91.6%)
08/06 01:51:33午前 evaluateCell_trainer.py:206 [INFO] Valid: [ 80/99] Final Prec@1 68.7400%
08/06 01:51:33午前 evaluateCell_main.py:75 [INFO] Until now, best Prec@1 = 69.1800%
08/06 01:52:46午前 evaluateCell_trainer.py:199 [INFO] Valid: Epoch: [81][50/79]	Step 57728	Loss 1.2084	Prec@(1,5) (69.1%, 91.9%)
08/06 01:52:47午前 evaluateCell_trainer.py:199 [INFO] Valid: Epoch: [81][78/79]	Step 57728	Loss 1.2423	Prec@(1,5) (68.4%, 91.7%)
08/06 01:52:47午前 evaluateCell_trainer.py:206 [INFO] Valid: [ 81/99] Final Prec@1 68.4400%
08/06 01:52:47午前 evaluateCell_main.py:75 [INFO] Until now, best Prec@1 = 69.1800%
08/06 01:54:01午前 evaluateCell_trainer.py:199 [INFO] Valid: Epoch: [82][50/79]	Step 58432	Loss 1.2255	Prec@(1,5) (69.1%, 91.7%)
08/06 01:54:02午前 evaluateCell_trainer.py:199 [INFO] Valid: Epoch: [82][78/79]	Step 58432	Loss 1.2106	Prec@(1,5) (69.2%, 91.8%)
08/06 01:54:02午前 evaluateCell_trainer.py:206 [INFO] Valid: [ 82/99] Final Prec@1 69.1600%
08/06 01:54:02午前 evaluateCell_main.py:75 [INFO] Until now, best Prec@1 = 69.1800%
08/06 01:55:14午前 evaluateCell_trainer.py:199 [INFO] Valid: Epoch: [83][50/79]	Step 59136	Loss 1.2951	Prec@(1,5) (68.3%, 91.3%)
08/06 01:55:15午前 evaluateCell_trainer.py:199 [INFO] Valid: Epoch: [83][78/79]	Step 59136	Loss 1.2437	Prec@(1,5) (68.7%, 91.8%)
08/06 01:55:15午前 evaluateCell_trainer.py:206 [INFO] Valid: [ 83/99] Final Prec@1 68.7600%
08/06 01:55:15午前 evaluateCell_main.py:75 [INFO] Until now, best Prec@1 = 69.1800%
08/06 01:56:23午前 evaluateCell_trainer.py:199 [INFO] Valid: Epoch: [84][50/79]	Step 59840	Loss 1.2689	Prec@(1,5) (69.0%, 91.8%)
08/06 01:56:23午前 evaluateCell_trainer.py:199 [INFO] Valid: Epoch: [84][78/79]	Step 59840	Loss 1.2692	Prec@(1,5) (68.6%, 91.8%)
08/06 01:56:23午前 evaluateCell_trainer.py:206 [INFO] Valid: [ 84/99] Final Prec@1 68.5800%
08/06 01:56:24午前 evaluateCell_main.py:75 [INFO] Until now, best Prec@1 = 69.1800%
08/06 01:57:36午前 evaluateCell_trainer.py:199 [INFO] Valid: Epoch: [85][50/79]	Step 60544	Loss 1.2471	Prec@(1,5) (69.2%, 91.7%)
08/06 01:57:37午前 evaluateCell_trainer.py:199 [INFO] Valid: Epoch: [85][78/79]	Step 60544	Loss 1.2317	Prec@(1,5) (69.5%, 91.7%)
08/06 01:57:37午前 evaluateCell_trainer.py:206 [INFO] Valid: [ 85/99] Final Prec@1 69.4600%
08/06 01:57:37午前 evaluateCell_main.py:75 [INFO] Until now, best Prec@1 = 69.4600%
08/06 01:58:50午前 evaluateCell_trainer.py:199 [INFO] Valid: Epoch: [86][50/79]	Step 61248	Loss 1.2342	Prec@(1,5) (68.7%, 91.7%)
08/06 01:58:51午前 evaluateCell_trainer.py:199 [INFO] Valid: Epoch: [86][78/79]	Step 61248	Loss 1.2461	Prec@(1,5) (68.6%, 91.9%)
08/06 01:58:51午前 evaluateCell_trainer.py:206 [INFO] Valid: [ 86/99] Final Prec@1 68.5600%
08/06 01:58:51午前 evaluateCell_main.py:75 [INFO] Until now, best Prec@1 = 69.4600%
08/06 02:00:05午前 evaluateCell_trainer.py:199 [INFO] Valid: Epoch: [87][50/79]	Step 61952	Loss 1.2278	Prec@(1,5) (70.4%, 91.8%)
08/06 02:00:06午前 evaluateCell_trainer.py:199 [INFO] Valid: Epoch: [87][78/79]	Step 61952	Loss 1.2517	Prec@(1,5) (69.3%, 91.8%)
08/06 02:00:06午前 evaluateCell_trainer.py:206 [INFO] Valid: [ 87/99] Final Prec@1 69.2000%
08/06 02:00:06午前 evaluateCell_main.py:75 [INFO] Until now, best Prec@1 = 69.4600%
08/06 02:01:20午前 evaluateCell_trainer.py:199 [INFO] Valid: Epoch: [88][50/79]	Step 62656	Loss 1.2437	Prec@(1,5) (69.4%, 92.2%)
08/06 02:01:21午前 evaluateCell_trainer.py:199 [INFO] Valid: Epoch: [88][78/79]	Step 62656	Loss 1.2513	Prec@(1,5) (69.3%, 91.9%)
08/06 02:01:21午前 evaluateCell_trainer.py:206 [INFO] Valid: [ 88/99] Final Prec@1 69.2200%
08/06 02:01:21午前 evaluateCell_main.py:75 [INFO] Until now, best Prec@1 = 69.4600%
08/06 02:02:33午前 evaluateCell_trainer.py:199 [INFO] Valid: Epoch: [89][50/79]	Step 63360	Loss 1.2251	Prec@(1,5) (71.0%, 91.9%)
08/06 02:02:34午前 evaluateCell_trainer.py:199 [INFO] Valid: Epoch: [89][78/79]	Step 63360	Loss 1.2261	Prec@(1,5) (70.2%, 92.2%)
08/06 02:02:34午前 evaluateCell_trainer.py:206 [INFO] Valid: [ 89/99] Final Prec@1 70.1400%
08/06 02:02:34午前 evaluateCell_main.py:75 [INFO] Until now, best Prec@1 = 70.1400%
08/06 02:03:48午前 evaluateCell_trainer.py:199 [INFO] Valid: Epoch: [90][50/79]	Step 64064	Loss 1.2691	Prec@(1,5) (68.7%, 91.4%)
08/06 02:03:49午前 evaluateCell_trainer.py:199 [INFO] Valid: Epoch: [90][78/79]	Step 64064	Loss 1.2436	Prec@(1,5) (69.6%, 91.6%)
08/06 02:03:49午前 evaluateCell_trainer.py:206 [INFO] Valid: [ 90/99] Final Prec@1 69.5400%
08/06 02:03:49午前 evaluateCell_main.py:75 [INFO] Until now, best Prec@1 = 70.1400%
08/06 02:05:01午前 evaluateCell_trainer.py:199 [INFO] Valid: Epoch: [91][50/79]	Step 64768	Loss 1.2331	Prec@(1,5) (68.9%, 92.1%)
08/06 02:05:02午前 evaluateCell_trainer.py:199 [INFO] Valid: Epoch: [91][78/79]	Step 64768	Loss 1.2302	Prec@(1,5) (69.5%, 92.1%)
08/06 02:05:02午前 evaluateCell_trainer.py:206 [INFO] Valid: [ 91/99] Final Prec@1 69.4800%
08/06 02:05:02午前 evaluateCell_main.py:75 [INFO] Until now, best Prec@1 = 70.1400%
08/06 02:06:16午前 evaluateCell_trainer.py:199 [INFO] Valid: Epoch: [92][50/79]	Step 65472	Loss 1.2709	Prec@(1,5) (70.4%, 91.7%)
08/06 02:06:16午前 evaluateCell_trainer.py:199 [INFO] Valid: Epoch: [92][78/79]	Step 65472	Loss 1.2369	Prec@(1,5) (70.6%, 91.8%)
08/06 02:06:16午前 evaluateCell_trainer.py:206 [INFO] Valid: [ 92/99] Final Prec@1 70.6600%
08/06 02:06:17午前 evaluateCell_main.py:75 [INFO] Until now, best Prec@1 = 70.6600%
08/06 02:07:29午前 evaluateCell_trainer.py:199 [INFO] Valid: Epoch: [93][50/79]	Step 66176	Loss 1.2445	Prec@(1,5) (69.5%, 91.8%)
08/06 02:07:29午前 evaluateCell_trainer.py:199 [INFO] Valid: Epoch: [93][78/79]	Step 66176	Loss 1.2300	Prec@(1,5) (69.9%, 92.1%)
08/06 02:07:30午前 evaluateCell_trainer.py:206 [INFO] Valid: [ 93/99] Final Prec@1 69.8600%
08/06 02:07:30午前 evaluateCell_main.py:75 [INFO] Until now, best Prec@1 = 70.6600%
08/06 02:08:38午前 evaluateCell_trainer.py:199 [INFO] Valid: Epoch: [94][50/79]	Step 66880	Loss 1.2326	Prec@(1,5) (69.5%, 92.4%)
08/06 02:08:38午前 evaluateCell_trainer.py:199 [INFO] Valid: Epoch: [94][78/79]	Step 66880	Loss 1.2204	Prec@(1,5) (70.2%, 92.3%)
08/06 02:08:38午前 evaluateCell_trainer.py:206 [INFO] Valid: [ 94/99] Final Prec@1 70.1800%
08/06 02:08:39午前 evaluateCell_main.py:75 [INFO] Until now, best Prec@1 = 70.6600%
08/06 02:09:51午前 evaluateCell_trainer.py:199 [INFO] Valid: Epoch: [95][50/79]	Step 67584	Loss 1.2613	Prec@(1,5) (69.2%, 91.7%)
08/06 02:09:52午前 evaluateCell_trainer.py:199 [INFO] Valid: Epoch: [95][78/79]	Step 67584	Loss 1.2166	Prec@(1,5) (69.9%, 92.1%)
08/06 02:09:52午前 evaluateCell_trainer.py:206 [INFO] Valid: [ 95/99] Final Prec@1 69.9400%
08/06 02:09:52午前 evaluateCell_main.py:75 [INFO] Until now, best Prec@1 = 70.6600%
08/06 02:11:06午前 evaluateCell_trainer.py:199 [INFO] Valid: Epoch: [96][50/79]	Step 68288	Loss 1.2102	Prec@(1,5) (70.2%, 92.7%)
08/06 02:11:06午前 evaluateCell_trainer.py:199 [INFO] Valid: Epoch: [96][78/79]	Step 68288	Loss 1.2320	Prec@(1,5) (69.8%, 92.5%)
08/06 02:11:06午前 evaluateCell_trainer.py:206 [INFO] Valid: [ 96/99] Final Prec@1 69.8000%
08/06 02:11:06午前 evaluateCell_main.py:75 [INFO] Until now, best Prec@1 = 70.6600%
08/06 02:12:20午前 evaluateCell_trainer.py:199 [INFO] Valid: Epoch: [97][50/79]	Step 68992	Loss 1.2337	Prec@(1,5) (70.1%, 92.2%)
08/06 02:12:20午前 evaluateCell_trainer.py:199 [INFO] Valid: Epoch: [97][78/79]	Step 68992	Loss 1.2366	Prec@(1,5) (70.4%, 92.1%)
08/06 02:12:21午前 evaluateCell_trainer.py:206 [INFO] Valid: [ 97/99] Final Prec@1 70.4200%
08/06 02:12:21午前 evaluateCell_main.py:75 [INFO] Until now, best Prec@1 = 70.6600%
08/06 02:13:33午前 evaluateCell_trainer.py:199 [INFO] Valid: Epoch: [98][50/79]	Step 69696	Loss 1.2941	Prec@(1,5) (69.1%, 91.9%)
08/06 02:13:34午前 evaluateCell_trainer.py:199 [INFO] Valid: Epoch: [98][78/79]	Step 69696	Loss 1.2493	Prec@(1,5) (70.5%, 92.0%)
08/06 02:13:34午前 evaluateCell_trainer.py:206 [INFO] Valid: [ 98/99] Final Prec@1 70.5000%
08/06 02:13:34午前 evaluateCell_main.py:75 [INFO] Until now, best Prec@1 = 70.6600%
08/06 02:14:47午前 evaluateCell_trainer.py:199 [INFO] Valid: Epoch: [99][50/79]	Step 70400	Loss 1.1983	Prec@(1,5) (70.4%, 92.7%)
08/06 02:14:47午前 evaluateCell_trainer.py:199 [INFO] Valid: Epoch: [99][78/79]	Step 70400	Loss 1.2414	Prec@(1,5) (69.9%, 92.3%)
08/06 02:14:47午前 evaluateCell_trainer.py:206 [INFO] Valid: [ 99/99] Final Prec@1 69.9200%
08/06 02:14:47午前 evaluateCell_main.py:75 [INFO] Until now, best Prec@1 = 70.6600%
08/06 02:14:47午前 evaluateCell_main.py:79 [INFO] Final best Prec@1 = 70.6600%
