08/06 04:32:49AM parser.py:28 [INFO] 
08/06 04:32:49AM parser.py:29 [INFO] Parameters:
08/06 04:32:49AM parser.py:31 [INFO] T=1.0
08/06 04:32:49AM parser.py:31 [INFO] ADVANCED=True
08/06 04:32:49AM parser.py:31 [INFO] AUX_WEIGHT=0.4
08/06 04:32:49AM parser.py:31 [INFO] BATCH_SIZE=64
08/06 04:32:49AM parser.py:31 [INFO] CUTOUT_LENGTH=16
08/06 04:32:49AM parser.py:31 [INFO] DATA_PATH=../data/
08/06 04:32:49AM parser.py:31 [INFO] DATASET=cifar100
08/06 04:32:49AM parser.py:31 [INFO] DESCRIPTION=evaluate_arch_weight_only_KD
08/06 04:32:49AM parser.py:31 [INFO] DROP_PATH_PROB=0.2
08/06 04:32:49AM parser.py:31 [INFO] EPOCHS=100
08/06 04:32:49AM parser.py:31 [INFO] EXP_NAME=233119-20240806-043249
08/06 04:32:49AM parser.py:31 [INFO] GENOTYPE=Genotype3(normal1=[[('sep_conv_3x3', 1), ('sep_conv_3x3', 0)], [('sep_conv_3x3', 0), ('sep_conv_3x3', 2)], [('sep_conv_3x3', 0), ('sep_conv_3x3', 2)], [('sep_conv_3x3', 3), ('sep_conv_3x3', 4)]], normal1_concat=range(2, 6), reduce1=[[('sep_conv_3x3', 1), ('max_pool_3x3', 0)], [('dil_conv_3x3', 0), ('sep_conv_5x5', 1)], [('skip_connect', 1), ('skip_connect', 0)], [('dil_conv_3x3', 0), ('dil_conv_3x3', 4)]], reduce1_concat=range(2, 6), normal2=[[('skip_connect', 0), ('skip_connect', 1)], [('skip_connect', 0), ('sep_conv_3x3', 2)], [('avg_pool_3x3', 0), ('sep_conv_3x3', 2)], [('avg_pool_3x3', 0), ('dil_conv_3x3', 1)]], normal2_concat=range(2, 6), reduce2=[[('avg_pool_3x3', 0), ('avg_pool_3x3', 1)], [('avg_pool_3x3', 0), ('skip_connect', 2)], [('avg_pool_3x3', 0), ('skip_connect', 2)], [('avg_pool_3x3', 0), ('avg_pool_3x3', 1)]], reduce2_concat=range(2, 6), normal3=[[('skip_connect', 0), ('dil_conv_5x5', 1)], [('skip_connect', 0), ('dil_conv_3x3', 1)], [('skip_connect', 0), ('skip_connect', 2)], [('skip_connect', 0), ('skip_connect', 2)]], normal3_concat=range(2, 6))
08/06 04:32:49AM parser.py:31 [INFO] GPUS=[0]
08/06 04:32:49AM parser.py:31 [INFO] GRAD_CLIP=5.0
08/06 04:32:49AM parser.py:31 [INFO] INIT_CHANNELS=32
08/06 04:32:49AM parser.py:31 [INFO] L=1.0
08/06 04:32:49AM parser.py:31 [INFO] LAYERS=20
08/06 04:32:49AM parser.py:31 [INFO] LOGGER=<Logger H-DAS (INFO)>
08/06 04:32:49AM parser.py:31 [INFO] LR=0.025
08/06 04:32:49AM parser.py:31 [INFO] LR_MIN=0.001
08/06 04:32:49AM parser.py:31 [INFO] MOMENTUM=0.9
08/06 04:32:49AM parser.py:31 [INFO] NAME=ARCH_WEIGHT
08/06 04:32:49AM parser.py:31 [INFO] NONKD=True
08/06 04:32:49AM parser.py:31 [INFO] PATH=results/evaluate_cell_KD/cifar100/ARCH_WEIGHT/233119-20240806-043249
08/06 04:32:49AM parser.py:31 [INFO] PRINT_FREQ=50
08/06 04:32:49AM parser.py:31 [INFO] RESUME_PATH=None
08/06 04:32:49AM parser.py:31 [INFO] SAVE=233119
08/06 04:32:49AM parser.py:31 [INFO] SEED=0
08/06 04:32:49AM parser.py:31 [INFO] TEACHER_NAME=non
08/06 04:32:49AM parser.py:31 [INFO] TEACHER_PATH=non
08/06 04:32:49AM parser.py:31 [INFO] TRAIN_PORTION=0.9
08/06 04:32:49AM parser.py:31 [INFO] WEIGHT_DECAY=0.0003
08/06 04:32:49AM parser.py:31 [INFO] WORKERS=4
08/06 04:32:49AM parser.py:32 [INFO] 
08/06 04:32:51AM evaluateCell_trainer.py:102 [INFO] --> No loaded checkpoint!
08/06 04:34:14AM evaluateCell_trainer.py:199 [INFO] Valid: Epoch: [0][50/79]	Step 704	Loss 3.5922	Prec@(1,5) (15.5%, 40.2%)
08/06 04:34:15AM evaluateCell_trainer.py:199 [INFO] Valid: Epoch: [0][78/79]	Step 704	Loss 3.6064	Prec@(1,5) (14.7%, 39.6%)
08/06 04:34:15AM evaluateCell_trainer.py:206 [INFO] Valid: [  0/99] Final Prec@1 14.7200%
08/06 04:34:15午前 evaluateCell_main.py:75 [INFO] Until now, best Prec@1 = 14.7200%
08/06 04:35:45午前 evaluateCell_trainer.py:199 [INFO] Valid: Epoch: [1][50/79]	Step 1408	Loss 3.0851	Prec@(1,5) (24.2%, 53.5%)
08/06 04:35:45午前 evaluateCell_trainer.py:199 [INFO] Valid: Epoch: [1][78/79]	Step 1408	Loss 3.0785	Prec@(1,5) (24.2%, 53.9%)
08/06 04:35:46午前 evaluateCell_trainer.py:206 [INFO] Valid: [  1/99] Final Prec@1 24.1800%
08/06 04:35:46午前 evaluateCell_main.py:75 [INFO] Until now, best Prec@1 = 24.1800%
08/06 04:37:17午前 evaluateCell_trainer.py:199 [INFO] Valid: Epoch: [2][50/79]	Step 2112	Loss 2.8743	Prec@(1,5) (29.7%, 59.4%)
08/06 04:37:17午前 evaluateCell_trainer.py:199 [INFO] Valid: Epoch: [2][78/79]	Step 2112	Loss 2.8707	Prec@(1,5) (30.1%, 59.1%)
08/06 04:37:17午前 evaluateCell_trainer.py:206 [INFO] Valid: [  2/99] Final Prec@1 30.1400%
08/06 04:37:18午前 evaluateCell_main.py:75 [INFO] Until now, best Prec@1 = 30.1400%
08/06 04:38:47午前 evaluateCell_trainer.py:199 [INFO] Valid: Epoch: [3][50/79]	Step 2816	Loss 2.5091	Prec@(1,5) (34.7%, 67.6%)
08/06 04:38:48午前 evaluateCell_trainer.py:199 [INFO] Valid: Epoch: [3][78/79]	Step 2816	Loss 2.5274	Prec@(1,5) (34.6%, 67.3%)
08/06 04:38:48午前 evaluateCell_trainer.py:206 [INFO] Valid: [  3/99] Final Prec@1 34.5800%
08/06 04:38:48午前 evaluateCell_main.py:75 [INFO] Until now, best Prec@1 = 34.5800%
08/06 04:40:18午前 evaluateCell_trainer.py:199 [INFO] Valid: Epoch: [4][50/79]	Step 3520	Loss 2.2349	Prec@(1,5) (40.2%, 73.1%)
08/06 04:40:19午前 evaluateCell_trainer.py:199 [INFO] Valid: Epoch: [4][78/79]	Step 3520	Loss 2.2375	Prec@(1,5) (40.3%, 72.8%)
08/06 04:40:19午前 evaluateCell_trainer.py:206 [INFO] Valid: [  4/99] Final Prec@1 40.3400%
08/06 04:40:19午前 evaluateCell_main.py:75 [INFO] Until now, best Prec@1 = 40.3400%
08/06 04:41:50午前 evaluateCell_trainer.py:199 [INFO] Valid: Epoch: [5][50/79]	Step 4224	Loss 2.1002	Prec@(1,5) (43.2%, 75.9%)
08/06 04:41:50午前 evaluateCell_trainer.py:199 [INFO] Valid: Epoch: [5][78/79]	Step 4224	Loss 2.0929	Prec@(1,5) (43.5%, 76.2%)
08/06 04:41:50午前 evaluateCell_trainer.py:206 [INFO] Valid: [  5/99] Final Prec@1 43.4600%
08/06 04:41:51午前 evaluateCell_main.py:75 [INFO] Until now, best Prec@1 = 43.4600%
08/06 04:43:20午前 evaluateCell_trainer.py:199 [INFO] Valid: Epoch: [6][50/79]	Step 4928	Loss 1.9937	Prec@(1,5) (44.9%, 78.2%)
08/06 04:43:21午前 evaluateCell_trainer.py:199 [INFO] Valid: Epoch: [6][78/79]	Step 4928	Loss 2.0190	Prec@(1,5) (44.8%, 77.7%)
08/06 04:43:21午前 evaluateCell_trainer.py:206 [INFO] Valid: [  6/99] Final Prec@1 44.7600%
08/06 04:43:22午前 evaluateCell_main.py:75 [INFO] Until now, best Prec@1 = 44.7600%
08/06 04:44:52午前 evaluateCell_trainer.py:199 [INFO] Valid: Epoch: [7][50/79]	Step 5632	Loss 2.0211	Prec@(1,5) (45.9%, 78.4%)
08/06 04:44:53午前 evaluateCell_trainer.py:199 [INFO] Valid: Epoch: [7][78/79]	Step 5632	Loss 2.0209	Prec@(1,5) (45.7%, 78.2%)
08/06 04:44:53午前 evaluateCell_trainer.py:206 [INFO] Valid: [  7/99] Final Prec@1 45.6800%
08/06 04:44:53午前 evaluateCell_main.py:75 [INFO] Until now, best Prec@1 = 45.6800%
08/06 04:46:23午前 evaluateCell_trainer.py:199 [INFO] Valid: Epoch: [8][50/79]	Step 6336	Loss 1.8630	Prec@(1,5) (49.5%, 80.9%)
08/06 04:46:23午前 evaluateCell_trainer.py:199 [INFO] Valid: Epoch: [8][78/79]	Step 6336	Loss 1.8949	Prec@(1,5) (48.5%, 80.0%)
08/06 04:46:24午前 evaluateCell_trainer.py:206 [INFO] Valid: [  8/99] Final Prec@1 48.5400%
08/06 04:46:24午前 evaluateCell_main.py:75 [INFO] Until now, best Prec@1 = 48.5400%
08/06 04:47:54午前 evaluateCell_trainer.py:199 [INFO] Valid: Epoch: [9][50/79]	Step 7040	Loss 1.8932	Prec@(1,5) (47.7%, 79.2%)
08/06 04:47:54午前 evaluateCell_trainer.py:199 [INFO] Valid: Epoch: [9][78/79]	Step 7040	Loss 1.8651	Prec@(1,5) (48.6%, 80.1%)
08/06 04:47:54午前 evaluateCell_trainer.py:206 [INFO] Valid: [  9/99] Final Prec@1 48.6600%
08/06 04:47:55午前 evaluateCell_main.py:75 [INFO] Until now, best Prec@1 = 48.6600%
08/06 04:49:26午前 evaluateCell_trainer.py:199 [INFO] Valid: Epoch: [10][50/79]	Step 7744	Loss 1.9085	Prec@(1,5) (48.5%, 80.2%)
08/06 04:49:26午前 evaluateCell_trainer.py:199 [INFO] Valid: Epoch: [10][78/79]	Step 7744	Loss 1.8864	Prec@(1,5) (49.1%, 80.4%)
08/06 04:49:26午前 evaluateCell_trainer.py:206 [INFO] Valid: [ 10/99] Final Prec@1 49.1200%
08/06 04:49:27午前 evaluateCell_main.py:75 [INFO] Until now, best Prec@1 = 49.1200%
08/06 04:50:56午前 evaluateCell_trainer.py:199 [INFO] Valid: Epoch: [11][50/79]	Step 8448	Loss 1.8510	Prec@(1,5) (49.3%, 81.4%)
08/06 04:50:57午前 evaluateCell_trainer.py:199 [INFO] Valid: Epoch: [11][78/79]	Step 8448	Loss 1.8396	Prec@(1,5) (50.3%, 81.4%)
08/06 04:50:57午前 evaluateCell_trainer.py:206 [INFO] Valid: [ 11/99] Final Prec@1 50.2600%
08/06 04:50:57午前 evaluateCell_main.py:75 [INFO] Until now, best Prec@1 = 50.2600%
08/06 04:52:26午前 evaluateCell_trainer.py:199 [INFO] Valid: Epoch: [12][50/79]	Step 9152	Loss 1.7554	Prec@(1,5) (53.3%, 82.0%)
08/06 04:52:27午前 evaluateCell_trainer.py:199 [INFO] Valid: Epoch: [12][78/79]	Step 9152	Loss 1.7625	Prec@(1,5) (53.2%, 82.1%)
08/06 04:52:27午前 evaluateCell_trainer.py:206 [INFO] Valid: [ 12/99] Final Prec@1 53.2000%
08/06 04:52:28午前 evaluateCell_main.py:75 [INFO] Until now, best Prec@1 = 53.2000%
08/06 04:53:58午前 evaluateCell_trainer.py:199 [INFO] Valid: Epoch: [13][50/79]	Step 9856	Loss 1.6506	Prec@(1,5) (55.2%, 83.9%)
08/06 04:53:59午前 evaluateCell_trainer.py:199 [INFO] Valid: Epoch: [13][78/79]	Step 9856	Loss 1.6175	Prec@(1,5) (55.6%, 84.6%)
08/06 04:53:59午前 evaluateCell_trainer.py:206 [INFO] Valid: [ 13/99] Final Prec@1 55.6200%
08/06 04:53:59午前 evaluateCell_main.py:75 [INFO] Until now, best Prec@1 = 55.6200%
08/06 04:55:29午前 evaluateCell_trainer.py:199 [INFO] Valid: Epoch: [14][50/79]	Step 10560	Loss 1.6738	Prec@(1,5) (54.9%, 83.9%)
08/06 04:55:30午前 evaluateCell_trainer.py:199 [INFO] Valid: Epoch: [14][78/79]	Step 10560	Loss 1.6228	Prec@(1,5) (55.3%, 84.6%)
08/06 04:55:30午前 evaluateCell_trainer.py:206 [INFO] Valid: [ 14/99] Final Prec@1 55.3200%
08/06 04:55:30午前 evaluateCell_main.py:75 [INFO] Until now, best Prec@1 = 55.6200%
08/06 04:57:00午前 evaluateCell_trainer.py:199 [INFO] Valid: Epoch: [15][50/79]	Step 11264	Loss 1.6065	Prec@(1,5) (55.3%, 85.5%)
08/06 04:57:01午前 evaluateCell_trainer.py:199 [INFO] Valid: Epoch: [15][78/79]	Step 11264	Loss 1.5883	Prec@(1,5) (55.6%, 85.3%)
08/06 04:57:01午前 evaluateCell_trainer.py:206 [INFO] Valid: [ 15/99] Final Prec@1 55.6800%
08/06 04:57:01午前 evaluateCell_main.py:75 [INFO] Until now, best Prec@1 = 55.6800%
08/06 04:58:31午前 evaluateCell_trainer.py:199 [INFO] Valid: Epoch: [16][50/79]	Step 11968	Loss 1.6561	Prec@(1,5) (54.8%, 84.8%)
08/06 04:58:32午前 evaluateCell_trainer.py:199 [INFO] Valid: Epoch: [16][78/79]	Step 11968	Loss 1.6389	Prec@(1,5) (54.9%, 85.0%)
08/06 04:58:32午前 evaluateCell_trainer.py:206 [INFO] Valid: [ 16/99] Final Prec@1 54.9400%
08/06 04:58:32午前 evaluateCell_main.py:75 [INFO] Until now, best Prec@1 = 55.6800%
08/06 05:00:03午前 evaluateCell_trainer.py:199 [INFO] Valid: Epoch: [17][50/79]	Step 12672	Loss 1.6533	Prec@(1,5) (55.2%, 83.9%)
08/06 05:00:04午前 evaluateCell_trainer.py:199 [INFO] Valid: Epoch: [17][78/79]	Step 12672	Loss 1.6245	Prec@(1,5) (55.8%, 84.4%)
08/06 05:00:04午前 evaluateCell_trainer.py:206 [INFO] Valid: [ 17/99] Final Prec@1 55.8400%
08/06 05:00:04午前 evaluateCell_main.py:75 [INFO] Until now, best Prec@1 = 55.8400%
08/06 05:01:35午前 evaluateCell_trainer.py:199 [INFO] Valid: Epoch: [18][50/79]	Step 13376	Loss 1.7261	Prec@(1,5) (54.1%, 83.3%)
08/06 05:01:36午前 evaluateCell_trainer.py:199 [INFO] Valid: Epoch: [18][78/79]	Step 13376	Loss 1.7424	Prec@(1,5) (53.7%, 83.0%)
08/06 05:01:36午前 evaluateCell_trainer.py:206 [INFO] Valid: [ 18/99] Final Prec@1 53.7000%
08/06 05:01:36午前 evaluateCell_main.py:75 [INFO] Until now, best Prec@1 = 55.8400%
08/06 05:03:07午前 evaluateCell_trainer.py:199 [INFO] Valid: Epoch: [19][50/79]	Step 14080	Loss 1.5486	Prec@(1,5) (56.8%, 86.2%)
08/06 05:03:08午前 evaluateCell_trainer.py:199 [INFO] Valid: Epoch: [19][78/79]	Step 14080	Loss 1.5490	Prec@(1,5) (56.9%, 85.8%)
08/06 05:03:08午前 evaluateCell_trainer.py:206 [INFO] Valid: [ 19/99] Final Prec@1 56.9000%
08/06 05:03:08午前 evaluateCell_main.py:75 [INFO] Until now, best Prec@1 = 56.9000%
08/06 05:04:39午前 evaluateCell_trainer.py:199 [INFO] Valid: Epoch: [20][50/79]	Step 14784	Loss 1.7027	Prec@(1,5) (54.4%, 83.6%)
08/06 05:04:40午前 evaluateCell_trainer.py:199 [INFO] Valid: Epoch: [20][78/79]	Step 14784	Loss 1.7078	Prec@(1,5) (54.7%, 83.6%)
08/06 05:04:40午前 evaluateCell_trainer.py:206 [INFO] Valid: [ 20/99] Final Prec@1 54.6200%
08/06 05:04:40午前 evaluateCell_main.py:75 [INFO] Until now, best Prec@1 = 56.9000%
08/06 05:06:11午前 evaluateCell_trainer.py:199 [INFO] Valid: Epoch: [21][50/79]	Step 15488	Loss 1.5702	Prec@(1,5) (57.4%, 85.0%)
08/06 05:06:12午前 evaluateCell_trainer.py:199 [INFO] Valid: Epoch: [21][78/79]	Step 15488	Loss 1.5510	Prec@(1,5) (58.3%, 85.1%)
08/06 05:06:12午前 evaluateCell_trainer.py:206 [INFO] Valid: [ 21/99] Final Prec@1 58.2600%
08/06 05:06:12午前 evaluateCell_main.py:75 [INFO] Until now, best Prec@1 = 58.2600%
08/06 05:07:42午前 evaluateCell_trainer.py:199 [INFO] Valid: Epoch: [22][50/79]	Step 16192	Loss 1.5951	Prec@(1,5) (58.2%, 84.6%)
08/06 05:07:43午前 evaluateCell_trainer.py:199 [INFO] Valid: Epoch: [22][78/79]	Step 16192	Loss 1.5888	Prec@(1,5) (58.0%, 84.7%)
08/06 05:07:43午前 evaluateCell_trainer.py:206 [INFO] Valid: [ 22/99] Final Prec@1 58.0000%
08/06 05:07:43午前 evaluateCell_main.py:75 [INFO] Until now, best Prec@1 = 58.2600%
08/06 05:09:13午前 evaluateCell_trainer.py:199 [INFO] Valid: Epoch: [23][50/79]	Step 16896	Loss 1.6140	Prec@(1,5) (55.9%, 84.4%)
08/06 05:09:14午前 evaluateCell_trainer.py:199 [INFO] Valid: Epoch: [23][78/79]	Step 16896	Loss 1.5889	Prec@(1,5) (56.4%, 84.8%)
08/06 05:09:14午前 evaluateCell_trainer.py:206 [INFO] Valid: [ 23/99] Final Prec@1 56.3400%
08/06 05:09:14午前 evaluateCell_main.py:75 [INFO] Until now, best Prec@1 = 58.2600%
08/06 05:10:44午前 evaluateCell_trainer.py:199 [INFO] Valid: Epoch: [24][50/79]	Step 17600	Loss 1.5586	Prec@(1,5) (57.7%, 85.2%)
08/06 05:10:45午前 evaluateCell_trainer.py:199 [INFO] Valid: Epoch: [24][78/79]	Step 17600	Loss 1.5400	Prec@(1,5) (57.9%, 85.6%)
08/06 05:10:45午前 evaluateCell_trainer.py:206 [INFO] Valid: [ 24/99] Final Prec@1 57.8800%
08/06 05:10:45午前 evaluateCell_main.py:75 [INFO] Until now, best Prec@1 = 58.2600%
08/06 05:12:14午前 evaluateCell_trainer.py:199 [INFO] Valid: Epoch: [25][50/79]	Step 18304	Loss 1.5932	Prec@(1,5) (56.4%, 85.4%)
08/06 05:12:15午前 evaluateCell_trainer.py:199 [INFO] Valid: Epoch: [25][78/79]	Step 18304	Loss 1.5963	Prec@(1,5) (56.8%, 85.4%)
08/06 05:12:15午前 evaluateCell_trainer.py:206 [INFO] Valid: [ 25/99] Final Prec@1 56.8000%
08/06 05:12:15午前 evaluateCell_main.py:75 [INFO] Until now, best Prec@1 = 58.2600%
08/06 05:13:45午前 evaluateCell_trainer.py:199 [INFO] Valid: Epoch: [26][50/79]	Step 19008	Loss 1.5556	Prec@(1,5) (58.4%, 85.9%)
08/06 05:13:46午前 evaluateCell_trainer.py:199 [INFO] Valid: Epoch: [26][78/79]	Step 19008	Loss 1.5933	Prec@(1,5) (57.5%, 85.4%)
08/06 05:13:46午前 evaluateCell_trainer.py:206 [INFO] Valid: [ 26/99] Final Prec@1 57.5000%
08/06 05:13:46午前 evaluateCell_main.py:75 [INFO] Until now, best Prec@1 = 58.2600%
08/06 05:15:16午前 evaluateCell_trainer.py:199 [INFO] Valid: Epoch: [27][50/79]	Step 19712	Loss 1.5607	Prec@(1,5) (57.7%, 86.1%)
08/06 05:15:17午前 evaluateCell_trainer.py:199 [INFO] Valid: Epoch: [27][78/79]	Step 19712	Loss 1.5850	Prec@(1,5) (57.5%, 85.3%)
08/06 05:15:17午前 evaluateCell_trainer.py:206 [INFO] Valid: [ 27/99] Final Prec@1 57.5000%
08/06 05:15:17午前 evaluateCell_main.py:75 [INFO] Until now, best Prec@1 = 58.2600%
08/06 05:16:48午前 evaluateCell_trainer.py:199 [INFO] Valid: Epoch: [28][50/79]	Step 20416	Loss 1.5244	Prec@(1,5) (58.7%, 85.8%)
08/06 05:16:49午前 evaluateCell_trainer.py:199 [INFO] Valid: Epoch: [28][78/79]	Step 20416	Loss 1.5133	Prec@(1,5) (59.0%, 86.2%)
08/06 05:16:49午前 evaluateCell_trainer.py:206 [INFO] Valid: [ 28/99] Final Prec@1 59.0600%
08/06 05:16:49午前 evaluateCell_main.py:75 [INFO] Until now, best Prec@1 = 59.0600%
08/06 05:18:20午前 evaluateCell_trainer.py:199 [INFO] Valid: Epoch: [29][50/79]	Step 21120	Loss 1.4992	Prec@(1,5) (59.9%, 86.9%)
08/06 05:18:21午前 evaluateCell_trainer.py:199 [INFO] Valid: Epoch: [29][78/79]	Step 21120	Loss 1.5039	Prec@(1,5) (59.5%, 86.6%)
08/06 05:18:21午前 evaluateCell_trainer.py:206 [INFO] Valid: [ 29/99] Final Prec@1 59.4800%
08/06 05:18:21午前 evaluateCell_main.py:75 [INFO] Until now, best Prec@1 = 59.4800%
08/06 05:19:53午前 evaluateCell_trainer.py:199 [INFO] Valid: Epoch: [30][50/79]	Step 21824	Loss 1.5581	Prec@(1,5) (58.0%, 86.2%)
08/06 05:19:54午前 evaluateCell_trainer.py:199 [INFO] Valid: Epoch: [30][78/79]	Step 21824	Loss 1.5243	Prec@(1,5) (58.5%, 86.6%)
08/06 05:19:54午前 evaluateCell_trainer.py:206 [INFO] Valid: [ 30/99] Final Prec@1 58.4800%
08/06 05:19:54午前 evaluateCell_main.py:75 [INFO] Until now, best Prec@1 = 59.4800%
08/06 05:21:25午前 evaluateCell_trainer.py:199 [INFO] Valid: Epoch: [31][50/79]	Step 22528	Loss 1.5552	Prec@(1,5) (57.8%, 86.4%)
08/06 05:21:25午前 evaluateCell_trainer.py:199 [INFO] Valid: Epoch: [31][78/79]	Step 22528	Loss 1.5183	Prec@(1,5) (58.4%, 87.1%)
08/06 05:21:26午前 evaluateCell_trainer.py:206 [INFO] Valid: [ 31/99] Final Prec@1 58.4200%
08/06 05:21:26午前 evaluateCell_main.py:75 [INFO] Until now, best Prec@1 = 59.4800%
08/06 05:22:56午前 evaluateCell_trainer.py:199 [INFO] Valid: Epoch: [32][50/79]	Step 23232	Loss 1.4635	Prec@(1,5) (60.1%, 87.4%)
08/06 05:22:57午前 evaluateCell_trainer.py:199 [INFO] Valid: Epoch: [32][78/79]	Step 23232	Loss 1.4997	Prec@(1,5) (59.5%, 86.7%)
08/06 05:22:57午前 evaluateCell_trainer.py:206 [INFO] Valid: [ 32/99] Final Prec@1 59.5200%
08/06 05:22:57午前 evaluateCell_main.py:75 [INFO] Until now, best Prec@1 = 59.5200%
08/06 05:24:27午前 evaluateCell_trainer.py:199 [INFO] Valid: Epoch: [33][50/79]	Step 23936	Loss 1.5331	Prec@(1,5) (58.5%, 86.7%)
08/06 05:24:28午前 evaluateCell_trainer.py:199 [INFO] Valid: Epoch: [33][78/79]	Step 23936	Loss 1.4872	Prec@(1,5) (59.3%, 87.2%)
08/06 05:24:28午前 evaluateCell_trainer.py:206 [INFO] Valid: [ 33/99] Final Prec@1 59.2400%
08/06 05:24:28午前 evaluateCell_main.py:75 [INFO] Until now, best Prec@1 = 59.5200%
08/06 05:25:59午前 evaluateCell_trainer.py:199 [INFO] Valid: Epoch: [34][50/79]	Step 24640	Loss 1.4962	Prec@(1,5) (60.0%, 86.6%)
08/06 05:26:00午前 evaluateCell_trainer.py:199 [INFO] Valid: Epoch: [34][78/79]	Step 24640	Loss 1.4754	Prec@(1,5) (60.8%, 86.8%)
08/06 05:26:00午前 evaluateCell_trainer.py:206 [INFO] Valid: [ 34/99] Final Prec@1 60.7600%
08/06 05:26:00午前 evaluateCell_main.py:75 [INFO] Until now, best Prec@1 = 60.7600%
08/06 05:27:30午前 evaluateCell_trainer.py:199 [INFO] Valid: Epoch: [35][50/79]	Step 25344	Loss 1.4729	Prec@(1,5) (60.8%, 87.6%)
08/06 05:27:30午前 evaluateCell_trainer.py:199 [INFO] Valid: Epoch: [35][78/79]	Step 25344	Loss 1.4672	Prec@(1,5) (60.6%, 87.7%)
08/06 05:27:31午前 evaluateCell_trainer.py:206 [INFO] Valid: [ 35/99] Final Prec@1 60.6000%
08/06 05:27:31午前 evaluateCell_main.py:75 [INFO] Until now, best Prec@1 = 60.7600%
08/06 05:29:00午前 evaluateCell_trainer.py:199 [INFO] Valid: Epoch: [36][50/79]	Step 26048	Loss 1.4598	Prec@(1,5) (61.5%, 87.9%)
08/06 05:29:01午前 evaluateCell_trainer.py:199 [INFO] Valid: Epoch: [36][78/79]	Step 26048	Loss 1.4698	Prec@(1,5) (61.2%, 87.6%)
08/06 05:29:01午前 evaluateCell_trainer.py:206 [INFO] Valid: [ 36/99] Final Prec@1 61.2200%
08/06 05:29:02午前 evaluateCell_main.py:75 [INFO] Until now, best Prec@1 = 61.2200%
08/06 05:30:32午前 evaluateCell_trainer.py:199 [INFO] Valid: Epoch: [37][50/79]	Step 26752	Loss 1.4755	Prec@(1,5) (60.7%, 87.5%)
08/06 05:30:33午前 evaluateCell_trainer.py:199 [INFO] Valid: Epoch: [37][78/79]	Step 26752	Loss 1.4634	Prec@(1,5) (61.1%, 87.5%)
08/06 05:30:33午前 evaluateCell_trainer.py:206 [INFO] Valid: [ 37/99] Final Prec@1 61.0800%
08/06 05:30:33午前 evaluateCell_main.py:75 [INFO] Until now, best Prec@1 = 61.2200%
08/06 05:32:02午前 evaluateCell_trainer.py:199 [INFO] Valid: Epoch: [38][50/79]	Step 27456	Loss 1.4175	Prec@(1,5) (61.3%, 87.6%)
08/06 05:32:03午前 evaluateCell_trainer.py:199 [INFO] Valid: Epoch: [38][78/79]	Step 27456	Loss 1.4453	Prec@(1,5) (61.3%, 87.2%)
08/06 05:32:03午前 evaluateCell_trainer.py:206 [INFO] Valid: [ 38/99] Final Prec@1 61.2400%
08/06 05:32:04午前 evaluateCell_main.py:75 [INFO] Until now, best Prec@1 = 61.2400%
08/06 05:33:33午前 evaluateCell_trainer.py:199 [INFO] Valid: Epoch: [39][50/79]	Step 28160	Loss 1.4635	Prec@(1,5) (62.0%, 87.6%)
08/06 05:33:34午前 evaluateCell_trainer.py:199 [INFO] Valid: Epoch: [39][78/79]	Step 28160	Loss 1.4583	Prec@(1,5) (61.9%, 87.7%)
08/06 05:33:34午前 evaluateCell_trainer.py:206 [INFO] Valid: [ 39/99] Final Prec@1 61.9400%
08/06 05:33:35午前 evaluateCell_main.py:75 [INFO] Until now, best Prec@1 = 61.9400%
08/06 05:35:05午前 evaluateCell_trainer.py:199 [INFO] Valid: Epoch: [40][50/79]	Step 28864	Loss 1.4880	Prec@(1,5) (59.5%, 87.5%)
08/06 05:35:06午前 evaluateCell_trainer.py:199 [INFO] Valid: Epoch: [40][78/79]	Step 28864	Loss 1.5148	Prec@(1,5) (59.3%, 86.8%)
08/06 05:35:06午前 evaluateCell_trainer.py:206 [INFO] Valid: [ 40/99] Final Prec@1 59.2600%
08/06 05:35:06午前 evaluateCell_main.py:75 [INFO] Until now, best Prec@1 = 61.9400%
08/06 05:36:35午前 evaluateCell_trainer.py:199 [INFO] Valid: Epoch: [41][50/79]	Step 29568	Loss 1.3899	Prec@(1,5) (63.8%, 88.9%)
08/06 05:36:36午前 evaluateCell_trainer.py:199 [INFO] Valid: Epoch: [41][78/79]	Step 29568	Loss 1.4366	Prec@(1,5) (63.0%, 88.4%)
08/06 05:36:36午前 evaluateCell_trainer.py:206 [INFO] Valid: [ 41/99] Final Prec@1 63.0000%
08/06 05:36:37午前 evaluateCell_main.py:75 [INFO] Until now, best Prec@1 = 63.0000%
08/06 05:38:08午前 evaluateCell_trainer.py:199 [INFO] Valid: Epoch: [42][50/79]	Step 30272	Loss 1.4741	Prec@(1,5) (61.6%, 87.4%)
08/06 05:38:09午前 evaluateCell_trainer.py:199 [INFO] Valid: Epoch: [42][78/79]	Step 30272	Loss 1.4564	Prec@(1,5) (62.7%, 87.7%)
08/06 05:38:09午前 evaluateCell_trainer.py:206 [INFO] Valid: [ 42/99] Final Prec@1 62.6600%
08/06 05:38:09午前 evaluateCell_main.py:75 [INFO] Until now, best Prec@1 = 63.0000%
08/06 05:39:41午前 evaluateCell_trainer.py:199 [INFO] Valid: Epoch: [43][50/79]	Step 30976	Loss 1.4040	Prec@(1,5) (61.9%, 87.8%)
08/06 05:39:42午前 evaluateCell_trainer.py:199 [INFO] Valid: Epoch: [43][78/79]	Step 30976	Loss 1.4242	Prec@(1,5) (61.6%, 88.0%)
08/06 05:39:42午前 evaluateCell_trainer.py:206 [INFO] Valid: [ 43/99] Final Prec@1 61.6600%
08/06 05:39:42午前 evaluateCell_main.py:75 [INFO] Until now, best Prec@1 = 63.0000%
08/06 05:41:11午前 evaluateCell_trainer.py:199 [INFO] Valid: Epoch: [44][50/79]	Step 31680	Loss 1.4436	Prec@(1,5) (62.3%, 87.9%)
08/06 05:41:12午前 evaluateCell_trainer.py:199 [INFO] Valid: Epoch: [44][78/79]	Step 31680	Loss 1.4714	Prec@(1,5) (61.6%, 87.6%)
08/06 05:41:12午前 evaluateCell_trainer.py:206 [INFO] Valid: [ 44/99] Final Prec@1 61.5600%
08/06 05:41:12午前 evaluateCell_main.py:75 [INFO] Until now, best Prec@1 = 63.0000%
08/06 05:42:43午前 evaluateCell_trainer.py:199 [INFO] Valid: Epoch: [45][50/79]	Step 32384	Loss 1.3759	Prec@(1,5) (63.5%, 88.7%)
08/06 05:42:43午前 evaluateCell_trainer.py:199 [INFO] Valid: Epoch: [45][78/79]	Step 32384	Loss 1.3582	Prec@(1,5) (63.9%, 88.8%)
08/06 05:42:43午前 evaluateCell_trainer.py:206 [INFO] Valid: [ 45/99] Final Prec@1 63.9800%
08/06 05:42:44午前 evaluateCell_main.py:75 [INFO] Until now, best Prec@1 = 63.9800%
08/06 05:44:14午前 evaluateCell_trainer.py:199 [INFO] Valid: Epoch: [46][50/79]	Step 33088	Loss 1.4094	Prec@(1,5) (64.3%, 88.2%)
08/06 05:44:15午前 evaluateCell_trainer.py:199 [INFO] Valid: Epoch: [46][78/79]	Step 33088	Loss 1.4226	Prec@(1,5) (63.9%, 88.1%)
08/06 05:44:15午前 evaluateCell_trainer.py:206 [INFO] Valid: [ 46/99] Final Prec@1 63.9200%
08/06 05:44:15午前 evaluateCell_main.py:75 [INFO] Until now, best Prec@1 = 63.9800%
08/06 05:45:45午前 evaluateCell_trainer.py:199 [INFO] Valid: Epoch: [47][50/79]	Step 33792	Loss 1.4841	Prec@(1,5) (62.4%, 87.1%)
08/06 05:45:46午前 evaluateCell_trainer.py:199 [INFO] Valid: Epoch: [47][78/79]	Step 33792	Loss 1.4898	Prec@(1,5) (62.0%, 87.3%)
08/06 05:45:46午前 evaluateCell_trainer.py:206 [INFO] Valid: [ 47/99] Final Prec@1 62.0000%
08/06 05:45:46午前 evaluateCell_main.py:75 [INFO] Until now, best Prec@1 = 63.9800%
08/06 05:47:17午前 evaluateCell_trainer.py:199 [INFO] Valid: Epoch: [48][50/79]	Step 34496	Loss 1.3640	Prec@(1,5) (64.1%, 89.4%)
08/06 05:47:18午前 evaluateCell_trainer.py:199 [INFO] Valid: Epoch: [48][78/79]	Step 34496	Loss 1.3829	Prec@(1,5) (63.2%, 89.1%)
08/06 05:47:18午前 evaluateCell_trainer.py:206 [INFO] Valid: [ 48/99] Final Prec@1 63.2000%
08/06 05:47:18午前 evaluateCell_main.py:75 [INFO] Until now, best Prec@1 = 63.9800%
08/06 05:48:50午前 evaluateCell_trainer.py:199 [INFO] Valid: Epoch: [49][50/79]	Step 35200	Loss 1.3810	Prec@(1,5) (64.0%, 89.0%)
08/06 05:48:51午前 evaluateCell_trainer.py:199 [INFO] Valid: Epoch: [49][78/79]	Step 35200	Loss 1.3686	Prec@(1,5) (63.9%, 88.7%)
08/06 05:48:51午前 evaluateCell_trainer.py:206 [INFO] Valid: [ 49/99] Final Prec@1 63.9200%
08/06 05:48:51午前 evaluateCell_main.py:75 [INFO] Until now, best Prec@1 = 63.9800%
08/06 05:50:21午前 evaluateCell_trainer.py:199 [INFO] Valid: Epoch: [50][50/79]	Step 35904	Loss 1.3899	Prec@(1,5) (63.9%, 88.9%)
08/06 05:50:22午前 evaluateCell_trainer.py:199 [INFO] Valid: Epoch: [50][78/79]	Step 35904	Loss 1.3998	Prec@(1,5) (63.5%, 88.8%)
08/06 05:50:22午前 evaluateCell_trainer.py:206 [INFO] Valid: [ 50/99] Final Prec@1 63.5000%
08/06 05:50:22午前 evaluateCell_main.py:75 [INFO] Until now, best Prec@1 = 63.9800%
08/06 05:51:52午前 evaluateCell_trainer.py:199 [INFO] Valid: Epoch: [51][50/79]	Step 36608	Loss 1.3685	Prec@(1,5) (64.1%, 89.5%)
08/06 05:51:53午前 evaluateCell_trainer.py:199 [INFO] Valid: Epoch: [51][78/79]	Step 36608	Loss 1.3625	Prec@(1,5) (64.2%, 89.8%)
08/06 05:51:53午前 evaluateCell_trainer.py:206 [INFO] Valid: [ 51/99] Final Prec@1 64.1800%
08/06 05:51:53午前 evaluateCell_main.py:75 [INFO] Until now, best Prec@1 = 64.1800%
08/06 05:53:25午前 evaluateCell_trainer.py:199 [INFO] Valid: Epoch: [52][50/79]	Step 37312	Loss 1.3420	Prec@(1,5) (64.7%, 90.2%)
08/06 05:53:25午前 evaluateCell_trainer.py:199 [INFO] Valid: Epoch: [52][78/79]	Step 37312	Loss 1.3432	Prec@(1,5) (65.0%, 90.1%)
08/06 05:53:25午前 evaluateCell_trainer.py:206 [INFO] Valid: [ 52/99] Final Prec@1 65.0400%
08/06 05:53:26午前 evaluateCell_main.py:75 [INFO] Until now, best Prec@1 = 65.0400%
08/06 05:54:56午前 evaluateCell_trainer.py:199 [INFO] Valid: Epoch: [53][50/79]	Step 38016	Loss 1.3581	Prec@(1,5) (64.6%, 89.7%)
08/06 05:54:56午前 evaluateCell_trainer.py:199 [INFO] Valid: Epoch: [53][78/79]	Step 38016	Loss 1.3433	Prec@(1,5) (65.2%, 90.2%)
08/06 05:54:56午前 evaluateCell_trainer.py:206 [INFO] Valid: [ 53/99] Final Prec@1 65.2400%
08/06 05:54:57午前 evaluateCell_main.py:75 [INFO] Until now, best Prec@1 = 65.2400%
08/06 05:56:27午前 evaluateCell_trainer.py:199 [INFO] Valid: Epoch: [54][50/79]	Step 38720	Loss 1.3355	Prec@(1,5) (65.5%, 89.8%)
08/06 05:56:28午前 evaluateCell_trainer.py:199 [INFO] Valid: Epoch: [54][78/79]	Step 38720	Loss 1.3475	Prec@(1,5) (65.2%, 89.5%)
08/06 05:56:28午前 evaluateCell_trainer.py:206 [INFO] Valid: [ 54/99] Final Prec@1 65.2200%
08/06 05:56:28午前 evaluateCell_main.py:75 [INFO] Until now, best Prec@1 = 65.2400%
08/06 05:57:59午前 evaluateCell_trainer.py:199 [INFO] Valid: Epoch: [55][50/79]	Step 39424	Loss 1.3544	Prec@(1,5) (65.0%, 89.3%)
08/06 05:58:00午前 evaluateCell_trainer.py:199 [INFO] Valid: Epoch: [55][78/79]	Step 39424	Loss 1.3920	Prec@(1,5) (64.2%, 88.8%)
08/06 05:58:00午前 evaluateCell_trainer.py:206 [INFO] Valid: [ 55/99] Final Prec@1 64.2200%
08/06 05:58:00午前 evaluateCell_main.py:75 [INFO] Until now, best Prec@1 = 65.2400%
08/06 05:59:31午前 evaluateCell_trainer.py:199 [INFO] Valid: Epoch: [56][50/79]	Step 40128	Loss 1.2591	Prec@(1,5) (66.1%, 90.6%)
08/06 05:59:32午前 evaluateCell_trainer.py:199 [INFO] Valid: Epoch: [56][78/79]	Step 40128	Loss 1.2540	Prec@(1,5) (66.9%, 90.4%)
08/06 05:59:32午前 evaluateCell_trainer.py:206 [INFO] Valid: [ 56/99] Final Prec@1 66.9400%
08/06 05:59:32午前 evaluateCell_main.py:75 [INFO] Until now, best Prec@1 = 66.9400%
08/06 06:01:03午前 evaluateCell_trainer.py:199 [INFO] Valid: Epoch: [57][50/79]	Step 40832	Loss 1.3456	Prec@(1,5) (65.6%, 89.8%)
08/06 06:01:04午前 evaluateCell_trainer.py:199 [INFO] Valid: Epoch: [57][78/79]	Step 40832	Loss 1.3415	Prec@(1,5) (65.5%, 90.1%)
08/06 06:01:04午前 evaluateCell_trainer.py:206 [INFO] Valid: [ 57/99] Final Prec@1 65.4800%
08/06 06:01:04午前 evaluateCell_main.py:75 [INFO] Until now, best Prec@1 = 66.9400%
08/06 06:02:33午前 evaluateCell_trainer.py:199 [INFO] Valid: Epoch: [58][50/79]	Step 41536	Loss 1.3115	Prec@(1,5) (66.1%, 90.1%)
08/06 06:02:34午前 evaluateCell_trainer.py:199 [INFO] Valid: Epoch: [58][78/79]	Step 41536	Loss 1.3362	Prec@(1,5) (65.5%, 89.8%)
08/06 06:02:34午前 evaluateCell_trainer.py:206 [INFO] Valid: [ 58/99] Final Prec@1 65.5400%
08/06 06:02:34午前 evaluateCell_main.py:75 [INFO] Until now, best Prec@1 = 66.9400%
08/06 06:04:04午前 evaluateCell_trainer.py:199 [INFO] Valid: Epoch: [59][50/79]	Step 42240	Loss 1.3142	Prec@(1,5) (66.1%, 90.5%)
08/06 06:04:05午前 evaluateCell_trainer.py:199 [INFO] Valid: Epoch: [59][78/79]	Step 42240	Loss 1.3169	Prec@(1,5) (66.1%, 90.5%)
08/06 06:04:05午前 evaluateCell_trainer.py:206 [INFO] Valid: [ 59/99] Final Prec@1 66.1200%
08/06 06:04:05午前 evaluateCell_main.py:75 [INFO] Until now, best Prec@1 = 66.9400%
08/06 06:05:35午前 evaluateCell_trainer.py:199 [INFO] Valid: Epoch: [60][50/79]	Step 42944	Loss 1.3317	Prec@(1,5) (66.6%, 90.4%)
08/06 06:05:36午前 evaluateCell_trainer.py:199 [INFO] Valid: Epoch: [60][78/79]	Step 42944	Loss 1.3366	Prec@(1,5) (66.5%, 90.2%)
08/06 06:05:36午前 evaluateCell_trainer.py:206 [INFO] Valid: [ 60/99] Final Prec@1 66.5400%
08/06 06:05:36午前 evaluateCell_main.py:75 [INFO] Until now, best Prec@1 = 66.9400%
08/06 06:07:06午前 evaluateCell_trainer.py:199 [INFO] Valid: Epoch: [61][50/79]	Step 43648	Loss 1.2813	Prec@(1,5) (66.5%, 91.3%)
08/06 06:07:07午前 evaluateCell_trainer.py:199 [INFO] Valid: Epoch: [61][78/79]	Step 43648	Loss 1.2739	Prec@(1,5) (67.1%, 90.9%)
08/06 06:07:07午前 evaluateCell_trainer.py:206 [INFO] Valid: [ 61/99] Final Prec@1 67.0400%
08/06 06:07:07午前 evaluateCell_main.py:75 [INFO] Until now, best Prec@1 = 67.0400%
08/06 06:08:38午前 evaluateCell_trainer.py:199 [INFO] Valid: Epoch: [62][50/79]	Step 44352	Loss 1.2890	Prec@(1,5) (67.2%, 90.8%)
08/06 06:08:39午前 evaluateCell_trainer.py:199 [INFO] Valid: Epoch: [62][78/79]	Step 44352	Loss 1.3182	Prec@(1,5) (66.7%, 90.4%)
08/06 06:08:39午前 evaluateCell_trainer.py:206 [INFO] Valid: [ 62/99] Final Prec@1 66.7000%
08/06 06:08:39午前 evaluateCell_main.py:75 [INFO] Until now, best Prec@1 = 67.0400%
08/06 06:10:09午前 evaluateCell_trainer.py:199 [INFO] Valid: Epoch: [63][50/79]	Step 45056	Loss 1.3149	Prec@(1,5) (66.8%, 90.6%)
08/06 06:10:10午前 evaluateCell_trainer.py:199 [INFO] Valid: Epoch: [63][78/79]	Step 45056	Loss 1.2949	Prec@(1,5) (67.6%, 90.7%)
08/06 06:10:10午前 evaluateCell_trainer.py:206 [INFO] Valid: [ 63/99] Final Prec@1 67.6200%
08/06 06:10:10午前 evaluateCell_main.py:75 [INFO] Until now, best Prec@1 = 67.6200%
08/06 06:11:40午前 evaluateCell_trainer.py:199 [INFO] Valid: Epoch: [64][50/79]	Step 45760	Loss 1.3008	Prec@(1,5) (67.0%, 90.4%)
08/06 06:11:41午前 evaluateCell_trainer.py:199 [INFO] Valid: Epoch: [64][78/79]	Step 45760	Loss 1.2994	Prec@(1,5) (67.1%, 90.6%)
08/06 06:11:41午前 evaluateCell_trainer.py:206 [INFO] Valid: [ 64/99] Final Prec@1 67.0800%
08/06 06:11:41午前 evaluateCell_main.py:75 [INFO] Until now, best Prec@1 = 67.6200%
08/06 06:13:12午前 evaluateCell_trainer.py:199 [INFO] Valid: Epoch: [65][50/79]	Step 46464	Loss 1.2350	Prec@(1,5) (68.7%, 90.9%)
08/06 06:13:12午前 evaluateCell_trainer.py:199 [INFO] Valid: Epoch: [65][78/79]	Step 46464	Loss 1.2796	Prec@(1,5) (68.0%, 91.0%)
08/06 06:13:12午前 evaluateCell_trainer.py:206 [INFO] Valid: [ 65/99] Final Prec@1 67.9600%
08/06 06:13:13午前 evaluateCell_main.py:75 [INFO] Until now, best Prec@1 = 67.9600%
08/06 06:14:44午前 evaluateCell_trainer.py:199 [INFO] Valid: Epoch: [66][50/79]	Step 47168	Loss 1.3026	Prec@(1,5) (66.4%, 90.6%)
08/06 06:14:45午前 evaluateCell_trainer.py:199 [INFO] Valid: Epoch: [66][78/79]	Step 47168	Loss 1.2732	Prec@(1,5) (67.5%, 90.9%)
08/06 06:14:45午前 evaluateCell_trainer.py:206 [INFO] Valid: [ 66/99] Final Prec@1 67.5400%
08/06 06:14:45午前 evaluateCell_main.py:75 [INFO] Until now, best Prec@1 = 67.9600%
08/06 06:16:16午前 evaluateCell_trainer.py:199 [INFO] Valid: Epoch: [67][50/79]	Step 47872	Loss 1.2490	Prec@(1,5) (68.2%, 91.4%)
08/06 06:16:17午前 evaluateCell_trainer.py:199 [INFO] Valid: Epoch: [67][78/79]	Step 47872	Loss 1.2716	Prec@(1,5) (67.7%, 91.1%)
08/06 06:16:17午前 evaluateCell_trainer.py:206 [INFO] Valid: [ 67/99] Final Prec@1 67.7200%
08/06 06:16:17午前 evaluateCell_main.py:75 [INFO] Until now, best Prec@1 = 67.9600%
08/06 06:17:47午前 evaluateCell_trainer.py:199 [INFO] Valid: Epoch: [68][50/79]	Step 48576	Loss 1.2279	Prec@(1,5) (69.9%, 91.9%)
08/06 06:17:48午前 evaluateCell_trainer.py:199 [INFO] Valid: Epoch: [68][78/79]	Step 48576	Loss 1.2413	Prec@(1,5) (69.5%, 91.5%)
08/06 06:17:48午前 evaluateCell_trainer.py:206 [INFO] Valid: [ 68/99] Final Prec@1 69.4600%
08/06 06:17:48午前 evaluateCell_main.py:75 [INFO] Until now, best Prec@1 = 69.4600%
08/06 06:19:20午前 evaluateCell_trainer.py:199 [INFO] Valid: Epoch: [69][50/79]	Step 49280	Loss 1.2943	Prec@(1,5) (68.8%, 91.4%)
08/06 06:19:20午前 evaluateCell_trainer.py:199 [INFO] Valid: Epoch: [69][78/79]	Step 49280	Loss 1.2828	Prec@(1,5) (68.9%, 91.4%)
08/06 06:19:20午前 evaluateCell_trainer.py:206 [INFO] Valid: [ 69/99] Final Prec@1 68.8800%
08/06 06:19:21午前 evaluateCell_main.py:75 [INFO] Until now, best Prec@1 = 69.4600%
08/06 06:20:51午前 evaluateCell_trainer.py:199 [INFO] Valid: Epoch: [70][50/79]	Step 49984	Loss 1.2779	Prec@(1,5) (68.7%, 90.9%)
08/06 06:20:52午前 evaluateCell_trainer.py:199 [INFO] Valid: Epoch: [70][78/79]	Step 49984	Loss 1.2690	Prec@(1,5) (68.6%, 91.2%)
08/06 06:20:52午前 evaluateCell_trainer.py:206 [INFO] Valid: [ 70/99] Final Prec@1 68.6000%
08/06 06:20:52午前 evaluateCell_main.py:75 [INFO] Until now, best Prec@1 = 69.4600%
08/06 06:22:22午前 evaluateCell_trainer.py:199 [INFO] Valid: Epoch: [71][50/79]	Step 50688	Loss 1.3016	Prec@(1,5) (68.0%, 91.1%)
08/06 06:22:23午前 evaluateCell_trainer.py:199 [INFO] Valid: Epoch: [71][78/79]	Step 50688	Loss 1.2937	Prec@(1,5) (68.1%, 91.4%)
08/06 06:22:23午前 evaluateCell_trainer.py:206 [INFO] Valid: [ 71/99] Final Prec@1 68.1400%
08/06 06:22:23午前 evaluateCell_main.py:75 [INFO] Until now, best Prec@1 = 69.4600%
08/06 06:23:54午前 evaluateCell_trainer.py:199 [INFO] Valid: Epoch: [72][50/79]	Step 51392	Loss 1.2785	Prec@(1,5) (69.0%, 91.2%)
08/06 06:23:55午前 evaluateCell_trainer.py:199 [INFO] Valid: Epoch: [72][78/79]	Step 51392	Loss 1.2465	Prec@(1,5) (69.3%, 91.7%)
08/06 06:23:55午前 evaluateCell_trainer.py:206 [INFO] Valid: [ 72/99] Final Prec@1 69.3200%
08/06 06:23:55午前 evaluateCell_main.py:75 [INFO] Until now, best Prec@1 = 69.4600%
08/06 06:25:27午前 evaluateCell_trainer.py:199 [INFO] Valid: Epoch: [73][50/79]	Step 52096	Loss 1.3167	Prec@(1,5) (68.5%, 91.0%)
08/06 06:25:27午前 evaluateCell_trainer.py:199 [INFO] Valid: Epoch: [73][78/79]	Step 52096	Loss 1.3095	Prec@(1,5) (68.5%, 91.2%)
08/06 06:25:27午前 evaluateCell_trainer.py:206 [INFO] Valid: [ 73/99] Final Prec@1 68.5400%
08/06 06:25:28午前 evaluateCell_main.py:75 [INFO] Until now, best Prec@1 = 69.4600%
08/06 06:26:59午前 evaluateCell_trainer.py:199 [INFO] Valid: Epoch: [74][50/79]	Step 52800	Loss 1.2544	Prec@(1,5) (69.0%, 91.6%)
08/06 06:27:00午前 evaluateCell_trainer.py:199 [INFO] Valid: Epoch: [74][78/79]	Step 52800	Loss 1.2708	Prec@(1,5) (69.1%, 91.5%)
08/06 06:27:00午前 evaluateCell_trainer.py:206 [INFO] Valid: [ 74/99] Final Prec@1 69.1400%
08/06 06:27:00午前 evaluateCell_main.py:75 [INFO] Until now, best Prec@1 = 69.4600%
08/06 06:28:32午前 evaluateCell_trainer.py:199 [INFO] Valid: Epoch: [75][50/79]	Step 53504	Loss 1.2541	Prec@(1,5) (70.2%, 91.6%)
08/06 06:28:32午前 evaluateCell_trainer.py:199 [INFO] Valid: Epoch: [75][78/79]	Step 53504	Loss 1.2832	Prec@(1,5) (69.6%, 91.4%)
08/06 06:28:32午前 evaluateCell_trainer.py:206 [INFO] Valid: [ 75/99] Final Prec@1 69.6000%
08/06 06:28:33午前 evaluateCell_main.py:75 [INFO] Until now, best Prec@1 = 69.6000%
08/06 06:30:03午前 evaluateCell_trainer.py:199 [INFO] Valid: Epoch: [76][50/79]	Step 54208	Loss 1.2935	Prec@(1,5) (68.4%, 91.4%)
08/06 06:30:04午前 evaluateCell_trainer.py:199 [INFO] Valid: Epoch: [76][78/79]	Step 54208	Loss 1.2703	Prec@(1,5) (69.1%, 91.6%)
08/06 06:30:04午前 evaluateCell_trainer.py:206 [INFO] Valid: [ 76/99] Final Prec@1 69.0800%
08/06 06:30:04午前 evaluateCell_main.py:75 [INFO] Until now, best Prec@1 = 69.6000%
08/06 06:31:36午前 evaluateCell_trainer.py:199 [INFO] Valid: Epoch: [77][50/79]	Step 54912	Loss 1.2660	Prec@(1,5) (69.7%, 91.2%)
08/06 06:31:37午前 evaluateCell_trainer.py:199 [INFO] Valid: Epoch: [77][78/79]	Step 54912	Loss 1.2498	Prec@(1,5) (70.1%, 91.7%)
08/06 06:31:37午前 evaluateCell_trainer.py:206 [INFO] Valid: [ 77/99] Final Prec@1 70.1400%
08/06 06:31:37午前 evaluateCell_main.py:75 [INFO] Until now, best Prec@1 = 70.1400%
08/06 06:33:09午前 evaluateCell_trainer.py:199 [INFO] Valid: Epoch: [78][50/79]	Step 55616	Loss 1.2639	Prec@(1,5) (70.1%, 91.6%)
08/06 06:33:10午前 evaluateCell_trainer.py:199 [INFO] Valid: Epoch: [78][78/79]	Step 55616	Loss 1.2550	Prec@(1,5) (70.1%, 91.9%)
08/06 06:33:10午前 evaluateCell_trainer.py:206 [INFO] Valid: [ 78/99] Final Prec@1 70.0200%
08/06 06:33:10午前 evaluateCell_main.py:75 [INFO] Until now, best Prec@1 = 70.1400%
08/06 06:34:40午前 evaluateCell_trainer.py:199 [INFO] Valid: Epoch: [79][50/79]	Step 56320	Loss 1.2414	Prec@(1,5) (69.8%, 92.1%)
08/06 06:34:41午前 evaluateCell_trainer.py:199 [INFO] Valid: Epoch: [79][78/79]	Step 56320	Loss 1.2405	Prec@(1,5) (69.9%, 92.2%)
08/06 06:34:41午前 evaluateCell_trainer.py:206 [INFO] Valid: [ 79/99] Final Prec@1 69.9200%
08/06 06:34:41午前 evaluateCell_main.py:75 [INFO] Until now, best Prec@1 = 70.1400%
08/06 06:36:10午前 evaluateCell_trainer.py:199 [INFO] Valid: Epoch: [80][50/79]	Step 57024	Loss 1.2350	Prec@(1,5) (70.9%, 92.1%)
08/06 06:36:11午前 evaluateCell_trainer.py:199 [INFO] Valid: Epoch: [80][78/79]	Step 57024	Loss 1.2733	Prec@(1,5) (70.1%, 91.8%)
08/06 06:36:11午前 evaluateCell_trainer.py:206 [INFO] Valid: [ 80/99] Final Prec@1 70.0200%
08/06 06:36:11午前 evaluateCell_main.py:75 [INFO] Until now, best Prec@1 = 70.1400%
08/06 06:37:41午前 evaluateCell_trainer.py:199 [INFO] Valid: Epoch: [81][50/79]	Step 57728	Loss 1.2731	Prec@(1,5) (70.5%, 91.8%)
08/06 06:37:41午前 evaluateCell_trainer.py:199 [INFO] Valid: Epoch: [81][78/79]	Step 57728	Loss 1.2689	Prec@(1,5) (70.3%, 91.8%)
08/06 06:37:41午前 evaluateCell_trainer.py:206 [INFO] Valid: [ 81/99] Final Prec@1 70.3000%
08/06 06:37:42午前 evaluateCell_main.py:75 [INFO] Until now, best Prec@1 = 70.3000%
08/06 06:39:12午前 evaluateCell_trainer.py:199 [INFO] Valid: Epoch: [82][50/79]	Step 58432	Loss 1.2211	Prec@(1,5) (71.1%, 92.4%)
08/06 06:39:13午前 evaluateCell_trainer.py:199 [INFO] Valid: Epoch: [82][78/79]	Step 58432	Loss 1.2818	Prec@(1,5) (70.5%, 91.8%)
08/06 06:39:13午前 evaluateCell_trainer.py:206 [INFO] Valid: [ 82/99] Final Prec@1 70.4800%
08/06 06:39:13午前 evaluateCell_main.py:75 [INFO] Until now, best Prec@1 = 70.4800%
08/06 06:40:43午前 evaluateCell_trainer.py:199 [INFO] Valid: Epoch: [83][50/79]	Step 59136	Loss 1.2929	Prec@(1,5) (69.3%, 91.7%)
08/06 06:40:44午前 evaluateCell_trainer.py:199 [INFO] Valid: Epoch: [83][78/79]	Step 59136	Loss 1.2727	Prec@(1,5) (70.0%, 91.8%)
08/06 06:40:44午前 evaluateCell_trainer.py:206 [INFO] Valid: [ 83/99] Final Prec@1 69.9200%
08/06 06:40:44午前 evaluateCell_main.py:75 [INFO] Until now, best Prec@1 = 70.4800%
08/06 06:42:15午前 evaluateCell_trainer.py:199 [INFO] Valid: Epoch: [84][50/79]	Step 59840	Loss 1.3176	Prec@(1,5) (70.0%, 91.7%)
08/06 06:42:16午前 evaluateCell_trainer.py:199 [INFO] Valid: Epoch: [84][78/79]	Step 59840	Loss 1.2835	Prec@(1,5) (70.2%, 91.7%)
08/06 06:42:16午前 evaluateCell_trainer.py:206 [INFO] Valid: [ 84/99] Final Prec@1 70.1800%
08/06 06:42:16午前 evaluateCell_main.py:75 [INFO] Until now, best Prec@1 = 70.4800%
08/06 06:43:47午前 evaluateCell_trainer.py:199 [INFO] Valid: Epoch: [85][50/79]	Step 60544	Loss 1.2517	Prec@(1,5) (71.1%, 91.8%)
08/06 06:43:48午前 evaluateCell_trainer.py:199 [INFO] Valid: Epoch: [85][78/79]	Step 60544	Loss 1.2514	Prec@(1,5) (71.2%, 92.0%)
08/06 06:43:48午前 evaluateCell_trainer.py:206 [INFO] Valid: [ 85/99] Final Prec@1 71.1800%
08/06 06:43:48午前 evaluateCell_main.py:75 [INFO] Until now, best Prec@1 = 71.1800%
08/06 06:45:18午前 evaluateCell_trainer.py:199 [INFO] Valid: Epoch: [86][50/79]	Step 61248	Loss 1.2707	Prec@(1,5) (71.8%, 92.0%)
08/06 06:45:19午前 evaluateCell_trainer.py:199 [INFO] Valid: Epoch: [86][78/79]	Step 61248	Loss 1.2569	Prec@(1,5) (71.2%, 92.1%)
08/06 06:45:19午前 evaluateCell_trainer.py:206 [INFO] Valid: [ 86/99] Final Prec@1 71.1400%
08/06 06:45:19午前 evaluateCell_main.py:75 [INFO] Until now, best Prec@1 = 71.1800%
08/06 06:46:49午前 evaluateCell_trainer.py:199 [INFO] Valid: Epoch: [87][50/79]	Step 61952	Loss 1.2715	Prec@(1,5) (70.4%, 91.7%)
08/06 06:46:50午前 evaluateCell_trainer.py:199 [INFO] Valid: Epoch: [87][78/79]	Step 61952	Loss 1.2680	Prec@(1,5) (70.4%, 91.7%)
08/06 06:46:50午前 evaluateCell_trainer.py:206 [INFO] Valid: [ 87/99] Final Prec@1 70.4200%
08/06 06:46:50午前 evaluateCell_main.py:75 [INFO] Until now, best Prec@1 = 71.1800%
08/06 06:48:20午前 evaluateCell_trainer.py:199 [INFO] Valid: Epoch: [88][50/79]	Step 62656	Loss 1.2397	Prec@(1,5) (72.2%, 91.7%)
08/06 06:48:21午前 evaluateCell_trainer.py:199 [INFO] Valid: Epoch: [88][78/79]	Step 62656	Loss 1.2588	Prec@(1,5) (71.2%, 91.9%)
08/06 06:48:21午前 evaluateCell_trainer.py:206 [INFO] Valid: [ 88/99] Final Prec@1 71.2200%
08/06 06:48:21午前 evaluateCell_main.py:75 [INFO] Until now, best Prec@1 = 71.2200%
08/06 06:49:50午前 evaluateCell_trainer.py:199 [INFO] Valid: Epoch: [89][50/79]	Step 63360	Loss 1.3056	Prec@(1,5) (70.2%, 92.1%)
08/06 06:49:51午前 evaluateCell_trainer.py:199 [INFO] Valid: Epoch: [89][78/79]	Step 63360	Loss 1.2941	Prec@(1,5) (70.6%, 91.9%)
08/06 06:49:51午前 evaluateCell_trainer.py:206 [INFO] Valid: [ 89/99] Final Prec@1 70.5800%
08/06 06:49:51午前 evaluateCell_main.py:75 [INFO] Until now, best Prec@1 = 71.2200%
08/06 06:51:21午前 evaluateCell_trainer.py:199 [INFO] Valid: Epoch: [90][50/79]	Step 64064	Loss 1.2536	Prec@(1,5) (71.7%, 92.1%)
08/06 06:51:22午前 evaluateCell_trainer.py:199 [INFO] Valid: Epoch: [90][78/79]	Step 64064	Loss 1.2499	Prec@(1,5) (71.6%, 92.0%)
08/06 06:51:22午前 evaluateCell_trainer.py:206 [INFO] Valid: [ 90/99] Final Prec@1 71.5800%
08/06 06:51:22午前 evaluateCell_main.py:75 [INFO] Until now, best Prec@1 = 71.5800%
08/06 06:52:52午前 evaluateCell_trainer.py:199 [INFO] Valid: Epoch: [91][50/79]	Step 64768	Loss 1.2468	Prec@(1,5) (71.2%, 91.9%)
08/06 06:52:53午前 evaluateCell_trainer.py:199 [INFO] Valid: Epoch: [91][78/79]	Step 64768	Loss 1.2615	Prec@(1,5) (71.1%, 92.0%)
08/06 06:52:53午前 evaluateCell_trainer.py:206 [INFO] Valid: [ 91/99] Final Prec@1 71.0800%
08/06 06:52:53午前 evaluateCell_main.py:75 [INFO] Until now, best Prec@1 = 71.5800%
08/06 06:54:24午前 evaluateCell_trainer.py:199 [INFO] Valid: Epoch: [92][50/79]	Step 65472	Loss 1.2807	Prec@(1,5) (71.1%, 91.9%)
08/06 06:54:24午前 evaluateCell_trainer.py:199 [INFO] Valid: Epoch: [92][78/79]	Step 65472	Loss 1.2633	Prec@(1,5) (71.4%, 92.1%)
08/06 06:54:24午前 evaluateCell_trainer.py:206 [INFO] Valid: [ 92/99] Final Prec@1 71.3800%
08/06 06:54:25午前 evaluateCell_main.py:75 [INFO] Until now, best Prec@1 = 71.5800%
08/06 06:55:55午前 evaluateCell_trainer.py:199 [INFO] Valid: Epoch: [93][50/79]	Step 66176	Loss 1.2833	Prec@(1,5) (71.9%, 92.3%)
08/06 06:55:56午前 evaluateCell_trainer.py:199 [INFO] Valid: Epoch: [93][78/79]	Step 66176	Loss 1.2571	Prec@(1,5) (71.9%, 92.6%)
08/06 06:55:56午前 evaluateCell_trainer.py:206 [INFO] Valid: [ 93/99] Final Prec@1 71.9000%
08/06 06:55:56午前 evaluateCell_main.py:75 [INFO] Until now, best Prec@1 = 71.9000%
08/06 06:57:27午前 evaluateCell_trainer.py:199 [INFO] Valid: Epoch: [94][50/79]	Step 66880	Loss 1.2661	Prec@(1,5) (71.1%, 92.0%)
08/06 06:57:27午前 evaluateCell_trainer.py:199 [INFO] Valid: Epoch: [94][78/79]	Step 66880	Loss 1.2427	Prec@(1,5) (71.3%, 92.1%)
08/06 06:57:27午前 evaluateCell_trainer.py:206 [INFO] Valid: [ 94/99] Final Prec@1 71.3600%
08/06 06:57:28午前 evaluateCell_main.py:75 [INFO] Until now, best Prec@1 = 71.9000%
08/06 06:58:57午前 evaluateCell_trainer.py:199 [INFO] Valid: Epoch: [95][50/79]	Step 67584	Loss 1.2690	Prec@(1,5) (71.2%, 92.5%)
08/06 06:58:58午前 evaluateCell_trainer.py:199 [INFO] Valid: Epoch: [95][78/79]	Step 67584	Loss 1.2610	Prec@(1,5) (71.7%, 92.4%)
08/06 06:58:58午前 evaluateCell_trainer.py:206 [INFO] Valid: [ 95/99] Final Prec@1 71.6800%
08/06 06:58:58午前 evaluateCell_main.py:75 [INFO] Until now, best Prec@1 = 71.9000%
08/06 07:00:29午前 evaluateCell_trainer.py:199 [INFO] Valid: Epoch: [96][50/79]	Step 68288	Loss 1.2781	Prec@(1,5) (71.1%, 91.5%)
08/06 07:00:30午前 evaluateCell_trainer.py:199 [INFO] Valid: Epoch: [96][78/79]	Step 68288	Loss 1.2552	Prec@(1,5) (71.6%, 91.8%)
08/06 07:00:30午前 evaluateCell_trainer.py:206 [INFO] Valid: [ 96/99] Final Prec@1 71.6800%
08/06 07:00:30午前 evaluateCell_main.py:75 [INFO] Until now, best Prec@1 = 71.9000%
08/06 07:02:02午前 evaluateCell_trainer.py:199 [INFO] Valid: Epoch: [97][50/79]	Step 68992	Loss 1.2171	Prec@(1,5) (71.9%, 93.1%)
08/06 07:02:02午前 evaluateCell_trainer.py:199 [INFO] Valid: Epoch: [97][78/79]	Step 68992	Loss 1.2515	Prec@(1,5) (71.8%, 92.4%)
08/06 07:02:02午前 evaluateCell_trainer.py:206 [INFO] Valid: [ 97/99] Final Prec@1 71.7200%
08/06 07:02:03午前 evaluateCell_main.py:75 [INFO] Until now, best Prec@1 = 71.9000%
08/06 07:03:33午前 evaluateCell_trainer.py:199 [INFO] Valid: Epoch: [98][50/79]	Step 69696	Loss 1.2397	Prec@(1,5) (72.1%, 92.4%)
08/06 07:03:34午前 evaluateCell_trainer.py:199 [INFO] Valid: Epoch: [98][78/79]	Step 69696	Loss 1.2379	Prec@(1,5) (72.0%, 92.4%)
08/06 07:03:34午前 evaluateCell_trainer.py:206 [INFO] Valid: [ 98/99] Final Prec@1 71.9600%
08/06 07:03:34午前 evaluateCell_main.py:75 [INFO] Until now, best Prec@1 = 71.9600%
08/06 07:05:05午前 evaluateCell_trainer.py:199 [INFO] Valid: Epoch: [99][50/79]	Step 70400	Loss 1.2642	Prec@(1,5) (71.7%, 92.3%)
08/06 07:05:06午前 evaluateCell_trainer.py:199 [INFO] Valid: Epoch: [99][78/79]	Step 70400	Loss 1.2408	Prec@(1,5) (71.8%, 92.5%)
08/06 07:05:06午前 evaluateCell_trainer.py:206 [INFO] Valid: [ 99/99] Final Prec@1 71.8400%
08/06 07:05:06午前 evaluateCell_main.py:75 [INFO] Until now, best Prec@1 = 71.9600%
08/06 07:05:06午前 evaluateCell_main.py:79 [INFO] Final best Prec@1 = 71.9600%
