07/16 09:08:28PM parser.py:28 [INFO] 
07/16 09:08:28PM parser.py:29 [INFO] Parameters:
07/16 09:08:28PM parser.py:31 [INFO] ADVANCED=False
07/16 09:08:28PM parser.py:31 [INFO] BATCH_SIZE=64
07/16 09:08:28PM parser.py:31 [INFO] CIFAR=True
07/16 09:08:28PM parser.py:31 [INFO] CUTOUT_LENGTH=16
07/16 09:08:28PM parser.py:31 [INFO] DATA_PATH=../data/
07/16 09:08:28PM parser.py:31 [INFO] DATASET=cifar100
07/16 09:08:28PM parser.py:31 [INFO] DESCRIPTION=train_from_scratch_not_resized_image_using_replace_stem_function
07/16 09:08:28PM parser.py:31 [INFO] EPOCHS=100
07/16 09:08:28PM parser.py:31 [INFO] EXP_NAME=scratch_replaceStem-20240716-210828
07/16 09:08:28PM parser.py:31 [INFO] GPUS=[0]
07/16 09:08:28PM parser.py:31 [INFO] LOGGER=<Logger H-DAS (INFO)>
07/16 09:08:28PM parser.py:31 [INFO] LR=0.1
07/16 09:08:28PM parser.py:31 [INFO] LR_MIN=0.001
07/16 09:08:28PM parser.py:31 [INFO] MODEL_NAME=densenet121
07/16 09:08:28PM parser.py:31 [INFO] MOMENTUM=0.9
07/16 09:08:28PM parser.py:31 [INFO] NAME=FINETUNE2
07/16 09:08:28PM parser.py:31 [INFO] PATH=results/teacher/cifar100/densenet121/FINETUNE2/scratch_replaceStem-20240716-210828
07/16 09:08:28PM parser.py:31 [INFO] PRETRAINED=False
07/16 09:08:28PM parser.py:31 [INFO] SAVE=scratch_replaceStem
07/16 09:08:28PM parser.py:31 [INFO] SEED=0
07/16 09:08:28PM parser.py:31 [INFO] TRAIN_PORTION=0.9
07/16 09:08:28PM parser.py:31 [INFO] WEIGHT_DECAY=0.0003
07/16 09:08:28PM parser.py:31 [INFO] WORKERS=4
07/16 09:08:28PM parser.py:32 [INFO] 
07/16 09:08:28PM layer_replace.py:40 [INFO] model stem layer is replaced from [Conv2d(3, 64, kernel_size=(7, 7), stride=(2, 2), padding=(3, 3), bias=False), BatchNorm2d(64, eps=1e-05, momentum=0.1, affine=True, track_running_stats=True), ReLU(inplace=True), MaxPool2d(kernel_size=3, stride=2, padding=1, dilation=1, ceil_mode=False)] to [Conv2d(3, 64, kernel_size=(3, 3), stride=(1, 1), padding=(1, 1), bias=False)]
07/16 09:08:50PM trainTeacher_main.py:212 [INFO] Train: [  0/99] Final Prec@1 8.6978%
07/16 09:08:50PM trainTeacher_main.py:240 [INFO] Valid: [  0/99] Final Prec@1 12.2000%
07/16 09:08:51午後 trainTeacher_main.py:182 [INFO] Until now, best Prec@1 = 12.2000%
07/16 09:09:09午後 trainTeacher_main.py:212 [INFO] Train: [  1/99] Final Prec@1 17.0956%
07/16 09:09:10午後 trainTeacher_main.py:240 [INFO] Valid: [  1/99] Final Prec@1 19.6400%
07/16 09:09:10午後 trainTeacher_main.py:182 [INFO] Until now, best Prec@1 = 19.6400%
07/16 09:09:28午後 trainTeacher_main.py:212 [INFO] Train: [  2/99] Final Prec@1 24.4244%
07/16 09:09:29午後 trainTeacher_main.py:240 [INFO] Valid: [  2/99] Final Prec@1 25.7200%
07/16 09:09:29午後 trainTeacher_main.py:182 [INFO] Until now, best Prec@1 = 25.7200%
07/16 09:09:48午後 trainTeacher_main.py:212 [INFO] Train: [  3/99] Final Prec@1 32.0311%
07/16 09:09:49午後 trainTeacher_main.py:240 [INFO] Valid: [  3/99] Final Prec@1 32.1600%
07/16 09:09:49午後 trainTeacher_main.py:182 [INFO] Until now, best Prec@1 = 32.1600%
07/16 09:10:07午後 trainTeacher_main.py:212 [INFO] Train: [  4/99] Final Prec@1 37.3533%
07/16 09:10:08午後 trainTeacher_main.py:240 [INFO] Valid: [  4/99] Final Prec@1 33.8400%
07/16 09:10:08午後 trainTeacher_main.py:182 [INFO] Until now, best Prec@1 = 33.8400%
07/16 09:10:27午後 trainTeacher_main.py:212 [INFO] Train: [  5/99] Final Prec@1 40.9133%
07/16 09:10:27午後 trainTeacher_main.py:240 [INFO] Valid: [  5/99] Final Prec@1 36.1600%
07/16 09:10:27午後 trainTeacher_main.py:182 [INFO] Until now, best Prec@1 = 36.1600%
07/16 09:10:46午後 trainTeacher_main.py:212 [INFO] Train: [  6/99] Final Prec@1 43.3111%
07/16 09:10:47午後 trainTeacher_main.py:240 [INFO] Valid: [  6/99] Final Prec@1 38.4800%
07/16 09:10:47午後 trainTeacher_main.py:182 [INFO] Until now, best Prec@1 = 38.4800%
07/16 09:11:05午後 trainTeacher_main.py:212 [INFO] Train: [  7/99] Final Prec@1 45.2511%
07/16 09:11:06午後 trainTeacher_main.py:240 [INFO] Valid: [  7/99] Final Prec@1 38.0800%
07/16 09:11:06午後 trainTeacher_main.py:182 [INFO] Until now, best Prec@1 = 38.4800%
07/16 09:11:25午後 trainTeacher_main.py:212 [INFO] Train: [  8/99] Final Prec@1 47.1289%
07/16 09:11:25午後 trainTeacher_main.py:240 [INFO] Valid: [  8/99] Final Prec@1 40.4800%
07/16 09:11:25午後 trainTeacher_main.py:182 [INFO] Until now, best Prec@1 = 40.4800%
07/16 09:11:44午後 trainTeacher_main.py:212 [INFO] Train: [  9/99] Final Prec@1 48.6911%
07/16 09:11:45午後 trainTeacher_main.py:240 [INFO] Valid: [  9/99] Final Prec@1 38.5800%
07/16 09:11:45午後 trainTeacher_main.py:182 [INFO] Until now, best Prec@1 = 40.4800%
07/16 09:12:03午後 trainTeacher_main.py:212 [INFO] Train: [ 10/99] Final Prec@1 50.1333%
07/16 09:12:04午後 trainTeacher_main.py:240 [INFO] Valid: [ 10/99] Final Prec@1 42.2400%
07/16 09:12:04午後 trainTeacher_main.py:182 [INFO] Until now, best Prec@1 = 42.2400%
07/16 09:12:23午後 trainTeacher_main.py:212 [INFO] Train: [ 11/99] Final Prec@1 51.1156%
07/16 09:12:23午後 trainTeacher_main.py:240 [INFO] Valid: [ 11/99] Final Prec@1 43.4000%
07/16 09:12:23午後 trainTeacher_main.py:182 [INFO] Until now, best Prec@1 = 43.4000%
07/16 09:12:42午後 trainTeacher_main.py:212 [INFO] Train: [ 12/99] Final Prec@1 52.4222%
07/16 09:12:43午後 trainTeacher_main.py:240 [INFO] Valid: [ 12/99] Final Prec@1 44.5600%
07/16 09:12:43午後 trainTeacher_main.py:182 [INFO] Until now, best Prec@1 = 44.5600%
07/16 09:13:01午後 trainTeacher_main.py:212 [INFO] Train: [ 13/99] Final Prec@1 52.7511%
07/16 09:13:02午後 trainTeacher_main.py:240 [INFO] Valid: [ 13/99] Final Prec@1 46.4400%
07/16 09:13:02午後 trainTeacher_main.py:182 [INFO] Until now, best Prec@1 = 46.4400%
07/16 09:13:21午後 trainTeacher_main.py:212 [INFO] Train: [ 14/99] Final Prec@1 53.9133%
07/16 09:13:21午後 trainTeacher_main.py:240 [INFO] Valid: [ 14/99] Final Prec@1 48.4200%
07/16 09:13:22午後 trainTeacher_main.py:182 [INFO] Until now, best Prec@1 = 48.4200%
07/16 09:13:40午後 trainTeacher_main.py:212 [INFO] Train: [ 15/99] Final Prec@1 54.5289%
07/16 09:13:41午後 trainTeacher_main.py:240 [INFO] Valid: [ 15/99] Final Prec@1 47.0000%
07/16 09:13:41午後 trainTeacher_main.py:182 [INFO] Until now, best Prec@1 = 48.4200%
07/16 09:13:59午後 trainTeacher_main.py:212 [INFO] Train: [ 16/99] Final Prec@1 55.2022%
07/16 09:14:00午後 trainTeacher_main.py:240 [INFO] Valid: [ 16/99] Final Prec@1 48.4000%
07/16 09:14:00午後 trainTeacher_main.py:182 [INFO] Until now, best Prec@1 = 48.4200%
07/16 09:14:19午後 trainTeacher_main.py:212 [INFO] Train: [ 17/99] Final Prec@1 55.7000%
07/16 09:14:19午後 trainTeacher_main.py:240 [INFO] Valid: [ 17/99] Final Prec@1 48.7400%
07/16 09:14:20午後 trainTeacher_main.py:182 [INFO] Until now, best Prec@1 = 48.7400%
07/16 09:14:38午後 trainTeacher_main.py:212 [INFO] Train: [ 18/99] Final Prec@1 56.2978%
07/16 09:14:39午後 trainTeacher_main.py:240 [INFO] Valid: [ 18/99] Final Prec@1 44.8000%
07/16 09:14:39午後 trainTeacher_main.py:182 [INFO] Until now, best Prec@1 = 48.7400%
07/16 09:14:57午後 trainTeacher_main.py:212 [INFO] Train: [ 19/99] Final Prec@1 56.9156%
07/16 09:14:58午後 trainTeacher_main.py:240 [INFO] Valid: [ 19/99] Final Prec@1 49.2200%
07/16 09:14:58午後 trainTeacher_main.py:182 [INFO] Until now, best Prec@1 = 49.2200%
07/16 09:15:17午後 trainTeacher_main.py:212 [INFO] Train: [ 20/99] Final Prec@1 57.3244%
07/16 09:15:17午後 trainTeacher_main.py:240 [INFO] Valid: [ 20/99] Final Prec@1 50.8800%
07/16 09:15:18午後 trainTeacher_main.py:182 [INFO] Until now, best Prec@1 = 50.8800%
07/16 09:15:36午後 trainTeacher_main.py:212 [INFO] Train: [ 21/99] Final Prec@1 57.8978%
07/16 09:15:37午後 trainTeacher_main.py:240 [INFO] Valid: [ 21/99] Final Prec@1 49.5200%
07/16 09:15:37午後 trainTeacher_main.py:182 [INFO] Until now, best Prec@1 = 50.8800%
07/16 09:15:55午後 trainTeacher_main.py:212 [INFO] Train: [ 22/99] Final Prec@1 58.2000%
07/16 09:15:56午後 trainTeacher_main.py:240 [INFO] Valid: [ 22/99] Final Prec@1 50.2600%
07/16 09:15:56午後 trainTeacher_main.py:182 [INFO] Until now, best Prec@1 = 50.8800%
07/16 09:16:15午後 trainTeacher_main.py:212 [INFO] Train: [ 23/99] Final Prec@1 58.6889%
07/16 09:16:15午後 trainTeacher_main.py:240 [INFO] Valid: [ 23/99] Final Prec@1 46.8200%
07/16 09:16:15午後 trainTeacher_main.py:182 [INFO] Until now, best Prec@1 = 50.8800%
07/16 09:16:34午後 trainTeacher_main.py:212 [INFO] Train: [ 24/99] Final Prec@1 58.8533%
07/16 09:16:35午後 trainTeacher_main.py:240 [INFO] Valid: [ 24/99] Final Prec@1 51.5400%
07/16 09:16:35午後 trainTeacher_main.py:182 [INFO] Until now, best Prec@1 = 51.5400%
07/16 09:16:53午後 trainTeacher_main.py:212 [INFO] Train: [ 25/99] Final Prec@1 59.5244%
07/16 09:16:54午後 trainTeacher_main.py:240 [INFO] Valid: [ 25/99] Final Prec@1 52.3000%
07/16 09:16:54午後 trainTeacher_main.py:182 [INFO] Until now, best Prec@1 = 52.3000%
07/16 09:17:13午後 trainTeacher_main.py:212 [INFO] Train: [ 26/99] Final Prec@1 59.7267%
07/16 09:17:13午後 trainTeacher_main.py:240 [INFO] Valid: [ 26/99] Final Prec@1 45.4600%
07/16 09:17:13午後 trainTeacher_main.py:182 [INFO] Until now, best Prec@1 = 52.3000%
07/16 09:17:32午後 trainTeacher_main.py:212 [INFO] Train: [ 27/99] Final Prec@1 60.0822%
07/16 09:17:34午後 trainTeacher_main.py:240 [INFO] Valid: [ 27/99] Final Prec@1 50.5600%
07/16 09:17:34午後 trainTeacher_main.py:182 [INFO] Until now, best Prec@1 = 52.3000%
07/16 09:18:07午後 trainTeacher_main.py:212 [INFO] Train: [ 28/99] Final Prec@1 60.8489%
07/16 09:18:09午後 trainTeacher_main.py:240 [INFO] Valid: [ 28/99] Final Prec@1 50.1800%
07/16 09:18:09午後 trainTeacher_main.py:182 [INFO] Until now, best Prec@1 = 52.3000%
07/16 09:18:45午後 trainTeacher_main.py:212 [INFO] Train: [ 29/99] Final Prec@1 60.7422%
07/16 09:18:46午後 trainTeacher_main.py:240 [INFO] Valid: [ 29/99] Final Prec@1 49.3000%
07/16 09:18:46午後 trainTeacher_main.py:182 [INFO] Until now, best Prec@1 = 52.3000%
07/16 09:19:22午後 trainTeacher_main.py:212 [INFO] Train: [ 30/99] Final Prec@1 61.1578%
07/16 09:19:23午後 trainTeacher_main.py:240 [INFO] Valid: [ 30/99] Final Prec@1 54.1600%
07/16 09:19:23午後 trainTeacher_main.py:182 [INFO] Until now, best Prec@1 = 54.1600%
07/16 09:19:51午後 trainTeacher_main.py:212 [INFO] Train: [ 31/99] Final Prec@1 61.3956%
07/16 09:19:52午後 trainTeacher_main.py:240 [INFO] Valid: [ 31/99] Final Prec@1 52.0200%
07/16 09:19:52午後 trainTeacher_main.py:182 [INFO] Until now, best Prec@1 = 54.1600%
07/16 09:20:10午後 trainTeacher_main.py:212 [INFO] Train: [ 32/99] Final Prec@1 61.7467%
07/16 09:20:11午後 trainTeacher_main.py:240 [INFO] Valid: [ 32/99] Final Prec@1 54.0400%
07/16 09:20:11午後 trainTeacher_main.py:182 [INFO] Until now, best Prec@1 = 54.1600%
07/16 09:20:30午後 trainTeacher_main.py:212 [INFO] Train: [ 33/99] Final Prec@1 62.1733%
07/16 09:20:30午後 trainTeacher_main.py:240 [INFO] Valid: [ 33/99] Final Prec@1 50.9600%
07/16 09:20:30午後 trainTeacher_main.py:182 [INFO] Until now, best Prec@1 = 54.1600%
07/16 09:20:49午後 trainTeacher_main.py:212 [INFO] Train: [ 34/99] Final Prec@1 62.4711%
07/16 09:20:50午後 trainTeacher_main.py:240 [INFO] Valid: [ 34/99] Final Prec@1 56.6600%
07/16 09:20:50午後 trainTeacher_main.py:182 [INFO] Until now, best Prec@1 = 56.6600%
07/16 09:21:08午後 trainTeacher_main.py:212 [INFO] Train: [ 35/99] Final Prec@1 63.0511%
07/16 09:21:09午後 trainTeacher_main.py:240 [INFO] Valid: [ 35/99] Final Prec@1 55.2000%
07/16 09:21:09午後 trainTeacher_main.py:182 [INFO] Until now, best Prec@1 = 56.6600%
07/16 09:21:28午後 trainTeacher_main.py:212 [INFO] Train: [ 36/99] Final Prec@1 63.4333%
07/16 09:21:28午後 trainTeacher_main.py:240 [INFO] Valid: [ 36/99] Final Prec@1 59.1200%
07/16 09:21:29午後 trainTeacher_main.py:182 [INFO] Until now, best Prec@1 = 59.1200%
07/16 09:21:47午後 trainTeacher_main.py:212 [INFO] Train: [ 37/99] Final Prec@1 63.8556%
07/16 09:21:48午後 trainTeacher_main.py:240 [INFO] Valid: [ 37/99] Final Prec@1 56.9000%
07/16 09:21:48午後 trainTeacher_main.py:182 [INFO] Until now, best Prec@1 = 59.1200%
07/16 09:22:07午後 trainTeacher_main.py:212 [INFO] Train: [ 38/99] Final Prec@1 64.1556%
07/16 09:22:07午後 trainTeacher_main.py:240 [INFO] Valid: [ 38/99] Final Prec@1 55.1200%
07/16 09:22:07午後 trainTeacher_main.py:182 [INFO] Until now, best Prec@1 = 59.1200%
07/16 09:22:26午後 trainTeacher_main.py:212 [INFO] Train: [ 39/99] Final Prec@1 64.4867%
07/16 09:22:27午後 trainTeacher_main.py:240 [INFO] Valid: [ 39/99] Final Prec@1 55.7200%
07/16 09:22:27午後 trainTeacher_main.py:182 [INFO] Until now, best Prec@1 = 59.1200%
07/16 09:22:45午後 trainTeacher_main.py:212 [INFO] Train: [ 40/99] Final Prec@1 64.5956%
07/16 09:22:46午後 trainTeacher_main.py:240 [INFO] Valid: [ 40/99] Final Prec@1 57.0000%
07/16 09:22:46午後 trainTeacher_main.py:182 [INFO] Until now, best Prec@1 = 59.1200%
07/16 09:23:04午後 trainTeacher_main.py:212 [INFO] Train: [ 41/99] Final Prec@1 65.1800%
07/16 09:23:05午後 trainTeacher_main.py:240 [INFO] Valid: [ 41/99] Final Prec@1 58.5200%
07/16 09:23:05午後 trainTeacher_main.py:182 [INFO] Until now, best Prec@1 = 59.1200%
07/16 09:23:24午後 trainTeacher_main.py:212 [INFO] Train: [ 42/99] Final Prec@1 65.4244%
07/16 09:23:24午後 trainTeacher_main.py:240 [INFO] Valid: [ 42/99] Final Prec@1 57.3800%
07/16 09:23:24午後 trainTeacher_main.py:182 [INFO] Until now, best Prec@1 = 59.1200%
07/16 09:23:43午後 trainTeacher_main.py:212 [INFO] Train: [ 43/99] Final Prec@1 65.9422%
07/16 09:23:44午後 trainTeacher_main.py:240 [INFO] Valid: [ 43/99] Final Prec@1 55.8000%
07/16 09:23:44午後 trainTeacher_main.py:182 [INFO] Until now, best Prec@1 = 59.1200%
07/16 09:24:02午後 trainTeacher_main.py:212 [INFO] Train: [ 44/99] Final Prec@1 66.4756%
07/16 09:24:03午後 trainTeacher_main.py:240 [INFO] Valid: [ 44/99] Final Prec@1 59.4600%
07/16 09:24:03午後 trainTeacher_main.py:182 [INFO] Until now, best Prec@1 = 59.4600%
07/16 09:24:22午後 trainTeacher_main.py:212 [INFO] Train: [ 45/99] Final Prec@1 66.9844%
07/16 09:24:22午後 trainTeacher_main.py:240 [INFO] Valid: [ 45/99] Final Prec@1 58.5200%
07/16 09:24:22午後 trainTeacher_main.py:182 [INFO] Until now, best Prec@1 = 59.4600%
07/16 09:24:41午後 trainTeacher_main.py:212 [INFO] Train: [ 46/99] Final Prec@1 67.1733%
07/16 09:24:42午後 trainTeacher_main.py:240 [INFO] Valid: [ 46/99] Final Prec@1 57.2000%
07/16 09:24:42午後 trainTeacher_main.py:182 [INFO] Until now, best Prec@1 = 59.4600%
07/16 09:25:00午後 trainTeacher_main.py:212 [INFO] Train: [ 47/99] Final Prec@1 67.5600%
07/16 09:25:01午後 trainTeacher_main.py:240 [INFO] Valid: [ 47/99] Final Prec@1 58.2400%
07/16 09:25:01午後 trainTeacher_main.py:182 [INFO] Until now, best Prec@1 = 59.4600%
07/16 09:25:20午後 trainTeacher_main.py:212 [INFO] Train: [ 48/99] Final Prec@1 68.0889%
07/16 09:25:20午後 trainTeacher_main.py:240 [INFO] Valid: [ 48/99] Final Prec@1 58.7600%
07/16 09:25:20午後 trainTeacher_main.py:182 [INFO] Until now, best Prec@1 = 59.4600%
07/16 09:25:39午後 trainTeacher_main.py:212 [INFO] Train: [ 49/99] Final Prec@1 68.2178%
07/16 09:25:39午後 trainTeacher_main.py:240 [INFO] Valid: [ 49/99] Final Prec@1 59.3800%
07/16 09:25:40午後 trainTeacher_main.py:182 [INFO] Until now, best Prec@1 = 59.4600%
07/16 09:25:58午後 trainTeacher_main.py:212 [INFO] Train: [ 50/99] Final Prec@1 69.1044%
07/16 09:25:59午後 trainTeacher_main.py:240 [INFO] Valid: [ 50/99] Final Prec@1 60.4400%
07/16 09:25:59午後 trainTeacher_main.py:182 [INFO] Until now, best Prec@1 = 60.4400%
07/16 09:26:17午後 trainTeacher_main.py:212 [INFO] Train: [ 51/99] Final Prec@1 69.3378%
07/16 09:26:18午後 trainTeacher_main.py:240 [INFO] Valid: [ 51/99] Final Prec@1 60.2600%
07/16 09:26:18午後 trainTeacher_main.py:182 [INFO] Until now, best Prec@1 = 60.4400%
07/16 09:26:37午後 trainTeacher_main.py:212 [INFO] Train: [ 52/99] Final Prec@1 69.4467%
07/16 09:26:37午後 trainTeacher_main.py:240 [INFO] Valid: [ 52/99] Final Prec@1 61.2800%
07/16 09:26:38午後 trainTeacher_main.py:182 [INFO] Until now, best Prec@1 = 61.2800%
07/16 09:26:56午後 trainTeacher_main.py:212 [INFO] Train: [ 53/99] Final Prec@1 70.3089%
07/16 09:26:57午後 trainTeacher_main.py:240 [INFO] Valid: [ 53/99] Final Prec@1 60.7800%
07/16 09:26:57午後 trainTeacher_main.py:182 [INFO] Until now, best Prec@1 = 61.2800%
07/16 09:27:15午後 trainTeacher_main.py:212 [INFO] Train: [ 54/99] Final Prec@1 70.8800%
07/16 09:27:16午後 trainTeacher_main.py:240 [INFO] Valid: [ 54/99] Final Prec@1 61.7600%
07/16 09:27:16午後 trainTeacher_main.py:182 [INFO] Until now, best Prec@1 = 61.7600%
07/16 09:27:35午後 trainTeacher_main.py:212 [INFO] Train: [ 55/99] Final Prec@1 71.4022%
07/16 09:27:35午後 trainTeacher_main.py:240 [INFO] Valid: [ 55/99] Final Prec@1 62.3200%
07/16 09:27:36午後 trainTeacher_main.py:182 [INFO] Until now, best Prec@1 = 62.3200%
07/16 09:27:54午後 trainTeacher_main.py:212 [INFO] Train: [ 56/99] Final Prec@1 71.8644%
07/16 09:27:55午後 trainTeacher_main.py:240 [INFO] Valid: [ 56/99] Final Prec@1 62.5400%
07/16 09:27:55午後 trainTeacher_main.py:182 [INFO] Until now, best Prec@1 = 62.5400%
07/16 09:28:14午後 trainTeacher_main.py:212 [INFO] Train: [ 57/99] Final Prec@1 72.5156%
07/16 09:28:14午後 trainTeacher_main.py:240 [INFO] Valid: [ 57/99] Final Prec@1 61.1400%
07/16 09:28:14午後 trainTeacher_main.py:182 [INFO] Until now, best Prec@1 = 62.5400%
07/16 09:28:33午後 trainTeacher_main.py:212 [INFO] Train: [ 58/99] Final Prec@1 72.9689%
07/16 09:28:34午後 trainTeacher_main.py:240 [INFO] Valid: [ 58/99] Final Prec@1 65.0200%
07/16 09:28:34午後 trainTeacher_main.py:182 [INFO] Until now, best Prec@1 = 65.0200%
07/16 09:28:52午後 trainTeacher_main.py:212 [INFO] Train: [ 59/99] Final Prec@1 73.4111%
07/16 09:28:53午後 trainTeacher_main.py:240 [INFO] Valid: [ 59/99] Final Prec@1 64.7200%
07/16 09:28:53午後 trainTeacher_main.py:182 [INFO] Until now, best Prec@1 = 65.0200%
07/16 09:29:12午後 trainTeacher_main.py:212 [INFO] Train: [ 60/99] Final Prec@1 74.0622%
07/16 09:29:12午後 trainTeacher_main.py:240 [INFO] Valid: [ 60/99] Final Prec@1 61.7200%
07/16 09:29:12午後 trainTeacher_main.py:182 [INFO] Until now, best Prec@1 = 65.0200%
07/16 09:29:31午後 trainTeacher_main.py:212 [INFO] Train: [ 61/99] Final Prec@1 74.8778%
07/16 09:29:32午後 trainTeacher_main.py:240 [INFO] Valid: [ 61/99] Final Prec@1 62.9400%
07/16 09:29:32午後 trainTeacher_main.py:182 [INFO] Until now, best Prec@1 = 65.0200%
07/16 09:29:50午後 trainTeacher_main.py:212 [INFO] Train: [ 62/99] Final Prec@1 75.4133%
07/16 09:29:51午後 trainTeacher_main.py:240 [INFO] Valid: [ 62/99] Final Prec@1 64.5200%
07/16 09:29:51午後 trainTeacher_main.py:182 [INFO] Until now, best Prec@1 = 65.0200%
07/16 09:30:10午後 trainTeacher_main.py:212 [INFO] Train: [ 63/99] Final Prec@1 75.7244%
07/16 09:30:10午後 trainTeacher_main.py:240 [INFO] Valid: [ 63/99] Final Prec@1 65.3400%
07/16 09:30:10午後 trainTeacher_main.py:182 [INFO] Until now, best Prec@1 = 65.3400%
07/16 09:30:29午後 trainTeacher_main.py:212 [INFO] Train: [ 64/99] Final Prec@1 76.8356%
07/16 09:30:30午後 trainTeacher_main.py:240 [INFO] Valid: [ 64/99] Final Prec@1 65.1000%
07/16 09:30:30午後 trainTeacher_main.py:182 [INFO] Until now, best Prec@1 = 65.3400%
07/16 09:30:48午後 trainTeacher_main.py:212 [INFO] Train: [ 65/99] Final Prec@1 77.2622%
07/16 09:30:49午後 trainTeacher_main.py:240 [INFO] Valid: [ 65/99] Final Prec@1 63.6000%
07/16 09:30:49午後 trainTeacher_main.py:182 [INFO] Until now, best Prec@1 = 65.3400%
07/16 09:31:08午後 trainTeacher_main.py:212 [INFO] Train: [ 66/99] Final Prec@1 78.3644%
07/16 09:31:08午後 trainTeacher_main.py:240 [INFO] Valid: [ 66/99] Final Prec@1 65.0000%
07/16 09:31:08午後 trainTeacher_main.py:182 [INFO] Until now, best Prec@1 = 65.3400%
07/16 09:31:27午後 trainTeacher_main.py:212 [INFO] Train: [ 67/99] Final Prec@1 78.7511%
07/16 09:31:28午後 trainTeacher_main.py:240 [INFO] Valid: [ 67/99] Final Prec@1 65.5200%
07/16 09:31:28午後 trainTeacher_main.py:182 [INFO] Until now, best Prec@1 = 65.5200%
07/16 09:31:46午後 trainTeacher_main.py:212 [INFO] Train: [ 68/99] Final Prec@1 79.3422%
07/16 09:31:47午後 trainTeacher_main.py:240 [INFO] Valid: [ 68/99] Final Prec@1 66.0400%
07/16 09:31:47午後 trainTeacher_main.py:182 [INFO] Until now, best Prec@1 = 66.0400%
07/16 09:32:06午後 trainTeacher_main.py:212 [INFO] Train: [ 69/99] Final Prec@1 80.1800%
07/16 09:32:06午後 trainTeacher_main.py:240 [INFO] Valid: [ 69/99] Final Prec@1 66.8800%
07/16 09:32:07午後 trainTeacher_main.py:182 [INFO] Until now, best Prec@1 = 66.8800%
07/16 09:32:25午後 trainTeacher_main.py:212 [INFO] Train: [ 70/99] Final Prec@1 80.9111%
07/16 09:32:26午後 trainTeacher_main.py:240 [INFO] Valid: [ 70/99] Final Prec@1 66.7200%
07/16 09:32:26午後 trainTeacher_main.py:182 [INFO] Until now, best Prec@1 = 66.8800%
07/16 09:32:44午後 trainTeacher_main.py:212 [INFO] Train: [ 71/99] Final Prec@1 81.4133%
07/16 09:32:45午後 trainTeacher_main.py:240 [INFO] Valid: [ 71/99] Final Prec@1 65.6200%
07/16 09:32:45午後 trainTeacher_main.py:182 [INFO] Until now, best Prec@1 = 66.8800%
07/16 09:33:04午後 trainTeacher_main.py:212 [INFO] Train: [ 72/99] Final Prec@1 82.4756%
07/16 09:33:04午後 trainTeacher_main.py:240 [INFO] Valid: [ 72/99] Final Prec@1 66.8600%
07/16 09:33:04午後 trainTeacher_main.py:182 [INFO] Until now, best Prec@1 = 66.8800%
07/16 09:33:23午後 trainTeacher_main.py:212 [INFO] Train: [ 73/99] Final Prec@1 83.3067%
07/16 09:33:24午後 trainTeacher_main.py:240 [INFO] Valid: [ 73/99] Final Prec@1 68.6800%
07/16 09:33:24午後 trainTeacher_main.py:182 [INFO] Until now, best Prec@1 = 68.6800%
07/16 09:33:42午後 trainTeacher_main.py:212 [INFO] Train: [ 74/99] Final Prec@1 84.2156%
07/16 09:33:43午後 trainTeacher_main.py:240 [INFO] Valid: [ 74/99] Final Prec@1 68.4600%
07/16 09:33:43午後 trainTeacher_main.py:182 [INFO] Until now, best Prec@1 = 68.6800%
07/16 09:34:02午後 trainTeacher_main.py:212 [INFO] Train: [ 75/99] Final Prec@1 85.0400%
07/16 09:34:02午後 trainTeacher_main.py:240 [INFO] Valid: [ 75/99] Final Prec@1 68.7200%
07/16 09:34:02午後 trainTeacher_main.py:182 [INFO] Until now, best Prec@1 = 68.7200%
07/16 09:34:21午後 trainTeacher_main.py:212 [INFO] Train: [ 76/99] Final Prec@1 85.4533%
07/16 09:34:22午後 trainTeacher_main.py:240 [INFO] Valid: [ 76/99] Final Prec@1 69.1800%
07/16 09:34:22午後 trainTeacher_main.py:182 [INFO] Until now, best Prec@1 = 69.1800%
07/16 09:34:40午後 trainTeacher_main.py:212 [INFO] Train: [ 77/99] Final Prec@1 86.7778%
07/16 09:34:41午後 trainTeacher_main.py:240 [INFO] Valid: [ 77/99] Final Prec@1 70.0000%
07/16 09:34:41午後 trainTeacher_main.py:182 [INFO] Until now, best Prec@1 = 70.0000%
07/16 09:35:00午後 trainTeacher_main.py:212 [INFO] Train: [ 78/99] Final Prec@1 87.8067%
07/16 09:35:01午後 trainTeacher_main.py:240 [INFO] Valid: [ 78/99] Final Prec@1 70.2400%
07/16 09:35:01午後 trainTeacher_main.py:182 [INFO] Until now, best Prec@1 = 70.2400%
07/16 09:35:19午後 trainTeacher_main.py:212 [INFO] Train: [ 79/99] Final Prec@1 88.5000%
07/16 09:35:20午後 trainTeacher_main.py:240 [INFO] Valid: [ 79/99] Final Prec@1 70.1600%
07/16 09:35:20午後 trainTeacher_main.py:182 [INFO] Until now, best Prec@1 = 70.2400%
07/16 09:35:39午後 trainTeacher_main.py:212 [INFO] Train: [ 80/99] Final Prec@1 89.7533%
07/16 09:35:40午後 trainTeacher_main.py:240 [INFO] Valid: [ 80/99] Final Prec@1 70.9200%
07/16 09:35:40午後 trainTeacher_main.py:182 [INFO] Until now, best Prec@1 = 70.9200%
07/16 09:35:58午後 trainTeacher_main.py:212 [INFO] Train: [ 81/99] Final Prec@1 90.1022%
07/16 09:35:59午後 trainTeacher_main.py:240 [INFO] Valid: [ 81/99] Final Prec@1 71.4800%
07/16 09:35:59午後 trainTeacher_main.py:182 [INFO] Until now, best Prec@1 = 71.4800%
07/16 09:36:18午後 trainTeacher_main.py:212 [INFO] Train: [ 82/99] Final Prec@1 90.9956%
07/16 09:36:18午後 trainTeacher_main.py:240 [INFO] Valid: [ 82/99] Final Prec@1 71.0600%
07/16 09:36:18午後 trainTeacher_main.py:182 [INFO] Until now, best Prec@1 = 71.4800%
07/16 09:36:37午後 trainTeacher_main.py:212 [INFO] Train: [ 83/99] Final Prec@1 92.0111%
07/16 09:36:38午後 trainTeacher_main.py:240 [INFO] Valid: [ 83/99] Final Prec@1 72.1600%
07/16 09:36:38午後 trainTeacher_main.py:182 [INFO] Until now, best Prec@1 = 72.1600%
07/16 09:36:56午後 trainTeacher_main.py:212 [INFO] Train: [ 84/99] Final Prec@1 92.7178%
07/16 09:36:57午後 trainTeacher_main.py:240 [INFO] Valid: [ 84/99] Final Prec@1 72.5400%
07/16 09:36:57午後 trainTeacher_main.py:182 [INFO] Until now, best Prec@1 = 72.5400%
07/16 09:37:16午後 trainTeacher_main.py:212 [INFO] Train: [ 85/99] Final Prec@1 93.2822%
07/16 09:37:16午後 trainTeacher_main.py:240 [INFO] Valid: [ 85/99] Final Prec@1 72.5000%
07/16 09:37:16午後 trainTeacher_main.py:182 [INFO] Until now, best Prec@1 = 72.5400%
07/16 09:37:35午後 trainTeacher_main.py:212 [INFO] Train: [ 86/99] Final Prec@1 93.9644%
07/16 09:37:36午後 trainTeacher_main.py:240 [INFO] Valid: [ 86/99] Final Prec@1 72.7000%
07/16 09:37:36午後 trainTeacher_main.py:182 [INFO] Until now, best Prec@1 = 72.7000%
07/16 09:37:54午後 trainTeacher_main.py:212 [INFO] Train: [ 87/99] Final Prec@1 94.3467%
07/16 09:37:55午後 trainTeacher_main.py:240 [INFO] Valid: [ 87/99] Final Prec@1 72.8800%
07/16 09:37:55午後 trainTeacher_main.py:182 [INFO] Until now, best Prec@1 = 72.8800%
07/16 09:38:14午後 trainTeacher_main.py:212 [INFO] Train: [ 88/99] Final Prec@1 95.0356%
07/16 09:38:14午後 trainTeacher_main.py:240 [INFO] Valid: [ 88/99] Final Prec@1 73.0800%
07/16 09:38:15午後 trainTeacher_main.py:182 [INFO] Until now, best Prec@1 = 73.0800%
07/16 09:38:33午後 trainTeacher_main.py:212 [INFO] Train: [ 89/99] Final Prec@1 95.3022%
07/16 09:38:34午後 trainTeacher_main.py:240 [INFO] Valid: [ 89/99] Final Prec@1 73.7800%
07/16 09:38:34午後 trainTeacher_main.py:182 [INFO] Until now, best Prec@1 = 73.7800%
07/16 09:38:53午後 trainTeacher_main.py:212 [INFO] Train: [ 90/99] Final Prec@1 95.7467%
07/16 09:38:53午後 trainTeacher_main.py:240 [INFO] Valid: [ 90/99] Final Prec@1 73.3800%
07/16 09:38:53午後 trainTeacher_main.py:182 [INFO] Until now, best Prec@1 = 73.7800%
07/16 09:39:12午後 trainTeacher_main.py:212 [INFO] Train: [ 91/99] Final Prec@1 96.1444%
07/16 09:39:13午後 trainTeacher_main.py:240 [INFO] Valid: [ 91/99] Final Prec@1 74.4000%
07/16 09:39:13午後 trainTeacher_main.py:182 [INFO] Until now, best Prec@1 = 74.4000%
07/16 09:39:31午後 trainTeacher_main.py:212 [INFO] Train: [ 92/99] Final Prec@1 96.5733%
07/16 09:39:32午後 trainTeacher_main.py:240 [INFO] Valid: [ 92/99] Final Prec@1 73.8600%
07/16 09:39:32午後 trainTeacher_main.py:182 [INFO] Until now, best Prec@1 = 74.4000%
07/16 09:39:51午後 trainTeacher_main.py:212 [INFO] Train: [ 93/99] Final Prec@1 96.7556%
07/16 09:39:51午後 trainTeacher_main.py:240 [INFO] Valid: [ 93/99] Final Prec@1 74.8800%
07/16 09:39:52午後 trainTeacher_main.py:182 [INFO] Until now, best Prec@1 = 74.8800%
07/16 09:40:10午後 trainTeacher_main.py:212 [INFO] Train: [ 94/99] Final Prec@1 96.9089%
07/16 09:40:11午後 trainTeacher_main.py:240 [INFO] Valid: [ 94/99] Final Prec@1 74.4600%
07/16 09:40:11午後 trainTeacher_main.py:182 [INFO] Until now, best Prec@1 = 74.8800%
07/16 09:40:29午後 trainTeacher_main.py:212 [INFO] Train: [ 95/99] Final Prec@1 97.1111%
07/16 09:40:30午後 trainTeacher_main.py:240 [INFO] Valid: [ 95/99] Final Prec@1 74.0400%
07/16 09:40:30午後 trainTeacher_main.py:182 [INFO] Until now, best Prec@1 = 74.8800%
07/16 09:40:49午後 trainTeacher_main.py:212 [INFO] Train: [ 96/99] Final Prec@1 97.1311%
07/16 09:40:49午後 trainTeacher_main.py:240 [INFO] Valid: [ 96/99] Final Prec@1 74.1000%
07/16 09:40:50午後 trainTeacher_main.py:182 [INFO] Until now, best Prec@1 = 74.8800%
07/16 09:41:08午後 trainTeacher_main.py:212 [INFO] Train: [ 97/99] Final Prec@1 97.4489%
07/16 09:41:09午後 trainTeacher_main.py:240 [INFO] Valid: [ 97/99] Final Prec@1 75.1200%
07/16 09:41:09午後 trainTeacher_main.py:182 [INFO] Until now, best Prec@1 = 75.1200%
07/16 09:41:28午後 trainTeacher_main.py:212 [INFO] Train: [ 98/99] Final Prec@1 97.5067%
07/16 09:41:28午後 trainTeacher_main.py:240 [INFO] Valid: [ 98/99] Final Prec@1 74.3200%
07/16 09:41:28午後 trainTeacher_main.py:182 [INFO] Until now, best Prec@1 = 75.1200%
07/16 09:41:47午後 trainTeacher_main.py:212 [INFO] Train: [ 99/99] Final Prec@1 97.6311%
07/16 09:41:47午後 trainTeacher_main.py:240 [INFO] Valid: [ 99/99] Final Prec@1 74.2000%
07/16 09:41:48午後 trainTeacher_main.py:182 [INFO] Until now, best Prec@1 = 75.1200%
07/16 09:41:48午後 trainTeacher_main.py:184 [INFO] Final best Prec@1 = 75.1200%
