07/11 09:26:49PM parser.py:28 [INFO] 
07/11 09:26:49PM parser.py:29 [INFO] Parameters:
07/11 09:26:49PM parser.py:31 [INFO] BATCH_SIZE=64
07/11 09:26:49PM parser.py:31 [INFO] CUTOUT_LENGTH=16
07/11 09:26:49PM parser.py:31 [INFO] DATA_PATH=../data/
07/11 09:26:49PM parser.py:31 [INFO] DATASET=cifar100
07/11 09:26:49PM parser.py:31 [INFO] EPOCHS=100
07/11 09:26:49PM parser.py:31 [INFO] EXP_NAME=official-20240711-212649
07/11 09:26:49PM parser.py:31 [INFO] GPUS=[0]
07/11 09:26:49PM parser.py:31 [INFO] LOGGER=<Logger H-DAS (INFO)>
07/11 09:26:49PM parser.py:31 [INFO] LR=0.1
07/11 09:26:49PM parser.py:31 [INFO] LR_MIN=0.001
07/11 09:26:49PM parser.py:31 [INFO] MODEL_NAME=densenet121
07/11 09:26:49PM parser.py:31 [INFO] MOMENTUM=0.9
07/11 09:26:49PM parser.py:31 [INFO] NAME=FINETUNE2
07/11 09:26:49PM parser.py:31 [INFO] PATH=results/teacher/cifar100/densenet121/FINETUNE2/official-20240711-212649
07/11 09:26:49PM parser.py:31 [INFO] SAVE=official
07/11 09:26:49PM parser.py:31 [INFO] SEED=0
07/11 09:26:49PM parser.py:31 [INFO] TRAIN_PORTION=0.9
07/11 09:26:49PM parser.py:31 [INFO] WEIGHT_DECAY=0.0003
07/11 09:26:49PM parser.py:31 [INFO] WORKERS=4
07/11 09:26:49PM parser.py:32 [INFO] 
07/11 09:27:46PM trainTeacher_main.py:176 [INFO] Train: [  0/99] Final Prec@1 8.8422%
07/11 09:27:47PM trainTeacher_main.py:204 [INFO] Valid: [  0/99] Final Prec@1 14.1800%
07/11 09:27:47午後 trainTeacher_main.py:146 [INFO] Until now, best Prec@1 = 14.1800%
07/11 09:28:26午後 trainTeacher_main.py:176 [INFO] Train: [  1/99] Final Prec@1 17.5533%
07/11 09:28:28午後 trainTeacher_main.py:204 [INFO] Valid: [  1/99] Final Prec@1 20.2200%
07/11 09:28:28午後 trainTeacher_main.py:146 [INFO] Until now, best Prec@1 = 20.2200%
07/11 09:29:07午後 trainTeacher_main.py:176 [INFO] Train: [  2/99] Final Prec@1 25.7333%
07/11 09:29:09午後 trainTeacher_main.py:204 [INFO] Valid: [  2/99] Final Prec@1 25.7800%
07/11 09:29:09午後 trainTeacher_main.py:146 [INFO] Until now, best Prec@1 = 25.7800%
07/11 09:29:48午後 trainTeacher_main.py:176 [INFO] Train: [  3/99] Final Prec@1 32.5244%
07/11 09:29:49午後 trainTeacher_main.py:204 [INFO] Valid: [  3/99] Final Prec@1 28.8000%
07/11 09:29:49午後 trainTeacher_main.py:146 [INFO] Until now, best Prec@1 = 28.8000%
07/11 09:30:28午後 trainTeacher_main.py:176 [INFO] Train: [  4/99] Final Prec@1 37.6200%
07/11 09:30:29午後 trainTeacher_main.py:204 [INFO] Valid: [  4/99] Final Prec@1 35.7600%
07/11 09:30:30午後 trainTeacher_main.py:146 [INFO] Until now, best Prec@1 = 35.7600%
07/11 09:31:09午後 trainTeacher_main.py:176 [INFO] Train: [  5/99] Final Prec@1 40.8978%
07/11 09:31:10午後 trainTeacher_main.py:204 [INFO] Valid: [  5/99] Final Prec@1 36.2200%
07/11 09:31:10午後 trainTeacher_main.py:146 [INFO] Until now, best Prec@1 = 36.2200%
07/11 09:31:49午後 trainTeacher_main.py:176 [INFO] Train: [  6/99] Final Prec@1 43.2467%
07/11 09:31:51午後 trainTeacher_main.py:204 [INFO] Valid: [  6/99] Final Prec@1 39.1800%
07/11 09:31:51午後 trainTeacher_main.py:146 [INFO] Until now, best Prec@1 = 39.1800%
07/11 09:32:30午後 trainTeacher_main.py:176 [INFO] Train: [  7/99] Final Prec@1 45.5889%
07/11 09:32:31午後 trainTeacher_main.py:204 [INFO] Valid: [  7/99] Final Prec@1 42.5400%
07/11 09:32:31午後 trainTeacher_main.py:146 [INFO] Until now, best Prec@1 = 42.5400%
07/11 09:33:10午後 trainTeacher_main.py:176 [INFO] Train: [  8/99] Final Prec@1 47.7089%
07/11 09:33:12午後 trainTeacher_main.py:204 [INFO] Valid: [  8/99] Final Prec@1 44.3400%
07/11 09:33:12午後 trainTeacher_main.py:146 [INFO] Until now, best Prec@1 = 44.3400%
07/11 09:33:51午後 trainTeacher_main.py:176 [INFO] Train: [  9/99] Final Prec@1 49.1844%
07/11 09:33:52午後 trainTeacher_main.py:204 [INFO] Valid: [  9/99] Final Prec@1 44.1000%
07/11 09:33:52午後 trainTeacher_main.py:146 [INFO] Until now, best Prec@1 = 44.3400%
07/11 09:34:32午後 trainTeacher_main.py:176 [INFO] Train: [ 10/99] Final Prec@1 50.1044%
07/11 09:34:33午後 trainTeacher_main.py:204 [INFO] Valid: [ 10/99] Final Prec@1 42.5600%
07/11 09:34:33午後 trainTeacher_main.py:146 [INFO] Until now, best Prec@1 = 44.3400%
07/11 09:35:12午後 trainTeacher_main.py:176 [INFO] Train: [ 11/99] Final Prec@1 51.3178%
07/11 09:35:13午後 trainTeacher_main.py:204 [INFO] Valid: [ 11/99] Final Prec@1 41.3000%
07/11 09:35:13午後 trainTeacher_main.py:146 [INFO] Until now, best Prec@1 = 44.3400%
07/11 09:35:52午後 trainTeacher_main.py:176 [INFO] Train: [ 12/99] Final Prec@1 52.2689%
07/11 09:35:54午後 trainTeacher_main.py:204 [INFO] Valid: [ 12/99] Final Prec@1 45.8200%
07/11 09:35:54午後 trainTeacher_main.py:146 [INFO] Until now, best Prec@1 = 45.8200%
07/11 09:36:33午後 trainTeacher_main.py:176 [INFO] Train: [ 13/99] Final Prec@1 53.4311%
07/11 09:36:35午後 trainTeacher_main.py:204 [INFO] Valid: [ 13/99] Final Prec@1 47.7400%
07/11 09:36:35午後 trainTeacher_main.py:146 [INFO] Until now, best Prec@1 = 47.7400%
07/11 09:37:14午後 trainTeacher_main.py:176 [INFO] Train: [ 14/99] Final Prec@1 54.0889%
07/11 09:37:15午後 trainTeacher_main.py:204 [INFO] Valid: [ 14/99] Final Prec@1 49.0800%
07/11 09:37:15午後 trainTeacher_main.py:146 [INFO] Until now, best Prec@1 = 49.0800%
07/11 09:37:54午後 trainTeacher_main.py:176 [INFO] Train: [ 15/99] Final Prec@1 54.8222%
07/11 09:37:56午後 trainTeacher_main.py:204 [INFO] Valid: [ 15/99] Final Prec@1 47.2600%
07/11 09:37:56午後 trainTeacher_main.py:146 [INFO] Until now, best Prec@1 = 49.0800%
07/11 09:38:34午後 trainTeacher_main.py:176 [INFO] Train: [ 16/99] Final Prec@1 55.5756%
07/11 09:38:36午後 trainTeacher_main.py:204 [INFO] Valid: [ 16/99] Final Prec@1 47.0200%
07/11 09:38:36午後 trainTeacher_main.py:146 [INFO] Until now, best Prec@1 = 49.0800%
07/11 09:39:15午後 trainTeacher_main.py:176 [INFO] Train: [ 17/99] Final Prec@1 56.0467%
07/11 09:39:17午後 trainTeacher_main.py:204 [INFO] Valid: [ 17/99] Final Prec@1 51.3000%
07/11 09:39:17午後 trainTeacher_main.py:146 [INFO] Until now, best Prec@1 = 51.3000%
07/11 09:39:56午後 trainTeacher_main.py:176 [INFO] Train: [ 18/99] Final Prec@1 56.4400%
07/11 09:39:57午後 trainTeacher_main.py:204 [INFO] Valid: [ 18/99] Final Prec@1 48.0400%
07/11 09:39:57午後 trainTeacher_main.py:146 [INFO] Until now, best Prec@1 = 51.3000%
07/11 09:40:36午後 trainTeacher_main.py:176 [INFO] Train: [ 19/99] Final Prec@1 57.0067%
07/11 09:40:37午後 trainTeacher_main.py:204 [INFO] Valid: [ 19/99] Final Prec@1 46.9600%
07/11 09:40:38午後 trainTeacher_main.py:146 [INFO] Until now, best Prec@1 = 51.3000%
07/11 09:41:16午後 trainTeacher_main.py:176 [INFO] Train: [ 20/99] Final Prec@1 57.6200%
07/11 09:41:18午後 trainTeacher_main.py:204 [INFO] Valid: [ 20/99] Final Prec@1 50.8400%
07/11 09:41:18午後 trainTeacher_main.py:146 [INFO] Until now, best Prec@1 = 51.3000%
07/11 09:41:57午後 trainTeacher_main.py:176 [INFO] Train: [ 21/99] Final Prec@1 57.9044%
07/11 09:41:59午後 trainTeacher_main.py:204 [INFO] Valid: [ 21/99] Final Prec@1 51.0400%
07/11 09:41:59午後 trainTeacher_main.py:146 [INFO] Until now, best Prec@1 = 51.3000%
07/11 09:42:37午後 trainTeacher_main.py:176 [INFO] Train: [ 22/99] Final Prec@1 58.3844%
07/11 09:42:39午後 trainTeacher_main.py:204 [INFO] Valid: [ 22/99] Final Prec@1 52.2600%
07/11 09:42:39午後 trainTeacher_main.py:146 [INFO] Until now, best Prec@1 = 52.2600%
07/11 09:43:18午後 trainTeacher_main.py:176 [INFO] Train: [ 23/99] Final Prec@1 58.8578%
07/11 09:43:19午後 trainTeacher_main.py:204 [INFO] Valid: [ 23/99] Final Prec@1 52.7800%
07/11 09:43:19午後 trainTeacher_main.py:146 [INFO] Until now, best Prec@1 = 52.7800%
07/11 09:43:58午後 trainTeacher_main.py:176 [INFO] Train: [ 24/99] Final Prec@1 58.7178%
07/11 09:44:00午後 trainTeacher_main.py:204 [INFO] Valid: [ 24/99] Final Prec@1 45.6400%
07/11 09:44:00午後 trainTeacher_main.py:146 [INFO] Until now, best Prec@1 = 52.7800%
07/11 09:44:39午後 trainTeacher_main.py:176 [INFO] Train: [ 25/99] Final Prec@1 59.7489%
07/11 09:44:40午後 trainTeacher_main.py:204 [INFO] Valid: [ 25/99] Final Prec@1 49.2800%
07/11 09:44:41午後 trainTeacher_main.py:146 [INFO] Until now, best Prec@1 = 52.7800%
07/11 09:45:19午後 trainTeacher_main.py:176 [INFO] Train: [ 26/99] Final Prec@1 59.9489%
07/11 09:45:21午後 trainTeacher_main.py:204 [INFO] Valid: [ 26/99] Final Prec@1 49.6400%
07/11 09:45:21午後 trainTeacher_main.py:146 [INFO] Until now, best Prec@1 = 52.7800%
07/11 09:46:00午後 trainTeacher_main.py:176 [INFO] Train: [ 27/99] Final Prec@1 60.5800%
07/11 09:46:01午後 trainTeacher_main.py:204 [INFO] Valid: [ 27/99] Final Prec@1 54.6000%
07/11 09:46:01午後 trainTeacher_main.py:146 [INFO] Until now, best Prec@1 = 54.6000%
07/11 09:46:40午後 trainTeacher_main.py:176 [INFO] Train: [ 28/99] Final Prec@1 60.6422%
07/11 09:46:42午後 trainTeacher_main.py:204 [INFO] Valid: [ 28/99] Final Prec@1 52.5600%
07/11 09:46:42午後 trainTeacher_main.py:146 [INFO] Until now, best Prec@1 = 54.6000%
07/11 09:47:21午後 trainTeacher_main.py:176 [INFO] Train: [ 29/99] Final Prec@1 61.0400%
07/11 09:47:23午後 trainTeacher_main.py:204 [INFO] Valid: [ 29/99] Final Prec@1 50.1200%
07/11 09:47:23午後 trainTeacher_main.py:146 [INFO] Until now, best Prec@1 = 54.6000%
07/11 09:48:02午後 trainTeacher_main.py:176 [INFO] Train: [ 30/99] Final Prec@1 61.2467%
07/11 09:48:03午後 trainTeacher_main.py:204 [INFO] Valid: [ 30/99] Final Prec@1 53.7800%
07/11 09:48:03午後 trainTeacher_main.py:146 [INFO] Until now, best Prec@1 = 54.6000%
07/11 09:48:42午後 trainTeacher_main.py:176 [INFO] Train: [ 31/99] Final Prec@1 61.7644%
07/11 09:48:43午後 trainTeacher_main.py:204 [INFO] Valid: [ 31/99] Final Prec@1 54.4600%
07/11 09:48:43午後 trainTeacher_main.py:146 [INFO] Until now, best Prec@1 = 54.6000%
07/11 09:49:23午後 trainTeacher_main.py:176 [INFO] Train: [ 32/99] Final Prec@1 61.9244%
07/11 09:49:24午後 trainTeacher_main.py:204 [INFO] Valid: [ 32/99] Final Prec@1 53.8600%
07/11 09:49:24午後 trainTeacher_main.py:146 [INFO] Until now, best Prec@1 = 54.6000%
07/11 09:50:03午後 trainTeacher_main.py:176 [INFO] Train: [ 33/99] Final Prec@1 62.2089%
07/11 09:50:05午後 trainTeacher_main.py:204 [INFO] Valid: [ 33/99] Final Prec@1 53.4800%
07/11 09:50:05午後 trainTeacher_main.py:146 [INFO] Until now, best Prec@1 = 54.6000%
07/11 09:50:43午後 trainTeacher_main.py:176 [INFO] Train: [ 34/99] Final Prec@1 62.8778%
07/11 09:50:45午後 trainTeacher_main.py:204 [INFO] Valid: [ 34/99] Final Prec@1 50.3800%
07/11 09:50:45午後 trainTeacher_main.py:146 [INFO] Until now, best Prec@1 = 54.6000%
07/11 09:51:24午後 trainTeacher_main.py:176 [INFO] Train: [ 35/99] Final Prec@1 63.0222%
07/11 09:51:25午後 trainTeacher_main.py:204 [INFO] Valid: [ 35/99] Final Prec@1 58.2400%
07/11 09:51:25午後 trainTeacher_main.py:146 [INFO] Until now, best Prec@1 = 58.2400%
07/11 09:52:05午後 trainTeacher_main.py:176 [INFO] Train: [ 36/99] Final Prec@1 63.4244%
07/11 09:52:06午後 trainTeacher_main.py:204 [INFO] Valid: [ 36/99] Final Prec@1 56.1600%
07/11 09:52:06午後 trainTeacher_main.py:146 [INFO] Until now, best Prec@1 = 58.2400%
07/11 09:52:45午後 trainTeacher_main.py:176 [INFO] Train: [ 37/99] Final Prec@1 63.4089%
07/11 09:52:47午後 trainTeacher_main.py:204 [INFO] Valid: [ 37/99] Final Prec@1 54.3000%
07/11 09:52:47午後 trainTeacher_main.py:146 [INFO] Until now, best Prec@1 = 58.2400%
07/11 09:53:25午後 trainTeacher_main.py:176 [INFO] Train: [ 38/99] Final Prec@1 63.9933%
07/11 09:53:27午後 trainTeacher_main.py:204 [INFO] Valid: [ 38/99] Final Prec@1 57.9400%
07/11 09:53:27午後 trainTeacher_main.py:146 [INFO] Until now, best Prec@1 = 58.2400%
07/11 09:54:06午後 trainTeacher_main.py:176 [INFO] Train: [ 39/99] Final Prec@1 64.6444%
07/11 09:54:07午後 trainTeacher_main.py:204 [INFO] Valid: [ 39/99] Final Prec@1 56.6000%
07/11 09:54:07午後 trainTeacher_main.py:146 [INFO] Until now, best Prec@1 = 58.2400%
07/11 09:54:47午後 trainTeacher_main.py:176 [INFO] Train: [ 40/99] Final Prec@1 64.8956%
07/11 09:54:48午後 trainTeacher_main.py:204 [INFO] Valid: [ 40/99] Final Prec@1 55.7600%
07/11 09:54:48午後 trainTeacher_main.py:146 [INFO] Until now, best Prec@1 = 58.2400%
07/11 09:55:27午後 trainTeacher_main.py:176 [INFO] Train: [ 41/99] Final Prec@1 65.3889%
07/11 09:55:28午後 trainTeacher_main.py:204 [INFO] Valid: [ 41/99] Final Prec@1 56.0600%
07/11 09:55:28午後 trainTeacher_main.py:146 [INFO] Until now, best Prec@1 = 58.2400%
07/11 09:56:07午後 trainTeacher_main.py:176 [INFO] Train: [ 42/99] Final Prec@1 65.7711%
07/11 09:56:09午後 trainTeacher_main.py:204 [INFO] Valid: [ 42/99] Final Prec@1 57.3600%
07/11 09:56:09午後 trainTeacher_main.py:146 [INFO] Until now, best Prec@1 = 58.2400%
07/11 09:56:48午後 trainTeacher_main.py:176 [INFO] Train: [ 43/99] Final Prec@1 66.1778%
07/11 09:56:49午後 trainTeacher_main.py:204 [INFO] Valid: [ 43/99] Final Prec@1 58.5000%
07/11 09:56:49午後 trainTeacher_main.py:146 [INFO] Until now, best Prec@1 = 58.5000%
07/11 09:57:29午後 trainTeacher_main.py:176 [INFO] Train: [ 44/99] Final Prec@1 66.4844%
07/11 09:57:30午後 trainTeacher_main.py:204 [INFO] Valid: [ 44/99] Final Prec@1 59.4800%
07/11 09:57:30午後 trainTeacher_main.py:146 [INFO] Until now, best Prec@1 = 59.4800%
07/11 09:58:09午後 trainTeacher_main.py:176 [INFO] Train: [ 45/99] Final Prec@1 66.5444%
07/11 09:58:11午後 trainTeacher_main.py:204 [INFO] Valid: [ 45/99] Final Prec@1 59.0600%
07/11 09:58:11午後 trainTeacher_main.py:146 [INFO] Until now, best Prec@1 = 59.4800%
07/11 09:58:49午後 trainTeacher_main.py:176 [INFO] Train: [ 46/99] Final Prec@1 67.0822%
07/11 09:58:51午後 trainTeacher_main.py:204 [INFO] Valid: [ 46/99] Final Prec@1 55.5800%
07/11 09:58:51午後 trainTeacher_main.py:146 [INFO] Until now, best Prec@1 = 59.4800%
07/11 09:59:30午後 trainTeacher_main.py:176 [INFO] Train: [ 47/99] Final Prec@1 67.6467%
07/11 09:59:31午後 trainTeacher_main.py:204 [INFO] Valid: [ 47/99] Final Prec@1 59.1000%
07/11 09:59:31午後 trainTeacher_main.py:146 [INFO] Until now, best Prec@1 = 59.4800%
07/11 10:00:11午後 trainTeacher_main.py:176 [INFO] Train: [ 48/99] Final Prec@1 68.2556%
07/11 10:00:12午後 trainTeacher_main.py:204 [INFO] Valid: [ 48/99] Final Prec@1 60.7600%
07/11 10:00:12午後 trainTeacher_main.py:146 [INFO] Until now, best Prec@1 = 60.7600%
07/11 10:00:51午後 trainTeacher_main.py:176 [INFO] Train: [ 49/99] Final Prec@1 68.4556%
07/11 10:00:53午後 trainTeacher_main.py:204 [INFO] Valid: [ 49/99] Final Prec@1 60.1800%
07/11 10:00:53午後 trainTeacher_main.py:146 [INFO] Until now, best Prec@1 = 60.7600%
07/11 10:01:32午後 trainTeacher_main.py:176 [INFO] Train: [ 50/99] Final Prec@1 68.6844%
07/11 10:01:33午後 trainTeacher_main.py:204 [INFO] Valid: [ 50/99] Final Prec@1 60.0400%
07/11 10:01:33午後 trainTeacher_main.py:146 [INFO] Until now, best Prec@1 = 60.7600%
07/11 10:02:12午後 trainTeacher_main.py:176 [INFO] Train: [ 51/99] Final Prec@1 69.5378%
07/11 10:02:13午後 trainTeacher_main.py:204 [INFO] Valid: [ 51/99] Final Prec@1 59.4400%
07/11 10:02:13午後 trainTeacher_main.py:146 [INFO] Until now, best Prec@1 = 60.7600%
07/11 10:02:53午後 trainTeacher_main.py:176 [INFO] Train: [ 52/99] Final Prec@1 69.9533%
07/11 10:02:54午後 trainTeacher_main.py:204 [INFO] Valid: [ 52/99] Final Prec@1 61.3800%
07/11 10:02:54午後 trainTeacher_main.py:146 [INFO] Until now, best Prec@1 = 61.3800%
07/11 10:03:33午後 trainTeacher_main.py:176 [INFO] Train: [ 53/99] Final Prec@1 70.2978%
07/11 10:03:35午後 trainTeacher_main.py:204 [INFO] Valid: [ 53/99] Final Prec@1 61.5600%
07/11 10:03:35午後 trainTeacher_main.py:146 [INFO] Until now, best Prec@1 = 61.5600%
07/11 10:04:14午後 trainTeacher_main.py:176 [INFO] Train: [ 54/99] Final Prec@1 71.0533%
07/11 10:04:15午後 trainTeacher_main.py:204 [INFO] Valid: [ 54/99] Final Prec@1 62.0000%
07/11 10:04:15午後 trainTeacher_main.py:146 [INFO] Until now, best Prec@1 = 62.0000%
07/11 10:04:55午後 trainTeacher_main.py:176 [INFO] Train: [ 55/99] Final Prec@1 71.0756%
07/11 10:04:56午後 trainTeacher_main.py:204 [INFO] Valid: [ 55/99] Final Prec@1 62.2400%
07/11 10:04:56午後 trainTeacher_main.py:146 [INFO] Until now, best Prec@1 = 62.2400%
07/11 10:05:15午後 trainTeacher_main.py:176 [INFO] Train: [ 56/99] Final Prec@1 71.8222%
07/11 10:05:16午後 trainTeacher_main.py:204 [INFO] Valid: [ 56/99] Final Prec@1 61.2000%
07/11 10:05:16午後 trainTeacher_main.py:146 [INFO] Until now, best Prec@1 = 62.2400%
07/11 10:05:34午後 trainTeacher_main.py:176 [INFO] Train: [ 57/99] Final Prec@1 72.1844%
07/11 10:05:35午後 trainTeacher_main.py:204 [INFO] Valid: [ 57/99] Final Prec@1 62.5200%
07/11 10:05:35午後 trainTeacher_main.py:146 [INFO] Until now, best Prec@1 = 62.5200%
07/11 10:05:54午後 trainTeacher_main.py:176 [INFO] Train: [ 58/99] Final Prec@1 72.8689%
07/11 10:05:55午後 trainTeacher_main.py:204 [INFO] Valid: [ 58/99] Final Prec@1 63.1800%
07/11 10:05:55午後 trainTeacher_main.py:146 [INFO] Until now, best Prec@1 = 63.1800%
07/11 10:06:14午後 trainTeacher_main.py:176 [INFO] Train: [ 59/99] Final Prec@1 73.6200%
07/11 10:06:14午後 trainTeacher_main.py:204 [INFO] Valid: [ 59/99] Final Prec@1 62.7800%
07/11 10:06:14午後 trainTeacher_main.py:146 [INFO] Until now, best Prec@1 = 63.1800%
07/11 10:06:33午後 trainTeacher_main.py:176 [INFO] Train: [ 60/99] Final Prec@1 73.6422%
07/11 10:06:34午後 trainTeacher_main.py:204 [INFO] Valid: [ 60/99] Final Prec@1 63.9800%
07/11 10:06:34午後 trainTeacher_main.py:146 [INFO] Until now, best Prec@1 = 63.9800%
07/11 10:06:53午後 trainTeacher_main.py:176 [INFO] Train: [ 61/99] Final Prec@1 74.9444%
07/11 10:06:53午後 trainTeacher_main.py:204 [INFO] Valid: [ 61/99] Final Prec@1 62.5200%
07/11 10:06:53午後 trainTeacher_main.py:146 [INFO] Until now, best Prec@1 = 63.9800%
07/11 10:07:12午後 trainTeacher_main.py:176 [INFO] Train: [ 62/99] Final Prec@1 75.4600%
07/11 10:07:13午後 trainTeacher_main.py:204 [INFO] Valid: [ 62/99] Final Prec@1 63.5000%
07/11 10:07:13午後 trainTeacher_main.py:146 [INFO] Until now, best Prec@1 = 63.9800%
07/11 10:07:32午後 trainTeacher_main.py:176 [INFO] Train: [ 63/99] Final Prec@1 75.6489%
07/11 10:07:32午後 trainTeacher_main.py:204 [INFO] Valid: [ 63/99] Final Prec@1 64.7400%
07/11 10:07:33午後 trainTeacher_main.py:146 [INFO] Until now, best Prec@1 = 64.7400%
07/11 10:07:51午後 trainTeacher_main.py:176 [INFO] Train: [ 64/99] Final Prec@1 77.0089%
07/11 10:07:52午後 trainTeacher_main.py:204 [INFO] Valid: [ 64/99] Final Prec@1 64.5600%
07/11 10:07:52午後 trainTeacher_main.py:146 [INFO] Until now, best Prec@1 = 64.7400%
07/11 10:08:11午後 trainTeacher_main.py:176 [INFO] Train: [ 65/99] Final Prec@1 77.4444%
07/11 10:08:11午後 trainTeacher_main.py:204 [INFO] Valid: [ 65/99] Final Prec@1 65.6600%
07/11 10:08:12午後 trainTeacher_main.py:146 [INFO] Until now, best Prec@1 = 65.6600%
07/11 10:08:31午後 trainTeacher_main.py:176 [INFO] Train: [ 66/99] Final Prec@1 77.8756%
07/11 10:08:31午後 trainTeacher_main.py:204 [INFO] Valid: [ 66/99] Final Prec@1 65.1200%
07/11 10:08:31午後 trainTeacher_main.py:146 [INFO] Until now, best Prec@1 = 65.6600%
07/11 10:08:50午後 trainTeacher_main.py:176 [INFO] Train: [ 67/99] Final Prec@1 78.4644%
07/11 10:08:51午後 trainTeacher_main.py:204 [INFO] Valid: [ 67/99] Final Prec@1 65.8200%
07/11 10:08:51午後 trainTeacher_main.py:146 [INFO] Until now, best Prec@1 = 65.8200%
07/11 10:09:10午後 trainTeacher_main.py:176 [INFO] Train: [ 68/99] Final Prec@1 79.2156%
07/11 10:09:10午後 trainTeacher_main.py:204 [INFO] Valid: [ 68/99] Final Prec@1 66.4000%
07/11 10:09:10午後 trainTeacher_main.py:146 [INFO] Until now, best Prec@1 = 66.4000%
07/11 10:09:29午後 trainTeacher_main.py:176 [INFO] Train: [ 69/99] Final Prec@1 80.2511%
07/11 10:09:30午後 trainTeacher_main.py:204 [INFO] Valid: [ 69/99] Final Prec@1 67.7600%
07/11 10:09:30午後 trainTeacher_main.py:146 [INFO] Until now, best Prec@1 = 67.7600%
07/11 10:09:49午後 trainTeacher_main.py:176 [INFO] Train: [ 70/99] Final Prec@1 81.0689%
07/11 10:09:50午後 trainTeacher_main.py:204 [INFO] Valid: [ 70/99] Final Prec@1 67.6600%
07/11 10:09:50午後 trainTeacher_main.py:146 [INFO] Until now, best Prec@1 = 67.7600%
07/11 10:10:08午後 trainTeacher_main.py:176 [INFO] Train: [ 71/99] Final Prec@1 81.6822%
07/11 10:10:09午後 trainTeacher_main.py:204 [INFO] Valid: [ 71/99] Final Prec@1 67.9400%
07/11 10:10:09午後 trainTeacher_main.py:146 [INFO] Until now, best Prec@1 = 67.9400%
07/11 10:10:28午後 trainTeacher_main.py:176 [INFO] Train: [ 72/99] Final Prec@1 82.7000%
07/11 10:10:29午後 trainTeacher_main.py:204 [INFO] Valid: [ 72/99] Final Prec@1 68.9800%
07/11 10:10:29午後 trainTeacher_main.py:146 [INFO] Until now, best Prec@1 = 68.9800%
07/11 10:10:48午後 trainTeacher_main.py:176 [INFO] Train: [ 73/99] Final Prec@1 83.2178%
07/11 10:10:48午後 trainTeacher_main.py:204 [INFO] Valid: [ 73/99] Final Prec@1 69.3800%
07/11 10:10:48午後 trainTeacher_main.py:146 [INFO] Until now, best Prec@1 = 69.3800%
07/11 10:11:07午後 trainTeacher_main.py:176 [INFO] Train: [ 74/99] Final Prec@1 84.2133%
07/11 10:11:08午後 trainTeacher_main.py:204 [INFO] Valid: [ 74/99] Final Prec@1 68.6600%
07/11 10:11:08午後 trainTeacher_main.py:146 [INFO] Until now, best Prec@1 = 69.3800%
07/11 10:11:27午後 trainTeacher_main.py:176 [INFO] Train: [ 75/99] Final Prec@1 84.9556%
07/11 10:11:27午後 trainTeacher_main.py:204 [INFO] Valid: [ 75/99] Final Prec@1 69.8600%
07/11 10:11:28午後 trainTeacher_main.py:146 [INFO] Until now, best Prec@1 = 69.8600%
07/11 10:11:46午後 trainTeacher_main.py:176 [INFO] Train: [ 76/99] Final Prec@1 85.8867%
07/11 10:11:47午後 trainTeacher_main.py:204 [INFO] Valid: [ 76/99] Final Prec@1 70.2200%
07/11 10:11:47午後 trainTeacher_main.py:146 [INFO] Until now, best Prec@1 = 70.2200%
07/11 10:12:06午後 trainTeacher_main.py:176 [INFO] Train: [ 77/99] Final Prec@1 86.9467%
07/11 10:12:06午後 trainTeacher_main.py:204 [INFO] Valid: [ 77/99] Final Prec@1 68.6000%
07/11 10:12:07午後 trainTeacher_main.py:146 [INFO] Until now, best Prec@1 = 70.2200%
07/11 10:12:25午後 trainTeacher_main.py:176 [INFO] Train: [ 78/99] Final Prec@1 87.3911%
07/11 10:12:26午後 trainTeacher_main.py:204 [INFO] Valid: [ 78/99] Final Prec@1 69.2800%
07/11 10:12:26午後 trainTeacher_main.py:146 [INFO] Until now, best Prec@1 = 70.2200%
07/11 10:12:45午後 trainTeacher_main.py:176 [INFO] Train: [ 79/99] Final Prec@1 88.6644%
07/11 10:12:46午後 trainTeacher_main.py:204 [INFO] Valid: [ 79/99] Final Prec@1 71.0600%
07/11 10:12:46午後 trainTeacher_main.py:146 [INFO] Until now, best Prec@1 = 71.0600%
07/11 10:13:05午後 trainTeacher_main.py:176 [INFO] Train: [ 80/99] Final Prec@1 89.1333%
07/11 10:13:05午後 trainTeacher_main.py:204 [INFO] Valid: [ 80/99] Final Prec@1 71.4000%
07/11 10:13:06午後 trainTeacher_main.py:146 [INFO] Until now, best Prec@1 = 71.4000%
07/11 10:13:24午後 trainTeacher_main.py:176 [INFO] Train: [ 81/99] Final Prec@1 90.3444%
07/11 10:13:25午後 trainTeacher_main.py:204 [INFO] Valid: [ 81/99] Final Prec@1 71.2000%
07/11 10:13:25午後 trainTeacher_main.py:146 [INFO] Until now, best Prec@1 = 71.4000%
07/11 10:13:44午後 trainTeacher_main.py:176 [INFO] Train: [ 82/99] Final Prec@1 91.1689%
07/11 10:13:44午後 trainTeacher_main.py:204 [INFO] Valid: [ 82/99] Final Prec@1 71.1000%
07/11 10:13:44午後 trainTeacher_main.py:146 [INFO] Until now, best Prec@1 = 71.4000%
07/11 10:14:03午後 trainTeacher_main.py:176 [INFO] Train: [ 83/99] Final Prec@1 91.9133%
07/11 10:14:04午後 trainTeacher_main.py:204 [INFO] Valid: [ 83/99] Final Prec@1 72.8800%
07/11 10:14:04午後 trainTeacher_main.py:146 [INFO] Until now, best Prec@1 = 72.8800%
07/11 10:14:23午後 trainTeacher_main.py:176 [INFO] Train: [ 84/99] Final Prec@1 92.3533%
07/11 10:14:24午後 trainTeacher_main.py:204 [INFO] Valid: [ 84/99] Final Prec@1 72.4400%
07/11 10:14:24午後 trainTeacher_main.py:146 [INFO] Until now, best Prec@1 = 72.8800%
07/11 10:14:42午後 trainTeacher_main.py:176 [INFO] Train: [ 85/99] Final Prec@1 93.0600%
07/11 10:14:43午後 trainTeacher_main.py:204 [INFO] Valid: [ 85/99] Final Prec@1 73.0800%
07/11 10:14:43午後 trainTeacher_main.py:146 [INFO] Until now, best Prec@1 = 73.0800%
07/11 10:15:02午後 trainTeacher_main.py:176 [INFO] Train: [ 86/99] Final Prec@1 93.6711%
07/11 10:15:03午後 trainTeacher_main.py:204 [INFO] Valid: [ 86/99] Final Prec@1 73.7400%
07/11 10:15:03午後 trainTeacher_main.py:146 [INFO] Until now, best Prec@1 = 73.7400%
07/11 10:15:22午後 trainTeacher_main.py:176 [INFO] Train: [ 87/99] Final Prec@1 94.3867%
07/11 10:15:22午後 trainTeacher_main.py:204 [INFO] Valid: [ 87/99] Final Prec@1 72.9200%
07/11 10:15:22午後 trainTeacher_main.py:146 [INFO] Until now, best Prec@1 = 73.7400%
07/11 10:15:41午後 trainTeacher_main.py:176 [INFO] Train: [ 88/99] Final Prec@1 95.0022%
07/11 10:15:42午後 trainTeacher_main.py:204 [INFO] Valid: [ 88/99] Final Prec@1 73.5400%
07/11 10:15:42午後 trainTeacher_main.py:146 [INFO] Until now, best Prec@1 = 73.7400%
07/11 10:16:01午後 trainTeacher_main.py:176 [INFO] Train: [ 89/99] Final Prec@1 95.3689%
07/11 10:16:01午後 trainTeacher_main.py:204 [INFO] Valid: [ 89/99] Final Prec@1 74.1400%
07/11 10:16:02午後 trainTeacher_main.py:146 [INFO] Until now, best Prec@1 = 74.1400%
07/11 10:16:20午後 trainTeacher_main.py:176 [INFO] Train: [ 90/99] Final Prec@1 95.8178%
07/11 10:16:21午後 trainTeacher_main.py:204 [INFO] Valid: [ 90/99] Final Prec@1 74.5200%
07/11 10:16:21午後 trainTeacher_main.py:146 [INFO] Until now, best Prec@1 = 74.5200%
07/11 10:16:40午後 trainTeacher_main.py:176 [INFO] Train: [ 91/99] Final Prec@1 96.0178%
07/11 10:16:41午後 trainTeacher_main.py:204 [INFO] Valid: [ 91/99] Final Prec@1 74.6000%
07/11 10:16:41午後 trainTeacher_main.py:146 [INFO] Until now, best Prec@1 = 74.6000%
07/11 10:16:59午後 trainTeacher_main.py:176 [INFO] Train: [ 92/99] Final Prec@1 96.4578%
07/11 10:17:00午後 trainTeacher_main.py:204 [INFO] Valid: [ 92/99] Final Prec@1 74.5400%
07/11 10:17:00午後 trainTeacher_main.py:146 [INFO] Until now, best Prec@1 = 74.6000%
07/11 10:17:19午後 trainTeacher_main.py:176 [INFO] Train: [ 93/99] Final Prec@1 96.8422%
07/11 10:17:19午後 trainTeacher_main.py:204 [INFO] Valid: [ 93/99] Final Prec@1 74.1200%
07/11 10:17:20午後 trainTeacher_main.py:146 [INFO] Until now, best Prec@1 = 74.6000%
07/11 10:17:38午後 trainTeacher_main.py:176 [INFO] Train: [ 94/99] Final Prec@1 96.9578%
07/11 10:17:39午後 trainTeacher_main.py:204 [INFO] Valid: [ 94/99] Final Prec@1 74.9600%
07/11 10:17:39午後 trainTeacher_main.py:146 [INFO] Until now, best Prec@1 = 74.9600%
07/11 10:17:58午後 trainTeacher_main.py:176 [INFO] Train: [ 95/99] Final Prec@1 96.9778%
07/11 10:17:59午後 trainTeacher_main.py:204 [INFO] Valid: [ 95/99] Final Prec@1 74.0200%
07/11 10:17:59午後 trainTeacher_main.py:146 [INFO] Until now, best Prec@1 = 74.9600%
07/11 10:18:18午後 trainTeacher_main.py:176 [INFO] Train: [ 96/99] Final Prec@1 97.1644%
07/11 10:18:18午後 trainTeacher_main.py:204 [INFO] Valid: [ 96/99] Final Prec@1 74.2600%
07/11 10:18:18午後 trainTeacher_main.py:146 [INFO] Until now, best Prec@1 = 74.9600%
07/11 10:18:37午後 trainTeacher_main.py:176 [INFO] Train: [ 97/99] Final Prec@1 97.2111%
07/11 10:18:38午後 trainTeacher_main.py:204 [INFO] Valid: [ 97/99] Final Prec@1 75.1200%
07/11 10:18:38午後 trainTeacher_main.py:146 [INFO] Until now, best Prec@1 = 75.1200%
07/11 10:18:56午後 trainTeacher_main.py:176 [INFO] Train: [ 98/99] Final Prec@1 97.3311%
07/11 10:18:57午後 trainTeacher_main.py:204 [INFO] Valid: [ 98/99] Final Prec@1 75.1000%
07/11 10:18:57午後 trainTeacher_main.py:146 [INFO] Until now, best Prec@1 = 75.1200%
07/11 10:19:16午後 trainTeacher_main.py:176 [INFO] Train: [ 99/99] Final Prec@1 97.5000%
07/11 10:19:17午後 trainTeacher_main.py:204 [INFO] Valid: [ 99/99] Final Prec@1 75.4200%
07/11 10:19:17午後 trainTeacher_main.py:146 [INFO] Until now, best Prec@1 = 75.4200%
07/11 10:19:17午後 trainTeacher_main.py:148 [INFO] Final best Prec@1 = 75.4200%
