07/30 02:26:50PM parser.py:28 [INFO] 
07/30 02:26:50PM parser.py:29 [INFO] Parameters:
07/30 02:26:50PM parser.py:31 [INFO] T=3.0
07/30 02:26:50PM parser.py:31 [INFO] ADVANCED=True
07/30 02:26:50PM parser.py:31 [INFO] AUX_WEIGHT=0.4
07/30 02:26:50PM parser.py:31 [INFO] BATCH_SIZE=64
07/30 02:26:50PM parser.py:31 [INFO] CUTOUT_LENGTH=16
07/30 02:26:50PM parser.py:31 [INFO] DATA_PATH=../data/
07/30 02:26:50PM parser.py:31 [INFO] DATASET=cifar100
07/30 02:26:50PM parser.py:31 [INFO] DESCRIPTION=evaluation_nonkd_bestArch
07/30 02:26:50PM parser.py:31 [INFO] DROP_PATH_PROB=0.2
07/30 02:26:50PM parser.py:31 [INFO] EPOCHS=100
07/30 02:26:50PM parser.py:31 [INFO] EXP_NAME=l0.6T3-20240730-142650
07/30 02:26:50PM parser.py:31 [INFO] GENOTYPE=Genotype3(normal1=[[('sep_conv_3x3', 0), ('sep_conv_3x3', 1)], [('sep_conv_3x3', 1), ('sep_conv_3x3', 0)], [('sep_conv_3x3', 1), ('sep_conv_3x3', 3)], [('sep_conv_3x3', 1), ('sep_conv_3x3', 4)]], normal1_concat=range(2, 6), reduce1=[[('dil_conv_3x3', 0), ('dil_conv_3x3', 1)], [('sep_conv_3x3', 1), ('sep_conv_3x3', 2)], [('sep_conv_5x5', 0), ('sep_conv_3x3', 3)], [('sep_conv_5x5', 4), ('sep_conv_3x3', 3)]], reduce1_concat=range(2, 6), normal2=[[('skip_connect', 0), ('dil_conv_5x5', 1)], [('skip_connect', 0), ('skip_connect', 2)], [('skip_connect', 0), ('skip_connect', 2)], [('skip_connect', 0), ('skip_connect', 2)]], normal2_concat=range(2, 6), reduce2=[[('avg_pool_3x3', 0), ('avg_pool_3x3', 1)], [('skip_connect', 2), ('avg_pool_3x3', 1)], [('skip_connect', 2), ('skip_connect', 3)], [('skip_connect', 2), ('avg_pool_3x3', 0)]], reduce2_concat=range(2, 6), normal3=[[('dil_conv_5x5', 0), ('dil_conv_5x5', 1)], [('skip_connect', 0), ('dil_conv_5x5', 1)], [('skip_connect', 0), ('sep_conv_3x3', 1)], [('skip_connect', 0), ('dil_conv_5x5', 1)]], normal3_concat=range(2, 6))
07/30 02:26:50PM parser.py:31 [INFO] GPUS=[0]
07/30 02:26:50PM parser.py:31 [INFO] GRAD_CLIP=5.0
07/30 02:26:50PM parser.py:31 [INFO] INIT_CHANNELS=32
07/30 02:26:50PM parser.py:31 [INFO] L=0.4
07/30 02:26:50PM parser.py:31 [INFO] LAYERS=20
07/30 02:26:50PM parser.py:31 [INFO] LOGGER=<Logger H-DAS (INFO)>
07/30 02:26:50PM parser.py:31 [INFO] LR=0.025
07/30 02:26:50PM parser.py:31 [INFO] LR_MIN=0.001
07/30 02:26:50PM parser.py:31 [INFO] MOMENTUM=0.9
07/30 02:26:50PM parser.py:31 [INFO] NAME=ARCH_WEIGHT
07/30 02:26:50PM parser.py:31 [INFO] NONKD=True
07/30 02:26:50PM parser.py:31 [INFO] PATH=results/evaluate_cell_KD/cifar100/ARCH_WEIGHT/l0.6T3-20240730-142650
07/30 02:26:50PM parser.py:31 [INFO] PRINT_FREQ=50
07/30 02:26:50PM parser.py:31 [INFO] RESUME_PATH=None
07/30 02:26:50PM parser.py:31 [INFO] SAVE=l0.6T3
07/30 02:26:50PM parser.py:31 [INFO] SEED=0
07/30 02:26:50PM parser.py:31 [INFO] TEACHER_NAME=non
07/30 02:26:50PM parser.py:31 [INFO] TEACHER_PATH=non
07/30 02:26:50PM parser.py:31 [INFO] TRAIN_PORTION=0.9
07/30 02:26:50PM parser.py:31 [INFO] WEIGHT_DECAY=0.0003
07/30 02:26:50PM parser.py:31 [INFO] WORKERS=4
07/30 02:26:50PM parser.py:32 [INFO] 
07/30 02:26:52PM evaluateCell_trainer.py:102 [INFO] --> No loaded checkpoint!
07/30 02:28:03PM evaluateCell_trainer.py:199 [INFO] Valid: Epoch: [0][50/79]	Step 704	Loss 3.5217	Prec@(1,5) (15.7%, 42.2%)
07/30 02:28:04PM evaluateCell_trainer.py:199 [INFO] Valid: Epoch: [0][78/79]	Step 704	Loss 3.5092	Prec@(1,5) (16.5%, 42.6%)
07/30 02:28:04PM evaluateCell_trainer.py:206 [INFO] Valid: [  0/99] Final Prec@1 16.5400%
07/30 02:28:04午後 evaluateCell_main.py:75 [INFO] Until now, best Prec@1 = 16.5400%
07/30 02:29:20午後 evaluateCell_trainer.py:199 [INFO] Valid: Epoch: [1][50/79]	Step 1408	Loss 3.0083	Prec@(1,5) (24.8%, 54.9%)
07/30 02:29:20午後 evaluateCell_trainer.py:199 [INFO] Valid: Epoch: [1][78/79]	Step 1408	Loss 3.0030	Prec@(1,5) (25.4%, 55.3%)
07/30 02:29:20午後 evaluateCell_trainer.py:206 [INFO] Valid: [  1/99] Final Prec@1 25.3600%
07/30 02:29:21午後 evaluateCell_main.py:75 [INFO] Until now, best Prec@1 = 25.3600%
07/30 02:30:41午後 evaluateCell_trainer.py:199 [INFO] Valid: Epoch: [2][50/79]	Step 2112	Loss 2.7536	Prec@(1,5) (30.2%, 62.3%)
07/30 02:30:41午後 evaluateCell_trainer.py:199 [INFO] Valid: Epoch: [2][78/79]	Step 2112	Loss 2.7559	Prec@(1,5) (30.0%, 61.8%)
07/30 02:30:41午後 evaluateCell_trainer.py:206 [INFO] Valid: [  2/99] Final Prec@1 30.0000%
07/30 02:30:42午後 evaluateCell_main.py:75 [INFO] Until now, best Prec@1 = 30.0000%
07/30 02:31:55午後 evaluateCell_trainer.py:199 [INFO] Valid: Epoch: [3][50/79]	Step 2816	Loss 2.4701	Prec@(1,5) (36.8%, 68.8%)
07/30 02:31:55午後 evaluateCell_trainer.py:199 [INFO] Valid: Epoch: [3][78/79]	Step 2816	Loss 2.4639	Prec@(1,5) (36.8%, 68.7%)
07/30 02:31:56午後 evaluateCell_trainer.py:206 [INFO] Valid: [  3/99] Final Prec@1 36.7800%
07/30 02:31:56午後 evaluateCell_main.py:75 [INFO] Until now, best Prec@1 = 36.7800%
07/30 02:33:16午後 evaluateCell_trainer.py:199 [INFO] Valid: Epoch: [4][50/79]	Step 3520	Loss 2.3635	Prec@(1,5) (37.2%, 71.2%)
07/30 02:33:17午後 evaluateCell_trainer.py:199 [INFO] Valid: Epoch: [4][78/79]	Step 3520	Loss 2.3512	Prec@(1,5) (37.9%, 71.1%)
07/30 02:33:17午後 evaluateCell_trainer.py:206 [INFO] Valid: [  4/99] Final Prec@1 37.9000%
07/30 02:33:17午後 evaluateCell_main.py:75 [INFO] Until now, best Prec@1 = 37.9000%
07/30 02:34:36午後 evaluateCell_trainer.py:199 [INFO] Valid: Epoch: [5][50/79]	Step 4224	Loss 2.2353	Prec@(1,5) (42.0%, 73.7%)
07/30 02:34:37午後 evaluateCell_trainer.py:199 [INFO] Valid: Epoch: [5][78/79]	Step 4224	Loss 2.2159	Prec@(1,5) (42.6%, 74.0%)
07/30 02:34:37午後 evaluateCell_trainer.py:206 [INFO] Valid: [  5/99] Final Prec@1 42.5800%
07/30 02:34:37午後 evaluateCell_main.py:75 [INFO] Until now, best Prec@1 = 42.5800%
07/30 02:35:58午後 evaluateCell_trainer.py:199 [INFO] Valid: Epoch: [6][50/79]	Step 4928	Loss 2.1986	Prec@(1,5) (41.7%, 74.4%)
07/30 02:35:59午後 evaluateCell_trainer.py:199 [INFO] Valid: Epoch: [6][78/79]	Step 4928	Loss 2.2125	Prec@(1,5) (41.6%, 74.0%)
07/30 02:35:59午後 evaluateCell_trainer.py:206 [INFO] Valid: [  6/99] Final Prec@1 41.6200%
07/30 02:35:59午後 evaluateCell_main.py:75 [INFO] Until now, best Prec@1 = 42.5800%
07/30 02:37:20午後 evaluateCell_trainer.py:199 [INFO] Valid: Epoch: [7][50/79]	Step 5632	Loss 2.0649	Prec@(1,5) (44.9%, 76.8%)
07/30 02:37:20午後 evaluateCell_trainer.py:199 [INFO] Valid: Epoch: [7][78/79]	Step 5632	Loss 2.0491	Prec@(1,5) (45.3%, 77.1%)
07/30 02:37:20午後 evaluateCell_trainer.py:206 [INFO] Valid: [  7/99] Final Prec@1 45.3000%
07/30 02:37:21午後 evaluateCell_main.py:75 [INFO] Until now, best Prec@1 = 45.3000%
07/30 02:38:44午後 evaluateCell_trainer.py:199 [INFO] Valid: Epoch: [8][50/79]	Step 6336	Loss 2.0519	Prec@(1,5) (45.9%, 77.9%)
07/30 02:38:44午後 evaluateCell_trainer.py:199 [INFO] Valid: Epoch: [8][78/79]	Step 6336	Loss 2.0575	Prec@(1,5) (45.5%, 77.5%)
07/30 02:38:44午後 evaluateCell_trainer.py:206 [INFO] Valid: [  8/99] Final Prec@1 45.5600%
07/30 02:38:45午後 evaluateCell_main.py:75 [INFO] Until now, best Prec@1 = 45.5600%
07/30 02:40:08午後 evaluateCell_trainer.py:199 [INFO] Valid: Epoch: [9][50/79]	Step 7040	Loss 1.9702	Prec@(1,5) (48.1%, 78.0%)
07/30 02:40:08午後 evaluateCell_trainer.py:199 [INFO] Valid: Epoch: [9][78/79]	Step 7040	Loss 2.0106	Prec@(1,5) (47.8%, 77.6%)
07/30 02:40:08午後 evaluateCell_trainer.py:206 [INFO] Valid: [  9/99] Final Prec@1 47.8400%
07/30 02:40:09午後 evaluateCell_main.py:75 [INFO] Until now, best Prec@1 = 47.8400%
07/30 02:41:32午後 evaluateCell_trainer.py:199 [INFO] Valid: Epoch: [10][50/79]	Step 7744	Loss 1.8659	Prec@(1,5) (51.0%, 80.0%)
07/30 02:41:33午後 evaluateCell_trainer.py:199 [INFO] Valid: Epoch: [10][78/79]	Step 7744	Loss 1.8529	Prec@(1,5) (50.7%, 80.0%)
07/30 02:41:33午後 evaluateCell_trainer.py:206 [INFO] Valid: [ 10/99] Final Prec@1 50.6400%
07/30 02:41:33午後 evaluateCell_main.py:75 [INFO] Until now, best Prec@1 = 50.6400%
07/30 02:42:49午後 evaluateCell_trainer.py:199 [INFO] Valid: Epoch: [11][50/79]	Step 8448	Loss 1.7733	Prec@(1,5) (51.9%, 81.7%)
07/30 02:42:50午後 evaluateCell_trainer.py:199 [INFO] Valid: Epoch: [11][78/79]	Step 8448	Loss 1.7718	Prec@(1,5) (51.7%, 82.0%)
07/30 02:42:50午後 evaluateCell_trainer.py:206 [INFO] Valid: [ 11/99] Final Prec@1 51.7400%
07/30 02:42:50午後 evaluateCell_main.py:75 [INFO] Until now, best Prec@1 = 51.7400%
07/30 02:44:06午後 evaluateCell_trainer.py:199 [INFO] Valid: Epoch: [12][50/79]	Step 9152	Loss 1.7904	Prec@(1,5) (51.8%, 81.6%)
07/30 02:44:07午後 evaluateCell_trainer.py:199 [INFO] Valid: Epoch: [12][78/79]	Step 9152	Loss 1.8013	Prec@(1,5) (51.8%, 81.2%)
07/30 02:44:07午後 evaluateCell_trainer.py:206 [INFO] Valid: [ 12/99] Final Prec@1 51.7400%
07/30 02:44:07午後 evaluateCell_main.py:75 [INFO] Until now, best Prec@1 = 51.7400%
07/30 02:45:23午後 evaluateCell_trainer.py:199 [INFO] Valid: Epoch: [13][50/79]	Step 9856	Loss 1.8412	Prec@(1,5) (51.0%, 80.6%)
07/30 02:45:24午後 evaluateCell_trainer.py:199 [INFO] Valid: Epoch: [13][78/79]	Step 9856	Loss 1.8230	Prec@(1,5) (50.9%, 80.9%)
07/30 02:45:24午後 evaluateCell_trainer.py:206 [INFO] Valid: [ 13/99] Final Prec@1 50.9600%
07/30 02:45:24午後 evaluateCell_main.py:75 [INFO] Until now, best Prec@1 = 51.7400%
07/30 02:46:38午後 evaluateCell_trainer.py:199 [INFO] Valid: Epoch: [14][50/79]	Step 10560	Loss 1.7117	Prec@(1,5) (54.2%, 82.4%)
07/30 02:46:38午後 evaluateCell_trainer.py:199 [INFO] Valid: Epoch: [14][78/79]	Step 10560	Loss 1.7430	Prec@(1,5) (52.6%, 82.0%)
07/30 02:46:39午後 evaluateCell_trainer.py:206 [INFO] Valid: [ 14/99] Final Prec@1 52.6000%
07/30 02:46:39午後 evaluateCell_main.py:75 [INFO] Until now, best Prec@1 = 52.6000%
07/30 02:47:53午後 evaluateCell_trainer.py:199 [INFO] Valid: Epoch: [15][50/79]	Step 11264	Loss 1.7372	Prec@(1,5) (53.6%, 82.1%)
07/30 02:47:53午後 evaluateCell_trainer.py:199 [INFO] Valid: Epoch: [15][78/79]	Step 11264	Loss 1.7444	Prec@(1,5) (53.2%, 82.1%)
07/30 02:47:54午後 evaluateCell_trainer.py:206 [INFO] Valid: [ 15/99] Final Prec@1 53.2000%
07/30 02:47:54午後 evaluateCell_main.py:75 [INFO] Until now, best Prec@1 = 53.2000%
07/30 02:49:05午後 evaluateCell_trainer.py:199 [INFO] Valid: Epoch: [16][50/79]	Step 11968	Loss 1.6874	Prec@(1,5) (53.7%, 82.9%)
07/30 02:49:06午後 evaluateCell_trainer.py:199 [INFO] Valid: Epoch: [16][78/79]	Step 11968	Loss 1.6875	Prec@(1,5) (53.7%, 83.3%)
07/30 02:49:06午後 evaluateCell_trainer.py:206 [INFO] Valid: [ 16/99] Final Prec@1 53.7000%
07/30 02:49:06午後 evaluateCell_main.py:75 [INFO] Until now, best Prec@1 = 53.7000%
07/30 02:50:22午後 evaluateCell_trainer.py:199 [INFO] Valid: Epoch: [17][50/79]	Step 12672	Loss 1.6292	Prec@(1,5) (56.4%, 84.8%)
07/30 02:50:22午後 evaluateCell_trainer.py:199 [INFO] Valid: Epoch: [17][78/79]	Step 12672	Loss 1.6398	Prec@(1,5) (56.1%, 84.5%)
07/30 02:50:22午後 evaluateCell_trainer.py:206 [INFO] Valid: [ 17/99] Final Prec@1 56.0400%
07/30 02:50:23午後 evaluateCell_main.py:75 [INFO] Until now, best Prec@1 = 56.0400%
07/30 02:51:47午後 evaluateCell_trainer.py:199 [INFO] Valid: Epoch: [18][50/79]	Step 13376	Loss 1.8065	Prec@(1,5) (51.6%, 81.1%)
07/30 02:51:48午後 evaluateCell_trainer.py:199 [INFO] Valid: Epoch: [18][78/79]	Step 13376	Loss 1.8136	Prec@(1,5) (51.5%, 81.0%)
07/30 02:51:48午後 evaluateCell_trainer.py:206 [INFO] Valid: [ 18/99] Final Prec@1 51.5000%
07/30 02:51:48午後 evaluateCell_main.py:75 [INFO] Until now, best Prec@1 = 56.0400%
07/30 02:53:07午後 evaluateCell_trainer.py:199 [INFO] Valid: Epoch: [19][50/79]	Step 14080	Loss 1.6421	Prec@(1,5) (56.5%, 84.8%)
07/30 02:53:07午後 evaluateCell_trainer.py:199 [INFO] Valid: Epoch: [19][78/79]	Step 14080	Loss 1.6477	Prec@(1,5) (56.2%, 84.4%)
07/30 02:53:07午後 evaluateCell_trainer.py:206 [INFO] Valid: [ 19/99] Final Prec@1 56.2000%
07/30 02:53:08午後 evaluateCell_main.py:75 [INFO] Until now, best Prec@1 = 56.2000%
07/30 02:54:28午後 evaluateCell_trainer.py:199 [INFO] Valid: Epoch: [20][50/79]	Step 14784	Loss 1.7258	Prec@(1,5) (54.8%, 82.7%)
07/30 02:54:29午後 evaluateCell_trainer.py:199 [INFO] Valid: Epoch: [20][78/79]	Step 14784	Loss 1.6902	Prec@(1,5) (55.4%, 83.3%)
07/30 02:54:29午後 evaluateCell_trainer.py:206 [INFO] Valid: [ 20/99] Final Prec@1 55.3600%
07/30 02:54:29午後 evaluateCell_main.py:75 [INFO] Until now, best Prec@1 = 56.2000%
07/30 02:55:46午後 evaluateCell_trainer.py:199 [INFO] Valid: Epoch: [21][50/79]	Step 15488	Loss 1.6763	Prec@(1,5) (54.7%, 83.2%)
07/30 02:55:46午後 evaluateCell_trainer.py:199 [INFO] Valid: Epoch: [21][78/79]	Step 15488	Loss 1.6477	Prec@(1,5) (55.7%, 83.6%)
07/30 02:55:46午後 evaluateCell_trainer.py:206 [INFO] Valid: [ 21/99] Final Prec@1 55.7000%
07/30 02:55:47午後 evaluateCell_main.py:75 [INFO] Until now, best Prec@1 = 56.2000%
07/30 02:57:06午後 evaluateCell_trainer.py:199 [INFO] Valid: Epoch: [22][50/79]	Step 16192	Loss 1.7102	Prec@(1,5) (55.0%, 82.7%)
07/30 02:57:06午後 evaluateCell_trainer.py:199 [INFO] Valid: Epoch: [22][78/79]	Step 16192	Loss 1.6789	Prec@(1,5) (55.9%, 83.3%)
07/30 02:57:06午後 evaluateCell_trainer.py:206 [INFO] Valid: [ 22/99] Final Prec@1 55.9000%
07/30 02:57:06午後 evaluateCell_main.py:75 [INFO] Until now, best Prec@1 = 56.2000%
07/30 02:58:18午後 evaluateCell_trainer.py:199 [INFO] Valid: Epoch: [23][50/79]	Step 16896	Loss 1.6210	Prec@(1,5) (56.3%, 84.7%)
07/30 02:58:19午後 evaluateCell_trainer.py:199 [INFO] Valid: Epoch: [23][78/79]	Step 16896	Loss 1.6096	Prec@(1,5) (56.9%, 84.7%)
07/30 02:58:19午後 evaluateCell_trainer.py:206 [INFO] Valid: [ 23/99] Final Prec@1 56.8400%
07/30 02:58:19午後 evaluateCell_main.py:75 [INFO] Until now, best Prec@1 = 56.8400%
07/30 02:59:40午後 evaluateCell_trainer.py:199 [INFO] Valid: Epoch: [24][50/79]	Step 17600	Loss 1.6214	Prec@(1,5) (56.8%, 84.8%)
07/30 02:59:41午後 evaluateCell_trainer.py:199 [INFO] Valid: Epoch: [24][78/79]	Step 17600	Loss 1.6215	Prec@(1,5) (56.5%, 84.8%)
07/30 02:59:41午後 evaluateCell_trainer.py:206 [INFO] Valid: [ 24/99] Final Prec@1 56.5000%
07/30 02:59:41午後 evaluateCell_main.py:75 [INFO] Until now, best Prec@1 = 56.8400%
07/30 03:01:03午後 evaluateCell_trainer.py:199 [INFO] Valid: Epoch: [25][50/79]	Step 18304	Loss 1.6949	Prec@(1,5) (55.4%, 83.3%)
07/30 03:01:04午後 evaluateCell_trainer.py:199 [INFO] Valid: Epoch: [25][78/79]	Step 18304	Loss 1.7274	Prec@(1,5) (54.5%, 82.9%)
07/30 03:01:04午後 evaluateCell_trainer.py:206 [INFO] Valid: [ 25/99] Final Prec@1 54.5200%
07/30 03:01:04午後 evaluateCell_main.py:75 [INFO] Until now, best Prec@1 = 56.8400%
07/30 03:02:18午後 evaluateCell_trainer.py:199 [INFO] Valid: Epoch: [26][50/79]	Step 19008	Loss 1.6918	Prec@(1,5) (56.0%, 83.7%)
07/30 03:02:19午後 evaluateCell_trainer.py:199 [INFO] Valid: Epoch: [26][78/79]	Step 19008	Loss 1.6907	Prec@(1,5) (55.9%, 84.1%)
07/30 03:02:19午後 evaluateCell_trainer.py:206 [INFO] Valid: [ 26/99] Final Prec@1 55.9200%
07/30 03:02:19午後 evaluateCell_main.py:75 [INFO] Until now, best Prec@1 = 56.8400%
07/30 03:03:33午後 evaluateCell_trainer.py:199 [INFO] Valid: Epoch: [27][50/79]	Step 19712	Loss 1.5840	Prec@(1,5) (57.4%, 85.1%)
07/30 03:03:33午後 evaluateCell_trainer.py:199 [INFO] Valid: Epoch: [27][78/79]	Step 19712	Loss 1.5423	Prec@(1,5) (58.1%, 85.6%)
07/30 03:03:33午後 evaluateCell_trainer.py:206 [INFO] Valid: [ 27/99] Final Prec@1 58.0800%
07/30 03:03:34午後 evaluateCell_main.py:75 [INFO] Until now, best Prec@1 = 58.0800%
07/30 03:04:53午後 evaluateCell_trainer.py:199 [INFO] Valid: Epoch: [28][50/79]	Step 20416	Loss 1.6227	Prec@(1,5) (57.2%, 85.9%)
07/30 03:04:54午後 evaluateCell_trainer.py:199 [INFO] Valid: Epoch: [28][78/79]	Step 20416	Loss 1.6193	Prec@(1,5) (57.2%, 85.4%)
07/30 03:04:54午後 evaluateCell_trainer.py:206 [INFO] Valid: [ 28/99] Final Prec@1 57.1800%
07/30 03:04:54午後 evaluateCell_main.py:75 [INFO] Until now, best Prec@1 = 58.0800%
07/30 03:06:08午後 evaluateCell_trainer.py:199 [INFO] Valid: Epoch: [29][50/79]	Step 21120	Loss 1.5363	Prec@(1,5) (58.7%, 86.4%)
07/30 03:06:08午後 evaluateCell_trainer.py:199 [INFO] Valid: Epoch: [29][78/79]	Step 21120	Loss 1.5545	Prec@(1,5) (57.7%, 85.9%)
07/30 03:06:08午後 evaluateCell_trainer.py:206 [INFO] Valid: [ 29/99] Final Prec@1 57.7600%
07/30 03:06:09午後 evaluateCell_main.py:75 [INFO] Until now, best Prec@1 = 58.0800%
07/30 03:07:31午後 evaluateCell_trainer.py:199 [INFO] Valid: Epoch: [30][50/79]	Step 21824	Loss 1.6961	Prec@(1,5) (56.2%, 84.1%)
07/30 03:07:32午後 evaluateCell_trainer.py:199 [INFO] Valid: Epoch: [30][78/79]	Step 21824	Loss 1.7180	Prec@(1,5) (56.0%, 83.6%)
07/30 03:07:32午後 evaluateCell_trainer.py:206 [INFO] Valid: [ 30/99] Final Prec@1 55.9400%
07/30 03:07:32午後 evaluateCell_main.py:75 [INFO] Until now, best Prec@1 = 58.0800%
07/30 03:08:52午後 evaluateCell_trainer.py:199 [INFO] Valid: Epoch: [31][50/79]	Step 22528	Loss 1.5465	Prec@(1,5) (59.0%, 85.8%)
07/30 03:08:53午後 evaluateCell_trainer.py:199 [INFO] Valid: Epoch: [31][78/79]	Step 22528	Loss 1.5478	Prec@(1,5) (58.7%, 85.8%)
07/30 03:08:53午後 evaluateCell_trainer.py:206 [INFO] Valid: [ 31/99] Final Prec@1 58.7200%
07/30 03:08:53午後 evaluateCell_main.py:75 [INFO] Until now, best Prec@1 = 58.7200%
07/30 03:10:07午後 evaluateCell_trainer.py:199 [INFO] Valid: Epoch: [32][50/79]	Step 23232	Loss 1.5291	Prec@(1,5) (59.0%, 85.2%)
07/30 03:10:08午後 evaluateCell_trainer.py:199 [INFO] Valid: Epoch: [32][78/79]	Step 23232	Loss 1.5685	Prec@(1,5) (58.2%, 85.1%)
07/30 03:10:08午後 evaluateCell_trainer.py:206 [INFO] Valid: [ 32/99] Final Prec@1 58.2200%
07/30 03:10:08午後 evaluateCell_main.py:75 [INFO] Until now, best Prec@1 = 58.7200%
07/30 03:11:27午後 evaluateCell_trainer.py:199 [INFO] Valid: Epoch: [33][50/79]	Step 23936	Loss 1.5215	Prec@(1,5) (59.2%, 86.0%)
07/30 03:11:28午後 evaluateCell_trainer.py:199 [INFO] Valid: Epoch: [33][78/79]	Step 23936	Loss 1.5028	Prec@(1,5) (59.2%, 86.7%)
07/30 03:11:28午後 evaluateCell_trainer.py:206 [INFO] Valid: [ 33/99] Final Prec@1 59.1200%
07/30 03:11:28午後 evaluateCell_main.py:75 [INFO] Until now, best Prec@1 = 59.1200%
07/30 03:12:42午後 evaluateCell_trainer.py:199 [INFO] Valid: Epoch: [34][50/79]	Step 24640	Loss 1.5738	Prec@(1,5) (59.1%, 85.7%)
07/30 03:12:43午後 evaluateCell_trainer.py:199 [INFO] Valid: Epoch: [34][78/79]	Step 24640	Loss 1.5993	Prec@(1,5) (58.8%, 85.3%)
07/30 03:12:43午後 evaluateCell_trainer.py:206 [INFO] Valid: [ 34/99] Final Prec@1 58.7800%
07/30 03:12:43午後 evaluateCell_main.py:75 [INFO] Until now, best Prec@1 = 59.1200%
07/30 03:13:56午後 evaluateCell_trainer.py:199 [INFO] Valid: Epoch: [35][50/79]	Step 25344	Loss 1.6337	Prec@(1,5) (57.8%, 84.8%)
07/30 03:13:57午後 evaluateCell_trainer.py:199 [INFO] Valid: Epoch: [35][78/79]	Step 25344	Loss 1.6099	Prec@(1,5) (58.2%, 85.2%)
07/30 03:13:57午後 evaluateCell_trainer.py:206 [INFO] Valid: [ 35/99] Final Prec@1 58.1800%
07/30 03:13:57午後 evaluateCell_main.py:75 [INFO] Until now, best Prec@1 = 59.1200%
07/30 03:15:15午後 evaluateCell_trainer.py:199 [INFO] Valid: Epoch: [36][50/79]	Step 26048	Loss 1.5465	Prec@(1,5) (60.6%, 85.8%)
07/30 03:15:16午後 evaluateCell_trainer.py:199 [INFO] Valid: Epoch: [36][78/79]	Step 26048	Loss 1.5223	Prec@(1,5) (60.5%, 86.4%)
07/30 03:15:16午後 evaluateCell_trainer.py:206 [INFO] Valid: [ 36/99] Final Prec@1 60.5600%
07/30 03:15:16午後 evaluateCell_main.py:75 [INFO] Until now, best Prec@1 = 60.5600%
07/30 03:16:34午後 evaluateCell_trainer.py:199 [INFO] Valid: Epoch: [37][50/79]	Step 26752	Loss 1.5451	Prec@(1,5) (59.9%, 86.2%)
07/30 03:16:35午後 evaluateCell_trainer.py:199 [INFO] Valid: Epoch: [37][78/79]	Step 26752	Loss 1.5162	Prec@(1,5) (60.5%, 86.6%)
07/30 03:16:35午後 evaluateCell_trainer.py:206 [INFO] Valid: [ 37/99] Final Prec@1 60.5200%
07/30 03:16:35午後 evaluateCell_main.py:75 [INFO] Until now, best Prec@1 = 60.5600%
07/30 03:17:48午後 evaluateCell_trainer.py:199 [INFO] Valid: Epoch: [38][50/79]	Step 27456	Loss 1.5169	Prec@(1,5) (58.8%, 86.4%)
07/30 03:17:49午後 evaluateCell_trainer.py:199 [INFO] Valid: Epoch: [38][78/79]	Step 27456	Loss 1.5098	Prec@(1,5) (59.1%, 86.7%)
07/30 03:17:49午後 evaluateCell_trainer.py:206 [INFO] Valid: [ 38/99] Final Prec@1 59.0800%
07/30 03:17:49午後 evaluateCell_main.py:75 [INFO] Until now, best Prec@1 = 60.5600%
07/30 03:19:02午後 evaluateCell_trainer.py:199 [INFO] Valid: Epoch: [39][50/79]	Step 28160	Loss 1.4684	Prec@(1,5) (60.7%, 88.0%)
07/30 03:19:03午後 evaluateCell_trainer.py:199 [INFO] Valid: Epoch: [39][78/79]	Step 28160	Loss 1.4848	Prec@(1,5) (60.5%, 87.6%)
07/30 03:19:03午後 evaluateCell_trainer.py:206 [INFO] Valid: [ 39/99] Final Prec@1 60.5400%
07/30 03:19:03午後 evaluateCell_main.py:75 [INFO] Until now, best Prec@1 = 60.5600%
07/30 03:20:26午後 evaluateCell_trainer.py:199 [INFO] Valid: Epoch: [40][50/79]	Step 28864	Loss 1.4660	Prec@(1,5) (61.7%, 88.0%)
07/30 03:20:27午後 evaluateCell_trainer.py:199 [INFO] Valid: Epoch: [40][78/79]	Step 28864	Loss 1.4991	Prec@(1,5) (61.1%, 87.3%)
07/30 03:20:27午後 evaluateCell_trainer.py:206 [INFO] Valid: [ 40/99] Final Prec@1 61.0800%
07/30 03:20:27午後 evaluateCell_main.py:75 [INFO] Until now, best Prec@1 = 61.0800%
07/30 03:21:46午後 evaluateCell_trainer.py:199 [INFO] Valid: Epoch: [41][50/79]	Step 29568	Loss 1.5508	Prec@(1,5) (60.8%, 86.6%)
07/30 03:21:46午後 evaluateCell_trainer.py:199 [INFO] Valid: Epoch: [41][78/79]	Step 29568	Loss 1.5446	Prec@(1,5) (60.7%, 86.7%)
07/30 03:21:46午後 evaluateCell_trainer.py:206 [INFO] Valid: [ 41/99] Final Prec@1 60.6600%
07/30 03:21:46午後 evaluateCell_main.py:75 [INFO] Until now, best Prec@1 = 61.0800%
07/30 03:23:00午後 evaluateCell_trainer.py:199 [INFO] Valid: Epoch: [42][50/79]	Step 30272	Loss 1.4768	Prec@(1,5) (61.2%, 87.3%)
07/30 03:23:01午後 evaluateCell_trainer.py:199 [INFO] Valid: Epoch: [42][78/79]	Step 30272	Loss 1.4788	Prec@(1,5) (61.5%, 87.2%)
07/30 03:23:01午後 evaluateCell_trainer.py:206 [INFO] Valid: [ 42/99] Final Prec@1 61.5400%
07/30 03:23:01午後 evaluateCell_main.py:75 [INFO] Until now, best Prec@1 = 61.5400%
07/30 03:24:16午後 evaluateCell_trainer.py:199 [INFO] Valid: Epoch: [43][50/79]	Step 30976	Loss 1.5290	Prec@(1,5) (60.1%, 86.6%)
07/30 03:24:16午後 evaluateCell_trainer.py:199 [INFO] Valid: Epoch: [43][78/79]	Step 30976	Loss 1.5389	Prec@(1,5) (59.9%, 86.6%)
07/30 03:24:17午後 evaluateCell_trainer.py:206 [INFO] Valid: [ 43/99] Final Prec@1 59.9000%
07/30 03:24:17午後 evaluateCell_main.py:75 [INFO] Until now, best Prec@1 = 61.5400%
07/30 03:25:40午後 evaluateCell_trainer.py:199 [INFO] Valid: Epoch: [44][50/79]	Step 31680	Loss 1.5611	Prec@(1,5) (60.3%, 86.1%)
07/30 03:25:41午後 evaluateCell_trainer.py:199 [INFO] Valid: Epoch: [44][78/79]	Step 31680	Loss 1.5610	Prec@(1,5) (60.4%, 85.7%)
07/30 03:25:41午後 evaluateCell_trainer.py:206 [INFO] Valid: [ 44/99] Final Prec@1 60.4000%
07/30 03:25:41午後 evaluateCell_main.py:75 [INFO] Until now, best Prec@1 = 61.5400%
07/30 03:26:57午後 evaluateCell_trainer.py:199 [INFO] Valid: Epoch: [45][50/79]	Step 32384	Loss 1.4937	Prec@(1,5) (60.9%, 87.7%)
07/30 03:26:58午後 evaluateCell_trainer.py:199 [INFO] Valid: Epoch: [45][78/79]	Step 32384	Loss 1.4758	Prec@(1,5) (61.4%, 87.6%)
07/30 03:26:58午後 evaluateCell_trainer.py:206 [INFO] Valid: [ 45/99] Final Prec@1 61.4600%
07/30 03:26:58午後 evaluateCell_main.py:75 [INFO] Until now, best Prec@1 = 61.5400%
07/30 03:28:16午後 evaluateCell_trainer.py:199 [INFO] Valid: Epoch: [46][50/79]	Step 33088	Loss 1.5150	Prec@(1,5) (60.4%, 86.5%)
07/30 03:28:17午後 evaluateCell_trainer.py:199 [INFO] Valid: Epoch: [46][78/79]	Step 33088	Loss 1.5110	Prec@(1,5) (60.8%, 86.7%)
07/30 03:28:17午後 evaluateCell_trainer.py:206 [INFO] Valid: [ 46/99] Final Prec@1 60.7800%
07/30 03:28:17午後 evaluateCell_main.py:75 [INFO] Until now, best Prec@1 = 61.5400%
07/30 03:29:35午後 evaluateCell_trainer.py:199 [INFO] Valid: Epoch: [47][50/79]	Step 33792	Loss 1.4379	Prec@(1,5) (63.9%, 87.8%)
07/30 03:29:36午後 evaluateCell_trainer.py:199 [INFO] Valid: Epoch: [47][78/79]	Step 33792	Loss 1.4274	Prec@(1,5) (63.7%, 87.9%)
07/30 03:29:36午後 evaluateCell_trainer.py:206 [INFO] Valid: [ 47/99] Final Prec@1 63.7600%
07/30 03:29:36午後 evaluateCell_main.py:75 [INFO] Until now, best Prec@1 = 63.7600%
07/30 03:30:47午後 evaluateCell_trainer.py:199 [INFO] Valid: Epoch: [48][50/79]	Step 34496	Loss 1.5185	Prec@(1,5) (61.2%, 87.0%)
07/30 03:30:47午後 evaluateCell_trainer.py:199 [INFO] Valid: Epoch: [48][78/79]	Step 34496	Loss 1.5305	Prec@(1,5) (60.9%, 86.6%)
07/30 03:30:47午後 evaluateCell_trainer.py:206 [INFO] Valid: [ 48/99] Final Prec@1 60.9200%
07/30 03:30:48午後 evaluateCell_main.py:75 [INFO] Until now, best Prec@1 = 63.7600%
07/30 03:31:59午後 evaluateCell_trainer.py:199 [INFO] Valid: Epoch: [49][50/79]	Step 35200	Loss 1.4330	Prec@(1,5) (62.3%, 87.9%)
07/30 03:32:00午後 evaluateCell_trainer.py:199 [INFO] Valid: Epoch: [49][78/79]	Step 35200	Loss 1.4501	Prec@(1,5) (62.2%, 88.0%)
07/30 03:32:00午後 evaluateCell_trainer.py:206 [INFO] Valid: [ 49/99] Final Prec@1 62.1800%
07/30 03:32:00午後 evaluateCell_main.py:75 [INFO] Until now, best Prec@1 = 63.7600%
07/30 03:33:14午後 evaluateCell_trainer.py:199 [INFO] Valid: Epoch: [50][50/79]	Step 35904	Loss 1.4363	Prec@(1,5) (63.6%, 88.4%)
07/30 03:33:15午後 evaluateCell_trainer.py:199 [INFO] Valid: Epoch: [50][78/79]	Step 35904	Loss 1.4604	Prec@(1,5) (63.3%, 88.1%)
07/30 03:33:15午後 evaluateCell_trainer.py:206 [INFO] Valid: [ 50/99] Final Prec@1 63.2600%
07/30 03:33:15午後 evaluateCell_main.py:75 [INFO] Until now, best Prec@1 = 63.7600%
07/30 03:34:36午後 evaluateCell_trainer.py:199 [INFO] Valid: Epoch: [51][50/79]	Step 36608	Loss 1.4953	Prec@(1,5) (62.0%, 88.3%)
07/30 03:34:37午後 evaluateCell_trainer.py:199 [INFO] Valid: Epoch: [51][78/79]	Step 36608	Loss 1.4724	Prec@(1,5) (62.4%, 88.5%)
07/30 03:34:37午後 evaluateCell_trainer.py:206 [INFO] Valid: [ 51/99] Final Prec@1 62.3800%
07/30 03:34:37午後 evaluateCell_main.py:75 [INFO] Until now, best Prec@1 = 63.7600%
07/30 03:35:55午後 evaluateCell_trainer.py:199 [INFO] Valid: Epoch: [52][50/79]	Step 37312	Loss 1.4770	Prec@(1,5) (62.7%, 88.1%)
07/30 03:35:56午後 evaluateCell_trainer.py:199 [INFO] Valid: Epoch: [52][78/79]	Step 37312	Loss 1.4634	Prec@(1,5) (62.4%, 88.3%)
07/30 03:35:56午後 evaluateCell_trainer.py:206 [INFO] Valid: [ 52/99] Final Prec@1 62.4200%
07/30 03:35:56午後 evaluateCell_main.py:75 [INFO] Until now, best Prec@1 = 63.7600%
07/30 03:37:10午後 evaluateCell_trainer.py:199 [INFO] Valid: Epoch: [53][50/79]	Step 38016	Loss 1.4515	Prec@(1,5) (63.0%, 88.3%)
07/30 03:37:11午後 evaluateCell_trainer.py:199 [INFO] Valid: Epoch: [53][78/79]	Step 38016	Loss 1.4340	Prec@(1,5) (63.0%, 88.6%)
07/30 03:37:11午後 evaluateCell_trainer.py:206 [INFO] Valid: [ 53/99] Final Prec@1 62.9800%
07/30 03:37:11午後 evaluateCell_main.py:75 [INFO] Until now, best Prec@1 = 63.7600%
07/30 03:38:33午後 evaluateCell_trainer.py:199 [INFO] Valid: Epoch: [54][50/79]	Step 38720	Loss 1.4936	Prec@(1,5) (62.9%, 87.9%)
07/30 03:38:34午後 evaluateCell_trainer.py:199 [INFO] Valid: Epoch: [54][78/79]	Step 38720	Loss 1.4811	Prec@(1,5) (63.2%, 88.3%)
07/30 03:38:34午後 evaluateCell_trainer.py:206 [INFO] Valid: [ 54/99] Final Prec@1 63.1800%
07/30 03:38:34午後 evaluateCell_main.py:75 [INFO] Until now, best Prec@1 = 63.7600%
07/30 03:39:49午後 evaluateCell_trainer.py:199 [INFO] Valid: Epoch: [55][50/79]	Step 39424	Loss 1.5265	Prec@(1,5) (62.1%, 87.4%)
07/30 03:39:50午後 evaluateCell_trainer.py:199 [INFO] Valid: Epoch: [55][78/79]	Step 39424	Loss 1.4995	Prec@(1,5) (62.9%, 87.6%)
07/30 03:39:50午後 evaluateCell_trainer.py:206 [INFO] Valid: [ 55/99] Final Prec@1 62.8600%
07/30 03:39:50午後 evaluateCell_main.py:75 [INFO] Until now, best Prec@1 = 63.7600%
07/30 03:41:03午後 evaluateCell_trainer.py:199 [INFO] Valid: Epoch: [56][50/79]	Step 40128	Loss 1.4564	Prec@(1,5) (63.6%, 88.3%)
07/30 03:41:04午後 evaluateCell_trainer.py:199 [INFO] Valid: Epoch: [56][78/79]	Step 40128	Loss 1.4135	Prec@(1,5) (64.3%, 88.8%)
07/30 03:41:04午後 evaluateCell_trainer.py:206 [INFO] Valid: [ 56/99] Final Prec@1 64.3000%
07/30 03:41:04午後 evaluateCell_main.py:75 [INFO] Until now, best Prec@1 = 64.3000%
07/30 03:42:24午後 evaluateCell_trainer.py:199 [INFO] Valid: Epoch: [57][50/79]	Step 40832	Loss 1.3950	Prec@(1,5) (63.9%, 88.7%)
07/30 03:42:25午後 evaluateCell_trainer.py:199 [INFO] Valid: Epoch: [57][78/79]	Step 40832	Loss 1.4365	Prec@(1,5) (63.7%, 88.4%)
07/30 03:42:25午後 evaluateCell_trainer.py:206 [INFO] Valid: [ 57/99] Final Prec@1 63.6600%
07/30 03:42:25午後 evaluateCell_main.py:75 [INFO] Until now, best Prec@1 = 64.3000%
07/30 03:43:41午後 evaluateCell_trainer.py:199 [INFO] Valid: Epoch: [58][50/79]	Step 41536	Loss 1.4522	Prec@(1,5) (64.2%, 88.3%)
07/30 03:43:42午後 evaluateCell_trainer.py:199 [INFO] Valid: Epoch: [58][78/79]	Step 41536	Loss 1.4316	Prec@(1,5) (64.7%, 88.4%)
07/30 03:43:42午後 evaluateCell_trainer.py:206 [INFO] Valid: [ 58/99] Final Prec@1 64.6800%
07/30 03:43:42午後 evaluateCell_main.py:75 [INFO] Until now, best Prec@1 = 64.6800%
07/30 03:44:56午後 evaluateCell_trainer.py:199 [INFO] Valid: Epoch: [59][50/79]	Step 42240	Loss 1.4428	Prec@(1,5) (64.2%, 88.5%)
07/30 03:44:56午後 evaluateCell_trainer.py:199 [INFO] Valid: Epoch: [59][78/79]	Step 42240	Loss 1.4484	Prec@(1,5) (64.4%, 88.7%)
07/30 03:44:56午後 evaluateCell_trainer.py:206 [INFO] Valid: [ 59/99] Final Prec@1 64.4000%
07/30 03:44:57午後 evaluateCell_main.py:75 [INFO] Until now, best Prec@1 = 64.6800%
07/30 03:46:18午後 evaluateCell_trainer.py:199 [INFO] Valid: Epoch: [60][50/79]	Step 42944	Loss 1.4960	Prec@(1,5) (63.6%, 88.2%)
07/30 03:46:19午後 evaluateCell_trainer.py:199 [INFO] Valid: Epoch: [60][78/79]	Step 42944	Loss 1.4768	Prec@(1,5) (64.0%, 88.4%)
07/30 03:46:19午後 evaluateCell_trainer.py:206 [INFO] Valid: [ 60/99] Final Prec@1 64.0000%
07/30 03:46:19午後 evaluateCell_main.py:75 [INFO] Until now, best Prec@1 = 64.6800%
07/30 03:47:33午後 evaluateCell_trainer.py:199 [INFO] Valid: Epoch: [61][50/79]	Step 43648	Loss 1.4477	Prec@(1,5) (64.9%, 88.6%)
07/30 03:47:34午後 evaluateCell_trainer.py:199 [INFO] Valid: Epoch: [61][78/79]	Step 43648	Loss 1.4250	Prec@(1,5) (65.2%, 88.8%)
07/30 03:47:34午後 evaluateCell_trainer.py:206 [INFO] Valid: [ 61/99] Final Prec@1 65.1600%
07/30 03:47:34午後 evaluateCell_main.py:75 [INFO] Until now, best Prec@1 = 65.1600%
07/30 03:48:47午後 evaluateCell_trainer.py:199 [INFO] Valid: Epoch: [62][50/79]	Step 44352	Loss 1.4188	Prec@(1,5) (65.5%, 89.3%)
07/30 03:48:48午後 evaluateCell_trainer.py:199 [INFO] Valid: Epoch: [62][78/79]	Step 44352	Loss 1.4298	Prec@(1,5) (65.2%, 89.3%)
07/30 03:48:48午後 evaluateCell_trainer.py:206 [INFO] Valid: [ 62/99] Final Prec@1 65.2000%
07/30 03:48:48午後 evaluateCell_main.py:75 [INFO] Until now, best Prec@1 = 65.2000%
07/30 03:50:07午後 evaluateCell_trainer.py:199 [INFO] Valid: Epoch: [63][50/79]	Step 45056	Loss 1.4333	Prec@(1,5) (65.5%, 88.7%)
07/30 03:50:08午後 evaluateCell_trainer.py:199 [INFO] Valid: Epoch: [63][78/79]	Step 45056	Loss 1.4164	Prec@(1,5) (65.3%, 89.1%)
07/30 03:50:08午後 evaluateCell_trainer.py:206 [INFO] Valid: [ 63/99] Final Prec@1 65.3400%
07/30 03:50:08午後 evaluateCell_main.py:75 [INFO] Until now, best Prec@1 = 65.3400%
07/30 03:51:22午後 evaluateCell_trainer.py:199 [INFO] Valid: Epoch: [64][50/79]	Step 45760	Loss 1.4046	Prec@(1,5) (65.7%, 89.5%)
07/30 03:51:23午後 evaluateCell_trainer.py:199 [INFO] Valid: Epoch: [64][78/79]	Step 45760	Loss 1.3992	Prec@(1,5) (65.8%, 89.4%)
07/30 03:51:23午後 evaluateCell_trainer.py:206 [INFO] Valid: [ 64/99] Final Prec@1 65.7800%
07/30 03:51:23午後 evaluateCell_main.py:75 [INFO] Until now, best Prec@1 = 65.7800%
07/30 03:52:37午後 evaluateCell_trainer.py:199 [INFO] Valid: Epoch: [65][50/79]	Step 46464	Loss 1.4150	Prec@(1,5) (65.9%, 89.5%)
07/30 03:52:37午後 evaluateCell_trainer.py:199 [INFO] Valid: Epoch: [65][78/79]	Step 46464	Loss 1.4379	Prec@(1,5) (65.7%, 89.0%)
07/30 03:52:38午後 evaluateCell_trainer.py:206 [INFO] Valid: [ 65/99] Final Prec@1 65.7000%
07/30 03:52:38午後 evaluateCell_main.py:75 [INFO] Until now, best Prec@1 = 65.7800%
07/30 03:53:52午後 evaluateCell_trainer.py:199 [INFO] Valid: Epoch: [66][50/79]	Step 47168	Loss 1.4983	Prec@(1,5) (65.6%, 88.5%)
07/30 03:53:53午後 evaluateCell_trainer.py:199 [INFO] Valid: Epoch: [66][78/79]	Step 47168	Loss 1.4705	Prec@(1,5) (65.6%, 88.9%)
07/30 03:53:53午後 evaluateCell_trainer.py:206 [INFO] Valid: [ 66/99] Final Prec@1 65.6000%
07/30 03:53:53午後 evaluateCell_main.py:75 [INFO] Until now, best Prec@1 = 65.7800%
07/30 03:55:17午後 evaluateCell_trainer.py:199 [INFO] Valid: Epoch: [67][50/79]	Step 47872	Loss 1.3667	Prec@(1,5) (66.5%, 90.0%)
07/30 03:55:17午後 evaluateCell_trainer.py:199 [INFO] Valid: Epoch: [67][78/79]	Step 47872	Loss 1.4158	Prec@(1,5) (65.8%, 89.4%)
07/30 03:55:17午後 evaluateCell_trainer.py:206 [INFO] Valid: [ 67/99] Final Prec@1 65.8200%
07/30 03:55:18午後 evaluateCell_main.py:75 [INFO] Until now, best Prec@1 = 65.8200%
07/30 03:56:32午後 evaluateCell_trainer.py:199 [INFO] Valid: Epoch: [68][50/79]	Step 48576	Loss 1.4491	Prec@(1,5) (65.0%, 89.0%)
07/30 03:56:33午後 evaluateCell_trainer.py:199 [INFO] Valid: Epoch: [68][78/79]	Step 48576	Loss 1.4394	Prec@(1,5) (65.4%, 89.4%)
07/30 03:56:33午後 evaluateCell_trainer.py:206 [INFO] Valid: [ 68/99] Final Prec@1 65.4400%
07/30 03:56:33午後 evaluateCell_main.py:75 [INFO] Until now, best Prec@1 = 65.8200%
07/30 03:57:47午後 evaluateCell_trainer.py:199 [INFO] Valid: Epoch: [69][50/79]	Step 49280	Loss 1.4289	Prec@(1,5) (66.0%, 89.9%)
07/30 03:57:48午後 evaluateCell_trainer.py:199 [INFO] Valid: Epoch: [69][78/79]	Step 49280	Loss 1.4403	Prec@(1,5) (65.6%, 89.7%)
07/30 03:57:48午後 evaluateCell_trainer.py:206 [INFO] Valid: [ 69/99] Final Prec@1 65.5400%
07/30 03:57:48午後 evaluateCell_main.py:75 [INFO] Until now, best Prec@1 = 65.8200%
07/30 03:59:02午後 evaluateCell_trainer.py:199 [INFO] Valid: Epoch: [70][50/79]	Step 49984	Loss 1.4562	Prec@(1,5) (66.8%, 89.0%)
07/30 03:59:03午後 evaluateCell_trainer.py:199 [INFO] Valid: Epoch: [70][78/79]	Step 49984	Loss 1.4406	Prec@(1,5) (66.7%, 89.4%)
07/30 03:59:03午後 evaluateCell_trainer.py:206 [INFO] Valid: [ 70/99] Final Prec@1 66.7600%
07/30 03:59:04午後 evaluateCell_main.py:75 [INFO] Until now, best Prec@1 = 66.7600%
07/30 04:00:26午後 evaluateCell_trainer.py:199 [INFO] Valid: Epoch: [71][50/79]	Step 50688	Loss 1.3552	Prec@(1,5) (67.5%, 90.6%)
07/30 04:00:27午後 evaluateCell_trainer.py:199 [INFO] Valid: Epoch: [71][78/79]	Step 50688	Loss 1.3724	Prec@(1,5) (66.9%, 90.5%)
07/30 04:00:27午後 evaluateCell_trainer.py:206 [INFO] Valid: [ 71/99] Final Prec@1 66.8600%
07/30 04:00:28午後 evaluateCell_main.py:75 [INFO] Until now, best Prec@1 = 66.8600%
07/30 04:01:50午後 evaluateCell_trainer.py:199 [INFO] Valid: Epoch: [72][50/79]	Step 51392	Loss 1.3923	Prec@(1,5) (66.9%, 90.1%)
07/30 04:01:50午後 evaluateCell_trainer.py:199 [INFO] Valid: Epoch: [72][78/79]	Step 51392	Loss 1.3912	Prec@(1,5) (67.0%, 90.0%)
07/30 04:01:50午後 evaluateCell_trainer.py:206 [INFO] Valid: [ 72/99] Final Prec@1 66.9600%
07/30 04:01:51午後 evaluateCell_main.py:75 [INFO] Until now, best Prec@1 = 66.9600%
07/30 04:03:11午後 evaluateCell_trainer.py:199 [INFO] Valid: Epoch: [73][50/79]	Step 52096	Loss 1.4237	Prec@(1,5) (66.9%, 89.6%)
07/30 04:03:12午後 evaluateCell_trainer.py:199 [INFO] Valid: Epoch: [73][78/79]	Step 52096	Loss 1.3896	Prec@(1,5) (67.6%, 89.9%)
07/30 04:03:12午後 evaluateCell_trainer.py:206 [INFO] Valid: [ 73/99] Final Prec@1 67.6200%
07/30 04:03:12午後 evaluateCell_main.py:75 [INFO] Until now, best Prec@1 = 67.6200%
07/30 04:04:26午後 evaluateCell_trainer.py:199 [INFO] Valid: Epoch: [74][50/79]	Step 52800	Loss 1.4408	Prec@(1,5) (65.6%, 90.3%)
07/30 04:04:27午後 evaluateCell_trainer.py:199 [INFO] Valid: Epoch: [74][78/79]	Step 52800	Loss 1.4032	Prec@(1,5) (66.9%, 90.3%)
07/30 04:04:27午後 evaluateCell_trainer.py:206 [INFO] Valid: [ 74/99] Final Prec@1 66.9600%
07/30 04:04:27午後 evaluateCell_main.py:75 [INFO] Until now, best Prec@1 = 67.6200%
07/30 04:05:40午後 evaluateCell_trainer.py:199 [INFO] Valid: Epoch: [75][50/79]	Step 53504	Loss 1.4510	Prec@(1,5) (66.0%, 89.4%)
07/30 04:05:40午後 evaluateCell_trainer.py:199 [INFO] Valid: Epoch: [75][78/79]	Step 53504	Loss 1.3901	Prec@(1,5) (67.0%, 90.0%)
07/30 04:05:41午後 evaluateCell_trainer.py:206 [INFO] Valid: [ 75/99] Final Prec@1 67.0200%
07/30 04:05:41午後 evaluateCell_main.py:75 [INFO] Until now, best Prec@1 = 67.6200%
07/30 04:07:01午後 evaluateCell_trainer.py:199 [INFO] Valid: Epoch: [76][50/79]	Step 54208	Loss 1.4089	Prec@(1,5) (67.5%, 90.4%)
07/30 04:07:02午後 evaluateCell_trainer.py:199 [INFO] Valid: Epoch: [76][78/79]	Step 54208	Loss 1.4075	Prec@(1,5) (67.1%, 90.1%)
07/30 04:07:02午後 evaluateCell_trainer.py:206 [INFO] Valid: [ 76/99] Final Prec@1 67.0800%
07/30 04:07:02午後 evaluateCell_main.py:75 [INFO] Until now, best Prec@1 = 67.6200%
07/30 04:08:15午後 evaluateCell_trainer.py:199 [INFO] Valid: Epoch: [77][50/79]	Step 54912	Loss 1.3908	Prec@(1,5) (67.0%, 90.5%)
07/30 04:08:16午後 evaluateCell_trainer.py:199 [INFO] Valid: Epoch: [77][78/79]	Step 54912	Loss 1.3594	Prec@(1,5) (67.5%, 90.7%)
07/30 04:08:16午後 evaluateCell_trainer.py:206 [INFO] Valid: [ 77/99] Final Prec@1 67.5200%
07/30 04:08:16午後 evaluateCell_main.py:75 [INFO] Until now, best Prec@1 = 67.6200%
07/30 04:09:39午後 evaluateCell_trainer.py:199 [INFO] Valid: Epoch: [78][50/79]	Step 55616	Loss 1.3918	Prec@(1,5) (66.7%, 90.7%)
07/30 04:09:39午後 evaluateCell_trainer.py:199 [INFO] Valid: Epoch: [78][78/79]	Step 55616	Loss 1.3889	Prec@(1,5) (67.0%, 90.5%)
07/30 04:09:39午後 evaluateCell_trainer.py:206 [INFO] Valid: [ 78/99] Final Prec@1 67.0200%
07/30 04:09:40午後 evaluateCell_main.py:75 [INFO] Until now, best Prec@1 = 67.6200%
07/30 04:11:02午後 evaluateCell_trainer.py:199 [INFO] Valid: Epoch: [79][50/79]	Step 56320	Loss 1.3883	Prec@(1,5) (67.2%, 90.7%)
07/30 04:11:02午後 evaluateCell_trainer.py:199 [INFO] Valid: Epoch: [79][78/79]	Step 56320	Loss 1.3706	Prec@(1,5) (67.4%, 90.8%)
07/30 04:11:03午後 evaluateCell_trainer.py:206 [INFO] Valid: [ 79/99] Final Prec@1 67.4000%
07/30 04:11:03午後 evaluateCell_main.py:75 [INFO] Until now, best Prec@1 = 67.6200%
07/30 04:12:18午後 evaluateCell_trainer.py:199 [INFO] Valid: Epoch: [80][50/79]	Step 57024	Loss 1.3543	Prec@(1,5) (68.8%, 90.5%)
07/30 04:12:18午後 evaluateCell_trainer.py:199 [INFO] Valid: Epoch: [80][78/79]	Step 57024	Loss 1.3838	Prec@(1,5) (68.3%, 90.4%)
07/30 04:12:18午後 evaluateCell_trainer.py:206 [INFO] Valid: [ 80/99] Final Prec@1 68.2800%
07/30 04:12:19午後 evaluateCell_main.py:75 [INFO] Until now, best Prec@1 = 68.2800%
07/30 04:13:41午後 evaluateCell_trainer.py:199 [INFO] Valid: Epoch: [81][50/79]	Step 57728	Loss 1.4275	Prec@(1,5) (68.1%, 90.0%)
07/30 04:13:42午後 evaluateCell_trainer.py:199 [INFO] Valid: Epoch: [81][78/79]	Step 57728	Loss 1.4273	Prec@(1,5) (68.1%, 89.9%)
07/30 04:13:42午後 evaluateCell_trainer.py:206 [INFO] Valid: [ 81/99] Final Prec@1 68.0800%
07/30 04:13:42午後 evaluateCell_main.py:75 [INFO] Until now, best Prec@1 = 68.2800%
07/30 04:14:56午後 evaluateCell_trainer.py:199 [INFO] Valid: Epoch: [82][50/79]	Step 58432	Loss 1.3722	Prec@(1,5) (68.7%, 90.3%)
07/30 04:14:57午後 evaluateCell_trainer.py:199 [INFO] Valid: Epoch: [82][78/79]	Step 58432	Loss 1.3754	Prec@(1,5) (68.6%, 90.3%)
07/30 04:14:57午後 evaluateCell_trainer.py:206 [INFO] Valid: [ 82/99] Final Prec@1 68.6600%
07/30 04:14:57午後 evaluateCell_main.py:75 [INFO] Until now, best Prec@1 = 68.6600%
07/30 04:16:12午後 evaluateCell_trainer.py:199 [INFO] Valid: Epoch: [83][50/79]	Step 59136	Loss 1.3870	Prec@(1,5) (68.0%, 90.5%)
07/30 04:16:12午後 evaluateCell_trainer.py:199 [INFO] Valid: Epoch: [83][78/79]	Step 59136	Loss 1.3706	Prec@(1,5) (68.7%, 90.5%)
07/30 04:16:13午後 evaluateCell_trainer.py:206 [INFO] Valid: [ 83/99] Final Prec@1 68.6800%
07/30 04:16:13午後 evaluateCell_main.py:75 [INFO] Until now, best Prec@1 = 68.6800%
07/30 04:17:31午後 evaluateCell_trainer.py:199 [INFO] Valid: Epoch: [84][50/79]	Step 59840	Loss 1.3828	Prec@(1,5) (68.2%, 90.7%)
07/30 04:17:32午後 evaluateCell_trainer.py:199 [INFO] Valid: Epoch: [84][78/79]	Step 59840	Loss 1.3792	Prec@(1,5) (68.4%, 90.8%)
07/30 04:17:32午後 evaluateCell_trainer.py:206 [INFO] Valid: [ 84/99] Final Prec@1 68.4400%
07/30 04:17:32午後 evaluateCell_main.py:75 [INFO] Until now, best Prec@1 = 68.6800%
07/30 04:18:51午後 evaluateCell_trainer.py:199 [INFO] Valid: Epoch: [85][50/79]	Step 60544	Loss 1.4328	Prec@(1,5) (66.8%, 90.4%)
07/30 04:18:51午後 evaluateCell_trainer.py:199 [INFO] Valid: Epoch: [85][78/79]	Step 60544	Loss 1.3998	Prec@(1,5) (67.7%, 90.5%)
07/30 04:18:51午後 evaluateCell_trainer.py:206 [INFO] Valid: [ 85/99] Final Prec@1 67.6800%
07/30 04:18:52午後 evaluateCell_main.py:75 [INFO] Until now, best Prec@1 = 68.6800%
07/30 04:20:10午後 evaluateCell_trainer.py:199 [INFO] Valid: Epoch: [86][50/79]	Step 61248	Loss 1.3935	Prec@(1,5) (67.9%, 90.7%)
07/30 04:20:11午後 evaluateCell_trainer.py:199 [INFO] Valid: Epoch: [86][78/79]	Step 61248	Loss 1.3859	Prec@(1,5) (68.5%, 90.6%)
07/30 04:20:11午後 evaluateCell_trainer.py:206 [INFO] Valid: [ 86/99] Final Prec@1 68.5000%
07/30 04:20:11午後 evaluateCell_main.py:75 [INFO] Until now, best Prec@1 = 68.6800%
07/30 04:21:26午後 evaluateCell_trainer.py:199 [INFO] Valid: Epoch: [87][50/79]	Step 61952	Loss 1.4233	Prec@(1,5) (67.3%, 90.5%)
07/30 04:21:27午後 evaluateCell_trainer.py:199 [INFO] Valid: Epoch: [87][78/79]	Step 61952	Loss 1.3934	Prec@(1,5) (67.9%, 90.7%)
07/30 04:21:27午後 evaluateCell_trainer.py:206 [INFO] Valid: [ 87/99] Final Prec@1 67.8600%
07/30 04:21:27午後 evaluateCell_main.py:75 [INFO] Until now, best Prec@1 = 68.6800%
07/30 04:22:44午後 evaluateCell_trainer.py:199 [INFO] Valid: Epoch: [88][50/79]	Step 62656	Loss 1.3827	Prec@(1,5) (69.0%, 91.3%)
07/30 04:22:45午後 evaluateCell_trainer.py:199 [INFO] Valid: Epoch: [88][78/79]	Step 62656	Loss 1.3963	Prec@(1,5) (68.7%, 91.0%)
07/30 04:22:45午後 evaluateCell_trainer.py:206 [INFO] Valid: [ 88/99] Final Prec@1 68.7600%
07/30 04:22:46午後 evaluateCell_main.py:75 [INFO] Until now, best Prec@1 = 68.7600%
07/30 04:23:59午後 evaluateCell_trainer.py:199 [INFO] Valid: Epoch: [89][50/79]	Step 63360	Loss 1.3909	Prec@(1,5) (68.7%, 90.6%)
07/30 04:24:00午後 evaluateCell_trainer.py:199 [INFO] Valid: Epoch: [89][78/79]	Step 63360	Loss 1.3986	Prec@(1,5) (68.9%, 91.0%)
07/30 04:24:00午後 evaluateCell_trainer.py:206 [INFO] Valid: [ 89/99] Final Prec@1 68.8400%
07/30 04:24:00午後 evaluateCell_main.py:75 [INFO] Until now, best Prec@1 = 68.8400%
07/30 04:25:14午後 evaluateCell_trainer.py:199 [INFO] Valid: Epoch: [90][50/79]	Step 64064	Loss 1.3860	Prec@(1,5) (68.7%, 90.9%)
07/30 04:25:15午後 evaluateCell_trainer.py:199 [INFO] Valid: Epoch: [90][78/79]	Step 64064	Loss 1.3743	Prec@(1,5) (68.9%, 91.3%)
07/30 04:25:15午後 evaluateCell_trainer.py:206 [INFO] Valid: [ 90/99] Final Prec@1 68.8800%
07/30 04:25:15午後 evaluateCell_main.py:75 [INFO] Until now, best Prec@1 = 68.8800%
07/30 04:26:30午後 evaluateCell_trainer.py:199 [INFO] Valid: Epoch: [91][50/79]	Step 64768	Loss 1.4061	Prec@(1,5) (68.1%, 91.0%)
07/30 04:26:30午後 evaluateCell_trainer.py:199 [INFO] Valid: Epoch: [91][78/79]	Step 64768	Loss 1.4091	Prec@(1,5) (67.7%, 90.8%)
07/30 04:26:30午後 evaluateCell_trainer.py:206 [INFO] Valid: [ 91/99] Final Prec@1 67.7800%
07/30 04:26:30午後 evaluateCell_main.py:75 [INFO] Until now, best Prec@1 = 68.8800%
07/30 04:27:43午後 evaluateCell_trainer.py:199 [INFO] Valid: Epoch: [92][50/79]	Step 65472	Loss 1.3847	Prec@(1,5) (68.7%, 91.4%)
07/30 04:27:44午後 evaluateCell_trainer.py:199 [INFO] Valid: Epoch: [92][78/79]	Step 65472	Loss 1.3960	Prec@(1,5) (68.4%, 91.3%)
07/30 04:27:44午後 evaluateCell_trainer.py:206 [INFO] Valid: [ 92/99] Final Prec@1 68.3800%
07/30 04:27:44午後 evaluateCell_main.py:75 [INFO] Until now, best Prec@1 = 68.8800%
07/30 04:29:08午後 evaluateCell_trainer.py:199 [INFO] Valid: Epoch: [93][50/79]	Step 66176	Loss 1.3595	Prec@(1,5) (69.3%, 91.6%)
07/30 04:29:08午後 evaluateCell_trainer.py:199 [INFO] Valid: Epoch: [93][78/79]	Step 66176	Loss 1.3813	Prec@(1,5) (69.0%, 91.0%)
07/30 04:29:09午後 evaluateCell_trainer.py:206 [INFO] Valid: [ 93/99] Final Prec@1 69.0000%
07/30 04:29:09午後 evaluateCell_main.py:75 [INFO] Until now, best Prec@1 = 69.0000%
07/30 04:30:24午後 evaluateCell_trainer.py:199 [INFO] Valid: Epoch: [94][50/79]	Step 66880	Loss 1.3873	Prec@(1,5) (68.8%, 90.8%)
07/30 04:30:24午後 evaluateCell_trainer.py:199 [INFO] Valid: Epoch: [94][78/79]	Step 66880	Loss 1.3942	Prec@(1,5) (68.9%, 90.9%)
07/30 04:30:24午後 evaluateCell_trainer.py:206 [INFO] Valid: [ 94/99] Final Prec@1 68.9000%
07/30 04:30:25午後 evaluateCell_main.py:75 [INFO] Until now, best Prec@1 = 69.0000%
07/30 04:31:38午後 evaluateCell_trainer.py:199 [INFO] Valid: Epoch: [95][50/79]	Step 67584	Loss 1.3644	Prec@(1,5) (69.0%, 90.6%)
07/30 04:31:39午後 evaluateCell_trainer.py:199 [INFO] Valid: Epoch: [95][78/79]	Step 67584	Loss 1.3863	Prec@(1,5) (68.8%, 90.7%)
07/30 04:31:39午後 evaluateCell_trainer.py:206 [INFO] Valid: [ 95/99] Final Prec@1 68.7800%
07/30 04:31:39午後 evaluateCell_main.py:75 [INFO] Until now, best Prec@1 = 69.0000%
07/30 04:32:53午後 evaluateCell_trainer.py:199 [INFO] Valid: Epoch: [96][50/79]	Step 68288	Loss 1.4332	Prec@(1,5) (68.1%, 90.7%)
07/30 04:32:54午後 evaluateCell_trainer.py:199 [INFO] Valid: Epoch: [96][78/79]	Step 68288	Loss 1.3968	Prec@(1,5) (69.0%, 90.8%)
07/30 04:32:54午後 evaluateCell_trainer.py:206 [INFO] Valid: [ 96/99] Final Prec@1 68.9800%
07/30 04:32:54午後 evaluateCell_main.py:75 [INFO] Until now, best Prec@1 = 69.0000%
07/30 04:34:10午後 evaluateCell_trainer.py:199 [INFO] Valid: Epoch: [97][50/79]	Step 68992	Loss 1.4439	Prec@(1,5) (68.9%, 89.7%)
07/30 04:34:11午後 evaluateCell_trainer.py:199 [INFO] Valid: Epoch: [97][78/79]	Step 68992	Loss 1.4218	Prec@(1,5) (68.8%, 90.3%)
07/30 04:34:11午後 evaluateCell_trainer.py:206 [INFO] Valid: [ 97/99] Final Prec@1 68.7800%
07/30 04:34:11午後 evaluateCell_main.py:75 [INFO] Until now, best Prec@1 = 69.0000%
07/30 04:35:28午後 evaluateCell_trainer.py:199 [INFO] Valid: Epoch: [98][50/79]	Step 69696	Loss 1.3977	Prec@(1,5) (69.3%, 90.6%)
07/30 04:35:29午後 evaluateCell_trainer.py:199 [INFO] Valid: Epoch: [98][78/79]	Step 69696	Loss 1.3786	Prec@(1,5) (69.3%, 91.1%)
07/30 04:35:29午後 evaluateCell_trainer.py:206 [INFO] Valid: [ 98/99] Final Prec@1 69.2800%
07/30 04:35:29午後 evaluateCell_main.py:75 [INFO] Until now, best Prec@1 = 69.2800%
07/30 04:36:46午後 evaluateCell_trainer.py:199 [INFO] Valid: Epoch: [99][50/79]	Step 70400	Loss 1.4230	Prec@(1,5) (68.7%, 90.3%)
07/30 04:36:47午後 evaluateCell_trainer.py:199 [INFO] Valid: Epoch: [99][78/79]	Step 70400	Loss 1.3852	Prec@(1,5) (69.3%, 90.7%)
07/30 04:36:47午後 evaluateCell_trainer.py:206 [INFO] Valid: [ 99/99] Final Prec@1 69.3400%
07/30 04:36:47午後 evaluateCell_main.py:75 [INFO] Until now, best Prec@1 = 69.3400%
07/30 04:36:47午後 evaluateCell_main.py:79 [INFO] Final best Prec@1 = 69.3400%
