08/06 02:12:10AM parser.py:28 [INFO] 
08/06 02:12:10AM parser.py:29 [INFO] Parameters:
08/06 02:12:10AM parser.py:31 [INFO] T=1.0
08/06 02:12:10AM parser.py:31 [INFO] ADVANCED=True
08/06 02:12:10AM parser.py:31 [INFO] AUX_WEIGHT=0.4
08/06 02:12:10AM parser.py:31 [INFO] BATCH_SIZE=64
08/06 02:12:10AM parser.py:31 [INFO] CUTOUT_LENGTH=16
08/06 02:12:10AM parser.py:31 [INFO] DATA_PATH=../data/
08/06 02:12:10AM parser.py:31 [INFO] DATASET=cifar100
08/06 02:12:10AM parser.py:31 [INFO] DESCRIPTION=evaluate_arch_weight_only_KD
08/06 02:12:10AM parser.py:31 [INFO] DROP_PATH_PROB=0.2
08/06 02:12:10AM parser.py:31 [INFO] EPOCHS=100
08/06 02:12:10AM parser.py:31 [INFO] EXP_NAME=181828-20240806-021210
08/06 02:12:10AM parser.py:31 [INFO] GENOTYPE=Genotype3(normal1=[[('sep_conv_3x3', 0), ('sep_conv_3x3', 1)], [('sep_conv_3x3', 1), ('sep_conv_3x3', 0)], [('sep_conv_3x3', 1), ('sep_conv_3x3', 2)], [('sep_conv_3x3', 3), ('sep_conv_3x3', 0)]], normal1_concat=range(2, 6), reduce1=[[('sep_conv_5x5', 0), ('sep_conv_5x5', 1)], [('sep_conv_3x3', 2), ('sep_conv_3x3', 1)], [('dil_conv_3x3', 3), ('sep_conv_3x3', 2)], [('sep_conv_3x3', 2), ('dil_conv_5x5', 3)]], reduce1_concat=range(2, 6), normal2=[[('skip_connect', 0), ('skip_connect', 1)], [('skip_connect', 0), ('skip_connect', 2)], [('skip_connect', 0), ('avg_pool_3x3', 1)], [('skip_connect', 0), ('sep_conv_3x3', 4)]], normal2_concat=range(2, 6), reduce2=[[('avg_pool_3x3', 0), ('avg_pool_3x3', 1)], [('avg_pool_3x3', 0), ('skip_connect', 2)], [('avg_pool_3x3', 0), ('skip_connect', 2)], [('avg_pool_3x3', 0), ('skip_connect', 3)]], reduce2_concat=range(2, 6), normal3=[[('skip_connect', 0), ('dil_conv_5x5', 1)], [('skip_connect', 0), ('skip_connect', 2)], [('skip_connect', 0), ('dil_conv_3x3', 3)], [('skip_connect', 0), ('skip_connect', 2)]], normal3_concat=range(2, 6))
08/06 02:12:10AM parser.py:31 [INFO] GPUS=[0]
08/06 02:12:10AM parser.py:31 [INFO] GRAD_CLIP=5.0
08/06 02:12:10AM parser.py:31 [INFO] INIT_CHANNELS=32
08/06 02:12:10AM parser.py:31 [INFO] L=1.0
08/06 02:12:10AM parser.py:31 [INFO] LAYERS=20
08/06 02:12:10AM parser.py:31 [INFO] LOGGER=<Logger H-DAS (INFO)>
08/06 02:12:10AM parser.py:31 [INFO] LR=0.025
08/06 02:12:10AM parser.py:31 [INFO] LR_MIN=0.001
08/06 02:12:10AM parser.py:31 [INFO] MOMENTUM=0.9
08/06 02:12:10AM parser.py:31 [INFO] NAME=ARCH_WEIGHT
08/06 02:12:10AM parser.py:31 [INFO] NONKD=True
08/06 02:12:10AM parser.py:31 [INFO] PATH=results/evaluate_cell_KD/cifar100/ARCH_WEIGHT/181828-20240806-021210
08/06 02:12:10AM parser.py:31 [INFO] PRINT_FREQ=50
08/06 02:12:10AM parser.py:31 [INFO] RESUME_PATH=None
08/06 02:12:10AM parser.py:31 [INFO] SAVE=181828
08/06 02:12:10AM parser.py:31 [INFO] SEED=0
08/06 02:12:10AM parser.py:31 [INFO] TEACHER_NAME=non
08/06 02:12:10AM parser.py:31 [INFO] TEACHER_PATH=non
08/06 02:12:10AM parser.py:31 [INFO] TRAIN_PORTION=0.9
08/06 02:12:10AM parser.py:31 [INFO] WEIGHT_DECAY=0.0003
08/06 02:12:10AM parser.py:31 [INFO] WORKERS=4
08/06 02:12:10AM parser.py:32 [INFO] 
08/06 02:12:12AM evaluateCell_trainer.py:102 [INFO] --> No loaded checkpoint!
08/06 02:13:29AM evaluateCell_trainer.py:199 [INFO] Valid: Epoch: [0][50/79]	Step 704	Loss 3.4427	Prec@(1,5) (16.4%, 42.2%)
08/06 02:13:30AM evaluateCell_trainer.py:199 [INFO] Valid: Epoch: [0][78/79]	Step 704	Loss 3.4539	Prec@(1,5) (16.5%, 42.2%)
08/06 02:13:30AM evaluateCell_trainer.py:206 [INFO] Valid: [  0/99] Final Prec@1 16.5000%
08/06 02:13:30午前 evaluateCell_main.py:75 [INFO] Until now, best Prec@1 = 16.5000%
08/06 02:14:54午前 evaluateCell_trainer.py:199 [INFO] Valid: Epoch: [1][50/79]	Step 1408	Loss 3.0774	Prec@(1,5) (24.0%, 53.7%)
08/06 02:14:55午前 evaluateCell_trainer.py:199 [INFO] Valid: Epoch: [1][78/79]	Step 1408	Loss 3.0775	Prec@(1,5) (24.0%, 54.3%)
08/06 02:14:55午前 evaluateCell_trainer.py:206 [INFO] Valid: [  1/99] Final Prec@1 24.0000%
08/06 02:14:55午前 evaluateCell_main.py:75 [INFO] Until now, best Prec@1 = 24.0000%
08/06 02:16:19午前 evaluateCell_trainer.py:199 [INFO] Valid: Epoch: [2][50/79]	Step 2112	Loss 2.7061	Prec@(1,5) (32.2%, 63.0%)
08/06 02:16:20午前 evaluateCell_trainer.py:199 [INFO] Valid: Epoch: [2][78/79]	Step 2112	Loss 2.6947	Prec@(1,5) (32.1%, 63.5%)
08/06 02:16:20午前 evaluateCell_trainer.py:206 [INFO] Valid: [  2/99] Final Prec@1 32.0800%
08/06 02:16:20午前 evaluateCell_main.py:75 [INFO] Until now, best Prec@1 = 32.0800%
08/06 02:17:44午前 evaluateCell_trainer.py:199 [INFO] Valid: Epoch: [3][50/79]	Step 2816	Loss 2.5525	Prec@(1,5) (33.4%, 67.2%)
08/06 02:17:45午前 evaluateCell_trainer.py:199 [INFO] Valid: Epoch: [3][78/79]	Step 2816	Loss 2.5314	Prec@(1,5) (34.4%, 67.8%)
08/06 02:17:45午前 evaluateCell_trainer.py:206 [INFO] Valid: [  3/99] Final Prec@1 34.3800%
08/06 02:17:45午前 evaluateCell_main.py:75 [INFO] Until now, best Prec@1 = 34.3800%
08/06 02:19:09午前 evaluateCell_trainer.py:199 [INFO] Valid: Epoch: [4][50/79]	Step 3520	Loss 2.5107	Prec@(1,5) (35.5%, 68.1%)
08/06 02:19:10午前 evaluateCell_trainer.py:199 [INFO] Valid: Epoch: [4][78/79]	Step 3520	Loss 2.5134	Prec@(1,5) (35.3%, 68.3%)
08/06 02:19:10午前 evaluateCell_trainer.py:206 [INFO] Valid: [  4/99] Final Prec@1 35.3400%
08/06 02:19:10午前 evaluateCell_main.py:75 [INFO] Until now, best Prec@1 = 35.3400%
08/06 02:20:33午前 evaluateCell_trainer.py:199 [INFO] Valid: Epoch: [5][50/79]	Step 4224	Loss 2.2537	Prec@(1,5) (40.0%, 73.3%)
08/06 02:20:34午前 evaluateCell_trainer.py:199 [INFO] Valid: Epoch: [5][78/79]	Step 4224	Loss 2.2260	Prec@(1,5) (40.7%, 73.6%)
08/06 02:20:34午前 evaluateCell_trainer.py:206 [INFO] Valid: [  5/99] Final Prec@1 40.7600%
08/06 02:20:34午前 evaluateCell_main.py:75 [INFO] Until now, best Prec@1 = 40.7600%
08/06 02:21:57午前 evaluateCell_trainer.py:199 [INFO] Valid: Epoch: [6][50/79]	Step 4928	Loss 2.0490	Prec@(1,5) (45.5%, 75.9%)
08/06 02:21:57午前 evaluateCell_trainer.py:199 [INFO] Valid: Epoch: [6][78/79]	Step 4928	Loss 2.0326	Prec@(1,5) (46.0%, 76.2%)
08/06 02:21:57午前 evaluateCell_trainer.py:206 [INFO] Valid: [  6/99] Final Prec@1 45.9800%
08/06 02:21:58午前 evaluateCell_main.py:75 [INFO] Until now, best Prec@1 = 45.9800%
08/06 02:23:21午前 evaluateCell_trainer.py:199 [INFO] Valid: Epoch: [7][50/79]	Step 5632	Loss 2.0888	Prec@(1,5) (44.7%, 76.7%)
08/06 02:23:22午前 evaluateCell_trainer.py:199 [INFO] Valid: Epoch: [7][78/79]	Step 5632	Loss 2.0631	Prec@(1,5) (44.7%, 76.9%)
08/06 02:23:22午前 evaluateCell_trainer.py:206 [INFO] Valid: [  7/99] Final Prec@1 44.7000%
08/06 02:23:22午前 evaluateCell_main.py:75 [INFO] Until now, best Prec@1 = 45.9800%
08/06 02:24:44午前 evaluateCell_trainer.py:199 [INFO] Valid: Epoch: [8][50/79]	Step 6336	Loss 1.9534	Prec@(1,5) (47.6%, 78.7%)
08/06 02:24:45午前 evaluateCell_trainer.py:199 [INFO] Valid: Epoch: [8][78/79]	Step 6336	Loss 1.9580	Prec@(1,5) (46.7%, 78.5%)
08/06 02:24:45午前 evaluateCell_trainer.py:206 [INFO] Valid: [  8/99] Final Prec@1 46.7000%
08/06 02:24:46午前 evaluateCell_main.py:75 [INFO] Until now, best Prec@1 = 46.7000%
08/06 02:26:10午前 evaluateCell_trainer.py:199 [INFO] Valid: Epoch: [9][50/79]	Step 7040	Loss 1.8532	Prec@(1,5) (49.8%, 80.2%)
08/06 02:26:10午前 evaluateCell_trainer.py:199 [INFO] Valid: Epoch: [9][78/79]	Step 7040	Loss 1.8733	Prec@(1,5) (48.8%, 79.7%)
08/06 02:26:10午前 evaluateCell_trainer.py:206 [INFO] Valid: [  9/99] Final Prec@1 48.7600%
08/06 02:26:11午前 evaluateCell_main.py:75 [INFO] Until now, best Prec@1 = 48.7600%
08/06 02:27:33午前 evaluateCell_trainer.py:199 [INFO] Valid: Epoch: [10][50/79]	Step 7744	Loss 1.8948	Prec@(1,5) (48.1%, 79.9%)
08/06 02:27:34午前 evaluateCell_trainer.py:199 [INFO] Valid: Epoch: [10][78/79]	Step 7744	Loss 1.8909	Prec@(1,5) (48.5%, 80.0%)
08/06 02:27:34午前 evaluateCell_trainer.py:206 [INFO] Valid: [ 10/99] Final Prec@1 48.5400%
08/06 02:27:34午前 evaluateCell_main.py:75 [INFO] Until now, best Prec@1 = 48.7600%
08/06 02:28:58午前 evaluateCell_trainer.py:199 [INFO] Valid: Epoch: [11][50/79]	Step 8448	Loss 1.9177	Prec@(1,5) (47.8%, 79.9%)
08/06 02:28:59午前 evaluateCell_trainer.py:199 [INFO] Valid: Epoch: [11][78/79]	Step 8448	Loss 1.8991	Prec@(1,5) (48.4%, 80.0%)
08/06 02:28:59午前 evaluateCell_trainer.py:206 [INFO] Valid: [ 11/99] Final Prec@1 48.4000%
08/06 02:28:59午前 evaluateCell_main.py:75 [INFO] Until now, best Prec@1 = 48.7600%
08/06 02:30:23午前 evaluateCell_trainer.py:199 [INFO] Valid: Epoch: [12][50/79]	Step 9152	Loss 1.8761	Prec@(1,5) (49.8%, 80.7%)
08/06 02:30:24午前 evaluateCell_trainer.py:199 [INFO] Valid: Epoch: [12][78/79]	Step 9152	Loss 1.8338	Prec@(1,5) (50.4%, 81.5%)
08/06 02:30:24午前 evaluateCell_trainer.py:206 [INFO] Valid: [ 12/99] Final Prec@1 50.3800%
08/06 02:30:24午前 evaluateCell_main.py:75 [INFO] Until now, best Prec@1 = 50.3800%
08/06 02:31:47午前 evaluateCell_trainer.py:199 [INFO] Valid: Epoch: [13][50/79]	Step 9856	Loss 1.7813	Prec@(1,5) (51.2%, 80.9%)
08/06 02:31:48午前 evaluateCell_trainer.py:199 [INFO] Valid: Epoch: [13][78/79]	Step 9856	Loss 1.7521	Prec@(1,5) (52.1%, 81.4%)
08/06 02:31:48午前 evaluateCell_trainer.py:206 [INFO] Valid: [ 13/99] Final Prec@1 52.0800%
08/06 02:31:48午前 evaluateCell_main.py:75 [INFO] Until now, best Prec@1 = 52.0800%
08/06 02:33:11午前 evaluateCell_trainer.py:199 [INFO] Valid: Epoch: [14][50/79]	Step 10560	Loss 1.7130	Prec@(1,5) (52.6%, 83.0%)
08/06 02:33:11午前 evaluateCell_trainer.py:199 [INFO] Valid: Epoch: [14][78/79]	Step 10560	Loss 1.7413	Prec@(1,5) (51.6%, 82.7%)
08/06 02:33:11午前 evaluateCell_trainer.py:206 [INFO] Valid: [ 14/99] Final Prec@1 51.6200%
08/06 02:33:12午前 evaluateCell_main.py:75 [INFO] Until now, best Prec@1 = 52.0800%
08/06 02:34:36午前 evaluateCell_trainer.py:199 [INFO] Valid: Epoch: [15][50/79]	Step 11264	Loss 1.8463	Prec@(1,5) (50.2%, 81.2%)
08/06 02:34:36午前 evaluateCell_trainer.py:199 [INFO] Valid: Epoch: [15][78/79]	Step 11264	Loss 1.8229	Prec@(1,5) (50.9%, 81.5%)
08/06 02:34:36午前 evaluateCell_trainer.py:206 [INFO] Valid: [ 15/99] Final Prec@1 50.9800%
08/06 02:34:37午前 evaluateCell_main.py:75 [INFO] Until now, best Prec@1 = 52.0800%
08/06 02:36:00午前 evaluateCell_trainer.py:199 [INFO] Valid: Epoch: [16][50/79]	Step 11968	Loss 1.7015	Prec@(1,5) (53.2%, 83.7%)
08/06 02:36:01午前 evaluateCell_trainer.py:199 [INFO] Valid: Epoch: [16][78/79]	Step 11968	Loss 1.6704	Prec@(1,5) (54.1%, 84.1%)
08/06 02:36:01午前 evaluateCell_trainer.py:206 [INFO] Valid: [ 16/99] Final Prec@1 54.0800%
08/06 02:36:01午前 evaluateCell_main.py:75 [INFO] Until now, best Prec@1 = 54.0800%
08/06 02:37:26午前 evaluateCell_trainer.py:199 [INFO] Valid: Epoch: [17][50/79]	Step 12672	Loss 1.7347	Prec@(1,5) (53.9%, 82.5%)
08/06 02:37:26午前 evaluateCell_trainer.py:199 [INFO] Valid: Epoch: [17][78/79]	Step 12672	Loss 1.7387	Prec@(1,5) (53.4%, 82.5%)
08/06 02:37:26午前 evaluateCell_trainer.py:206 [INFO] Valid: [ 17/99] Final Prec@1 53.4400%
08/06 02:37:27午前 evaluateCell_main.py:75 [INFO] Until now, best Prec@1 = 54.0800%
08/06 02:38:50午前 evaluateCell_trainer.py:199 [INFO] Valid: Epoch: [18][50/79]	Step 13376	Loss 1.7051	Prec@(1,5) (53.7%, 84.0%)
08/06 02:38:51午前 evaluateCell_trainer.py:199 [INFO] Valid: Epoch: [18][78/79]	Step 13376	Loss 1.7031	Prec@(1,5) (53.9%, 83.6%)
08/06 02:38:51午前 evaluateCell_trainer.py:206 [INFO] Valid: [ 18/99] Final Prec@1 53.9400%
08/06 02:38:51午前 evaluateCell_main.py:75 [INFO] Until now, best Prec@1 = 54.0800%
08/06 02:40:16午前 evaluateCell_trainer.py:199 [INFO] Valid: Epoch: [19][50/79]	Step 14080	Loss 1.6240	Prec@(1,5) (55.1%, 84.7%)
08/06 02:40:17午前 evaluateCell_trainer.py:199 [INFO] Valid: Epoch: [19][78/79]	Step 14080	Loss 1.6482	Prec@(1,5) (55.0%, 84.2%)
08/06 02:40:17午前 evaluateCell_trainer.py:206 [INFO] Valid: [ 19/99] Final Prec@1 54.9200%
08/06 02:40:17午前 evaluateCell_main.py:75 [INFO] Until now, best Prec@1 = 54.9200%
08/06 02:41:40午前 evaluateCell_trainer.py:199 [INFO] Valid: Epoch: [20][50/79]	Step 14784	Loss 1.7321	Prec@(1,5) (52.7%, 82.4%)
08/06 02:41:40午前 evaluateCell_trainer.py:199 [INFO] Valid: Epoch: [20][78/79]	Step 14784	Loss 1.8020	Prec@(1,5) (52.3%, 81.6%)
08/06 02:41:41午前 evaluateCell_trainer.py:206 [INFO] Valid: [ 20/99] Final Prec@1 52.3200%
08/06 02:41:41午前 evaluateCell_main.py:75 [INFO] Until now, best Prec@1 = 54.9200%
08/06 02:43:04午前 evaluateCell_trainer.py:199 [INFO] Valid: Epoch: [21][50/79]	Step 15488	Loss 1.6523	Prec@(1,5) (55.5%, 84.3%)
08/06 02:43:05午前 evaluateCell_trainer.py:199 [INFO] Valid: Epoch: [21][78/79]	Step 15488	Loss 1.6483	Prec@(1,5) (55.9%, 84.7%)
08/06 02:43:05午前 evaluateCell_trainer.py:206 [INFO] Valid: [ 21/99] Final Prec@1 55.9600%
08/06 02:43:05午前 evaluateCell_main.py:75 [INFO] Until now, best Prec@1 = 55.9600%
08/06 02:44:28午前 evaluateCell_trainer.py:199 [INFO] Valid: Epoch: [22][50/79]	Step 16192	Loss 1.6941	Prec@(1,5) (54.0%, 83.3%)
08/06 02:44:29午前 evaluateCell_trainer.py:199 [INFO] Valid: Epoch: [22][78/79]	Step 16192	Loss 1.6712	Prec@(1,5) (54.6%, 83.6%)
08/06 02:44:29午前 evaluateCell_trainer.py:206 [INFO] Valid: [ 22/99] Final Prec@1 54.6200%
08/06 02:44:29午前 evaluateCell_main.py:75 [INFO] Until now, best Prec@1 = 55.9600%
08/06 02:45:52午前 evaluateCell_trainer.py:199 [INFO] Valid: Epoch: [23][50/79]	Step 16896	Loss 1.5609	Prec@(1,5) (57.3%, 85.3%)
08/06 02:45:53午前 evaluateCell_trainer.py:199 [INFO] Valid: Epoch: [23][78/79]	Step 16896	Loss 1.5730	Prec@(1,5) (56.9%, 85.2%)
08/06 02:45:53午前 evaluateCell_trainer.py:206 [INFO] Valid: [ 23/99] Final Prec@1 56.9400%
08/06 02:45:54午前 evaluateCell_main.py:75 [INFO] Until now, best Prec@1 = 56.9400%
08/06 02:47:16午前 evaluateCell_trainer.py:199 [INFO] Valid: Epoch: [24][50/79]	Step 17600	Loss 1.6023	Prec@(1,5) (56.8%, 84.6%)
08/06 02:47:17午前 evaluateCell_trainer.py:199 [INFO] Valid: Epoch: [24][78/79]	Step 17600	Loss 1.6207	Prec@(1,5) (56.0%, 84.7%)
08/06 02:47:17午前 evaluateCell_trainer.py:206 [INFO] Valid: [ 24/99] Final Prec@1 56.0000%
08/06 02:47:17午前 evaluateCell_main.py:75 [INFO] Until now, best Prec@1 = 56.9400%
08/06 02:48:40午前 evaluateCell_trainer.py:199 [INFO] Valid: Epoch: [25][50/79]	Step 18304	Loss 1.5848	Prec@(1,5) (57.4%, 85.1%)
08/06 02:48:41午前 evaluateCell_trainer.py:199 [INFO] Valid: Epoch: [25][78/79]	Step 18304	Loss 1.5700	Prec@(1,5) (57.7%, 85.5%)
08/06 02:48:41午前 evaluateCell_trainer.py:206 [INFO] Valid: [ 25/99] Final Prec@1 57.7400%
08/06 02:48:41午前 evaluateCell_main.py:75 [INFO] Until now, best Prec@1 = 57.7400%
08/06 02:50:04午前 evaluateCell_trainer.py:199 [INFO] Valid: Epoch: [26][50/79]	Step 19008	Loss 1.5815	Prec@(1,5) (57.3%, 85.5%)
08/06 02:50:04午前 evaluateCell_trainer.py:199 [INFO] Valid: Epoch: [26][78/79]	Step 19008	Loss 1.5598	Prec@(1,5) (57.6%, 86.0%)
08/06 02:50:04午前 evaluateCell_trainer.py:206 [INFO] Valid: [ 26/99] Final Prec@1 57.5400%
08/06 02:50:04午前 evaluateCell_main.py:75 [INFO] Until now, best Prec@1 = 57.7400%
08/06 02:51:28午前 evaluateCell_trainer.py:199 [INFO] Valid: Epoch: [27][50/79]	Step 19712	Loss 1.5760	Prec@(1,5) (56.8%, 85.7%)
08/06 02:51:29午前 evaluateCell_trainer.py:199 [INFO] Valid: Epoch: [27][78/79]	Step 19712	Loss 1.5757	Prec@(1,5) (56.7%, 85.6%)
08/06 02:51:29午前 evaluateCell_trainer.py:206 [INFO] Valid: [ 27/99] Final Prec@1 56.7600%
08/06 02:51:29午前 evaluateCell_main.py:75 [INFO] Until now, best Prec@1 = 57.7400%
08/06 02:52:53午前 evaluateCell_trainer.py:199 [INFO] Valid: Epoch: [28][50/79]	Step 20416	Loss 1.5915	Prec@(1,5) (57.4%, 84.9%)
08/06 02:52:53午前 evaluateCell_trainer.py:199 [INFO] Valid: Epoch: [28][78/79]	Step 20416	Loss 1.5837	Prec@(1,5) (57.4%, 85.2%)
08/06 02:52:53午前 evaluateCell_trainer.py:206 [INFO] Valid: [ 28/99] Final Prec@1 57.3800%
08/06 02:52:54午前 evaluateCell_main.py:75 [INFO] Until now, best Prec@1 = 57.7400%
08/06 02:54:18午前 evaluateCell_trainer.py:199 [INFO] Valid: Epoch: [29][50/79]	Step 21120	Loss 1.6774	Prec@(1,5) (56.2%, 84.2%)
08/06 02:54:19午前 evaluateCell_trainer.py:199 [INFO] Valid: Epoch: [29][78/79]	Step 21120	Loss 1.7331	Prec@(1,5) (54.5%, 83.7%)
08/06 02:54:19午前 evaluateCell_trainer.py:206 [INFO] Valid: [ 29/99] Final Prec@1 54.4800%
08/06 02:54:19午前 evaluateCell_main.py:75 [INFO] Until now, best Prec@1 = 57.7400%
08/06 02:55:43午前 evaluateCell_trainer.py:199 [INFO] Valid: Epoch: [30][50/79]	Step 21824	Loss 1.5497	Prec@(1,5) (57.5%, 85.9%)
08/06 02:55:44午前 evaluateCell_trainer.py:199 [INFO] Valid: Epoch: [30][78/79]	Step 21824	Loss 1.5813	Prec@(1,5) (57.3%, 85.6%)
08/06 02:55:44午前 evaluateCell_trainer.py:206 [INFO] Valid: [ 30/99] Final Prec@1 57.3400%
08/06 02:55:44午前 evaluateCell_main.py:75 [INFO] Until now, best Prec@1 = 57.7400%
08/06 02:57:08午前 evaluateCell_trainer.py:199 [INFO] Valid: Epoch: [31][50/79]	Step 22528	Loss 1.5354	Prec@(1,5) (59.1%, 85.7%)
08/06 02:57:09午前 evaluateCell_trainer.py:199 [INFO] Valid: Epoch: [31][78/79]	Step 22528	Loss 1.5421	Prec@(1,5) (58.8%, 86.0%)
08/06 02:57:09午前 evaluateCell_trainer.py:206 [INFO] Valid: [ 31/99] Final Prec@1 58.8400%
08/06 02:57:09午前 evaluateCell_main.py:75 [INFO] Until now, best Prec@1 = 58.8400%
08/06 02:58:33午前 evaluateCell_trainer.py:199 [INFO] Valid: Epoch: [32][50/79]	Step 23232	Loss 1.5945	Prec@(1,5) (57.4%, 85.7%)
08/06 02:58:34午前 evaluateCell_trainer.py:199 [INFO] Valid: Epoch: [32][78/79]	Step 23232	Loss 1.6047	Prec@(1,5) (56.9%, 85.2%)
08/06 02:58:34午前 evaluateCell_trainer.py:206 [INFO] Valid: [ 32/99] Final Prec@1 56.9600%
08/06 02:58:34午前 evaluateCell_main.py:75 [INFO] Until now, best Prec@1 = 58.8400%
08/06 02:59:57午前 evaluateCell_trainer.py:199 [INFO] Valid: Epoch: [33][50/79]	Step 23936	Loss 1.4979	Prec@(1,5) (59.5%, 86.2%)
08/06 02:59:58午前 evaluateCell_trainer.py:199 [INFO] Valid: Epoch: [33][78/79]	Step 23936	Loss 1.4973	Prec@(1,5) (59.4%, 86.6%)
08/06 02:59:58午前 evaluateCell_trainer.py:206 [INFO] Valid: [ 33/99] Final Prec@1 59.4400%
08/06 02:59:59午前 evaluateCell_main.py:75 [INFO] Until now, best Prec@1 = 59.4400%
08/06 03:01:22午前 evaluateCell_trainer.py:199 [INFO] Valid: Epoch: [34][50/79]	Step 24640	Loss 1.5648	Prec@(1,5) (57.8%, 85.9%)
08/06 03:01:23午前 evaluateCell_trainer.py:199 [INFO] Valid: Epoch: [34][78/79]	Step 24640	Loss 1.5458	Prec@(1,5) (58.7%, 86.1%)
08/06 03:01:23午前 evaluateCell_trainer.py:206 [INFO] Valid: [ 34/99] Final Prec@1 58.7400%
08/06 03:01:23午前 evaluateCell_main.py:75 [INFO] Until now, best Prec@1 = 59.4400%
08/06 03:02:46午前 evaluateCell_trainer.py:199 [INFO] Valid: Epoch: [35][50/79]	Step 25344	Loss 1.6081	Prec@(1,5) (57.2%, 85.6%)
08/06 03:02:46午前 evaluateCell_trainer.py:199 [INFO] Valid: Epoch: [35][78/79]	Step 25344	Loss 1.6406	Prec@(1,5) (56.8%, 85.1%)
08/06 03:02:47午前 evaluateCell_trainer.py:206 [INFO] Valid: [ 35/99] Final Prec@1 56.7800%
08/06 03:02:47午前 evaluateCell_main.py:75 [INFO] Until now, best Prec@1 = 59.4400%
08/06 03:04:09午前 evaluateCell_trainer.py:199 [INFO] Valid: Epoch: [36][50/79]	Step 26048	Loss 1.5903	Prec@(1,5) (59.3%, 85.6%)
08/06 03:04:10午前 evaluateCell_trainer.py:199 [INFO] Valid: Epoch: [36][78/79]	Step 26048	Loss 1.6218	Prec@(1,5) (58.3%, 85.4%)
08/06 03:04:10午前 evaluateCell_trainer.py:206 [INFO] Valid: [ 36/99] Final Prec@1 58.2600%
08/06 03:04:10午前 evaluateCell_main.py:75 [INFO] Until now, best Prec@1 = 59.4400%
08/06 03:05:33午前 evaluateCell_trainer.py:199 [INFO] Valid: Epoch: [37][50/79]	Step 26752	Loss 1.5087	Prec@(1,5) (58.7%, 86.4%)
08/06 03:05:34午前 evaluateCell_trainer.py:199 [INFO] Valid: Epoch: [37][78/79]	Step 26752	Loss 1.5008	Prec@(1,5) (59.0%, 86.7%)
08/06 03:05:34午前 evaluateCell_trainer.py:206 [INFO] Valid: [ 37/99] Final Prec@1 58.9800%
08/06 03:05:34午前 evaluateCell_main.py:75 [INFO] Until now, best Prec@1 = 59.4400%
08/06 03:06:57午前 evaluateCell_trainer.py:199 [INFO] Valid: Epoch: [38][50/79]	Step 27456	Loss 1.4389	Prec@(1,5) (61.0%, 86.6%)
08/06 03:06:58午前 evaluateCell_trainer.py:199 [INFO] Valid: Epoch: [38][78/79]	Step 27456	Loss 1.4689	Prec@(1,5) (60.7%, 86.2%)
08/06 03:06:58午前 evaluateCell_trainer.py:206 [INFO] Valid: [ 38/99] Final Prec@1 60.7400%
08/06 03:06:58午前 evaluateCell_main.py:75 [INFO] Until now, best Prec@1 = 60.7400%
08/06 03:08:21午前 evaluateCell_trainer.py:199 [INFO] Valid: Epoch: [39][50/79]	Step 28160	Loss 1.4593	Prec@(1,5) (60.8%, 87.0%)
08/06 03:08:22午前 evaluateCell_trainer.py:199 [INFO] Valid: Epoch: [39][78/79]	Step 28160	Loss 1.4802	Prec@(1,5) (60.7%, 86.9%)
08/06 03:08:22午前 evaluateCell_trainer.py:206 [INFO] Valid: [ 39/99] Final Prec@1 60.6400%
08/06 03:08:22午前 evaluateCell_main.py:75 [INFO] Until now, best Prec@1 = 60.7400%
08/06 03:09:46午前 evaluateCell_trainer.py:199 [INFO] Valid: Epoch: [40][50/79]	Step 28864	Loss 1.3474	Prec@(1,5) (61.8%, 88.9%)
08/06 03:09:46午前 evaluateCell_trainer.py:199 [INFO] Valid: Epoch: [40][78/79]	Step 28864	Loss 1.4135	Prec@(1,5) (61.2%, 87.8%)
08/06 03:09:46午前 evaluateCell_trainer.py:206 [INFO] Valid: [ 40/99] Final Prec@1 61.1400%
08/06 03:09:47午前 evaluateCell_main.py:75 [INFO] Until now, best Prec@1 = 61.1400%
08/06 03:11:10午前 evaluateCell_trainer.py:199 [INFO] Valid: Epoch: [41][50/79]	Step 29568	Loss 1.5278	Prec@(1,5) (59.7%, 85.6%)
08/06 03:11:11午前 evaluateCell_trainer.py:199 [INFO] Valid: Epoch: [41][78/79]	Step 29568	Loss 1.5429	Prec@(1,5) (59.5%, 85.7%)
08/06 03:11:11午前 evaluateCell_trainer.py:206 [INFO] Valid: [ 41/99] Final Prec@1 59.4400%
08/06 03:11:11午前 evaluateCell_main.py:75 [INFO] Until now, best Prec@1 = 61.1400%
08/06 03:12:34午前 evaluateCell_trainer.py:199 [INFO] Valid: Epoch: [42][50/79]	Step 30272	Loss 1.4351	Prec@(1,5) (61.8%, 88.3%)
08/06 03:12:35午前 evaluateCell_trainer.py:199 [INFO] Valid: Epoch: [42][78/79]	Step 30272	Loss 1.4445	Prec@(1,5) (61.8%, 88.0%)
08/06 03:12:35午前 evaluateCell_trainer.py:206 [INFO] Valid: [ 42/99] Final Prec@1 61.7800%
08/06 03:12:35午前 evaluateCell_main.py:75 [INFO] Until now, best Prec@1 = 61.7800%
08/06 03:14:00午前 evaluateCell_trainer.py:199 [INFO] Valid: Epoch: [43][50/79]	Step 30976	Loss 1.3953	Prec@(1,5) (62.9%, 88.4%)
08/06 03:14:01午前 evaluateCell_trainer.py:199 [INFO] Valid: Epoch: [43][78/79]	Step 30976	Loss 1.4200	Prec@(1,5) (62.0%, 88.1%)
08/06 03:14:01午前 evaluateCell_trainer.py:206 [INFO] Valid: [ 43/99] Final Prec@1 62.0600%
08/06 03:14:01午前 evaluateCell_main.py:75 [INFO] Until now, best Prec@1 = 62.0600%
08/06 03:15:26午前 evaluateCell_trainer.py:199 [INFO] Valid: Epoch: [44][50/79]	Step 31680	Loss 1.4097	Prec@(1,5) (61.4%, 87.8%)
08/06 03:15:27午前 evaluateCell_trainer.py:199 [INFO] Valid: Epoch: [44][78/79]	Step 31680	Loss 1.3961	Prec@(1,5) (61.6%, 88.2%)
08/06 03:15:27午前 evaluateCell_trainer.py:206 [INFO] Valid: [ 44/99] Final Prec@1 61.6400%
08/06 03:15:27午前 evaluateCell_main.py:75 [INFO] Until now, best Prec@1 = 62.0600%
08/06 03:16:50午前 evaluateCell_trainer.py:199 [INFO] Valid: Epoch: [45][50/79]	Step 32384	Loss 1.4985	Prec@(1,5) (61.7%, 86.7%)
08/06 03:16:51午前 evaluateCell_trainer.py:199 [INFO] Valid: Epoch: [45][78/79]	Step 32384	Loss 1.4605	Prec@(1,5) (61.6%, 87.3%)
08/06 03:16:51午前 evaluateCell_trainer.py:206 [INFO] Valid: [ 45/99] Final Prec@1 61.6000%
08/06 03:16:51午前 evaluateCell_main.py:75 [INFO] Until now, best Prec@1 = 62.0600%
08/06 03:18:15午前 evaluateCell_trainer.py:199 [INFO] Valid: Epoch: [46][50/79]	Step 33088	Loss 1.3892	Prec@(1,5) (62.0%, 88.5%)
08/06 03:18:16午前 evaluateCell_trainer.py:199 [INFO] Valid: Epoch: [46][78/79]	Step 33088	Loss 1.3922	Prec@(1,5) (62.7%, 88.4%)
08/06 03:18:16午前 evaluateCell_trainer.py:206 [INFO] Valid: [ 46/99] Final Prec@1 62.7400%
08/06 03:18:16午前 evaluateCell_main.py:75 [INFO] Until now, best Prec@1 = 62.7400%
08/06 03:19:40午前 evaluateCell_trainer.py:199 [INFO] Valid: Epoch: [47][50/79]	Step 33792	Loss 1.4947	Prec@(1,5) (61.1%, 87.3%)
08/06 03:19:40午前 evaluateCell_trainer.py:199 [INFO] Valid: Epoch: [47][78/79]	Step 33792	Loss 1.4783	Prec@(1,5) (61.4%, 87.5%)
08/06 03:19:40午前 evaluateCell_trainer.py:206 [INFO] Valid: [ 47/99] Final Prec@1 61.3600%
08/06 03:19:41午前 evaluateCell_main.py:75 [INFO] Until now, best Prec@1 = 62.7400%
08/06 03:21:03午前 evaluateCell_trainer.py:199 [INFO] Valid: Epoch: [48][50/79]	Step 34496	Loss 1.3796	Prec@(1,5) (63.7%, 88.6%)
08/06 03:21:04午前 evaluateCell_trainer.py:199 [INFO] Valid: Epoch: [48][78/79]	Step 34496	Loss 1.3939	Prec@(1,5) (63.4%, 88.3%)
08/06 03:21:04午前 evaluateCell_trainer.py:206 [INFO] Valid: [ 48/99] Final Prec@1 63.3400%
08/06 03:21:04午前 evaluateCell_main.py:75 [INFO] Until now, best Prec@1 = 63.3400%
08/06 03:22:27午前 evaluateCell_trainer.py:199 [INFO] Valid: Epoch: [49][50/79]	Step 35200	Loss 1.4025	Prec@(1,5) (62.9%, 88.1%)
08/06 03:22:28午前 evaluateCell_trainer.py:199 [INFO] Valid: Epoch: [49][78/79]	Step 35200	Loss 1.3872	Prec@(1,5) (63.3%, 88.3%)
08/06 03:22:28午前 evaluateCell_trainer.py:206 [INFO] Valid: [ 49/99] Final Prec@1 63.3600%
08/06 03:22:28午前 evaluateCell_main.py:75 [INFO] Until now, best Prec@1 = 63.3600%
08/06 03:23:52午前 evaluateCell_trainer.py:199 [INFO] Valid: Epoch: [50][50/79]	Step 35904	Loss 1.4451	Prec@(1,5) (62.3%, 88.2%)
08/06 03:23:52午前 evaluateCell_trainer.py:199 [INFO] Valid: Epoch: [50][78/79]	Step 35904	Loss 1.4415	Prec@(1,5) (62.6%, 88.0%)
08/06 03:23:53午前 evaluateCell_trainer.py:206 [INFO] Valid: [ 50/99] Final Prec@1 62.6800%
08/06 03:23:53午前 evaluateCell_main.py:75 [INFO] Until now, best Prec@1 = 63.3600%
08/06 03:25:16午前 evaluateCell_trainer.py:199 [INFO] Valid: Epoch: [51][50/79]	Step 36608	Loss 1.3901	Prec@(1,5) (63.4%, 88.7%)
08/06 03:25:17午前 evaluateCell_trainer.py:199 [INFO] Valid: Epoch: [51][78/79]	Step 36608	Loss 1.4034	Prec@(1,5) (63.1%, 88.7%)
08/06 03:25:17午前 evaluateCell_trainer.py:206 [INFO] Valid: [ 51/99] Final Prec@1 63.1200%
08/06 03:25:17午前 evaluateCell_main.py:75 [INFO] Until now, best Prec@1 = 63.3600%
08/06 03:26:40午前 evaluateCell_trainer.py:199 [INFO] Valid: Epoch: [52][50/79]	Step 37312	Loss 1.3202	Prec@(1,5) (65.0%, 89.4%)
08/06 03:26:41午前 evaluateCell_trainer.py:199 [INFO] Valid: Epoch: [52][78/79]	Step 37312	Loss 1.3545	Prec@(1,5) (64.2%, 89.0%)
08/06 03:26:41午前 evaluateCell_trainer.py:206 [INFO] Valid: [ 52/99] Final Prec@1 64.2400%
08/06 03:26:42午前 evaluateCell_main.py:75 [INFO] Until now, best Prec@1 = 64.2400%
08/06 03:28:05午前 evaluateCell_trainer.py:199 [INFO] Valid: Epoch: [53][50/79]	Step 38016	Loss 1.3872	Prec@(1,5) (63.3%, 88.3%)
08/06 03:28:05午前 evaluateCell_trainer.py:199 [INFO] Valid: Epoch: [53][78/79]	Step 38016	Loss 1.3749	Prec@(1,5) (63.9%, 88.5%)
08/06 03:28:05午前 evaluateCell_trainer.py:206 [INFO] Valid: [ 53/99] Final Prec@1 63.9000%
08/06 03:28:05午前 evaluateCell_main.py:75 [INFO] Until now, best Prec@1 = 64.2400%
08/06 03:29:28午前 evaluateCell_trainer.py:199 [INFO] Valid: Epoch: [54][50/79]	Step 38720	Loss 1.3779	Prec@(1,5) (65.2%, 88.7%)
08/06 03:29:29午前 evaluateCell_trainer.py:199 [INFO] Valid: Epoch: [54][78/79]	Step 38720	Loss 1.3864	Prec@(1,5) (64.0%, 89.0%)
08/06 03:29:29午前 evaluateCell_trainer.py:206 [INFO] Valid: [ 54/99] Final Prec@1 64.0400%
08/06 03:29:29午前 evaluateCell_main.py:75 [INFO] Until now, best Prec@1 = 64.2400%
08/06 03:30:53午前 evaluateCell_trainer.py:199 [INFO] Valid: Epoch: [55][50/79]	Step 39424	Loss 1.3842	Prec@(1,5) (64.3%, 88.9%)
08/06 03:30:53午前 evaluateCell_trainer.py:199 [INFO] Valid: Epoch: [55][78/79]	Step 39424	Loss 1.3989	Prec@(1,5) (63.5%, 89.1%)
08/06 03:30:53午前 evaluateCell_trainer.py:206 [INFO] Valid: [ 55/99] Final Prec@1 63.5000%
08/06 03:30:53午前 evaluateCell_main.py:75 [INFO] Until now, best Prec@1 = 64.2400%
08/06 03:32:17午前 evaluateCell_trainer.py:199 [INFO] Valid: Epoch: [56][50/79]	Step 40128	Loss 1.4334	Prec@(1,5) (63.6%, 87.9%)
08/06 03:32:18午前 evaluateCell_trainer.py:199 [INFO] Valid: Epoch: [56][78/79]	Step 40128	Loss 1.4302	Prec@(1,5) (63.3%, 88.2%)
08/06 03:32:18午前 evaluateCell_trainer.py:206 [INFO] Valid: [ 56/99] Final Prec@1 63.3000%
08/06 03:32:18午前 evaluateCell_main.py:75 [INFO] Until now, best Prec@1 = 64.2400%
08/06 03:33:42午前 evaluateCell_trainer.py:199 [INFO] Valid: Epoch: [57][50/79]	Step 40832	Loss 1.3571	Prec@(1,5) (64.7%, 89.3%)
08/06 03:33:43午前 evaluateCell_trainer.py:199 [INFO] Valid: Epoch: [57][78/79]	Step 40832	Loss 1.3849	Prec@(1,5) (63.7%, 89.2%)
08/06 03:33:43午前 evaluateCell_trainer.py:206 [INFO] Valid: [ 57/99] Final Prec@1 63.7000%
08/06 03:33:43午前 evaluateCell_main.py:75 [INFO] Until now, best Prec@1 = 64.2400%
08/06 03:35:06午前 evaluateCell_trainer.py:199 [INFO] Valid: Epoch: [58][50/79]	Step 41536	Loss 1.3559	Prec@(1,5) (63.8%, 89.9%)
08/06 03:35:07午前 evaluateCell_trainer.py:199 [INFO] Valid: Epoch: [58][78/79]	Step 41536	Loss 1.3374	Prec@(1,5) (64.6%, 89.9%)
08/06 03:35:07午前 evaluateCell_trainer.py:206 [INFO] Valid: [ 58/99] Final Prec@1 64.6400%
08/06 03:35:07午前 evaluateCell_main.py:75 [INFO] Until now, best Prec@1 = 64.6400%
08/06 03:36:30午前 evaluateCell_trainer.py:199 [INFO] Valid: Epoch: [59][50/79]	Step 42240	Loss 1.3196	Prec@(1,5) (65.8%, 90.1%)
08/06 03:36:31午前 evaluateCell_trainer.py:199 [INFO] Valid: Epoch: [59][78/79]	Step 42240	Loss 1.3312	Prec@(1,5) (65.4%, 89.7%)
08/06 03:36:31午前 evaluateCell_trainer.py:206 [INFO] Valid: [ 59/99] Final Prec@1 65.3800%
08/06 03:36:32午前 evaluateCell_main.py:75 [INFO] Until now, best Prec@1 = 65.3800%
08/06 03:37:55午前 evaluateCell_trainer.py:199 [INFO] Valid: Epoch: [60][50/79]	Step 42944	Loss 1.3246	Prec@(1,5) (66.0%, 89.9%)
08/06 03:37:56午前 evaluateCell_trainer.py:199 [INFO] Valid: Epoch: [60][78/79]	Step 42944	Loss 1.3370	Prec@(1,5) (65.8%, 89.9%)
08/06 03:37:56午前 evaluateCell_trainer.py:206 [INFO] Valid: [ 60/99] Final Prec@1 65.8200%
08/06 03:37:56午前 evaluateCell_main.py:75 [INFO] Until now, best Prec@1 = 65.8200%
08/06 03:39:20午前 evaluateCell_trainer.py:199 [INFO] Valid: Epoch: [61][50/79]	Step 43648	Loss 1.2988	Prec@(1,5) (66.5%, 90.0%)
08/06 03:39:21午前 evaluateCell_trainer.py:199 [INFO] Valid: Epoch: [61][78/79]	Step 43648	Loss 1.2903	Prec@(1,5) (66.4%, 90.2%)
08/06 03:39:21午前 evaluateCell_trainer.py:206 [INFO] Valid: [ 61/99] Final Prec@1 66.4200%
08/06 03:39:22午前 evaluateCell_main.py:75 [INFO] Until now, best Prec@1 = 66.4200%
08/06 03:40:46午前 evaluateCell_trainer.py:199 [INFO] Valid: Epoch: [62][50/79]	Step 44352	Loss 1.2890	Prec@(1,5) (66.5%, 90.6%)
08/06 03:40:46午前 evaluateCell_trainer.py:199 [INFO] Valid: Epoch: [62][78/79]	Step 44352	Loss 1.2850	Prec@(1,5) (67.2%, 90.5%)
08/06 03:40:46午前 evaluateCell_trainer.py:206 [INFO] Valid: [ 62/99] Final Prec@1 67.1400%
08/06 03:40:47午前 evaluateCell_main.py:75 [INFO] Until now, best Prec@1 = 67.1400%
08/06 03:42:10午前 evaluateCell_trainer.py:199 [INFO] Valid: Epoch: [63][50/79]	Step 45056	Loss 1.3459	Prec@(1,5) (65.9%, 90.1%)
08/06 03:42:10午前 evaluateCell_trainer.py:199 [INFO] Valid: Epoch: [63][78/79]	Step 45056	Loss 1.3543	Prec@(1,5) (65.8%, 89.9%)
08/06 03:42:10午前 evaluateCell_trainer.py:206 [INFO] Valid: [ 63/99] Final Prec@1 65.8400%
08/06 03:42:10午前 evaluateCell_main.py:75 [INFO] Until now, best Prec@1 = 67.1400%
08/06 03:43:33午前 evaluateCell_trainer.py:199 [INFO] Valid: Epoch: [64][50/79]	Step 45760	Loss 1.2944	Prec@(1,5) (66.7%, 90.5%)
08/06 03:43:34午前 evaluateCell_trainer.py:199 [INFO] Valid: Epoch: [64][78/79]	Step 45760	Loss 1.2926	Prec@(1,5) (66.7%, 90.7%)
08/06 03:43:34午前 evaluateCell_trainer.py:206 [INFO] Valid: [ 64/99] Final Prec@1 66.6600%
08/06 03:43:34午前 evaluateCell_main.py:75 [INFO] Until now, best Prec@1 = 67.1400%
08/06 03:44:57午前 evaluateCell_trainer.py:199 [INFO] Valid: Epoch: [65][50/79]	Step 46464	Loss 1.3602	Prec@(1,5) (65.5%, 90.2%)
08/06 03:44:57午前 evaluateCell_trainer.py:199 [INFO] Valid: Epoch: [65][78/79]	Step 46464	Loss 1.3105	Prec@(1,5) (66.8%, 90.7%)
08/06 03:44:57午前 evaluateCell_trainer.py:206 [INFO] Valid: [ 65/99] Final Prec@1 66.8200%
08/06 03:44:57午前 evaluateCell_main.py:75 [INFO] Until now, best Prec@1 = 67.1400%
08/06 03:46:20午前 evaluateCell_trainer.py:199 [INFO] Valid: Epoch: [66][50/79]	Step 47168	Loss 1.3207	Prec@(1,5) (66.8%, 90.2%)
08/06 03:46:21午前 evaluateCell_trainer.py:199 [INFO] Valid: Epoch: [66][78/79]	Step 47168	Loss 1.3065	Prec@(1,5) (66.9%, 90.2%)
08/06 03:46:21午前 evaluateCell_trainer.py:206 [INFO] Valid: [ 66/99] Final Prec@1 66.9400%
08/06 03:46:21午前 evaluateCell_main.py:75 [INFO] Until now, best Prec@1 = 67.1400%
08/06 03:47:43午前 evaluateCell_trainer.py:199 [INFO] Valid: Epoch: [67][50/79]	Step 47872	Loss 1.2979	Prec@(1,5) (67.5%, 90.7%)
08/06 03:47:44午前 evaluateCell_trainer.py:199 [INFO] Valid: Epoch: [67][78/79]	Step 47872	Loss 1.3016	Prec@(1,5) (67.2%, 91.0%)
08/06 03:47:44午前 evaluateCell_trainer.py:206 [INFO] Valid: [ 67/99] Final Prec@1 67.2200%
08/06 03:47:45午前 evaluateCell_main.py:75 [INFO] Until now, best Prec@1 = 67.2200%
08/06 03:49:07午前 evaluateCell_trainer.py:199 [INFO] Valid: Epoch: [68][50/79]	Step 48576	Loss 1.2348	Prec@(1,5) (69.2%, 90.9%)
08/06 03:49:08午前 evaluateCell_trainer.py:199 [INFO] Valid: Epoch: [68][78/79]	Step 48576	Loss 1.2652	Prec@(1,5) (68.1%, 90.8%)
08/06 03:49:08午前 evaluateCell_trainer.py:206 [INFO] Valid: [ 68/99] Final Prec@1 68.1400%
08/06 03:49:08午前 evaluateCell_main.py:75 [INFO] Until now, best Prec@1 = 68.1400%
08/06 03:50:33午前 evaluateCell_trainer.py:199 [INFO] Valid: Epoch: [69][50/79]	Step 49280	Loss 1.2388	Prec@(1,5) (68.3%, 91.4%)
08/06 03:50:34午前 evaluateCell_trainer.py:199 [INFO] Valid: Epoch: [69][78/79]	Step 49280	Loss 1.2410	Prec@(1,5) (68.2%, 91.5%)
08/06 03:50:34午前 evaluateCell_trainer.py:206 [INFO] Valid: [ 69/99] Final Prec@1 68.1800%
08/06 03:50:34午前 evaluateCell_main.py:75 [INFO] Until now, best Prec@1 = 68.1800%
08/06 03:51:57午前 evaluateCell_trainer.py:199 [INFO] Valid: Epoch: [70][50/79]	Step 49984	Loss 1.3229	Prec@(1,5) (67.4%, 91.2%)
08/06 03:51:57午前 evaluateCell_trainer.py:199 [INFO] Valid: Epoch: [70][78/79]	Step 49984	Loss 1.2758	Prec@(1,5) (67.9%, 91.5%)
08/06 03:51:57午前 evaluateCell_trainer.py:206 [INFO] Valid: [ 70/99] Final Prec@1 67.8600%
08/06 03:51:58午前 evaluateCell_main.py:75 [INFO] Until now, best Prec@1 = 68.1800%
08/06 03:53:21午前 evaluateCell_trainer.py:199 [INFO] Valid: Epoch: [71][50/79]	Step 50688	Loss 1.2721	Prec@(1,5) (67.7%, 91.2%)
08/06 03:53:22午前 evaluateCell_trainer.py:199 [INFO] Valid: Epoch: [71][78/79]	Step 50688	Loss 1.2890	Prec@(1,5) (67.7%, 90.7%)
08/06 03:53:22午前 evaluateCell_trainer.py:206 [INFO] Valid: [ 71/99] Final Prec@1 67.7400%
08/06 03:53:22午前 evaluateCell_main.py:75 [INFO] Until now, best Prec@1 = 68.1800%
08/06 03:54:46午前 evaluateCell_trainer.py:199 [INFO] Valid: Epoch: [72][50/79]	Step 51392	Loss 1.3072	Prec@(1,5) (67.9%, 90.7%)
08/06 03:54:47午前 evaluateCell_trainer.py:199 [INFO] Valid: Epoch: [72][78/79]	Step 51392	Loss 1.3014	Prec@(1,5) (67.9%, 90.9%)
08/06 03:54:47午前 evaluateCell_trainer.py:206 [INFO] Valid: [ 72/99] Final Prec@1 67.9600%
08/06 03:54:47午前 evaluateCell_main.py:75 [INFO] Until now, best Prec@1 = 68.1800%
08/06 03:56:10午前 evaluateCell_trainer.py:199 [INFO] Valid: Epoch: [73][50/79]	Step 52096	Loss 1.3228	Prec@(1,5) (66.9%, 91.0%)
08/06 03:56:11午前 evaluateCell_trainer.py:199 [INFO] Valid: Epoch: [73][78/79]	Step 52096	Loss 1.3048	Prec@(1,5) (67.5%, 90.9%)
08/06 03:56:11午前 evaluateCell_trainer.py:206 [INFO] Valid: [ 73/99] Final Prec@1 67.5000%
08/06 03:56:11午前 evaluateCell_main.py:75 [INFO] Until now, best Prec@1 = 68.1800%
08/06 03:57:35午前 evaluateCell_trainer.py:199 [INFO] Valid: Epoch: [74][50/79]	Step 52800	Loss 1.3570	Prec@(1,5) (67.3%, 90.7%)
08/06 03:57:35午前 evaluateCell_trainer.py:199 [INFO] Valid: Epoch: [74][78/79]	Step 52800	Loss 1.2833	Prec@(1,5) (68.3%, 91.2%)
08/06 03:57:35午前 evaluateCell_trainer.py:206 [INFO] Valid: [ 74/99] Final Prec@1 68.3600%
08/06 03:57:36午前 evaluateCell_main.py:75 [INFO] Until now, best Prec@1 = 68.3600%
08/06 03:58:58午前 evaluateCell_trainer.py:199 [INFO] Valid: Epoch: [75][50/79]	Step 53504	Loss 1.2876	Prec@(1,5) (68.9%, 91.1%)
08/06 03:58:59午前 evaluateCell_trainer.py:199 [INFO] Valid: Epoch: [75][78/79]	Step 53504	Loss 1.2769	Prec@(1,5) (68.8%, 91.4%)
08/06 03:58:59午前 evaluateCell_trainer.py:206 [INFO] Valid: [ 75/99] Final Prec@1 68.7800%
08/06 03:58:59午前 evaluateCell_main.py:75 [INFO] Until now, best Prec@1 = 68.7800%
08/06 04:00:23午前 evaluateCell_trainer.py:199 [INFO] Valid: Epoch: [76][50/79]	Step 54208	Loss 1.2655	Prec@(1,5) (69.2%, 91.4%)
08/06 04:00:23午前 evaluateCell_trainer.py:199 [INFO] Valid: Epoch: [76][78/79]	Step 54208	Loss 1.2756	Prec@(1,5) (68.6%, 91.3%)
08/06 04:00:23午前 evaluateCell_trainer.py:206 [INFO] Valid: [ 76/99] Final Prec@1 68.6800%
08/06 04:00:23午前 evaluateCell_main.py:75 [INFO] Until now, best Prec@1 = 68.7800%
08/06 04:01:48午前 evaluateCell_trainer.py:199 [INFO] Valid: Epoch: [77][50/79]	Step 54912	Loss 1.2768	Prec@(1,5) (68.3%, 91.4%)
08/06 04:01:49午前 evaluateCell_trainer.py:199 [INFO] Valid: Epoch: [77][78/79]	Step 54912	Loss 1.2856	Prec@(1,5) (68.6%, 91.1%)
08/06 04:01:49午前 evaluateCell_trainer.py:206 [INFO] Valid: [ 77/99] Final Prec@1 68.6400%
08/06 04:01:49午前 evaluateCell_main.py:75 [INFO] Until now, best Prec@1 = 68.7800%
08/06 04:03:13午前 evaluateCell_trainer.py:199 [INFO] Valid: Epoch: [78][50/79]	Step 55616	Loss 1.2391	Prec@(1,5) (69.1%, 92.1%)
08/06 04:03:14午前 evaluateCell_trainer.py:199 [INFO] Valid: Epoch: [78][78/79]	Step 55616	Loss 1.2317	Prec@(1,5) (69.7%, 92.1%)
08/06 04:03:14午前 evaluateCell_trainer.py:206 [INFO] Valid: [ 78/99] Final Prec@1 69.6400%
08/06 04:03:14午前 evaluateCell_main.py:75 [INFO] Until now, best Prec@1 = 69.6400%
08/06 04:04:37午前 evaluateCell_trainer.py:199 [INFO] Valid: Epoch: [79][50/79]	Step 56320	Loss 1.1863	Prec@(1,5) (70.2%, 92.3%)
08/06 04:04:37午前 evaluateCell_trainer.py:199 [INFO] Valid: Epoch: [79][78/79]	Step 56320	Loss 1.2317	Prec@(1,5) (69.6%, 91.8%)
08/06 04:04:38午前 evaluateCell_trainer.py:206 [INFO] Valid: [ 79/99] Final Prec@1 69.6000%
08/06 04:04:38午前 evaluateCell_main.py:75 [INFO] Until now, best Prec@1 = 69.6400%
08/06 04:06:00午前 evaluateCell_trainer.py:199 [INFO] Valid: Epoch: [80][50/79]	Step 57024	Loss 1.2709	Prec@(1,5) (69.2%, 92.0%)
08/06 04:06:01午前 evaluateCell_trainer.py:199 [INFO] Valid: Epoch: [80][78/79]	Step 57024	Loss 1.2499	Prec@(1,5) (69.7%, 91.9%)
08/06 04:06:01午前 evaluateCell_trainer.py:206 [INFO] Valid: [ 80/99] Final Prec@1 69.6600%
08/06 04:06:02午前 evaluateCell_main.py:75 [INFO] Until now, best Prec@1 = 69.6600%
08/06 04:07:25午前 evaluateCell_trainer.py:199 [INFO] Valid: Epoch: [81][50/79]	Step 57728	Loss 1.2459	Prec@(1,5) (68.7%, 91.7%)
08/06 04:07:26午前 evaluateCell_trainer.py:199 [INFO] Valid: Epoch: [81][78/79]	Step 57728	Loss 1.2551	Prec@(1,5) (69.5%, 91.7%)
08/06 04:07:26午前 evaluateCell_trainer.py:206 [INFO] Valid: [ 81/99] Final Prec@1 69.4400%
08/06 04:07:26午前 evaluateCell_main.py:75 [INFO] Until now, best Prec@1 = 69.6600%
08/06 04:08:50午前 evaluateCell_trainer.py:199 [INFO] Valid: Epoch: [82][50/79]	Step 58432	Loss 1.3023	Prec@(1,5) (69.1%, 91.5%)
08/06 04:08:50午前 evaluateCell_trainer.py:199 [INFO] Valid: Epoch: [82][78/79]	Step 58432	Loss 1.2645	Prec@(1,5) (69.6%, 91.6%)
08/06 04:08:51午前 evaluateCell_trainer.py:206 [INFO] Valid: [ 82/99] Final Prec@1 69.6400%
08/06 04:08:51午前 evaluateCell_main.py:75 [INFO] Until now, best Prec@1 = 69.6600%
08/06 04:10:14午前 evaluateCell_trainer.py:199 [INFO] Valid: Epoch: [83][50/79]	Step 59136	Loss 1.2225	Prec@(1,5) (70.7%, 92.1%)
08/06 04:10:15午前 evaluateCell_trainer.py:199 [INFO] Valid: Epoch: [83][78/79]	Step 59136	Loss 1.2435	Prec@(1,5) (70.6%, 91.9%)
08/06 04:10:15午前 evaluateCell_trainer.py:206 [INFO] Valid: [ 83/99] Final Prec@1 70.6200%
08/06 04:10:15午前 evaluateCell_main.py:75 [INFO] Until now, best Prec@1 = 70.6200%
08/06 04:11:39午前 evaluateCell_trainer.py:199 [INFO] Valid: Epoch: [84][50/79]	Step 59840	Loss 1.2937	Prec@(1,5) (69.0%, 92.1%)
08/06 04:11:40午前 evaluateCell_trainer.py:199 [INFO] Valid: Epoch: [84][78/79]	Step 59840	Loss 1.2638	Prec@(1,5) (69.8%, 92.1%)
08/06 04:11:40午前 evaluateCell_trainer.py:206 [INFO] Valid: [ 84/99] Final Prec@1 69.7600%
08/06 04:11:40午前 evaluateCell_main.py:75 [INFO] Until now, best Prec@1 = 70.6200%
08/06 04:13:04午前 evaluateCell_trainer.py:199 [INFO] Valid: Epoch: [85][50/79]	Step 60544	Loss 1.2431	Prec@(1,5) (70.6%, 92.0%)
08/06 04:13:05午前 evaluateCell_trainer.py:199 [INFO] Valid: Epoch: [85][78/79]	Step 60544	Loss 1.2725	Prec@(1,5) (70.2%, 91.9%)
08/06 04:13:05午前 evaluateCell_trainer.py:206 [INFO] Valid: [ 85/99] Final Prec@1 70.2400%
08/06 04:13:05午前 evaluateCell_main.py:75 [INFO] Until now, best Prec@1 = 70.6200%
08/06 04:14:30午前 evaluateCell_trainer.py:199 [INFO] Valid: Epoch: [86][50/79]	Step 61248	Loss 1.2021	Prec@(1,5) (71.7%, 92.7%)
08/06 04:14:31午前 evaluateCell_trainer.py:199 [INFO] Valid: Epoch: [86][78/79]	Step 61248	Loss 1.2389	Prec@(1,5) (71.0%, 91.9%)
08/06 04:14:31午前 evaluateCell_trainer.py:206 [INFO] Valid: [ 86/99] Final Prec@1 70.9400%
08/06 04:14:31午前 evaluateCell_main.py:75 [INFO] Until now, best Prec@1 = 70.9400%
08/06 04:15:55午前 evaluateCell_trainer.py:199 [INFO] Valid: Epoch: [87][50/79]	Step 61952	Loss 1.2880	Prec@(1,5) (69.8%, 91.8%)
08/06 04:15:56午前 evaluateCell_trainer.py:199 [INFO] Valid: Epoch: [87][78/79]	Step 61952	Loss 1.2527	Prec@(1,5) (70.7%, 91.9%)
08/06 04:15:56午前 evaluateCell_trainer.py:206 [INFO] Valid: [ 87/99] Final Prec@1 70.7200%
08/06 04:15:56午前 evaluateCell_main.py:75 [INFO] Until now, best Prec@1 = 70.9400%
08/06 04:17:20午前 evaluateCell_trainer.py:199 [INFO] Valid: Epoch: [88][50/79]	Step 62656	Loss 1.2933	Prec@(1,5) (69.7%, 91.8%)
08/06 04:17:21午前 evaluateCell_trainer.py:199 [INFO] Valid: Epoch: [88][78/79]	Step 62656	Loss 1.2686	Prec@(1,5) (70.1%, 91.7%)
08/06 04:17:21午前 evaluateCell_trainer.py:206 [INFO] Valid: [ 88/99] Final Prec@1 70.0600%
08/06 04:17:21午前 evaluateCell_main.py:75 [INFO] Until now, best Prec@1 = 70.9400%
08/06 04:18:44午前 evaluateCell_trainer.py:199 [INFO] Valid: Epoch: [89][50/79]	Step 63360	Loss 1.2718	Prec@(1,5) (70.2%, 92.4%)
08/06 04:18:45午前 evaluateCell_trainer.py:199 [INFO] Valid: Epoch: [89][78/79]	Step 63360	Loss 1.2398	Prec@(1,5) (70.5%, 92.8%)
08/06 04:18:45午前 evaluateCell_trainer.py:206 [INFO] Valid: [ 89/99] Final Prec@1 70.5400%
08/06 04:18:45午前 evaluateCell_main.py:75 [INFO] Until now, best Prec@1 = 70.9400%
08/06 04:20:09午前 evaluateCell_trainer.py:199 [INFO] Valid: Epoch: [90][50/79]	Step 64064	Loss 1.2381	Prec@(1,5) (71.5%, 92.0%)
08/06 04:20:09午前 evaluateCell_trainer.py:199 [INFO] Valid: Epoch: [90][78/79]	Step 64064	Loss 1.2526	Prec@(1,5) (70.9%, 92.2%)
08/06 04:20:09午前 evaluateCell_trainer.py:206 [INFO] Valid: [ 90/99] Final Prec@1 70.8600%
08/06 04:20:09午前 evaluateCell_main.py:75 [INFO] Until now, best Prec@1 = 70.9400%
08/06 04:21:33午前 evaluateCell_trainer.py:199 [INFO] Valid: Epoch: [91][50/79]	Step 64768	Loss 1.2969	Prec@(1,5) (69.9%, 91.5%)
08/06 04:21:33午前 evaluateCell_trainer.py:199 [INFO] Valid: Epoch: [91][78/79]	Step 64768	Loss 1.2255	Prec@(1,5) (70.9%, 92.2%)
08/06 04:21:33午前 evaluateCell_trainer.py:206 [INFO] Valid: [ 91/99] Final Prec@1 70.9000%
08/06 04:21:33午前 evaluateCell_main.py:75 [INFO] Until now, best Prec@1 = 70.9400%
08/06 04:22:57午前 evaluateCell_trainer.py:199 [INFO] Valid: Epoch: [92][50/79]	Step 65472	Loss 1.2742	Prec@(1,5) (70.1%, 92.1%)
08/06 04:22:58午前 evaluateCell_trainer.py:199 [INFO] Valid: Epoch: [92][78/79]	Step 65472	Loss 1.2716	Prec@(1,5) (70.4%, 92.3%)
08/06 04:22:58午前 evaluateCell_trainer.py:206 [INFO] Valid: [ 92/99] Final Prec@1 70.3400%
08/06 04:22:58午前 evaluateCell_main.py:75 [INFO] Until now, best Prec@1 = 70.9400%
08/06 04:24:21午前 evaluateCell_trainer.py:199 [INFO] Valid: Epoch: [93][50/79]	Step 66176	Loss 1.1930	Prec@(1,5) (72.2%, 92.3%)
08/06 04:24:22午前 evaluateCell_trainer.py:199 [INFO] Valid: Epoch: [93][78/79]	Step 66176	Loss 1.2318	Prec@(1,5) (71.4%, 92.0%)
08/06 04:24:22午前 evaluateCell_trainer.py:206 [INFO] Valid: [ 93/99] Final Prec@1 71.4000%
08/06 04:24:22午前 evaluateCell_main.py:75 [INFO] Until now, best Prec@1 = 71.4000%
08/06 04:25:45午前 evaluateCell_trainer.py:199 [INFO] Valid: Epoch: [94][50/79]	Step 66880	Loss 1.2412	Prec@(1,5) (71.3%, 92.9%)
08/06 04:25:46午前 evaluateCell_trainer.py:199 [INFO] Valid: Epoch: [94][78/79]	Step 66880	Loss 1.2295	Prec@(1,5) (71.3%, 92.6%)
08/06 04:25:46午前 evaluateCell_trainer.py:206 [INFO] Valid: [ 94/99] Final Prec@1 71.2400%
08/06 04:25:46午前 evaluateCell_main.py:75 [INFO] Until now, best Prec@1 = 71.4000%
08/06 04:27:09午前 evaluateCell_trainer.py:199 [INFO] Valid: Epoch: [95][50/79]	Step 67584	Loss 1.1970	Prec@(1,5) (71.6%, 92.4%)
08/06 04:27:10午前 evaluateCell_trainer.py:199 [INFO] Valid: Epoch: [95][78/79]	Step 67584	Loss 1.2577	Prec@(1,5) (70.6%, 92.1%)
08/06 04:27:10午前 evaluateCell_trainer.py:206 [INFO] Valid: [ 95/99] Final Prec@1 70.5400%
08/06 04:27:10午前 evaluateCell_main.py:75 [INFO] Until now, best Prec@1 = 71.4000%
08/06 04:28:33午前 evaluateCell_trainer.py:199 [INFO] Valid: Epoch: [96][50/79]	Step 68288	Loss 1.2158	Prec@(1,5) (71.7%, 92.6%)
08/06 04:28:34午前 evaluateCell_trainer.py:199 [INFO] Valid: Epoch: [96][78/79]	Step 68288	Loss 1.2375	Prec@(1,5) (71.3%, 92.2%)
08/06 04:28:34午前 evaluateCell_trainer.py:206 [INFO] Valid: [ 96/99] Final Prec@1 71.2600%
08/06 04:28:34午前 evaluateCell_main.py:75 [INFO] Until now, best Prec@1 = 71.4000%
08/06 04:29:57午前 evaluateCell_trainer.py:199 [INFO] Valid: Epoch: [97][50/79]	Step 68992	Loss 1.2029	Prec@(1,5) (71.5%, 92.4%)
08/06 04:29:58午前 evaluateCell_trainer.py:199 [INFO] Valid: Epoch: [97][78/79]	Step 68992	Loss 1.2379	Prec@(1,5) (71.0%, 92.2%)
08/06 04:29:58午前 evaluateCell_trainer.py:206 [INFO] Valid: [ 97/99] Final Prec@1 70.9600%
08/06 04:29:58午前 evaluateCell_main.py:75 [INFO] Until now, best Prec@1 = 71.4000%
08/06 04:31:21午前 evaluateCell_trainer.py:199 [INFO] Valid: Epoch: [98][50/79]	Step 69696	Loss 1.2604	Prec@(1,5) (71.0%, 91.9%)
08/06 04:31:22午前 evaluateCell_trainer.py:199 [INFO] Valid: Epoch: [98][78/79]	Step 69696	Loss 1.2802	Prec@(1,5) (70.9%, 91.9%)
08/06 04:31:22午前 evaluateCell_trainer.py:206 [INFO] Valid: [ 98/99] Final Prec@1 70.9600%
08/06 04:31:22午前 evaluateCell_main.py:75 [INFO] Until now, best Prec@1 = 71.4000%
08/06 04:32:46午前 evaluateCell_trainer.py:199 [INFO] Valid: Epoch: [99][50/79]	Step 70400	Loss 1.2570	Prec@(1,5) (71.7%, 92.0%)
08/06 04:32:47午前 evaluateCell_trainer.py:199 [INFO] Valid: Epoch: [99][78/79]	Step 70400	Loss 1.2532	Prec@(1,5) (71.3%, 92.2%)
08/06 04:32:47午前 evaluateCell_trainer.py:206 [INFO] Valid: [ 99/99] Final Prec@1 71.2800%
08/06 04:32:47午前 evaluateCell_main.py:75 [INFO] Until now, best Prec@1 = 71.4000%
08/06 04:32:47午前 evaluateCell_main.py:79 [INFO] Final best Prec@1 = 71.4000%
