12/02 02:10:03AM parser.py:28 [INFO] 
12/02 02:10:03AM parser.py:29 [INFO] Parameters:
12/02 02:10:03AM parser.py:31 [INFO] DAG=Genotype2(DAG1=[[('skip_connect', 1), ('skip_connect', 0)], [('skip_connect', 1), ('skip_connect', 0)], [('skip_connect', 3), ('skip_connect', 1)], [('skip_connect', 3), ('skip_connect', 4)], [('skip_connect', 3), ('skip_connect', 4)], [('skip_connect', 4), ('skip_connect', 6)], [('skip_connect', 6), ('skip_connect', 5)], [('skip_connect', 6), ('skip_connect', 7)], [('skip_connect', 7), ('skip_connect', 9)], [('skip_connect', 9), ('skip_connect', 8)]], DAG1_concat=range(10, 12), DAG2=[[('skip_connect', 1), ('skip_connect', 0)], [('skip_connect', 0), ('skip_connect', 1)], [('skip_connect', 1), ('skip_connect', 3)], [('skip_connect', 3), ('skip_connect', 2)], [('skip_connect', 3), ('skip_connect', 5)], [('skip_connect', 4), ('skip_connect', 5)], [('skip_connect', 5), ('skip_connect', 6)], [('skip_connect', 6), ('skip_connect', 7)], [('skip_connect', 7), ('skip_connect', 8)], [('skip_connect', 8), ('skip_connect', 9)]], DAG2_concat=range(10, 12), DAG3=[[('skip_connect', 0), ('skip_connect', 1)], [('skip_connect', 0), ('skip_connect', 1)], [('skip_connect', 1), ('skip_connect', 2)], [('skip_connect', 2), ('skip_connect', 3)], [('skip_connect', 3), ('skip_connect', 4)], [('skip_connect', 4), ('skip_connect', 6)], [('skip_connect', 5), ('skip_connect', 6)], [('skip_connect', 6), ('skip_connect', 7)], [('skip_connect', 7), ('skip_connect', 8)], [('skip_connect', 8), ('skip_connect', 9)]], DAG3_concat=range(10, 12))
12/02 02:10:03AM parser.py:31 [INFO] T=10.0
12/02 02:10:03AM parser.py:31 [INFO] ADVANCED=True
12/02 02:10:03AM parser.py:31 [INFO] AUX_WEIGHT=0.0
12/02 02:10:03AM parser.py:31 [INFO] BATCH_SIZE=256
12/02 02:10:03AM parser.py:31 [INFO] CUTOUT_LENGTH=16
12/02 02:10:03AM parser.py:31 [INFO] DATA_PATH=../data/
12/02 02:10:03AM parser.py:31 [INFO] DATASET=cifar100
12/02 02:10:03AM parser.py:31 [INFO] DESCRIPTION=search_and_evaluate_on_SearchingModel_discretized_arch_parameters_only_lr_scheduler_reset_
12/02 02:10:03AM parser.py:31 [INFO] DROP_PATH_PROB=0.0
12/02 02:10:03AM parser.py:31 [INFO] EPOCHS=100
12/02 02:10:03AM parser.py:31 [INFO] EXP_NAME=s3-L32-noAux16ch
12/02 02:10:03AM parser.py:31 [INFO] GENOTYPE=Genotype3(normal1=[[('sep_conv_5x5', 0), ('sep_conv_3x3', 1)], [('sep_conv_3x3', 1), ('sep_conv_3x3', 0)], [('sep_conv_3x3', 1), ('sep_conv_3x3', 2)], [('sep_conv_3x3', 0), ('sep_conv_5x5', 4)]], normal1_concat=range(2, 6), reduce1=[[('sep_conv_3x3', 0), ('skip_connect', 1)], [('sep_conv_3x3', 1), ('max_pool_3x3', 0)], [('sep_conv_3x3', 2), ('sep_conv_3x3', 1)], [('max_pool_3x3', 0), ('dil_conv_3x3', 1)]], reduce1_concat=range(2, 6), normal2=[[('skip_connect', 0), ('sep_conv_5x5', 1)], [('skip_connect', 0), ('skip_connect', 2)], [('avg_pool_3x3', 0), ('avg_pool_3x3', 2)], [('skip_connect', 0), ('avg_pool_3x3', 2)]], normal2_concat=range(2, 6), reduce2=[[('avg_pool_3x3', 0), ('avg_pool_3x3', 1)], [('avg_pool_3x3', 0), ('skip_connect', 2)], [('skip_connect', 2), ('avg_pool_3x3', 0)], [('skip_connect', 2), ('avg_pool_3x3', 0)]], reduce2_concat=range(2, 6), normal3=[[('skip_connect', 0), ('skip_connect', 1)], [('skip_connect', 0), ('dil_conv_3x3', 1)], [('skip_connect', 0), ('skip_connect', 1)], [('skip_connect', 0), ('skip_connect', 2)]], normal3_concat=range(2, 6))
12/02 02:10:03AM parser.py:31 [INFO] GPUS=[0]
12/02 02:10:03AM parser.py:31 [INFO] GRAD_CLIP=5.0
12/02 02:10:03AM parser.py:31 [INFO] INIT_CHANNELS=16
12/02 02:10:03AM parser.py:31 [INFO] L=0.5
12/02 02:10:03AM parser.py:31 [INFO] LAYERS=32
12/02 02:10:03AM parser.py:31 [INFO] LOGGER=<Logger H-DAS (INFO)>
12/02 02:10:03AM parser.py:31 [INFO] LR=0.025
12/02 02:10:03AM parser.py:31 [INFO] LR_MIN=0.001
12/02 02:10:03AM parser.py:31 [INFO] MOMENTUM=0.9
12/02 02:10:03AM parser.py:31 [INFO] NAME=noDepthLoss
12/02 02:10:03AM parser.py:31 [INFO] NONKD=True
12/02 02:10:03AM parser.py:31 [INFO] PATH=results/evaluate_stage_KD/cifar100/noDepthLoss/s3-L32-noAux16ch
12/02 02:10:03AM parser.py:31 [INFO] PRINT_FREQ=50
12/02 02:10:03AM parser.py:31 [INFO] RESUME_PATH=None
12/02 02:10:03AM parser.py:31 [INFO] SAVE=s3-L32-noAux16ch
12/02 02:10:03AM parser.py:31 [INFO] SEED=3
12/02 02:10:03AM parser.py:31 [INFO] SPEC_CELL=True
12/02 02:10:03AM parser.py:31 [INFO] TEACHER_NAME=none
12/02 02:10:03AM parser.py:31 [INFO] TEACHER_PATH=none
12/02 02:10:03AM parser.py:31 [INFO] TRAIN_PORTION=0.9
12/02 02:10:03AM parser.py:31 [INFO] WEIGHT_DECAY=0.0003
12/02 02:10:03AM parser.py:31 [INFO] WORKERS=4
12/02 02:10:03AM parser.py:32 [INFO] 
12/02 02:10:05AM evaluateStage_trainer.py:79 [INFO] --> No loaded checkpoint!
12/02 02:10:22AM evaluateStage_trainer.py:138 [INFO] Train: Epoch: [0][50/175]	Step 50	lr 0.025	Loss 4.6278 (4.6385)	Prec@(1,5) (1.2%, 5.8%)	
12/02 02:10:36AM evaluateStage_trainer.py:138 [INFO] Train: Epoch: [0][100/175]	Step 100	lr 0.025	Loss 4.3051 (4.5655)	Prec@(1,5) (1.9%, 8.4%)	
12/02 02:10:49AM evaluateStage_trainer.py:138 [INFO] Train: Epoch: [0][150/175]	Step 150	lr 0.025	Loss 4.2078 (4.4749)	Prec@(1,5) (2.9%, 11.6%)	
12/02 02:10:56AM evaluateStage_trainer.py:138 [INFO] Train: Epoch: [0][175/175]	Step 175	lr 0.025	Loss 3.9568 (4.4252)	Prec@(1,5) (3.5%, 13.1%)	
12/02 02:10:58AM evaluateStage_trainer.py:145 [INFO] Train: [  0/99] Final Prec@1 3.5156%
12/02 02:11:01AM evaluateStage_trainer.py:180 [INFO] Valid: [  0/99] Final Prec@1 6.7400%
12/02 02:11:01午前 evaluateStage_main.py:75 [INFO] Until now, best Prec@1 = 6.7400%
12/02 02:11:16午前 evaluateStage_trainer.py:138 [INFO] Train: Epoch: [1][50/175]	Step 226	lr 0.02499	Loss 4.0376 (3.9881)	Prec@(1,5) (8.3%, 27.5%)	
12/02 02:11:30午前 evaluateStage_trainer.py:138 [INFO] Train: Epoch: [1][100/175]	Step 276	lr 0.02499	Loss 3.8973 (3.9238)	Prec@(1,5) (9.5%, 29.6%)	
12/02 02:11:44午前 evaluateStage_trainer.py:138 [INFO] Train: Epoch: [1][150/175]	Step 326	lr 0.02499	Loss 3.6146 (3.8704)	Prec@(1,5) (10.4%, 31.4%)	
12/02 02:11:51午前 evaluateStage_trainer.py:138 [INFO] Train: Epoch: [1][175/175]	Step 351	lr 0.02499	Loss 3.6090 (3.8450)	Prec@(1,5) (10.8%, 32.0%)	
12/02 02:11:51午前 evaluateStage_trainer.py:145 [INFO] Train: [  1/99] Final Prec@1 10.7867%
12/02 02:11:54午前 evaluateStage_trainer.py:180 [INFO] Valid: [  1/99] Final Prec@1 10.6200%
12/02 02:11:55午前 evaluateStage_main.py:75 [INFO] Until now, best Prec@1 = 10.6200%
12/02 02:12:09午前 evaluateStage_trainer.py:138 [INFO] Train: Epoch: [2][50/175]	Step 402	lr 0.02498	Loss 3.4828 (3.6042)	Prec@(1,5) (13.6%, 38.6%)	
12/02 02:12:23午前 evaluateStage_trainer.py:138 [INFO] Train: Epoch: [2][100/175]	Step 452	lr 0.02498	Loss 3.5511 (3.5806)	Prec@(1,5) (14.2%, 39.4%)	
12/02 02:12:37午前 evaluateStage_trainer.py:138 [INFO] Train: Epoch: [2][150/175]	Step 502	lr 0.02498	Loss 3.4194 (3.5462)	Prec@(1,5) (14.7%, 40.4%)	
12/02 02:12:44午前 evaluateStage_trainer.py:138 [INFO] Train: Epoch: [2][175/175]	Step 527	lr 0.02498	Loss 3.3902 (3.5244)	Prec@(1,5) (15.3%, 40.9%)	
12/02 02:12:44午前 evaluateStage_trainer.py:145 [INFO] Train: [  2/99] Final Prec@1 15.2978%
12/02 02:12:47午前 evaluateStage_trainer.py:180 [INFO] Valid: [  2/99] Final Prec@1 15.8200%
12/02 02:12:48午前 evaluateStage_main.py:75 [INFO] Until now, best Prec@1 = 15.8200%
12/02 02:13:03午前 evaluateStage_trainer.py:138 [INFO] Train: Epoch: [3][50/175]	Step 578	lr 0.02495	Loss 3.3221 (3.3385)	Prec@(1,5) (19.0%, 46.5%)	
12/02 02:13:17午前 evaluateStage_trainer.py:138 [INFO] Train: Epoch: [3][100/175]	Step 628	lr 0.02495	Loss 3.3196 (3.3144)	Prec@(1,5) (19.4%, 47.1%)	
12/02 02:13:31午前 evaluateStage_trainer.py:138 [INFO] Train: Epoch: [3][150/175]	Step 678	lr 0.02495	Loss 3.2575 (3.2920)	Prec@(1,5) (19.8%, 47.7%)	
12/02 02:13:38午前 evaluateStage_trainer.py:138 [INFO] Train: Epoch: [3][175/175]	Step 703	lr 0.02495	Loss 3.0340 (3.2799)	Prec@(1,5) (20.1%, 48.0%)	
12/02 02:13:38午前 evaluateStage_trainer.py:145 [INFO] Train: [  3/99] Final Prec@1 20.0644%
12/02 02:13:41午前 evaluateStage_trainer.py:180 [INFO] Valid: [  3/99] Final Prec@1 20.6200%
12/02 02:13:41午前 evaluateStage_main.py:75 [INFO] Until now, best Prec@1 = 20.6200%
12/02 02:13:56午前 evaluateStage_trainer.py:138 [INFO] Train: Epoch: [4][50/175]	Step 754	lr 0.02491	Loss 3.0938 (3.1339)	Prec@(1,5) (22.3%, 52.0%)	
12/02 02:14:10午前 evaluateStage_trainer.py:138 [INFO] Train: Epoch: [4][100/175]	Step 804	lr 0.02491	Loss 3.1504 (3.1077)	Prec@(1,5) (22.9%, 52.7%)	
12/02 02:14:24午前 evaluateStage_trainer.py:138 [INFO] Train: Epoch: [4][150/175]	Step 854	lr 0.02491	Loss 2.9413 (3.0791)	Prec@(1,5) (23.7%, 53.4%)	
12/02 02:14:31午前 evaluateStage_trainer.py:138 [INFO] Train: Epoch: [4][175/175]	Step 879	lr 0.02491	Loss 2.9896 (3.0719)	Prec@(1,5) (24.0%, 53.6%)	
12/02 02:14:31午前 evaluateStage_trainer.py:145 [INFO] Train: [  4/99] Final Prec@1 24.0111%
12/02 02:14:34午前 evaluateStage_trainer.py:180 [INFO] Valid: [  4/99] Final Prec@1 23.7200%
12/02 02:14:34午前 evaluateStage_main.py:75 [INFO] Until now, best Prec@1 = 23.7200%
12/02 02:14:49午前 evaluateStage_trainer.py:138 [INFO] Train: Epoch: [5][50/175]	Step 930	lr 0.02485	Loss 2.9742 (2.9182)	Prec@(1,5) (27.0%, 57.2%)	
12/02 02:15:03午前 evaluateStage_trainer.py:138 [INFO] Train: Epoch: [5][100/175]	Step 980	lr 0.02485	Loss 2.9527 (2.9034)	Prec@(1,5) (27.4%, 57.5%)	
12/02 02:15:17午前 evaluateStage_trainer.py:138 [INFO] Train: Epoch: [5][150/175]	Step 1030	lr 0.02485	Loss 2.8078 (2.8741)	Prec@(1,5) (27.7%, 58.3%)	
12/02 02:15:24午前 evaluateStage_trainer.py:138 [INFO] Train: Epoch: [5][175/175]	Step 1055	lr 0.02485	Loss 2.9191 (2.8726)	Prec@(1,5) (27.9%, 58.3%)	
12/02 02:15:24午前 evaluateStage_trainer.py:145 [INFO] Train: [  5/99] Final Prec@1 27.8844%
12/02 02:15:27午前 evaluateStage_trainer.py:180 [INFO] Valid: [  5/99] Final Prec@1 27.6000%
12/02 02:15:27午前 evaluateStage_main.py:75 [INFO] Until now, best Prec@1 = 27.6000%
12/02 02:15:42午前 evaluateStage_trainer.py:138 [INFO] Train: Epoch: [6][50/175]	Step 1106	lr 0.02479	Loss 2.8049 (2.6774)	Prec@(1,5) (31.9%, 63.2%)	
12/02 02:15:56午前 evaluateStage_trainer.py:138 [INFO] Train: Epoch: [6][100/175]	Step 1156	lr 0.02479	Loss 2.7392 (2.7066)	Prec@(1,5) (31.2%, 62.3%)	
12/02 02:16:10午前 evaluateStage_trainer.py:138 [INFO] Train: Epoch: [6][150/175]	Step 1206	lr 0.02479	Loss 2.5177 (2.7007)	Prec@(1,5) (31.3%, 62.5%)	
12/02 02:16:17午前 evaluateStage_trainer.py:138 [INFO] Train: Epoch: [6][175/175]	Step 1231	lr 0.02479	Loss 2.7545 (2.6925)	Prec@(1,5) (31.5%, 62.7%)	
12/02 02:16:17午前 evaluateStage_trainer.py:145 [INFO] Train: [  6/99] Final Prec@1 31.5556%
12/02 02:16:20午前 evaluateStage_trainer.py:180 [INFO] Valid: [  6/99] Final Prec@1 29.8600%
12/02 02:16:21午前 evaluateStage_main.py:75 [INFO] Until now, best Prec@1 = 29.8600%
12/02 02:16:36午前 evaluateStage_trainer.py:138 [INFO] Train: Epoch: [7][50/175]	Step 1282	lr 0.02471	Loss 2.6091 (2.5552)	Prec@(1,5) (34.2%, 66.0%)	
12/02 02:16:49午前 evaluateStage_trainer.py:138 [INFO] Train: Epoch: [7][100/175]	Step 1332	lr 0.02471	Loss 2.6146 (2.5397)	Prec@(1,5) (34.5%, 66.5%)	
12/02 02:17:03午前 evaluateStage_trainer.py:138 [INFO] Train: Epoch: [7][150/175]	Step 1382	lr 0.02471	Loss 2.2645 (2.5395)	Prec@(1,5) (34.3%, 66.4%)	
12/02 02:17:10午前 evaluateStage_trainer.py:138 [INFO] Train: Epoch: [7][175/175]	Step 1407	lr 0.02471	Loss 2.4997 (2.5365)	Prec@(1,5) (34.4%, 66.4%)	
12/02 02:17:11午前 evaluateStage_trainer.py:145 [INFO] Train: [  7/99] Final Prec@1 34.3978%
12/02 02:17:13午前 evaluateStage_trainer.py:180 [INFO] Valid: [  7/99] Final Prec@1 30.2600%
12/02 02:17:14午前 evaluateStage_main.py:75 [INFO] Until now, best Prec@1 = 30.2600%
12/02 02:17:29午前 evaluateStage_trainer.py:138 [INFO] Train: Epoch: [8][50/175]	Step 1458	lr 0.02462	Loss 2.4205 (2.4128)	Prec@(1,5) (36.7%, 69.6%)	
12/02 02:17:43午前 evaluateStage_trainer.py:138 [INFO] Train: Epoch: [8][100/175]	Step 1508	lr 0.02462	Loss 2.4030 (2.4072)	Prec@(1,5) (37.2%, 69.4%)	
12/02 02:17:57午前 evaluateStage_trainer.py:138 [INFO] Train: Epoch: [8][150/175]	Step 1558	lr 0.02462	Loss 2.3690 (2.4054)	Prec@(1,5) (37.1%, 69.3%)	
12/02 02:18:04午前 evaluateStage_trainer.py:138 [INFO] Train: Epoch: [8][175/175]	Step 1583	lr 0.02462	Loss 2.4619 (2.3996)	Prec@(1,5) (37.3%, 69.4%)	
12/02 02:18:04午前 evaluateStage_trainer.py:145 [INFO] Train: [  8/99] Final Prec@1 37.3133%
12/02 02:18:07午前 evaluateStage_trainer.py:180 [INFO] Valid: [  8/99] Final Prec@1 32.4000%
12/02 02:18:07午前 evaluateStage_main.py:75 [INFO] Until now, best Prec@1 = 32.4000%
12/02 02:18:22午前 evaluateStage_trainer.py:138 [INFO] Train: Epoch: [9][50/175]	Step 1634	lr 0.02452	Loss 2.5012 (2.2973)	Prec@(1,5) (39.4%, 71.5%)	
12/02 02:18:36午前 evaluateStage_trainer.py:138 [INFO] Train: Epoch: [9][100/175]	Step 1684	lr 0.02452	Loss 2.2980 (2.2820)	Prec@(1,5) (39.8%, 71.8%)	
12/02 02:18:50午前 evaluateStage_trainer.py:138 [INFO] Train: Epoch: [9][150/175]	Step 1734	lr 0.02452	Loss 2.3911 (2.2784)	Prec@(1,5) (40.0%, 71.7%)	
12/02 02:18:57午前 evaluateStage_trainer.py:138 [INFO] Train: Epoch: [9][175/175]	Step 1759	lr 0.02452	Loss 1.9070 (2.2754)	Prec@(1,5) (40.1%, 71.8%)	
12/02 02:18:57午前 evaluateStage_trainer.py:145 [INFO] Train: [  9/99] Final Prec@1 40.1044%
12/02 02:19:00午前 evaluateStage_trainer.py:180 [INFO] Valid: [  9/99] Final Prec@1 35.1400%
12/02 02:19:00午前 evaluateStage_main.py:75 [INFO] Until now, best Prec@1 = 35.1400%
12/02 02:19:15午前 evaluateStage_trainer.py:138 [INFO] Train: Epoch: [10][50/175]	Step 1810	lr 0.02441	Loss 2.2491 (2.1469)	Prec@(1,5) (42.3%, 74.7%)	
12/02 02:19:29午前 evaluateStage_trainer.py:138 [INFO] Train: Epoch: [10][100/175]	Step 1860	lr 0.02441	Loss 2.1682 (2.1566)	Prec@(1,5) (42.2%, 74.4%)	
12/02 02:19:43午前 evaluateStage_trainer.py:138 [INFO] Train: Epoch: [10][150/175]	Step 1910	lr 0.02441	Loss 2.2311 (2.1690)	Prec@(1,5) (41.9%, 74.2%)	
12/02 02:19:50午前 evaluateStage_trainer.py:138 [INFO] Train: Epoch: [10][175/175]	Step 1935	lr 0.02441	Loss 2.0727 (2.1685)	Prec@(1,5) (42.0%, 74.2%)	
12/02 02:19:50午前 evaluateStage_trainer.py:145 [INFO] Train: [ 10/99] Final Prec@1 41.9844%
12/02 02:19:53午前 evaluateStage_trainer.py:180 [INFO] Valid: [ 10/99] Final Prec@1 37.8600%
12/02 02:19:54午前 evaluateStage_main.py:75 [INFO] Until now, best Prec@1 = 37.8600%
12/02 02:20:09午前 evaluateStage_trainer.py:138 [INFO] Train: Epoch: [11][50/175]	Step 1986	lr 0.02429	Loss 2.2175 (2.0895)	Prec@(1,5) (43.8%, 75.4%)	
12/02 02:20:23午前 evaluateStage_trainer.py:138 [INFO] Train: Epoch: [11][100/175]	Step 2036	lr 0.02429	Loss 1.9592 (2.0778)	Prec@(1,5) (44.0%, 75.7%)	
12/02 02:20:36午前 evaluateStage_trainer.py:138 [INFO] Train: Epoch: [11][150/175]	Step 2086	lr 0.02429	Loss 2.0971 (2.0749)	Prec@(1,5) (44.3%, 75.8%)	
12/02 02:20:43午前 evaluateStage_trainer.py:138 [INFO] Train: Epoch: [11][175/175]	Step 2111	lr 0.02429	Loss 2.0094 (2.0736)	Prec@(1,5) (44.3%, 75.8%)	
12/02 02:20:44午前 evaluateStage_trainer.py:145 [INFO] Train: [ 11/99] Final Prec@1 44.3067%
12/02 02:20:46午前 evaluateStage_trainer.py:180 [INFO] Valid: [ 11/99] Final Prec@1 40.2000%
12/02 02:20:47午前 evaluateStage_main.py:75 [INFO] Until now, best Prec@1 = 40.2000%
12/02 02:21:02午前 evaluateStage_trainer.py:138 [INFO] Train: Epoch: [12][50/175]	Step 2162	lr 0.02416	Loss 1.9877 (1.9724)	Prec@(1,5) (46.4%, 77.8%)	
12/02 02:21:16午前 evaluateStage_trainer.py:138 [INFO] Train: Epoch: [12][100/175]	Step 2212	lr 0.02416	Loss 2.0256 (1.9757)	Prec@(1,5) (46.3%, 77.9%)	
12/02 02:21:30午前 evaluateStage_trainer.py:138 [INFO] Train: Epoch: [12][150/175]	Step 2262	lr 0.02416	Loss 2.1272 (1.9785)	Prec@(1,5) (46.4%, 77.8%)	
12/02 02:21:37午前 evaluateStage_trainer.py:138 [INFO] Train: Epoch: [12][175/175]	Step 2287	lr 0.02416	Loss 2.1673 (1.9801)	Prec@(1,5) (46.4%, 77.8%)	
12/02 02:21:37午前 evaluateStage_trainer.py:145 [INFO] Train: [ 12/99] Final Prec@1 46.3800%
12/02 02:21:40午前 evaluateStage_trainer.py:180 [INFO] Valid: [ 12/99] Final Prec@1 39.0400%
12/02 02:21:40午前 evaluateStage_main.py:75 [INFO] Until now, best Prec@1 = 40.2000%
12/02 02:21:54午前 evaluateStage_trainer.py:138 [INFO] Train: Epoch: [13][50/175]	Step 2338	lr 0.02401	Loss 1.9117 (1.8537)	Prec@(1,5) (49.0%, 80.1%)	
12/02 02:22:08午前 evaluateStage_trainer.py:138 [INFO] Train: Epoch: [13][100/175]	Step 2388	lr 0.02401	Loss 1.8443 (1.8961)	Prec@(1,5) (48.1%, 79.4%)	
12/02 02:22:22午前 evaluateStage_trainer.py:138 [INFO] Train: Epoch: [13][150/175]	Step 2438	lr 0.02401	Loss 1.8597 (1.9011)	Prec@(1,5) (48.0%, 79.4%)	
12/02 02:22:29午前 evaluateStage_trainer.py:138 [INFO] Train: Epoch: [13][175/175]	Step 2463	lr 0.02401	Loss 2.0067 (1.9100)	Prec@(1,5) (47.9%, 79.2%)	
12/02 02:22:30午前 evaluateStage_trainer.py:145 [INFO] Train: [ 13/99] Final Prec@1 47.9111%
12/02 02:22:32午前 evaluateStage_trainer.py:180 [INFO] Valid: [ 13/99] Final Prec@1 41.8200%
12/02 02:22:33午前 evaluateStage_main.py:75 [INFO] Until now, best Prec@1 = 41.8200%
12/02 02:22:47午前 evaluateStage_trainer.py:138 [INFO] Train: Epoch: [14][50/175]	Step 2514	lr 0.02386	Loss 1.7077 (1.8096)	Prec@(1,5) (49.8%, 80.9%)	
12/02 02:23:01午前 evaluateStage_trainer.py:138 [INFO] Train: Epoch: [14][100/175]	Step 2564	lr 0.02386	Loss 1.6874 (1.8181)	Prec@(1,5) (49.9%, 80.9%)	
12/02 02:23:15午前 evaluateStage_trainer.py:138 [INFO] Train: Epoch: [14][150/175]	Step 2614	lr 0.02386	Loss 1.7692 (1.8343)	Prec@(1,5) (49.6%, 80.5%)	
12/02 02:23:22午前 evaluateStage_trainer.py:138 [INFO] Train: Epoch: [14][175/175]	Step 2639	lr 0.02386	Loss 2.0005 (1.8341)	Prec@(1,5) (49.6%, 80.4%)	
12/02 02:23:22午前 evaluateStage_trainer.py:145 [INFO] Train: [ 14/99] Final Prec@1 49.5644%
12/02 02:23:25午前 evaluateStage_trainer.py:180 [INFO] Valid: [ 14/99] Final Prec@1 43.0000%
12/02 02:23:26午前 evaluateStage_main.py:75 [INFO] Until now, best Prec@1 = 43.0000%
12/02 02:23:41午前 evaluateStage_trainer.py:138 [INFO] Train: Epoch: [15][50/175]	Step 2690	lr 0.02369	Loss 1.8458 (1.7571)	Prec@(1,5) (51.4%, 81.9%)	
12/02 02:23:55午前 evaluateStage_trainer.py:138 [INFO] Train: Epoch: [15][100/175]	Step 2740	lr 0.02369	Loss 1.6941 (1.7665)	Prec@(1,5) (51.2%, 81.5%)	
12/02 02:24:08午前 evaluateStage_trainer.py:138 [INFO] Train: Epoch: [15][150/175]	Step 2790	lr 0.02369	Loss 1.7400 (1.7674)	Prec@(1,5) (51.0%, 81.6%)	
12/02 02:24:15午前 evaluateStage_trainer.py:138 [INFO] Train: Epoch: [15][175/175]	Step 2815	lr 0.02369	Loss 1.9755 (1.7746)	Prec@(1,5) (51.0%, 81.5%)	
12/02 02:24:16午前 evaluateStage_trainer.py:145 [INFO] Train: [ 15/99] Final Prec@1 50.9444%
12/02 02:24:19午前 evaluateStage_trainer.py:180 [INFO] Valid: [ 15/99] Final Prec@1 42.8400%
12/02 02:24:19午前 evaluateStage_main.py:75 [INFO] Until now, best Prec@1 = 43.0000%
12/02 02:24:34午前 evaluateStage_trainer.py:138 [INFO] Train: Epoch: [16][50/175]	Step 2866	lr 0.02352	Loss 1.8270 (1.7099)	Prec@(1,5) (52.5%, 82.9%)	
12/02 02:24:48午前 evaluateStage_trainer.py:138 [INFO] Train: Epoch: [16][100/175]	Step 2916	lr 0.02352	Loss 1.5508 (1.7177)	Prec@(1,5) (52.3%, 82.5%)	
12/02 02:25:01午前 evaluateStage_trainer.py:138 [INFO] Train: Epoch: [16][150/175]	Step 2966	lr 0.02352	Loss 1.8045 (1.7117)	Prec@(1,5) (52.5%, 82.5%)	
12/02 02:25:08午前 evaluateStage_trainer.py:138 [INFO] Train: Epoch: [16][175/175]	Step 2991	lr 0.02352	Loss 1.7034 (1.7152)	Prec@(1,5) (52.5%, 82.4%)	
12/02 02:25:09午前 evaluateStage_trainer.py:145 [INFO] Train: [ 16/99] Final Prec@1 52.4800%
12/02 02:25:11午前 evaluateStage_trainer.py:180 [INFO] Valid: [ 16/99] Final Prec@1 43.0400%
12/02 02:25:12午前 evaluateStage_main.py:75 [INFO] Until now, best Prec@1 = 43.0400%
12/02 02:25:27午前 evaluateStage_trainer.py:138 [INFO] Train: Epoch: [17][50/175]	Step 3042	lr 0.02333	Loss 1.7276 (1.5935)	Prec@(1,5) (55.5%, 84.8%)	
12/02 02:25:41午前 evaluateStage_trainer.py:138 [INFO] Train: Epoch: [17][100/175]	Step 3092	lr 0.02333	Loss 1.5841 (1.6281)	Prec@(1,5) (54.9%, 84.2%)	
12/02 02:25:55午前 evaluateStage_trainer.py:138 [INFO] Train: Epoch: [17][150/175]	Step 3142	lr 0.02333	Loss 1.8168 (1.6514)	Prec@(1,5) (54.2%, 83.7%)	
12/02 02:26:02午前 evaluateStage_trainer.py:138 [INFO] Train: Epoch: [17][175/175]	Step 3167	lr 0.02333	Loss 1.7822 (1.6557)	Prec@(1,5) (54.1%, 83.7%)	
12/02 02:26:02午前 evaluateStage_trainer.py:145 [INFO] Train: [ 17/99] Final Prec@1 54.0733%
12/02 02:26:05午前 evaluateStage_trainer.py:180 [INFO] Valid: [ 17/99] Final Prec@1 44.8200%
12/02 02:26:05午前 evaluateStage_main.py:75 [INFO] Until now, best Prec@1 = 44.8200%
12/02 02:26:20午前 evaluateStage_trainer.py:138 [INFO] Train: Epoch: [18][50/175]	Step 3218	lr 0.02313	Loss 1.4633 (1.5717)	Prec@(1,5) (56.0%, 85.1%)	
12/02 02:26:34午前 evaluateStage_trainer.py:138 [INFO] Train: Epoch: [18][100/175]	Step 3268	lr 0.02313	Loss 1.6435 (1.5959)	Prec@(1,5) (55.4%, 84.5%)	
12/02 02:26:48午前 evaluateStage_trainer.py:138 [INFO] Train: Epoch: [18][150/175]	Step 3318	lr 0.02313	Loss 1.5784 (1.6105)	Prec@(1,5) (54.9%, 84.3%)	
12/02 02:26:55午前 evaluateStage_trainer.py:138 [INFO] Train: Epoch: [18][175/175]	Step 3343	lr 0.02313	Loss 1.6893 (1.6148)	Prec@(1,5) (54.8%, 84.2%)	
12/02 02:26:55午前 evaluateStage_trainer.py:145 [INFO] Train: [ 18/99] Final Prec@1 54.7844%
12/02 02:26:58午前 evaluateStage_trainer.py:180 [INFO] Valid: [ 18/99] Final Prec@1 45.3200%
12/02 02:26:58午前 evaluateStage_main.py:75 [INFO] Until now, best Prec@1 = 45.3200%
12/02 02:27:13午前 evaluateStage_trainer.py:138 [INFO] Train: Epoch: [19][50/175]	Step 3394	lr 0.02292	Loss 1.4954 (1.5276)	Prec@(1,5) (57.0%, 85.4%)	
12/02 02:27:27午前 evaluateStage_trainer.py:138 [INFO] Train: Epoch: [19][100/175]	Step 3444	lr 0.02292	Loss 1.7456 (1.5468)	Prec@(1,5) (56.3%, 85.2%)	
12/02 02:27:41午前 evaluateStage_trainer.py:138 [INFO] Train: Epoch: [19][150/175]	Step 3494	lr 0.02292	Loss 1.4954 (1.5540)	Prec@(1,5) (56.3%, 85.3%)	
12/02 02:27:48午前 evaluateStage_trainer.py:138 [INFO] Train: Epoch: [19][175/175]	Step 3519	lr 0.02292	Loss 1.6523 (1.5578)	Prec@(1,5) (56.3%, 85.1%)	
12/02 02:27:48午前 evaluateStage_trainer.py:145 [INFO] Train: [ 19/99] Final Prec@1 56.2511%
12/02 02:27:51午前 evaluateStage_trainer.py:180 [INFO] Valid: [ 19/99] Final Prec@1 46.9800%
12/02 02:27:51午前 evaluateStage_main.py:75 [INFO] Until now, best Prec@1 = 46.9800%
12/02 02:28:06午前 evaluateStage_trainer.py:138 [INFO] Train: Epoch: [20][50/175]	Step 3570	lr 0.02271	Loss 1.6252 (1.5007)	Prec@(1,5) (57.6%, 86.2%)	
12/02 02:28:20午前 evaluateStage_trainer.py:138 [INFO] Train: Epoch: [20][100/175]	Step 3620	lr 0.02271	Loss 1.4606 (1.5065)	Prec@(1,5) (57.5%, 86.1%)	
12/02 02:28:34午前 evaluateStage_trainer.py:138 [INFO] Train: Epoch: [20][150/175]	Step 3670	lr 0.02271	Loss 1.4463 (1.5094)	Prec@(1,5) (57.3%, 86.0%)	
12/02 02:28:41午前 evaluateStage_trainer.py:138 [INFO] Train: Epoch: [20][175/175]	Step 3695	lr 0.02271	Loss 1.7435 (1.5105)	Prec@(1,5) (57.2%, 86.0%)	
12/02 02:28:41午前 evaluateStage_trainer.py:145 [INFO] Train: [ 20/99] Final Prec@1 57.2244%
12/02 02:28:44午前 evaluateStage_trainer.py:180 [INFO] Valid: [ 20/99] Final Prec@1 46.5400%
12/02 02:28:44午前 evaluateStage_main.py:75 [INFO] Until now, best Prec@1 = 46.9800%
12/02 02:28:59午前 evaluateStage_trainer.py:138 [INFO] Train: Epoch: [21][50/175]	Step 3746	lr 0.02248	Loss 1.5999 (1.4500)	Prec@(1,5) (59.3%, 87.2%)	
12/02 02:29:13午前 evaluateStage_trainer.py:138 [INFO] Train: Epoch: [21][100/175]	Step 3796	lr 0.02248	Loss 1.5658 (1.4550)	Prec@(1,5) (59.0%, 86.9%)	
12/02 02:29:27午前 evaluateStage_trainer.py:138 [INFO] Train: Epoch: [21][150/175]	Step 3846	lr 0.02248	Loss 1.5445 (1.4628)	Prec@(1,5) (58.7%, 86.7%)	
12/02 02:29:34午前 evaluateStage_trainer.py:138 [INFO] Train: Epoch: [21][175/175]	Step 3871	lr 0.02248	Loss 1.4081 (1.4678)	Prec@(1,5) (58.5%, 86.5%)	
12/02 02:29:34午前 evaluateStage_trainer.py:145 [INFO] Train: [ 21/99] Final Prec@1 58.5467%
12/02 02:29:37午前 evaluateStage_trainer.py:180 [INFO] Valid: [ 21/99] Final Prec@1 47.9600%
12/02 02:29:37午前 evaluateStage_main.py:75 [INFO] Until now, best Prec@1 = 47.9600%
12/02 02:29:52午前 evaluateStage_trainer.py:138 [INFO] Train: Epoch: [22][50/175]	Step 3922	lr 0.02225	Loss 1.2311 (1.3707)	Prec@(1,5) (60.8%, 88.0%)	
12/02 02:30:06午前 evaluateStage_trainer.py:138 [INFO] Train: Epoch: [22][100/175]	Step 3972	lr 0.02225	Loss 1.4884 (1.3978)	Prec@(1,5) (60.1%, 87.7%)	
12/02 02:30:20午前 evaluateStage_trainer.py:138 [INFO] Train: Epoch: [22][150/175]	Step 4022	lr 0.02225	Loss 1.5084 (1.4202)	Prec@(1,5) (59.6%, 87.4%)	
12/02 02:30:27午前 evaluateStage_trainer.py:138 [INFO] Train: Epoch: [22][175/175]	Step 4047	lr 0.02225	Loss 1.4653 (1.4299)	Prec@(1,5) (59.4%, 87.2%)	
12/02 02:30:27午前 evaluateStage_trainer.py:145 [INFO] Train: [ 22/99] Final Prec@1 59.3467%
12/02 02:30:30午前 evaluateStage_trainer.py:180 [INFO] Valid: [ 22/99] Final Prec@1 45.6000%
12/02 02:30:30午前 evaluateStage_main.py:75 [INFO] Until now, best Prec@1 = 47.9600%
12/02 02:30:45午前 evaluateStage_trainer.py:138 [INFO] Train: Epoch: [23][50/175]	Step 4098	lr 0.022	Loss 1.4172 (1.3669)	Prec@(1,5) (60.6%, 88.5%)	
12/02 02:30:59午前 evaluateStage_trainer.py:138 [INFO] Train: Epoch: [23][100/175]	Step 4148	lr 0.022	Loss 1.4980 (1.3849)	Prec@(1,5) (60.5%, 87.9%)	
12/02 02:31:13午前 evaluateStage_trainer.py:138 [INFO] Train: Epoch: [23][150/175]	Step 4198	lr 0.022	Loss 1.5436 (1.3944)	Prec@(1,5) (60.2%, 87.8%)	
12/02 02:31:20午前 evaluateStage_trainer.py:138 [INFO] Train: Epoch: [23][175/175]	Step 4223	lr 0.022	Loss 1.4795 (1.3963)	Prec@(1,5) (60.2%, 87.8%)	
12/02 02:31:20午前 evaluateStage_trainer.py:145 [INFO] Train: [ 23/99] Final Prec@1 60.2022%
12/02 02:31:23午前 evaluateStage_trainer.py:180 [INFO] Valid: [ 23/99] Final Prec@1 47.3600%
12/02 02:31:23午前 evaluateStage_main.py:75 [INFO] Until now, best Prec@1 = 47.9600%
12/02 02:31:38午前 evaluateStage_trainer.py:138 [INFO] Train: Epoch: [24][50/175]	Step 4274	lr 0.02175	Loss 1.3832 (1.2777)	Prec@(1,5) (62.5%, 89.9%)	
12/02 02:31:52午前 evaluateStage_trainer.py:138 [INFO] Train: Epoch: [24][100/175]	Step 4324	lr 0.02175	Loss 1.2440 (1.3087)	Prec@(1,5) (62.2%, 89.2%)	
12/02 02:32:05午前 evaluateStage_trainer.py:138 [INFO] Train: Epoch: [24][150/175]	Step 4374	lr 0.02175	Loss 1.3500 (1.3266)	Prec@(1,5) (61.7%, 88.8%)	
12/02 02:32:12午前 evaluateStage_trainer.py:138 [INFO] Train: Epoch: [24][175/175]	Step 4399	lr 0.02175	Loss 1.3089 (1.3372)	Prec@(1,5) (61.5%, 88.7%)	
12/02 02:32:13午前 evaluateStage_trainer.py:145 [INFO] Train: [ 24/99] Final Prec@1 61.4533%
12/02 02:32:15午前 evaluateStage_trainer.py:180 [INFO] Valid: [ 24/99] Final Prec@1 50.2800%
12/02 02:32:16午前 evaluateStage_main.py:75 [INFO] Until now, best Prec@1 = 50.2800%
12/02 02:32:31午前 evaluateStage_trainer.py:138 [INFO] Train: Epoch: [25][50/175]	Step 4450	lr 0.02149	Loss 1.2246 (1.2746)	Prec@(1,5) (63.5%, 89.6%)	
12/02 02:32:44午前 evaluateStage_trainer.py:138 [INFO] Train: Epoch: [25][100/175]	Step 4500	lr 0.02149	Loss 1.4052 (1.2918)	Prec@(1,5) (62.7%, 89.3%)	
12/02 02:32:58午前 evaluateStage_trainer.py:138 [INFO] Train: Epoch: [25][150/175]	Step 4550	lr 0.02149	Loss 1.2462 (1.3086)	Prec@(1,5) (62.4%, 89.1%)	
12/02 02:33:05午前 evaluateStage_trainer.py:138 [INFO] Train: Epoch: [25][175/175]	Step 4575	lr 0.02149	Loss 1.2799 (1.3145)	Prec@(1,5) (62.2%, 89.0%)	
12/02 02:33:06午前 evaluateStage_trainer.py:145 [INFO] Train: [ 25/99] Final Prec@1 62.2578%
12/02 02:33:09午前 evaluateStage_trainer.py:180 [INFO] Valid: [ 25/99] Final Prec@1 50.8800%
12/02 02:33:10午前 evaluateStage_main.py:75 [INFO] Until now, best Prec@1 = 50.8800%
12/02 02:33:24午前 evaluateStage_trainer.py:138 [INFO] Train: Epoch: [26][50/175]	Step 4626	lr 0.02121	Loss 1.3053 (1.2527)	Prec@(1,5) (63.9%, 90.0%)	
12/02 02:33:38午前 evaluateStage_trainer.py:138 [INFO] Train: Epoch: [26][100/175]	Step 4676	lr 0.02121	Loss 1.1510 (1.2672)	Prec@(1,5) (63.5%, 89.7%)	
12/02 02:33:52午前 evaluateStage_trainer.py:138 [INFO] Train: Epoch: [26][150/175]	Step 4726	lr 0.02121	Loss 1.0960 (1.2728)	Prec@(1,5) (63.2%, 89.6%)	
12/02 02:33:59午前 evaluateStage_trainer.py:138 [INFO] Train: Epoch: [26][175/175]	Step 4751	lr 0.02121	Loss 1.1849 (1.2773)	Prec@(1,5) (63.2%, 89.6%)	
12/02 02:34:00午前 evaluateStage_trainer.py:145 [INFO] Train: [ 26/99] Final Prec@1 63.1733%
12/02 02:34:02午前 evaluateStage_trainer.py:180 [INFO] Valid: [ 26/99] Final Prec@1 49.2600%
12/02 02:34:02午前 evaluateStage_main.py:75 [INFO] Until now, best Prec@1 = 50.8800%
12/02 02:34:17午前 evaluateStage_trainer.py:138 [INFO] Train: Epoch: [27][50/175]	Step 4802	lr 0.02094	Loss 1.2554 (1.1777)	Prec@(1,5) (65.2%, 91.3%)	
12/02 02:34:31午前 evaluateStage_trainer.py:138 [INFO] Train: Epoch: [27][100/175]	Step 4852	lr 0.02094	Loss 1.1847 (1.2210)	Prec@(1,5) (64.4%, 90.4%)	
12/02 02:34:45午前 evaluateStage_trainer.py:138 [INFO] Train: Epoch: [27][150/175]	Step 4902	lr 0.02094	Loss 1.2016 (1.2455)	Prec@(1,5) (63.7%, 89.9%)	
12/02 02:34:52午前 evaluateStage_trainer.py:138 [INFO] Train: Epoch: [27][175/175]	Step 4927	lr 0.02094	Loss 1.3363 (1.2475)	Prec@(1,5) (63.7%, 90.0%)	
12/02 02:34:52午前 evaluateStage_trainer.py:145 [INFO] Train: [ 27/99] Final Prec@1 63.6822%
12/02 02:34:55午前 evaluateStage_trainer.py:180 [INFO] Valid: [ 27/99] Final Prec@1 49.9800%
12/02 02:34:55午前 evaluateStage_main.py:75 [INFO] Until now, best Prec@1 = 50.8800%
12/02 02:35:10午前 evaluateStage_trainer.py:138 [INFO] Train: Epoch: [28][50/175]	Step 4978	lr 0.02065	Loss 1.2999 (1.1722)	Prec@(1,5) (65.8%, 91.1%)	
12/02 02:35:24午前 evaluateStage_trainer.py:138 [INFO] Train: Epoch: [28][100/175]	Step 5028	lr 0.02065	Loss 1.2865 (1.1960)	Prec@(1,5) (65.3%, 90.6%)	
12/02 02:35:38午前 evaluateStage_trainer.py:138 [INFO] Train: Epoch: [28][150/175]	Step 5078	lr 0.02065	Loss 1.2266 (1.2080)	Prec@(1,5) (65.2%, 90.4%)	
12/02 02:35:45午前 evaluateStage_trainer.py:138 [INFO] Train: Epoch: [28][175/175]	Step 5103	lr 0.02065	Loss 1.2140 (1.2128)	Prec@(1,5) (65.0%, 90.4%)	
12/02 02:35:45午前 evaluateStage_trainer.py:145 [INFO] Train: [ 28/99] Final Prec@1 64.9533%
12/02 02:35:47午前 evaluateStage_trainer.py:180 [INFO] Valid: [ 28/99] Final Prec@1 51.7800%
12/02 02:35:48午前 evaluateStage_main.py:75 [INFO] Until now, best Prec@1 = 51.7800%
12/02 02:36:03午前 evaluateStage_trainer.py:138 [INFO] Train: Epoch: [29][50/175]	Step 5154	lr 0.02035	Loss 1.1420 (1.1250)	Prec@(1,5) (67.1%, 91.5%)	
12/02 02:36:17午前 evaluateStage_trainer.py:138 [INFO] Train: Epoch: [29][100/175]	Step 5204	lr 0.02035	Loss 1.3556 (1.1532)	Prec@(1,5) (66.4%, 91.3%)	
12/02 02:36:31午前 evaluateStage_trainer.py:138 [INFO] Train: Epoch: [29][150/175]	Step 5254	lr 0.02035	Loss 1.2451 (1.1617)	Prec@(1,5) (66.2%, 91.2%)	
12/02 02:36:38午前 evaluateStage_trainer.py:138 [INFO] Train: Epoch: [29][175/175]	Step 5279	lr 0.02035	Loss 1.3135 (1.1718)	Prec@(1,5) (65.9%, 91.1%)	
12/02 02:36:38午前 evaluateStage_trainer.py:145 [INFO] Train: [ 29/99] Final Prec@1 65.8578%
12/02 02:36:41午前 evaluateStage_trainer.py:180 [INFO] Valid: [ 29/99] Final Prec@1 51.9600%
12/02 02:36:41午前 evaluateStage_main.py:75 [INFO] Until now, best Prec@1 = 51.9600%
12/02 02:36:56午前 evaluateStage_trainer.py:138 [INFO] Train: Epoch: [30][50/175]	Step 5330	lr 0.02005	Loss 0.9861 (1.1114)	Prec@(1,5) (67.2%, 91.6%)	
12/02 02:37:10午前 evaluateStage_trainer.py:138 [INFO] Train: Epoch: [30][100/175]	Step 5380	lr 0.02005	Loss 0.9869 (1.1151)	Prec@(1,5) (67.1%, 91.8%)	
12/02 02:37:24午前 evaluateStage_trainer.py:138 [INFO] Train: Epoch: [30][150/175]	Step 5430	lr 0.02005	Loss 1.1740 (1.1452)	Prec@(1,5) (66.2%, 91.4%)	
12/02 02:37:31午前 evaluateStage_trainer.py:138 [INFO] Train: Epoch: [30][175/175]	Step 5455	lr 0.02005	Loss 1.2306 (1.1558)	Prec@(1,5) (66.0%, 91.3%)	
12/02 02:37:31午前 evaluateStage_trainer.py:145 [INFO] Train: [ 30/99] Final Prec@1 65.9667%
12/02 02:37:34午前 evaluateStage_trainer.py:180 [INFO] Valid: [ 30/99] Final Prec@1 51.7600%
12/02 02:37:35午前 evaluateStage_main.py:75 [INFO] Until now, best Prec@1 = 51.9600%
12/02 02:37:49午前 evaluateStage_trainer.py:138 [INFO] Train: Epoch: [31][50/175]	Step 5506	lr 0.01975	Loss 1.0245 (1.0609)	Prec@(1,5) (68.6%, 92.8%)	
12/02 02:38:03午前 evaluateStage_trainer.py:138 [INFO] Train: Epoch: [31][100/175]	Step 5556	lr 0.01975	Loss 1.1167 (1.0830)	Prec@(1,5) (68.1%, 92.2%)	
12/02 02:38:17午前 evaluateStage_trainer.py:138 [INFO] Train: Epoch: [31][150/175]	Step 5606	lr 0.01975	Loss 1.1372 (1.1026)	Prec@(1,5) (67.6%, 92.0%)	
12/02 02:38:24午前 evaluateStage_trainer.py:138 [INFO] Train: Epoch: [31][175/175]	Step 5631	lr 0.01975	Loss 1.1786 (1.1149)	Prec@(1,5) (67.2%, 91.8%)	
12/02 02:38:25午前 evaluateStage_trainer.py:145 [INFO] Train: [ 31/99] Final Prec@1 67.2044%
12/02 02:38:27午前 evaluateStage_trainer.py:180 [INFO] Valid: [ 31/99] Final Prec@1 52.0400%
12/02 02:38:28午前 evaluateStage_main.py:75 [INFO] Until now, best Prec@1 = 52.0400%
12/02 02:38:43午前 evaluateStage_trainer.py:138 [INFO] Train: Epoch: [32][50/175]	Step 5682	lr 0.01943	Loss 1.0835 (1.0244)	Prec@(1,5) (69.9%, 93.2%)	
12/02 02:38:57午前 evaluateStage_trainer.py:138 [INFO] Train: Epoch: [32][100/175]	Step 5732	lr 0.01943	Loss 1.0685 (1.0502)	Prec@(1,5) (69.0%, 92.9%)	
12/02 02:39:11午前 evaluateStage_trainer.py:138 [INFO] Train: Epoch: [32][150/175]	Step 5782	lr 0.01943	Loss 1.2390 (1.0794)	Prec@(1,5) (68.2%, 92.4%)	
12/02 02:39:17午前 evaluateStage_trainer.py:138 [INFO] Train: Epoch: [32][175/175]	Step 5807	lr 0.01943	Loss 1.0616 (1.0848)	Prec@(1,5) (68.0%, 92.4%)	
12/02 02:39:18午前 evaluateStage_trainer.py:145 [INFO] Train: [ 32/99] Final Prec@1 67.9822%
12/02 02:39:21午前 evaluateStage_trainer.py:180 [INFO] Valid: [ 32/99] Final Prec@1 51.1000%
12/02 02:39:21午前 evaluateStage_main.py:75 [INFO] Until now, best Prec@1 = 52.0400%
12/02 02:39:36午前 evaluateStage_trainer.py:138 [INFO] Train: Epoch: [33][50/175]	Step 5858	lr 0.01911	Loss 1.1737 (1.0290)	Prec@(1,5) (69.4%, 93.1%)	
12/02 02:39:50午前 evaluateStage_trainer.py:138 [INFO] Train: Epoch: [33][100/175]	Step 5908	lr 0.01911	Loss 0.9851 (1.0319)	Prec@(1,5) (69.3%, 93.0%)	
12/02 02:40:04午前 evaluateStage_trainer.py:138 [INFO] Train: Epoch: [33][150/175]	Step 5958	lr 0.01911	Loss 1.0764 (1.0449)	Prec@(1,5) (69.1%, 92.8%)	
12/02 02:40:11午前 evaluateStage_trainer.py:138 [INFO] Train: Epoch: [33][175/175]	Step 5983	lr 0.01911	Loss 1.0976 (1.0496)	Prec@(1,5) (68.9%, 92.7%)	
12/02 02:40:11午前 evaluateStage_trainer.py:145 [INFO] Train: [ 33/99] Final Prec@1 68.9200%
12/02 02:40:14午前 evaluateStage_trainer.py:180 [INFO] Valid: [ 33/99] Final Prec@1 53.2800%
12/02 02:40:14午前 evaluateStage_main.py:75 [INFO] Until now, best Prec@1 = 53.2800%
12/02 02:40:29午前 evaluateStage_trainer.py:138 [INFO] Train: Epoch: [34][50/175]	Step 6034	lr 0.01878	Loss 1.1853 (1.0012)	Prec@(1,5) (70.4%, 93.2%)	
12/02 02:40:43午前 evaluateStage_trainer.py:138 [INFO] Train: Epoch: [34][100/175]	Step 6084	lr 0.01878	Loss 1.0721 (1.0208)	Prec@(1,5) (69.6%, 92.9%)	
12/02 02:40:57午前 evaluateStage_trainer.py:138 [INFO] Train: Epoch: [34][150/175]	Step 6134	lr 0.01878	Loss 1.0171 (1.0276)	Prec@(1,5) (69.4%, 92.9%)	
12/02 02:41:04午前 evaluateStage_trainer.py:138 [INFO] Train: Epoch: [34][175/175]	Step 6159	lr 0.01878	Loss 0.9984 (1.0321)	Prec@(1,5) (69.3%, 92.9%)	
12/02 02:41:04午前 evaluateStage_trainer.py:145 [INFO] Train: [ 34/99] Final Prec@1 69.2578%
12/02 02:41:07午前 evaluateStage_trainer.py:180 [INFO] Valid: [ 34/99] Final Prec@1 51.9600%
12/02 02:41:07午前 evaluateStage_main.py:75 [INFO] Until now, best Prec@1 = 53.2800%
12/02 02:41:22午前 evaluateStage_trainer.py:138 [INFO] Train: Epoch: [35][50/175]	Step 6210	lr 0.01845	Loss 1.0079 (0.9503)	Prec@(1,5) (71.6%, 93.8%)	
12/02 02:41:36午前 evaluateStage_trainer.py:138 [INFO] Train: Epoch: [35][100/175]	Step 6260	lr 0.01845	Loss 1.0704 (0.9723)	Prec@(1,5) (70.9%, 93.7%)	
12/02 02:41:50午前 evaluateStage_trainer.py:138 [INFO] Train: Epoch: [35][150/175]	Step 6310	lr 0.01845	Loss 1.0201 (0.9859)	Prec@(1,5) (70.5%, 93.6%)	
12/02 02:41:57午前 evaluateStage_trainer.py:138 [INFO] Train: Epoch: [35][175/175]	Step 6335	lr 0.01845	Loss 1.0890 (0.9973)	Prec@(1,5) (70.2%, 93.4%)	
12/02 02:41:57午前 evaluateStage_trainer.py:145 [INFO] Train: [ 35/99] Final Prec@1 70.2378%
12/02 02:42:00午前 evaluateStage_trainer.py:180 [INFO] Valid: [ 35/99] Final Prec@1 49.7400%
12/02 02:42:00午前 evaluateStage_main.py:75 [INFO] Until now, best Prec@1 = 53.2800%
12/02 02:42:15午前 evaluateStage_trainer.py:138 [INFO] Train: Epoch: [36][50/175]	Step 6386	lr 0.01811	Loss 0.9066 (0.9408)	Prec@(1,5) (71.6%, 94.2%)	
12/02 02:42:29午前 evaluateStage_trainer.py:138 [INFO] Train: Epoch: [36][100/175]	Step 6436	lr 0.01811	Loss 1.0500 (0.9648)	Prec@(1,5) (71.0%, 93.7%)	
12/02 02:42:43午前 evaluateStage_trainer.py:138 [INFO] Train: Epoch: [36][150/175]	Step 6486	lr 0.01811	Loss 0.9691 (0.9709)	Prec@(1,5) (70.9%, 93.6%)	
12/02 02:42:50午前 evaluateStage_trainer.py:138 [INFO] Train: Epoch: [36][175/175]	Step 6511	lr 0.01811	Loss 0.9672 (0.9738)	Prec@(1,5) (70.7%, 93.6%)	
12/02 02:42:50午前 evaluateStage_trainer.py:145 [INFO] Train: [ 36/99] Final Prec@1 70.7244%
12/02 02:42:54午前 evaluateStage_trainer.py:180 [INFO] Valid: [ 36/99] Final Prec@1 53.0800%
12/02 02:42:54午前 evaluateStage_main.py:75 [INFO] Until now, best Prec@1 = 53.2800%
12/02 02:43:09午前 evaluateStage_trainer.py:138 [INFO] Train: Epoch: [37][50/175]	Step 6562	lr 0.01777	Loss 0.7317 (0.8857)	Prec@(1,5) (73.6%, 94.5%)	
12/02 02:43:23午前 evaluateStage_trainer.py:138 [INFO] Train: Epoch: [37][100/175]	Step 6612	lr 0.01777	Loss 1.0335 (0.9144)	Prec@(1,5) (72.5%, 94.2%)	
12/02 02:43:36午前 evaluateStage_trainer.py:138 [INFO] Train: Epoch: [37][150/175]	Step 6662	lr 0.01777	Loss 0.9835 (0.9438)	Prec@(1,5) (71.7%, 93.8%)	
12/02 02:43:43午前 evaluateStage_trainer.py:138 [INFO] Train: Epoch: [37][175/175]	Step 6687	lr 0.01777	Loss 0.8640 (0.9477)	Prec@(1,5) (71.6%, 93.8%)	
12/02 02:43:44午前 evaluateStage_trainer.py:145 [INFO] Train: [ 37/99] Final Prec@1 71.5333%
12/02 02:43:47午前 evaluateStage_trainer.py:180 [INFO] Valid: [ 37/99] Final Prec@1 52.5400%
12/02 02:43:47午前 evaluateStage_main.py:75 [INFO] Until now, best Prec@1 = 53.2800%
12/02 02:44:02午前 evaluateStage_trainer.py:138 [INFO] Train: Epoch: [38][50/175]	Step 6738	lr 0.01742	Loss 0.8910 (0.8749)	Prec@(1,5) (73.9%, 94.8%)	
12/02 02:44:16午前 evaluateStage_trainer.py:138 [INFO] Train: Epoch: [38][100/175]	Step 6788	lr 0.01742	Loss 0.8872 (0.8891)	Prec@(1,5) (73.2%, 94.7%)	
12/02 02:44:30午前 evaluateStage_trainer.py:138 [INFO] Train: Epoch: [38][150/175]	Step 6838	lr 0.01742	Loss 0.8600 (0.8974)	Prec@(1,5) (73.0%, 94.5%)	
12/02 02:44:37午前 evaluateStage_trainer.py:138 [INFO] Train: Epoch: [38][175/175]	Step 6863	lr 0.01742	Loss 0.9113 (0.9065)	Prec@(1,5) (72.7%, 94.4%)	
12/02 02:44:37午前 evaluateStage_trainer.py:145 [INFO] Train: [ 38/99] Final Prec@1 72.7244%
12/02 02:44:40午前 evaluateStage_trainer.py:180 [INFO] Valid: [ 38/99] Final Prec@1 53.9600%
12/02 02:44:40午前 evaluateStage_main.py:75 [INFO] Until now, best Prec@1 = 53.9600%
12/02 02:44:55午前 evaluateStage_trainer.py:138 [INFO] Train: Epoch: [39][50/175]	Step 6914	lr 0.01706	Loss 0.7573 (0.8474)	Prec@(1,5) (74.1%, 95.0%)	
12/02 02:45:09午前 evaluateStage_trainer.py:138 [INFO] Train: Epoch: [39][100/175]	Step 6964	lr 0.01706	Loss 1.0851 (0.8662)	Prec@(1,5) (73.6%, 94.7%)	
12/02 02:45:23午前 evaluateStage_trainer.py:138 [INFO] Train: Epoch: [39][150/175]	Step 7014	lr 0.01706	Loss 0.8284 (0.8836)	Prec@(1,5) (73.1%, 94.5%)	
12/02 02:45:30午前 evaluateStage_trainer.py:138 [INFO] Train: Epoch: [39][175/175]	Step 7039	lr 0.01706	Loss 0.8756 (0.8915)	Prec@(1,5) (72.8%, 94.5%)	
12/02 02:45:30午前 evaluateStage_trainer.py:145 [INFO] Train: [ 39/99] Final Prec@1 72.7956%
12/02 02:45:33午前 evaluateStage_trainer.py:180 [INFO] Valid: [ 39/99] Final Prec@1 54.1600%
12/02 02:45:34午前 evaluateStage_main.py:75 [INFO] Until now, best Prec@1 = 54.1600%
12/02 02:45:49午前 evaluateStage_trainer.py:138 [INFO] Train: Epoch: [40][50/175]	Step 7090	lr 0.01671	Loss 0.9354 (0.8181)	Prec@(1,5) (75.3%, 95.3%)	
12/02 02:46:03午前 evaluateStage_trainer.py:138 [INFO] Train: Epoch: [40][100/175]	Step 7140	lr 0.01671	Loss 0.7989 (0.8390)	Prec@(1,5) (74.4%, 95.2%)	
12/02 02:46:17午前 evaluateStage_trainer.py:138 [INFO] Train: Epoch: [40][150/175]	Step 7190	lr 0.01671	Loss 0.8189 (0.8532)	Prec@(1,5) (74.0%, 95.0%)	
12/02 02:46:24午前 evaluateStage_trainer.py:138 [INFO] Train: Epoch: [40][175/175]	Step 7215	lr 0.01671	Loss 0.8628 (0.8644)	Prec@(1,5) (73.6%, 94.9%)	
12/02 02:46:24午前 evaluateStage_trainer.py:145 [INFO] Train: [ 40/99] Final Prec@1 73.5978%
12/02 02:46:27午前 evaluateStage_trainer.py:180 [INFO] Valid: [ 40/99] Final Prec@1 53.2200%
12/02 02:46:27午前 evaluateStage_main.py:75 [INFO] Until now, best Prec@1 = 54.1600%
12/02 02:46:42午前 evaluateStage_trainer.py:138 [INFO] Train: Epoch: [41][50/175]	Step 7266	lr 0.01635	Loss 0.9639 (0.8197)	Prec@(1,5) (75.3%, 95.2%)	
12/02 02:46:56午前 evaluateStage_trainer.py:138 [INFO] Train: Epoch: [41][100/175]	Step 7316	lr 0.01635	Loss 0.8804 (0.8180)	Prec@(1,5) (75.2%, 95.3%)	
12/02 02:47:10午前 evaluateStage_trainer.py:138 [INFO] Train: Epoch: [41][150/175]	Step 7366	lr 0.01635	Loss 0.9167 (0.8398)	Prec@(1,5) (74.4%, 95.1%)	
12/02 02:47:17午前 evaluateStage_trainer.py:138 [INFO] Train: Epoch: [41][175/175]	Step 7391	lr 0.01635	Loss 0.8897 (0.8452)	Prec@(1,5) (74.2%, 95.0%)	
12/02 02:47:17午前 evaluateStage_trainer.py:145 [INFO] Train: [ 41/99] Final Prec@1 74.1844%
12/02 02:47:20午前 evaluateStage_trainer.py:180 [INFO] Valid: [ 41/99] Final Prec@1 52.2000%
12/02 02:47:20午前 evaluateStage_main.py:75 [INFO] Until now, best Prec@1 = 54.1600%
12/02 02:47:35午前 evaluateStage_trainer.py:138 [INFO] Train: Epoch: [42][50/175]	Step 7442	lr 0.01598	Loss 0.7425 (0.7620)	Prec@(1,5) (76.6%, 96.2%)	
12/02 02:47:49午前 evaluateStage_trainer.py:138 [INFO] Train: Epoch: [42][100/175]	Step 7492	lr 0.01598	Loss 0.8120 (0.7752)	Prec@(1,5) (76.2%, 96.0%)	
12/02 02:48:03午前 evaluateStage_trainer.py:138 [INFO] Train: Epoch: [42][150/175]	Step 7542	lr 0.01598	Loss 0.8392 (0.8009)	Prec@(1,5) (75.4%, 95.7%)	
12/02 02:48:10午前 evaluateStage_trainer.py:138 [INFO] Train: Epoch: [42][175/175]	Step 7567	lr 0.01598	Loss 0.9353 (0.8115)	Prec@(1,5) (75.2%, 95.6%)	
12/02 02:48:10午前 evaluateStage_trainer.py:145 [INFO] Train: [ 42/99] Final Prec@1 75.1711%
12/02 02:48:13午前 evaluateStage_trainer.py:180 [INFO] Valid: [ 42/99] Final Prec@1 52.5600%
12/02 02:48:13午前 evaluateStage_main.py:75 [INFO] Until now, best Prec@1 = 54.1600%
12/02 02:48:28午前 evaluateStage_trainer.py:138 [INFO] Train: Epoch: [43][50/175]	Step 7618	lr 0.01562	Loss 0.6576 (0.7482)	Prec@(1,5) (77.1%, 96.2%)	
12/02 02:48:42午前 evaluateStage_trainer.py:138 [INFO] Train: Epoch: [43][100/175]	Step 7668	lr 0.01562	Loss 0.7861 (0.7625)	Prec@(1,5) (76.4%, 96.0%)	
12/02 02:48:56午前 evaluateStage_trainer.py:138 [INFO] Train: Epoch: [43][150/175]	Step 7718	lr 0.01562	Loss 0.7841 (0.7815)	Prec@(1,5) (75.9%, 95.8%)	
12/02 02:49:03午前 evaluateStage_trainer.py:138 [INFO] Train: Epoch: [43][175/175]	Step 7743	lr 0.01562	Loss 0.8342 (0.7888)	Prec@(1,5) (75.7%, 95.8%)	
12/02 02:49:03午前 evaluateStage_trainer.py:145 [INFO] Train: [ 43/99] Final Prec@1 75.6667%
12/02 02:49:06午前 evaluateStage_trainer.py:180 [INFO] Valid: [ 43/99] Final Prec@1 53.3800%
12/02 02:49:07午前 evaluateStage_main.py:75 [INFO] Until now, best Prec@1 = 54.1600%
12/02 02:49:21午前 evaluateStage_trainer.py:138 [INFO] Train: Epoch: [44][50/175]	Step 7794	lr 0.01525	Loss 0.7290 (0.7040)	Prec@(1,5) (78.8%, 96.5%)	
12/02 02:49:35午前 evaluateStage_trainer.py:138 [INFO] Train: Epoch: [44][100/175]	Step 7844	lr 0.01525	Loss 0.8204 (0.7213)	Prec@(1,5) (78.3%, 96.3%)	
12/02 02:49:49午前 evaluateStage_trainer.py:138 [INFO] Train: Epoch: [44][150/175]	Step 7894	lr 0.01525	Loss 0.7405 (0.7448)	Prec@(1,5) (77.4%, 96.1%)	
12/02 02:49:56午前 evaluateStage_trainer.py:138 [INFO] Train: Epoch: [44][175/175]	Step 7919	lr 0.01525	Loss 0.7026 (0.7577)	Prec@(1,5) (76.9%, 95.9%)	
12/02 02:49:56午前 evaluateStage_trainer.py:145 [INFO] Train: [ 44/99] Final Prec@1 76.9200%
12/02 02:49:59午前 evaluateStage_trainer.py:180 [INFO] Valid: [ 44/99] Final Prec@1 53.0800%
12/02 02:50:00午前 evaluateStage_main.py:75 [INFO] Until now, best Prec@1 = 54.1600%
12/02 02:50:14午前 evaluateStage_trainer.py:138 [INFO] Train: Epoch: [45][50/175]	Step 7970	lr 0.01488	Loss 0.6362 (0.6908)	Prec@(1,5) (79.3%, 96.6%)	
12/02 02:50:28午前 evaluateStage_trainer.py:138 [INFO] Train: Epoch: [45][100/175]	Step 8020	lr 0.01488	Loss 0.7878 (0.7039)	Prec@(1,5) (78.4%, 96.6%)	
12/02 02:50:42午前 evaluateStage_trainer.py:138 [INFO] Train: Epoch: [45][150/175]	Step 8070	lr 0.01488	Loss 0.6879 (0.7253)	Prec@(1,5) (77.8%, 96.4%)	
12/02 02:50:49午前 evaluateStage_trainer.py:138 [INFO] Train: Epoch: [45][175/175]	Step 8095	lr 0.01488	Loss 0.7944 (0.7368)	Prec@(1,5) (77.4%, 96.3%)	
12/02 02:50:49午前 evaluateStage_trainer.py:145 [INFO] Train: [ 45/99] Final Prec@1 77.4444%
12/02 02:50:52午前 evaluateStage_trainer.py:180 [INFO] Valid: [ 45/99] Final Prec@1 54.2600%
12/02 02:50:53午前 evaluateStage_main.py:75 [INFO] Until now, best Prec@1 = 54.2600%
12/02 02:51:08午前 evaluateStage_trainer.py:138 [INFO] Train: Epoch: [46][50/175]	Step 8146	lr 0.0145	Loss 0.7547 (0.6791)	Prec@(1,5) (79.6%, 96.8%)	
12/02 02:51:22午前 evaluateStage_trainer.py:138 [INFO] Train: Epoch: [46][100/175]	Step 8196	lr 0.0145	Loss 0.7915 (0.7001)	Prec@(1,5) (78.7%, 96.7%)	
12/02 02:51:36午前 evaluateStage_trainer.py:138 [INFO] Train: Epoch: [46][150/175]	Step 8246	lr 0.0145	Loss 0.7775 (0.7120)	Prec@(1,5) (78.3%, 96.5%)	
12/02 02:51:43午前 evaluateStage_trainer.py:138 [INFO] Train: Epoch: [46][175/175]	Step 8271	lr 0.0145	Loss 0.7528 (0.7170)	Prec@(1,5) (78.1%, 96.4%)	
12/02 02:51:43午前 evaluateStage_trainer.py:145 [INFO] Train: [ 46/99] Final Prec@1 78.0600%
12/02 02:51:46午前 evaluateStage_trainer.py:180 [INFO] Valid: [ 46/99] Final Prec@1 53.4400%
12/02 02:51:46午前 evaluateStage_main.py:75 [INFO] Until now, best Prec@1 = 54.2600%
12/02 02:52:01午前 evaluateStage_trainer.py:138 [INFO] Train: Epoch: [47][50/175]	Step 8322	lr 0.01413	Loss 0.6608 (0.6399)	Prec@(1,5) (80.6%, 97.2%)	
12/02 02:52:15午前 evaluateStage_trainer.py:138 [INFO] Train: Epoch: [47][100/175]	Step 8372	lr 0.01413	Loss 0.6920 (0.6633)	Prec@(1,5) (79.6%, 97.1%)	
12/02 02:52:29午前 evaluateStage_trainer.py:138 [INFO] Train: Epoch: [47][150/175]	Step 8422	lr 0.01413	Loss 0.7456 (0.6796)	Prec@(1,5) (79.0%, 96.9%)	
12/02 02:52:36午前 evaluateStage_trainer.py:138 [INFO] Train: Epoch: [47][175/175]	Step 8447	lr 0.01413	Loss 0.6936 (0.6867)	Prec@(1,5) (78.7%, 96.8%)	
12/02 02:52:36午前 evaluateStage_trainer.py:145 [INFO] Train: [ 47/99] Final Prec@1 78.6733%
12/02 02:52:39午前 evaluateStage_trainer.py:180 [INFO] Valid: [ 47/99] Final Prec@1 54.5000%
12/02 02:52:40午前 evaluateStage_main.py:75 [INFO] Until now, best Prec@1 = 54.5000%
12/02 02:52:55午前 evaluateStage_trainer.py:138 [INFO] Train: Epoch: [48][50/175]	Step 8498	lr 0.01375	Loss 0.6613 (0.6127)	Prec@(1,5) (81.4%, 97.5%)	
12/02 02:53:08午前 evaluateStage_trainer.py:138 [INFO] Train: Epoch: [48][100/175]	Step 8548	lr 0.01375	Loss 0.6583 (0.6303)	Prec@(1,5) (80.6%, 97.3%)	
12/02 02:53:22午前 evaluateStage_trainer.py:138 [INFO] Train: Epoch: [48][150/175]	Step 8598	lr 0.01375	Loss 0.7849 (0.6501)	Prec@(1,5) (80.0%, 97.1%)	
12/02 02:53:29午前 evaluateStage_trainer.py:138 [INFO] Train: Epoch: [48][175/175]	Step 8623	lr 0.01375	Loss 0.7343 (0.6585)	Prec@(1,5) (79.7%, 97.0%)	
12/02 02:53:30午前 evaluateStage_trainer.py:145 [INFO] Train: [ 48/99] Final Prec@1 79.7089%
12/02 02:53:33午前 evaluateStage_trainer.py:180 [INFO] Valid: [ 48/99] Final Prec@1 53.9800%
12/02 02:53:33午前 evaluateStage_main.py:75 [INFO] Until now, best Prec@1 = 54.5000%
12/02 02:53:48午前 evaluateStage_trainer.py:138 [INFO] Train: Epoch: [49][50/175]	Step 8674	lr 0.01338	Loss 0.5564 (0.5825)	Prec@(1,5) (82.3%, 97.7%)	
12/02 02:54:02午前 evaluateStage_trainer.py:138 [INFO] Train: Epoch: [49][100/175]	Step 8724	lr 0.01338	Loss 0.7037 (0.6034)	Prec@(1,5) (81.4%, 97.4%)	
12/02 02:54:16午前 evaluateStage_trainer.py:138 [INFO] Train: Epoch: [49][150/175]	Step 8774	lr 0.01338	Loss 0.7326 (0.6307)	Prec@(1,5) (80.7%, 97.2%)	
12/02 02:54:23午前 evaluateStage_trainer.py:138 [INFO] Train: Epoch: [49][175/175]	Step 8799	lr 0.01338	Loss 0.5940 (0.6368)	Prec@(1,5) (80.5%, 97.1%)	
12/02 02:54:23午前 evaluateStage_trainer.py:145 [INFO] Train: [ 49/99] Final Prec@1 80.4711%
12/02 02:54:26午前 evaluateStage_trainer.py:180 [INFO] Valid: [ 49/99] Final Prec@1 55.0200%
12/02 02:54:26午前 evaluateStage_main.py:75 [INFO] Until now, best Prec@1 = 55.0200%
12/02 02:54:41午前 evaluateStage_trainer.py:138 [INFO] Train: Epoch: [50][50/175]	Step 8850	lr 0.013	Loss 0.6841 (0.5704)	Prec@(1,5) (82.7%, 97.8%)	
12/02 02:54:55午前 evaluateStage_trainer.py:138 [INFO] Train: Epoch: [50][100/175]	Step 8900	lr 0.013	Loss 0.5670 (0.5870)	Prec@(1,5) (82.0%, 97.7%)	
12/02 02:55:09午前 evaluateStage_trainer.py:138 [INFO] Train: Epoch: [50][150/175]	Step 8950	lr 0.013	Loss 0.7679 (0.6057)	Prec@(1,5) (81.2%, 97.5%)	
12/02 02:55:16午前 evaluateStage_trainer.py:138 [INFO] Train: Epoch: [50][175/175]	Step 8975	lr 0.013	Loss 0.6179 (0.6125)	Prec@(1,5) (81.0%, 97.4%)	
12/02 02:55:16午前 evaluateStage_trainer.py:145 [INFO] Train: [ 50/99] Final Prec@1 80.9644%
12/02 02:55:19午前 evaluateStage_trainer.py:180 [INFO] Valid: [ 50/99] Final Prec@1 55.0000%
12/02 02:55:19午前 evaluateStage_main.py:75 [INFO] Until now, best Prec@1 = 55.0200%
12/02 02:55:34午前 evaluateStage_trainer.py:138 [INFO] Train: Epoch: [51][50/175]	Step 9026	lr 0.01262	Loss 0.5312 (0.5580)	Prec@(1,5) (82.8%, 97.8%)	
12/02 02:55:48午前 evaluateStage_trainer.py:138 [INFO] Train: Epoch: [51][100/175]	Step 9076	lr 0.01262	Loss 0.5065 (0.5757)	Prec@(1,5) (82.4%, 97.7%)	
12/02 02:56:02午前 evaluateStage_trainer.py:138 [INFO] Train: Epoch: [51][150/175]	Step 9126	lr 0.01262	Loss 0.5617 (0.5895)	Prec@(1,5) (81.9%, 97.6%)	
12/02 02:56:09午前 evaluateStage_trainer.py:138 [INFO] Train: Epoch: [51][175/175]	Step 9151	lr 0.01262	Loss 0.6222 (0.5977)	Prec@(1,5) (81.6%, 97.5%)	
12/02 02:56:10午前 evaluateStage_trainer.py:145 [INFO] Train: [ 51/99] Final Prec@1 81.6289%
12/02 02:56:12午前 evaluateStage_trainer.py:180 [INFO] Valid: [ 51/99] Final Prec@1 54.9000%
12/02 02:56:13午前 evaluateStage_main.py:75 [INFO] Until now, best Prec@1 = 55.0200%
12/02 02:56:27午前 evaluateStage_trainer.py:138 [INFO] Train: Epoch: [52][50/175]	Step 9202	lr 0.01225	Loss 0.5528 (0.5205)	Prec@(1,5) (83.9%, 98.3%)	
12/02 02:56:41午前 evaluateStage_trainer.py:138 [INFO] Train: Epoch: [52][100/175]	Step 9252	lr 0.01225	Loss 0.6183 (0.5318)	Prec@(1,5) (83.3%, 98.1%)	
12/02 02:56:55午前 evaluateStage_trainer.py:138 [INFO] Train: Epoch: [52][150/175]	Step 9302	lr 0.01225	Loss 0.5134 (0.5461)	Prec@(1,5) (83.0%, 98.0%)	
12/02 02:57:02午前 evaluateStage_trainer.py:138 [INFO] Train: Epoch: [52][175/175]	Step 9327	lr 0.01225	Loss 0.5484 (0.5539)	Prec@(1,5) (82.7%, 98.0%)	
12/02 02:57:02午前 evaluateStage_trainer.py:145 [INFO] Train: [ 52/99] Final Prec@1 82.6178%
12/02 02:57:06午前 evaluateStage_trainer.py:180 [INFO] Valid: [ 52/99] Final Prec@1 55.4800%
12/02 02:57:06午前 evaluateStage_main.py:75 [INFO] Until now, best Prec@1 = 55.4800%
12/02 02:57:21午前 evaluateStage_trainer.py:138 [INFO] Train: Epoch: [53][50/175]	Step 9378	lr 0.01187	Loss 0.5399 (0.5124)	Prec@(1,5) (84.1%, 98.4%)	
12/02 02:57:35午前 evaluateStage_trainer.py:138 [INFO] Train: Epoch: [53][100/175]	Step 9428	lr 0.01187	Loss 0.5387 (0.5212)	Prec@(1,5) (83.8%, 98.3%)	
12/02 02:57:49午前 evaluateStage_trainer.py:138 [INFO] Train: Epoch: [53][150/175]	Step 9478	lr 0.01187	Loss 0.5958 (0.5325)	Prec@(1,5) (83.4%, 98.2%)	
12/02 02:57:56午前 evaluateStage_trainer.py:138 [INFO] Train: Epoch: [53][175/175]	Step 9503	lr 0.01187	Loss 0.6285 (0.5405)	Prec@(1,5) (83.1%, 98.1%)	
12/02 02:57:56午前 evaluateStage_trainer.py:145 [INFO] Train: [ 53/99] Final Prec@1 83.0378%
12/02 02:57:59午前 evaluateStage_trainer.py:180 [INFO] Valid: [ 53/99] Final Prec@1 55.6400%
12/02 02:58:00午前 evaluateStage_main.py:75 [INFO] Until now, best Prec@1 = 55.6400%
12/02 02:58:15午前 evaluateStage_trainer.py:138 [INFO] Train: Epoch: [54][50/175]	Step 9554	lr 0.0115	Loss 0.5126 (0.4983)	Prec@(1,5) (84.6%, 98.5%)	
12/02 02:58:28午前 evaluateStage_trainer.py:138 [INFO] Train: Epoch: [54][100/175]	Step 9604	lr 0.0115	Loss 0.4691 (0.5095)	Prec@(1,5) (84.1%, 98.3%)	
12/02 02:58:42午前 evaluateStage_trainer.py:138 [INFO] Train: Epoch: [54][150/175]	Step 9654	lr 0.0115	Loss 0.5627 (0.5161)	Prec@(1,5) (83.9%, 98.3%)	
12/02 02:58:49午前 evaluateStage_trainer.py:138 [INFO] Train: Epoch: [54][175/175]	Step 9679	lr 0.0115	Loss 0.5402 (0.5226)	Prec@(1,5) (83.6%, 98.2%)	
12/02 02:58:50午前 evaluateStage_trainer.py:145 [INFO] Train: [ 54/99] Final Prec@1 83.6311%
12/02 02:58:52午前 evaluateStage_trainer.py:180 [INFO] Valid: [ 54/99] Final Prec@1 54.6800%
12/02 02:58:53午前 evaluateStage_main.py:75 [INFO] Until now, best Prec@1 = 55.6400%
12/02 02:59:07午前 evaluateStage_trainer.py:138 [INFO] Train: Epoch: [55][50/175]	Step 9730	lr 0.01112	Loss 0.3977 (0.4510)	Prec@(1,5) (86.2%, 98.6%)	
12/02 02:59:21午前 evaluateStage_trainer.py:138 [INFO] Train: Epoch: [55][100/175]	Step 9780	lr 0.01112	Loss 0.4399 (0.4692)	Prec@(1,5) (85.4%, 98.5%)	
12/02 02:59:35午前 evaluateStage_trainer.py:138 [INFO] Train: Epoch: [55][150/175]	Step 9830	lr 0.01112	Loss 0.5673 (0.4865)	Prec@(1,5) (84.8%, 98.4%)	
12/02 02:59:42午前 evaluateStage_trainer.py:138 [INFO] Train: Epoch: [55][175/175]	Step 9855	lr 0.01112	Loss 0.5896 (0.4950)	Prec@(1,5) (84.5%, 98.3%)	
12/02 02:59:43午前 evaluateStage_trainer.py:145 [INFO] Train: [ 55/99] Final Prec@1 84.5000%
12/02 02:59:45午前 evaluateStage_trainer.py:180 [INFO] Valid: [ 55/99] Final Prec@1 55.4600%
12/02 02:59:46午前 evaluateStage_main.py:75 [INFO] Until now, best Prec@1 = 55.6400%
12/02 03:00:00午前 evaluateStage_trainer.py:138 [INFO] Train: Epoch: [56][50/175]	Step 9906	lr 0.01075	Loss 0.4806 (0.4332)	Prec@(1,5) (86.4%, 98.8%)	
12/02 03:00:14午前 evaluateStage_trainer.py:138 [INFO] Train: Epoch: [56][100/175]	Step 9956	lr 0.01075	Loss 0.4298 (0.4494)	Prec@(1,5) (85.9%, 98.7%)	
12/02 03:00:28午前 evaluateStage_trainer.py:138 [INFO] Train: Epoch: [56][150/175]	Step 10006	lr 0.01075	Loss 0.5340 (0.4652)	Prec@(1,5) (85.5%, 98.6%)	
12/02 03:00:35午前 evaluateStage_trainer.py:138 [INFO] Train: Epoch: [56][175/175]	Step 10031	lr 0.01075	Loss 0.5131 (0.4707)	Prec@(1,5) (85.3%, 98.6%)	
12/02 03:00:36午前 evaluateStage_trainer.py:145 [INFO] Train: [ 56/99] Final Prec@1 85.2911%
12/02 03:00:39午前 evaluateStage_trainer.py:180 [INFO] Valid: [ 56/99] Final Prec@1 55.5400%
12/02 03:00:39午前 evaluateStage_main.py:75 [INFO] Until now, best Prec@1 = 55.6400%
12/02 03:00:54午前 evaluateStage_trainer.py:138 [INFO] Train: Epoch: [57][50/175]	Step 10082	lr 0.01038	Loss 0.4835 (0.4360)	Prec@(1,5) (86.4%, 98.8%)	
12/02 03:01:08午前 evaluateStage_trainer.py:138 [INFO] Train: Epoch: [57][100/175]	Step 10132	lr 0.01038	Loss 0.4566 (0.4358)	Prec@(1,5) (86.4%, 98.8%)	
12/02 03:01:21午前 evaluateStage_trainer.py:138 [INFO] Train: Epoch: [57][150/175]	Step 10182	lr 0.01038	Loss 0.4611 (0.4473)	Prec@(1,5) (86.0%, 98.7%)	
12/02 03:01:28午前 evaluateStage_trainer.py:138 [INFO] Train: Epoch: [57][175/175]	Step 10207	lr 0.01038	Loss 0.4593 (0.4520)	Prec@(1,5) (85.8%, 98.7%)	
12/02 03:01:29午前 evaluateStage_trainer.py:145 [INFO] Train: [ 57/99] Final Prec@1 85.7511%
12/02 03:01:32午前 evaluateStage_trainer.py:180 [INFO] Valid: [ 57/99] Final Prec@1 55.7200%
12/02 03:01:32午前 evaluateStage_main.py:75 [INFO] Until now, best Prec@1 = 55.7200%
12/02 03:01:47午前 evaluateStage_trainer.py:138 [INFO] Train: Epoch: [58][50/175]	Step 10258	lr 0.01002	Loss 0.4277 (0.4006)	Prec@(1,5) (87.7%, 98.9%)	
12/02 03:02:01午前 evaluateStage_trainer.py:138 [INFO] Train: Epoch: [58][100/175]	Step 10308	lr 0.01002	Loss 0.4758 (0.4174)	Prec@(1,5) (87.2%, 98.8%)	
12/02 03:02:15午前 evaluateStage_trainer.py:138 [INFO] Train: Epoch: [58][150/175]	Step 10358	lr 0.01002	Loss 0.4674 (0.4303)	Prec@(1,5) (86.6%, 98.8%)	
12/02 03:02:22午前 evaluateStage_trainer.py:138 [INFO] Train: Epoch: [58][175/175]	Step 10383	lr 0.01002	Loss 0.4781 (0.4347)	Prec@(1,5) (86.4%, 98.8%)	
12/02 03:02:22午前 evaluateStage_trainer.py:145 [INFO] Train: [ 58/99] Final Prec@1 86.4311%
12/02 03:02:25午前 evaluateStage_trainer.py:180 [INFO] Valid: [ 58/99] Final Prec@1 55.0600%
12/02 03:02:25午前 evaluateStage_main.py:75 [INFO] Until now, best Prec@1 = 55.7200%
12/02 03:02:40午前 evaluateStage_trainer.py:138 [INFO] Train: Epoch: [59][50/175]	Step 10434	lr 0.00965	Loss 0.3927 (0.3846)	Prec@(1,5) (88.0%, 99.2%)	
12/02 03:02:54午前 evaluateStage_trainer.py:138 [INFO] Train: Epoch: [59][100/175]	Step 10484	lr 0.00965	Loss 0.4818 (0.3969)	Prec@(1,5) (87.6%, 99.1%)	
12/02 03:03:08午前 evaluateStage_trainer.py:138 [INFO] Train: Epoch: [59][150/175]	Step 10534	lr 0.00965	Loss 0.4421 (0.4061)	Prec@(1,5) (87.4%, 99.0%)	
12/02 03:03:15午前 evaluateStage_trainer.py:138 [INFO] Train: Epoch: [59][175/175]	Step 10559	lr 0.00965	Loss 0.4336 (0.4127)	Prec@(1,5) (87.1%, 99.0%)	
12/02 03:03:15午前 evaluateStage_trainer.py:145 [INFO] Train: [ 59/99] Final Prec@1 87.0822%
12/02 03:03:18午前 evaluateStage_trainer.py:180 [INFO] Valid: [ 59/99] Final Prec@1 56.0600%
12/02 03:03:19午前 evaluateStage_main.py:75 [INFO] Until now, best Prec@1 = 56.0600%
12/02 03:03:33午前 evaluateStage_trainer.py:138 [INFO] Train: Epoch: [60][50/175]	Step 10610	lr 0.00929	Loss 0.3631 (0.3656)	Prec@(1,5) (88.7%, 99.2%)	
12/02 03:03:47午前 evaluateStage_trainer.py:138 [INFO] Train: Epoch: [60][100/175]	Step 10660	lr 0.00929	Loss 0.4878 (0.3789)	Prec@(1,5) (88.3%, 99.1%)	
12/02 03:04:01午前 evaluateStage_trainer.py:138 [INFO] Train: Epoch: [60][150/175]	Step 10710	lr 0.00929	Loss 0.3502 (0.3878)	Prec@(1,5) (88.0%, 99.0%)	
12/02 03:04:08午前 evaluateStage_trainer.py:138 [INFO] Train: Epoch: [60][175/175]	Step 10735	lr 0.00929	Loss 0.4100 (0.3917)	Prec@(1,5) (87.8%, 99.0%)	
12/02 03:04:08午前 evaluateStage_trainer.py:145 [INFO] Train: [ 60/99] Final Prec@1 87.8178%
12/02 03:04:11午前 evaluateStage_trainer.py:180 [INFO] Valid: [ 60/99] Final Prec@1 55.7400%
12/02 03:04:12午前 evaluateStage_main.py:75 [INFO] Until now, best Prec@1 = 56.0600%
12/02 03:04:27午前 evaluateStage_trainer.py:138 [INFO] Train: Epoch: [61][50/175]	Step 10786	lr 0.00894	Loss 0.3088 (0.3378)	Prec@(1,5) (89.7%, 99.2%)	
12/02 03:04:40午前 evaluateStage_trainer.py:138 [INFO] Train: Epoch: [61][100/175]	Step 10836	lr 0.00894	Loss 0.4074 (0.3487)	Prec@(1,5) (89.3%, 99.2%)	
12/02 03:04:54午前 evaluateStage_trainer.py:138 [INFO] Train: Epoch: [61][150/175]	Step 10886	lr 0.00894	Loss 0.4220 (0.3630)	Prec@(1,5) (88.8%, 99.2%)	
12/02 03:05:01午前 evaluateStage_trainer.py:138 [INFO] Train: Epoch: [61][175/175]	Step 10911	lr 0.00894	Loss 0.4737 (0.3693)	Prec@(1,5) (88.5%, 99.2%)	
12/02 03:05:02午前 evaluateStage_trainer.py:145 [INFO] Train: [ 61/99] Final Prec@1 88.5311%
12/02 03:05:04午前 evaluateStage_trainer.py:180 [INFO] Valid: [ 61/99] Final Prec@1 57.0200%
12/02 03:05:05午前 evaluateStage_main.py:75 [INFO] Until now, best Prec@1 = 57.0200%
12/02 03:05:20午前 evaluateStage_trainer.py:138 [INFO] Train: Epoch: [62][50/175]	Step 10962	lr 0.00858	Loss 0.3218 (0.3280)	Prec@(1,5) (89.8%, 99.3%)	
12/02 03:05:34午前 evaluateStage_trainer.py:138 [INFO] Train: Epoch: [62][100/175]	Step 11012	lr 0.00858	Loss 0.3291 (0.3372)	Prec@(1,5) (89.6%, 99.3%)	
12/02 03:05:48午前 evaluateStage_trainer.py:138 [INFO] Train: Epoch: [62][150/175]	Step 11062	lr 0.00858	Loss 0.3494 (0.3475)	Prec@(1,5) (89.2%, 99.3%)	
12/02 03:05:55午前 evaluateStage_trainer.py:138 [INFO] Train: Epoch: [62][175/175]	Step 11087	lr 0.00858	Loss 0.3791 (0.3542)	Prec@(1,5) (89.0%, 99.2%)	
12/02 03:05:55午前 evaluateStage_trainer.py:145 [INFO] Train: [ 62/99] Final Prec@1 88.9911%
12/02 03:05:58午前 evaluateStage_trainer.py:180 [INFO] Valid: [ 62/99] Final Prec@1 56.8200%
12/02 03:05:58午前 evaluateStage_main.py:75 [INFO] Until now, best Prec@1 = 57.0200%
12/02 03:06:13午前 evaluateStage_trainer.py:138 [INFO] Train: Epoch: [63][50/175]	Step 11138	lr 0.00823	Loss 0.3349 (0.3009)	Prec@(1,5) (91.0%, 99.5%)	
12/02 03:06:27午前 evaluateStage_trainer.py:138 [INFO] Train: Epoch: [63][100/175]	Step 11188	lr 0.00823	Loss 0.3516 (0.3126)	Prec@(1,5) (90.6%, 99.5%)	
12/02 03:06:41午前 evaluateStage_trainer.py:138 [INFO] Train: Epoch: [63][150/175]	Step 11238	lr 0.00823	Loss 0.3466 (0.3243)	Prec@(1,5) (90.1%, 99.4%)	
12/02 03:06:48午前 evaluateStage_trainer.py:138 [INFO] Train: Epoch: [63][175/175]	Step 11263	lr 0.00823	Loss 0.3535 (0.3298)	Prec@(1,5) (89.9%, 99.4%)	
12/02 03:06:48午前 evaluateStage_trainer.py:145 [INFO] Train: [ 63/99] Final Prec@1 89.8778%
12/02 03:06:51午前 evaluateStage_trainer.py:180 [INFO] Valid: [ 63/99] Final Prec@1 56.4400%
12/02 03:06:51午前 evaluateStage_main.py:75 [INFO] Until now, best Prec@1 = 57.0200%
12/02 03:07:06午前 evaluateStage_trainer.py:138 [INFO] Train: Epoch: [64][50/175]	Step 11314	lr 0.00789	Loss 0.2124 (0.3034)	Prec@(1,5) (91.2%, 99.4%)	
12/02 03:07:20午前 evaluateStage_trainer.py:138 [INFO] Train: Epoch: [64][100/175]	Step 11364	lr 0.00789	Loss 0.4154 (0.3003)	Prec@(1,5) (91.1%, 99.4%)	
12/02 03:07:34午前 evaluateStage_trainer.py:138 [INFO] Train: Epoch: [64][150/175]	Step 11414	lr 0.00789	Loss 0.2955 (0.3095)	Prec@(1,5) (90.7%, 99.4%)	
12/02 03:07:41午前 evaluateStage_trainer.py:138 [INFO] Train: Epoch: [64][175/175]	Step 11439	lr 0.00789	Loss 0.3174 (0.3111)	Prec@(1,5) (90.7%, 99.4%)	
12/02 03:07:41午前 evaluateStage_trainer.py:145 [INFO] Train: [ 64/99] Final Prec@1 90.6556%
12/02 03:07:44午前 evaluateStage_trainer.py:180 [INFO] Valid: [ 64/99] Final Prec@1 57.0600%
12/02 03:07:44午前 evaluateStage_main.py:75 [INFO] Until now, best Prec@1 = 57.0600%
12/02 03:07:59午前 evaluateStage_trainer.py:138 [INFO] Train: Epoch: [65][50/175]	Step 11490	lr 0.00755	Loss 0.2599 (0.2651)	Prec@(1,5) (92.1%, 99.6%)	
12/02 03:08:13午前 evaluateStage_trainer.py:138 [INFO] Train: Epoch: [65][100/175]	Step 11540	lr 0.00755	Loss 0.3190 (0.2724)	Prec@(1,5) (91.9%, 99.6%)	
12/02 03:08:27午前 evaluateStage_trainer.py:138 [INFO] Train: Epoch: [65][150/175]	Step 11590	lr 0.00755	Loss 0.2965 (0.2837)	Prec@(1,5) (91.5%, 99.6%)	
12/02 03:08:34午前 evaluateStage_trainer.py:138 [INFO] Train: Epoch: [65][175/175]	Step 11615	lr 0.00755	Loss 0.3948 (0.2899)	Prec@(1,5) (91.2%, 99.5%)	
12/02 03:08:34午前 evaluateStage_trainer.py:145 [INFO] Train: [ 65/99] Final Prec@1 91.1378%
12/02 03:08:37午前 evaluateStage_trainer.py:180 [INFO] Valid: [ 65/99] Final Prec@1 56.7600%
12/02 03:08:37午前 evaluateStage_main.py:75 [INFO] Until now, best Prec@1 = 57.0600%
12/02 03:08:52午前 evaluateStage_trainer.py:138 [INFO] Train: Epoch: [66][50/175]	Step 11666	lr 0.00722	Loss 0.2600 (0.2629)	Prec@(1,5) (92.2%, 99.6%)	
12/02 03:09:06午前 evaluateStage_trainer.py:138 [INFO] Train: Epoch: [66][100/175]	Step 11716	lr 0.00722	Loss 0.2870 (0.2688)	Prec@(1,5) (91.9%, 99.6%)	
12/02 03:09:20午前 evaluateStage_trainer.py:138 [INFO] Train: Epoch: [66][150/175]	Step 11766	lr 0.00722	Loss 0.3622 (0.2751)	Prec@(1,5) (91.7%, 99.6%)	
12/02 03:09:27午前 evaluateStage_trainer.py:138 [INFO] Train: Epoch: [66][175/175]	Step 11791	lr 0.00722	Loss 0.2828 (0.2793)	Prec@(1,5) (91.6%, 99.6%)	
12/02 03:09:27午前 evaluateStage_trainer.py:145 [INFO] Train: [ 66/99] Final Prec@1 91.5689%
12/02 03:09:30午前 evaluateStage_trainer.py:180 [INFO] Valid: [ 66/99] Final Prec@1 56.3800%
12/02 03:09:30午前 evaluateStage_main.py:75 [INFO] Until now, best Prec@1 = 57.0600%
12/02 03:09:45午前 evaluateStage_trainer.py:138 [INFO] Train: Epoch: [67][50/175]	Step 11842	lr 0.00689	Loss 0.2579 (0.2506)	Prec@(1,5) (92.5%, 99.6%)	
12/02 03:09:59午前 evaluateStage_trainer.py:138 [INFO] Train: Epoch: [67][100/175]	Step 11892	lr 0.00689	Loss 0.2264 (0.2569)	Prec@(1,5) (92.4%, 99.6%)	
12/02 03:10:13午前 evaluateStage_trainer.py:138 [INFO] Train: Epoch: [67][150/175]	Step 11942	lr 0.00689	Loss 0.3191 (0.2617)	Prec@(1,5) (92.2%, 99.6%)	
12/02 03:10:20午前 evaluateStage_trainer.py:138 [INFO] Train: Epoch: [67][175/175]	Step 11967	lr 0.00689	Loss 0.3684 (0.2645)	Prec@(1,5) (92.1%, 99.6%)	
12/02 03:10:20午前 evaluateStage_trainer.py:145 [INFO] Train: [ 67/99] Final Prec@1 92.0689%
12/02 03:10:23午前 evaluateStage_trainer.py:180 [INFO] Valid: [ 67/99] Final Prec@1 57.2600%
12/02 03:10:24午前 evaluateStage_main.py:75 [INFO] Until now, best Prec@1 = 57.2600%
12/02 03:10:39午前 evaluateStage_trainer.py:138 [INFO] Train: Epoch: [68][50/175]	Step 12018	lr 0.00657	Loss 0.2395 (0.2378)	Prec@(1,5) (93.0%, 99.7%)	
12/02 03:10:52午前 evaluateStage_trainer.py:138 [INFO] Train: Epoch: [68][100/175]	Step 12068	lr 0.00657	Loss 0.1590 (0.2356)	Prec@(1,5) (93.1%, 99.7%)	
12/02 03:11:06午前 evaluateStage_trainer.py:138 [INFO] Train: Epoch: [68][150/175]	Step 12118	lr 0.00657	Loss 0.3052 (0.2419)	Prec@(1,5) (92.9%, 99.7%)	
12/02 03:11:13午前 evaluateStage_trainer.py:138 [INFO] Train: Epoch: [68][175/175]	Step 12143	lr 0.00657	Loss 0.2632 (0.2456)	Prec@(1,5) (92.8%, 99.7%)	
12/02 03:11:14午前 evaluateStage_trainer.py:145 [INFO] Train: [ 68/99] Final Prec@1 92.7778%
12/02 03:11:16午前 evaluateStage_trainer.py:180 [INFO] Valid: [ 68/99] Final Prec@1 56.7400%
12/02 03:11:17午前 evaluateStage_main.py:75 [INFO] Until now, best Prec@1 = 57.2600%
12/02 03:11:31午前 evaluateStage_trainer.py:138 [INFO] Train: Epoch: [69][50/175]	Step 12194	lr 0.00625	Loss 0.2058 (0.2132)	Prec@(1,5) (93.9%, 99.8%)	
12/02 03:11:45午前 evaluateStage_trainer.py:138 [INFO] Train: Epoch: [69][100/175]	Step 12244	lr 0.00625	Loss 0.2092 (0.2170)	Prec@(1,5) (93.8%, 99.7%)	
12/02 03:11:59午前 evaluateStage_trainer.py:138 [INFO] Train: Epoch: [69][150/175]	Step 12294	lr 0.00625	Loss 0.2272 (0.2234)	Prec@(1,5) (93.5%, 99.7%)	
12/02 03:12:06午前 evaluateStage_trainer.py:138 [INFO] Train: Epoch: [69][175/175]	Step 12319	lr 0.00625	Loss 0.2916 (0.2281)	Prec@(1,5) (93.3%, 99.7%)	
12/02 03:12:06午前 evaluateStage_trainer.py:145 [INFO] Train: [ 69/99] Final Prec@1 93.3178%
12/02 03:12:09午前 evaluateStage_trainer.py:180 [INFO] Valid: [ 69/99] Final Prec@1 57.5600%
12/02 03:12:10午前 evaluateStage_main.py:75 [INFO] Until now, best Prec@1 = 57.5600%
12/02 03:12:25午前 evaluateStage_trainer.py:138 [INFO] Train: Epoch: [70][50/175]	Step 12370	lr 0.00595	Loss 0.2492 (0.2099)	Prec@(1,5) (93.8%, 99.8%)	
12/02 03:12:38午前 evaluateStage_trainer.py:138 [INFO] Train: Epoch: [70][100/175]	Step 12420	lr 0.00595	Loss 0.2630 (0.2109)	Prec@(1,5) (93.8%, 99.8%)	
12/02 03:12:52午前 evaluateStage_trainer.py:138 [INFO] Train: Epoch: [70][150/175]	Step 12470	lr 0.00595	Loss 0.2148 (0.2143)	Prec@(1,5) (93.8%, 99.8%)	
12/02 03:12:59午前 evaluateStage_trainer.py:138 [INFO] Train: Epoch: [70][175/175]	Step 12495	lr 0.00595	Loss 0.2432 (0.2174)	Prec@(1,5) (93.7%, 99.8%)	
12/02 03:13:00午前 evaluateStage_trainer.py:145 [INFO] Train: [ 70/99] Final Prec@1 93.6467%
12/02 03:13:02午前 evaluateStage_trainer.py:180 [INFO] Valid: [ 70/99] Final Prec@1 58.2200%
12/02 03:13:03午前 evaluateStage_main.py:75 [INFO] Until now, best Prec@1 = 58.2200%
12/02 03:13:18午前 evaluateStage_trainer.py:138 [INFO] Train: Epoch: [71][50/175]	Step 12546	lr 0.00565	Loss 0.1935 (0.1883)	Prec@(1,5) (94.9%, 99.8%)	
12/02 03:13:32午前 evaluateStage_trainer.py:138 [INFO] Train: Epoch: [71][100/175]	Step 12596	lr 0.00565	Loss 0.1478 (0.1910)	Prec@(1,5) (94.7%, 99.8%)	
12/02 03:13:46午前 evaluateStage_trainer.py:138 [INFO] Train: Epoch: [71][150/175]	Step 12646	lr 0.00565	Loss 0.1907 (0.1959)	Prec@(1,5) (94.6%, 99.8%)	
12/02 03:13:53午前 evaluateStage_trainer.py:138 [INFO] Train: Epoch: [71][175/175]	Step 12671	lr 0.00565	Loss 0.2248 (0.1984)	Prec@(1,5) (94.4%, 99.8%)	
12/02 03:13:53午前 evaluateStage_trainer.py:145 [INFO] Train: [ 71/99] Final Prec@1 94.4422%
12/02 03:13:56午前 evaluateStage_trainer.py:180 [INFO] Valid: [ 71/99] Final Prec@1 58.0200%
12/02 03:13:56午前 evaluateStage_main.py:75 [INFO] Until now, best Prec@1 = 58.2200%
12/02 03:14:11午前 evaluateStage_trainer.py:138 [INFO] Train: Epoch: [72][50/175]	Step 12722	lr 0.00535	Loss 0.2343 (0.1803)	Prec@(1,5) (95.3%, 99.9%)	
12/02 03:14:25午前 evaluateStage_trainer.py:138 [INFO] Train: Epoch: [72][100/175]	Step 12772	lr 0.00535	Loss 0.1846 (0.1842)	Prec@(1,5) (95.1%, 99.8%)	
12/02 03:14:39午前 evaluateStage_trainer.py:138 [INFO] Train: Epoch: [72][150/175]	Step 12822	lr 0.00535	Loss 0.2337 (0.1879)	Prec@(1,5) (94.9%, 99.8%)	
12/02 03:14:46午前 evaluateStage_trainer.py:138 [INFO] Train: Epoch: [72][175/175]	Step 12847	lr 0.00535	Loss 0.1425 (0.1881)	Prec@(1,5) (94.9%, 99.8%)	
12/02 03:14:46午前 evaluateStage_trainer.py:145 [INFO] Train: [ 72/99] Final Prec@1 94.8533%
12/02 03:14:49午前 evaluateStage_trainer.py:180 [INFO] Valid: [ 72/99] Final Prec@1 58.5600%
12/02 03:14:49午前 evaluateStage_main.py:75 [INFO] Until now, best Prec@1 = 58.5600%
12/02 03:15:04午前 evaluateStage_trainer.py:138 [INFO] Train: Epoch: [73][50/175]	Step 12898	lr 0.00506	Loss 0.1843 (0.1676)	Prec@(1,5) (95.5%, 99.9%)	
12/02 03:15:18午前 evaluateStage_trainer.py:138 [INFO] Train: Epoch: [73][100/175]	Step 12948	lr 0.00506	Loss 0.2410 (0.1718)	Prec@(1,5) (95.4%, 99.8%)	
12/02 03:15:32午前 evaluateStage_trainer.py:138 [INFO] Train: Epoch: [73][150/175]	Step 12998	lr 0.00506	Loss 0.1764 (0.1782)	Prec@(1,5) (95.1%, 99.8%)	
12/02 03:15:39午前 evaluateStage_trainer.py:138 [INFO] Train: Epoch: [73][175/175]	Step 13023	lr 0.00506	Loss 0.1789 (0.1799)	Prec@(1,5) (95.1%, 99.8%)	
12/02 03:15:39午前 evaluateStage_trainer.py:145 [INFO] Train: [ 73/99] Final Prec@1 95.0956%
12/02 03:15:42午前 evaluateStage_trainer.py:180 [INFO] Valid: [ 73/99] Final Prec@1 58.3200%
12/02 03:15:42午前 evaluateStage_main.py:75 [INFO] Until now, best Prec@1 = 58.5600%
12/02 03:15:57午前 evaluateStage_trainer.py:138 [INFO] Train: Epoch: [74][50/175]	Step 13074	lr 0.00479	Loss 0.1454 (0.1575)	Prec@(1,5) (96.0%, 99.9%)	
12/02 03:16:11午前 evaluateStage_trainer.py:138 [INFO] Train: Epoch: [74][100/175]	Step 13124	lr 0.00479	Loss 0.1634 (0.1608)	Prec@(1,5) (95.8%, 99.9%)	
12/02 03:16:25午前 evaluateStage_trainer.py:138 [INFO] Train: Epoch: [74][150/175]	Step 13174	lr 0.00479	Loss 0.1604 (0.1660)	Prec@(1,5) (95.6%, 99.8%)	
12/02 03:16:32午前 evaluateStage_trainer.py:138 [INFO] Train: Epoch: [74][175/175]	Step 13199	lr 0.00479	Loss 0.1838 (0.1684)	Prec@(1,5) (95.5%, 99.9%)	
12/02 03:16:32午前 evaluateStage_trainer.py:145 [INFO] Train: [ 74/99] Final Prec@1 95.4800%
12/02 03:16:35午前 evaluateStage_trainer.py:180 [INFO] Valid: [ 74/99] Final Prec@1 58.8400%
12/02 03:16:36午前 evaluateStage_main.py:75 [INFO] Until now, best Prec@1 = 58.8400%
12/02 03:16:51午前 evaluateStage_trainer.py:138 [INFO] Train: Epoch: [75][50/175]	Step 13250	lr 0.00451	Loss 0.1553 (0.1516)	Prec@(1,5) (96.0%, 99.9%)	
12/02 03:17:05午前 evaluateStage_trainer.py:138 [INFO] Train: Epoch: [75][100/175]	Step 13300	lr 0.00451	Loss 0.1840 (0.1556)	Prec@(1,5) (95.8%, 99.9%)	
12/02 03:17:19午前 evaluateStage_trainer.py:138 [INFO] Train: Epoch: [75][150/175]	Step 13350	lr 0.00451	Loss 0.1556 (0.1579)	Prec@(1,5) (95.7%, 99.9%)	
12/02 03:17:25午前 evaluateStage_trainer.py:138 [INFO] Train: Epoch: [75][175/175]	Step 13375	lr 0.00451	Loss 0.1818 (0.1591)	Prec@(1,5) (95.7%, 99.9%)	
12/02 03:17:26午前 evaluateStage_trainer.py:145 [INFO] Train: [ 75/99] Final Prec@1 95.7178%
12/02 03:17:29午前 evaluateStage_trainer.py:180 [INFO] Valid: [ 75/99] Final Prec@1 58.7000%
12/02 03:17:29午前 evaluateStage_main.py:75 [INFO] Until now, best Prec@1 = 58.8400%
12/02 03:17:44午前 evaluateStage_trainer.py:138 [INFO] Train: Epoch: [76][50/175]	Step 13426	lr 0.00425	Loss 0.1250 (0.1404)	Prec@(1,5) (96.4%, 99.9%)	
12/02 03:17:58午前 evaluateStage_trainer.py:138 [INFO] Train: Epoch: [76][100/175]	Step 13476	lr 0.00425	Loss 0.1811 (0.1440)	Prec@(1,5) (96.2%, 99.9%)	
12/02 03:18:12午前 evaluateStage_trainer.py:138 [INFO] Train: Epoch: [76][150/175]	Step 13526	lr 0.00425	Loss 0.2184 (0.1475)	Prec@(1,5) (96.1%, 99.9%)	
12/02 03:18:19午前 evaluateStage_trainer.py:138 [INFO] Train: Epoch: [76][175/175]	Step 13551	lr 0.00425	Loss 0.1667 (0.1502)	Prec@(1,5) (96.0%, 99.9%)	
12/02 03:18:19午前 evaluateStage_trainer.py:145 [INFO] Train: [ 76/99] Final Prec@1 95.9800%
12/02 03:18:22午前 evaluateStage_trainer.py:180 [INFO] Valid: [ 76/99] Final Prec@1 58.2400%
12/02 03:18:22午前 evaluateStage_main.py:75 [INFO] Until now, best Prec@1 = 58.8400%
12/02 03:18:37午前 evaluateStage_trainer.py:138 [INFO] Train: Epoch: [77][50/175]	Step 13602	lr 0.004	Loss 0.1083 (0.1368)	Prec@(1,5) (96.6%, 99.9%)	
12/02 03:18:51午前 evaluateStage_trainer.py:138 [INFO] Train: Epoch: [77][100/175]	Step 13652	lr 0.004	Loss 0.1638 (0.1382)	Prec@(1,5) (96.6%, 99.9%)	
12/02 03:19:05午前 evaluateStage_trainer.py:138 [INFO] Train: Epoch: [77][150/175]	Step 13702	lr 0.004	Loss 0.1666 (0.1425)	Prec@(1,5) (96.4%, 99.9%)	
12/02 03:19:12午前 evaluateStage_trainer.py:138 [INFO] Train: Epoch: [77][175/175]	Step 13727	lr 0.004	Loss 0.1282 (0.1421)	Prec@(1,5) (96.4%, 99.9%)	
12/02 03:19:12午前 evaluateStage_trainer.py:145 [INFO] Train: [ 77/99] Final Prec@1 96.3844%
12/02 03:19:15午前 evaluateStage_trainer.py:180 [INFO] Valid: [ 77/99] Final Prec@1 58.1600%
12/02 03:19:15午前 evaluateStage_main.py:75 [INFO] Until now, best Prec@1 = 58.8400%
12/02 03:19:30午前 evaluateStage_trainer.py:138 [INFO] Train: Epoch: [78][50/175]	Step 13778	lr 0.00375	Loss 0.1350 (0.1235)	Prec@(1,5) (97.1%, 99.9%)	
12/02 03:19:44午前 evaluateStage_trainer.py:138 [INFO] Train: Epoch: [78][100/175]	Step 13828	lr 0.00375	Loss 0.1208 (0.1274)	Prec@(1,5) (97.0%, 99.9%)	
12/02 03:19:58午前 evaluateStage_trainer.py:138 [INFO] Train: Epoch: [78][150/175]	Step 13878	lr 0.00375	Loss 0.1651 (0.1311)	Prec@(1,5) (96.9%, 99.9%)	
12/02 03:20:05午前 evaluateStage_trainer.py:138 [INFO] Train: Epoch: [78][175/175]	Step 13903	lr 0.00375	Loss 0.1201 (0.1317)	Prec@(1,5) (96.8%, 99.9%)	
12/02 03:20:05午前 evaluateStage_trainer.py:145 [INFO] Train: [ 78/99] Final Prec@1 96.8067%
12/02 03:20:08午前 evaluateStage_trainer.py:180 [INFO] Valid: [ 78/99] Final Prec@1 58.4400%
12/02 03:20:08午前 evaluateStage_main.py:75 [INFO] Until now, best Prec@1 = 58.8400%
12/02 03:20:23午前 evaluateStage_trainer.py:138 [INFO] Train: Epoch: [79][50/175]	Step 13954	lr 0.00352	Loss 0.1264 (0.1219)	Prec@(1,5) (97.2%, 99.9%)	
12/02 03:20:37午前 evaluateStage_trainer.py:138 [INFO] Train: Epoch: [79][100/175]	Step 14004	lr 0.00352	Loss 0.1360 (0.1234)	Prec@(1,5) (97.1%, 99.9%)	
12/02 03:20:51午前 evaluateStage_trainer.py:138 [INFO] Train: Epoch: [79][150/175]	Step 14054	lr 0.00352	Loss 0.1390 (0.1278)	Prec@(1,5) (96.9%, 99.9%)	
12/02 03:20:58午前 evaluateStage_trainer.py:138 [INFO] Train: Epoch: [79][175/175]	Step 14079	lr 0.00352	Loss 0.1512 (0.1286)	Prec@(1,5) (96.9%, 99.9%)	
12/02 03:20:58午前 evaluateStage_trainer.py:145 [INFO] Train: [ 79/99] Final Prec@1 96.8533%
12/02 03:21:01午前 evaluateStage_trainer.py:180 [INFO] Valid: [ 79/99] Final Prec@1 59.4800%
12/02 03:21:01午前 evaluateStage_main.py:75 [INFO] Until now, best Prec@1 = 59.4800%
12/02 03:21:16午前 evaluateStage_trainer.py:138 [INFO] Train: Epoch: [80][50/175]	Step 14130	lr 0.00329	Loss 0.1200 (0.1172)	Prec@(1,5) (97.2%, 99.9%)	
12/02 03:21:30午前 evaluateStage_trainer.py:138 [INFO] Train: Epoch: [80][100/175]	Step 14180	lr 0.00329	Loss 0.1219 (0.1168)	Prec@(1,5) (97.3%, 99.9%)	
12/02 03:21:44午前 evaluateStage_trainer.py:138 [INFO] Train: Epoch: [80][150/175]	Step 14230	lr 0.00329	Loss 0.1161 (0.1172)	Prec@(1,5) (97.3%, 99.9%)	
12/02 03:21:51午前 evaluateStage_trainer.py:138 [INFO] Train: Epoch: [80][175/175]	Step 14255	lr 0.00329	Loss 0.1070 (0.1166)	Prec@(1,5) (97.3%, 99.9%)	
12/02 03:21:51午前 evaluateStage_trainer.py:145 [INFO] Train: [ 80/99] Final Prec@1 97.3244%
12/02 03:21:54午前 evaluateStage_trainer.py:180 [INFO] Valid: [ 80/99] Final Prec@1 58.8000%
12/02 03:21:54午前 evaluateStage_main.py:75 [INFO] Until now, best Prec@1 = 59.4800%
12/02 03:22:09午前 evaluateStage_trainer.py:138 [INFO] Train: Epoch: [81][50/175]	Step 14306	lr 0.00308	Loss 0.0929 (0.1119)	Prec@(1,5) (97.5%, 99.9%)	
12/02 03:22:23午前 evaluateStage_trainer.py:138 [INFO] Train: Epoch: [81][100/175]	Step 14356	lr 0.00308	Loss 0.1226 (0.1121)	Prec@(1,5) (97.4%, 100.0%)	
12/02 03:22:37午前 evaluateStage_trainer.py:138 [INFO] Train: Epoch: [81][150/175]	Step 14406	lr 0.00308	Loss 0.1005 (0.1130)	Prec@(1,5) (97.4%, 99.9%)	
12/02 03:22:44午前 evaluateStage_trainer.py:138 [INFO] Train: Epoch: [81][175/175]	Step 14431	lr 0.00308	Loss 0.1284 (0.1132)	Prec@(1,5) (97.4%, 99.9%)	
12/02 03:22:44午前 evaluateStage_trainer.py:145 [INFO] Train: [ 81/99] Final Prec@1 97.3689%
12/02 03:22:47午前 evaluateStage_trainer.py:180 [INFO] Valid: [ 81/99] Final Prec@1 58.9800%
12/02 03:22:47午前 evaluateStage_main.py:75 [INFO] Until now, best Prec@1 = 59.4800%
12/02 03:23:02午前 evaluateStage_trainer.py:138 [INFO] Train: Epoch: [82][50/175]	Step 14482	lr 0.00287	Loss 0.0846 (0.1033)	Prec@(1,5) (97.8%, 99.9%)	
12/02 03:23:16午前 evaluateStage_trainer.py:138 [INFO] Train: Epoch: [82][100/175]	Step 14532	lr 0.00287	Loss 0.0973 (0.1077)	Prec@(1,5) (97.6%, 99.9%)	
12/02 03:23:30午前 evaluateStage_trainer.py:138 [INFO] Train: Epoch: [82][150/175]	Step 14582	lr 0.00287	Loss 0.1070 (0.1092)	Prec@(1,5) (97.5%, 99.9%)	
12/02 03:23:37午前 evaluateStage_trainer.py:138 [INFO] Train: Epoch: [82][175/175]	Step 14607	lr 0.00287	Loss 0.1266 (0.1093)	Prec@(1,5) (97.5%, 99.9%)	
12/02 03:23:37午前 evaluateStage_trainer.py:145 [INFO] Train: [ 82/99] Final Prec@1 97.5200%
12/02 03:23:40午前 evaluateStage_trainer.py:180 [INFO] Valid: [ 82/99] Final Prec@1 58.3800%
12/02 03:23:40午前 evaluateStage_main.py:75 [INFO] Until now, best Prec@1 = 59.4800%
12/02 03:23:55午前 evaluateStage_trainer.py:138 [INFO] Train: Epoch: [83][50/175]	Step 14658	lr 0.00267	Loss 0.0844 (0.1012)	Prec@(1,5) (97.7%, 100.0%)	
12/02 03:24:09午前 evaluateStage_trainer.py:138 [INFO] Train: Epoch: [83][100/175]	Step 14708	lr 0.00267	Loss 0.1051 (0.1024)	Prec@(1,5) (97.6%, 100.0%)	
12/02 03:24:22午前 evaluateStage_trainer.py:138 [INFO] Train: Epoch: [83][150/175]	Step 14758	lr 0.00267	Loss 0.1210 (0.1048)	Prec@(1,5) (97.5%, 100.0%)	
12/02 03:24:29午前 evaluateStage_trainer.py:138 [INFO] Train: Epoch: [83][175/175]	Step 14783	lr 0.00267	Loss 0.1009 (0.1052)	Prec@(1,5) (97.5%, 99.9%)	
12/02 03:24:30午前 evaluateStage_trainer.py:145 [INFO] Train: [ 83/99] Final Prec@1 97.5289%
12/02 03:24:33午前 evaluateStage_trainer.py:180 [INFO] Valid: [ 83/99] Final Prec@1 58.1000%
12/02 03:24:33午前 evaluateStage_main.py:75 [INFO] Until now, best Prec@1 = 59.4800%
12/02 03:24:47午前 evaluateStage_trainer.py:138 [INFO] Train: Epoch: [84][50/175]	Step 14834	lr 0.00248	Loss 0.0844 (0.0981)	Prec@(1,5) (98.0%, 100.0%)	
12/02 03:25:01午前 evaluateStage_trainer.py:138 [INFO] Train: Epoch: [84][100/175]	Step 14884	lr 0.00248	Loss 0.0875 (0.1001)	Prec@(1,5) (97.8%, 99.9%)	
12/02 03:25:15午前 evaluateStage_trainer.py:138 [INFO] Train: Epoch: [84][150/175]	Step 14934	lr 0.00248	Loss 0.1124 (0.1010)	Prec@(1,5) (97.8%, 99.9%)	
12/02 03:25:22午前 evaluateStage_trainer.py:138 [INFO] Train: Epoch: [84][175/175]	Step 14959	lr 0.00248	Loss 0.0845 (0.1020)	Prec@(1,5) (97.8%, 99.9%)	
12/02 03:25:23午前 evaluateStage_trainer.py:145 [INFO] Train: [ 84/99] Final Prec@1 97.8000%
12/02 03:25:25午前 evaluateStage_trainer.py:180 [INFO] Valid: [ 84/99] Final Prec@1 58.6600%
12/02 03:25:25午前 evaluateStage_main.py:75 [INFO] Until now, best Prec@1 = 59.4800%
12/02 03:25:41午前 evaluateStage_trainer.py:138 [INFO] Train: Epoch: [85][50/175]	Step 15010	lr 0.00231	Loss 0.0960 (0.0904)	Prec@(1,5) (98.1%, 100.0%)	
12/02 03:25:55午前 evaluateStage_trainer.py:138 [INFO] Train: Epoch: [85][100/175]	Step 15060	lr 0.00231	Loss 0.0854 (0.0935)	Prec@(1,5) (98.0%, 100.0%)	
12/02 03:26:09午前 evaluateStage_trainer.py:138 [INFO] Train: Epoch: [85][150/175]	Step 15110	lr 0.00231	Loss 0.1144 (0.0945)	Prec@(1,5) (98.0%, 100.0%)	
12/02 03:26:16午前 evaluateStage_trainer.py:138 [INFO] Train: Epoch: [85][175/175]	Step 15135	lr 0.00231	Loss 0.0741 (0.0946)	Prec@(1,5) (98.0%, 100.0%)	
12/02 03:26:16午前 evaluateStage_trainer.py:145 [INFO] Train: [ 85/99] Final Prec@1 98.0022%
12/02 03:26:19午前 evaluateStage_trainer.py:180 [INFO] Valid: [ 85/99] Final Prec@1 58.8800%
12/02 03:26:19午前 evaluateStage_main.py:75 [INFO] Until now, best Prec@1 = 59.4800%
12/02 03:26:34午前 evaluateStage_trainer.py:138 [INFO] Train: Epoch: [86][50/175]	Step 15186	lr 0.00214	Loss 0.0673 (0.0916)	Prec@(1,5) (98.1%, 99.9%)	
12/02 03:26:47午前 evaluateStage_trainer.py:138 [INFO] Train: Epoch: [86][100/175]	Step 15236	lr 0.00214	Loss 0.0745 (0.0940)	Prec@(1,5) (98.1%, 99.9%)	
12/02 03:27:01午前 evaluateStage_trainer.py:138 [INFO] Train: Epoch: [86][150/175]	Step 15286	lr 0.00214	Loss 0.0918 (0.0938)	Prec@(1,5) (98.0%, 100.0%)	
12/02 03:27:08午前 evaluateStage_trainer.py:138 [INFO] Train: Epoch: [86][175/175]	Step 15311	lr 0.00214	Loss 0.1032 (0.0936)	Prec@(1,5) (98.0%, 100.0%)	
12/02 03:27:09午前 evaluateStage_trainer.py:145 [INFO] Train: [ 86/99] Final Prec@1 98.0356%
12/02 03:27:12午前 evaluateStage_trainer.py:180 [INFO] Valid: [ 86/99] Final Prec@1 59.5000%
12/02 03:27:12午前 evaluateStage_main.py:75 [INFO] Until now, best Prec@1 = 59.5000%
12/02 03:27:27午前 evaluateStage_trainer.py:138 [INFO] Train: Epoch: [87][50/175]	Step 15362	lr 0.00199	Loss 0.0732 (0.0945)	Prec@(1,5) (98.0%, 100.0%)	
12/02 03:27:41午前 evaluateStage_trainer.py:138 [INFO] Train: Epoch: [87][100/175]	Step 15412	lr 0.00199	Loss 0.0869 (0.0938)	Prec@(1,5) (98.1%, 100.0%)	
12/02 03:27:55午前 evaluateStage_trainer.py:138 [INFO] Train: Epoch: [87][150/175]	Step 15462	lr 0.00199	Loss 0.1063 (0.0940)	Prec@(1,5) (98.0%, 100.0%)	
12/02 03:28:02午前 evaluateStage_trainer.py:138 [INFO] Train: Epoch: [87][175/175]	Step 15487	lr 0.00199	Loss 0.0832 (0.0936)	Prec@(1,5) (98.0%, 100.0%)	
12/02 03:28:02午前 evaluateStage_trainer.py:145 [INFO] Train: [ 87/99] Final Prec@1 98.0044%
12/02 03:28:05午前 evaluateStage_trainer.py:180 [INFO] Valid: [ 87/99] Final Prec@1 59.0800%
12/02 03:28:05午前 evaluateStage_main.py:75 [INFO] Until now, best Prec@1 = 59.5000%
12/02 03:28:20午前 evaluateStage_trainer.py:138 [INFO] Train: Epoch: [88][50/175]	Step 15538	lr 0.00184	Loss 0.1015 (0.0883)	Prec@(1,5) (98.2%, 99.9%)	
12/02 03:28:34午前 evaluateStage_trainer.py:138 [INFO] Train: Epoch: [88][100/175]	Step 15588	lr 0.00184	Loss 0.1041 (0.0891)	Prec@(1,5) (98.1%, 100.0%)	
12/02 03:28:47午前 evaluateStage_trainer.py:138 [INFO] Train: Epoch: [88][150/175]	Step 15638	lr 0.00184	Loss 0.0673 (0.0899)	Prec@(1,5) (98.2%, 100.0%)	
12/02 03:28:54午前 evaluateStage_trainer.py:138 [INFO] Train: Epoch: [88][175/175]	Step 15663	lr 0.00184	Loss 0.0881 (0.0898)	Prec@(1,5) (98.2%, 100.0%)	
12/02 03:28:55午前 evaluateStage_trainer.py:145 [INFO] Train: [ 88/99] Final Prec@1 98.1778%
12/02 03:28:57午前 evaluateStage_trainer.py:180 [INFO] Valid: [ 88/99] Final Prec@1 59.7200%
12/02 03:28:58午前 evaluateStage_main.py:75 [INFO] Until now, best Prec@1 = 59.7200%
12/02 03:29:13午前 evaluateStage_trainer.py:138 [INFO] Train: Epoch: [89][50/175]	Step 15714	lr 0.00171	Loss 0.0760 (0.0876)	Prec@(1,5) (98.2%, 100.0%)	
12/02 03:29:27午前 evaluateStage_trainer.py:138 [INFO] Train: Epoch: [89][100/175]	Step 15764	lr 0.00171	Loss 0.0835 (0.0868)	Prec@(1,5) (98.2%, 100.0%)	
12/02 03:29:41午前 evaluateStage_trainer.py:138 [INFO] Train: Epoch: [89][150/175]	Step 15814	lr 0.00171	Loss 0.1050 (0.0883)	Prec@(1,5) (98.2%, 100.0%)	
12/02 03:29:48午前 evaluateStage_trainer.py:138 [INFO] Train: Epoch: [89][175/175]	Step 15839	lr 0.00171	Loss 0.0612 (0.0871)	Prec@(1,5) (98.2%, 100.0%)	
12/02 03:29:48午前 evaluateStage_trainer.py:145 [INFO] Train: [ 89/99] Final Prec@1 98.2333%
12/02 03:29:51午前 evaluateStage_trainer.py:180 [INFO] Valid: [ 89/99] Final Prec@1 59.4000%
12/02 03:29:51午前 evaluateStage_main.py:75 [INFO] Until now, best Prec@1 = 59.7200%
12/02 03:30:06午前 evaluateStage_trainer.py:138 [INFO] Train: Epoch: [90][50/175]	Step 15890	lr 0.00159	Loss 0.0925 (0.0809)	Prec@(1,5) (98.2%, 99.9%)	
12/02 03:30:20午前 evaluateStage_trainer.py:138 [INFO] Train: Epoch: [90][100/175]	Step 15940	lr 0.00159	Loss 0.0664 (0.0821)	Prec@(1,5) (98.3%, 100.0%)	
12/02 03:30:34午前 evaluateStage_trainer.py:138 [INFO] Train: Epoch: [90][150/175]	Step 15990	lr 0.00159	Loss 0.1267 (0.0824)	Prec@(1,5) (98.4%, 100.0%)	
12/02 03:30:41午前 evaluateStage_trainer.py:138 [INFO] Train: Epoch: [90][175/175]	Step 16015	lr 0.00159	Loss 0.0830 (0.0838)	Prec@(1,5) (98.3%, 100.0%)	
12/02 03:30:41午前 evaluateStage_trainer.py:145 [INFO] Train: [ 90/99] Final Prec@1 98.3222%
12/02 03:30:44午前 evaluateStage_trainer.py:180 [INFO] Valid: [ 90/99] Final Prec@1 59.4800%
12/02 03:30:44午前 evaluateStage_main.py:75 [INFO] Until now, best Prec@1 = 59.7200%
12/02 03:30:59午前 evaluateStage_trainer.py:138 [INFO] Train: Epoch: [91][50/175]	Step 16066	lr 0.00148	Loss 0.0702 (0.0744)	Prec@(1,5) (98.7%, 100.0%)	
12/02 03:31:13午前 evaluateStage_trainer.py:138 [INFO] Train: Epoch: [91][100/175]	Step 16116	lr 0.00148	Loss 0.0782 (0.0775)	Prec@(1,5) (98.6%, 100.0%)	
12/02 03:31:27午前 evaluateStage_trainer.py:138 [INFO] Train: Epoch: [91][150/175]	Step 16166	lr 0.00148	Loss 0.0650 (0.0786)	Prec@(1,5) (98.6%, 100.0%)	
12/02 03:31:34午前 evaluateStage_trainer.py:138 [INFO] Train: Epoch: [91][175/175]	Step 16191	lr 0.00148	Loss 0.0814 (0.0798)	Prec@(1,5) (98.5%, 100.0%)	
12/02 03:31:34午前 evaluateStage_trainer.py:145 [INFO] Train: [ 91/99] Final Prec@1 98.5289%
12/02 03:31:37午前 evaluateStage_trainer.py:180 [INFO] Valid: [ 91/99] Final Prec@1 59.3800%
12/02 03:31:37午前 evaluateStage_main.py:75 [INFO] Until now, best Prec@1 = 59.7200%
12/02 03:31:52午前 evaluateStage_trainer.py:138 [INFO] Train: Epoch: [92][50/175]	Step 16242	lr 0.00138	Loss 0.1045 (0.0787)	Prec@(1,5) (98.5%, 100.0%)	
12/02 03:32:05午前 evaluateStage_trainer.py:138 [INFO] Train: Epoch: [92][100/175]	Step 16292	lr 0.00138	Loss 0.0592 (0.0780)	Prec@(1,5) (98.4%, 100.0%)	
12/02 03:32:19午前 evaluateStage_trainer.py:138 [INFO] Train: Epoch: [92][150/175]	Step 16342	lr 0.00138	Loss 0.1007 (0.0779)	Prec@(1,5) (98.4%, 100.0%)	
12/02 03:32:26午前 evaluateStage_trainer.py:138 [INFO] Train: Epoch: [92][175/175]	Step 16367	lr 0.00138	Loss 0.0667 (0.0783)	Prec@(1,5) (98.4%, 100.0%)	
12/02 03:32:27午前 evaluateStage_trainer.py:145 [INFO] Train: [ 92/99] Final Prec@1 98.4311%
12/02 03:32:30午前 evaluateStage_trainer.py:180 [INFO] Valid: [ 92/99] Final Prec@1 58.7000%
12/02 03:32:30午前 evaluateStage_main.py:75 [INFO] Until now, best Prec@1 = 59.7200%
12/02 03:32:44午前 evaluateStage_trainer.py:138 [INFO] Train: Epoch: [93][50/175]	Step 16418	lr 0.00129	Loss 0.0643 (0.0781)	Prec@(1,5) (98.5%, 100.0%)	
12/02 03:32:58午前 evaluateStage_trainer.py:138 [INFO] Train: Epoch: [93][100/175]	Step 16468	lr 0.00129	Loss 0.0517 (0.0771)	Prec@(1,5) (98.6%, 100.0%)	
12/02 03:33:12午前 evaluateStage_trainer.py:138 [INFO] Train: Epoch: [93][150/175]	Step 16518	lr 0.00129	Loss 0.0754 (0.0773)	Prec@(1,5) (98.6%, 100.0%)	
12/02 03:33:19午前 evaluateStage_trainer.py:138 [INFO] Train: Epoch: [93][175/175]	Step 16543	lr 0.00129	Loss 0.0601 (0.0778)	Prec@(1,5) (98.6%, 100.0%)	
12/02 03:33:19午前 evaluateStage_trainer.py:145 [INFO] Train: [ 93/99] Final Prec@1 98.5444%
12/02 03:33:22午前 evaluateStage_trainer.py:180 [INFO] Valid: [ 93/99] Final Prec@1 59.1800%
12/02 03:33:23午前 evaluateStage_main.py:75 [INFO] Until now, best Prec@1 = 59.7200%
12/02 03:33:37午前 evaluateStage_trainer.py:138 [INFO] Train: Epoch: [94][50/175]	Step 16594	lr 0.00121	Loss 0.0634 (0.0746)	Prec@(1,5) (98.7%, 100.0%)	
12/02 03:33:51午前 evaluateStage_trainer.py:138 [INFO] Train: Epoch: [94][100/175]	Step 16644	lr 0.00121	Loss 0.0812 (0.0746)	Prec@(1,5) (98.6%, 100.0%)	
12/02 03:34:05午前 evaluateStage_trainer.py:138 [INFO] Train: Epoch: [94][150/175]	Step 16694	lr 0.00121	Loss 0.0725 (0.0756)	Prec@(1,5) (98.6%, 100.0%)	
12/02 03:34:12午前 evaluateStage_trainer.py:138 [INFO] Train: Epoch: [94][175/175]	Step 16719	lr 0.00121	Loss 0.0578 (0.0753)	Prec@(1,5) (98.6%, 100.0%)	
12/02 03:34:12午前 evaluateStage_trainer.py:145 [INFO] Train: [ 94/99] Final Prec@1 98.5578%
12/02 03:34:15午前 evaluateStage_trainer.py:180 [INFO] Valid: [ 94/99] Final Prec@1 59.1800%
12/02 03:34:15午前 evaluateStage_main.py:75 [INFO] Until now, best Prec@1 = 59.7200%
12/02 03:34:30午前 evaluateStage_trainer.py:138 [INFO] Train: Epoch: [95][50/175]	Step 16770	lr 0.00115	Loss 0.0945 (0.0717)	Prec@(1,5) (98.7%, 100.0%)	
12/02 03:34:44午前 evaluateStage_trainer.py:138 [INFO] Train: Epoch: [95][100/175]	Step 16820	lr 0.00115	Loss 0.0952 (0.0732)	Prec@(1,5) (98.7%, 100.0%)	
12/02 03:34:58午前 evaluateStage_trainer.py:138 [INFO] Train: Epoch: [95][150/175]	Step 16870	lr 0.00115	Loss 0.0602 (0.0741)	Prec@(1,5) (98.7%, 100.0%)	
12/02 03:35:05午前 evaluateStage_trainer.py:138 [INFO] Train: Epoch: [95][175/175]	Step 16895	lr 0.00115	Loss 0.0724 (0.0742)	Prec@(1,5) (98.7%, 100.0%)	
12/02 03:35:05午前 evaluateStage_trainer.py:145 [INFO] Train: [ 95/99] Final Prec@1 98.6756%
12/02 03:35:08午前 evaluateStage_trainer.py:180 [INFO] Valid: [ 95/99] Final Prec@1 60.0000%
12/02 03:35:08午前 evaluateStage_main.py:75 [INFO] Until now, best Prec@1 = 60.0000%
12/02 03:35:23午前 evaluateStage_trainer.py:138 [INFO] Train: Epoch: [96][50/175]	Step 16946	lr 0.00109	Loss 0.0599 (0.0706)	Prec@(1,5) (98.7%, 100.0%)	
12/02 03:35:37午前 evaluateStage_trainer.py:138 [INFO] Train: Epoch: [96][100/175]	Step 16996	lr 0.00109	Loss 0.0631 (0.0704)	Prec@(1,5) (98.8%, 100.0%)	
12/02 03:35:51午前 evaluateStage_trainer.py:138 [INFO] Train: Epoch: [96][150/175]	Step 17046	lr 0.00109	Loss 0.0539 (0.0719)	Prec@(1,5) (98.7%, 100.0%)	
12/02 03:35:58午前 evaluateStage_trainer.py:138 [INFO] Train: Epoch: [96][175/175]	Step 17071	lr 0.00109	Loss 0.0836 (0.0731)	Prec@(1,5) (98.6%, 100.0%)	
12/02 03:35:58午前 evaluateStage_trainer.py:145 [INFO] Train: [ 96/99] Final Prec@1 98.6244%
12/02 03:36:01午前 evaluateStage_trainer.py:180 [INFO] Valid: [ 96/99] Final Prec@1 59.6000%
12/02 03:36:01午前 evaluateStage_main.py:75 [INFO] Until now, best Prec@1 = 60.0000%
12/02 03:36:16午前 evaluateStage_trainer.py:138 [INFO] Train: Epoch: [97][50/175]	Step 17122	lr 0.00105	Loss 0.0830 (0.0733)	Prec@(1,5) (98.7%, 100.0%)	
12/02 03:36:30午前 evaluateStage_trainer.py:138 [INFO] Train: Epoch: [97][100/175]	Step 17172	lr 0.00105	Loss 0.0670 (0.0735)	Prec@(1,5) (98.6%, 100.0%)	
12/02 03:36:44午前 evaluateStage_trainer.py:138 [INFO] Train: Epoch: [97][150/175]	Step 17222	lr 0.00105	Loss 0.0907 (0.0740)	Prec@(1,5) (98.7%, 100.0%)	
12/02 03:36:51午前 evaluateStage_trainer.py:138 [INFO] Train: Epoch: [97][175/175]	Step 17247	lr 0.00105	Loss 0.0711 (0.0731)	Prec@(1,5) (98.7%, 100.0%)	
12/02 03:36:51午前 evaluateStage_trainer.py:145 [INFO] Train: [ 97/99] Final Prec@1 98.7089%
12/02 03:36:54午前 evaluateStage_trainer.py:180 [INFO] Valid: [ 97/99] Final Prec@1 59.2600%
12/02 03:36:54午前 evaluateStage_main.py:75 [INFO] Until now, best Prec@1 = 60.0000%
12/02 03:37:09午前 evaluateStage_trainer.py:138 [INFO] Train: Epoch: [98][50/175]	Step 17298	lr 0.00102	Loss 0.0787 (0.0705)	Prec@(1,5) (98.7%, 100.0%)	
12/02 03:37:23午前 evaluateStage_trainer.py:138 [INFO] Train: Epoch: [98][100/175]	Step 17348	lr 0.00102	Loss 0.0839 (0.0732)	Prec@(1,5) (98.6%, 100.0%)	
12/02 03:37:37午前 evaluateStage_trainer.py:138 [INFO] Train: Epoch: [98][150/175]	Step 17398	lr 0.00102	Loss 0.0917 (0.0728)	Prec@(1,5) (98.7%, 100.0%)	
12/02 03:37:44午前 evaluateStage_trainer.py:138 [INFO] Train: Epoch: [98][175/175]	Step 17423	lr 0.00102	Loss 0.0986 (0.0720)	Prec@(1,5) (98.7%, 100.0%)	
12/02 03:37:44午前 evaluateStage_trainer.py:145 [INFO] Train: [ 98/99] Final Prec@1 98.7400%
12/02 03:37:47午前 evaluateStage_trainer.py:180 [INFO] Valid: [ 98/99] Final Prec@1 59.7600%
12/02 03:37:47午前 evaluateStage_main.py:75 [INFO] Until now, best Prec@1 = 60.0000%
12/02 03:38:02午前 evaluateStage_trainer.py:138 [INFO] Train: Epoch: [99][50/175]	Step 17474	lr 0.00101	Loss 0.0686 (0.0680)	Prec@(1,5) (98.9%, 100.0%)	
12/02 03:38:16午前 evaluateStage_trainer.py:138 [INFO] Train: Epoch: [99][100/175]	Step 17524	lr 0.00101	Loss 0.0648 (0.0687)	Prec@(1,5) (98.8%, 100.0%)	
12/02 03:38:29午前 evaluateStage_trainer.py:138 [INFO] Train: Epoch: [99][150/175]	Step 17574	lr 0.00101	Loss 0.0733 (0.0685)	Prec@(1,5) (98.9%, 100.0%)	
12/02 03:38:36午前 evaluateStage_trainer.py:138 [INFO] Train: Epoch: [99][175/175]	Step 17599	lr 0.00101	Loss 0.0567 (0.0697)	Prec@(1,5) (98.8%, 100.0%)	
12/02 03:38:37午前 evaluateStage_trainer.py:145 [INFO] Train: [ 99/99] Final Prec@1 98.8133%
12/02 03:38:39午前 evaluateStage_trainer.py:180 [INFO] Valid: [ 99/99] Final Prec@1 59.1400%
12/02 03:38:40午前 evaluateStage_main.py:75 [INFO] Until now, best Prec@1 = 60.0000%
12/02 03:38:40午前 evaluateStage_main.py:79 [INFO] Final best Prec@1 = 60.0000%
