07/26 09:41:51AM parser.py:28 [INFO] 
07/26 09:41:51AM parser.py:29 [INFO] Parameters:
07/26 09:41:51AM parser.py:31 [INFO] T=3.0
07/26 09:41:51AM parser.py:31 [INFO] ADVANCED=True
07/26 09:41:51AM parser.py:31 [INFO] AUX_WEIGHT=0.4
07/26 09:41:51AM parser.py:31 [INFO] BATCH_SIZE=64
07/26 09:41:51AM parser.py:31 [INFO] CUTOUT_LENGTH=16
07/26 09:41:51AM parser.py:31 [INFO] DATA_PATH=../data/
07/26 09:41:51AM parser.py:31 [INFO] DATASET=cifar100
07/26 09:41:51AM parser.py:31 [INFO] DESCRIPTION=baseline_resized_224_partially_connected_model_for_search_cell
07/26 09:41:51AM parser.py:31 [INFO] DROP_PATH_PROB=0.2
07/26 09:41:51AM parser.py:31 [INFO] EPOCHS=100
07/26 09:41:51AM parser.py:31 [INFO] EXP_NAME=BASELINE224PC-20240726-094151
07/26 09:41:51AM parser.py:31 [INFO] GENOTYPE=Genotype3(normal1=[[('sep_conv_5x5', 1), ('max_pool_3x3', 0)], [('dil_conv_3x3', 2), ('sep_conv_5x5', 1)], [('max_pool_3x3', 3), ('max_pool_3x3', 2)], [('sep_conv_3x3', 2), ('dil_conv_3x3', 1)]], normal1_concat=range(2, 6), reduce1=[[('sep_conv_5x5', 0), ('max_pool_3x3', 1)], [('sep_conv_5x5', 2), ('dil_conv_5x5', 0)], [('sep_conv_3x3', 3), ('avg_pool_3x3', 0)], [('skip_connect', 1), ('sep_conv_5x5', 2)]], reduce1_concat=range(2, 6), normal2=[[('dil_conv_5x5', 1), ('avg_pool_3x3', 0)], [('max_pool_3x3', 0), ('dil_conv_5x5', 1)], [('dil_conv_5x5', 0), ('dil_conv_3x3', 2)], [('sep_conv_5x5', 0), ('dil_conv_3x3', 4)]], normal2_concat=range(2, 6), reduce2=[[('avg_pool_3x3', 1), ('sep_conv_3x3', 0)], [('dil_conv_5x5', 2), ('dil_conv_5x5', 0)], [('max_pool_3x3', 2), ('skip_connect', 1)], [('sep_conv_5x5', 1), ('dil_conv_5x5', 3)]], reduce2_concat=range(2, 6), normal3=[[('avg_pool_3x3', 0), ('dil_conv_3x3', 1)], [('avg_pool_3x3', 2), ('avg_pool_3x3', 1)], [('sep_conv_3x3', 2), ('dil_conv_3x3', 0)], [('avg_pool_3x3', 1), ('avg_pool_3x3', 0)]], normal3_concat=range(2, 6))
07/26 09:41:51AM parser.py:31 [INFO] GPUS=[0]
07/26 09:41:51AM parser.py:31 [INFO] GRAD_CLIP=5.0
07/26 09:41:51AM parser.py:31 [INFO] INIT_CHANNELS=32
07/26 09:41:51AM parser.py:31 [INFO] L=0.6
07/26 09:41:51AM parser.py:31 [INFO] LAYERS=20
07/26 09:41:51AM parser.py:31 [INFO] LOGGER=<Logger H-DAS (INFO)>
07/26 09:41:51AM parser.py:31 [INFO] LR=0.025
07/26 09:41:51AM parser.py:31 [INFO] LR_MIN=0.001
07/26 09:41:51AM parser.py:31 [INFO] MOMENTUM=0.9
07/26 09:41:51AM parser.py:31 [INFO] NAME=BASELINE224PC
07/26 09:41:51AM parser.py:31 [INFO] NONKD=True
07/26 09:41:51AM parser.py:31 [INFO] PATH=results/evaluate_cell_KD/cifar100/BASELINE224PC/BASELINE224PC-20240726-094151
07/26 09:41:51AM parser.py:31 [INFO] PRINT_FREQ=50
07/26 09:41:51AM parser.py:31 [INFO] RESUME_PATH=None
07/26 09:41:51AM parser.py:31 [INFO] SAVE=BASELINE224PC
07/26 09:41:51AM parser.py:31 [INFO] SEED=0
07/26 09:41:51AM parser.py:31 [INFO] TEACHER_NAME=non
07/26 09:41:51AM parser.py:31 [INFO] TEACHER_PATH=non
07/26 09:41:51AM parser.py:31 [INFO] TRAIN_PORTION=0.9
07/26 09:41:51AM parser.py:31 [INFO] WEIGHT_DECAY=0.0003
07/26 09:41:51AM parser.py:31 [INFO] WORKERS=4
07/26 09:41:51AM parser.py:32 [INFO] 
07/26 09:41:52AM evaluateCell_trainer.py:102 [INFO] --> No loaded checkpoint!
07/26 09:43:16AM evaluateCell_trainer.py:199 [INFO] Valid: Epoch: [0][50/79]	Step 704	Loss 3.7171	Prec@(1,5) (11.5%, 35.6%)
07/26 09:43:16AM evaluateCell_trainer.py:199 [INFO] Valid: Epoch: [0][78/79]	Step 704	Loss 3.7307	Prec@(1,5) (11.3%, 35.4%)
07/26 09:43:16AM evaluateCell_trainer.py:206 [INFO] Valid: [  0/99] Final Prec@1 11.3000%
07/26 09:43:17午前 evaluateCell_main.py:75 [INFO] Until now, best Prec@1 = 11.3000%
07/26 09:44:52午前 evaluateCell_trainer.py:199 [INFO] Valid: Epoch: [1][50/79]	Step 1408	Loss 3.2960	Prec@(1,5) (19.3%, 47.2%)
07/26 09:44:53午前 evaluateCell_trainer.py:199 [INFO] Valid: Epoch: [1][78/79]	Step 1408	Loss 3.2951	Prec@(1,5) (19.2%, 47.7%)
07/26 09:44:53午前 evaluateCell_trainer.py:206 [INFO] Valid: [  1/99] Final Prec@1 19.2000%
07/26 09:44:53午前 evaluateCell_main.py:75 [INFO] Until now, best Prec@1 = 19.2000%
07/26 09:46:29午前 evaluateCell_trainer.py:199 [INFO] Valid: Epoch: [2][50/79]	Step 2112	Loss 3.0017	Prec@(1,5) (24.4%, 55.9%)
07/26 09:46:30午前 evaluateCell_trainer.py:199 [INFO] Valid: Epoch: [2][78/79]	Step 2112	Loss 2.9886	Prec@(1,5) (25.1%, 56.6%)
07/26 09:46:30午前 evaluateCell_trainer.py:206 [INFO] Valid: [  2/99] Final Prec@1 25.0800%
07/26 09:46:30午前 evaluateCell_main.py:75 [INFO] Until now, best Prec@1 = 25.0800%
07/26 09:48:06午前 evaluateCell_trainer.py:199 [INFO] Valid: Epoch: [3][50/79]	Step 2816	Loss 2.7647	Prec@(1,5) (29.3%, 61.8%)
07/26 09:48:07午前 evaluateCell_trainer.py:199 [INFO] Valid: Epoch: [3][78/79]	Step 2816	Loss 2.7577	Prec@(1,5) (29.4%, 61.9%)
07/26 09:48:07午前 evaluateCell_trainer.py:206 [INFO] Valid: [  3/99] Final Prec@1 29.3800%
07/26 09:48:07午前 evaluateCell_main.py:75 [INFO] Until now, best Prec@1 = 29.3800%
07/26 09:49:48午前 evaluateCell_trainer.py:199 [INFO] Valid: Epoch: [4][50/79]	Step 3520	Loss 2.5642	Prec@(1,5) (33.7%, 65.7%)
07/26 09:49:49午前 evaluateCell_trainer.py:199 [INFO] Valid: Epoch: [4][78/79]	Step 3520	Loss 2.5970	Prec@(1,5) (32.4%, 64.9%)
07/26 09:49:49午前 evaluateCell_trainer.py:206 [INFO] Valid: [  4/99] Final Prec@1 32.3200%
07/26 09:49:49午前 evaluateCell_main.py:75 [INFO] Until now, best Prec@1 = 32.3200%
07/26 09:51:25午前 evaluateCell_trainer.py:199 [INFO] Valid: Epoch: [5][50/79]	Step 4224	Loss 2.5001	Prec@(1,5) (34.8%, 68.1%)
07/26 09:51:26午前 evaluateCell_trainer.py:199 [INFO] Valid: Epoch: [5][78/79]	Step 4224	Loss 2.5212	Prec@(1,5) (34.7%, 67.6%)
07/26 09:51:26午前 evaluateCell_trainer.py:206 [INFO] Valid: [  5/99] Final Prec@1 34.7000%
07/26 09:51:26午前 evaluateCell_main.py:75 [INFO] Until now, best Prec@1 = 34.7000%
07/26 09:53:02午前 evaluateCell_trainer.py:199 [INFO] Valid: Epoch: [6][50/79]	Step 4928	Loss 2.3211	Prec@(1,5) (38.8%, 72.3%)
07/26 09:53:03午前 evaluateCell_trainer.py:199 [INFO] Valid: Epoch: [6][78/79]	Step 4928	Loss 2.3416	Prec@(1,5) (38.2%, 71.8%)
07/26 09:53:03午前 evaluateCell_trainer.py:206 [INFO] Valid: [  6/99] Final Prec@1 38.2000%
07/26 09:53:04午前 evaluateCell_main.py:75 [INFO] Until now, best Prec@1 = 38.2000%
07/26 09:54:40午前 evaluateCell_trainer.py:199 [INFO] Valid: Epoch: [7][50/79]	Step 5632	Loss 2.2173	Prec@(1,5) (41.0%, 74.2%)
07/26 09:54:41午前 evaluateCell_trainer.py:199 [INFO] Valid: Epoch: [7][78/79]	Step 5632	Loss 2.2260	Prec@(1,5) (41.3%, 73.8%)
07/26 09:54:41午前 evaluateCell_trainer.py:206 [INFO] Valid: [  7/99] Final Prec@1 41.3000%
07/26 09:54:41午前 evaluateCell_main.py:75 [INFO] Until now, best Prec@1 = 41.3000%
07/26 09:56:17午前 evaluateCell_trainer.py:199 [INFO] Valid: Epoch: [8][50/79]	Step 6336	Loss 2.1034	Prec@(1,5) (42.7%, 75.8%)
07/26 09:56:18午前 evaluateCell_trainer.py:199 [INFO] Valid: Epoch: [8][78/79]	Step 6336	Loss 2.1215	Prec@(1,5) (42.8%, 75.4%)
07/26 09:56:18午前 evaluateCell_trainer.py:206 [INFO] Valid: [  8/99] Final Prec@1 42.9200%
07/26 09:56:18午前 evaluateCell_main.py:75 [INFO] Until now, best Prec@1 = 42.9200%
07/26 09:57:55午前 evaluateCell_trainer.py:199 [INFO] Valid: Epoch: [9][50/79]	Step 7040	Loss 2.0989	Prec@(1,5) (43.1%, 77.2%)
07/26 09:57:56午前 evaluateCell_trainer.py:199 [INFO] Valid: Epoch: [9][78/79]	Step 7040	Loss 2.0703	Prec@(1,5) (43.9%, 77.4%)
07/26 09:57:56午前 evaluateCell_trainer.py:206 [INFO] Valid: [  9/99] Final Prec@1 43.9400%
07/26 09:57:56午前 evaluateCell_main.py:75 [INFO] Until now, best Prec@1 = 43.9400%
07/26 09:59:33午前 evaluateCell_trainer.py:199 [INFO] Valid: Epoch: [10][50/79]	Step 7744	Loss 2.0448	Prec@(1,5) (44.0%, 77.4%)
07/26 09:59:34午前 evaluateCell_trainer.py:199 [INFO] Valid: Epoch: [10][78/79]	Step 7744	Loss 2.0629	Prec@(1,5) (44.0%, 76.7%)
07/26 09:59:34午前 evaluateCell_trainer.py:206 [INFO] Valid: [ 10/99] Final Prec@1 44.0400%
07/26 09:59:35午前 evaluateCell_main.py:75 [INFO] Until now, best Prec@1 = 44.0400%
07/26 10:01:13午前 evaluateCell_trainer.py:199 [INFO] Valid: Epoch: [11][50/79]	Step 8448	Loss 1.8907	Prec@(1,5) (48.9%, 80.1%)
07/26 10:01:14午前 evaluateCell_trainer.py:199 [INFO] Valid: Epoch: [11][78/79]	Step 8448	Loss 1.9306	Prec@(1,5) (48.3%, 79.6%)
07/26 10:01:14午前 evaluateCell_trainer.py:206 [INFO] Valid: [ 11/99] Final Prec@1 48.3600%
07/26 10:01:14午前 evaluateCell_main.py:75 [INFO] Until now, best Prec@1 = 48.3600%
07/26 10:02:50午前 evaluateCell_trainer.py:199 [INFO] Valid: Epoch: [12][50/79]	Step 9152	Loss 1.9967	Prec@(1,5) (47.0%, 77.6%)
07/26 10:02:51午前 evaluateCell_trainer.py:199 [INFO] Valid: Epoch: [12][78/79]	Step 9152	Loss 1.9949	Prec@(1,5) (47.0%, 78.0%)
07/26 10:02:51午前 evaluateCell_trainer.py:206 [INFO] Valid: [ 12/99] Final Prec@1 47.0000%
07/26 10:02:51午前 evaluateCell_main.py:75 [INFO] Until now, best Prec@1 = 48.3600%
07/26 10:04:26午前 evaluateCell_trainer.py:199 [INFO] Valid: Epoch: [13][50/79]	Step 9856	Loss 1.9885	Prec@(1,5) (47.3%, 78.1%)
07/26 10:04:27午前 evaluateCell_trainer.py:199 [INFO] Valid: Epoch: [13][78/79]	Step 9856	Loss 1.9678	Prec@(1,5) (47.3%, 78.6%)
07/26 10:04:27午前 evaluateCell_trainer.py:206 [INFO] Valid: [ 13/99] Final Prec@1 47.3400%
07/26 10:04:27午前 evaluateCell_main.py:75 [INFO] Until now, best Prec@1 = 48.3600%
07/26 10:06:01午前 evaluateCell_trainer.py:199 [INFO] Valid: Epoch: [14][50/79]	Step 10560	Loss 1.9911	Prec@(1,5) (47.0%, 78.8%)
07/26 10:06:02午前 evaluateCell_trainer.py:199 [INFO] Valid: Epoch: [14][78/79]	Step 10560	Loss 1.9335	Prec@(1,5) (48.0%, 79.7%)
07/26 10:06:02午前 evaluateCell_trainer.py:206 [INFO] Valid: [ 14/99] Final Prec@1 48.0600%
07/26 10:06:02午前 evaluateCell_main.py:75 [INFO] Until now, best Prec@1 = 48.3600%
07/26 10:07:38午前 evaluateCell_trainer.py:199 [INFO] Valid: Epoch: [15][50/79]	Step 11264	Loss 1.8327	Prec@(1,5) (50.3%, 81.4%)
07/26 10:07:39午前 evaluateCell_trainer.py:199 [INFO] Valid: Epoch: [15][78/79]	Step 11264	Loss 1.7850	Prec@(1,5) (51.3%, 82.1%)
07/26 10:07:39午前 evaluateCell_trainer.py:206 [INFO] Valid: [ 15/99] Final Prec@1 51.3200%
07/26 10:07:39午前 evaluateCell_main.py:75 [INFO] Until now, best Prec@1 = 51.3200%
07/26 10:09:15午前 evaluateCell_trainer.py:199 [INFO] Valid: Epoch: [16][50/79]	Step 11968	Loss 1.7730	Prec@(1,5) (51.8%, 82.1%)
07/26 10:09:16午前 evaluateCell_trainer.py:199 [INFO] Valid: Epoch: [16][78/79]	Step 11968	Loss 1.7827	Prec@(1,5) (51.7%, 82.1%)
07/26 10:09:16午前 evaluateCell_trainer.py:206 [INFO] Valid: [ 16/99] Final Prec@1 51.7400%
07/26 10:09:16午前 evaluateCell_main.py:75 [INFO] Until now, best Prec@1 = 51.7400%
07/26 10:10:50午前 evaluateCell_trainer.py:199 [INFO] Valid: Epoch: [17][50/79]	Step 12672	Loss 1.8542	Prec@(1,5) (50.6%, 81.1%)
07/26 10:10:51午前 evaluateCell_trainer.py:199 [INFO] Valid: Epoch: [17][78/79]	Step 12672	Loss 1.8629	Prec@(1,5) (50.9%, 80.7%)
07/26 10:10:51午前 evaluateCell_trainer.py:206 [INFO] Valid: [ 17/99] Final Prec@1 50.8800%
07/26 10:10:51午前 evaluateCell_main.py:75 [INFO] Until now, best Prec@1 = 51.7400%
07/26 10:12:25午前 evaluateCell_trainer.py:199 [INFO] Valid: Epoch: [18][50/79]	Step 13376	Loss 1.7472	Prec@(1,5) (52.2%, 82.2%)
07/26 10:12:26午前 evaluateCell_trainer.py:199 [INFO] Valid: Epoch: [18][78/79]	Step 13376	Loss 1.7711	Prec@(1,5) (51.9%, 81.8%)
07/26 10:12:26午前 evaluateCell_trainer.py:206 [INFO] Valid: [ 18/99] Final Prec@1 51.9600%
07/26 10:12:26午前 evaluateCell_main.py:75 [INFO] Until now, best Prec@1 = 51.9600%
07/26 10:14:01午前 evaluateCell_trainer.py:199 [INFO] Valid: Epoch: [19][50/79]	Step 14080	Loss 1.6753	Prec@(1,5) (53.6%, 83.4%)
07/26 10:14:02午前 evaluateCell_trainer.py:199 [INFO] Valid: Epoch: [19][78/79]	Step 14080	Loss 1.6612	Prec@(1,5) (54.0%, 83.5%)
07/26 10:14:02午前 evaluateCell_trainer.py:206 [INFO] Valid: [ 19/99] Final Prec@1 54.0400%
07/26 10:14:02午前 evaluateCell_main.py:75 [INFO] Until now, best Prec@1 = 54.0400%
07/26 10:15:36午前 evaluateCell_trainer.py:199 [INFO] Valid: Epoch: [20][50/79]	Step 14784	Loss 1.7220	Prec@(1,5) (54.2%, 83.4%)
07/26 10:15:37午前 evaluateCell_trainer.py:199 [INFO] Valid: Epoch: [20][78/79]	Step 14784	Loss 1.7151	Prec@(1,5) (53.8%, 83.6%)
07/26 10:15:37午前 evaluateCell_trainer.py:206 [INFO] Valid: [ 20/99] Final Prec@1 53.8600%
07/26 10:15:37午前 evaluateCell_main.py:75 [INFO] Until now, best Prec@1 = 54.0400%
07/26 10:17:11午前 evaluateCell_trainer.py:199 [INFO] Valid: Epoch: [21][50/79]	Step 15488	Loss 1.7483	Prec@(1,5) (52.8%, 83.3%)
07/26 10:17:12午前 evaluateCell_trainer.py:199 [INFO] Valid: Epoch: [21][78/79]	Step 15488	Loss 1.7353	Prec@(1,5) (53.1%, 83.5%)
07/26 10:17:12午前 evaluateCell_trainer.py:206 [INFO] Valid: [ 21/99] Final Prec@1 53.0400%
07/26 10:17:12午前 evaluateCell_main.py:75 [INFO] Until now, best Prec@1 = 54.0400%
07/26 10:18:47午前 evaluateCell_trainer.py:199 [INFO] Valid: Epoch: [22][50/79]	Step 16192	Loss 1.8059	Prec@(1,5) (51.8%, 81.2%)
07/26 10:18:47午前 evaluateCell_trainer.py:199 [INFO] Valid: Epoch: [22][78/79]	Step 16192	Loss 1.8117	Prec@(1,5) (52.1%, 81.2%)
07/26 10:18:47午前 evaluateCell_trainer.py:206 [INFO] Valid: [ 22/99] Final Prec@1 52.1600%
07/26 10:18:47午前 evaluateCell_main.py:75 [INFO] Until now, best Prec@1 = 54.0400%
07/26 10:20:23午前 evaluateCell_trainer.py:199 [INFO] Valid: Epoch: [23][50/79]	Step 16896	Loss 1.7683	Prec@(1,5) (52.7%, 82.8%)
07/26 10:20:24午前 evaluateCell_trainer.py:199 [INFO] Valid: Epoch: [23][78/79]	Step 16896	Loss 1.7553	Prec@(1,5) (52.7%, 82.8%)
07/26 10:20:24午前 evaluateCell_trainer.py:206 [INFO] Valid: [ 23/99] Final Prec@1 52.6600%
07/26 10:20:24午前 evaluateCell_main.py:75 [INFO] Until now, best Prec@1 = 54.0400%
07/26 10:22:00午前 evaluateCell_trainer.py:199 [INFO] Valid: Epoch: [24][50/79]	Step 17600	Loss 1.6753	Prec@(1,5) (55.4%, 83.4%)
07/26 10:22:00午前 evaluateCell_trainer.py:199 [INFO] Valid: Epoch: [24][78/79]	Step 17600	Loss 1.6954	Prec@(1,5) (55.4%, 82.8%)
07/26 10:22:01午前 evaluateCell_trainer.py:206 [INFO] Valid: [ 24/99] Final Prec@1 55.3200%
07/26 10:22:01午前 evaluateCell_main.py:75 [INFO] Until now, best Prec@1 = 55.3200%
07/26 10:23:36午前 evaluateCell_trainer.py:199 [INFO] Valid: Epoch: [25][50/79]	Step 18304	Loss 1.6490	Prec@(1,5) (55.6%, 85.3%)
07/26 10:23:37午前 evaluateCell_trainer.py:199 [INFO] Valid: Epoch: [25][78/79]	Step 18304	Loss 1.6376	Prec@(1,5) (55.5%, 85.2%)
07/26 10:23:37午前 evaluateCell_trainer.py:206 [INFO] Valid: [ 25/99] Final Prec@1 55.5200%
07/26 10:23:37午前 evaluateCell_main.py:75 [INFO] Until now, best Prec@1 = 55.5200%
07/26 10:25:13午前 evaluateCell_trainer.py:199 [INFO] Valid: Epoch: [26][50/79]	Step 19008	Loss 1.6269	Prec@(1,5) (55.5%, 84.8%)
07/26 10:25:14午前 evaluateCell_trainer.py:199 [INFO] Valid: Epoch: [26][78/79]	Step 19008	Loss 1.6587	Prec@(1,5) (55.0%, 84.5%)
07/26 10:25:14午前 evaluateCell_trainer.py:206 [INFO] Valid: [ 26/99] Final Prec@1 55.0400%
07/26 10:25:14午前 evaluateCell_main.py:75 [INFO] Until now, best Prec@1 = 55.5200%
07/26 10:26:50午前 evaluateCell_trainer.py:199 [INFO] Valid: Epoch: [27][50/79]	Step 19712	Loss 1.6661	Prec@(1,5) (53.7%, 83.8%)
07/26 10:26:51午前 evaluateCell_trainer.py:199 [INFO] Valid: Epoch: [27][78/79]	Step 19712	Loss 1.6680	Prec@(1,5) (54.0%, 83.9%)
07/26 10:26:51午前 evaluateCell_trainer.py:206 [INFO] Valid: [ 27/99] Final Prec@1 54.0200%
07/26 10:26:51午前 evaluateCell_main.py:75 [INFO] Until now, best Prec@1 = 55.5200%
07/26 10:28:26午前 evaluateCell_trainer.py:199 [INFO] Valid: Epoch: [28][50/79]	Step 20416	Loss 1.6561	Prec@(1,5) (55.3%, 83.5%)
07/26 10:28:27午前 evaluateCell_trainer.py:199 [INFO] Valid: Epoch: [28][78/79]	Step 20416	Loss 1.6706	Prec@(1,5) (55.0%, 83.7%)
07/26 10:28:27午前 evaluateCell_trainer.py:206 [INFO] Valid: [ 28/99] Final Prec@1 54.9800%
07/26 10:28:27午前 evaluateCell_main.py:75 [INFO] Until now, best Prec@1 = 55.5200%
07/26 10:30:03午前 evaluateCell_trainer.py:199 [INFO] Valid: Epoch: [29][50/79]	Step 21120	Loss 1.6418	Prec@(1,5) (55.8%, 84.6%)
07/26 10:30:03午前 evaluateCell_trainer.py:199 [INFO] Valid: Epoch: [29][78/79]	Step 21120	Loss 1.6096	Prec@(1,5) (56.2%, 85.4%)
07/26 10:30:03午前 evaluateCell_trainer.py:206 [INFO] Valid: [ 29/99] Final Prec@1 56.2200%
07/26 10:30:04午前 evaluateCell_main.py:75 [INFO] Until now, best Prec@1 = 56.2200%
07/26 10:31:38午前 evaluateCell_trainer.py:199 [INFO] Valid: Epoch: [30][50/79]	Step 21824	Loss 1.7081	Prec@(1,5) (55.0%, 83.2%)
07/26 10:31:38午前 evaluateCell_trainer.py:199 [INFO] Valid: Epoch: [30][78/79]	Step 21824	Loss 1.7103	Prec@(1,5) (54.7%, 83.2%)
07/26 10:31:38午前 evaluateCell_trainer.py:206 [INFO] Valid: [ 30/99] Final Prec@1 54.6600%
07/26 10:31:39午前 evaluateCell_main.py:75 [INFO] Until now, best Prec@1 = 56.2200%
07/26 10:33:13午前 evaluateCell_trainer.py:199 [INFO] Valid: Epoch: [31][50/79]	Step 22528	Loss 1.6324	Prec@(1,5) (56.2%, 84.3%)
07/26 10:33:14午前 evaluateCell_trainer.py:199 [INFO] Valid: Epoch: [31][78/79]	Step 22528	Loss 1.6308	Prec@(1,5) (56.1%, 84.7%)
07/26 10:33:14午前 evaluateCell_trainer.py:206 [INFO] Valid: [ 31/99] Final Prec@1 56.1000%
07/26 10:33:14午前 evaluateCell_main.py:75 [INFO] Until now, best Prec@1 = 56.2200%
07/26 10:34:50午前 evaluateCell_trainer.py:199 [INFO] Valid: Epoch: [32][50/79]	Step 23232	Loss 1.5788	Prec@(1,5) (57.2%, 85.7%)
07/26 10:34:51午前 evaluateCell_trainer.py:199 [INFO] Valid: Epoch: [32][78/79]	Step 23232	Loss 1.5936	Prec@(1,5) (56.5%, 85.6%)
07/26 10:34:51午前 evaluateCell_trainer.py:206 [INFO] Valid: [ 32/99] Final Prec@1 56.5400%
07/26 10:34:51午前 evaluateCell_main.py:75 [INFO] Until now, best Prec@1 = 56.5400%
07/26 10:36:27午前 evaluateCell_trainer.py:199 [INFO] Valid: Epoch: [33][50/79]	Step 23936	Loss 1.5927	Prec@(1,5) (57.0%, 85.5%)
07/26 10:36:27午前 evaluateCell_trainer.py:199 [INFO] Valid: Epoch: [33][78/79]	Step 23936	Loss 1.5855	Prec@(1,5) (57.3%, 86.0%)
07/26 10:36:28午前 evaluateCell_trainer.py:206 [INFO] Valid: [ 33/99] Final Prec@1 57.3600%
07/26 10:36:28午前 evaluateCell_main.py:75 [INFO] Until now, best Prec@1 = 57.3600%
07/26 10:38:03午前 evaluateCell_trainer.py:199 [INFO] Valid: Epoch: [34][50/79]	Step 24640	Loss 1.4767	Prec@(1,5) (58.5%, 86.9%)
07/26 10:38:04午前 evaluateCell_trainer.py:199 [INFO] Valid: Epoch: [34][78/79]	Step 24640	Loss 1.5080	Prec@(1,5) (58.2%, 86.6%)
07/26 10:38:04午前 evaluateCell_trainer.py:206 [INFO] Valid: [ 34/99] Final Prec@1 58.1800%
07/26 10:38:05午前 evaluateCell_main.py:75 [INFO] Until now, best Prec@1 = 58.1800%
07/26 10:39:39午前 evaluateCell_trainer.py:199 [INFO] Valid: Epoch: [35][50/79]	Step 25344	Loss 1.5798	Prec@(1,5) (57.5%, 86.0%)
07/26 10:39:40午前 evaluateCell_trainer.py:199 [INFO] Valid: Epoch: [35][78/79]	Step 25344	Loss 1.5943	Prec@(1,5) (57.5%, 85.7%)
07/26 10:39:40午前 evaluateCell_trainer.py:206 [INFO] Valid: [ 35/99] Final Prec@1 57.5400%
07/26 10:39:40午前 evaluateCell_main.py:75 [INFO] Until now, best Prec@1 = 58.1800%
07/26 10:41:14午前 evaluateCell_trainer.py:199 [INFO] Valid: Epoch: [36][50/79]	Step 26048	Loss 1.7416	Prec@(1,5) (55.7%, 84.0%)
07/26 10:41:15午前 evaluateCell_trainer.py:199 [INFO] Valid: Epoch: [36][78/79]	Step 26048	Loss 1.6720	Prec@(1,5) (56.8%, 84.9%)
07/26 10:41:15午前 evaluateCell_trainer.py:206 [INFO] Valid: [ 36/99] Final Prec@1 56.7600%
07/26 10:41:15午前 evaluateCell_main.py:75 [INFO] Until now, best Prec@1 = 58.1800%
07/26 10:42:52午前 evaluateCell_trainer.py:199 [INFO] Valid: Epoch: [37][50/79]	Step 26752	Loss 1.5087	Prec@(1,5) (59.1%, 86.0%)
07/26 10:42:53午前 evaluateCell_trainer.py:199 [INFO] Valid: Epoch: [37][78/79]	Step 26752	Loss 1.5455	Prec@(1,5) (58.4%, 85.4%)
07/26 10:42:53午前 evaluateCell_trainer.py:206 [INFO] Valid: [ 37/99] Final Prec@1 58.3800%
07/26 10:42:54午前 evaluateCell_main.py:75 [INFO] Until now, best Prec@1 = 58.3800%
07/26 10:44:31午前 evaluateCell_trainer.py:199 [INFO] Valid: Epoch: [38][50/79]	Step 27456	Loss 1.6774	Prec@(1,5) (57.1%, 84.3%)
07/26 10:44:31午前 evaluateCell_trainer.py:199 [INFO] Valid: Epoch: [38][78/79]	Step 27456	Loss 1.6477	Prec@(1,5) (57.2%, 85.0%)
07/26 10:44:31午前 evaluateCell_trainer.py:206 [INFO] Valid: [ 38/99] Final Prec@1 57.2200%
07/26 10:44:32午前 evaluateCell_main.py:75 [INFO] Until now, best Prec@1 = 58.3800%
07/26 10:46:09午前 evaluateCell_trainer.py:199 [INFO] Valid: Epoch: [39][50/79]	Step 28160	Loss 1.5482	Prec@(1,5) (58.8%, 86.2%)
07/26 10:46:10午前 evaluateCell_trainer.py:199 [INFO] Valid: Epoch: [39][78/79]	Step 28160	Loss 1.5390	Prec@(1,5) (59.1%, 86.5%)
07/26 10:46:10午前 evaluateCell_trainer.py:206 [INFO] Valid: [ 39/99] Final Prec@1 59.0800%
07/26 10:46:10午前 evaluateCell_main.py:75 [INFO] Until now, best Prec@1 = 59.0800%
07/26 10:47:47午前 evaluateCell_trainer.py:199 [INFO] Valid: Epoch: [40][50/79]	Step 28864	Loss 1.5463	Prec@(1,5) (58.3%, 86.2%)
07/26 10:47:47午前 evaluateCell_trainer.py:199 [INFO] Valid: Epoch: [40][78/79]	Step 28864	Loss 1.5682	Prec@(1,5) (58.5%, 86.1%)
07/26 10:47:47午前 evaluateCell_trainer.py:206 [INFO] Valid: [ 40/99] Final Prec@1 58.5600%
07/26 10:47:48午前 evaluateCell_main.py:75 [INFO] Until now, best Prec@1 = 59.0800%
07/26 10:49:26午前 evaluateCell_trainer.py:199 [INFO] Valid: Epoch: [41][50/79]	Step 29568	Loss 1.4295	Prec@(1,5) (62.1%, 87.9%)
07/26 10:49:27午前 evaluateCell_trainer.py:199 [INFO] Valid: Epoch: [41][78/79]	Step 29568	Loss 1.4586	Prec@(1,5) (61.0%, 87.6%)
07/26 10:49:27午前 evaluateCell_trainer.py:206 [INFO] Valid: [ 41/99] Final Prec@1 61.0000%
07/26 10:49:27午前 evaluateCell_main.py:75 [INFO] Until now, best Prec@1 = 61.0000%
07/26 10:51:05午前 evaluateCell_trainer.py:199 [INFO] Valid: Epoch: [42][50/79]	Step 30272	Loss 1.5282	Prec@(1,5) (58.0%, 87.3%)
07/26 10:51:06午前 evaluateCell_trainer.py:199 [INFO] Valid: Epoch: [42][78/79]	Step 30272	Loss 1.5230	Prec@(1,5) (58.5%, 87.3%)
07/26 10:51:06午前 evaluateCell_trainer.py:206 [INFO] Valid: [ 42/99] Final Prec@1 58.4600%
07/26 10:51:07午前 evaluateCell_main.py:75 [INFO] Until now, best Prec@1 = 61.0000%
07/26 10:52:43午前 evaluateCell_trainer.py:199 [INFO] Valid: Epoch: [43][50/79]	Step 30976	Loss 1.5151	Prec@(1,5) (59.6%, 87.1%)
07/26 10:52:44午前 evaluateCell_trainer.py:199 [INFO] Valid: Epoch: [43][78/79]	Step 30976	Loss 1.5188	Prec@(1,5) (59.6%, 86.8%)
07/26 10:52:44午前 evaluateCell_trainer.py:206 [INFO] Valid: [ 43/99] Final Prec@1 59.5600%
07/26 10:52:44午前 evaluateCell_main.py:75 [INFO] Until now, best Prec@1 = 61.0000%
07/26 10:54:21午前 evaluateCell_trainer.py:199 [INFO] Valid: Epoch: [44][50/79]	Step 31680	Loss 1.5113	Prec@(1,5) (59.6%, 87.3%)
07/26 10:54:21午前 evaluateCell_trainer.py:199 [INFO] Valid: Epoch: [44][78/79]	Step 31680	Loss 1.4986	Prec@(1,5) (59.9%, 87.1%)
07/26 10:54:22午前 evaluateCell_trainer.py:206 [INFO] Valid: [ 44/99] Final Prec@1 59.8600%
07/26 10:54:22午前 evaluateCell_main.py:75 [INFO] Until now, best Prec@1 = 61.0000%
07/26 10:55:57午前 evaluateCell_trainer.py:199 [INFO] Valid: Epoch: [45][50/79]	Step 32384	Loss 1.4677	Prec@(1,5) (60.2%, 87.3%)
07/26 10:55:58午前 evaluateCell_trainer.py:199 [INFO] Valid: Epoch: [45][78/79]	Step 32384	Loss 1.4864	Prec@(1,5) (60.4%, 87.1%)
07/26 10:55:58午前 evaluateCell_trainer.py:206 [INFO] Valid: [ 45/99] Final Prec@1 60.4200%
07/26 10:55:58午前 evaluateCell_main.py:75 [INFO] Until now, best Prec@1 = 61.0000%
07/26 10:57:36午前 evaluateCell_trainer.py:199 [INFO] Valid: Epoch: [46][50/79]	Step 33088	Loss 1.4693	Prec@(1,5) (60.2%, 88.6%)
07/26 10:57:36午前 evaluateCell_trainer.py:199 [INFO] Valid: Epoch: [46][78/79]	Step 33088	Loss 1.4759	Prec@(1,5) (60.3%, 88.3%)
07/26 10:57:36午前 evaluateCell_trainer.py:206 [INFO] Valid: [ 46/99] Final Prec@1 60.2200%
07/26 10:57:37午前 evaluateCell_main.py:75 [INFO] Until now, best Prec@1 = 61.0000%
07/26 10:59:15午前 evaluateCell_trainer.py:199 [INFO] Valid: Epoch: [47][50/79]	Step 33792	Loss 1.4406	Prec@(1,5) (62.7%, 88.2%)
07/26 10:59:16午前 evaluateCell_trainer.py:199 [INFO] Valid: Epoch: [47][78/79]	Step 33792	Loss 1.4709	Prec@(1,5) (61.6%, 87.3%)
07/26 10:59:16午前 evaluateCell_trainer.py:206 [INFO] Valid: [ 47/99] Final Prec@1 61.6000%
07/26 10:59:16午前 evaluateCell_main.py:75 [INFO] Until now, best Prec@1 = 61.6000%
07/26 11:00:53午前 evaluateCell_trainer.py:199 [INFO] Valid: Epoch: [48][50/79]	Step 34496	Loss 1.4388	Prec@(1,5) (61.9%, 87.9%)
07/26 11:00:54午前 evaluateCell_trainer.py:199 [INFO] Valid: Epoch: [48][78/79]	Step 34496	Loss 1.4263	Prec@(1,5) (62.4%, 88.3%)
07/26 11:00:54午前 evaluateCell_trainer.py:206 [INFO] Valid: [ 48/99] Final Prec@1 62.3800%
07/26 11:00:55午前 evaluateCell_main.py:75 [INFO] Until now, best Prec@1 = 62.3800%
07/26 11:02:32午前 evaluateCell_trainer.py:199 [INFO] Valid: Epoch: [49][50/79]	Step 35200	Loss 1.4522	Prec@(1,5) (62.0%, 87.9%)
07/26 11:02:33午前 evaluateCell_trainer.py:199 [INFO] Valid: Epoch: [49][78/79]	Step 35200	Loss 1.4636	Prec@(1,5) (61.5%, 87.7%)
07/26 11:02:33午前 evaluateCell_trainer.py:206 [INFO] Valid: [ 49/99] Final Prec@1 61.4400%
07/26 11:02:33午前 evaluateCell_main.py:75 [INFO] Until now, best Prec@1 = 62.3800%
07/26 11:04:09午前 evaluateCell_trainer.py:199 [INFO] Valid: Epoch: [50][50/79]	Step 35904	Loss 1.3813	Prec@(1,5) (62.9%, 88.6%)
07/26 11:04:10午前 evaluateCell_trainer.py:199 [INFO] Valid: Epoch: [50][78/79]	Step 35904	Loss 1.4152	Prec@(1,5) (62.2%, 88.7%)
07/26 11:04:10午前 evaluateCell_trainer.py:206 [INFO] Valid: [ 50/99] Final Prec@1 62.2200%
07/26 11:04:10午前 evaluateCell_main.py:75 [INFO] Until now, best Prec@1 = 62.3800%
07/26 11:05:48午前 evaluateCell_trainer.py:199 [INFO] Valid: Epoch: [51][50/79]	Step 36608	Loss 1.3699	Prec@(1,5) (63.4%, 89.1%)
07/26 11:05:48午前 evaluateCell_trainer.py:199 [INFO] Valid: Epoch: [51][78/79]	Step 36608	Loss 1.3786	Prec@(1,5) (63.4%, 89.1%)
07/26 11:05:48午前 evaluateCell_trainer.py:206 [INFO] Valid: [ 51/99] Final Prec@1 63.4400%
07/26 11:05:49午前 evaluateCell_main.py:75 [INFO] Until now, best Prec@1 = 63.4400%
07/26 11:07:26午前 evaluateCell_trainer.py:199 [INFO] Valid: Epoch: [52][50/79]	Step 37312	Loss 1.4015	Prec@(1,5) (63.2%, 88.5%)
07/26 11:07:27午前 evaluateCell_trainer.py:199 [INFO] Valid: Epoch: [52][78/79]	Step 37312	Loss 1.4171	Prec@(1,5) (62.8%, 88.1%)
07/26 11:07:27午前 evaluateCell_trainer.py:206 [INFO] Valid: [ 52/99] Final Prec@1 62.8200%
07/26 11:07:27午前 evaluateCell_main.py:75 [INFO] Until now, best Prec@1 = 63.4400%
07/26 11:09:04午前 evaluateCell_trainer.py:199 [INFO] Valid: Epoch: [53][50/79]	Step 38016	Loss 1.4097	Prec@(1,5) (62.7%, 89.0%)
07/26 11:09:05午前 evaluateCell_trainer.py:199 [INFO] Valid: Epoch: [53][78/79]	Step 38016	Loss 1.4319	Prec@(1,5) (62.6%, 88.8%)
07/26 11:09:05午前 evaluateCell_trainer.py:206 [INFO] Valid: [ 53/99] Final Prec@1 62.6400%
07/26 11:09:05午前 evaluateCell_main.py:75 [INFO] Until now, best Prec@1 = 63.4400%
07/26 11:10:43午前 evaluateCell_trainer.py:199 [INFO] Valid: Epoch: [54][50/79]	Step 38720	Loss 1.4340	Prec@(1,5) (63.3%, 88.6%)
07/26 11:10:44午前 evaluateCell_trainer.py:199 [INFO] Valid: Epoch: [54][78/79]	Step 38720	Loss 1.4161	Prec@(1,5) (63.5%, 88.9%)
07/26 11:10:44午前 evaluateCell_trainer.py:206 [INFO] Valid: [ 54/99] Final Prec@1 63.5400%
07/26 11:10:44午前 evaluateCell_main.py:75 [INFO] Until now, best Prec@1 = 63.5400%
07/26 11:12:22午前 evaluateCell_trainer.py:199 [INFO] Valid: Epoch: [55][50/79]	Step 39424	Loss 1.4333	Prec@(1,5) (63.2%, 88.8%)
07/26 11:12:23午前 evaluateCell_trainer.py:199 [INFO] Valid: Epoch: [55][78/79]	Step 39424	Loss 1.4185	Prec@(1,5) (63.1%, 88.9%)
07/26 11:12:23午前 evaluateCell_trainer.py:206 [INFO] Valid: [ 55/99] Final Prec@1 63.1200%
07/26 11:12:24午前 evaluateCell_main.py:75 [INFO] Until now, best Prec@1 = 63.5400%
07/26 11:14:03午前 evaluateCell_trainer.py:199 [INFO] Valid: Epoch: [56][50/79]	Step 40128	Loss 1.4041	Prec@(1,5) (62.9%, 89.7%)
07/26 11:14:04午前 evaluateCell_trainer.py:199 [INFO] Valid: Epoch: [56][78/79]	Step 40128	Loss 1.3810	Prec@(1,5) (63.2%, 89.7%)
07/26 11:14:04午前 evaluateCell_trainer.py:206 [INFO] Valid: [ 56/99] Final Prec@1 63.1400%
07/26 11:14:04午前 evaluateCell_main.py:75 [INFO] Until now, best Prec@1 = 63.5400%
07/26 11:15:42午前 evaluateCell_trainer.py:199 [INFO] Valid: Epoch: [57][50/79]	Step 40832	Loss 1.3551	Prec@(1,5) (65.4%, 89.6%)
07/26 11:15:43午前 evaluateCell_trainer.py:199 [INFO] Valid: Epoch: [57][78/79]	Step 40832	Loss 1.3655	Prec@(1,5) (65.2%, 89.5%)
07/26 11:15:43午前 evaluateCell_trainer.py:206 [INFO] Valid: [ 57/99] Final Prec@1 65.2200%
07/26 11:15:44午前 evaluateCell_main.py:75 [INFO] Until now, best Prec@1 = 65.2200%
07/26 11:17:20午前 evaluateCell_trainer.py:199 [INFO] Valid: Epoch: [58][50/79]	Step 41536	Loss 1.3287	Prec@(1,5) (65.1%, 89.6%)
07/26 11:17:21午前 evaluateCell_trainer.py:199 [INFO] Valid: Epoch: [58][78/79]	Step 41536	Loss 1.3316	Prec@(1,5) (65.1%, 89.6%)
07/26 11:17:21午前 evaluateCell_trainer.py:206 [INFO] Valid: [ 58/99] Final Prec@1 65.0800%
07/26 11:17:21午前 evaluateCell_main.py:75 [INFO] Until now, best Prec@1 = 65.2200%
07/26 11:18:59午前 evaluateCell_trainer.py:199 [INFO] Valid: Epoch: [59][50/79]	Step 42240	Loss 1.4726	Prec@(1,5) (63.0%, 88.5%)
07/26 11:19:00午前 evaluateCell_trainer.py:199 [INFO] Valid: Epoch: [59][78/79]	Step 42240	Loss 1.4465	Prec@(1,5) (63.5%, 88.9%)
07/26 11:19:00午前 evaluateCell_trainer.py:206 [INFO] Valid: [ 59/99] Final Prec@1 63.5600%
07/26 11:19:00午前 evaluateCell_main.py:75 [INFO] Until now, best Prec@1 = 65.2200%
07/26 11:20:38午前 evaluateCell_trainer.py:199 [INFO] Valid: Epoch: [60][50/79]	Step 42944	Loss 1.3425	Prec@(1,5) (63.4%, 90.5%)
07/26 11:20:39午前 evaluateCell_trainer.py:199 [INFO] Valid: Epoch: [60][78/79]	Step 42944	Loss 1.3434	Prec@(1,5) (63.9%, 90.2%)
07/26 11:20:39午前 evaluateCell_trainer.py:206 [INFO] Valid: [ 60/99] Final Prec@1 63.9600%
07/26 11:20:40午前 evaluateCell_main.py:75 [INFO] Until now, best Prec@1 = 65.2200%
07/26 11:22:19午前 evaluateCell_trainer.py:199 [INFO] Valid: Epoch: [61][50/79]	Step 43648	Loss 1.3605	Prec@(1,5) (64.6%, 89.7%)
07/26 11:22:20午前 evaluateCell_trainer.py:199 [INFO] Valid: Epoch: [61][78/79]	Step 43648	Loss 1.3934	Prec@(1,5) (64.1%, 89.2%)
07/26 11:22:20午前 evaluateCell_trainer.py:206 [INFO] Valid: [ 61/99] Final Prec@1 64.0800%
07/26 11:22:20午前 evaluateCell_main.py:75 [INFO] Until now, best Prec@1 = 65.2200%
07/26 11:24:05午前 evaluateCell_trainer.py:199 [INFO] Valid: Epoch: [62][50/79]	Step 44352	Loss 1.3961	Prec@(1,5) (64.3%, 90.0%)
07/26 11:24:06午前 evaluateCell_trainer.py:199 [INFO] Valid: Epoch: [62][78/79]	Step 44352	Loss 1.3824	Prec@(1,5) (65.0%, 89.7%)
07/26 11:24:06午前 evaluateCell_trainer.py:206 [INFO] Valid: [ 62/99] Final Prec@1 64.9200%
07/26 11:24:06午前 evaluateCell_main.py:75 [INFO] Until now, best Prec@1 = 65.2200%
07/26 11:25:43午前 evaluateCell_trainer.py:199 [INFO] Valid: Epoch: [63][50/79]	Step 45056	Loss 1.4060	Prec@(1,5) (65.2%, 89.8%)
07/26 11:25:44午前 evaluateCell_trainer.py:199 [INFO] Valid: Epoch: [63][78/79]	Step 45056	Loss 1.4169	Prec@(1,5) (64.9%, 89.4%)
07/26 11:25:44午前 evaluateCell_trainer.py:206 [INFO] Valid: [ 63/99] Final Prec@1 64.9200%
07/26 11:25:44午前 evaluateCell_main.py:75 [INFO] Until now, best Prec@1 = 65.2200%
07/26 11:27:22午前 evaluateCell_trainer.py:199 [INFO] Valid: Epoch: [64][50/79]	Step 45760	Loss 1.3738	Prec@(1,5) (65.8%, 90.2%)
07/26 11:27:23午前 evaluateCell_trainer.py:199 [INFO] Valid: Epoch: [64][78/79]	Step 45760	Loss 1.3927	Prec@(1,5) (65.1%, 89.8%)
07/26 11:27:23午前 evaluateCell_trainer.py:206 [INFO] Valid: [ 64/99] Final Prec@1 65.1200%
07/26 11:27:23午前 evaluateCell_main.py:75 [INFO] Until now, best Prec@1 = 65.2200%
07/26 11:29:00午前 evaluateCell_trainer.py:199 [INFO] Valid: Epoch: [65][50/79]	Step 46464	Loss 1.3412	Prec@(1,5) (66.0%, 90.7%)
07/26 11:29:01午前 evaluateCell_trainer.py:199 [INFO] Valid: Epoch: [65][78/79]	Step 46464	Loss 1.3352	Prec@(1,5) (66.1%, 90.5%)
07/26 11:29:01午前 evaluateCell_trainer.py:206 [INFO] Valid: [ 65/99] Final Prec@1 66.1200%
07/26 11:29:01午前 evaluateCell_main.py:75 [INFO] Until now, best Prec@1 = 66.1200%
07/26 11:30:38午前 evaluateCell_trainer.py:199 [INFO] Valid: Epoch: [66][50/79]	Step 47168	Loss 1.3699	Prec@(1,5) (65.3%, 89.7%)
07/26 11:30:39午前 evaluateCell_trainer.py:199 [INFO] Valid: Epoch: [66][78/79]	Step 47168	Loss 1.3442	Prec@(1,5) (66.0%, 90.1%)
07/26 11:30:39午前 evaluateCell_trainer.py:206 [INFO] Valid: [ 66/99] Final Prec@1 66.0600%
07/26 11:30:39午前 evaluateCell_main.py:75 [INFO] Until now, best Prec@1 = 66.1200%
07/26 11:32:16午前 evaluateCell_trainer.py:199 [INFO] Valid: Epoch: [67][50/79]	Step 47872	Loss 1.3516	Prec@(1,5) (65.8%, 90.5%)
07/26 11:32:17午前 evaluateCell_trainer.py:199 [INFO] Valid: Epoch: [67][78/79]	Step 47872	Loss 1.3785	Prec@(1,5) (65.7%, 90.4%)
07/26 11:32:17午前 evaluateCell_trainer.py:206 [INFO] Valid: [ 67/99] Final Prec@1 65.8000%
07/26 11:32:17午前 evaluateCell_main.py:75 [INFO] Until now, best Prec@1 = 66.1200%
07/26 11:33:54午前 evaluateCell_trainer.py:199 [INFO] Valid: Epoch: [68][50/79]	Step 48576	Loss 1.3587	Prec@(1,5) (66.7%, 90.6%)
07/26 11:33:55午前 evaluateCell_trainer.py:199 [INFO] Valid: Epoch: [68][78/79]	Step 48576	Loss 1.3593	Prec@(1,5) (66.6%, 90.7%)
07/26 11:33:55午前 evaluateCell_trainer.py:206 [INFO] Valid: [ 68/99] Final Prec@1 66.5800%
07/26 11:33:55午前 evaluateCell_main.py:75 [INFO] Until now, best Prec@1 = 66.5800%
07/26 11:35:32午前 evaluateCell_trainer.py:199 [INFO] Valid: Epoch: [69][50/79]	Step 49280	Loss 1.3493	Prec@(1,5) (66.5%, 90.0%)
07/26 11:35:33午前 evaluateCell_trainer.py:199 [INFO] Valid: Epoch: [69][78/79]	Step 49280	Loss 1.3408	Prec@(1,5) (66.5%, 90.4%)
07/26 11:35:33午前 evaluateCell_trainer.py:206 [INFO] Valid: [ 69/99] Final Prec@1 66.4200%
07/26 11:35:33午前 evaluateCell_main.py:75 [INFO] Until now, best Prec@1 = 66.5800%
07/26 11:37:09午前 evaluateCell_trainer.py:199 [INFO] Valid: Epoch: [70][50/79]	Step 49984	Loss 1.3539	Prec@(1,5) (66.2%, 90.4%)
07/26 11:37:10午前 evaluateCell_trainer.py:199 [INFO] Valid: Epoch: [70][78/79]	Step 49984	Loss 1.3446	Prec@(1,5) (66.6%, 90.4%)
07/26 11:37:10午前 evaluateCell_trainer.py:206 [INFO] Valid: [ 70/99] Final Prec@1 66.5800%
07/26 11:37:10午前 evaluateCell_main.py:75 [INFO] Until now, best Prec@1 = 66.5800%
07/26 11:38:46午前 evaluateCell_trainer.py:199 [INFO] Valid: Epoch: [71][50/79]	Step 50688	Loss 1.3664	Prec@(1,5) (66.9%, 90.2%)
07/26 11:38:46午前 evaluateCell_trainer.py:199 [INFO] Valid: Epoch: [71][78/79]	Step 50688	Loss 1.3476	Prec@(1,5) (67.7%, 90.2%)
07/26 11:38:46午前 evaluateCell_trainer.py:206 [INFO] Valid: [ 71/99] Final Prec@1 67.6400%
07/26 11:38:47午前 evaluateCell_main.py:75 [INFO] Until now, best Prec@1 = 67.6400%
07/26 11:40:23午前 evaluateCell_trainer.py:199 [INFO] Valid: Epoch: [72][50/79]	Step 51392	Loss 1.3354	Prec@(1,5) (67.2%, 90.0%)
07/26 11:40:24午前 evaluateCell_trainer.py:199 [INFO] Valid: Epoch: [72][78/79]	Step 51392	Loss 1.3613	Prec@(1,5) (66.7%, 90.2%)
07/26 11:40:24午前 evaluateCell_trainer.py:206 [INFO] Valid: [ 72/99] Final Prec@1 66.7600%
07/26 11:40:24午前 evaluateCell_main.py:75 [INFO] Until now, best Prec@1 = 67.6400%
07/26 11:42:01午前 evaluateCell_trainer.py:199 [INFO] Valid: Epoch: [73][50/79]	Step 52096	Loss 1.3495	Prec@(1,5) (67.3%, 89.8%)
07/26 11:42:02午前 evaluateCell_trainer.py:199 [INFO] Valid: Epoch: [73][78/79]	Step 52096	Loss 1.3387	Prec@(1,5) (67.1%, 90.4%)
07/26 11:42:02午前 evaluateCell_trainer.py:206 [INFO] Valid: [ 73/99] Final Prec@1 67.1200%
07/26 11:42:02午前 evaluateCell_main.py:75 [INFO] Until now, best Prec@1 = 67.6400%
07/26 11:43:39午前 evaluateCell_trainer.py:199 [INFO] Valid: Epoch: [74][50/79]	Step 52800	Loss 1.3776	Prec@(1,5) (67.2%, 90.6%)
07/26 11:43:40午前 evaluateCell_trainer.py:199 [INFO] Valid: Epoch: [74][78/79]	Step 52800	Loss 1.3785	Prec@(1,5) (67.0%, 90.5%)
07/26 11:43:40午前 evaluateCell_trainer.py:206 [INFO] Valid: [ 74/99] Final Prec@1 66.9800%
07/26 11:43:41午前 evaluateCell_main.py:75 [INFO] Until now, best Prec@1 = 67.6400%
07/26 11:45:19午前 evaluateCell_trainer.py:199 [INFO] Valid: Epoch: [75][50/79]	Step 53504	Loss 1.3841	Prec@(1,5) (66.8%, 90.1%)
07/26 11:45:20午前 evaluateCell_trainer.py:199 [INFO] Valid: Epoch: [75][78/79]	Step 53504	Loss 1.3597	Prec@(1,5) (66.9%, 90.6%)
07/26 11:45:20午前 evaluateCell_trainer.py:206 [INFO] Valid: [ 75/99] Final Prec@1 66.9200%
07/26 11:45:20午前 evaluateCell_main.py:75 [INFO] Until now, best Prec@1 = 67.6400%
07/26 11:47:00午前 evaluateCell_trainer.py:199 [INFO] Valid: Epoch: [76][50/79]	Step 54208	Loss 1.3471	Prec@(1,5) (67.7%, 90.9%)
07/26 11:47:01午前 evaluateCell_trainer.py:199 [INFO] Valid: Epoch: [76][78/79]	Step 54208	Loss 1.3667	Prec@(1,5) (67.4%, 90.6%)
07/26 11:47:01午前 evaluateCell_trainer.py:206 [INFO] Valid: [ 76/99] Final Prec@1 67.4400%
07/26 11:47:01午前 evaluateCell_main.py:75 [INFO] Until now, best Prec@1 = 67.6400%
07/26 11:48:39午前 evaluateCell_trainer.py:199 [INFO] Valid: Epoch: [77][50/79]	Step 54912	Loss 1.3858	Prec@(1,5) (66.2%, 90.7%)
07/26 11:48:39午前 evaluateCell_trainer.py:199 [INFO] Valid: Epoch: [77][78/79]	Step 54912	Loss 1.3811	Prec@(1,5) (67.0%, 90.6%)
07/26 11:48:39午前 evaluateCell_trainer.py:206 [INFO] Valid: [ 77/99] Final Prec@1 67.0200%
07/26 11:48:40午前 evaluateCell_main.py:75 [INFO] Until now, best Prec@1 = 67.6400%
07/26 11:50:17午前 evaluateCell_trainer.py:199 [INFO] Valid: Epoch: [78][50/79]	Step 55616	Loss 1.3261	Prec@(1,5) (68.8%, 91.7%)
07/26 11:50:18午前 evaluateCell_trainer.py:199 [INFO] Valid: Epoch: [78][78/79]	Step 55616	Loss 1.3424	Prec@(1,5) (67.9%, 91.2%)
07/26 11:50:18午前 evaluateCell_trainer.py:206 [INFO] Valid: [ 78/99] Final Prec@1 67.8800%
07/26 11:50:18午前 evaluateCell_main.py:75 [INFO] Until now, best Prec@1 = 67.8800%
07/26 11:51:56午前 evaluateCell_trainer.py:199 [INFO] Valid: Epoch: [79][50/79]	Step 56320	Loss 1.2854	Prec@(1,5) (68.6%, 91.7%)
07/26 11:51:56午前 evaluateCell_trainer.py:199 [INFO] Valid: Epoch: [79][78/79]	Step 56320	Loss 1.3330	Prec@(1,5) (68.1%, 91.2%)
07/26 11:51:56午前 evaluateCell_trainer.py:206 [INFO] Valid: [ 79/99] Final Prec@1 68.1200%
07/26 11:51:57午前 evaluateCell_main.py:75 [INFO] Until now, best Prec@1 = 68.1200%
07/26 11:53:34午前 evaluateCell_trainer.py:199 [INFO] Valid: Epoch: [80][50/79]	Step 57024	Loss 1.3491	Prec@(1,5) (67.5%, 91.2%)
07/26 11:53:35午前 evaluateCell_trainer.py:199 [INFO] Valid: Epoch: [80][78/79]	Step 57024	Loss 1.3379	Prec@(1,5) (67.7%, 91.3%)
07/26 11:53:35午前 evaluateCell_trainer.py:206 [INFO] Valid: [ 80/99] Final Prec@1 67.7400%
07/26 11:53:35午前 evaluateCell_main.py:75 [INFO] Until now, best Prec@1 = 68.1200%
07/26 11:55:14午前 evaluateCell_trainer.py:199 [INFO] Valid: Epoch: [81][50/79]	Step 57728	Loss 1.3174	Prec@(1,5) (69.6%, 91.1%)
07/26 11:55:15午前 evaluateCell_trainer.py:199 [INFO] Valid: Epoch: [81][78/79]	Step 57728	Loss 1.3420	Prec@(1,5) (68.8%, 91.0%)
07/26 11:55:15午前 evaluateCell_trainer.py:206 [INFO] Valid: [ 81/99] Final Prec@1 68.8200%
07/26 11:55:15午前 evaluateCell_main.py:75 [INFO] Until now, best Prec@1 = 68.8200%
07/26 11:56:56午前 evaluateCell_trainer.py:199 [INFO] Valid: Epoch: [82][50/79]	Step 58432	Loss 1.3854	Prec@(1,5) (67.3%, 90.7%)
07/26 11:56:56午前 evaluateCell_trainer.py:199 [INFO] Valid: Epoch: [82][78/79]	Step 58432	Loss 1.3632	Prec@(1,5) (68.0%, 90.8%)
07/26 11:56:56午前 evaluateCell_trainer.py:206 [INFO] Valid: [ 82/99] Final Prec@1 68.0200%
07/26 11:56:57午前 evaluateCell_main.py:75 [INFO] Until now, best Prec@1 = 68.8200%
07/26 11:58:36午前 evaluateCell_trainer.py:199 [INFO] Valid: Epoch: [83][50/79]	Step 59136	Loss 1.4051	Prec@(1,5) (67.1%, 91.0%)
07/26 11:58:37午前 evaluateCell_trainer.py:199 [INFO] Valid: Epoch: [83][78/79]	Step 59136	Loss 1.3775	Prec@(1,5) (67.7%, 91.2%)
07/26 11:58:37午前 evaluateCell_trainer.py:206 [INFO] Valid: [ 83/99] Final Prec@1 67.7000%
07/26 11:58:37午前 evaluateCell_main.py:75 [INFO] Until now, best Prec@1 = 68.8200%
07/26 12:00:17午後 evaluateCell_trainer.py:199 [INFO] Valid: Epoch: [84][50/79]	Step 59840	Loss 1.4232	Prec@(1,5) (67.3%, 90.7%)
07/26 12:00:18午後 evaluateCell_trainer.py:199 [INFO] Valid: Epoch: [84][78/79]	Step 59840	Loss 1.3733	Prec@(1,5) (68.1%, 91.1%)
07/26 12:00:18午後 evaluateCell_trainer.py:206 [INFO] Valid: [ 84/99] Final Prec@1 68.1600%
07/26 12:00:18午後 evaluateCell_main.py:75 [INFO] Until now, best Prec@1 = 68.8200%
07/26 12:01:56午後 evaluateCell_trainer.py:199 [INFO] Valid: Epoch: [85][50/79]	Step 60544	Loss 1.3860	Prec@(1,5) (68.0%, 91.1%)
07/26 12:01:57午後 evaluateCell_trainer.py:199 [INFO] Valid: Epoch: [85][78/79]	Step 60544	Loss 1.3492	Prec@(1,5) (68.4%, 91.7%)
07/26 12:01:57午後 evaluateCell_trainer.py:206 [INFO] Valid: [ 85/99] Final Prec@1 68.4000%
07/26 12:01:58午後 evaluateCell_main.py:75 [INFO] Until now, best Prec@1 = 68.8200%
07/26 12:03:37午後 evaluateCell_trainer.py:199 [INFO] Valid: Epoch: [86][50/79]	Step 61248	Loss 1.3919	Prec@(1,5) (67.8%, 91.3%)
07/26 12:03:38午後 evaluateCell_trainer.py:199 [INFO] Valid: Epoch: [86][78/79]	Step 61248	Loss 1.3610	Prec@(1,5) (68.7%, 91.4%)
07/26 12:03:38午後 evaluateCell_trainer.py:206 [INFO] Valid: [ 86/99] Final Prec@1 68.7400%
07/26 12:03:38午後 evaluateCell_main.py:75 [INFO] Until now, best Prec@1 = 68.8200%
07/26 12:05:17午後 evaluateCell_trainer.py:199 [INFO] Valid: Epoch: [87][50/79]	Step 61952	Loss 1.3608	Prec@(1,5) (68.9%, 91.0%)
07/26 12:05:18午後 evaluateCell_trainer.py:199 [INFO] Valid: Epoch: [87][78/79]	Step 61952	Loss 1.3577	Prec@(1,5) (68.6%, 91.3%)
07/26 12:05:18午後 evaluateCell_trainer.py:206 [INFO] Valid: [ 87/99] Final Prec@1 68.6400%
07/26 12:05:18午後 evaluateCell_main.py:75 [INFO] Until now, best Prec@1 = 68.8200%
07/26 12:07:00午後 evaluateCell_trainer.py:199 [INFO] Valid: Epoch: [88][50/79]	Step 62656	Loss 1.3297	Prec@(1,5) (69.4%, 91.6%)
07/26 12:07:01午後 evaluateCell_trainer.py:199 [INFO] Valid: Epoch: [88][78/79]	Step 62656	Loss 1.3359	Prec@(1,5) (69.1%, 91.4%)
07/26 12:07:01午後 evaluateCell_trainer.py:206 [INFO] Valid: [ 88/99] Final Prec@1 69.1000%
07/26 12:07:01午後 evaluateCell_main.py:75 [INFO] Until now, best Prec@1 = 69.1000%
07/26 12:08:40午後 evaluateCell_trainer.py:199 [INFO] Valid: Epoch: [89][50/79]	Step 63360	Loss 1.4029	Prec@(1,5) (68.3%, 91.0%)
07/26 12:08:41午後 evaluateCell_trainer.py:199 [INFO] Valid: Epoch: [89][78/79]	Step 63360	Loss 1.3633	Prec@(1,5) (68.6%, 91.2%)
07/26 12:08:41午後 evaluateCell_trainer.py:206 [INFO] Valid: [ 89/99] Final Prec@1 68.6400%
07/26 12:08:41午後 evaluateCell_main.py:75 [INFO] Until now, best Prec@1 = 69.1000%
07/26 12:10:20午後 evaluateCell_trainer.py:199 [INFO] Valid: Epoch: [90][50/79]	Step 64064	Loss 1.3368	Prec@(1,5) (68.7%, 91.4%)
07/26 12:10:21午後 evaluateCell_trainer.py:199 [INFO] Valid: Epoch: [90][78/79]	Step 64064	Loss 1.3544	Prec@(1,5) (69.1%, 91.3%)
07/26 12:10:21午後 evaluateCell_trainer.py:206 [INFO] Valid: [ 90/99] Final Prec@1 69.1000%
07/26 12:10:21午後 evaluateCell_main.py:75 [INFO] Until now, best Prec@1 = 69.1000%
07/26 12:11:59午後 evaluateCell_trainer.py:199 [INFO] Valid: Epoch: [91][50/79]	Step 64768	Loss 1.3864	Prec@(1,5) (68.4%, 90.8%)
07/26 12:12:00午後 evaluateCell_trainer.py:199 [INFO] Valid: Epoch: [91][78/79]	Step 64768	Loss 1.3680	Prec@(1,5) (68.8%, 91.2%)
07/26 12:12:00午後 evaluateCell_trainer.py:206 [INFO] Valid: [ 91/99] Final Prec@1 68.8400%
07/26 12:12:00午後 evaluateCell_main.py:75 [INFO] Until now, best Prec@1 = 69.1000%
07/26 12:13:38午後 evaluateCell_trainer.py:199 [INFO] Valid: Epoch: [92][50/79]	Step 65472	Loss 1.3284	Prec@(1,5) (68.5%, 91.8%)
07/26 12:13:39午後 evaluateCell_trainer.py:199 [INFO] Valid: Epoch: [92][78/79]	Step 65472	Loss 1.3341	Prec@(1,5) (69.4%, 91.7%)
07/26 12:13:39午後 evaluateCell_trainer.py:206 [INFO] Valid: [ 92/99] Final Prec@1 69.3200%
07/26 12:13:39午後 evaluateCell_main.py:75 [INFO] Until now, best Prec@1 = 69.3200%
07/26 12:15:17午後 evaluateCell_trainer.py:199 [INFO] Valid: Epoch: [93][50/79]	Step 66176	Loss 1.4045	Prec@(1,5) (68.7%, 91.3%)
07/26 12:15:18午後 evaluateCell_trainer.py:199 [INFO] Valid: Epoch: [93][78/79]	Step 66176	Loss 1.3725	Prec@(1,5) (69.1%, 91.3%)
07/26 12:15:18午後 evaluateCell_trainer.py:206 [INFO] Valid: [ 93/99] Final Prec@1 69.0800%
07/26 12:15:18午後 evaluateCell_main.py:75 [INFO] Until now, best Prec@1 = 69.3200%
07/26 12:16:56午後 evaluateCell_trainer.py:199 [INFO] Valid: Epoch: [94][50/79]	Step 66880	Loss 1.3744	Prec@(1,5) (69.4%, 91.6%)
07/26 12:16:57午後 evaluateCell_trainer.py:199 [INFO] Valid: Epoch: [94][78/79]	Step 66880	Loss 1.3877	Prec@(1,5) (69.0%, 91.4%)
07/26 12:16:57午後 evaluateCell_trainer.py:206 [INFO] Valid: [ 94/99] Final Prec@1 69.0600%
07/26 12:16:57午後 evaluateCell_main.py:75 [INFO] Until now, best Prec@1 = 69.3200%
07/26 12:18:34午後 evaluateCell_trainer.py:199 [INFO] Valid: Epoch: [95][50/79]	Step 67584	Loss 1.3071	Prec@(1,5) (69.8%, 92.3%)
07/26 12:18:35午後 evaluateCell_trainer.py:199 [INFO] Valid: Epoch: [95][78/79]	Step 67584	Loss 1.3550	Prec@(1,5) (69.5%, 92.0%)
07/26 12:18:35午後 evaluateCell_trainer.py:206 [INFO] Valid: [ 95/99] Final Prec@1 69.4800%
07/26 12:18:35午後 evaluateCell_main.py:75 [INFO] Until now, best Prec@1 = 69.4800%
07/26 12:20:12午後 evaluateCell_trainer.py:199 [INFO] Valid: Epoch: [96][50/79]	Step 68288	Loss 1.4316	Prec@(1,5) (68.4%, 90.8%)
07/26 12:20:13午後 evaluateCell_trainer.py:199 [INFO] Valid: Epoch: [96][78/79]	Step 68288	Loss 1.3936	Prec@(1,5) (68.8%, 91.3%)
07/26 12:20:13午後 evaluateCell_trainer.py:206 [INFO] Valid: [ 96/99] Final Prec@1 68.8400%
07/26 12:20:13午後 evaluateCell_main.py:75 [INFO] Until now, best Prec@1 = 69.4800%
07/26 12:21:48午後 evaluateCell_trainer.py:199 [INFO] Valid: Epoch: [97][50/79]	Step 68992	Loss 1.3226	Prec@(1,5) (70.6%, 92.4%)
07/26 12:21:49午後 evaluateCell_trainer.py:199 [INFO] Valid: Epoch: [97][78/79]	Step 68992	Loss 1.3635	Prec@(1,5) (69.6%, 92.0%)
07/26 12:21:49午後 evaluateCell_trainer.py:206 [INFO] Valid: [ 97/99] Final Prec@1 69.5800%
07/26 12:21:49午後 evaluateCell_main.py:75 [INFO] Until now, best Prec@1 = 69.5800%
07/26 12:23:26午後 evaluateCell_trainer.py:199 [INFO] Valid: Epoch: [98][50/79]	Step 69696	Loss 1.3748	Prec@(1,5) (69.8%, 90.9%)
07/26 12:23:27午後 evaluateCell_trainer.py:199 [INFO] Valid: Epoch: [98][78/79]	Step 69696	Loss 1.3552	Prec@(1,5) (69.9%, 91.4%)
07/26 12:23:27午後 evaluateCell_trainer.py:206 [INFO] Valid: [ 98/99] Final Prec@1 69.9200%
07/26 12:23:28午後 evaluateCell_main.py:75 [INFO] Until now, best Prec@1 = 69.9200%
07/26 12:25:05午後 evaluateCell_trainer.py:199 [INFO] Valid: Epoch: [99][50/79]	Step 70400	Loss 1.3801	Prec@(1,5) (69.0%, 91.2%)
07/26 12:25:06午後 evaluateCell_trainer.py:199 [INFO] Valid: Epoch: [99][78/79]	Step 70400	Loss 1.3585	Prec@(1,5) (69.4%, 91.5%)
07/26 12:25:06午後 evaluateCell_trainer.py:206 [INFO] Valid: [ 99/99] Final Prec@1 69.4000%
07/26 12:25:06午後 evaluateCell_main.py:75 [INFO] Until now, best Prec@1 = 69.9200%
07/26 12:25:06午後 evaluateCell_main.py:79 [INFO] Final best Prec@1 = 69.9200%
