08/09 12:54:29AM parser.py:28 [INFO] 
08/09 12:54:29AM parser.py:29 [INFO] Parameters:
08/09 12:54:29AM parser.py:31 [INFO] T=10.0
08/09 12:54:29AM parser.py:31 [INFO] ADVANCED=True
08/09 12:54:29AM parser.py:31 [INFO] AUX_WEIGHT=0.4
08/09 12:54:29AM parser.py:31 [INFO] BATCH_SIZE=64
08/09 12:54:29AM parser.py:31 [INFO] CUTOUT_LENGTH=16
08/09 12:54:29AM parser.py:31 [INFO] DATA_PATH=../data/
08/09 12:54:29AM parser.py:31 [INFO] DATASET=cifar100
08/09 12:54:29AM parser.py:31 [INFO] DESCRIPTION=KD_for_only_weight_evaluation
08/09 12:54:29AM parser.py:31 [INFO] DROP_PATH_PROB=0.2
08/09 12:54:29AM parser.py:31 [INFO] EPOCHS=100
08/09 12:54:29AM parser.py:31 [INFO] EXP_NAME=194803s3-20240809-005429
08/09 12:54:29AM parser.py:31 [INFO] GENOTYPE=Genotype3(normal1=[[('sep_conv_3x3', 0), ('sep_conv_5x5', 1)], [('sep_conv_3x3', 0), ('sep_conv_5x5', 2)], [('sep_conv_3x3', 1), ('dil_conv_3x3', 2)], [('sep_conv_3x3', 1), ('sep_conv_3x3', 2)]], normal1_concat=range(2, 6), reduce1=[[('sep_conv_3x3', 1), ('sep_conv_3x3', 0)], [('dil_conv_3x3', 0), ('sep_conv_3x3', 2)], [('sep_conv_3x3', 1), ('skip_connect', 3)], [('skip_connect', 3), ('skip_connect', 2)]], reduce1_concat=range(2, 6), normal2=[[('skip_connect', 0), ('sep_conv_5x5', 1)], [('skip_connect', 0), ('skip_connect', 2)], [('skip_connect', 0), ('skip_connect', 2)], [('skip_connect', 0), ('sep_conv_3x3', 1)]], normal2_concat=range(2, 6), reduce2=[[('avg_pool_3x3', 0), ('max_pool_3x3', 1)], [('avg_pool_3x3', 0), ('skip_connect', 2)], [('skip_connect', 2), ('skip_connect', 3)], [('avg_pool_3x3', 0), ('skip_connect', 2)]], reduce2_concat=range(2, 6), normal3=[[('skip_connect', 0), ('skip_connect', 1)], [('skip_connect', 0), ('dil_conv_5x5', 1)], [('skip_connect', 0), ('dil_conv_3x3', 1)], [('skip_connect', 0), ('dil_conv_5x5', 1)]], normal3_concat=range(2, 6))
08/09 12:54:29AM parser.py:31 [INFO] GPUS=[0]
08/09 12:54:29AM parser.py:31 [INFO] GRAD_CLIP=5.0
08/09 12:54:29AM parser.py:31 [INFO] INIT_CHANNELS=32
08/09 12:54:29AM parser.py:31 [INFO] L=0.5
08/09 12:54:29AM parser.py:31 [INFO] LAYERS=20
08/09 12:54:29AM parser.py:31 [INFO] LOGGER=<Logger H-DAS (INFO)>
08/09 12:54:29AM parser.py:31 [INFO] LR=0.025
08/09 12:54:29AM parser.py:31 [INFO] LR_MIN=0.001
08/09 12:54:29AM parser.py:31 [INFO] MOMENTUM=0.9
08/09 12:54:29AM parser.py:31 [INFO] NAME=ONLY_WEIGHT
08/09 12:54:29AM parser.py:31 [INFO] NONKD=True
08/09 12:54:29AM parser.py:31 [INFO] PATH=results/evaluate_cell_KD/cifar100/ONLY_WEIGHT/194803s3-20240809-005429
08/09 12:54:29AM parser.py:31 [INFO] PRINT_FREQ=50
08/09 12:54:29AM parser.py:31 [INFO] RESUME_PATH=None
08/09 12:54:29AM parser.py:31 [INFO] SAVE=194803s3
08/09 12:54:29AM parser.py:31 [INFO] SEED=0
08/09 12:54:29AM parser.py:31 [INFO] TEACHER_NAME=efficientnet_v2_s
08/09 12:54:29AM parser.py:31 [INFO] TEACHER_PATH=/home/miura/lab/KD-hdas/results/teacher/cifar100/efficientnet_v2_s/FINETUNE2/pretrained-20240716-002108/best.pth.tar
08/09 12:54:29AM parser.py:31 [INFO] TRAIN_PORTION=0.9
08/09 12:54:29AM parser.py:31 [INFO] WEIGHT_DECAY=0.0003
08/09 12:54:29AM parser.py:31 [INFO] WORKERS=4
08/09 12:54:29AM parser.py:32 [INFO] 
08/09 12:54:30AM evaluateCell_trainer.py:102 [INFO] --> No loaded checkpoint!
08/09 12:54:56AM evaluateCell_trainer.py:199 [INFO] Valid: Epoch: [0][50/79]	Step 704	Loss 3.5076	Prec@(1,5) (16.7%, 42.1%)
08/09 12:54:56AM evaluateCell_trainer.py:199 [INFO] Valid: Epoch: [0][78/79]	Step 704	Loss 3.5162	Prec@(1,5) (16.2%, 42.4%)
08/09 12:54:56AM evaluateCell_trainer.py:206 [INFO] Valid: [  0/99] Final Prec@1 16.2200%
08/09 12:54:56午前 evaluateCell_main.py:75 [INFO] Until now, best Prec@1 = 16.2200%
08/09 12:55:23午前 evaluateCell_trainer.py:199 [INFO] Valid: Epoch: [1][50/79]	Step 1408	Loss 3.0946	Prec@(1,5) (23.7%, 53.5%)
08/09 12:55:24午前 evaluateCell_trainer.py:199 [INFO] Valid: Epoch: [1][78/79]	Step 1408	Loss 3.0862	Prec@(1,5) (24.0%, 53.2%)
08/09 12:55:24午前 evaluateCell_trainer.py:206 [INFO] Valid: [  1/99] Final Prec@1 24.0400%
08/09 12:55:24午前 evaluateCell_main.py:75 [INFO] Until now, best Prec@1 = 24.0400%
08/09 12:55:51午前 evaluateCell_trainer.py:199 [INFO] Valid: Epoch: [2][50/79]	Step 2112	Loss 2.8818	Prec@(1,5) (28.5%, 59.9%)
08/09 12:55:51午前 evaluateCell_trainer.py:199 [INFO] Valid: Epoch: [2][78/79]	Step 2112	Loss 2.8898	Prec@(1,5) (28.6%, 59.5%)
08/09 12:55:51午前 evaluateCell_trainer.py:206 [INFO] Valid: [  2/99] Final Prec@1 28.6200%
08/09 12:55:51午前 evaluateCell_main.py:75 [INFO] Until now, best Prec@1 = 28.6200%
08/09 12:56:19午前 evaluateCell_trainer.py:199 [INFO] Valid: Epoch: [3][50/79]	Step 2816	Loss 2.5101	Prec@(1,5) (34.8%, 67.7%)
08/09 12:56:19午前 evaluateCell_trainer.py:199 [INFO] Valid: Epoch: [3][78/79]	Step 2816	Loss 2.5277	Prec@(1,5) (34.3%, 67.4%)
08/09 12:56:19午前 evaluateCell_trainer.py:206 [INFO] Valid: [  3/99] Final Prec@1 34.2400%
08/09 12:56:19午前 evaluateCell_main.py:75 [INFO] Until now, best Prec@1 = 34.2400%
08/09 12:56:46午前 evaluateCell_trainer.py:199 [INFO] Valid: Epoch: [4][50/79]	Step 3520	Loss 2.2469	Prec@(1,5) (40.4%, 73.2%)
08/09 12:56:47午前 evaluateCell_trainer.py:199 [INFO] Valid: Epoch: [4][78/79]	Step 3520	Loss 2.2645	Prec@(1,5) (39.7%, 73.1%)
08/09 12:56:47午前 evaluateCell_trainer.py:206 [INFO] Valid: [  4/99] Final Prec@1 39.6400%
08/09 12:56:47午前 evaluateCell_main.py:75 [INFO] Until now, best Prec@1 = 39.6400%
08/09 12:57:14午前 evaluateCell_trainer.py:199 [INFO] Valid: Epoch: [5][50/79]	Step 4224	Loss 2.1885	Prec@(1,5) (41.3%, 74.2%)
08/09 12:57:14午前 evaluateCell_trainer.py:199 [INFO] Valid: Epoch: [5][78/79]	Step 4224	Loss 2.2085	Prec@(1,5) (41.5%, 74.0%)
08/09 12:57:14午前 evaluateCell_trainer.py:206 [INFO] Valid: [  5/99] Final Prec@1 41.4800%
08/09 12:57:14午前 evaluateCell_main.py:75 [INFO] Until now, best Prec@1 = 41.4800%
08/09 12:57:41午前 evaluateCell_trainer.py:199 [INFO] Valid: Epoch: [6][50/79]	Step 4928	Loss 2.1104	Prec@(1,5) (43.4%, 75.7%)
08/09 12:57:42午前 evaluateCell_trainer.py:199 [INFO] Valid: Epoch: [6][78/79]	Step 4928	Loss 2.0836	Prec@(1,5) (44.1%, 76.3%)
08/09 12:57:42午前 evaluateCell_trainer.py:206 [INFO] Valid: [  6/99] Final Prec@1 44.1200%
08/09 12:57:42午前 evaluateCell_main.py:75 [INFO] Until now, best Prec@1 = 44.1200%
08/09 12:58:09午前 evaluateCell_trainer.py:199 [INFO] Valid: Epoch: [7][50/79]	Step 5632	Loss 1.9263	Prec@(1,5) (47.9%, 78.7%)
08/09 12:58:09午前 evaluateCell_trainer.py:199 [INFO] Valid: Epoch: [7][78/79]	Step 5632	Loss 1.9200	Prec@(1,5) (48.5%, 78.7%)
08/09 12:58:09午前 evaluateCell_trainer.py:206 [INFO] Valid: [  7/99] Final Prec@1 48.5000%
08/09 12:58:10午前 evaluateCell_main.py:75 [INFO] Until now, best Prec@1 = 48.5000%
08/09 12:58:37午前 evaluateCell_trainer.py:199 [INFO] Valid: Epoch: [8][50/79]	Step 6336	Loss 1.9051	Prec@(1,5) (49.5%, 78.4%)
08/09 12:58:37午前 evaluateCell_trainer.py:199 [INFO] Valid: Epoch: [8][78/79]	Step 6336	Loss 1.9139	Prec@(1,5) (49.4%, 78.6%)
08/09 12:58:37午前 evaluateCell_trainer.py:206 [INFO] Valid: [  8/99] Final Prec@1 49.4200%
08/09 12:58:37午前 evaluateCell_main.py:75 [INFO] Until now, best Prec@1 = 49.4200%
08/09 12:59:05午前 evaluateCell_trainer.py:199 [INFO] Valid: Epoch: [9][50/79]	Step 7040	Loss 1.8205	Prec@(1,5) (50.3%, 80.6%)
08/09 12:59:05午前 evaluateCell_trainer.py:199 [INFO] Valid: Epoch: [9][78/79]	Step 7040	Loss 1.8163	Prec@(1,5) (50.5%, 80.6%)
08/09 12:59:05午前 evaluateCell_trainer.py:206 [INFO] Valid: [  9/99] Final Prec@1 50.5600%
08/09 12:59:05午前 evaluateCell_main.py:75 [INFO] Until now, best Prec@1 = 50.5600%
08/09 12:59:33午前 evaluateCell_trainer.py:199 [INFO] Valid: Epoch: [10][50/79]	Step 7744	Loss 1.7961	Prec@(1,5) (51.0%, 81.2%)
08/09 12:59:33午前 evaluateCell_trainer.py:199 [INFO] Valid: Epoch: [10][78/79]	Step 7744	Loss 1.8088	Prec@(1,5) (51.0%, 80.6%)
08/09 12:59:33午前 evaluateCell_trainer.py:206 [INFO] Valid: [ 10/99] Final Prec@1 51.0600%
08/09 12:59:33午前 evaluateCell_main.py:75 [INFO] Until now, best Prec@1 = 51.0600%
08/09 01:00:00午前 evaluateCell_trainer.py:199 [INFO] Valid: Epoch: [11][50/79]	Step 8448	Loss 1.7557	Prec@(1,5) (51.2%, 82.6%)
08/09 01:00:01午前 evaluateCell_trainer.py:199 [INFO] Valid: Epoch: [11][78/79]	Step 8448	Loss 1.7826	Prec@(1,5) (50.8%, 82.2%)
08/09 01:00:01午前 evaluateCell_trainer.py:206 [INFO] Valid: [ 11/99] Final Prec@1 50.8200%
08/09 01:00:01午前 evaluateCell_main.py:75 [INFO] Until now, best Prec@1 = 51.0600%
08/09 01:00:28午前 evaluateCell_trainer.py:199 [INFO] Valid: Epoch: [12][50/79]	Step 9152	Loss 1.7032	Prec@(1,5) (52.6%, 83.6%)
08/09 01:00:28午前 evaluateCell_trainer.py:199 [INFO] Valid: Epoch: [12][78/79]	Step 9152	Loss 1.7117	Prec@(1,5) (52.8%, 83.6%)
08/09 01:00:28午前 evaluateCell_trainer.py:206 [INFO] Valid: [ 12/99] Final Prec@1 52.8200%
08/09 01:00:28午前 evaluateCell_main.py:75 [INFO] Until now, best Prec@1 = 52.8200%
08/09 01:00:56午前 evaluateCell_trainer.py:199 [INFO] Valid: Epoch: [13][50/79]	Step 9856	Loss 1.8604	Prec@(1,5) (50.6%, 80.0%)
08/09 01:00:56午前 evaluateCell_trainer.py:199 [INFO] Valid: Epoch: [13][78/79]	Step 9856	Loss 1.8714	Prec@(1,5) (50.1%, 80.1%)
08/09 01:00:56午前 evaluateCell_trainer.py:206 [INFO] Valid: [ 13/99] Final Prec@1 50.1200%
08/09 01:00:56午前 evaluateCell_main.py:75 [INFO] Until now, best Prec@1 = 52.8200%
08/09 01:01:23午前 evaluateCell_trainer.py:199 [INFO] Valid: Epoch: [14][50/79]	Step 10560	Loss 1.8884	Prec@(1,5) (50.9%, 80.1%)
08/09 01:01:24午前 evaluateCell_trainer.py:199 [INFO] Valid: Epoch: [14][78/79]	Step 10560	Loss 1.8850	Prec@(1,5) (50.1%, 80.7%)
08/09 01:01:24午前 evaluateCell_trainer.py:206 [INFO] Valid: [ 14/99] Final Prec@1 50.1600%
08/09 01:01:24午前 evaluateCell_main.py:75 [INFO] Until now, best Prec@1 = 52.8200%
08/09 01:01:51午前 evaluateCell_trainer.py:199 [INFO] Valid: Epoch: [15][50/79]	Step 11264	Loss 1.6802	Prec@(1,5) (54.9%, 83.4%)
08/09 01:01:52午前 evaluateCell_trainer.py:199 [INFO] Valid: Epoch: [15][78/79]	Step 11264	Loss 1.7100	Prec@(1,5) (54.6%, 83.4%)
08/09 01:01:52午前 evaluateCell_trainer.py:206 [INFO] Valid: [ 15/99] Final Prec@1 54.5600%
08/09 01:01:52午前 evaluateCell_main.py:75 [INFO] Until now, best Prec@1 = 54.5600%
08/09 01:02:19午前 evaluateCell_trainer.py:199 [INFO] Valid: Epoch: [16][50/79]	Step 11968	Loss 1.7009	Prec@(1,5) (54.2%, 82.2%)
08/09 01:02:20午前 evaluateCell_trainer.py:199 [INFO] Valid: Epoch: [16][78/79]	Step 11968	Loss 1.6729	Prec@(1,5) (55.0%, 83.0%)
08/09 01:02:20午前 evaluateCell_trainer.py:206 [INFO] Valid: [ 16/99] Final Prec@1 54.9400%
08/09 01:02:20午前 evaluateCell_main.py:75 [INFO] Until now, best Prec@1 = 54.9400%
08/09 01:02:47午前 evaluateCell_trainer.py:199 [INFO] Valid: Epoch: [17][50/79]	Step 12672	Loss 1.6789	Prec@(1,5) (53.9%, 82.9%)
08/09 01:02:47午前 evaluateCell_trainer.py:199 [INFO] Valid: Epoch: [17][78/79]	Step 12672	Loss 1.6765	Prec@(1,5) (54.3%, 82.8%)
08/09 01:02:47午前 evaluateCell_trainer.py:206 [INFO] Valid: [ 17/99] Final Prec@1 54.3200%
08/09 01:02:48午前 evaluateCell_main.py:75 [INFO] Until now, best Prec@1 = 54.9400%
08/09 01:03:16午前 evaluateCell_trainer.py:199 [INFO] Valid: Epoch: [18][50/79]	Step 13376	Loss 1.5940	Prec@(1,5) (55.5%, 85.3%)
08/09 01:03:16午前 evaluateCell_trainer.py:199 [INFO] Valid: Epoch: [18][78/79]	Step 13376	Loss 1.6128	Prec@(1,5) (56.1%, 85.1%)
08/09 01:03:16午前 evaluateCell_trainer.py:206 [INFO] Valid: [ 18/99] Final Prec@1 56.1600%
08/09 01:03:16午前 evaluateCell_main.py:75 [INFO] Until now, best Prec@1 = 56.1600%
08/09 01:03:45午前 evaluateCell_trainer.py:199 [INFO] Valid: Epoch: [19][50/79]	Step 14080	Loss 1.6017	Prec@(1,5) (57.1%, 84.2%)
08/09 01:03:45午前 evaluateCell_trainer.py:199 [INFO] Valid: Epoch: [19][78/79]	Step 14080	Loss 1.5974	Prec@(1,5) (56.7%, 84.5%)
08/09 01:03:45午前 evaluateCell_trainer.py:206 [INFO] Valid: [ 19/99] Final Prec@1 56.5800%
08/09 01:03:45午前 evaluateCell_main.py:75 [INFO] Until now, best Prec@1 = 56.5800%
08/09 01:04:13午前 evaluateCell_trainer.py:199 [INFO] Valid: Epoch: [20][50/79]	Step 14784	Loss 1.6044	Prec@(1,5) (57.2%, 85.1%)
08/09 01:04:14午前 evaluateCell_trainer.py:199 [INFO] Valid: Epoch: [20][78/79]	Step 14784	Loss 1.5729	Prec@(1,5) (57.4%, 85.3%)
08/09 01:04:14午前 evaluateCell_trainer.py:206 [INFO] Valid: [ 20/99] Final Prec@1 57.3800%
08/09 01:04:14午前 evaluateCell_main.py:75 [INFO] Until now, best Prec@1 = 57.3800%
08/09 01:04:42午前 evaluateCell_trainer.py:199 [INFO] Valid: Epoch: [21][50/79]	Step 15488	Loss 1.6494	Prec@(1,5) (56.1%, 84.3%)
08/09 01:04:42午前 evaluateCell_trainer.py:199 [INFO] Valid: Epoch: [21][78/79]	Step 15488	Loss 1.6652	Prec@(1,5) (55.9%, 84.0%)
08/09 01:04:42午前 evaluateCell_trainer.py:206 [INFO] Valid: [ 21/99] Final Prec@1 55.8400%
08/09 01:04:43午前 evaluateCell_main.py:75 [INFO] Until now, best Prec@1 = 57.3800%
08/09 01:05:11午前 evaluateCell_trainer.py:199 [INFO] Valid: Epoch: [22][50/79]	Step 16192	Loss 1.6471	Prec@(1,5) (55.7%, 84.5%)
08/09 01:05:11午前 evaluateCell_trainer.py:199 [INFO] Valid: Epoch: [22][78/79]	Step 16192	Loss 1.6274	Prec@(1,5) (55.9%, 85.0%)
08/09 01:05:11午前 evaluateCell_trainer.py:206 [INFO] Valid: [ 22/99] Final Prec@1 55.8400%
08/09 01:05:11午前 evaluateCell_main.py:75 [INFO] Until now, best Prec@1 = 57.3800%
08/09 01:05:40午前 evaluateCell_trainer.py:199 [INFO] Valid: Epoch: [23][50/79]	Step 16896	Loss 1.5925	Prec@(1,5) (56.8%, 84.9%)
08/09 01:05:40午前 evaluateCell_trainer.py:199 [INFO] Valid: Epoch: [23][78/79]	Step 16896	Loss 1.6260	Prec@(1,5) (56.4%, 84.8%)
08/09 01:05:40午前 evaluateCell_trainer.py:206 [INFO] Valid: [ 23/99] Final Prec@1 56.4200%
08/09 01:05:40午前 evaluateCell_main.py:75 [INFO] Until now, best Prec@1 = 57.3800%
08/09 01:06:08午前 evaluateCell_trainer.py:199 [INFO] Valid: Epoch: [24][50/79]	Step 17600	Loss 1.6193	Prec@(1,5) (56.3%, 84.9%)
08/09 01:06:09午前 evaluateCell_trainer.py:199 [INFO] Valid: Epoch: [24][78/79]	Step 17600	Loss 1.5950	Prec@(1,5) (56.9%, 85.4%)
08/09 01:06:09午前 evaluateCell_trainer.py:206 [INFO] Valid: [ 24/99] Final Prec@1 56.8400%
08/09 01:06:09午前 evaluateCell_main.py:75 [INFO] Until now, best Prec@1 = 57.3800%
08/09 01:06:37午前 evaluateCell_trainer.py:199 [INFO] Valid: Epoch: [25][50/79]	Step 18304	Loss 1.5403	Prec@(1,5) (59.6%, 85.8%)
08/09 01:06:37午前 evaluateCell_trainer.py:199 [INFO] Valid: Epoch: [25][78/79]	Step 18304	Loss 1.5267	Prec@(1,5) (59.0%, 86.0%)
08/09 01:06:37午前 evaluateCell_trainer.py:206 [INFO] Valid: [ 25/99] Final Prec@1 58.9200%
08/09 01:06:37午前 evaluateCell_main.py:75 [INFO] Until now, best Prec@1 = 58.9200%
08/09 01:07:05午前 evaluateCell_trainer.py:199 [INFO] Valid: Epoch: [26][50/79]	Step 19008	Loss 1.5808	Prec@(1,5) (57.1%, 85.1%)
08/09 01:07:06午前 evaluateCell_trainer.py:199 [INFO] Valid: Epoch: [26][78/79]	Step 19008	Loss 1.5502	Prec@(1,5) (57.5%, 85.9%)
08/09 01:07:06午前 evaluateCell_trainer.py:206 [INFO] Valid: [ 26/99] Final Prec@1 57.4400%
08/09 01:07:06午前 evaluateCell_main.py:75 [INFO] Until now, best Prec@1 = 58.9200%
08/09 01:07:34午前 evaluateCell_trainer.py:199 [INFO] Valid: Epoch: [27][50/79]	Step 19712	Loss 1.5534	Prec@(1,5) (58.6%, 86.2%)
08/09 01:07:34午前 evaluateCell_trainer.py:199 [INFO] Valid: Epoch: [27][78/79]	Step 19712	Loss 1.5725	Prec@(1,5) (57.9%, 86.1%)
08/09 01:07:34午前 evaluateCell_trainer.py:206 [INFO] Valid: [ 27/99] Final Prec@1 57.9400%
08/09 01:07:34午前 evaluateCell_main.py:75 [INFO] Until now, best Prec@1 = 58.9200%
08/09 01:08:02午前 evaluateCell_trainer.py:199 [INFO] Valid: Epoch: [28][50/79]	Step 20416	Loss 1.6383	Prec@(1,5) (57.0%, 85.1%)
08/09 01:08:03午前 evaluateCell_trainer.py:199 [INFO] Valid: Epoch: [28][78/79]	Step 20416	Loss 1.6111	Prec@(1,5) (57.9%, 85.7%)
08/09 01:08:03午前 evaluateCell_trainer.py:206 [INFO] Valid: [ 28/99] Final Prec@1 57.9200%
08/09 01:08:03午前 evaluateCell_main.py:75 [INFO] Until now, best Prec@1 = 58.9200%
08/09 01:08:31午前 evaluateCell_trainer.py:199 [INFO] Valid: Epoch: [29][50/79]	Step 21120	Loss 1.4907	Prec@(1,5) (60.5%, 87.0%)
08/09 01:08:32午前 evaluateCell_trainer.py:199 [INFO] Valid: Epoch: [29][78/79]	Step 21120	Loss 1.5047	Prec@(1,5) (60.3%, 86.6%)
08/09 01:08:32午前 evaluateCell_trainer.py:206 [INFO] Valid: [ 29/99] Final Prec@1 60.3000%
08/09 01:08:32午前 evaluateCell_main.py:75 [INFO] Until now, best Prec@1 = 60.3000%
08/09 01:09:00午前 evaluateCell_trainer.py:199 [INFO] Valid: Epoch: [30][50/79]	Step 21824	Loss 1.5477	Prec@(1,5) (59.0%, 86.1%)
08/09 01:09:00午前 evaluateCell_trainer.py:199 [INFO] Valid: Epoch: [30][78/79]	Step 21824	Loss 1.4996	Prec@(1,5) (59.7%, 86.7%)
08/09 01:09:00午前 evaluateCell_trainer.py:206 [INFO] Valid: [ 30/99] Final Prec@1 59.6800%
08/09 01:09:00午前 evaluateCell_main.py:75 [INFO] Until now, best Prec@1 = 60.3000%
08/09 01:09:28午前 evaluateCell_trainer.py:199 [INFO] Valid: Epoch: [31][50/79]	Step 22528	Loss 1.6040	Prec@(1,5) (57.6%, 85.7%)
08/09 01:09:28午前 evaluateCell_trainer.py:199 [INFO] Valid: Epoch: [31][78/79]	Step 22528	Loss 1.5756	Prec@(1,5) (58.5%, 85.8%)
08/09 01:09:28午前 evaluateCell_trainer.py:206 [INFO] Valid: [ 31/99] Final Prec@1 58.5200%
08/09 01:09:28午前 evaluateCell_main.py:75 [INFO] Until now, best Prec@1 = 60.3000%
08/09 01:09:56午前 evaluateCell_trainer.py:199 [INFO] Valid: Epoch: [32][50/79]	Step 23232	Loss 1.5628	Prec@(1,5) (59.0%, 85.5%)
08/09 01:09:57午前 evaluateCell_trainer.py:199 [INFO] Valid: Epoch: [32][78/79]	Step 23232	Loss 1.5765	Prec@(1,5) (58.7%, 85.4%)
08/09 01:09:57午前 evaluateCell_trainer.py:206 [INFO] Valid: [ 32/99] Final Prec@1 58.6600%
08/09 01:09:57午前 evaluateCell_main.py:75 [INFO] Until now, best Prec@1 = 60.3000%
08/09 01:10:25午前 evaluateCell_trainer.py:199 [INFO] Valid: Epoch: [33][50/79]	Step 23936	Loss 1.5643	Prec@(1,5) (58.7%, 86.7%)
08/09 01:10:25午前 evaluateCell_trainer.py:199 [INFO] Valid: Epoch: [33][78/79]	Step 23936	Loss 1.5378	Prec@(1,5) (58.9%, 86.9%)
08/09 01:10:25午前 evaluateCell_trainer.py:206 [INFO] Valid: [ 33/99] Final Prec@1 58.9000%
08/09 01:10:25午前 evaluateCell_main.py:75 [INFO] Until now, best Prec@1 = 60.3000%
08/09 01:10:53午前 evaluateCell_trainer.py:199 [INFO] Valid: Epoch: [34][50/79]	Step 24640	Loss 1.5379	Prec@(1,5) (59.7%, 85.9%)
08/09 01:10:54午前 evaluateCell_trainer.py:199 [INFO] Valid: Epoch: [34][78/79]	Step 24640	Loss 1.5448	Prec@(1,5) (59.0%, 86.1%)
08/09 01:10:54午前 evaluateCell_trainer.py:206 [INFO] Valid: [ 34/99] Final Prec@1 59.0000%
08/09 01:10:54午前 evaluateCell_main.py:75 [INFO] Until now, best Prec@1 = 60.3000%
08/09 01:11:22午前 evaluateCell_trainer.py:199 [INFO] Valid: Epoch: [35][50/79]	Step 25344	Loss 1.4061	Prec@(1,5) (62.7%, 88.2%)
08/09 01:11:22午前 evaluateCell_trainer.py:199 [INFO] Valid: Epoch: [35][78/79]	Step 25344	Loss 1.4421	Prec@(1,5) (61.7%, 87.8%)
08/09 01:11:22午前 evaluateCell_trainer.py:206 [INFO] Valid: [ 35/99] Final Prec@1 61.7600%
08/09 01:11:23午前 evaluateCell_main.py:75 [INFO] Until now, best Prec@1 = 61.7600%
08/09 01:11:50午前 evaluateCell_trainer.py:199 [INFO] Valid: Epoch: [36][50/79]	Step 26048	Loss 1.5163	Prec@(1,5) (60.2%, 86.0%)
08/09 01:11:50午前 evaluateCell_trainer.py:199 [INFO] Valid: Epoch: [36][78/79]	Step 26048	Loss 1.4884	Prec@(1,5) (60.6%, 86.8%)
08/09 01:11:50午前 evaluateCell_trainer.py:206 [INFO] Valid: [ 36/99] Final Prec@1 60.6000%
08/09 01:11:50午前 evaluateCell_main.py:75 [INFO] Until now, best Prec@1 = 61.7600%
08/09 01:12:19午前 evaluateCell_trainer.py:199 [INFO] Valid: Epoch: [37][50/79]	Step 26752	Loss 1.5118	Prec@(1,5) (61.4%, 87.2%)
08/09 01:12:19午前 evaluateCell_trainer.py:199 [INFO] Valid: Epoch: [37][78/79]	Step 26752	Loss 1.5325	Prec@(1,5) (60.9%, 86.8%)
08/09 01:12:19午前 evaluateCell_trainer.py:206 [INFO] Valid: [ 37/99] Final Prec@1 60.9200%
08/09 01:12:19午前 evaluateCell_main.py:75 [INFO] Until now, best Prec@1 = 61.7600%
08/09 01:12:47午前 evaluateCell_trainer.py:199 [INFO] Valid: Epoch: [38][50/79]	Step 27456	Loss 1.4203	Prec@(1,5) (62.3%, 88.0%)
08/09 01:12:48午前 evaluateCell_trainer.py:199 [INFO] Valid: Epoch: [38][78/79]	Step 27456	Loss 1.4414	Prec@(1,5) (61.9%, 87.7%)
08/09 01:12:48午前 evaluateCell_trainer.py:206 [INFO] Valid: [ 38/99] Final Prec@1 61.8600%
08/09 01:12:48午前 evaluateCell_main.py:75 [INFO] Until now, best Prec@1 = 61.8600%
08/09 01:13:16午前 evaluateCell_trainer.py:199 [INFO] Valid: Epoch: [39][50/79]	Step 28160	Loss 1.4417	Prec@(1,5) (61.5%, 87.9%)
08/09 01:13:16午前 evaluateCell_trainer.py:199 [INFO] Valid: Epoch: [39][78/79]	Step 28160	Loss 1.4722	Prec@(1,5) (61.2%, 87.5%)
08/09 01:13:16午前 evaluateCell_trainer.py:206 [INFO] Valid: [ 39/99] Final Prec@1 61.1600%
08/09 01:13:16午前 evaluateCell_main.py:75 [INFO] Until now, best Prec@1 = 61.8600%
08/09 01:13:45午前 evaluateCell_trainer.py:199 [INFO] Valid: Epoch: [40][50/79]	Step 28864	Loss 1.4715	Prec@(1,5) (61.3%, 87.9%)
08/09 01:13:45午前 evaluateCell_trainer.py:199 [INFO] Valid: Epoch: [40][78/79]	Step 28864	Loss 1.4687	Prec@(1,5) (61.3%, 87.9%)
08/09 01:13:45午前 evaluateCell_trainer.py:206 [INFO] Valid: [ 40/99] Final Prec@1 61.2200%
08/09 01:13:45午前 evaluateCell_main.py:75 [INFO] Until now, best Prec@1 = 61.8600%
08/09 01:14:13午前 evaluateCell_trainer.py:199 [INFO] Valid: Epoch: [41][50/79]	Step 29568	Loss 1.4750	Prec@(1,5) (62.0%, 87.4%)
08/09 01:14:14午前 evaluateCell_trainer.py:199 [INFO] Valid: Epoch: [41][78/79]	Step 29568	Loss 1.4710	Prec@(1,5) (61.6%, 87.5%)
08/09 01:14:14午前 evaluateCell_trainer.py:206 [INFO] Valid: [ 41/99] Final Prec@1 61.6400%
08/09 01:14:14午前 evaluateCell_main.py:75 [INFO] Until now, best Prec@1 = 61.8600%
08/09 01:14:42午前 evaluateCell_trainer.py:199 [INFO] Valid: Epoch: [42][50/79]	Step 30272	Loss 1.4787	Prec@(1,5) (61.3%, 88.2%)
08/09 01:14:42午前 evaluateCell_trainer.py:199 [INFO] Valid: Epoch: [42][78/79]	Step 30272	Loss 1.4617	Prec@(1,5) (61.7%, 88.3%)
08/09 01:14:42午前 evaluateCell_trainer.py:206 [INFO] Valid: [ 42/99] Final Prec@1 61.7400%
08/09 01:14:42午前 evaluateCell_main.py:75 [INFO] Until now, best Prec@1 = 61.8600%
08/09 01:15:11午前 evaluateCell_trainer.py:199 [INFO] Valid: Epoch: [43][50/79]	Step 30976	Loss 1.4502	Prec@(1,5) (62.3%, 88.4%)
08/09 01:15:11午前 evaluateCell_trainer.py:199 [INFO] Valid: Epoch: [43][78/79]	Step 30976	Loss 1.4641	Prec@(1,5) (62.1%, 87.8%)
08/09 01:15:11午前 evaluateCell_trainer.py:206 [INFO] Valid: [ 43/99] Final Prec@1 62.1000%
08/09 01:15:11午前 evaluateCell_main.py:75 [INFO] Until now, best Prec@1 = 62.1000%
08/09 01:15:39午前 evaluateCell_trainer.py:199 [INFO] Valid: Epoch: [44][50/79]	Step 31680	Loss 1.5469	Prec@(1,5) (60.5%, 86.6%)
08/09 01:15:40午前 evaluateCell_trainer.py:199 [INFO] Valid: Epoch: [44][78/79]	Step 31680	Loss 1.5085	Prec@(1,5) (61.3%, 87.2%)
08/09 01:15:40午前 evaluateCell_trainer.py:206 [INFO] Valid: [ 44/99] Final Prec@1 61.3200%
08/09 01:15:40午前 evaluateCell_main.py:75 [INFO] Until now, best Prec@1 = 62.1000%
08/09 01:16:08午前 evaluateCell_trainer.py:199 [INFO] Valid: Epoch: [45][50/79]	Step 32384	Loss 1.4890	Prec@(1,5) (62.3%, 87.6%)
08/09 01:16:08午前 evaluateCell_trainer.py:199 [INFO] Valid: Epoch: [45][78/79]	Step 32384	Loss 1.4526	Prec@(1,5) (62.4%, 87.9%)
08/09 01:16:08午前 evaluateCell_trainer.py:206 [INFO] Valid: [ 45/99] Final Prec@1 62.4000%
08/09 01:16:08午前 evaluateCell_main.py:75 [INFO] Until now, best Prec@1 = 62.4000%
08/09 01:16:37午前 evaluateCell_trainer.py:199 [INFO] Valid: Epoch: [46][50/79]	Step 33088	Loss 1.4225	Prec@(1,5) (63.1%, 88.9%)
08/09 01:16:37午前 evaluateCell_trainer.py:199 [INFO] Valid: Epoch: [46][78/79]	Step 33088	Loss 1.4253	Prec@(1,5) (63.4%, 88.7%)
08/09 01:16:37午前 evaluateCell_trainer.py:206 [INFO] Valid: [ 46/99] Final Prec@1 63.4200%
08/09 01:16:37午前 evaluateCell_main.py:75 [INFO] Until now, best Prec@1 = 63.4200%
08/09 01:17:05午前 evaluateCell_trainer.py:199 [INFO] Valid: Epoch: [47][50/79]	Step 33792	Loss 1.4211	Prec@(1,5) (63.8%, 88.1%)
08/09 01:17:06午前 evaluateCell_trainer.py:199 [INFO] Valid: Epoch: [47][78/79]	Step 33792	Loss 1.4065	Prec@(1,5) (64.0%, 88.6%)
08/09 01:17:06午前 evaluateCell_trainer.py:206 [INFO] Valid: [ 47/99] Final Prec@1 64.0000%
08/09 01:17:06午前 evaluateCell_main.py:75 [INFO] Until now, best Prec@1 = 64.0000%
08/09 01:17:34午前 evaluateCell_trainer.py:199 [INFO] Valid: Epoch: [48][50/79]	Step 34496	Loss 1.3803	Prec@(1,5) (64.6%, 88.2%)
08/09 01:17:34午前 evaluateCell_trainer.py:199 [INFO] Valid: Epoch: [48][78/79]	Step 34496	Loss 1.4171	Prec@(1,5) (64.1%, 88.1%)
08/09 01:17:34午前 evaluateCell_trainer.py:206 [INFO] Valid: [ 48/99] Final Prec@1 64.0800%
08/09 01:17:34午前 evaluateCell_main.py:75 [INFO] Until now, best Prec@1 = 64.0800%
08/09 01:18:01午前 evaluateCell_trainer.py:199 [INFO] Valid: Epoch: [49][50/79]	Step 35200	Loss 1.4873	Prec@(1,5) (62.8%, 88.4%)
08/09 01:18:02午前 evaluateCell_trainer.py:199 [INFO] Valid: Epoch: [49][78/79]	Step 35200	Loss 1.4762	Prec@(1,5) (63.0%, 88.2%)
08/09 01:18:02午前 evaluateCell_trainer.py:206 [INFO] Valid: [ 49/99] Final Prec@1 63.0200%
08/09 01:18:02午前 evaluateCell_main.py:75 [INFO] Until now, best Prec@1 = 64.0800%
08/09 01:18:30午前 evaluateCell_trainer.py:199 [INFO] Valid: Epoch: [50][50/79]	Step 35904	Loss 1.4796	Prec@(1,5) (62.5%, 87.8%)
08/09 01:18:30午前 evaluateCell_trainer.py:199 [INFO] Valid: Epoch: [50][78/79]	Step 35904	Loss 1.4561	Prec@(1,5) (63.3%, 87.8%)
08/09 01:18:30午前 evaluateCell_trainer.py:206 [INFO] Valid: [ 50/99] Final Prec@1 63.2800%
08/09 01:18:30午前 evaluateCell_main.py:75 [INFO] Until now, best Prec@1 = 64.0800%
08/09 01:18:59午前 evaluateCell_trainer.py:199 [INFO] Valid: Epoch: [51][50/79]	Step 36608	Loss 1.4407	Prec@(1,5) (63.9%, 88.3%)
08/09 01:18:59午前 evaluateCell_trainer.py:199 [INFO] Valid: Epoch: [51][78/79]	Step 36608	Loss 1.4345	Prec@(1,5) (63.8%, 88.6%)
08/09 01:18:59午前 evaluateCell_trainer.py:206 [INFO] Valid: [ 51/99] Final Prec@1 63.8400%
08/09 01:18:59午前 evaluateCell_main.py:75 [INFO] Until now, best Prec@1 = 64.0800%
08/09 01:19:28午前 evaluateCell_trainer.py:199 [INFO] Valid: Epoch: [52][50/79]	Step 37312	Loss 1.4898	Prec@(1,5) (62.6%, 87.7%)
08/09 01:19:28午前 evaluateCell_trainer.py:199 [INFO] Valid: Epoch: [52][78/79]	Step 37312	Loss 1.4931	Prec@(1,5) (62.7%, 87.6%)
08/09 01:19:28午前 evaluateCell_trainer.py:206 [INFO] Valid: [ 52/99] Final Prec@1 62.6200%
08/09 01:19:28午前 evaluateCell_main.py:75 [INFO] Until now, best Prec@1 = 64.0800%
08/09 01:19:56午前 evaluateCell_trainer.py:199 [INFO] Valid: Epoch: [53][50/79]	Step 38016	Loss 1.4968	Prec@(1,5) (63.4%, 86.9%)
08/09 01:19:57午前 evaluateCell_trainer.py:199 [INFO] Valid: Epoch: [53][78/79]	Step 38016	Loss 1.5141	Prec@(1,5) (63.1%, 87.0%)
08/09 01:19:57午前 evaluateCell_trainer.py:206 [INFO] Valid: [ 53/99] Final Prec@1 63.1200%
08/09 01:19:57午前 evaluateCell_main.py:75 [INFO] Until now, best Prec@1 = 64.0800%
08/09 01:20:25午前 evaluateCell_trainer.py:199 [INFO] Valid: Epoch: [54][50/79]	Step 38720	Loss 1.4715	Prec@(1,5) (63.0%, 88.2%)
08/09 01:20:25午前 evaluateCell_trainer.py:199 [INFO] Valid: Epoch: [54][78/79]	Step 38720	Loss 1.4754	Prec@(1,5) (62.9%, 87.9%)
08/09 01:20:25午前 evaluateCell_trainer.py:206 [INFO] Valid: [ 54/99] Final Prec@1 62.9000%
08/09 01:20:25午前 evaluateCell_main.py:75 [INFO] Until now, best Prec@1 = 64.0800%
08/09 01:20:53午前 evaluateCell_trainer.py:199 [INFO] Valid: Epoch: [55][50/79]	Step 39424	Loss 1.4358	Prec@(1,5) (64.0%, 88.6%)
08/09 01:20:54午前 evaluateCell_trainer.py:199 [INFO] Valid: Epoch: [55][78/79]	Step 39424	Loss 1.4175	Prec@(1,5) (64.4%, 88.7%)
08/09 01:20:54午前 evaluateCell_trainer.py:206 [INFO] Valid: [ 55/99] Final Prec@1 64.4200%
08/09 01:20:54午前 evaluateCell_main.py:75 [INFO] Until now, best Prec@1 = 64.4200%
08/09 01:21:22午前 evaluateCell_trainer.py:199 [INFO] Valid: Epoch: [56][50/79]	Step 40128	Loss 1.4255	Prec@(1,5) (65.6%, 89.2%)
08/09 01:21:23午前 evaluateCell_trainer.py:199 [INFO] Valid: Epoch: [56][78/79]	Step 40128	Loss 1.4455	Prec@(1,5) (65.3%, 88.9%)
08/09 01:21:23午前 evaluateCell_trainer.py:206 [INFO] Valid: [ 56/99] Final Prec@1 65.3000%
08/09 01:21:23午前 evaluateCell_main.py:75 [INFO] Until now, best Prec@1 = 65.3000%
08/09 01:21:50午前 evaluateCell_trainer.py:199 [INFO] Valid: Epoch: [57][50/79]	Step 40832	Loss 1.4305	Prec@(1,5) (64.3%, 88.8%)
08/09 01:21:51午前 evaluateCell_trainer.py:199 [INFO] Valid: Epoch: [57][78/79]	Step 40832	Loss 1.4327	Prec@(1,5) (64.5%, 88.9%)
08/09 01:21:51午前 evaluateCell_trainer.py:206 [INFO] Valid: [ 57/99] Final Prec@1 64.5000%
08/09 01:21:51午前 evaluateCell_main.py:75 [INFO] Until now, best Prec@1 = 65.3000%
08/09 01:22:19午前 evaluateCell_trainer.py:199 [INFO] Valid: Epoch: [58][50/79]	Step 41536	Loss 1.4143	Prec@(1,5) (65.2%, 89.2%)
08/09 01:22:19午前 evaluateCell_trainer.py:199 [INFO] Valid: Epoch: [58][78/79]	Step 41536	Loss 1.4343	Prec@(1,5) (65.3%, 89.5%)
08/09 01:22:19午前 evaluateCell_trainer.py:206 [INFO] Valid: [ 58/99] Final Prec@1 65.3000%
08/09 01:22:19午前 evaluateCell_main.py:75 [INFO] Until now, best Prec@1 = 65.3000%
08/09 01:22:47午前 evaluateCell_trainer.py:199 [INFO] Valid: Epoch: [59][50/79]	Step 42240	Loss 1.4503	Prec@(1,5) (65.1%, 89.3%)
08/09 01:22:48午前 evaluateCell_trainer.py:199 [INFO] Valid: Epoch: [59][78/79]	Step 42240	Loss 1.4451	Prec@(1,5) (65.1%, 89.2%)
08/09 01:22:48午前 evaluateCell_trainer.py:206 [INFO] Valid: [ 59/99] Final Prec@1 65.1000%
08/09 01:22:48午前 evaluateCell_main.py:75 [INFO] Until now, best Prec@1 = 65.3000%
08/09 01:23:16午前 evaluateCell_trainer.py:199 [INFO] Valid: Epoch: [60][50/79]	Step 42944	Loss 1.3898	Prec@(1,5) (66.5%, 89.3%)
08/09 01:23:16午前 evaluateCell_trainer.py:199 [INFO] Valid: Epoch: [60][78/79]	Step 42944	Loss 1.3796	Prec@(1,5) (66.6%, 89.3%)
08/09 01:23:16午前 evaluateCell_trainer.py:206 [INFO] Valid: [ 60/99] Final Prec@1 66.6400%
08/09 01:23:17午前 evaluateCell_main.py:75 [INFO] Until now, best Prec@1 = 66.6400%
08/09 01:23:45午前 evaluateCell_trainer.py:199 [INFO] Valid: Epoch: [61][50/79]	Step 43648	Loss 1.3987	Prec@(1,5) (65.7%, 89.7%)
08/09 01:23:45午前 evaluateCell_trainer.py:199 [INFO] Valid: Epoch: [61][78/79]	Step 43648	Loss 1.3963	Prec@(1,5) (66.2%, 89.4%)
08/09 01:23:45午前 evaluateCell_trainer.py:206 [INFO] Valid: [ 61/99] Final Prec@1 66.2000%
08/09 01:23:45午前 evaluateCell_main.py:75 [INFO] Until now, best Prec@1 = 66.6400%
08/09 01:24:14午前 evaluateCell_trainer.py:199 [INFO] Valid: Epoch: [62][50/79]	Step 44352	Loss 1.3301	Prec@(1,5) (66.9%, 90.6%)
08/09 01:24:14午前 evaluateCell_trainer.py:199 [INFO] Valid: Epoch: [62][78/79]	Step 44352	Loss 1.3564	Prec@(1,5) (66.0%, 90.2%)
08/09 01:24:14午前 evaluateCell_trainer.py:206 [INFO] Valid: [ 62/99] Final Prec@1 66.0400%
08/09 01:24:14午前 evaluateCell_main.py:75 [INFO] Until now, best Prec@1 = 66.6400%
08/09 01:24:42午前 evaluateCell_trainer.py:199 [INFO] Valid: Epoch: [63][50/79]	Step 45056	Loss 1.3748	Prec@(1,5) (66.6%, 89.6%)
08/09 01:24:43午前 evaluateCell_trainer.py:199 [INFO] Valid: Epoch: [63][78/79]	Step 45056	Loss 1.3805	Prec@(1,5) (66.5%, 89.5%)
08/09 01:24:43午前 evaluateCell_trainer.py:206 [INFO] Valid: [ 63/99] Final Prec@1 66.4600%
08/09 01:24:43午前 evaluateCell_main.py:75 [INFO] Until now, best Prec@1 = 66.6400%
08/09 01:25:11午前 evaluateCell_trainer.py:199 [INFO] Valid: Epoch: [64][50/79]	Step 45760	Loss 1.3563	Prec@(1,5) (67.7%, 89.9%)
08/09 01:25:11午前 evaluateCell_trainer.py:199 [INFO] Valid: Epoch: [64][78/79]	Step 45760	Loss 1.3509	Prec@(1,5) (67.1%, 90.0%)
08/09 01:25:12午前 evaluateCell_trainer.py:206 [INFO] Valid: [ 64/99] Final Prec@1 67.1200%
08/09 01:25:12午前 evaluateCell_main.py:75 [INFO] Until now, best Prec@1 = 67.1200%
08/09 01:25:40午前 evaluateCell_trainer.py:199 [INFO] Valid: Epoch: [65][50/79]	Step 46464	Loss 1.4207	Prec@(1,5) (65.5%, 90.4%)
08/09 01:25:40午前 evaluateCell_trainer.py:199 [INFO] Valid: Epoch: [65][78/79]	Step 46464	Loss 1.4341	Prec@(1,5) (65.6%, 90.3%)
08/09 01:25:40午前 evaluateCell_trainer.py:206 [INFO] Valid: [ 65/99] Final Prec@1 65.6400%
08/09 01:25:40午前 evaluateCell_main.py:75 [INFO] Until now, best Prec@1 = 67.1200%
08/09 01:26:09午前 evaluateCell_trainer.py:199 [INFO] Valid: Epoch: [66][50/79]	Step 47168	Loss 1.3977	Prec@(1,5) (67.8%, 89.0%)
08/09 01:26:09午前 evaluateCell_trainer.py:199 [INFO] Valid: Epoch: [66][78/79]	Step 47168	Loss 1.3528	Prec@(1,5) (68.1%, 89.6%)
08/09 01:26:09午前 evaluateCell_trainer.py:206 [INFO] Valid: [ 66/99] Final Prec@1 68.1400%
08/09 01:26:09午前 evaluateCell_main.py:75 [INFO] Until now, best Prec@1 = 68.1400%
08/09 01:26:37午前 evaluateCell_trainer.py:199 [INFO] Valid: Epoch: [67][50/79]	Step 47872	Loss 1.3768	Prec@(1,5) (67.3%, 90.4%)
08/09 01:26:38午前 evaluateCell_trainer.py:199 [INFO] Valid: Epoch: [67][78/79]	Step 47872	Loss 1.3828	Prec@(1,5) (66.9%, 90.2%)
08/09 01:26:38午前 evaluateCell_trainer.py:206 [INFO] Valid: [ 67/99] Final Prec@1 66.8600%
08/09 01:26:38午前 evaluateCell_main.py:75 [INFO] Until now, best Prec@1 = 68.1400%
08/09 01:27:06午前 evaluateCell_trainer.py:199 [INFO] Valid: Epoch: [68][50/79]	Step 48576	Loss 1.3430	Prec@(1,5) (68.1%, 90.0%)
08/09 01:27:06午前 evaluateCell_trainer.py:199 [INFO] Valid: Epoch: [68][78/79]	Step 48576	Loss 1.3503	Prec@(1,5) (67.7%, 90.1%)
08/09 01:27:06午前 evaluateCell_trainer.py:206 [INFO] Valid: [ 68/99] Final Prec@1 67.6600%
08/09 01:27:06午前 evaluateCell_main.py:75 [INFO] Until now, best Prec@1 = 68.1400%
08/09 01:27:35午前 evaluateCell_trainer.py:199 [INFO] Valid: Epoch: [69][50/79]	Step 49280	Loss 1.4234	Prec@(1,5) (68.0%, 89.6%)
08/09 01:27:35午前 evaluateCell_trainer.py:199 [INFO] Valid: Epoch: [69][78/79]	Step 49280	Loss 1.3794	Prec@(1,5) (67.7%, 90.1%)
08/09 01:27:35午前 evaluateCell_trainer.py:206 [INFO] Valid: [ 69/99] Final Prec@1 67.6800%
08/09 01:27:35午前 evaluateCell_main.py:75 [INFO] Until now, best Prec@1 = 68.1400%
08/09 01:28:03午前 evaluateCell_trainer.py:199 [INFO] Valid: Epoch: [70][50/79]	Step 49984	Loss 1.3408	Prec@(1,5) (68.3%, 90.8%)
08/09 01:28:04午前 evaluateCell_trainer.py:199 [INFO] Valid: Epoch: [70][78/79]	Step 49984	Loss 1.3577	Prec@(1,5) (67.7%, 90.5%)
08/09 01:28:04午前 evaluateCell_trainer.py:206 [INFO] Valid: [ 70/99] Final Prec@1 67.6400%
08/09 01:28:04午前 evaluateCell_main.py:75 [INFO] Until now, best Prec@1 = 68.1400%
08/09 01:28:32午前 evaluateCell_trainer.py:199 [INFO] Valid: Epoch: [71][50/79]	Step 50688	Loss 1.3562	Prec@(1,5) (68.0%, 90.6%)
08/09 01:28:32午前 evaluateCell_trainer.py:199 [INFO] Valid: Epoch: [71][78/79]	Step 50688	Loss 1.3484	Prec@(1,5) (68.5%, 90.5%)
08/09 01:28:32午前 evaluateCell_trainer.py:206 [INFO] Valid: [ 71/99] Final Prec@1 68.5400%
08/09 01:28:32午前 evaluateCell_main.py:75 [INFO] Until now, best Prec@1 = 68.5400%
08/09 01:29:01午前 evaluateCell_trainer.py:199 [INFO] Valid: Epoch: [72][50/79]	Step 51392	Loss 1.3617	Prec@(1,5) (68.4%, 90.7%)
08/09 01:29:01午前 evaluateCell_trainer.py:199 [INFO] Valid: Epoch: [72][78/79]	Step 51392	Loss 1.3737	Prec@(1,5) (67.9%, 90.5%)
08/09 01:29:01午前 evaluateCell_trainer.py:206 [INFO] Valid: [ 72/99] Final Prec@1 68.0000%
08/09 01:29:01午前 evaluateCell_main.py:75 [INFO] Until now, best Prec@1 = 68.5400%
08/09 01:29:29午前 evaluateCell_trainer.py:199 [INFO] Valid: Epoch: [73][50/79]	Step 52096	Loss 1.3328	Prec@(1,5) (69.6%, 90.5%)
08/09 01:29:30午前 evaluateCell_trainer.py:199 [INFO] Valid: Epoch: [73][78/79]	Step 52096	Loss 1.3512	Prec@(1,5) (68.6%, 90.2%)
08/09 01:29:30午前 evaluateCell_trainer.py:206 [INFO] Valid: [ 73/99] Final Prec@1 68.5800%
08/09 01:29:30午前 evaluateCell_main.py:75 [INFO] Until now, best Prec@1 = 68.5800%
08/09 01:29:58午前 evaluateCell_trainer.py:199 [INFO] Valid: Epoch: [74][50/79]	Step 52800	Loss 1.3569	Prec@(1,5) (68.5%, 90.7%)
08/09 01:29:58午前 evaluateCell_trainer.py:199 [INFO] Valid: Epoch: [74][78/79]	Step 52800	Loss 1.3502	Prec@(1,5) (67.8%, 90.7%)
08/09 01:29:58午前 evaluateCell_trainer.py:206 [INFO] Valid: [ 74/99] Final Prec@1 67.8000%
08/09 01:29:58午前 evaluateCell_main.py:75 [INFO] Until now, best Prec@1 = 68.5800%
08/09 01:30:26午前 evaluateCell_trainer.py:199 [INFO] Valid: Epoch: [75][50/79]	Step 53504	Loss 1.3857	Prec@(1,5) (67.8%, 90.0%)
08/09 01:30:27午前 evaluateCell_trainer.py:199 [INFO] Valid: Epoch: [75][78/79]	Step 53504	Loss 1.3613	Prec@(1,5) (68.3%, 90.1%)
08/09 01:30:27午前 evaluateCell_trainer.py:206 [INFO] Valid: [ 75/99] Final Prec@1 68.2800%
08/09 01:30:27午前 evaluateCell_main.py:75 [INFO] Until now, best Prec@1 = 68.5800%
08/09 01:30:54午前 evaluateCell_trainer.py:199 [INFO] Valid: Epoch: [76][50/79]	Step 54208	Loss 1.3708	Prec@(1,5) (69.1%, 90.2%)
08/09 01:30:55午前 evaluateCell_trainer.py:199 [INFO] Valid: Epoch: [76][78/79]	Step 54208	Loss 1.3654	Prec@(1,5) (69.0%, 90.5%)
08/09 01:30:55午前 evaluateCell_trainer.py:206 [INFO] Valid: [ 76/99] Final Prec@1 68.9800%
08/09 01:30:55午前 evaluateCell_main.py:75 [INFO] Until now, best Prec@1 = 68.9800%
08/09 01:31:22午前 evaluateCell_trainer.py:199 [INFO] Valid: Epoch: [77][50/79]	Step 54912	Loss 1.3071	Prec@(1,5) (70.1%, 91.2%)
08/09 01:31:22午前 evaluateCell_trainer.py:199 [INFO] Valid: Epoch: [77][78/79]	Step 54912	Loss 1.3383	Prec@(1,5) (69.4%, 90.7%)
08/09 01:31:22午前 evaluateCell_trainer.py:206 [INFO] Valid: [ 77/99] Final Prec@1 69.4000%
08/09 01:31:22午前 evaluateCell_main.py:75 [INFO] Until now, best Prec@1 = 69.4000%
08/09 01:31:51午前 evaluateCell_trainer.py:199 [INFO] Valid: Epoch: [78][50/79]	Step 55616	Loss 1.3938	Prec@(1,5) (68.5%, 90.1%)
08/09 01:31:51午前 evaluateCell_trainer.py:199 [INFO] Valid: Epoch: [78][78/79]	Step 55616	Loss 1.3450	Prec@(1,5) (68.9%, 90.6%)
08/09 01:31:51午前 evaluateCell_trainer.py:206 [INFO] Valid: [ 78/99] Final Prec@1 68.8600%
08/09 01:31:51午前 evaluateCell_main.py:75 [INFO] Until now, best Prec@1 = 69.4000%
08/09 01:32:19午前 evaluateCell_trainer.py:199 [INFO] Valid: Epoch: [79][50/79]	Step 56320	Loss 1.3461	Prec@(1,5) (69.2%, 90.5%)
08/09 01:32:20午前 evaluateCell_trainer.py:199 [INFO] Valid: Epoch: [79][78/79]	Step 56320	Loss 1.3211	Prec@(1,5) (69.6%, 91.0%)
08/09 01:32:20午前 evaluateCell_trainer.py:206 [INFO] Valid: [ 79/99] Final Prec@1 69.6200%
08/09 01:32:20午前 evaluateCell_main.py:75 [INFO] Until now, best Prec@1 = 69.6200%
08/09 01:32:48午前 evaluateCell_trainer.py:199 [INFO] Valid: Epoch: [80][50/79]	Step 57024	Loss 1.3726	Prec@(1,5) (68.4%, 90.8%)
08/09 01:32:49午前 evaluateCell_trainer.py:199 [INFO] Valid: Epoch: [80][78/79]	Step 57024	Loss 1.3468	Prec@(1,5) (68.9%, 91.0%)
08/09 01:32:49午前 evaluateCell_trainer.py:206 [INFO] Valid: [ 80/99] Final Prec@1 68.9000%
08/09 01:32:49午前 evaluateCell_main.py:75 [INFO] Until now, best Prec@1 = 69.6200%
08/09 01:33:17午前 evaluateCell_trainer.py:199 [INFO] Valid: Epoch: [81][50/79]	Step 57728	Loss 1.3297	Prec@(1,5) (69.0%, 91.2%)
08/09 01:33:17午前 evaluateCell_trainer.py:199 [INFO] Valid: Epoch: [81][78/79]	Step 57728	Loss 1.3416	Prec@(1,5) (68.9%, 90.7%)
08/09 01:33:17午前 evaluateCell_trainer.py:206 [INFO] Valid: [ 81/99] Final Prec@1 68.9200%
08/09 01:33:17午前 evaluateCell_main.py:75 [INFO] Until now, best Prec@1 = 69.6200%
08/09 01:33:45午前 evaluateCell_trainer.py:199 [INFO] Valid: Epoch: [82][50/79]	Step 58432	Loss 1.3295	Prec@(1,5) (70.1%, 90.7%)
08/09 01:33:45午前 evaluateCell_trainer.py:199 [INFO] Valid: Epoch: [82][78/79]	Step 58432	Loss 1.3343	Prec@(1,5) (70.2%, 90.8%)
08/09 01:33:45午前 evaluateCell_trainer.py:206 [INFO] Valid: [ 82/99] Final Prec@1 70.1600%
08/09 01:33:45午前 evaluateCell_main.py:75 [INFO] Until now, best Prec@1 = 70.1600%
08/09 01:34:12午前 evaluateCell_trainer.py:199 [INFO] Valid: Epoch: [83][50/79]	Step 59136	Loss 1.3245	Prec@(1,5) (70.1%, 91.5%)
08/09 01:34:13午前 evaluateCell_trainer.py:199 [INFO] Valid: Epoch: [83][78/79]	Step 59136	Loss 1.3091	Prec@(1,5) (70.3%, 91.5%)
08/09 01:34:13午前 evaluateCell_trainer.py:206 [INFO] Valid: [ 83/99] Final Prec@1 70.3000%
08/09 01:34:13午前 evaluateCell_main.py:75 [INFO] Until now, best Prec@1 = 70.3000%
08/09 01:34:40午前 evaluateCell_trainer.py:199 [INFO] Valid: Epoch: [84][50/79]	Step 59840	Loss 1.3317	Prec@(1,5) (69.4%, 91.7%)
08/09 01:34:41午前 evaluateCell_trainer.py:199 [INFO] Valid: Epoch: [84][78/79]	Step 59840	Loss 1.3320	Prec@(1,5) (69.5%, 91.5%)
08/09 01:34:41午前 evaluateCell_trainer.py:206 [INFO] Valid: [ 84/99] Final Prec@1 69.5000%
08/09 01:34:41午前 evaluateCell_main.py:75 [INFO] Until now, best Prec@1 = 70.3000%
08/09 01:35:09午前 evaluateCell_trainer.py:199 [INFO] Valid: Epoch: [85][50/79]	Step 60544	Loss 1.3085	Prec@(1,5) (69.7%, 91.5%)
08/09 01:35:10午前 evaluateCell_trainer.py:199 [INFO] Valid: Epoch: [85][78/79]	Step 60544	Loss 1.3377	Prec@(1,5) (69.5%, 91.4%)
08/09 01:35:10午前 evaluateCell_trainer.py:206 [INFO] Valid: [ 85/99] Final Prec@1 69.4000%
08/09 01:35:10午前 evaluateCell_main.py:75 [INFO] Until now, best Prec@1 = 70.3000%
08/09 01:35:37午前 evaluateCell_trainer.py:199 [INFO] Valid: Epoch: [86][50/79]	Step 61248	Loss 1.2981	Prec@(1,5) (70.2%, 92.0%)
08/09 01:35:37午前 evaluateCell_trainer.py:199 [INFO] Valid: Epoch: [86][78/79]	Step 61248	Loss 1.2934	Prec@(1,5) (70.0%, 91.7%)
08/09 01:35:37午前 evaluateCell_trainer.py:206 [INFO] Valid: [ 86/99] Final Prec@1 69.9600%
08/09 01:35:37午前 evaluateCell_main.py:75 [INFO] Until now, best Prec@1 = 70.3000%
08/09 01:36:06午前 evaluateCell_trainer.py:199 [INFO] Valid: Epoch: [87][50/79]	Step 61952	Loss 1.3284	Prec@(1,5) (68.9%, 91.3%)
08/09 01:36:06午前 evaluateCell_trainer.py:199 [INFO] Valid: Epoch: [87][78/79]	Step 61952	Loss 1.3136	Prec@(1,5) (70.0%, 91.7%)
08/09 01:36:06午前 evaluateCell_trainer.py:206 [INFO] Valid: [ 87/99] Final Prec@1 69.9400%
08/09 01:36:06午前 evaluateCell_main.py:75 [INFO] Until now, best Prec@1 = 70.3000%
08/09 01:36:34午前 evaluateCell_trainer.py:199 [INFO] Valid: Epoch: [88][50/79]	Step 62656	Loss 1.2571	Prec@(1,5) (70.1%, 92.0%)
08/09 01:36:35午前 evaluateCell_trainer.py:199 [INFO] Valid: Epoch: [88][78/79]	Step 62656	Loss 1.2936	Prec@(1,5) (70.1%, 91.8%)
08/09 01:36:35午前 evaluateCell_trainer.py:206 [INFO] Valid: [ 88/99] Final Prec@1 70.1400%
08/09 01:36:35午前 evaluateCell_main.py:75 [INFO] Until now, best Prec@1 = 70.3000%
08/09 01:37:03午前 evaluateCell_trainer.py:199 [INFO] Valid: Epoch: [89][50/79]	Step 63360	Loss 1.3311	Prec@(1,5) (69.6%, 91.8%)
08/09 01:37:03午前 evaluateCell_trainer.py:199 [INFO] Valid: Epoch: [89][78/79]	Step 63360	Loss 1.3306	Prec@(1,5) (70.1%, 91.5%)
08/09 01:37:03午前 evaluateCell_trainer.py:206 [INFO] Valid: [ 89/99] Final Prec@1 70.0600%
08/09 01:37:03午前 evaluateCell_main.py:75 [INFO] Until now, best Prec@1 = 70.3000%
08/09 01:37:31午前 evaluateCell_trainer.py:199 [INFO] Valid: Epoch: [90][50/79]	Step 64064	Loss 1.3081	Prec@(1,5) (70.0%, 91.7%)
08/09 01:37:32午前 evaluateCell_trainer.py:199 [INFO] Valid: Epoch: [90][78/79]	Step 64064	Loss 1.3320	Prec@(1,5) (70.2%, 91.5%)
08/09 01:37:32午前 evaluateCell_trainer.py:206 [INFO] Valid: [ 90/99] Final Prec@1 70.2400%
08/09 01:37:32午前 evaluateCell_main.py:75 [INFO] Until now, best Prec@1 = 70.3000%
08/09 01:38:00午前 evaluateCell_trainer.py:199 [INFO] Valid: Epoch: [91][50/79]	Step 64768	Loss 1.3350	Prec@(1,5) (69.4%, 91.6%)
08/09 01:38:01午前 evaluateCell_trainer.py:199 [INFO] Valid: Epoch: [91][78/79]	Step 64768	Loss 1.3323	Prec@(1,5) (70.0%, 91.3%)
08/09 01:38:01午前 evaluateCell_trainer.py:206 [INFO] Valid: [ 91/99] Final Prec@1 69.9800%
08/09 01:38:01午前 evaluateCell_main.py:75 [INFO] Until now, best Prec@1 = 70.3000%
08/09 01:38:29午前 evaluateCell_trainer.py:199 [INFO] Valid: Epoch: [92][50/79]	Step 65472	Loss 1.2755	Prec@(1,5) (71.2%, 92.1%)
08/09 01:38:29午前 evaluateCell_trainer.py:199 [INFO] Valid: Epoch: [92][78/79]	Step 65472	Loss 1.3241	Prec@(1,5) (70.3%, 91.7%)
08/09 01:38:29午前 evaluateCell_trainer.py:206 [INFO] Valid: [ 92/99] Final Prec@1 70.3000%
08/09 01:38:29午前 evaluateCell_main.py:75 [INFO] Until now, best Prec@1 = 70.3000%
08/09 01:38:58午前 evaluateCell_trainer.py:199 [INFO] Valid: Epoch: [93][50/79]	Step 66176	Loss 1.3295	Prec@(1,5) (70.9%, 90.7%)
08/09 01:38:58午前 evaluateCell_trainer.py:199 [INFO] Valid: Epoch: [93][78/79]	Step 66176	Loss 1.3455	Prec@(1,5) (70.5%, 91.1%)
08/09 01:38:58午前 evaluateCell_trainer.py:206 [INFO] Valid: [ 93/99] Final Prec@1 70.4800%
08/09 01:38:58午前 evaluateCell_main.py:75 [INFO] Until now, best Prec@1 = 70.4800%
08/09 01:39:26午前 evaluateCell_trainer.py:199 [INFO] Valid: Epoch: [94][50/79]	Step 66880	Loss 1.3467	Prec@(1,5) (69.8%, 91.3%)
08/09 01:39:27午前 evaluateCell_trainer.py:199 [INFO] Valid: Epoch: [94][78/79]	Step 66880	Loss 1.3304	Prec@(1,5) (70.5%, 91.4%)
08/09 01:39:27午前 evaluateCell_trainer.py:206 [INFO] Valid: [ 94/99] Final Prec@1 70.4800%
08/09 01:39:27午前 evaluateCell_main.py:75 [INFO] Until now, best Prec@1 = 70.4800%
08/09 01:39:55午前 evaluateCell_trainer.py:199 [INFO] Valid: Epoch: [95][50/79]	Step 67584	Loss 1.3033	Prec@(1,5) (70.9%, 92.0%)
08/09 01:39:55午前 evaluateCell_trainer.py:199 [INFO] Valid: Epoch: [95][78/79]	Step 67584	Loss 1.3194	Prec@(1,5) (70.6%, 91.7%)
08/09 01:39:55午前 evaluateCell_trainer.py:206 [INFO] Valid: [ 95/99] Final Prec@1 70.6400%
08/09 01:39:55午前 evaluateCell_main.py:75 [INFO] Until now, best Prec@1 = 70.6400%
08/09 01:40:24午前 evaluateCell_trainer.py:199 [INFO] Valid: Epoch: [96][50/79]	Step 68288	Loss 1.3548	Prec@(1,5) (70.8%, 90.6%)
08/09 01:40:24午前 evaluateCell_trainer.py:199 [INFO] Valid: Epoch: [96][78/79]	Step 68288	Loss 1.3086	Prec@(1,5) (71.1%, 91.3%)
08/09 01:40:24午前 evaluateCell_trainer.py:206 [INFO] Valid: [ 96/99] Final Prec@1 71.0400%
08/09 01:40:24午前 evaluateCell_main.py:75 [INFO] Until now, best Prec@1 = 71.0400%
08/09 01:40:52午前 evaluateCell_trainer.py:199 [INFO] Valid: Epoch: [97][50/79]	Step 68992	Loss 1.3416	Prec@(1,5) (70.0%, 90.7%)
08/09 01:40:53午前 evaluateCell_trainer.py:199 [INFO] Valid: Epoch: [97][78/79]	Step 68992	Loss 1.3232	Prec@(1,5) (70.4%, 91.2%)
08/09 01:40:53午前 evaluateCell_trainer.py:206 [INFO] Valid: [ 97/99] Final Prec@1 70.3600%
08/09 01:40:53午前 evaluateCell_main.py:75 [INFO] Until now, best Prec@1 = 71.0400%
08/09 01:41:21午前 evaluateCell_trainer.py:199 [INFO] Valid: Epoch: [98][50/79]	Step 69696	Loss 1.3433	Prec@(1,5) (70.2%, 91.8%)
08/09 01:41:21午前 evaluateCell_trainer.py:199 [INFO] Valid: Epoch: [98][78/79]	Step 69696	Loss 1.3350	Prec@(1,5) (70.5%, 91.6%)
08/09 01:41:21午前 evaluateCell_trainer.py:206 [INFO] Valid: [ 98/99] Final Prec@1 70.4600%
08/09 01:41:21午前 evaluateCell_main.py:75 [INFO] Until now, best Prec@1 = 71.0400%
08/09 01:41:50午前 evaluateCell_trainer.py:199 [INFO] Valid: Epoch: [99][50/79]	Step 70400	Loss 1.3375	Prec@(1,5) (70.4%, 91.5%)
08/09 01:41:50午前 evaluateCell_trainer.py:199 [INFO] Valid: Epoch: [99][78/79]	Step 70400	Loss 1.3413	Prec@(1,5) (70.2%, 91.6%)
08/09 01:41:50午前 evaluateCell_trainer.py:206 [INFO] Valid: [ 99/99] Final Prec@1 70.1800%
08/09 01:41:50午前 evaluateCell_main.py:75 [INFO] Until now, best Prec@1 = 71.0400%
08/09 01:41:50午前 evaluateCell_main.py:79 [INFO] Final best Prec@1 = 71.0400%
