08/06 06:15:11AM parser.py:28 [INFO] 
08/06 06:15:11AM parser.py:29 [INFO] Parameters:
08/06 06:15:11AM parser.py:31 [INFO] T=1.0
08/06 06:15:11AM parser.py:31 [INFO] ADVANCED=True
08/06 06:15:11AM parser.py:31 [INFO] AUX_WEIGHT=0.4
08/06 06:15:11AM parser.py:31 [INFO] BATCH_SIZE=64
08/06 06:15:11AM parser.py:31 [INFO] CUTOUT_LENGTH=16
08/06 06:15:11AM parser.py:31 [INFO] DATA_PATH=../data/
08/06 06:15:11AM parser.py:31 [INFO] DATASET=cifar100
08/06 06:15:11AM parser.py:31 [INFO] DESCRIPTION=evaluate_arch_only_KD
08/06 06:15:11AM parser.py:31 [INFO] DROP_PATH_PROB=0.2
08/06 06:15:11AM parser.py:31 [INFO] EPOCHS=100
08/06 06:15:11AM parser.py:31 [INFO] EXP_NAME=083129-20240806-061511
08/06 06:15:11AM parser.py:31 [INFO] GENOTYPE=Genotype3(normal1=[[('sep_conv_3x3', 1), ('sep_conv_3x3', 0)], [('sep_conv_3x3', 0), ('sep_conv_3x3', 2)], [('sep_conv_3x3', 1), ('sep_conv_5x5', 3)], [('sep_conv_3x3', 3), ('sep_conv_3x3', 4)]], normal1_concat=range(2, 6), reduce1=[[('sep_conv_3x3', 0), ('sep_conv_5x5', 1)], [('sep_conv_5x5', 0), ('sep_conv_5x5', 1)], [('sep_conv_3x3', 0), ('sep_conv_3x3', 1)], [('sep_conv_3x3', 0), ('sep_conv_5x5', 4)]], reduce1_concat=range(2, 6), normal2=[[('skip_connect', 0), ('sep_conv_5x5', 1)], [('skip_connect', 1), ('skip_connect', 0)], [('skip_connect', 0), ('avg_pool_3x3', 2)], [('skip_connect', 1), ('skip_connect', 2)]], normal2_concat=range(2, 6), reduce2=[[('avg_pool_3x3', 1), ('avg_pool_3x3', 0)], [('avg_pool_3x3', 0), ('skip_connect', 2)], [('skip_connect', 3), ('avg_pool_3x3', 0)], [('skip_connect', 3), ('avg_pool_3x3', 0)]], reduce2_concat=range(2, 6), normal3=[[('skip_connect', 0), ('dil_conv_5x5', 1)], [('skip_connect', 0), ('skip_connect', 2)], [('skip_connect', 0), ('skip_connect', 3)], [('skip_connect', 0), ('skip_connect', 4)]], normal3_concat=range(2, 6))
08/06 06:15:11AM parser.py:31 [INFO] GPUS=[0]
08/06 06:15:11AM parser.py:31 [INFO] GRAD_CLIP=5.0
08/06 06:15:11AM parser.py:31 [INFO] INIT_CHANNELS=32
08/06 06:15:11AM parser.py:31 [INFO] L=1.0
08/06 06:15:11AM parser.py:31 [INFO] LAYERS=20
08/06 06:15:11AM parser.py:31 [INFO] LOGGER=<Logger H-DAS (INFO)>
08/06 06:15:11AM parser.py:31 [INFO] LR=0.025
08/06 06:15:11AM parser.py:31 [INFO] LR_MIN=0.001
08/06 06:15:11AM parser.py:31 [INFO] MOMENTUM=0.9
08/06 06:15:11AM parser.py:31 [INFO] NAME=ONLY_ARCH
08/06 06:15:11AM parser.py:31 [INFO] NONKD=True
08/06 06:15:11AM parser.py:31 [INFO] PATH=results/evaluate_cell_KD/cifar100/ONLY_ARCH/083129-20240806-061511
08/06 06:15:11AM parser.py:31 [INFO] PRINT_FREQ=50
08/06 06:15:11AM parser.py:31 [INFO] RESUME_PATH=None
08/06 06:15:11AM parser.py:31 [INFO] SAVE=083129
08/06 06:15:11AM parser.py:31 [INFO] SEED=0
08/06 06:15:11AM parser.py:31 [INFO] TEACHER_NAME=non
08/06 06:15:11AM parser.py:31 [INFO] TEACHER_PATH=non
08/06 06:15:11AM parser.py:31 [INFO] TRAIN_PORTION=0.9
08/06 06:15:11AM parser.py:31 [INFO] WEIGHT_DECAY=0.0003
08/06 06:15:11AM parser.py:31 [INFO] WORKERS=4
08/06 06:15:11AM parser.py:32 [INFO] 
08/06 06:15:13AM evaluateCell_trainer.py:102 [INFO] --> No loaded checkpoint!
08/06 06:16:16AM evaluateCell_trainer.py:199 [INFO] Valid: Epoch: [0][50/79]	Step 704	Loss 3.6064	Prec@(1,5) (14.2%, 39.4%)
08/06 06:16:17AM evaluateCell_trainer.py:199 [INFO] Valid: Epoch: [0][78/79]	Step 704	Loss 3.5950	Prec@(1,5) (14.4%, 39.8%)
08/06 06:16:17AM evaluateCell_trainer.py:206 [INFO] Valid: [  0/99] Final Prec@1 14.3800%
08/06 06:16:18午前 evaluateCell_main.py:75 [INFO] Until now, best Prec@1 = 14.3800%
08/06 06:17:31午前 evaluateCell_trainer.py:199 [INFO] Valid: Epoch: [1][50/79]	Step 1408	Loss 3.4038	Prec@(1,5) (20.5%, 48.3%)
08/06 06:17:32午前 evaluateCell_trainer.py:199 [INFO] Valid: Epoch: [1][78/79]	Step 1408	Loss 3.4058	Prec@(1,5) (20.5%, 48.7%)
08/06 06:17:32午前 evaluateCell_trainer.py:206 [INFO] Valid: [  1/99] Final Prec@1 20.5000%
08/06 06:17:32午前 evaluateCell_main.py:75 [INFO] Until now, best Prec@1 = 20.5000%
08/06 06:18:46午前 evaluateCell_trainer.py:199 [INFO] Valid: Epoch: [2][50/79]	Step 2112	Loss 2.7861	Prec@(1,5) (29.2%, 61.7%)
08/06 06:18:47午前 evaluateCell_trainer.py:199 [INFO] Valid: Epoch: [2][78/79]	Step 2112	Loss 2.7821	Prec@(1,5) (29.2%, 61.4%)
08/06 06:18:47午前 evaluateCell_trainer.py:206 [INFO] Valid: [  2/99] Final Prec@1 29.2200%
08/06 06:18:47午前 evaluateCell_main.py:75 [INFO] Until now, best Prec@1 = 29.2200%
08/06 06:19:58午前 evaluateCell_trainer.py:199 [INFO] Valid: Epoch: [3][50/79]	Step 2816	Loss 2.5204	Prec@(1,5) (34.4%, 67.3%)
08/06 06:19:59午前 evaluateCell_trainer.py:199 [INFO] Valid: Epoch: [3][78/79]	Step 2816	Loss 2.5059	Prec@(1,5) (34.8%, 67.3%)
08/06 06:19:59午前 evaluateCell_trainer.py:206 [INFO] Valid: [  3/99] Final Prec@1 34.7800%
08/06 06:19:59午前 evaluateCell_main.py:75 [INFO] Until now, best Prec@1 = 34.7800%
08/06 06:21:12午前 evaluateCell_trainer.py:199 [INFO] Valid: Epoch: [4][50/79]	Step 3520	Loss 2.4007	Prec@(1,5) (36.7%, 71.0%)
08/06 06:21:12午前 evaluateCell_trainer.py:199 [INFO] Valid: Epoch: [4][78/79]	Step 3520	Loss 2.4257	Prec@(1,5) (36.7%, 70.2%)
08/06 06:21:12午前 evaluateCell_trainer.py:206 [INFO] Valid: [  4/99] Final Prec@1 36.7400%
08/06 06:21:13午前 evaluateCell_main.py:75 [INFO] Until now, best Prec@1 = 36.7400%
08/06 06:22:25午前 evaluateCell_trainer.py:199 [INFO] Valid: Epoch: [5][50/79]	Step 4224	Loss 2.2769	Prec@(1,5) (38.6%, 72.7%)
08/06 06:22:26午前 evaluateCell_trainer.py:199 [INFO] Valid: Epoch: [5][78/79]	Step 4224	Loss 2.2863	Prec@(1,5) (38.8%, 72.5%)
08/06 06:22:26午前 evaluateCell_trainer.py:206 [INFO] Valid: [  5/99] Final Prec@1 38.7800%
08/06 06:22:26午前 evaluateCell_main.py:75 [INFO] Until now, best Prec@1 = 38.7800%
08/06 06:23:39午前 evaluateCell_trainer.py:199 [INFO] Valid: Epoch: [6][50/79]	Step 4928	Loss 2.2627	Prec@(1,5) (41.6%, 72.2%)
08/06 06:23:39午前 evaluateCell_trainer.py:199 [INFO] Valid: Epoch: [6][78/79]	Step 4928	Loss 2.2588	Prec@(1,5) (41.3%, 72.7%)
08/06 06:23:40午前 evaluateCell_trainer.py:206 [INFO] Valid: [  6/99] Final Prec@1 41.2600%
08/06 06:23:40午前 evaluateCell_main.py:75 [INFO] Until now, best Prec@1 = 41.2600%
08/06 06:24:54午前 evaluateCell_trainer.py:199 [INFO] Valid: Epoch: [7][50/79]	Step 5632	Loss 2.2766	Prec@(1,5) (39.5%, 73.1%)
08/06 06:24:54午前 evaluateCell_trainer.py:199 [INFO] Valid: Epoch: [7][78/79]	Step 5632	Loss 2.3023	Prec@(1,5) (39.0%, 72.5%)
08/06 06:24:54午前 evaluateCell_trainer.py:206 [INFO] Valid: [  7/99] Final Prec@1 38.9600%
08/06 06:24:54午前 evaluateCell_main.py:75 [INFO] Until now, best Prec@1 = 41.2600%
08/06 06:26:08午前 evaluateCell_trainer.py:199 [INFO] Valid: Epoch: [8][50/79]	Step 6336	Loss 1.9566	Prec@(1,5) (46.8%, 78.0%)
08/06 06:26:08午前 evaluateCell_trainer.py:199 [INFO] Valid: Epoch: [8][78/79]	Step 6336	Loss 2.0044	Prec@(1,5) (45.6%, 78.0%)
08/06 06:26:08午前 evaluateCell_trainer.py:206 [INFO] Valid: [  8/99] Final Prec@1 45.5600%
08/06 06:26:09午前 evaluateCell_main.py:75 [INFO] Until now, best Prec@1 = 45.5600%
08/06 06:27:17午前 evaluateCell_trainer.py:199 [INFO] Valid: Epoch: [9][50/79]	Step 7040	Loss 2.0275	Prec@(1,5) (45.9%, 78.2%)
08/06 06:27:17午前 evaluateCell_trainer.py:199 [INFO] Valid: Epoch: [9][78/79]	Step 7040	Loss 2.0113	Prec@(1,5) (46.1%, 77.8%)
08/06 06:27:17午前 evaluateCell_trainer.py:206 [INFO] Valid: [  9/99] Final Prec@1 46.1200%
08/06 06:27:18午前 evaluateCell_main.py:75 [INFO] Until now, best Prec@1 = 46.1200%
08/06 06:28:31午前 evaluateCell_trainer.py:199 [INFO] Valid: Epoch: [10][50/79]	Step 7744	Loss 1.9599	Prec@(1,5) (47.2%, 78.2%)
08/06 06:28:32午前 evaluateCell_trainer.py:199 [INFO] Valid: Epoch: [10][78/79]	Step 7744	Loss 1.9466	Prec@(1,5) (47.9%, 79.0%)
08/06 06:28:32午前 evaluateCell_trainer.py:206 [INFO] Valid: [ 10/99] Final Prec@1 47.8200%
08/06 06:28:32午前 evaluateCell_main.py:75 [INFO] Until now, best Prec@1 = 47.8200%
08/06 06:29:48午前 evaluateCell_trainer.py:199 [INFO] Valid: Epoch: [11][50/79]	Step 8448	Loss 1.9754	Prec@(1,5) (47.3%, 78.2%)
08/06 06:29:49午前 evaluateCell_trainer.py:199 [INFO] Valid: Epoch: [11][78/79]	Step 8448	Loss 1.9830	Prec@(1,5) (47.3%, 78.2%)
08/06 06:29:49午前 evaluateCell_trainer.py:206 [INFO] Valid: [ 11/99] Final Prec@1 47.2800%
08/06 06:29:49午前 evaluateCell_main.py:75 [INFO] Until now, best Prec@1 = 47.8200%
08/06 06:31:01午前 evaluateCell_trainer.py:199 [INFO] Valid: Epoch: [12][50/79]	Step 9152	Loss 1.9427	Prec@(1,5) (48.2%, 80.1%)
08/06 06:31:02午前 evaluateCell_trainer.py:199 [INFO] Valid: Epoch: [12][78/79]	Step 9152	Loss 1.9370	Prec@(1,5) (48.5%, 79.8%)
08/06 06:31:02午前 evaluateCell_trainer.py:206 [INFO] Valid: [ 12/99] Final Prec@1 48.4400%
08/06 06:31:02午前 evaluateCell_main.py:75 [INFO] Until now, best Prec@1 = 48.4400%
08/06 06:32:16午前 evaluateCell_trainer.py:199 [INFO] Valid: Epoch: [13][50/79]	Step 9856	Loss 1.7560	Prec@(1,5) (51.7%, 82.6%)
08/06 06:32:16午前 evaluateCell_trainer.py:199 [INFO] Valid: Epoch: [13][78/79]	Step 9856	Loss 1.7671	Prec@(1,5) (51.4%, 82.5%)
08/06 06:32:16午前 evaluateCell_trainer.py:206 [INFO] Valid: [ 13/99] Final Prec@1 51.3200%
08/06 06:32:16午前 evaluateCell_main.py:75 [INFO] Until now, best Prec@1 = 51.3200%
08/06 06:33:22午前 evaluateCell_trainer.py:199 [INFO] Valid: Epoch: [14][50/79]	Step 10560	Loss 1.8505	Prec@(1,5) (50.0%, 80.7%)
08/06 06:33:23午前 evaluateCell_trainer.py:199 [INFO] Valid: Epoch: [14][78/79]	Step 10560	Loss 1.8369	Prec@(1,5) (50.1%, 80.9%)
08/06 06:33:23午前 evaluateCell_trainer.py:206 [INFO] Valid: [ 14/99] Final Prec@1 50.0600%
08/06 06:33:23午前 evaluateCell_main.py:75 [INFO] Until now, best Prec@1 = 51.3200%
08/06 06:34:39午前 evaluateCell_trainer.py:199 [INFO] Valid: Epoch: [15][50/79]	Step 11264	Loss 1.8094	Prec@(1,5) (50.5%, 81.9%)
08/06 06:34:39午前 evaluateCell_trainer.py:199 [INFO] Valid: Epoch: [15][78/79]	Step 11264	Loss 1.7664	Prec@(1,5) (51.7%, 82.4%)
08/06 06:34:39午前 evaluateCell_trainer.py:206 [INFO] Valid: [ 15/99] Final Prec@1 51.6200%
08/06 06:34:40午前 evaluateCell_main.py:75 [INFO] Until now, best Prec@1 = 51.6200%
08/06 06:35:56午前 evaluateCell_trainer.py:199 [INFO] Valid: Epoch: [16][50/79]	Step 11968	Loss 1.8839	Prec@(1,5) (49.6%, 80.0%)
08/06 06:35:56午前 evaluateCell_trainer.py:199 [INFO] Valid: Epoch: [16][78/79]	Step 11968	Loss 1.8743	Prec@(1,5) (50.4%, 80.1%)
08/06 06:35:56午前 evaluateCell_trainer.py:206 [INFO] Valid: [ 16/99] Final Prec@1 50.3200%
08/06 06:35:56午前 evaluateCell_main.py:75 [INFO] Until now, best Prec@1 = 51.6200%
08/06 06:37:12午前 evaluateCell_trainer.py:199 [INFO] Valid: Epoch: [17][50/79]	Step 12672	Loss 1.7298	Prec@(1,5) (52.9%, 83.1%)
08/06 06:37:13午前 evaluateCell_trainer.py:199 [INFO] Valid: Epoch: [17][78/79]	Step 12672	Loss 1.7424	Prec@(1,5) (52.5%, 82.6%)
08/06 06:37:13午前 evaluateCell_trainer.py:206 [INFO] Valid: [ 17/99] Final Prec@1 52.5000%
08/06 06:37:13午前 evaluateCell_main.py:75 [INFO] Until now, best Prec@1 = 52.5000%
08/06 06:38:23午前 evaluateCell_trainer.py:199 [INFO] Valid: Epoch: [18][50/79]	Step 13376	Loss 1.7477	Prec@(1,5) (52.2%, 82.3%)
08/06 06:38:24午前 evaluateCell_trainer.py:199 [INFO] Valid: Epoch: [18][78/79]	Step 13376	Loss 1.7129	Prec@(1,5) (53.3%, 83.2%)
08/06 06:38:24午前 evaluateCell_trainer.py:206 [INFO] Valid: [ 18/99] Final Prec@1 53.2400%
08/06 06:38:24午前 evaluateCell_main.py:75 [INFO] Until now, best Prec@1 = 53.2400%
08/06 06:39:39午前 evaluateCell_trainer.py:199 [INFO] Valid: Epoch: [19][50/79]	Step 14080	Loss 1.7204	Prec@(1,5) (51.8%, 82.9%)
08/06 06:39:40午前 evaluateCell_trainer.py:199 [INFO] Valid: Epoch: [19][78/79]	Step 14080	Loss 1.7012	Prec@(1,5) (52.3%, 83.2%)
08/06 06:39:40午前 evaluateCell_trainer.py:206 [INFO] Valid: [ 19/99] Final Prec@1 52.3400%
08/06 06:39:40午前 evaluateCell_main.py:75 [INFO] Until now, best Prec@1 = 53.2400%
08/06 06:40:50午前 evaluateCell_trainer.py:199 [INFO] Valid: Epoch: [20][50/79]	Step 14784	Loss 1.8141	Prec@(1,5) (51.7%, 81.7%)
08/06 06:40:51午前 evaluateCell_trainer.py:199 [INFO] Valid: Epoch: [20][78/79]	Step 14784	Loss 1.8087	Prec@(1,5) (52.0%, 82.0%)
08/06 06:40:51午前 evaluateCell_trainer.py:206 [INFO] Valid: [ 20/99] Final Prec@1 52.0400%
08/06 06:40:51午前 evaluateCell_main.py:75 [INFO] Until now, best Prec@1 = 53.2400%
08/06 06:42:06午前 evaluateCell_trainer.py:199 [INFO] Valid: Epoch: [21][50/79]	Step 15488	Loss 1.7352	Prec@(1,5) (53.2%, 83.6%)
08/06 06:42:06午前 evaluateCell_trainer.py:199 [INFO] Valid: Epoch: [21][78/79]	Step 15488	Loss 1.7290	Prec@(1,5) (53.4%, 83.7%)
08/06 06:42:07午前 evaluateCell_trainer.py:206 [INFO] Valid: [ 21/99] Final Prec@1 53.3800%
08/06 06:42:07午前 evaluateCell_main.py:75 [INFO] Until now, best Prec@1 = 53.3800%
08/06 06:43:16午前 evaluateCell_trainer.py:199 [INFO] Valid: Epoch: [22][50/79]	Step 16192	Loss 1.7173	Prec@(1,5) (52.7%, 83.2%)
08/06 06:43:17午前 evaluateCell_trainer.py:199 [INFO] Valid: Epoch: [22][78/79]	Step 16192	Loss 1.7336	Prec@(1,5) (52.2%, 83.2%)
08/06 06:43:17午前 evaluateCell_trainer.py:206 [INFO] Valid: [ 22/99] Final Prec@1 52.2000%
08/06 06:43:17午前 evaluateCell_main.py:75 [INFO] Until now, best Prec@1 = 53.3800%
08/06 06:44:29午前 evaluateCell_trainer.py:199 [INFO] Valid: Epoch: [23][50/79]	Step 16896	Loss 1.7690	Prec@(1,5) (52.6%, 83.2%)
08/06 06:44:30午前 evaluateCell_trainer.py:199 [INFO] Valid: Epoch: [23][78/79]	Step 16896	Loss 1.7852	Prec@(1,5) (52.7%, 83.5%)
08/06 06:44:30午前 evaluateCell_trainer.py:206 [INFO] Valid: [ 23/99] Final Prec@1 52.7000%
08/06 06:44:30午前 evaluateCell_main.py:75 [INFO] Until now, best Prec@1 = 53.3800%
08/06 06:45:41午前 evaluateCell_trainer.py:199 [INFO] Valid: Epoch: [24][50/79]	Step 17600	Loss 1.7004	Prec@(1,5) (53.3%, 83.6%)
08/06 06:45:42午前 evaluateCell_trainer.py:199 [INFO] Valid: Epoch: [24][78/79]	Step 17600	Loss 1.6684	Prec@(1,5) (54.3%, 84.3%)
08/06 06:45:42午前 evaluateCell_trainer.py:206 [INFO] Valid: [ 24/99] Final Prec@1 54.2400%
08/06 06:45:42午前 evaluateCell_main.py:75 [INFO] Until now, best Prec@1 = 54.2400%
08/06 06:46:55午前 evaluateCell_trainer.py:199 [INFO] Valid: Epoch: [25][50/79]	Step 18304	Loss 1.7027	Prec@(1,5) (54.8%, 83.7%)
08/06 06:46:56午前 evaluateCell_trainer.py:199 [INFO] Valid: Epoch: [25][78/79]	Step 18304	Loss 1.7120	Prec@(1,5) (54.6%, 83.4%)
08/06 06:46:56午前 evaluateCell_trainer.py:206 [INFO] Valid: [ 25/99] Final Prec@1 54.6600%
08/06 06:46:56午前 evaluateCell_main.py:75 [INFO] Until now, best Prec@1 = 54.6600%
08/06 06:48:08午前 evaluateCell_trainer.py:199 [INFO] Valid: Epoch: [26][50/79]	Step 19008	Loss 1.7694	Prec@(1,5) (53.5%, 82.4%)
08/06 06:48:09午前 evaluateCell_trainer.py:199 [INFO] Valid: Epoch: [26][78/79]	Step 19008	Loss 1.7719	Prec@(1,5) (52.9%, 82.5%)
08/06 06:48:09午前 evaluateCell_trainer.py:206 [INFO] Valid: [ 26/99] Final Prec@1 52.9400%
08/06 06:48:10午前 evaluateCell_main.py:75 [INFO] Until now, best Prec@1 = 54.6600%
08/06 06:49:24午前 evaluateCell_trainer.py:199 [INFO] Valid: Epoch: [27][50/79]	Step 19712	Loss 1.6447	Prec@(1,5) (55.9%, 84.1%)
08/06 06:49:24午前 evaluateCell_trainer.py:199 [INFO] Valid: Epoch: [27][78/79]	Step 19712	Loss 1.6554	Prec@(1,5) (55.2%, 84.0%)
08/06 06:49:24午前 evaluateCell_trainer.py:206 [INFO] Valid: [ 27/99] Final Prec@1 55.1600%
08/06 06:49:25午前 evaluateCell_main.py:75 [INFO] Until now, best Prec@1 = 55.1600%
08/06 06:50:40午前 evaluateCell_trainer.py:199 [INFO] Valid: Epoch: [28][50/79]	Step 20416	Loss 1.6046	Prec@(1,5) (56.8%, 85.1%)
08/06 06:50:41午前 evaluateCell_trainer.py:199 [INFO] Valid: Epoch: [28][78/79]	Step 20416	Loss 1.6127	Prec@(1,5) (56.6%, 85.2%)
08/06 06:50:41午前 evaluateCell_trainer.py:206 [INFO] Valid: [ 28/99] Final Prec@1 56.5800%
08/06 06:50:41午前 evaluateCell_main.py:75 [INFO] Until now, best Prec@1 = 56.5800%
08/06 06:51:55午前 evaluateCell_trainer.py:199 [INFO] Valid: Epoch: [29][50/79]	Step 21120	Loss 1.6299	Prec@(1,5) (56.6%, 84.9%)
08/06 06:51:56午前 evaluateCell_trainer.py:199 [INFO] Valid: Epoch: [29][78/79]	Step 21120	Loss 1.6190	Prec@(1,5) (56.6%, 85.2%)
08/06 06:51:56午前 evaluateCell_trainer.py:206 [INFO] Valid: [ 29/99] Final Prec@1 56.5800%
08/06 06:51:56午前 evaluateCell_main.py:75 [INFO] Until now, best Prec@1 = 56.5800%
08/06 06:53:10午前 evaluateCell_trainer.py:199 [INFO] Valid: Epoch: [30][50/79]	Step 21824	Loss 1.6913	Prec@(1,5) (54.2%, 85.1%)
08/06 06:53:11午前 evaluateCell_trainer.py:199 [INFO] Valid: Epoch: [30][78/79]	Step 21824	Loss 1.7263	Prec@(1,5) (54.1%, 84.4%)
08/06 06:53:11午前 evaluateCell_trainer.py:206 [INFO] Valid: [ 30/99] Final Prec@1 54.0800%
08/06 06:53:11午前 evaluateCell_main.py:75 [INFO] Until now, best Prec@1 = 56.5800%
08/06 06:54:23午前 evaluateCell_trainer.py:199 [INFO] Valid: Epoch: [31][50/79]	Step 22528	Loss 1.5687	Prec@(1,5) (56.6%, 86.2%)
08/06 06:54:23午前 evaluateCell_trainer.py:199 [INFO] Valid: Epoch: [31][78/79]	Step 22528	Loss 1.5745	Prec@(1,5) (56.8%, 86.0%)
08/06 06:54:23午前 evaluateCell_trainer.py:206 [INFO] Valid: [ 31/99] Final Prec@1 56.7600%
08/06 06:54:24午前 evaluateCell_main.py:75 [INFO] Until now, best Prec@1 = 56.7600%
08/06 06:55:40午前 evaluateCell_trainer.py:199 [INFO] Valid: Epoch: [32][50/79]	Step 23232	Loss 1.5746	Prec@(1,5) (57.4%, 86.0%)
08/06 06:55:40午前 evaluateCell_trainer.py:199 [INFO] Valid: Epoch: [32][78/79]	Step 23232	Loss 1.5555	Prec@(1,5) (58.1%, 86.3%)
08/06 06:55:40午前 evaluateCell_trainer.py:206 [INFO] Valid: [ 32/99] Final Prec@1 58.0600%
08/06 06:55:41午前 evaluateCell_main.py:75 [INFO] Until now, best Prec@1 = 58.0600%
08/06 06:56:56午前 evaluateCell_trainer.py:199 [INFO] Valid: Epoch: [33][50/79]	Step 23936	Loss 1.5226	Prec@(1,5) (58.2%, 86.7%)
08/06 06:56:57午前 evaluateCell_trainer.py:199 [INFO] Valid: Epoch: [33][78/79]	Step 23936	Loss 1.5095	Prec@(1,5) (58.9%, 87.0%)
08/06 06:56:57午前 evaluateCell_trainer.py:206 [INFO] Valid: [ 33/99] Final Prec@1 58.9000%
08/06 06:56:57午前 evaluateCell_main.py:75 [INFO] Until now, best Prec@1 = 58.9000%
08/06 06:58:12午前 evaluateCell_trainer.py:199 [INFO] Valid: Epoch: [34][50/79]	Step 24640	Loss 1.5118	Prec@(1,5) (57.8%, 86.8%)
08/06 06:58:13午前 evaluateCell_trainer.py:199 [INFO] Valid: Epoch: [34][78/79]	Step 24640	Loss 1.5243	Prec@(1,5) (57.8%, 86.6%)
08/06 06:58:13午前 evaluateCell_trainer.py:206 [INFO] Valid: [ 34/99] Final Prec@1 57.8200%
08/06 06:58:13午前 evaluateCell_main.py:75 [INFO] Until now, best Prec@1 = 58.9000%
08/06 06:59:27午前 evaluateCell_trainer.py:199 [INFO] Valid: Epoch: [35][50/79]	Step 25344	Loss 1.5301	Prec@(1,5) (57.8%, 86.6%)
08/06 06:59:27午前 evaluateCell_trainer.py:199 [INFO] Valid: Epoch: [35][78/79]	Step 25344	Loss 1.5270	Prec@(1,5) (58.1%, 86.3%)
08/06 06:59:28午前 evaluateCell_trainer.py:206 [INFO] Valid: [ 35/99] Final Prec@1 58.1400%
08/06 06:59:28午前 evaluateCell_main.py:75 [INFO] Until now, best Prec@1 = 58.9000%
08/06 07:00:37午前 evaluateCell_trainer.py:199 [INFO] Valid: Epoch: [36][50/79]	Step 26048	Loss 1.5857	Prec@(1,5) (57.5%, 85.5%)
08/06 07:00:37午前 evaluateCell_trainer.py:199 [INFO] Valid: Epoch: [36][78/79]	Step 26048	Loss 1.6261	Prec@(1,5) (56.7%, 84.8%)
08/06 07:00:38午前 evaluateCell_trainer.py:206 [INFO] Valid: [ 36/99] Final Prec@1 56.6600%
08/06 07:00:38午前 evaluateCell_main.py:75 [INFO] Until now, best Prec@1 = 58.9000%
08/06 07:01:51午前 evaluateCell_trainer.py:199 [INFO] Valid: Epoch: [37][50/79]	Step 26752	Loss 1.6241	Prec@(1,5) (56.5%, 85.6%)
08/06 07:01:52午前 evaluateCell_trainer.py:199 [INFO] Valid: Epoch: [37][78/79]	Step 26752	Loss 1.6217	Prec@(1,5) (56.7%, 85.3%)
08/06 07:01:52午前 evaluateCell_trainer.py:206 [INFO] Valid: [ 37/99] Final Prec@1 56.7200%
08/06 07:01:52午前 evaluateCell_main.py:75 [INFO] Until now, best Prec@1 = 58.9000%
08/06 07:03:05午前 evaluateCell_trainer.py:199 [INFO] Valid: Epoch: [38][50/79]	Step 27456	Loss 1.4899	Prec@(1,5) (59.5%, 86.4%)
08/06 07:03:06午前 evaluateCell_trainer.py:199 [INFO] Valid: Epoch: [38][78/79]	Step 27456	Loss 1.4978	Prec@(1,5) (59.6%, 86.0%)
08/06 07:03:06午前 evaluateCell_trainer.py:206 [INFO] Valid: [ 38/99] Final Prec@1 59.6200%
08/06 07:03:06午前 evaluateCell_main.py:75 [INFO] Until now, best Prec@1 = 59.6200%
08/06 07:04:16午前 evaluateCell_trainer.py:199 [INFO] Valid: Epoch: [39][50/79]	Step 28160	Loss 1.5138	Prec@(1,5) (58.6%, 87.2%)
08/06 07:04:16午前 evaluateCell_trainer.py:199 [INFO] Valid: Epoch: [39][78/79]	Step 28160	Loss 1.5124	Prec@(1,5) (58.4%, 87.2%)
08/06 07:04:16午前 evaluateCell_trainer.py:206 [INFO] Valid: [ 39/99] Final Prec@1 58.4000%
08/06 07:04:16午前 evaluateCell_main.py:75 [INFO] Until now, best Prec@1 = 59.6200%
08/06 07:05:27午前 evaluateCell_trainer.py:199 [INFO] Valid: Epoch: [40][50/79]	Step 28864	Loss 1.5062	Prec@(1,5) (59.6%, 86.9%)
08/06 07:05:28午前 evaluateCell_trainer.py:199 [INFO] Valid: Epoch: [40][78/79]	Step 28864	Loss 1.5461	Prec@(1,5) (58.2%, 86.7%)
08/06 07:05:28午前 evaluateCell_trainer.py:206 [INFO] Valid: [ 40/99] Final Prec@1 58.2800%
08/06 07:05:28午前 evaluateCell_main.py:75 [INFO] Until now, best Prec@1 = 59.6200%
08/06 07:06:41午前 evaluateCell_trainer.py:199 [INFO] Valid: Epoch: [41][50/79]	Step 29568	Loss 1.4314	Prec@(1,5) (60.8%, 87.4%)
08/06 07:06:42午前 evaluateCell_trainer.py:199 [INFO] Valid: Epoch: [41][78/79]	Step 29568	Loss 1.4315	Prec@(1,5) (60.5%, 87.8%)
08/06 07:06:42午前 evaluateCell_trainer.py:206 [INFO] Valid: [ 41/99] Final Prec@1 60.5400%
08/06 07:06:42午前 evaluateCell_main.py:75 [INFO] Until now, best Prec@1 = 60.5400%
08/06 07:07:57午前 evaluateCell_trainer.py:199 [INFO] Valid: Epoch: [42][50/79]	Step 30272	Loss 1.5212	Prec@(1,5) (58.6%, 86.7%)
08/06 07:07:58午前 evaluateCell_trainer.py:199 [INFO] Valid: Epoch: [42][78/79]	Step 30272	Loss 1.5022	Prec@(1,5) (59.5%, 87.0%)
08/06 07:07:58午前 evaluateCell_trainer.py:206 [INFO] Valid: [ 42/99] Final Prec@1 59.5000%
08/06 07:07:58午前 evaluateCell_main.py:75 [INFO] Until now, best Prec@1 = 60.5400%
08/06 07:09:12午前 evaluateCell_trainer.py:199 [INFO] Valid: Epoch: [43][50/79]	Step 30976	Loss 1.5018	Prec@(1,5) (60.0%, 86.1%)
08/06 07:09:12午前 evaluateCell_trainer.py:199 [INFO] Valid: Epoch: [43][78/79]	Step 30976	Loss 1.4882	Prec@(1,5) (59.8%, 86.5%)
08/06 07:09:13午前 evaluateCell_trainer.py:206 [INFO] Valid: [ 43/99] Final Prec@1 59.7600%
08/06 07:09:13午前 evaluateCell_main.py:75 [INFO] Until now, best Prec@1 = 60.5400%
08/06 07:10:25午前 evaluateCell_trainer.py:199 [INFO] Valid: Epoch: [44][50/79]	Step 31680	Loss 1.4859	Prec@(1,5) (59.8%, 87.9%)
08/06 07:10:26午前 evaluateCell_trainer.py:199 [INFO] Valid: Epoch: [44][78/79]	Step 31680	Loss 1.4553	Prec@(1,5) (60.7%, 87.9%)
08/06 07:10:26午前 evaluateCell_trainer.py:206 [INFO] Valid: [ 44/99] Final Prec@1 60.7400%
08/06 07:10:27午前 evaluateCell_main.py:75 [INFO] Until now, best Prec@1 = 60.7400%
08/06 07:11:39午前 evaluateCell_trainer.py:199 [INFO] Valid: Epoch: [45][50/79]	Step 32384	Loss 1.4367	Prec@(1,5) (62.3%, 88.0%)
08/06 07:11:40午前 evaluateCell_trainer.py:199 [INFO] Valid: Epoch: [45][78/79]	Step 32384	Loss 1.4698	Prec@(1,5) (61.6%, 87.6%)
08/06 07:11:40午前 evaluateCell_trainer.py:206 [INFO] Valid: [ 45/99] Final Prec@1 61.6200%
08/06 07:11:40午前 evaluateCell_main.py:75 [INFO] Until now, best Prec@1 = 61.6200%
08/06 07:12:51午前 evaluateCell_trainer.py:199 [INFO] Valid: Epoch: [46][50/79]	Step 33088	Loss 1.4837	Prec@(1,5) (59.7%, 86.9%)
08/06 07:12:52午前 evaluateCell_trainer.py:199 [INFO] Valid: Epoch: [46][78/79]	Step 33088	Loss 1.4584	Prec@(1,5) (60.2%, 87.2%)
08/06 07:12:52午前 evaluateCell_trainer.py:206 [INFO] Valid: [ 46/99] Final Prec@1 60.1600%
08/06 07:12:52午前 evaluateCell_main.py:75 [INFO] Until now, best Prec@1 = 61.6200%
08/06 07:14:08午前 evaluateCell_trainer.py:199 [INFO] Valid: Epoch: [47][50/79]	Step 33792	Loss 1.4614	Prec@(1,5) (60.6%, 87.9%)
08/06 07:14:09午前 evaluateCell_trainer.py:199 [INFO] Valid: Epoch: [47][78/79]	Step 33792	Loss 1.4944	Prec@(1,5) (60.1%, 87.4%)
08/06 07:14:09午前 evaluateCell_trainer.py:206 [INFO] Valid: [ 47/99] Final Prec@1 60.1200%
08/06 07:14:09午前 evaluateCell_main.py:75 [INFO] Until now, best Prec@1 = 61.6200%
08/06 07:15:24午前 evaluateCell_trainer.py:199 [INFO] Valid: Epoch: [48][50/79]	Step 34496	Loss 1.4164	Prec@(1,5) (61.8%, 88.2%)
08/06 07:15:24午前 evaluateCell_trainer.py:199 [INFO] Valid: Epoch: [48][78/79]	Step 34496	Loss 1.4428	Prec@(1,5) (61.4%, 87.9%)
08/06 07:15:24午前 evaluateCell_trainer.py:206 [INFO] Valid: [ 48/99] Final Prec@1 61.4800%
08/06 07:15:24午前 evaluateCell_main.py:75 [INFO] Until now, best Prec@1 = 61.6200%
08/06 07:16:41午前 evaluateCell_trainer.py:199 [INFO] Valid: Epoch: [49][50/79]	Step 35200	Loss 1.4321	Prec@(1,5) (61.7%, 88.5%)
08/06 07:16:42午前 evaluateCell_trainer.py:199 [INFO] Valid: Epoch: [49][78/79]	Step 35200	Loss 1.4598	Prec@(1,5) (61.2%, 88.3%)
08/06 07:16:42午前 evaluateCell_trainer.py:206 [INFO] Valid: [ 49/99] Final Prec@1 61.2200%
08/06 07:16:42午前 evaluateCell_main.py:75 [INFO] Until now, best Prec@1 = 61.6200%
08/06 07:17:56午前 evaluateCell_trainer.py:199 [INFO] Valid: Epoch: [50][50/79]	Step 35904	Loss 1.4343	Prec@(1,5) (61.3%, 88.2%)
08/06 07:17:56午前 evaluateCell_trainer.py:199 [INFO] Valid: Epoch: [50][78/79]	Step 35904	Loss 1.4852	Prec@(1,5) (60.3%, 87.4%)
08/06 07:17:56午前 evaluateCell_trainer.py:206 [INFO] Valid: [ 50/99] Final Prec@1 60.4000%
08/06 07:17:56午前 evaluateCell_main.py:75 [INFO] Until now, best Prec@1 = 61.6200%
08/06 07:19:08午前 evaluateCell_trainer.py:199 [INFO] Valid: Epoch: [51][50/79]	Step 36608	Loss 1.3407	Prec@(1,5) (63.2%, 89.2%)
08/06 07:19:09午前 evaluateCell_trainer.py:199 [INFO] Valid: Epoch: [51][78/79]	Step 36608	Loss 1.3507	Prec@(1,5) (63.3%, 89.0%)
08/06 07:19:09午前 evaluateCell_trainer.py:206 [INFO] Valid: [ 51/99] Final Prec@1 63.3400%
08/06 07:19:09午前 evaluateCell_main.py:75 [INFO] Until now, best Prec@1 = 63.3400%
08/06 07:20:21午前 evaluateCell_trainer.py:199 [INFO] Valid: Epoch: [52][50/79]	Step 37312	Loss 1.4011	Prec@(1,5) (62.5%, 88.6%)
08/06 07:20:22午前 evaluateCell_trainer.py:199 [INFO] Valid: Epoch: [52][78/79]	Step 37312	Loss 1.4067	Prec@(1,5) (62.7%, 88.6%)
08/06 07:20:22午前 evaluateCell_trainer.py:206 [INFO] Valid: [ 52/99] Final Prec@1 62.7800%
08/06 07:20:23午前 evaluateCell_main.py:75 [INFO] Until now, best Prec@1 = 63.3400%
08/06 07:21:37午前 evaluateCell_trainer.py:199 [INFO] Valid: Epoch: [53][50/79]	Step 38016	Loss 1.4279	Prec@(1,5) (62.0%, 88.1%)
08/06 07:21:38午前 evaluateCell_trainer.py:199 [INFO] Valid: Epoch: [53][78/79]	Step 38016	Loss 1.4161	Prec@(1,5) (61.9%, 88.8%)
08/06 07:21:38午前 evaluateCell_trainer.py:206 [INFO] Valid: [ 53/99] Final Prec@1 61.9200%
08/06 07:21:38午前 evaluateCell_main.py:75 [INFO] Until now, best Prec@1 = 63.3400%
08/06 07:22:52午前 evaluateCell_trainer.py:199 [INFO] Valid: Epoch: [54][50/79]	Step 38720	Loss 1.3674	Prec@(1,5) (62.7%, 89.0%)
08/06 07:22:53午前 evaluateCell_trainer.py:199 [INFO] Valid: Epoch: [54][78/79]	Step 38720	Loss 1.3761	Prec@(1,5) (62.7%, 89.0%)
08/06 07:22:53午前 evaluateCell_trainer.py:206 [INFO] Valid: [ 54/99] Final Prec@1 62.7000%
08/06 07:22:53午前 evaluateCell_main.py:75 [INFO] Until now, best Prec@1 = 63.3400%
08/06 07:24:08午前 evaluateCell_trainer.py:199 [INFO] Valid: Epoch: [55][50/79]	Step 39424	Loss 1.3954	Prec@(1,5) (62.6%, 88.9%)
08/06 07:24:09午前 evaluateCell_trainer.py:199 [INFO] Valid: Epoch: [55][78/79]	Step 39424	Loss 1.3963	Prec@(1,5) (63.2%, 89.0%)
08/06 07:24:09午前 evaluateCell_trainer.py:206 [INFO] Valid: [ 55/99] Final Prec@1 63.2200%
08/06 07:24:09午前 evaluateCell_main.py:75 [INFO] Until now, best Prec@1 = 63.3400%
08/06 07:25:24午前 evaluateCell_trainer.py:199 [INFO] Valid: Epoch: [56][50/79]	Step 40128	Loss 1.3469	Prec@(1,5) (63.3%, 89.5%)
08/06 07:25:25午前 evaluateCell_trainer.py:199 [INFO] Valid: Epoch: [56][78/79]	Step 40128	Loss 1.3837	Prec@(1,5) (63.2%, 89.3%)
08/06 07:25:25午前 evaluateCell_trainer.py:206 [INFO] Valid: [ 56/99] Final Prec@1 63.2400%
08/06 07:25:25午前 evaluateCell_main.py:75 [INFO] Until now, best Prec@1 = 63.3400%
08/06 07:26:39午前 evaluateCell_trainer.py:199 [INFO] Valid: Epoch: [57][50/79]	Step 40832	Loss 1.3551	Prec@(1,5) (63.9%, 89.5%)
08/06 07:26:39午前 evaluateCell_trainer.py:199 [INFO] Valid: Epoch: [57][78/79]	Step 40832	Loss 1.3420	Prec@(1,5) (63.9%, 89.8%)
08/06 07:26:39午前 evaluateCell_trainer.py:206 [INFO] Valid: [ 57/99] Final Prec@1 63.9000%
08/06 07:26:40午前 evaluateCell_main.py:75 [INFO] Until now, best Prec@1 = 63.9000%
08/06 07:27:55午前 evaluateCell_trainer.py:199 [INFO] Valid: Epoch: [58][50/79]	Step 41536	Loss 1.3814	Prec@(1,5) (64.2%, 88.6%)
08/06 07:27:56午前 evaluateCell_trainer.py:199 [INFO] Valid: Epoch: [58][78/79]	Step 41536	Loss 1.3738	Prec@(1,5) (64.5%, 88.9%)
08/06 07:27:56午前 evaluateCell_trainer.py:206 [INFO] Valid: [ 58/99] Final Prec@1 64.5200%
08/06 07:27:56午前 evaluateCell_main.py:75 [INFO] Until now, best Prec@1 = 64.5200%
08/06 07:29:12午前 evaluateCell_trainer.py:199 [INFO] Valid: Epoch: [59][50/79]	Step 42240	Loss 1.2941	Prec@(1,5) (65.1%, 89.1%)
08/06 07:29:13午前 evaluateCell_trainer.py:199 [INFO] Valid: Epoch: [59][78/79]	Step 42240	Loss 1.3359	Prec@(1,5) (64.2%, 89.2%)
08/06 07:29:13午前 evaluateCell_trainer.py:206 [INFO] Valid: [ 59/99] Final Prec@1 64.2000%
08/06 07:29:13午前 evaluateCell_main.py:75 [INFO] Until now, best Prec@1 = 64.5200%
08/06 07:30:29午前 evaluateCell_trainer.py:199 [INFO] Valid: Epoch: [60][50/79]	Step 42944	Loss 1.3200	Prec@(1,5) (64.2%, 89.7%)
08/06 07:30:30午前 evaluateCell_trainer.py:199 [INFO] Valid: Epoch: [60][78/79]	Step 42944	Loss 1.3303	Prec@(1,5) (64.3%, 89.6%)
08/06 07:30:30午前 evaluateCell_trainer.py:206 [INFO] Valid: [ 60/99] Final Prec@1 64.2800%
08/06 07:30:30午前 evaluateCell_main.py:75 [INFO] Until now, best Prec@1 = 64.5200%
08/06 07:31:44午前 evaluateCell_trainer.py:199 [INFO] Valid: Epoch: [61][50/79]	Step 43648	Loss 1.2871	Prec@(1,5) (65.5%, 89.8%)
08/06 07:31:45午前 evaluateCell_trainer.py:199 [INFO] Valid: Epoch: [61][78/79]	Step 43648	Loss 1.3132	Prec@(1,5) (64.9%, 89.7%)
08/06 07:31:45午前 evaluateCell_trainer.py:206 [INFO] Valid: [ 61/99] Final Prec@1 64.8800%
08/06 07:31:45午前 evaluateCell_main.py:75 [INFO] Until now, best Prec@1 = 64.8800%
08/06 07:33:00午前 evaluateCell_trainer.py:199 [INFO] Valid: Epoch: [62][50/79]	Step 44352	Loss 1.3176	Prec@(1,5) (64.6%, 90.3%)
08/06 07:33:00午前 evaluateCell_trainer.py:199 [INFO] Valid: Epoch: [62][78/79]	Step 44352	Loss 1.3440	Prec@(1,5) (64.3%, 89.9%)
08/06 07:33:01午前 evaluateCell_trainer.py:206 [INFO] Valid: [ 62/99] Final Prec@1 64.4000%
08/06 07:33:01午前 evaluateCell_main.py:75 [INFO] Until now, best Prec@1 = 64.8800%
08/06 07:34:14午前 evaluateCell_trainer.py:199 [INFO] Valid: Epoch: [63][50/79]	Step 45056	Loss 1.3132	Prec@(1,5) (65.0%, 90.2%)
08/06 07:34:15午前 evaluateCell_trainer.py:199 [INFO] Valid: Epoch: [63][78/79]	Step 45056	Loss 1.3289	Prec@(1,5) (65.3%, 89.7%)
08/06 07:34:15午前 evaluateCell_trainer.py:206 [INFO] Valid: [ 63/99] Final Prec@1 65.3800%
08/06 07:34:15午前 evaluateCell_main.py:75 [INFO] Until now, best Prec@1 = 65.3800%
08/06 07:35:23午前 evaluateCell_trainer.py:199 [INFO] Valid: Epoch: [64][50/79]	Step 45760	Loss 1.2759	Prec@(1,5) (65.2%, 91.2%)
08/06 07:35:24午前 evaluateCell_trainer.py:199 [INFO] Valid: Epoch: [64][78/79]	Step 45760	Loss 1.2800	Prec@(1,5) (65.5%, 90.8%)
08/06 07:35:24午前 evaluateCell_trainer.py:206 [INFO] Valid: [ 64/99] Final Prec@1 65.5000%
08/06 07:35:24午前 evaluateCell_main.py:75 [INFO] Until now, best Prec@1 = 65.5000%
08/06 07:36:34午前 evaluateCell_trainer.py:199 [INFO] Valid: Epoch: [65][50/79]	Step 46464	Loss 1.3292	Prec@(1,5) (65.0%, 89.7%)
08/06 07:36:35午前 evaluateCell_trainer.py:199 [INFO] Valid: Epoch: [65][78/79]	Step 46464	Loss 1.2871	Prec@(1,5) (65.9%, 90.3%)
08/06 07:36:35午前 evaluateCell_trainer.py:206 [INFO] Valid: [ 65/99] Final Prec@1 65.9400%
08/06 07:36:35午前 evaluateCell_main.py:75 [INFO] Until now, best Prec@1 = 65.9400%
08/06 07:37:47午前 evaluateCell_trainer.py:199 [INFO] Valid: Epoch: [66][50/79]	Step 47168	Loss 1.3355	Prec@(1,5) (65.8%, 90.4%)
08/06 07:37:48午前 evaluateCell_trainer.py:199 [INFO] Valid: Epoch: [66][78/79]	Step 47168	Loss 1.3149	Prec@(1,5) (66.5%, 90.6%)
08/06 07:37:48午前 evaluateCell_trainer.py:206 [INFO] Valid: [ 66/99] Final Prec@1 66.4600%
08/06 07:37:48午前 evaluateCell_main.py:75 [INFO] Until now, best Prec@1 = 66.4600%
08/06 07:39:03午前 evaluateCell_trainer.py:199 [INFO] Valid: Epoch: [67][50/79]	Step 47872	Loss 1.3779	Prec@(1,5) (65.1%, 89.9%)
08/06 07:39:03午前 evaluateCell_trainer.py:199 [INFO] Valid: Epoch: [67][78/79]	Step 47872	Loss 1.3580	Prec@(1,5) (65.4%, 90.1%)
08/06 07:39:03午前 evaluateCell_trainer.py:206 [INFO] Valid: [ 67/99] Final Prec@1 65.4400%
08/06 07:39:03午前 evaluateCell_main.py:75 [INFO] Until now, best Prec@1 = 66.4600%
08/06 07:40:15午前 evaluateCell_trainer.py:199 [INFO] Valid: Epoch: [68][50/79]	Step 48576	Loss 1.3257	Prec@(1,5) (66.3%, 91.0%)
08/06 07:40:16午前 evaluateCell_trainer.py:199 [INFO] Valid: Epoch: [68][78/79]	Step 48576	Loss 1.3051	Prec@(1,5) (66.8%, 90.7%)
08/06 07:40:16午前 evaluateCell_trainer.py:206 [INFO] Valid: [ 68/99] Final Prec@1 66.8200%
08/06 07:40:16午前 evaluateCell_main.py:75 [INFO] Until now, best Prec@1 = 66.8200%
08/06 07:41:28午前 evaluateCell_trainer.py:199 [INFO] Valid: Epoch: [69][50/79]	Step 49280	Loss 1.2871	Prec@(1,5) (66.7%, 91.4%)
08/06 07:41:29午前 evaluateCell_trainer.py:199 [INFO] Valid: Epoch: [69][78/79]	Step 49280	Loss 1.2983	Prec@(1,5) (66.6%, 90.8%)
08/06 07:41:29午前 evaluateCell_trainer.py:206 [INFO] Valid: [ 69/99] Final Prec@1 66.5200%
08/06 07:41:29午前 evaluateCell_main.py:75 [INFO] Until now, best Prec@1 = 66.8200%
08/06 07:42:44午前 evaluateCell_trainer.py:199 [INFO] Valid: Epoch: [70][50/79]	Step 49984	Loss 1.2861	Prec@(1,5) (67.5%, 90.7%)
08/06 07:42:45午前 evaluateCell_trainer.py:199 [INFO] Valid: Epoch: [70][78/79]	Step 49984	Loss 1.2824	Prec@(1,5) (67.5%, 90.8%)
08/06 07:42:45午前 evaluateCell_trainer.py:206 [INFO] Valid: [ 70/99] Final Prec@1 67.5400%
08/06 07:42:45午前 evaluateCell_main.py:75 [INFO] Until now, best Prec@1 = 67.5400%
08/06 07:43:58午前 evaluateCell_trainer.py:199 [INFO] Valid: Epoch: [71][50/79]	Step 50688	Loss 1.3085	Prec@(1,5) (66.8%, 91.1%)
08/06 07:43:59午前 evaluateCell_trainer.py:199 [INFO] Valid: Epoch: [71][78/79]	Step 50688	Loss 1.3073	Prec@(1,5) (66.9%, 90.9%)
08/06 07:43:59午前 evaluateCell_trainer.py:206 [INFO] Valid: [ 71/99] Final Prec@1 66.9200%
08/06 07:43:59午前 evaluateCell_main.py:75 [INFO] Until now, best Prec@1 = 67.5400%
08/06 07:45:13午前 evaluateCell_trainer.py:199 [INFO] Valid: Epoch: [72][50/79]	Step 51392	Loss 1.3206	Prec@(1,5) (67.4%, 90.6%)
08/06 07:45:14午前 evaluateCell_trainer.py:199 [INFO] Valid: Epoch: [72][78/79]	Step 51392	Loss 1.3025	Prec@(1,5) (67.3%, 90.8%)
08/06 07:45:14午前 evaluateCell_trainer.py:206 [INFO] Valid: [ 72/99] Final Prec@1 67.3200%
08/06 07:45:14午前 evaluateCell_main.py:75 [INFO] Until now, best Prec@1 = 67.5400%
08/06 07:46:21午前 evaluateCell_trainer.py:199 [INFO] Valid: Epoch: [73][50/79]	Step 52096	Loss 1.2888	Prec@(1,5) (66.6%, 91.2%)
08/06 07:46:22午前 evaluateCell_trainer.py:199 [INFO] Valid: Epoch: [73][78/79]	Step 52096	Loss 1.2734	Prec@(1,5) (67.0%, 91.3%)
08/06 07:46:22午前 evaluateCell_trainer.py:206 [INFO] Valid: [ 73/99] Final Prec@1 66.9800%
08/06 07:46:22午前 evaluateCell_main.py:75 [INFO] Until now, best Prec@1 = 67.5400%
08/06 07:47:37午前 evaluateCell_trainer.py:199 [INFO] Valid: Epoch: [74][50/79]	Step 52800	Loss 1.3004	Prec@(1,5) (67.5%, 91.1%)
08/06 07:47:37午前 evaluateCell_trainer.py:199 [INFO] Valid: Epoch: [74][78/79]	Step 52800	Loss 1.2795	Prec@(1,5) (67.7%, 90.7%)
08/06 07:47:37午前 evaluateCell_trainer.py:206 [INFO] Valid: [ 74/99] Final Prec@1 67.7800%
08/06 07:47:38午前 evaluateCell_main.py:75 [INFO] Until now, best Prec@1 = 67.7800%
08/06 07:48:50午前 evaluateCell_trainer.py:199 [INFO] Valid: Epoch: [75][50/79]	Step 53504	Loss 1.2250	Prec@(1,5) (69.3%, 91.6%)
08/06 07:48:50午前 evaluateCell_trainer.py:199 [INFO] Valid: Epoch: [75][78/79]	Step 53504	Loss 1.2407	Prec@(1,5) (69.1%, 91.5%)
08/06 07:48:50午前 evaluateCell_trainer.py:206 [INFO] Valid: [ 75/99] Final Prec@1 69.0600%
08/06 07:48:51午前 evaluateCell_main.py:75 [INFO] Until now, best Prec@1 = 69.0600%
08/06 07:50:02午前 evaluateCell_trainer.py:199 [INFO] Valid: Epoch: [76][50/79]	Step 54208	Loss 1.2959	Prec@(1,5) (67.8%, 91.3%)
08/06 07:50:03午前 evaluateCell_trainer.py:199 [INFO] Valid: Epoch: [76][78/79]	Step 54208	Loss 1.3062	Prec@(1,5) (67.4%, 91.4%)
08/06 07:50:03午前 evaluateCell_trainer.py:206 [INFO] Valid: [ 76/99] Final Prec@1 67.4200%
08/06 07:50:03午前 evaluateCell_main.py:75 [INFO] Until now, best Prec@1 = 69.0600%
08/06 07:51:18午前 evaluateCell_trainer.py:199 [INFO] Valid: Epoch: [77][50/79]	Step 54912	Loss 1.2252	Prec@(1,5) (69.1%, 91.9%)
08/06 07:51:19午前 evaluateCell_trainer.py:199 [INFO] Valid: Epoch: [77][78/79]	Step 54912	Loss 1.2526	Prec@(1,5) (69.1%, 91.7%)
08/06 07:51:19午前 evaluateCell_trainer.py:206 [INFO] Valid: [ 77/99] Final Prec@1 69.0400%
08/06 07:51:19午前 evaluateCell_main.py:75 [INFO] Until now, best Prec@1 = 69.0600%
08/06 07:52:35午前 evaluateCell_trainer.py:199 [INFO] Valid: Epoch: [78][50/79]	Step 55616	Loss 1.2635	Prec@(1,5) (68.9%, 91.3%)
08/06 07:52:36午前 evaluateCell_trainer.py:199 [INFO] Valid: Epoch: [78][78/79]	Step 55616	Loss 1.2653	Prec@(1,5) (68.1%, 91.7%)
08/06 07:52:36午前 evaluateCell_trainer.py:206 [INFO] Valid: [ 78/99] Final Prec@1 68.1800%
08/06 07:52:36午前 evaluateCell_main.py:75 [INFO] Until now, best Prec@1 = 69.0600%
08/06 07:53:52午前 evaluateCell_trainer.py:199 [INFO] Valid: Epoch: [79][50/79]	Step 56320	Loss 1.2985	Prec@(1,5) (68.2%, 90.6%)
08/06 07:53:53午前 evaluateCell_trainer.py:199 [INFO] Valid: Epoch: [79][78/79]	Step 56320	Loss 1.2719	Prec@(1,5) (68.6%, 91.2%)
08/06 07:53:53午前 evaluateCell_trainer.py:206 [INFO] Valid: [ 79/99] Final Prec@1 68.6200%
08/06 07:53:53午前 evaluateCell_main.py:75 [INFO] Until now, best Prec@1 = 69.0600%
08/06 07:55:07午前 evaluateCell_trainer.py:199 [INFO] Valid: Epoch: [80][50/79]	Step 57024	Loss 1.2699	Prec@(1,5) (69.2%, 91.7%)
08/06 07:55:07午前 evaluateCell_trainer.py:199 [INFO] Valid: Epoch: [80][78/79]	Step 57024	Loss 1.2621	Prec@(1,5) (69.0%, 91.9%)
08/06 07:55:07午前 evaluateCell_trainer.py:206 [INFO] Valid: [ 80/99] Final Prec@1 69.0400%
08/06 07:55:08午前 evaluateCell_main.py:75 [INFO] Until now, best Prec@1 = 69.0600%
08/06 07:56:18午前 evaluateCell_trainer.py:199 [INFO] Valid: Epoch: [81][50/79]	Step 57728	Loss 1.2500	Prec@(1,5) (68.8%, 91.8%)
08/06 07:56:19午前 evaluateCell_trainer.py:199 [INFO] Valid: Epoch: [81][78/79]	Step 57728	Loss 1.2408	Prec@(1,5) (68.8%, 91.9%)
08/06 07:56:19午前 evaluateCell_trainer.py:206 [INFO] Valid: [ 81/99] Final Prec@1 68.8200%
08/06 07:56:19午前 evaluateCell_main.py:75 [INFO] Until now, best Prec@1 = 69.0600%
08/06 07:57:31午前 evaluateCell_trainer.py:199 [INFO] Valid: Epoch: [82][50/79]	Step 58432	Loss 1.2706	Prec@(1,5) (69.4%, 91.2%)
08/06 07:57:32午前 evaluateCell_trainer.py:199 [INFO] Valid: Epoch: [82][78/79]	Step 58432	Loss 1.2542	Prec@(1,5) (69.5%, 91.6%)
08/06 07:57:32午前 evaluateCell_trainer.py:206 [INFO] Valid: [ 82/99] Final Prec@1 69.4800%
08/06 07:57:32午前 evaluateCell_main.py:75 [INFO] Until now, best Prec@1 = 69.4800%
08/06 07:58:49午前 evaluateCell_trainer.py:199 [INFO] Valid: Epoch: [83][50/79]	Step 59136	Loss 1.2800	Prec@(1,5) (68.8%, 91.8%)
08/06 07:58:49午前 evaluateCell_trainer.py:199 [INFO] Valid: Epoch: [83][78/79]	Step 59136	Loss 1.2751	Prec@(1,5) (68.8%, 91.7%)
08/06 07:58:49午前 evaluateCell_trainer.py:206 [INFO] Valid: [ 83/99] Final Prec@1 68.7800%
08/06 07:58:50午前 evaluateCell_main.py:75 [INFO] Until now, best Prec@1 = 69.4800%
08/06 08:00:02午前 evaluateCell_trainer.py:199 [INFO] Valid: Epoch: [84][50/79]	Step 59840	Loss 1.2467	Prec@(1,5) (68.9%, 91.6%)
08/06 08:00:03午前 evaluateCell_trainer.py:199 [INFO] Valid: Epoch: [84][78/79]	Step 59840	Loss 1.2594	Prec@(1,5) (69.3%, 91.4%)
08/06 08:00:03午前 evaluateCell_trainer.py:206 [INFO] Valid: [ 84/99] Final Prec@1 69.3000%
08/06 08:00:03午前 evaluateCell_main.py:75 [INFO] Until now, best Prec@1 = 69.4800%
08/06 08:01:14午前 evaluateCell_trainer.py:199 [INFO] Valid: Epoch: [85][50/79]	Step 60544	Loss 1.2877	Prec@(1,5) (68.5%, 91.7%)
08/06 08:01:14午前 evaluateCell_trainer.py:199 [INFO] Valid: Epoch: [85][78/79]	Step 60544	Loss 1.2763	Prec@(1,5) (68.9%, 91.7%)
08/06 08:01:14午前 evaluateCell_trainer.py:206 [INFO] Valid: [ 85/99] Final Prec@1 68.9400%
08/06 08:01:14午前 evaluateCell_main.py:75 [INFO] Until now, best Prec@1 = 69.4800%
08/06 08:02:21午前 evaluateCell_trainer.py:199 [INFO] Valid: Epoch: [86][50/79]	Step 61248	Loss 1.2621	Prec@(1,5) (69.2%, 92.2%)
08/06 08:02:22午前 evaluateCell_trainer.py:199 [INFO] Valid: Epoch: [86][78/79]	Step 61248	Loss 1.2802	Prec@(1,5) (69.3%, 91.8%)
08/06 08:02:22午前 evaluateCell_trainer.py:206 [INFO] Valid: [ 86/99] Final Prec@1 69.3000%
08/06 08:02:22午前 evaluateCell_main.py:75 [INFO] Until now, best Prec@1 = 69.4800%
08/06 08:03:36午前 evaluateCell_trainer.py:199 [INFO] Valid: Epoch: [87][50/79]	Step 61952	Loss 1.2857	Prec@(1,5) (68.0%, 91.7%)
08/06 08:03:37午前 evaluateCell_trainer.py:199 [INFO] Valid: Epoch: [87][78/79]	Step 61952	Loss 1.2744	Prec@(1,5) (68.7%, 92.0%)
08/06 08:03:37午前 evaluateCell_trainer.py:206 [INFO] Valid: [ 87/99] Final Prec@1 68.7400%
08/06 08:03:37午前 evaluateCell_main.py:75 [INFO] Until now, best Prec@1 = 69.4800%
08/06 08:04:53午前 evaluateCell_trainer.py:199 [INFO] Valid: Epoch: [88][50/79]	Step 62656	Loss 1.2985	Prec@(1,5) (69.1%, 92.0%)
08/06 08:04:53午前 evaluateCell_trainer.py:199 [INFO] Valid: Epoch: [88][78/79]	Step 62656	Loss 1.2781	Prec@(1,5) (69.1%, 92.0%)
08/06 08:04:54午前 evaluateCell_trainer.py:206 [INFO] Valid: [ 88/99] Final Prec@1 69.0600%
08/06 08:04:54午前 evaluateCell_main.py:75 [INFO] Until now, best Prec@1 = 69.4800%
08/06 08:06:09午前 evaluateCell_trainer.py:199 [INFO] Valid: Epoch: [89][50/79]	Step 63360	Loss 1.2181	Prec@(1,5) (70.6%, 92.5%)
08/06 08:06:09午前 evaluateCell_trainer.py:199 [INFO] Valid: Epoch: [89][78/79]	Step 63360	Loss 1.2439	Prec@(1,5) (69.9%, 92.2%)
08/06 08:06:09午前 evaluateCell_trainer.py:206 [INFO] Valid: [ 89/99] Final Prec@1 69.9200%
08/06 08:06:10午前 evaluateCell_main.py:75 [INFO] Until now, best Prec@1 = 69.9200%
08/06 08:07:24午前 evaluateCell_trainer.py:199 [INFO] Valid: Epoch: [90][50/79]	Step 64064	Loss 1.2282	Prec@(1,5) (70.4%, 92.4%)
08/06 08:07:24午前 evaluateCell_trainer.py:199 [INFO] Valid: Epoch: [90][78/79]	Step 64064	Loss 1.2753	Prec@(1,5) (69.7%, 91.7%)
08/06 08:07:24午前 evaluateCell_trainer.py:206 [INFO] Valid: [ 90/99] Final Prec@1 69.7000%
08/06 08:07:24午前 evaluateCell_main.py:75 [INFO] Until now, best Prec@1 = 69.9200%
08/06 08:08:40午前 evaluateCell_trainer.py:199 [INFO] Valid: Epoch: [91][50/79]	Step 64768	Loss 1.2838	Prec@(1,5) (69.3%, 92.0%)
08/06 08:08:40午前 evaluateCell_trainer.py:199 [INFO] Valid: Epoch: [91][78/79]	Step 64768	Loss 1.2651	Prec@(1,5) (69.9%, 92.1%)
08/06 08:08:40午前 evaluateCell_trainer.py:206 [INFO] Valid: [ 91/99] Final Prec@1 69.9000%
08/06 08:08:41午前 evaluateCell_main.py:75 [INFO] Until now, best Prec@1 = 69.9200%
08/06 08:09:56午前 evaluateCell_trainer.py:199 [INFO] Valid: Epoch: [92][50/79]	Step 65472	Loss 1.2647	Prec@(1,5) (69.7%, 92.2%)
08/06 08:09:56午前 evaluateCell_trainer.py:199 [INFO] Valid: Epoch: [92][78/79]	Step 65472	Loss 1.2632	Prec@(1,5) (69.6%, 92.0%)
08/06 08:09:56午前 evaluateCell_trainer.py:206 [INFO] Valid: [ 92/99] Final Prec@1 69.5800%
08/06 08:09:56午前 evaluateCell_main.py:75 [INFO] Until now, best Prec@1 = 69.9200%
08/06 08:11:08午前 evaluateCell_trainer.py:199 [INFO] Valid: Epoch: [93][50/79]	Step 66176	Loss 1.2824	Prec@(1,5) (69.7%, 92.3%)
08/06 08:11:08午前 evaluateCell_trainer.py:199 [INFO] Valid: Epoch: [93][78/79]	Step 66176	Loss 1.2671	Prec@(1,5) (70.1%, 92.2%)
08/06 08:11:09午前 evaluateCell_trainer.py:206 [INFO] Valid: [ 93/99] Final Prec@1 70.0800%
08/06 08:11:09午前 evaluateCell_main.py:75 [INFO] Until now, best Prec@1 = 70.0800%
08/06 08:12:23午前 evaluateCell_trainer.py:199 [INFO] Valid: Epoch: [94][50/79]	Step 66880	Loss 1.2637	Prec@(1,5) (69.8%, 92.0%)
08/06 08:12:23午前 evaluateCell_trainer.py:199 [INFO] Valid: Epoch: [94][78/79]	Step 66880	Loss 1.2689	Prec@(1,5) (70.1%, 92.1%)
08/06 08:12:23午前 evaluateCell_trainer.py:206 [INFO] Valid: [ 94/99] Final Prec@1 70.0800%
08/06 08:12:24午前 evaluateCell_main.py:75 [INFO] Until now, best Prec@1 = 70.0800%
08/06 08:13:32午前 evaluateCell_trainer.py:199 [INFO] Valid: Epoch: [95][50/79]	Step 67584	Loss 1.3222	Prec@(1,5) (68.7%, 91.7%)
08/06 08:13:32午前 evaluateCell_trainer.py:199 [INFO] Valid: Epoch: [95][78/79]	Step 67584	Loss 1.2676	Prec@(1,5) (69.7%, 92.2%)
08/06 08:13:33午前 evaluateCell_trainer.py:206 [INFO] Valid: [ 95/99] Final Prec@1 69.6400%
08/06 08:13:33午前 evaluateCell_main.py:75 [INFO] Until now, best Prec@1 = 70.0800%
08/06 08:14:47午前 evaluateCell_trainer.py:199 [INFO] Valid: Epoch: [96][50/79]	Step 68288	Loss 1.2619	Prec@(1,5) (69.3%, 92.4%)
08/06 08:14:48午前 evaluateCell_trainer.py:199 [INFO] Valid: Epoch: [96][78/79]	Step 68288	Loss 1.2654	Prec@(1,5) (69.6%, 92.2%)
08/06 08:14:48午前 evaluateCell_trainer.py:206 [INFO] Valid: [ 96/99] Final Prec@1 69.5800%
08/06 08:14:48午前 evaluateCell_main.py:75 [INFO] Until now, best Prec@1 = 70.0800%
08/06 08:16:01午前 evaluateCell_trainer.py:199 [INFO] Valid: Epoch: [97][50/79]	Step 68992	Loss 1.2778	Prec@(1,5) (70.0%, 92.2%)
08/06 08:16:02午前 evaluateCell_trainer.py:199 [INFO] Valid: Epoch: [97][78/79]	Step 68992	Loss 1.2960	Prec@(1,5) (69.5%, 92.2%)
08/06 08:16:02午前 evaluateCell_trainer.py:206 [INFO] Valid: [ 97/99] Final Prec@1 69.4600%
08/06 08:16:02午前 evaluateCell_main.py:75 [INFO] Until now, best Prec@1 = 70.0800%
08/06 08:17:09午前 evaluateCell_trainer.py:199 [INFO] Valid: Epoch: [98][50/79]	Step 69696	Loss 1.2718	Prec@(1,5) (69.7%, 92.4%)
08/06 08:17:09午前 evaluateCell_trainer.py:199 [INFO] Valid: Epoch: [98][78/79]	Step 69696	Loss 1.2656	Prec@(1,5) (70.1%, 92.1%)
08/06 08:17:09午前 evaluateCell_trainer.py:206 [INFO] Valid: [ 98/99] Final Prec@1 70.1200%
08/06 08:17:10午前 evaluateCell_main.py:75 [INFO] Until now, best Prec@1 = 70.1200%
08/06 08:18:17午前 evaluateCell_trainer.py:199 [INFO] Valid: Epoch: [99][50/79]	Step 70400	Loss 1.2811	Prec@(1,5) (69.3%, 91.8%)
08/06 08:18:18午前 evaluateCell_trainer.py:199 [INFO] Valid: Epoch: [99][78/79]	Step 70400	Loss 1.2725	Prec@(1,5) (69.4%, 92.0%)
08/06 08:18:18午前 evaluateCell_trainer.py:206 [INFO] Valid: [ 99/99] Final Prec@1 69.4400%
08/06 08:18:18午前 evaluateCell_main.py:75 [INFO] Until now, best Prec@1 = 70.1200%
08/06 08:18:18午前 evaluateCell_main.py:79 [INFO] Final best Prec@1 = 70.1200%
