07/16 01:17:01AM parser.py:28 [INFO] 
07/16 01:17:01AM parser.py:29 [INFO] Parameters:
07/16 01:17:01AM parser.py:31 [INFO] ADVANCED=True
07/16 01:17:01AM parser.py:31 [INFO] BATCH_SIZE=64
07/16 01:17:01AM parser.py:31 [INFO] CIFAR=True
07/16 01:17:01AM parser.py:31 [INFO] CUTOUT_LENGTH=16
07/16 01:17:01AM parser.py:31 [INFO] DATA_PATH=../data/
07/16 01:17:01AM parser.py:31 [INFO] DATASET=cifar100
07/16 01:17:01AM parser.py:31 [INFO] DESCRIPTION=pretrained_LR_features-0.001_classifier-0.01_cosine_warmup-0
07/16 01:17:01AM parser.py:31 [INFO] EPOCHS=50
07/16 01:17:01AM parser.py:31 [INFO] EXP_NAME=pretrained-20240716-011701
07/16 01:17:01AM parser.py:31 [INFO] GPUS=[0]
07/16 01:17:01AM parser.py:31 [INFO] LOGGER=<Logger H-DAS (INFO)>
07/16 01:17:01AM parser.py:31 [INFO] LR=0.001
07/16 01:17:01AM parser.py:31 [INFO] LR_MIN=0.0001
07/16 01:17:01AM parser.py:31 [INFO] MODEL_NAME=efficientnet_v2_m
07/16 01:17:01AM parser.py:31 [INFO] MOMENTUM=0.9
07/16 01:17:01AM parser.py:31 [INFO] NAME=FINETUNE2
07/16 01:17:01AM parser.py:31 [INFO] PATH=results/teacher/cifar100/efficientnet_v2_m/FINETUNE2/pretrained-20240716-011701
07/16 01:17:01AM parser.py:31 [INFO] PRETRAINED=True
07/16 01:17:01AM parser.py:31 [INFO] SAVE=pretrained
07/16 01:17:01AM parser.py:31 [INFO] SEED=0
07/16 01:17:01AM parser.py:31 [INFO] TRAIN_PORTION=0.9
07/16 01:17:01AM parser.py:31 [INFO] WEIGHT_DECAY=0.0003
07/16 01:17:01AM parser.py:31 [INFO] WORKERS=4
07/16 01:17:01AM parser.py:32 [INFO] 
07/16 01:17:02AM trainTeacher_main.py:114 [INFO] model classifier is replaced to Sequential(
  (0): Dropout(p=0.3, inplace=True)
  (1): Linear(in_features=1280, out_features=100, bias=True)
)
07/16 01:18:58AM trainTeacher_main.py:210 [INFO] Train: [  0/49] Final Prec@1 55.1311%
07/16 01:19:02AM trainTeacher_main.py:238 [INFO] Valid: [  0/49] Final Prec@1 76.7600%
07/16 01:19:03午前 trainTeacher_main.py:180 [INFO] Until now, best Prec@1 = 76.7600%
07/16 01:20:55午前 trainTeacher_main.py:210 [INFO] Train: [  1/49] Final Prec@1 79.0156%
07/16 01:20:58午前 trainTeacher_main.py:238 [INFO] Valid: [  1/49] Final Prec@1 80.6800%
07/16 01:20:59午前 trainTeacher_main.py:180 [INFO] Until now, best Prec@1 = 80.6800%
07/16 01:22:51午前 trainTeacher_main.py:210 [INFO] Train: [  2/49] Final Prec@1 84.2933%
07/16 01:22:55午前 trainTeacher_main.py:238 [INFO] Valid: [  2/49] Final Prec@1 81.8000%
07/16 01:22:55午前 trainTeacher_main.py:180 [INFO] Until now, best Prec@1 = 81.8000%
07/16 01:24:48午前 trainTeacher_main.py:210 [INFO] Train: [  3/49] Final Prec@1 86.8022%
07/16 01:24:51午前 trainTeacher_main.py:238 [INFO] Valid: [  3/49] Final Prec@1 83.8400%
07/16 01:24:52午前 trainTeacher_main.py:180 [INFO] Until now, best Prec@1 = 83.8400%
07/16 01:26:44午前 trainTeacher_main.py:210 [INFO] Train: [  4/49] Final Prec@1 89.3222%
07/16 01:26:47午前 trainTeacher_main.py:238 [INFO] Valid: [  4/49] Final Prec@1 83.5600%
07/16 01:26:47午前 trainTeacher_main.py:180 [INFO] Until now, best Prec@1 = 83.8400%
07/16 01:28:40午前 trainTeacher_main.py:210 [INFO] Train: [  5/49] Final Prec@1 90.9956%
07/16 01:28:43午前 trainTeacher_main.py:238 [INFO] Valid: [  5/49] Final Prec@1 84.2800%
07/16 01:28:44午前 trainTeacher_main.py:180 [INFO] Until now, best Prec@1 = 84.2800%
07/16 01:30:36午前 trainTeacher_main.py:210 [INFO] Train: [  6/49] Final Prec@1 92.2089%
07/16 01:30:39午前 trainTeacher_main.py:238 [INFO] Valid: [  6/49] Final Prec@1 84.9200%
07/16 01:30:40午前 trainTeacher_main.py:180 [INFO] Until now, best Prec@1 = 84.9200%
07/16 01:32:32午前 trainTeacher_main.py:210 [INFO] Train: [  7/49] Final Prec@1 93.3822%
07/16 01:32:35午前 trainTeacher_main.py:238 [INFO] Valid: [  7/49] Final Prec@1 85.1800%
07/16 01:32:36午前 trainTeacher_main.py:180 [INFO] Until now, best Prec@1 = 85.1800%
07/16 01:34:28午前 trainTeacher_main.py:210 [INFO] Train: [  8/49] Final Prec@1 94.2200%
07/16 01:34:32午前 trainTeacher_main.py:238 [INFO] Valid: [  8/49] Final Prec@1 85.1400%
07/16 01:34:32午前 trainTeacher_main.py:180 [INFO] Until now, best Prec@1 = 85.1800%
07/16 01:36:24午前 trainTeacher_main.py:210 [INFO] Train: [  9/49] Final Prec@1 94.8378%
07/16 01:36:28午前 trainTeacher_main.py:238 [INFO] Valid: [  9/49] Final Prec@1 85.2200%
07/16 01:36:28午前 trainTeacher_main.py:180 [INFO] Until now, best Prec@1 = 85.2200%
07/16 01:38:20午前 trainTeacher_main.py:210 [INFO] Train: [ 10/49] Final Prec@1 95.7311%
07/16 01:38:24午前 trainTeacher_main.py:238 [INFO] Valid: [ 10/49] Final Prec@1 84.9800%
07/16 01:38:24午前 trainTeacher_main.py:180 [INFO] Until now, best Prec@1 = 85.2200%
07/16 01:40:16午前 trainTeacher_main.py:210 [INFO] Train: [ 11/49] Final Prec@1 96.3244%
07/16 01:40:20午前 trainTeacher_main.py:238 [INFO] Valid: [ 11/49] Final Prec@1 85.1200%
07/16 01:40:20午前 trainTeacher_main.py:180 [INFO] Until now, best Prec@1 = 85.2200%
07/16 01:42:12午前 trainTeacher_main.py:210 [INFO] Train: [ 12/49] Final Prec@1 96.9222%
07/16 01:42:15午前 trainTeacher_main.py:238 [INFO] Valid: [ 12/49] Final Prec@1 85.4600%
07/16 01:42:16午前 trainTeacher_main.py:180 [INFO] Until now, best Prec@1 = 85.4600%
07/16 01:44:08午前 trainTeacher_main.py:210 [INFO] Train: [ 13/49] Final Prec@1 97.2378%
07/16 01:44:12午前 trainTeacher_main.py:238 [INFO] Valid: [ 13/49] Final Prec@1 85.3200%
07/16 01:44:12午前 trainTeacher_main.py:180 [INFO] Until now, best Prec@1 = 85.4600%
07/16 01:46:04午前 trainTeacher_main.py:210 [INFO] Train: [ 14/49] Final Prec@1 97.3956%
07/16 01:46:07午前 trainTeacher_main.py:238 [INFO] Valid: [ 14/49] Final Prec@1 85.4800%
07/16 01:46:08午前 trainTeacher_main.py:180 [INFO] Until now, best Prec@1 = 85.4800%
07/16 01:48:00午前 trainTeacher_main.py:210 [INFO] Train: [ 15/49] Final Prec@1 97.6533%
07/16 01:48:04午前 trainTeacher_main.py:238 [INFO] Valid: [ 15/49] Final Prec@1 85.8400%
07/16 01:48:04午前 trainTeacher_main.py:180 [INFO] Until now, best Prec@1 = 85.8400%
07/16 01:49:57午前 trainTeacher_main.py:210 [INFO] Train: [ 16/49] Final Prec@1 97.9244%
07/16 01:50:00午前 trainTeacher_main.py:238 [INFO] Valid: [ 16/49] Final Prec@1 85.4600%
07/16 01:50:00午前 trainTeacher_main.py:180 [INFO] Until now, best Prec@1 = 85.8400%
07/16 01:51:52午前 trainTeacher_main.py:210 [INFO] Train: [ 17/49] Final Prec@1 98.1978%
07/16 01:51:56午前 trainTeacher_main.py:238 [INFO] Valid: [ 17/49] Final Prec@1 85.6200%
07/16 01:51:56午前 trainTeacher_main.py:180 [INFO] Until now, best Prec@1 = 85.8400%
07/16 01:53:48午前 trainTeacher_main.py:210 [INFO] Train: [ 18/49] Final Prec@1 98.2778%
07/16 01:53:52午前 trainTeacher_main.py:238 [INFO] Valid: [ 18/49] Final Prec@1 85.8200%
07/16 01:53:52午前 trainTeacher_main.py:180 [INFO] Until now, best Prec@1 = 85.8400%
07/16 01:55:44午前 trainTeacher_main.py:210 [INFO] Train: [ 19/49] Final Prec@1 98.4422%
07/16 01:55:47午前 trainTeacher_main.py:238 [INFO] Valid: [ 19/49] Final Prec@1 85.3200%
07/16 01:55:47午前 trainTeacher_main.py:180 [INFO] Until now, best Prec@1 = 85.8400%
07/16 01:57:40午前 trainTeacher_main.py:210 [INFO] Train: [ 20/49] Final Prec@1 98.6222%
07/16 01:57:43午前 trainTeacher_main.py:238 [INFO] Valid: [ 20/49] Final Prec@1 86.0800%
07/16 01:57:44午前 trainTeacher_main.py:180 [INFO] Until now, best Prec@1 = 86.0800%
07/16 01:59:36午前 trainTeacher_main.py:210 [INFO] Train: [ 21/49] Final Prec@1 98.6756%
07/16 01:59:40午前 trainTeacher_main.py:238 [INFO] Valid: [ 21/49] Final Prec@1 86.1800%
07/16 01:59:40午前 trainTeacher_main.py:180 [INFO] Until now, best Prec@1 = 86.1800%
07/16 02:01:32午前 trainTeacher_main.py:210 [INFO] Train: [ 22/49] Final Prec@1 98.8511%
07/16 02:01:36午前 trainTeacher_main.py:238 [INFO] Valid: [ 22/49] Final Prec@1 85.6800%
07/16 02:01:36午前 trainTeacher_main.py:180 [INFO] Until now, best Prec@1 = 86.1800%
07/16 02:03:28午前 trainTeacher_main.py:210 [INFO] Train: [ 23/49] Final Prec@1 98.8644%
07/16 02:03:32午前 trainTeacher_main.py:238 [INFO] Valid: [ 23/49] Final Prec@1 86.1800%
07/16 02:03:32午前 trainTeacher_main.py:180 [INFO] Until now, best Prec@1 = 86.1800%
07/16 02:05:24午前 trainTeacher_main.py:210 [INFO] Train: [ 24/49] Final Prec@1 98.9400%
07/16 02:05:27午前 trainTeacher_main.py:238 [INFO] Valid: [ 24/49] Final Prec@1 86.5000%
07/16 02:05:28午前 trainTeacher_main.py:180 [INFO] Until now, best Prec@1 = 86.5000%
07/16 02:07:20午前 trainTeacher_main.py:210 [INFO] Train: [ 25/49] Final Prec@1 99.0289%
07/16 02:07:24午前 trainTeacher_main.py:238 [INFO] Valid: [ 25/49] Final Prec@1 86.3000%
07/16 02:07:24午前 trainTeacher_main.py:180 [INFO] Until now, best Prec@1 = 86.5000%
07/16 02:09:16午前 trainTeacher_main.py:210 [INFO] Train: [ 26/49] Final Prec@1 99.0911%
07/16 02:09:20午前 trainTeacher_main.py:238 [INFO] Valid: [ 26/49] Final Prec@1 86.0200%
07/16 02:09:20午前 trainTeacher_main.py:180 [INFO] Until now, best Prec@1 = 86.5000%
07/16 02:11:12午前 trainTeacher_main.py:210 [INFO] Train: [ 27/49] Final Prec@1 99.1933%
07/16 02:11:15午前 trainTeacher_main.py:238 [INFO] Valid: [ 27/49] Final Prec@1 86.4600%
07/16 02:11:15午前 trainTeacher_main.py:180 [INFO] Until now, best Prec@1 = 86.5000%
07/16 02:13:08午前 trainTeacher_main.py:210 [INFO] Train: [ 28/49] Final Prec@1 99.2511%
07/16 02:13:11午前 trainTeacher_main.py:238 [INFO] Valid: [ 28/49] Final Prec@1 86.1800%
07/16 02:13:11午前 trainTeacher_main.py:180 [INFO] Until now, best Prec@1 = 86.5000%
07/16 02:15:04午前 trainTeacher_main.py:210 [INFO] Train: [ 29/49] Final Prec@1 99.2489%
07/16 02:15:07午前 trainTeacher_main.py:238 [INFO] Valid: [ 29/49] Final Prec@1 86.0200%
07/16 02:15:07午前 trainTeacher_main.py:180 [INFO] Until now, best Prec@1 = 86.5000%
07/16 02:17:00午前 trainTeacher_main.py:210 [INFO] Train: [ 30/49] Final Prec@1 99.2533%
07/16 02:17:03午前 trainTeacher_main.py:238 [INFO] Valid: [ 30/49] Final Prec@1 86.3200%
07/16 02:17:03午前 trainTeacher_main.py:180 [INFO] Until now, best Prec@1 = 86.5000%
07/16 02:18:56午前 trainTeacher_main.py:210 [INFO] Train: [ 31/49] Final Prec@1 99.2867%
07/16 02:18:59午前 trainTeacher_main.py:238 [INFO] Valid: [ 31/49] Final Prec@1 86.5400%
07/16 02:18:59午前 trainTeacher_main.py:180 [INFO] Until now, best Prec@1 = 86.5400%
07/16 02:20:52午前 trainTeacher_main.py:210 [INFO] Train: [ 32/49] Final Prec@1 99.2844%
07/16 02:20:55午前 trainTeacher_main.py:238 [INFO] Valid: [ 32/49] Final Prec@1 86.5400%
07/16 02:20:55午前 trainTeacher_main.py:180 [INFO] Until now, best Prec@1 = 86.5400%
07/16 02:22:48午前 trainTeacher_main.py:210 [INFO] Train: [ 33/49] Final Prec@1 99.3356%
07/16 02:22:51午前 trainTeacher_main.py:238 [INFO] Valid: [ 33/49] Final Prec@1 85.8600%
07/16 02:22:51午前 trainTeacher_main.py:180 [INFO] Until now, best Prec@1 = 86.5400%
07/16 02:24:44午前 trainTeacher_main.py:210 [INFO] Train: [ 34/49] Final Prec@1 99.3933%
07/16 02:24:47午前 trainTeacher_main.py:238 [INFO] Valid: [ 34/49] Final Prec@1 86.4800%
07/16 02:24:47午前 trainTeacher_main.py:180 [INFO] Until now, best Prec@1 = 86.5400%
07/16 02:26:39午前 trainTeacher_main.py:210 [INFO] Train: [ 35/49] Final Prec@1 99.4689%
07/16 02:26:43午前 trainTeacher_main.py:238 [INFO] Valid: [ 35/49] Final Prec@1 86.4800%
07/16 02:26:43午前 trainTeacher_main.py:180 [INFO] Until now, best Prec@1 = 86.5400%
07/16 02:28:35午前 trainTeacher_main.py:210 [INFO] Train: [ 36/49] Final Prec@1 99.4844%
07/16 02:28:39午前 trainTeacher_main.py:238 [INFO] Valid: [ 36/49] Final Prec@1 86.6600%
07/16 02:28:39午前 trainTeacher_main.py:180 [INFO] Until now, best Prec@1 = 86.6600%
07/16 02:30:32午前 trainTeacher_main.py:210 [INFO] Train: [ 37/49] Final Prec@1 99.5089%
07/16 02:30:35午前 trainTeacher_main.py:238 [INFO] Valid: [ 37/49] Final Prec@1 86.0400%
07/16 02:30:35午前 trainTeacher_main.py:180 [INFO] Until now, best Prec@1 = 86.6600%
07/16 02:32:28午前 trainTeacher_main.py:210 [INFO] Train: [ 38/49] Final Prec@1 99.5267%
07/16 02:32:31午前 trainTeacher_main.py:238 [INFO] Valid: [ 38/49] Final Prec@1 86.8600%
07/16 02:32:31午前 trainTeacher_main.py:180 [INFO] Until now, best Prec@1 = 86.8600%
07/16 02:34:24午前 trainTeacher_main.py:210 [INFO] Train: [ 39/49] Final Prec@1 99.5311%
07/16 02:34:27午前 trainTeacher_main.py:238 [INFO] Valid: [ 39/49] Final Prec@1 86.3000%
07/16 02:34:27午前 trainTeacher_main.py:180 [INFO] Until now, best Prec@1 = 86.8600%
07/16 02:36:20午前 trainTeacher_main.py:210 [INFO] Train: [ 40/49] Final Prec@1 99.5311%
07/16 02:36:23午前 trainTeacher_main.py:238 [INFO] Valid: [ 40/49] Final Prec@1 86.2400%
07/16 02:36:23午前 trainTeacher_main.py:180 [INFO] Until now, best Prec@1 = 86.8600%
07/16 02:38:16午前 trainTeacher_main.py:210 [INFO] Train: [ 41/49] Final Prec@1 99.5178%
07/16 02:38:19午前 trainTeacher_main.py:238 [INFO] Valid: [ 41/49] Final Prec@1 87.0400%
07/16 02:38:19午前 trainTeacher_main.py:180 [INFO] Until now, best Prec@1 = 87.0400%
07/16 02:40:12午前 trainTeacher_main.py:210 [INFO] Train: [ 42/49] Final Prec@1 99.5844%
07/16 02:40:15午前 trainTeacher_main.py:238 [INFO] Valid: [ 42/49] Final Prec@1 86.4600%
07/16 02:40:15午前 trainTeacher_main.py:180 [INFO] Until now, best Prec@1 = 87.0400%
07/16 02:42:08午前 trainTeacher_main.py:210 [INFO] Train: [ 43/49] Final Prec@1 99.5711%
07/16 02:42:11午前 trainTeacher_main.py:238 [INFO] Valid: [ 43/49] Final Prec@1 86.5000%
07/16 02:42:11午前 trainTeacher_main.py:180 [INFO] Until now, best Prec@1 = 87.0400%
07/16 02:44:04午前 trainTeacher_main.py:210 [INFO] Train: [ 44/49] Final Prec@1 99.6089%
07/16 02:44:07午前 trainTeacher_main.py:238 [INFO] Valid: [ 44/49] Final Prec@1 86.8800%
07/16 02:44:07午前 trainTeacher_main.py:180 [INFO] Until now, best Prec@1 = 87.0400%
07/16 02:46:00午前 trainTeacher_main.py:210 [INFO] Train: [ 45/49] Final Prec@1 99.6044%
07/16 02:46:03午前 trainTeacher_main.py:238 [INFO] Valid: [ 45/49] Final Prec@1 86.8200%
07/16 02:46:03午前 trainTeacher_main.py:180 [INFO] Until now, best Prec@1 = 87.0400%
07/16 02:47:55午前 trainTeacher_main.py:210 [INFO] Train: [ 46/49] Final Prec@1 99.6111%
07/16 02:47:59午前 trainTeacher_main.py:238 [INFO] Valid: [ 46/49] Final Prec@1 86.6800%
07/16 02:47:59午前 trainTeacher_main.py:180 [INFO] Until now, best Prec@1 = 87.0400%
07/16 02:49:51午前 trainTeacher_main.py:210 [INFO] Train: [ 47/49] Final Prec@1 99.5600%
07/16 02:49:55午前 trainTeacher_main.py:238 [INFO] Valid: [ 47/49] Final Prec@1 86.9200%
07/16 02:49:55午前 trainTeacher_main.py:180 [INFO] Until now, best Prec@1 = 87.0400%
07/16 02:51:47午前 trainTeacher_main.py:210 [INFO] Train: [ 48/49] Final Prec@1 99.6511%
07/16 02:51:50午前 trainTeacher_main.py:238 [INFO] Valid: [ 48/49] Final Prec@1 86.5200%
07/16 02:51:51午前 trainTeacher_main.py:180 [INFO] Until now, best Prec@1 = 87.0400%
07/16 02:53:43午前 trainTeacher_main.py:210 [INFO] Train: [ 49/49] Final Prec@1 99.6222%
07/16 02:53:46午前 trainTeacher_main.py:238 [INFO] Valid: [ 49/49] Final Prec@1 87.0600%
07/16 02:53:47午前 trainTeacher_main.py:180 [INFO] Until now, best Prec@1 = 87.0600%
07/16 02:53:47午前 trainTeacher_main.py:182 [INFO] Final best Prec@1 = 87.0600%
