12/02 03:38:54AM parser.py:28 [INFO] 
12/02 03:38:54AM parser.py:29 [INFO] Parameters:
12/02 03:38:54AM parser.py:31 [INFO] DAG=Genotype2(DAG1=[[('skip_connect', 0), ('skip_connect', 1)], [('skip_connect', 1), ('skip_connect', 0)], [('skip_connect', 3), ('skip_connect', 1)], [('skip_connect', 3), ('skip_connect', 4)], [('skip_connect', 3), ('skip_connect', 4)], [('skip_connect', 4), ('skip_connect', 6)], [('skip_connect', 6), ('skip_connect', 5)], [('skip_connect', 6), ('skip_connect', 7)], [('skip_connect', 7), ('skip_connect', 8)], [('skip_connect', 8), ('skip_connect', 10)]], DAG1_concat=range(10, 12), DAG2=[[('skip_connect', 0), ('skip_connect', 1)], [('skip_connect', 0), ('skip_connect', 1)], [('skip_connect', 1), ('skip_connect', 2)], [('skip_connect', 2), ('skip_connect', 3)], [('skip_connect', 4), ('skip_connect', 3)], [('skip_connect', 4), ('skip_connect', 5)], [('skip_connect', 5), ('skip_connect', 6)], [('skip_connect', 7), ('max_pool_3x3', 8)], [('skip_connect', 7), ('skip_connect', 8)], [('skip_connect', 8), ('skip_connect', 9)]], DAG2_concat=range(10, 12), DAG3=[[('skip_connect', 0), ('skip_connect', 1)], [('skip_connect', 0), ('skip_connect', 1)], [('skip_connect', 1), ('skip_connect', 2)], [('skip_connect', 2), ('skip_connect', 3)], [('skip_connect', 3), ('skip_connect', 4)], [('skip_connect', 4), ('skip_connect', 5)], [('skip_connect', 5), ('skip_connect', 6)], [('skip_connect', 6), ('skip_connect', 7)], [('skip_connect', 7), ('skip_connect', 8)], [('skip_connect', 8), ('skip_connect', 9)]], DAG3_concat=range(10, 12))
12/02 03:38:54AM parser.py:31 [INFO] T=10.0
12/02 03:38:54AM parser.py:31 [INFO] ADVANCED=True
12/02 03:38:54AM parser.py:31 [INFO] AUX_WEIGHT=0.0
12/02 03:38:54AM parser.py:31 [INFO] BATCH_SIZE=256
12/02 03:38:54AM parser.py:31 [INFO] CUTOUT_LENGTH=16
12/02 03:38:54AM parser.py:31 [INFO] DATA_PATH=../data/
12/02 03:38:54AM parser.py:31 [INFO] DATASET=cifar100
12/02 03:38:54AM parser.py:31 [INFO] DESCRIPTION=search_and_evaluate_on_SearchingModel_discretized_arch_parameters_only_lr_scheduler_reset_
12/02 03:38:54AM parser.py:31 [INFO] DROP_PATH_PROB=0.0
12/02 03:38:54AM parser.py:31 [INFO] EPOCHS=100
12/02 03:38:54AM parser.py:31 [INFO] EXP_NAME=s4-L32-noAux16ch
12/02 03:38:54AM parser.py:31 [INFO] GENOTYPE=Genotype3(normal1=[[('sep_conv_5x5', 0), ('sep_conv_3x3', 1)], [('sep_conv_3x3', 1), ('sep_conv_3x3', 0)], [('sep_conv_3x3', 1), ('sep_conv_3x3', 2)], [('sep_conv_3x3', 0), ('sep_conv_5x5', 4)]], normal1_concat=range(2, 6), reduce1=[[('sep_conv_3x3', 0), ('skip_connect', 1)], [('sep_conv_3x3', 1), ('max_pool_3x3', 0)], [('sep_conv_3x3', 2), ('sep_conv_3x3', 1)], [('max_pool_3x3', 0), ('dil_conv_3x3', 1)]], reduce1_concat=range(2, 6), normal2=[[('skip_connect', 0), ('sep_conv_5x5', 1)], [('skip_connect', 0), ('skip_connect', 2)], [('avg_pool_3x3', 0), ('avg_pool_3x3', 2)], [('skip_connect', 0), ('avg_pool_3x3', 2)]], normal2_concat=range(2, 6), reduce2=[[('avg_pool_3x3', 0), ('avg_pool_3x3', 1)], [('avg_pool_3x3', 0), ('skip_connect', 2)], [('skip_connect', 2), ('avg_pool_3x3', 0)], [('skip_connect', 2), ('avg_pool_3x3', 0)]], reduce2_concat=range(2, 6), normal3=[[('skip_connect', 0), ('skip_connect', 1)], [('skip_connect', 0), ('dil_conv_3x3', 1)], [('skip_connect', 0), ('skip_connect', 1)], [('skip_connect', 0), ('skip_connect', 2)]], normal3_concat=range(2, 6))
12/02 03:38:54AM parser.py:31 [INFO] GPUS=[0]
12/02 03:38:54AM parser.py:31 [INFO] GRAD_CLIP=5.0
12/02 03:38:54AM parser.py:31 [INFO] INIT_CHANNELS=16
12/02 03:38:54AM parser.py:31 [INFO] L=0.5
12/02 03:38:54AM parser.py:31 [INFO] LAYERS=32
12/02 03:38:54AM parser.py:31 [INFO] LOGGER=<Logger H-DAS (INFO)>
12/02 03:38:54AM parser.py:31 [INFO] LR=0.025
12/02 03:38:54AM parser.py:31 [INFO] LR_MIN=0.001
12/02 03:38:54AM parser.py:31 [INFO] MOMENTUM=0.9
12/02 03:38:54AM parser.py:31 [INFO] NAME=noDepthLoss
12/02 03:38:54AM parser.py:31 [INFO] NONKD=True
12/02 03:38:54AM parser.py:31 [INFO] PATH=results/evaluate_stage_KD/cifar100/noDepthLoss/s4-L32-noAux16ch
12/02 03:38:54AM parser.py:31 [INFO] PRINT_FREQ=50
12/02 03:38:54AM parser.py:31 [INFO] RESUME_PATH=None
12/02 03:38:54AM parser.py:31 [INFO] SAVE=s4-L32-noAux16ch
12/02 03:38:54AM parser.py:31 [INFO] SEED=4
12/02 03:38:54AM parser.py:31 [INFO] SPEC_CELL=True
12/02 03:38:54AM parser.py:31 [INFO] TEACHER_NAME=none
12/02 03:38:54AM parser.py:31 [INFO] TEACHER_PATH=none
12/02 03:38:54AM parser.py:31 [INFO] TRAIN_PORTION=0.9
12/02 03:38:54AM parser.py:31 [INFO] WEIGHT_DECAY=0.0003
12/02 03:38:54AM parser.py:31 [INFO] WORKERS=4
12/02 03:38:54AM parser.py:32 [INFO] 
12/02 03:38:56AM evaluateStage_trainer.py:79 [INFO] --> No loaded checkpoint!
12/02 03:39:12AM evaluateStage_trainer.py:138 [INFO] Train: Epoch: [0][50/175]	Step 50	lr 0.025	Loss 4.5584 (4.6113)	Prec@(1,5) (1.4%, 6.7%)	
12/02 03:39:26AM evaluateStage_trainer.py:138 [INFO] Train: Epoch: [0][100/175]	Step 100	lr 0.025	Loss 4.2875 (4.5191)	Prec@(1,5) (2.4%, 10.6%)	
12/02 03:39:39AM evaluateStage_trainer.py:138 [INFO] Train: Epoch: [0][150/175]	Step 150	lr 0.025	Loss 4.0128 (4.4050)	Prec@(1,5) (3.8%, 14.3%)	
12/02 03:39:46AM evaluateStage_trainer.py:138 [INFO] Train: Epoch: [0][175/175]	Step 175	lr 0.025	Loss 4.0196 (4.3500)	Prec@(1,5) (4.4%, 16.0%)	
12/02 03:39:47AM evaluateStage_trainer.py:145 [INFO] Train: [  0/99] Final Prec@1 4.4156%
12/02 03:39:50AM evaluateStage_trainer.py:180 [INFO] Valid: [  0/99] Final Prec@1 7.7200%
12/02 03:39:51午前 evaluateStage_main.py:75 [INFO] Until now, best Prec@1 = 7.7200%
12/02 03:40:05午前 evaluateStage_trainer.py:138 [INFO] Train: Epoch: [1][50/175]	Step 226	lr 0.02499	Loss 3.9367 (3.8970)	Prec@(1,5) (10.3%, 30.7%)	
12/02 03:40:18午前 evaluateStage_trainer.py:138 [INFO] Train: Epoch: [1][100/175]	Step 276	lr 0.02499	Loss 3.7174 (3.8430)	Prec@(1,5) (11.1%, 32.2%)	
12/02 03:40:31午前 evaluateStage_trainer.py:138 [INFO] Train: Epoch: [1][150/175]	Step 326	lr 0.02499	Loss 3.7496 (3.7827)	Prec@(1,5) (12.1%, 33.8%)	
12/02 03:40:38午前 evaluateStage_trainer.py:138 [INFO] Train: Epoch: [1][175/175]	Step 351	lr 0.02499	Loss 3.7749 (3.7587)	Prec@(1,5) (12.4%, 34.5%)	
12/02 03:40:38午前 evaluateStage_trainer.py:145 [INFO] Train: [  1/99] Final Prec@1 12.4267%
12/02 03:40:41午前 evaluateStage_trainer.py:180 [INFO] Valid: [  1/99] Final Prec@1 13.5600%
12/02 03:40:42午前 evaluateStage_main.py:75 [INFO] Until now, best Prec@1 = 13.5600%
12/02 03:40:56午前 evaluateStage_trainer.py:138 [INFO] Train: Epoch: [2][50/175]	Step 402	lr 0.02498	Loss 3.4797 (3.5258)	Prec@(1,5) (16.1%, 40.7%)	
12/02 03:41:09午前 evaluateStage_trainer.py:138 [INFO] Train: Epoch: [2][100/175]	Step 452	lr 0.02498	Loss 3.4709 (3.4848)	Prec@(1,5) (16.7%, 41.9%)	
12/02 03:41:22午前 evaluateStage_trainer.py:138 [INFO] Train: Epoch: [2][150/175]	Step 502	lr 0.02498	Loss 3.3171 (3.4504)	Prec@(1,5) (17.2%, 42.9%)	
12/02 03:41:29午前 evaluateStage_trainer.py:138 [INFO] Train: Epoch: [2][175/175]	Step 527	lr 0.02498	Loss 3.1805 (3.4358)	Prec@(1,5) (17.3%, 43.3%)	
12/02 03:41:29午前 evaluateStage_trainer.py:145 [INFO] Train: [  2/99] Final Prec@1 17.3111%
12/02 03:41:32午前 evaluateStage_trainer.py:180 [INFO] Valid: [  2/99] Final Prec@1 16.7600%
12/02 03:41:33午前 evaluateStage_main.py:75 [INFO] Until now, best Prec@1 = 16.7600%
12/02 03:41:47午前 evaluateStage_trainer.py:138 [INFO] Train: Epoch: [3][50/175]	Step 578	lr 0.02495	Loss 3.2591 (3.2640)	Prec@(1,5) (20.2%, 47.9%)	
12/02 03:42:00午前 evaluateStage_trainer.py:138 [INFO] Train: Epoch: [3][100/175]	Step 628	lr 0.02495	Loss 3.1459 (3.2401)	Prec@(1,5) (20.9%, 48.7%)	
12/02 03:42:14午前 evaluateStage_trainer.py:138 [INFO] Train: Epoch: [3][150/175]	Step 678	lr 0.02495	Loss 3.0639 (3.2010)	Prec@(1,5) (21.5%, 49.7%)	
12/02 03:42:20午前 evaluateStage_trainer.py:138 [INFO] Train: Epoch: [3][175/175]	Step 703	lr 0.02495	Loss 3.0131 (3.1879)	Prec@(1,5) (21.6%, 50.1%)	
12/02 03:42:21午前 evaluateStage_trainer.py:145 [INFO] Train: [  3/99] Final Prec@1 21.6689%
12/02 03:42:23午前 evaluateStage_trainer.py:180 [INFO] Valid: [  3/99] Final Prec@1 20.3200%
12/02 03:42:24午前 evaluateStage_main.py:75 [INFO] Until now, best Prec@1 = 20.3200%
12/02 03:42:38午前 evaluateStage_trainer.py:138 [INFO] Train: Epoch: [4][50/175]	Step 754	lr 0.02491	Loss 3.0823 (3.0627)	Prec@(1,5) (24.2%, 53.6%)	
12/02 03:42:51午前 evaluateStage_trainer.py:138 [INFO] Train: Epoch: [4][100/175]	Step 804	lr 0.02491	Loss 2.8160 (3.0240)	Prec@(1,5) (24.6%, 54.5%)	
12/02 03:43:05午前 evaluateStage_trainer.py:138 [INFO] Train: Epoch: [4][150/175]	Step 854	lr 0.02491	Loss 3.0294 (2.9974)	Prec@(1,5) (25.3%, 55.2%)	
12/02 03:43:11午前 evaluateStage_trainer.py:138 [INFO] Train: Epoch: [4][175/175]	Step 879	lr 0.02491	Loss 2.8543 (2.9851)	Prec@(1,5) (25.6%, 55.5%)	
12/02 03:43:11午前 evaluateStage_trainer.py:145 [INFO] Train: [  4/99] Final Prec@1 25.6067%
12/02 03:43:14午前 evaluateStage_trainer.py:180 [INFO] Valid: [  4/99] Final Prec@1 24.9400%
12/02 03:43:15午前 evaluateStage_main.py:75 [INFO] Until now, best Prec@1 = 24.9400%
12/02 03:43:29午前 evaluateStage_trainer.py:138 [INFO] Train: Epoch: [5][50/175]	Step 930	lr 0.02485	Loss 2.8370 (2.8378)	Prec@(1,5) (28.4%, 58.9%)	
12/02 03:43:42午前 evaluateStage_trainer.py:138 [INFO] Train: Epoch: [5][100/175]	Step 980	lr 0.02485	Loss 2.6920 (2.8214)	Prec@(1,5) (28.7%, 59.4%)	
12/02 03:43:56午前 evaluateStage_trainer.py:138 [INFO] Train: Epoch: [5][150/175]	Step 1030	lr 0.02485	Loss 2.8429 (2.8107)	Prec@(1,5) (29.0%, 59.8%)	
12/02 03:44:02午前 evaluateStage_trainer.py:138 [INFO] Train: Epoch: [5][175/175]	Step 1055	lr 0.02485	Loss 2.8075 (2.8017)	Prec@(1,5) (29.2%, 60.0%)	
12/02 03:44:03午前 evaluateStage_trainer.py:145 [INFO] Train: [  5/99] Final Prec@1 29.1622%
12/02 03:44:06午前 evaluateStage_trainer.py:180 [INFO] Valid: [  5/99] Final Prec@1 25.7600%
12/02 03:44:06午前 evaluateStage_main.py:75 [INFO] Until now, best Prec@1 = 25.7600%
12/02 03:44:20午前 evaluateStage_trainer.py:138 [INFO] Train: Epoch: [6][50/175]	Step 1106	lr 0.02479	Loss 2.6298 (2.6931)	Prec@(1,5) (31.2%, 62.5%)	
12/02 03:44:33午前 evaluateStage_trainer.py:138 [INFO] Train: Epoch: [6][100/175]	Step 1156	lr 0.02479	Loss 2.6571 (2.6606)	Prec@(1,5) (31.9%, 63.3%)	
12/02 03:44:47午前 evaluateStage_trainer.py:138 [INFO] Train: Epoch: [6][150/175]	Step 1206	lr 0.02479	Loss 2.3947 (2.6503)	Prec@(1,5) (32.1%, 63.5%)	
12/02 03:44:53午前 evaluateStage_trainer.py:138 [INFO] Train: Epoch: [6][175/175]	Step 1231	lr 0.02479	Loss 2.8052 (2.6482)	Prec@(1,5) (32.2%, 63.6%)	
12/02 03:44:54午前 evaluateStage_trainer.py:145 [INFO] Train: [  6/99] Final Prec@1 32.1822%
12/02 03:44:56午前 evaluateStage_trainer.py:180 [INFO] Valid: [  6/99] Final Prec@1 28.0400%
12/02 03:44:57午前 evaluateStage_main.py:75 [INFO] Until now, best Prec@1 = 28.0400%
12/02 03:45:11午前 evaluateStage_trainer.py:138 [INFO] Train: Epoch: [7][50/175]	Step 1282	lr 0.02471	Loss 2.5329 (2.5161)	Prec@(1,5) (34.6%, 67.0%)	
12/02 03:45:25午前 evaluateStage_trainer.py:138 [INFO] Train: Epoch: [7][100/175]	Step 1332	lr 0.02471	Loss 2.5158 (2.5231)	Prec@(1,5) (34.7%, 66.9%)	
12/02 03:45:38午前 evaluateStage_trainer.py:138 [INFO] Train: Epoch: [7][150/175]	Step 1382	lr 0.02471	Loss 2.4325 (2.5209)	Prec@(1,5) (34.8%, 66.9%)	
12/02 03:45:45午前 evaluateStage_trainer.py:138 [INFO] Train: Epoch: [7][175/175]	Step 1407	lr 0.02471	Loss 2.3445 (2.5132)	Prec@(1,5) (34.9%, 67.0%)	
12/02 03:45:45午前 evaluateStage_trainer.py:145 [INFO] Train: [  7/99] Final Prec@1 34.9311%
12/02 03:45:48午前 evaluateStage_trainer.py:180 [INFO] Valid: [  7/99] Final Prec@1 31.8800%
12/02 03:45:48午前 evaluateStage_main.py:75 [INFO] Until now, best Prec@1 = 31.8800%
12/02 03:46:02午前 evaluateStage_trainer.py:138 [INFO] Train: Epoch: [8][50/175]	Step 1458	lr 0.02462	Loss 2.6454 (2.3962)	Prec@(1,5) (37.5%, 69.1%)	
12/02 03:46:16午前 evaluateStage_trainer.py:138 [INFO] Train: Epoch: [8][100/175]	Step 1508	lr 0.02462	Loss 2.4752 (2.4084)	Prec@(1,5) (36.9%, 69.1%)	
12/02 03:46:29午前 evaluateStage_trainer.py:138 [INFO] Train: Epoch: [8][150/175]	Step 1558	lr 0.02462	Loss 2.4721 (2.3954)	Prec@(1,5) (37.4%, 69.4%)	
12/02 03:46:36午前 evaluateStage_trainer.py:138 [INFO] Train: Epoch: [8][175/175]	Step 1583	lr 0.02462	Loss 2.4153 (2.3843)	Prec@(1,5) (37.6%, 69.6%)	
12/02 03:46:36午前 evaluateStage_trainer.py:145 [INFO] Train: [  8/99] Final Prec@1 37.6200%
12/02 03:46:39午前 evaluateStage_trainer.py:180 [INFO] Valid: [  8/99] Final Prec@1 33.1000%
12/02 03:46:39午前 evaluateStage_main.py:75 [INFO] Until now, best Prec@1 = 33.1000%
12/02 03:46:53午前 evaluateStage_trainer.py:138 [INFO] Train: Epoch: [9][50/175]	Step 1634	lr 0.02452	Loss 2.3728 (2.2567)	Prec@(1,5) (40.6%, 72.5%)	
12/02 03:47:07午前 evaluateStage_trainer.py:138 [INFO] Train: Epoch: [9][100/175]	Step 1684	lr 0.02452	Loss 2.2617 (2.2767)	Prec@(1,5) (39.9%, 71.8%)	
12/02 03:47:20午前 evaluateStage_trainer.py:138 [INFO] Train: Epoch: [9][150/175]	Step 1734	lr 0.02452	Loss 2.0947 (2.2702)	Prec@(1,5) (40.0%, 72.0%)	
12/02 03:47:27午前 evaluateStage_trainer.py:138 [INFO] Train: Epoch: [9][175/175]	Step 1759	lr 0.02452	Loss 2.2164 (2.2722)	Prec@(1,5) (40.1%, 71.9%)	
12/02 03:47:27午前 evaluateStage_trainer.py:145 [INFO] Train: [  9/99] Final Prec@1 40.0667%
12/02 03:47:30午前 evaluateStage_trainer.py:180 [INFO] Valid: [  9/99] Final Prec@1 31.9200%
12/02 03:47:30午前 evaluateStage_main.py:75 [INFO] Until now, best Prec@1 = 33.1000%
12/02 03:47:44午前 evaluateStage_trainer.py:138 [INFO] Train: Epoch: [10][50/175]	Step 1810	lr 0.02441	Loss 2.2751 (2.1721)	Prec@(1,5) (42.7%, 73.9%)	
12/02 03:47:57午前 evaluateStage_trainer.py:138 [INFO] Train: Epoch: [10][100/175]	Step 1860	lr 0.02441	Loss 2.1815 (2.1609)	Prec@(1,5) (42.2%, 74.3%)	
12/02 03:48:11午前 evaluateStage_trainer.py:138 [INFO] Train: Epoch: [10][150/175]	Step 1910	lr 0.02441	Loss 2.2215 (2.1770)	Prec@(1,5) (41.9%, 73.9%)	
12/02 03:48:17午前 evaluateStage_trainer.py:138 [INFO] Train: Epoch: [10][175/175]	Step 1935	lr 0.02441	Loss 2.2214 (2.1715)	Prec@(1,5) (42.0%, 73.9%)	
12/02 03:48:18午前 evaluateStage_trainer.py:145 [INFO] Train: [ 10/99] Final Prec@1 41.9600%
12/02 03:48:20午前 evaluateStage_trainer.py:180 [INFO] Valid: [ 10/99] Final Prec@1 35.7400%
12/02 03:48:21午前 evaluateStage_main.py:75 [INFO] Until now, best Prec@1 = 35.7400%
12/02 03:48:35午前 evaluateStage_trainer.py:138 [INFO] Train: Epoch: [11][50/175]	Step 1986	lr 0.02429	Loss 2.1722 (2.0858)	Prec@(1,5) (44.0%, 75.9%)	
12/02 03:48:49午前 evaluateStage_trainer.py:138 [INFO] Train: Epoch: [11][100/175]	Step 2036	lr 0.02429	Loss 2.0533 (2.0790)	Prec@(1,5) (44.2%, 75.9%)	
12/02 03:49:02午前 evaluateStage_trainer.py:138 [INFO] Train: Epoch: [11][150/175]	Step 2086	lr 0.02429	Loss 2.2397 (2.0875)	Prec@(1,5) (44.0%, 75.8%)	
12/02 03:49:09午前 evaluateStage_trainer.py:138 [INFO] Train: Epoch: [11][175/175]	Step 2111	lr 0.02429	Loss 2.0881 (2.0858)	Prec@(1,5) (44.0%, 75.9%)	
12/02 03:49:09午前 evaluateStage_trainer.py:145 [INFO] Train: [ 11/99] Final Prec@1 44.0311%
12/02 03:49:12午前 evaluateStage_trainer.py:180 [INFO] Valid: [ 11/99] Final Prec@1 37.9000%
12/02 03:49:12午前 evaluateStage_main.py:75 [INFO] Until now, best Prec@1 = 37.9000%
12/02 03:49:26午前 evaluateStage_trainer.py:138 [INFO] Train: Epoch: [12][50/175]	Step 2162	lr 0.02416	Loss 1.9257 (1.9951)	Prec@(1,5) (45.8%, 76.9%)	
12/02 03:49:40午前 evaluateStage_trainer.py:138 [INFO] Train: Epoch: [12][100/175]	Step 2212	lr 0.02416	Loss 2.0328 (1.9970)	Prec@(1,5) (45.6%, 77.2%)	
12/02 03:49:53午前 evaluateStage_trainer.py:138 [INFO] Train: Epoch: [12][150/175]	Step 2262	lr 0.02416	Loss 2.1345 (2.0129)	Prec@(1,5) (45.3%, 77.0%)	
12/02 03:50:00午前 evaluateStage_trainer.py:138 [INFO] Train: Epoch: [12][175/175]	Step 2287	lr 0.02416	Loss 2.0687 (2.0144)	Prec@(1,5) (45.3%, 77.0%)	
12/02 03:50:00午前 evaluateStage_trainer.py:145 [INFO] Train: [ 12/99] Final Prec@1 45.3289%
12/02 03:50:03午前 evaluateStage_trainer.py:180 [INFO] Valid: [ 12/99] Final Prec@1 40.5200%
12/02 03:50:03午前 evaluateStage_main.py:75 [INFO] Until now, best Prec@1 = 40.5200%
12/02 03:50:17午前 evaluateStage_trainer.py:138 [INFO] Train: Epoch: [13][50/175]	Step 2338	lr 0.02401	Loss 1.9228 (1.9088)	Prec@(1,5) (47.6%, 79.4%)	
12/02 03:50:31午前 evaluateStage_trainer.py:138 [INFO] Train: Epoch: [13][100/175]	Step 2388	lr 0.02401	Loss 1.9353 (1.9239)	Prec@(1,5) (47.7%, 78.7%)	
12/02 03:50:44午前 evaluateStage_trainer.py:138 [INFO] Train: Epoch: [13][150/175]	Step 2438	lr 0.02401	Loss 1.9334 (1.9276)	Prec@(1,5) (47.7%, 78.8%)	
12/02 03:50:51午前 evaluateStage_trainer.py:138 [INFO] Train: Epoch: [13][175/175]	Step 2463	lr 0.02401	Loss 1.8360 (1.9301)	Prec@(1,5) (47.6%, 78.7%)	
12/02 03:50:51午前 evaluateStage_trainer.py:145 [INFO] Train: [ 13/99] Final Prec@1 47.6156%
12/02 03:50:54午前 evaluateStage_trainer.py:180 [INFO] Valid: [ 13/99] Final Prec@1 40.6600%
12/02 03:50:54午前 evaluateStage_main.py:75 [INFO] Until now, best Prec@1 = 40.6600%
12/02 03:51:09午前 evaluateStage_trainer.py:138 [INFO] Train: Epoch: [14][50/175]	Step 2514	lr 0.02386	Loss 1.9495 (1.8024)	Prec@(1,5) (50.9%, 81.0%)	
12/02 03:51:22午前 evaluateStage_trainer.py:138 [INFO] Train: Epoch: [14][100/175]	Step 2564	lr 0.02386	Loss 1.8963 (1.8395)	Prec@(1,5) (49.8%, 80.4%)	
12/02 03:51:35午前 evaluateStage_trainer.py:138 [INFO] Train: Epoch: [14][150/175]	Step 2614	lr 0.02386	Loss 1.9555 (1.8508)	Prec@(1,5) (49.6%, 80.2%)	
12/02 03:51:42午前 evaluateStage_trainer.py:138 [INFO] Train: Epoch: [14][175/175]	Step 2639	lr 0.02386	Loss 1.9729 (1.8613)	Prec@(1,5) (49.4%, 80.0%)	
12/02 03:51:42午前 evaluateStage_trainer.py:145 [INFO] Train: [ 14/99] Final Prec@1 49.3733%
12/02 03:51:45午前 evaluateStage_trainer.py:180 [INFO] Valid: [ 14/99] Final Prec@1 43.0000%
12/02 03:51:46午前 evaluateStage_main.py:75 [INFO] Until now, best Prec@1 = 43.0000%
12/02 03:52:00午前 evaluateStage_trainer.py:138 [INFO] Train: Epoch: [15][50/175]	Step 2690	lr 0.02369	Loss 1.8327 (1.7685)	Prec@(1,5) (51.5%, 81.9%)	
12/02 03:52:13午前 evaluateStage_trainer.py:138 [INFO] Train: Epoch: [15][100/175]	Step 2740	lr 0.02369	Loss 1.6912 (1.7783)	Prec@(1,5) (51.2%, 81.7%)	
12/02 03:52:27午前 evaluateStage_trainer.py:138 [INFO] Train: Epoch: [15][150/175]	Step 2790	lr 0.02369	Loss 1.8936 (1.7930)	Prec@(1,5) (50.8%, 81.5%)	
12/02 03:52:33午前 evaluateStage_trainer.py:138 [INFO] Train: Epoch: [15][175/175]	Step 2815	lr 0.02369	Loss 1.8710 (1.7936)	Prec@(1,5) (50.9%, 81.4%)	
12/02 03:52:33午前 evaluateStage_trainer.py:145 [INFO] Train: [ 15/99] Final Prec@1 50.8756%
12/02 03:52:36午前 evaluateStage_trainer.py:180 [INFO] Valid: [ 15/99] Final Prec@1 42.9200%
12/02 03:52:36午前 evaluateStage_main.py:75 [INFO] Until now, best Prec@1 = 43.0000%
12/02 03:52:51午前 evaluateStage_trainer.py:138 [INFO] Train: Epoch: [16][50/175]	Step 2866	lr 0.02352	Loss 1.8805 (1.6902)	Prec@(1,5) (52.9%, 83.3%)	
12/02 03:53:04午前 evaluateStage_trainer.py:138 [INFO] Train: Epoch: [16][100/175]	Step 2916	lr 0.02352	Loss 1.8078 (1.7203)	Prec@(1,5) (52.3%, 82.8%)	
12/02 03:53:17午前 evaluateStage_trainer.py:138 [INFO] Train: Epoch: [16][150/175]	Step 2966	lr 0.02352	Loss 1.7359 (1.7353)	Prec@(1,5) (52.2%, 82.4%)	
12/02 03:53:24午前 evaluateStage_trainer.py:138 [INFO] Train: Epoch: [16][175/175]	Step 2991	lr 0.02352	Loss 1.6931 (1.7351)	Prec@(1,5) (52.2%, 82.3%)	
12/02 03:53:24午前 evaluateStage_trainer.py:145 [INFO] Train: [ 16/99] Final Prec@1 52.2156%
12/02 03:53:27午前 evaluateStage_trainer.py:180 [INFO] Valid: [ 16/99] Final Prec@1 42.6400%
12/02 03:53:27午前 evaluateStage_main.py:75 [INFO] Until now, best Prec@1 = 43.0000%
12/02 03:53:41午前 evaluateStage_trainer.py:138 [INFO] Train: Epoch: [17][50/175]	Step 3042	lr 0.02333	Loss 1.6890 (1.6507)	Prec@(1,5) (53.9%, 83.4%)	
12/02 03:53:55午前 evaluateStage_trainer.py:138 [INFO] Train: Epoch: [17][100/175]	Step 3092	lr 0.02333	Loss 1.6723 (1.6668)	Prec@(1,5) (53.5%, 83.3%)	
12/02 03:54:08午前 evaluateStage_trainer.py:138 [INFO] Train: Epoch: [17][150/175]	Step 3142	lr 0.02333	Loss 1.6977 (1.6812)	Prec@(1,5) (53.0%, 83.0%)	
12/02 03:54:15午前 evaluateStage_trainer.py:138 [INFO] Train: Epoch: [17][175/175]	Step 3167	lr 0.02333	Loss 1.6953 (1.6853)	Prec@(1,5) (52.9%, 83.0%)	
12/02 03:54:15午前 evaluateStage_trainer.py:145 [INFO] Train: [ 17/99] Final Prec@1 52.9200%
12/02 03:54:18午前 evaluateStage_trainer.py:180 [INFO] Valid: [ 17/99] Final Prec@1 44.4400%
12/02 03:54:18午前 evaluateStage_main.py:75 [INFO] Until now, best Prec@1 = 44.4400%
12/02 03:54:32午前 evaluateStage_trainer.py:138 [INFO] Train: Epoch: [18][50/175]	Step 3218	lr 0.02313	Loss 1.6125 (1.5973)	Prec@(1,5) (55.1%, 84.4%)	
12/02 03:54:46午前 evaluateStage_trainer.py:138 [INFO] Train: Epoch: [18][100/175]	Step 3268	lr 0.02313	Loss 1.6886 (1.5991)	Prec@(1,5) (55.0%, 84.5%)	
12/02 03:54:59午前 evaluateStage_trainer.py:138 [INFO] Train: Epoch: [18][150/175]	Step 3318	lr 0.02313	Loss 1.7123 (1.6111)	Prec@(1,5) (55.1%, 84.3%)	
12/02 03:55:06午前 evaluateStage_trainer.py:138 [INFO] Train: Epoch: [18][175/175]	Step 3343	lr 0.02313	Loss 1.7930 (1.6197)	Prec@(1,5) (54.9%, 84.2%)	
12/02 03:55:06午前 evaluateStage_trainer.py:145 [INFO] Train: [ 18/99] Final Prec@1 54.8756%
12/02 03:55:09午前 evaluateStage_trainer.py:180 [INFO] Valid: [ 18/99] Final Prec@1 45.2000%
12/02 03:55:09午前 evaluateStage_main.py:75 [INFO] Until now, best Prec@1 = 45.2000%
12/02 03:55:23午前 evaluateStage_trainer.py:138 [INFO] Train: Epoch: [19][50/175]	Step 3394	lr 0.02292	Loss 1.3749 (1.5745)	Prec@(1,5) (56.4%, 84.7%)	
12/02 03:55:37午前 evaluateStage_trainer.py:138 [INFO] Train: Epoch: [19][100/175]	Step 3444	lr 0.02292	Loss 1.4862 (1.5758)	Prec@(1,5) (56.1%, 84.9%)	
12/02 03:55:50午前 evaluateStage_trainer.py:138 [INFO] Train: Epoch: [19][150/175]	Step 3494	lr 0.02292	Loss 1.7170 (1.5821)	Prec@(1,5) (55.9%, 84.9%)	
12/02 03:55:57午前 evaluateStage_trainer.py:138 [INFO] Train: Epoch: [19][175/175]	Step 3519	lr 0.02292	Loss 1.6651 (1.5870)	Prec@(1,5) (55.7%, 84.8%)	
12/02 03:55:57午前 evaluateStage_trainer.py:145 [INFO] Train: [ 19/99] Final Prec@1 55.6867%
12/02 03:56:00午前 evaluateStage_trainer.py:180 [INFO] Valid: [ 19/99] Final Prec@1 45.8600%
12/02 03:56:00午前 evaluateStage_main.py:75 [INFO] Until now, best Prec@1 = 45.8600%
12/02 03:56:15午前 evaluateStage_trainer.py:138 [INFO] Train: Epoch: [20][50/175]	Step 3570	lr 0.02271	Loss 1.6988 (1.5305)	Prec@(1,5) (56.8%, 85.7%)	
12/02 03:56:28午前 evaluateStage_trainer.py:138 [INFO] Train: Epoch: [20][100/175]	Step 3620	lr 0.02271	Loss 1.6534 (1.5281)	Prec@(1,5) (56.6%, 85.7%)	
12/02 03:56:41午前 evaluateStage_trainer.py:138 [INFO] Train: Epoch: [20][150/175]	Step 3670	lr 0.02271	Loss 1.5157 (1.5343)	Prec@(1,5) (56.4%, 85.7%)	
12/02 03:56:48午前 evaluateStage_trainer.py:138 [INFO] Train: Epoch: [20][175/175]	Step 3695	lr 0.02271	Loss 1.5650 (1.5384)	Prec@(1,5) (56.4%, 85.5%)	
12/02 03:56:48午前 evaluateStage_trainer.py:145 [INFO] Train: [ 20/99] Final Prec@1 56.3444%
12/02 03:56:51午前 evaluateStage_trainer.py:180 [INFO] Valid: [ 20/99] Final Prec@1 46.6400%
12/02 03:56:52午前 evaluateStage_main.py:75 [INFO] Until now, best Prec@1 = 46.6400%
12/02 03:57:06午前 evaluateStage_trainer.py:138 [INFO] Train: Epoch: [21][50/175]	Step 3746	lr 0.02248	Loss 1.4121 (1.4474)	Prec@(1,5) (59.1%, 87.2%)	
12/02 03:57:19午前 evaluateStage_trainer.py:138 [INFO] Train: Epoch: [21][100/175]	Step 3796	lr 0.02248	Loss 1.3057 (1.4617)	Prec@(1,5) (58.7%, 86.7%)	
12/02 03:57:33午前 evaluateStage_trainer.py:138 [INFO] Train: Epoch: [21][150/175]	Step 3846	lr 0.02248	Loss 1.4666 (1.4848)	Prec@(1,5) (58.1%, 86.3%)	
12/02 03:57:39午前 evaluateStage_trainer.py:138 [INFO] Train: Epoch: [21][175/175]	Step 3871	lr 0.02248	Loss 1.4381 (1.4904)	Prec@(1,5) (58.0%, 86.2%)	
12/02 03:57:40午前 evaluateStage_trainer.py:145 [INFO] Train: [ 21/99] Final Prec@1 57.9733%
12/02 03:57:42午前 evaluateStage_trainer.py:180 [INFO] Valid: [ 21/99] Final Prec@1 43.8400%
12/02 03:57:43午前 evaluateStage_main.py:75 [INFO] Until now, best Prec@1 = 46.6400%
12/02 03:57:57午前 evaluateStage_trainer.py:138 [INFO] Train: Epoch: [22][50/175]	Step 3922	lr 0.02225	Loss 1.3604 (1.4153)	Prec@(1,5) (59.7%, 87.5%)	
12/02 03:58:10午前 evaluateStage_trainer.py:138 [INFO] Train: Epoch: [22][100/175]	Step 3972	lr 0.02225	Loss 1.5265 (1.4276)	Prec@(1,5) (59.3%, 87.3%)	
12/02 03:58:23午前 evaluateStage_trainer.py:138 [INFO] Train: Epoch: [22][150/175]	Step 4022	lr 0.02225	Loss 1.4166 (1.4360)	Prec@(1,5) (59.1%, 87.1%)	
12/02 03:58:30午前 evaluateStage_trainer.py:138 [INFO] Train: Epoch: [22][175/175]	Step 4047	lr 0.02225	Loss 1.4815 (1.4432)	Prec@(1,5) (58.9%, 87.0%)	
12/02 03:58:30午前 evaluateStage_trainer.py:145 [INFO] Train: [ 22/99] Final Prec@1 58.9378%
12/02 03:58:33午前 evaluateStage_trainer.py:180 [INFO] Valid: [ 22/99] Final Prec@1 46.7600%
12/02 03:58:34午前 evaluateStage_main.py:75 [INFO] Until now, best Prec@1 = 46.7600%
12/02 03:58:48午前 evaluateStage_trainer.py:138 [INFO] Train: Epoch: [23][50/175]	Step 4098	lr 0.022	Loss 1.4026 (1.3998)	Prec@(1,5) (59.8%, 88.0%)	
12/02 03:59:01午前 evaluateStage_trainer.py:138 [INFO] Train: Epoch: [23][100/175]	Step 4148	lr 0.022	Loss 1.3007 (1.4045)	Prec@(1,5) (60.0%, 87.7%)	
12/02 03:59:15午前 evaluateStage_trainer.py:138 [INFO] Train: Epoch: [23][150/175]	Step 4198	lr 0.022	Loss 1.3447 (1.4102)	Prec@(1,5) (59.8%, 87.6%)	
12/02 03:59:21午前 evaluateStage_trainer.py:138 [INFO] Train: Epoch: [23][175/175]	Step 4223	lr 0.022	Loss 1.4896 (1.4104)	Prec@(1,5) (59.8%, 87.6%)	
12/02 03:59:22午前 evaluateStage_trainer.py:145 [INFO] Train: [ 23/99] Final Prec@1 59.8556%
12/02 03:59:24午前 evaluateStage_trainer.py:180 [INFO] Valid: [ 23/99] Final Prec@1 49.1600%
12/02 03:59:25午前 evaluateStage_main.py:75 [INFO] Until now, best Prec@1 = 49.1600%
12/02 03:59:39午前 evaluateStage_trainer.py:138 [INFO] Train: Epoch: [24][50/175]	Step 4274	lr 0.02175	Loss 1.4311 (1.3383)	Prec@(1,5) (62.3%, 88.2%)	
12/02 03:59:53午前 evaluateStage_trainer.py:138 [INFO] Train: Epoch: [24][100/175]	Step 4324	lr 0.02175	Loss 1.2869 (1.3521)	Prec@(1,5) (61.4%, 88.3%)	
12/02 04:00:06午前 evaluateStage_trainer.py:138 [INFO] Train: Epoch: [24][150/175]	Step 4374	lr 0.02175	Loss 1.3117 (1.3643)	Prec@(1,5) (61.2%, 88.0%)	
12/02 04:00:13午前 evaluateStage_trainer.py:138 [INFO] Train: Epoch: [24][175/175]	Step 4399	lr 0.02175	Loss 1.3313 (1.3701)	Prec@(1,5) (60.9%, 88.0%)	
12/02 04:00:13午前 evaluateStage_trainer.py:145 [INFO] Train: [ 24/99] Final Prec@1 60.8867%
12/02 04:00:16午前 evaluateStage_trainer.py:180 [INFO] Valid: [ 24/99] Final Prec@1 47.5200%
12/02 04:00:16午前 evaluateStage_main.py:75 [INFO] Until now, best Prec@1 = 49.1600%
12/02 04:00:30午前 evaluateStage_trainer.py:138 [INFO] Train: Epoch: [25][50/175]	Step 4450	lr 0.02149	Loss 1.4104 (1.2880)	Prec@(1,5) (62.9%, 89.5%)	
12/02 04:00:44午前 evaluateStage_trainer.py:138 [INFO] Train: Epoch: [25][100/175]	Step 4500	lr 0.02149	Loss 1.3698 (1.3131)	Prec@(1,5) (62.2%, 89.0%)	
12/02 04:00:57午前 evaluateStage_trainer.py:138 [INFO] Train: Epoch: [25][150/175]	Step 4550	lr 0.02149	Loss 1.4776 (1.3345)	Prec@(1,5) (61.8%, 88.7%)	
12/02 04:01:04午前 evaluateStage_trainer.py:138 [INFO] Train: Epoch: [25][175/175]	Step 4575	lr 0.02149	Loss 1.4121 (1.3424)	Prec@(1,5) (61.6%, 88.5%)	
12/02 04:01:04午前 evaluateStage_trainer.py:145 [INFO] Train: [ 25/99] Final Prec@1 61.5933%
12/02 04:01:07午前 evaluateStage_trainer.py:180 [INFO] Valid: [ 25/99] Final Prec@1 49.4600%
12/02 04:01:07午前 evaluateStage_main.py:75 [INFO] Until now, best Prec@1 = 49.4600%
12/02 04:01:22午前 evaluateStage_trainer.py:138 [INFO] Train: Epoch: [26][50/175]	Step 4626	lr 0.02121	Loss 1.4814 (1.2384)	Prec@(1,5) (64.3%, 90.0%)	
12/02 04:01:35午前 evaluateStage_trainer.py:138 [INFO] Train: Epoch: [26][100/175]	Step 4676	lr 0.02121	Loss 1.2051 (1.2714)	Prec@(1,5) (63.1%, 89.5%)	
12/02 04:01:48午前 evaluateStage_trainer.py:138 [INFO] Train: Epoch: [26][150/175]	Step 4726	lr 0.02121	Loss 1.2914 (1.2917)	Prec@(1,5) (62.6%, 89.3%)	
12/02 04:01:55午前 evaluateStage_trainer.py:138 [INFO] Train: Epoch: [26][175/175]	Step 4751	lr 0.02121	Loss 1.5066 (1.3047)	Prec@(1,5) (62.3%, 89.1%)	
12/02 04:01:56午前 evaluateStage_trainer.py:145 [INFO] Train: [ 26/99] Final Prec@1 62.2733%
12/02 04:01:58午前 evaluateStage_trainer.py:180 [INFO] Valid: [ 26/99] Final Prec@1 49.7600%
12/02 04:01:59午前 evaluateStage_main.py:75 [INFO] Until now, best Prec@1 = 49.7600%
12/02 04:02:13午前 evaluateStage_trainer.py:138 [INFO] Train: Epoch: [27][50/175]	Step 4802	lr 0.02094	Loss 1.2984 (1.2402)	Prec@(1,5) (64.2%, 90.1%)	
12/02 04:02:27午前 evaluateStage_trainer.py:138 [INFO] Train: Epoch: [27][100/175]	Step 4852	lr 0.02094	Loss 1.4018 (1.2513)	Prec@(1,5) (63.6%, 89.9%)	
12/02 04:02:40午前 evaluateStage_trainer.py:138 [INFO] Train: Epoch: [27][150/175]	Step 4902	lr 0.02094	Loss 1.3632 (1.2624)	Prec@(1,5) (63.6%, 89.7%)	
12/02 04:02:47午前 evaluateStage_trainer.py:138 [INFO] Train: Epoch: [27][175/175]	Step 4927	lr 0.02094	Loss 1.2845 (1.2697)	Prec@(1,5) (63.4%, 89.6%)	
12/02 04:02:47午前 evaluateStage_trainer.py:145 [INFO] Train: [ 27/99] Final Prec@1 63.3333%
12/02 04:02:50午前 evaluateStage_trainer.py:180 [INFO] Valid: [ 27/99] Final Prec@1 49.5400%
12/02 04:02:50午前 evaluateStage_main.py:75 [INFO] Until now, best Prec@1 = 49.7600%
12/02 04:03:05午前 evaluateStage_trainer.py:138 [INFO] Train: Epoch: [28][50/175]	Step 4978	lr 0.02065	Loss 1.4412 (1.1875)	Prec@(1,5) (65.1%, 90.8%)	
12/02 04:03:18午前 evaluateStage_trainer.py:138 [INFO] Train: Epoch: [28][100/175]	Step 5028	lr 0.02065	Loss 1.1979 (1.2017)	Prec@(1,5) (64.7%, 90.7%)	
12/02 04:03:31午前 evaluateStage_trainer.py:138 [INFO] Train: Epoch: [28][150/175]	Step 5078	lr 0.02065	Loss 1.1836 (1.2260)	Prec@(1,5) (64.0%, 90.3%)	
12/02 04:03:38午前 evaluateStage_trainer.py:138 [INFO] Train: Epoch: [28][175/175]	Step 5103	lr 0.02065	Loss 1.2226 (1.2360)	Prec@(1,5) (63.9%, 90.1%)	
12/02 04:03:38午前 evaluateStage_trainer.py:145 [INFO] Train: [ 28/99] Final Prec@1 63.8422%
12/02 04:03:41午前 evaluateStage_trainer.py:180 [INFO] Valid: [ 28/99] Final Prec@1 50.9200%
12/02 04:03:42午前 evaluateStage_main.py:75 [INFO] Until now, best Prec@1 = 50.9200%
12/02 04:03:56午前 evaluateStage_trainer.py:138 [INFO] Train: Epoch: [29][50/175]	Step 5154	lr 0.02035	Loss 1.2157 (1.1648)	Prec@(1,5) (65.7%, 91.1%)	
12/02 04:04:09午前 evaluateStage_trainer.py:138 [INFO] Train: Epoch: [29][100/175]	Step 5204	lr 0.02035	Loss 1.1175 (1.1834)	Prec@(1,5) (65.3%, 90.8%)	
12/02 04:04:22午前 evaluateStage_trainer.py:138 [INFO] Train: Epoch: [29][150/175]	Step 5254	lr 0.02035	Loss 1.1461 (1.1991)	Prec@(1,5) (64.9%, 90.6%)	
12/02 04:04:29午前 evaluateStage_trainer.py:138 [INFO] Train: Epoch: [29][175/175]	Step 5279	lr 0.02035	Loss 1.2813 (1.2043)	Prec@(1,5) (64.7%, 90.6%)	
12/02 04:04:29午前 evaluateStage_trainer.py:145 [INFO] Train: [ 29/99] Final Prec@1 64.7600%
12/02 04:04:32午前 evaluateStage_trainer.py:180 [INFO] Valid: [ 29/99] Final Prec@1 51.7800%
12/02 04:04:33午前 evaluateStage_main.py:75 [INFO] Until now, best Prec@1 = 51.7800%
12/02 04:04:47午前 evaluateStage_trainer.py:138 [INFO] Train: Epoch: [30][50/175]	Step 5330	lr 0.02005	Loss 1.2244 (1.1282)	Prec@(1,5) (66.8%, 91.7%)	
12/02 04:05:00午前 evaluateStage_trainer.py:138 [INFO] Train: Epoch: [30][100/175]	Step 5380	lr 0.02005	Loss 1.1801 (1.1481)	Prec@(1,5) (66.4%, 91.4%)	
12/02 04:05:13午前 evaluateStage_trainer.py:138 [INFO] Train: Epoch: [30][150/175]	Step 5430	lr 0.02005	Loss 1.2558 (1.1598)	Prec@(1,5) (66.0%, 91.2%)	
12/02 04:05:20午前 evaluateStage_trainer.py:138 [INFO] Train: Epoch: [30][175/175]	Step 5455	lr 0.02005	Loss 1.1065 (1.1711)	Prec@(1,5) (65.7%, 91.1%)	
12/02 04:05:20午前 evaluateStage_trainer.py:145 [INFO] Train: [ 30/99] Final Prec@1 65.7111%
12/02 04:05:23午前 evaluateStage_trainer.py:180 [INFO] Valid: [ 30/99] Final Prec@1 51.0000%
12/02 04:05:23午前 evaluateStage_main.py:75 [INFO] Until now, best Prec@1 = 51.7800%
12/02 04:05:37午前 evaluateStage_trainer.py:138 [INFO] Train: Epoch: [31][50/175]	Step 5506	lr 0.01975	Loss 1.0750 (1.1118)	Prec@(1,5) (67.2%, 92.0%)	
12/02 04:05:51午前 evaluateStage_trainer.py:138 [INFO] Train: Epoch: [31][100/175]	Step 5556	lr 0.01975	Loss 1.1923 (1.1361)	Prec@(1,5) (66.5%, 91.6%)	
12/02 04:06:04午前 evaluateStage_trainer.py:138 [INFO] Train: Epoch: [31][150/175]	Step 5606	lr 0.01975	Loss 1.1660 (1.1443)	Prec@(1,5) (66.2%, 91.4%)	
12/02 04:06:11午前 evaluateStage_trainer.py:138 [INFO] Train: Epoch: [31][175/175]	Step 5631	lr 0.01975	Loss 1.1397 (1.1504)	Prec@(1,5) (66.1%, 91.3%)	
12/02 04:06:11午前 evaluateStage_trainer.py:145 [INFO] Train: [ 31/99] Final Prec@1 66.1178%
12/02 04:06:14午前 evaluateStage_trainer.py:180 [INFO] Valid: [ 31/99] Final Prec@1 52.1600%
12/02 04:06:14午前 evaluateStage_main.py:75 [INFO] Until now, best Prec@1 = 52.1600%
12/02 04:06:29午前 evaluateStage_trainer.py:138 [INFO] Train: Epoch: [32][50/175]	Step 5682	lr 0.01943	Loss 1.1844 (1.0686)	Prec@(1,5) (68.4%, 92.6%)	
12/02 04:06:42午前 evaluateStage_trainer.py:138 [INFO] Train: Epoch: [32][100/175]	Step 5732	lr 0.01943	Loss 1.0571 (1.0847)	Prec@(1,5) (68.1%, 92.4%)	
12/02 04:06:55午前 evaluateStage_trainer.py:138 [INFO] Train: Epoch: [32][150/175]	Step 5782	lr 0.01943	Loss 1.2940 (1.1097)	Prec@(1,5) (67.4%, 92.0%)	
12/02 04:07:02午前 evaluateStage_trainer.py:138 [INFO] Train: Epoch: [32][175/175]	Step 5807	lr 0.01943	Loss 1.1002 (1.1162)	Prec@(1,5) (67.2%, 91.9%)	
12/02 04:07:02午前 evaluateStage_trainer.py:145 [INFO] Train: [ 32/99] Final Prec@1 67.1667%
12/02 04:07:05午前 evaluateStage_trainer.py:180 [INFO] Valid: [ 32/99] Final Prec@1 51.7000%
12/02 04:07:05午前 evaluateStage_main.py:75 [INFO] Until now, best Prec@1 = 52.1600%
12/02 04:07:20午前 evaluateStage_trainer.py:138 [INFO] Train: Epoch: [33][50/175]	Step 5858	lr 0.01911	Loss 1.1362 (1.0213)	Prec@(1,5) (69.8%, 92.9%)	
12/02 04:07:33午前 evaluateStage_trainer.py:138 [INFO] Train: Epoch: [33][100/175]	Step 5908	lr 0.01911	Loss 1.0520 (1.0531)	Prec@(1,5) (69.0%, 92.6%)	
12/02 04:07:46午前 evaluateStage_trainer.py:138 [INFO] Train: Epoch: [33][150/175]	Step 5958	lr 0.01911	Loss 1.0060 (1.0783)	Prec@(1,5) (68.4%, 92.2%)	
12/02 04:07:53午前 evaluateStage_trainer.py:138 [INFO] Train: Epoch: [33][175/175]	Step 5983	lr 0.01911	Loss 1.1225 (1.0839)	Prec@(1,5) (68.3%, 92.1%)	
12/02 04:07:53午前 evaluateStage_trainer.py:145 [INFO] Train: [ 33/99] Final Prec@1 68.3022%
12/02 04:07:56午前 evaluateStage_trainer.py:180 [INFO] Valid: [ 33/99] Final Prec@1 53.2200%
12/02 04:07:57午前 evaluateStage_main.py:75 [INFO] Until now, best Prec@1 = 53.2200%
12/02 04:08:11午前 evaluateStage_trainer.py:138 [INFO] Train: Epoch: [34][50/175]	Step 6034	lr 0.01878	Loss 0.9834 (1.0091)	Prec@(1,5) (70.0%, 93.2%)	
12/02 04:08:24午前 evaluateStage_trainer.py:138 [INFO] Train: Epoch: [34][100/175]	Step 6084	lr 0.01878	Loss 0.8925 (1.0288)	Prec@(1,5) (69.4%, 93.0%)	
12/02 04:08:38午前 evaluateStage_trainer.py:138 [INFO] Train: Epoch: [34][150/175]	Step 6134	lr 0.01878	Loss 1.1962 (1.0419)	Prec@(1,5) (69.1%, 92.8%)	
12/02 04:08:44午前 evaluateStage_trainer.py:138 [INFO] Train: Epoch: [34][175/175]	Step 6159	lr 0.01878	Loss 1.0734 (1.0549)	Prec@(1,5) (68.8%, 92.6%)	
12/02 04:08:45午前 evaluateStage_trainer.py:145 [INFO] Train: [ 34/99] Final Prec@1 68.8044%
12/02 04:08:47午前 evaluateStage_trainer.py:180 [INFO] Valid: [ 34/99] Final Prec@1 51.8000%
12/02 04:08:48午前 evaluateStage_main.py:75 [INFO] Until now, best Prec@1 = 53.2200%
12/02 04:09:02午前 evaluateStage_trainer.py:138 [INFO] Train: Epoch: [35][50/175]	Step 6210	lr 0.01845	Loss 0.9695 (0.9855)	Prec@(1,5) (70.7%, 93.7%)	
12/02 04:09:15午前 evaluateStage_trainer.py:138 [INFO] Train: Epoch: [35][100/175]	Step 6260	lr 0.01845	Loss 0.9939 (0.9961)	Prec@(1,5) (70.5%, 93.5%)	
12/02 04:09:29午前 evaluateStage_trainer.py:138 [INFO] Train: Epoch: [35][150/175]	Step 6310	lr 0.01845	Loss 1.0127 (1.0094)	Prec@(1,5) (70.0%, 93.2%)	
12/02 04:09:35午前 evaluateStage_trainer.py:138 [INFO] Train: Epoch: [35][175/175]	Step 6335	lr 0.01845	Loss 1.1394 (1.0189)	Prec@(1,5) (69.7%, 93.1%)	
12/02 04:09:36午前 evaluateStage_trainer.py:145 [INFO] Train: [ 35/99] Final Prec@1 69.7089%
12/02 04:09:39午前 evaluateStage_trainer.py:180 [INFO] Valid: [ 35/99] Final Prec@1 52.1600%
12/02 04:09:39午前 evaluateStage_main.py:75 [INFO] Until now, best Prec@1 = 53.2200%
12/02 04:09:53午前 evaluateStage_trainer.py:138 [INFO] Train: Epoch: [36][50/175]	Step 6386	lr 0.01811	Loss 0.9916 (0.9438)	Prec@(1,5) (72.1%, 94.1%)	
12/02 04:10:06午前 evaluateStage_trainer.py:138 [INFO] Train: Epoch: [36][100/175]	Step 6436	lr 0.01811	Loss 1.0394 (0.9654)	Prec@(1,5) (71.2%, 93.8%)	
12/02 04:10:20午前 evaluateStage_trainer.py:138 [INFO] Train: Epoch: [36][150/175]	Step 6486	lr 0.01811	Loss 1.1311 (0.9902)	Prec@(1,5) (70.5%, 93.4%)	
12/02 04:10:26午前 evaluateStage_trainer.py:138 [INFO] Train: Epoch: [36][175/175]	Step 6511	lr 0.01811	Loss 0.9950 (1.0025)	Prec@(1,5) (70.1%, 93.3%)	
12/02 04:10:27午前 evaluateStage_trainer.py:145 [INFO] Train: [ 36/99] Final Prec@1 70.0489%
12/02 04:10:30午前 evaluateStage_trainer.py:180 [INFO] Valid: [ 36/99] Final Prec@1 52.1200%
12/02 04:10:30午前 evaluateStage_main.py:75 [INFO] Until now, best Prec@1 = 53.2200%
12/02 04:10:44午前 evaluateStage_trainer.py:138 [INFO] Train: Epoch: [37][50/175]	Step 6562	lr 0.01777	Loss 1.0108 (0.9359)	Prec@(1,5) (72.1%, 94.1%)	
12/02 04:10:57午前 evaluateStage_trainer.py:138 [INFO] Train: Epoch: [37][100/175]	Step 6612	lr 0.01777	Loss 0.8396 (0.9526)	Prec@(1,5) (71.5%, 93.9%)	
12/02 04:11:11午前 evaluateStage_trainer.py:138 [INFO] Train: Epoch: [37][150/175]	Step 6662	lr 0.01777	Loss 0.9432 (0.9667)	Prec@(1,5) (71.2%, 93.7%)	
12/02 04:11:18午前 evaluateStage_trainer.py:138 [INFO] Train: Epoch: [37][175/175]	Step 6687	lr 0.01777	Loss 1.1565 (0.9739)	Prec@(1,5) (71.0%, 93.6%)	
12/02 04:11:18午前 evaluateStage_trainer.py:145 [INFO] Train: [ 37/99] Final Prec@1 71.0222%
12/02 04:11:21午前 evaluateStage_trainer.py:180 [INFO] Valid: [ 37/99] Final Prec@1 52.7000%
12/02 04:11:21午前 evaluateStage_main.py:75 [INFO] Until now, best Prec@1 = 53.2200%
12/02 04:11:35午前 evaluateStage_trainer.py:138 [INFO] Train: Epoch: [38][50/175]	Step 6738	lr 0.01742	Loss 0.9692 (0.9054)	Prec@(1,5) (72.7%, 94.5%)	
12/02 04:11:48午前 evaluateStage_trainer.py:138 [INFO] Train: Epoch: [38][100/175]	Step 6788	lr 0.01742	Loss 0.9045 (0.9256)	Prec@(1,5) (72.1%, 94.2%)	
12/02 04:12:02午前 evaluateStage_trainer.py:138 [INFO] Train: Epoch: [38][150/175]	Step 6838	lr 0.01742	Loss 0.9266 (0.9426)	Prec@(1,5) (71.7%, 94.0%)	
12/02 04:12:08午前 evaluateStage_trainer.py:138 [INFO] Train: Epoch: [38][175/175]	Step 6863	lr 0.01742	Loss 0.9951 (0.9513)	Prec@(1,5) (71.4%, 93.9%)	
12/02 04:12:08午前 evaluateStage_trainer.py:145 [INFO] Train: [ 38/99] Final Prec@1 71.3800%
12/02 04:12:11午前 evaluateStage_trainer.py:180 [INFO] Valid: [ 38/99] Final Prec@1 54.1400%
12/02 04:12:12午前 evaluateStage_main.py:75 [INFO] Until now, best Prec@1 = 54.1400%
12/02 04:12:26午前 evaluateStage_trainer.py:138 [INFO] Train: Epoch: [39][50/175]	Step 6914	lr 0.01706	Loss 0.8370 (0.8726)	Prec@(1,5) (73.7%, 94.8%)	
12/02 04:12:39午前 evaluateStage_trainer.py:138 [INFO] Train: Epoch: [39][100/175]	Step 6964	lr 0.01706	Loss 0.8982 (0.8980)	Prec@(1,5) (72.8%, 94.6%)	
12/02 04:12:53午前 evaluateStage_trainer.py:138 [INFO] Train: Epoch: [39][150/175]	Step 7014	lr 0.01706	Loss 0.9251 (0.9242)	Prec@(1,5) (72.1%, 94.2%)	
12/02 04:13:00午前 evaluateStage_trainer.py:138 [INFO] Train: Epoch: [39][175/175]	Step 7039	lr 0.01706	Loss 0.7607 (0.9308)	Prec@(1,5) (71.9%, 94.1%)	
12/02 04:13:00午前 evaluateStage_trainer.py:145 [INFO] Train: [ 39/99] Final Prec@1 71.8956%
12/02 04:13:03午前 evaluateStage_trainer.py:180 [INFO] Valid: [ 39/99] Final Prec@1 54.4200%
12/02 04:13:03午前 evaluateStage_main.py:75 [INFO] Until now, best Prec@1 = 54.4200%
12/02 04:13:17午前 evaluateStage_trainer.py:138 [INFO] Train: Epoch: [40][50/175]	Step 7090	lr 0.01671	Loss 0.8117 (0.8487)	Prec@(1,5) (74.4%, 95.1%)	
12/02 04:13:31午前 evaluateStage_trainer.py:138 [INFO] Train: Epoch: [40][100/175]	Step 7140	lr 0.01671	Loss 0.9139 (0.8678)	Prec@(1,5) (73.8%, 94.9%)	
12/02 04:13:44午前 evaluateStage_trainer.py:138 [INFO] Train: Epoch: [40][150/175]	Step 7190	lr 0.01671	Loss 0.9713 (0.8815)	Prec@(1,5) (73.4%, 94.7%)	
12/02 04:13:51午前 evaluateStage_trainer.py:138 [INFO] Train: Epoch: [40][175/175]	Step 7215	lr 0.01671	Loss 0.9733 (0.8944)	Prec@(1,5) (72.9%, 94.5%)	
12/02 04:13:51午前 evaluateStage_trainer.py:145 [INFO] Train: [ 40/99] Final Prec@1 72.9333%
12/02 04:13:54午前 evaluateStage_trainer.py:180 [INFO] Valid: [ 40/99] Final Prec@1 54.3200%
12/02 04:13:54午前 evaluateStage_main.py:75 [INFO] Until now, best Prec@1 = 54.4200%
12/02 04:14:08午前 evaluateStage_trainer.py:138 [INFO] Train: Epoch: [41][50/175]	Step 7266	lr 0.01635	Loss 0.8543 (0.8216)	Prec@(1,5) (75.1%, 95.4%)	
12/02 04:14:22午前 evaluateStage_trainer.py:138 [INFO] Train: Epoch: [41][100/175]	Step 7316	lr 0.01635	Loss 0.9071 (0.8398)	Prec@(1,5) (74.5%, 95.2%)	
12/02 04:14:35午前 evaluateStage_trainer.py:138 [INFO] Train: Epoch: [41][150/175]	Step 7366	lr 0.01635	Loss 0.8515 (0.8587)	Prec@(1,5) (74.0%, 95.0%)	
12/02 04:14:42午前 evaluateStage_trainer.py:138 [INFO] Train: Epoch: [41][175/175]	Step 7391	lr 0.01635	Loss 0.8921 (0.8687)	Prec@(1,5) (73.7%, 94.9%)	
12/02 04:14:42午前 evaluateStage_trainer.py:145 [INFO] Train: [ 41/99] Final Prec@1 73.7467%
12/02 04:14:45午前 evaluateStage_trainer.py:180 [INFO] Valid: [ 41/99] Final Prec@1 53.9400%
12/02 04:14:45午前 evaluateStage_main.py:75 [INFO] Until now, best Prec@1 = 54.4200%
12/02 04:14:59午前 evaluateStage_trainer.py:138 [INFO] Train: Epoch: [42][50/175]	Step 7442	lr 0.01598	Loss 0.7917 (0.7815)	Prec@(1,5) (76.1%, 95.9%)	
12/02 04:15:13午前 evaluateStage_trainer.py:138 [INFO] Train: Epoch: [42][100/175]	Step 7492	lr 0.01598	Loss 0.7852 (0.8007)	Prec@(1,5) (75.7%, 95.7%)	
12/02 04:15:26午前 evaluateStage_trainer.py:138 [INFO] Train: Epoch: [42][150/175]	Step 7542	lr 0.01598	Loss 0.8723 (0.8253)	Prec@(1,5) (74.8%, 95.5%)	
12/02 04:15:33午前 evaluateStage_trainer.py:138 [INFO] Train: Epoch: [42][175/175]	Step 7567	lr 0.01598	Loss 0.9357 (0.8356)	Prec@(1,5) (74.5%, 95.3%)	
12/02 04:15:33午前 evaluateStage_trainer.py:145 [INFO] Train: [ 42/99] Final Prec@1 74.4911%
12/02 04:15:36午前 evaluateStage_trainer.py:180 [INFO] Valid: [ 42/99] Final Prec@1 53.2800%
12/02 04:15:36午前 evaluateStage_main.py:75 [INFO] Until now, best Prec@1 = 54.4200%
12/02 04:15:50午前 evaluateStage_trainer.py:138 [INFO] Train: Epoch: [43][50/175]	Step 7618	lr 0.01562	Loss 0.8668 (0.7681)	Prec@(1,5) (76.5%, 95.9%)	
12/02 04:16:04午前 evaluateStage_trainer.py:138 [INFO] Train: Epoch: [43][100/175]	Step 7668	lr 0.01562	Loss 0.7502 (0.7878)	Prec@(1,5) (75.7%, 95.7%)	
12/02 04:16:17午前 evaluateStage_trainer.py:138 [INFO] Train: Epoch: [43][150/175]	Step 7718	lr 0.01562	Loss 0.7878 (0.8095)	Prec@(1,5) (75.0%, 95.6%)	
12/02 04:16:24午前 evaluateStage_trainer.py:138 [INFO] Train: Epoch: [43][175/175]	Step 7743	lr 0.01562	Loss 0.9992 (0.8196)	Prec@(1,5) (74.8%, 95.5%)	
12/02 04:16:24午前 evaluateStage_trainer.py:145 [INFO] Train: [ 43/99] Final Prec@1 74.7889%
12/02 04:16:27午前 evaluateStage_trainer.py:180 [INFO] Valid: [ 43/99] Final Prec@1 54.5400%
12/02 04:16:28午前 evaluateStage_main.py:75 [INFO] Until now, best Prec@1 = 54.5400%
12/02 04:16:42午前 evaluateStage_trainer.py:138 [INFO] Train: Epoch: [44][50/175]	Step 7794	lr 0.01525	Loss 0.7782 (0.7306)	Prec@(1,5) (77.7%, 96.3%)	
12/02 04:16:55午前 evaluateStage_trainer.py:138 [INFO] Train: Epoch: [44][100/175]	Step 7844	lr 0.01525	Loss 0.8149 (0.7499)	Prec@(1,5) (77.0%, 96.1%)	
12/02 04:17:08午前 evaluateStage_trainer.py:138 [INFO] Train: Epoch: [44][150/175]	Step 7894	lr 0.01525	Loss 0.8413 (0.7740)	Prec@(1,5) (76.3%, 95.8%)	
12/02 04:17:15午前 evaluateStage_trainer.py:138 [INFO] Train: Epoch: [44][175/175]	Step 7919	lr 0.01525	Loss 0.8147 (0.7854)	Prec@(1,5) (76.0%, 95.6%)	
12/02 04:17:15午前 evaluateStage_trainer.py:145 [INFO] Train: [ 44/99] Final Prec@1 75.9533%
12/02 04:17:18午前 evaluateStage_trainer.py:180 [INFO] Valid: [ 44/99] Final Prec@1 54.7400%
12/02 04:17:19午前 evaluateStage_main.py:75 [INFO] Until now, best Prec@1 = 54.7400%
12/02 04:17:33午前 evaluateStage_trainer.py:138 [INFO] Train: Epoch: [45][50/175]	Step 7970	lr 0.01488	Loss 0.6810 (0.7433)	Prec@(1,5) (77.1%, 96.3%)	
12/02 04:17:46午前 evaluateStage_trainer.py:138 [INFO] Train: Epoch: [45][100/175]	Step 8020	lr 0.01488	Loss 0.7385 (0.7485)	Prec@(1,5) (77.2%, 96.3%)	
12/02 04:18:00午前 evaluateStage_trainer.py:138 [INFO] Train: Epoch: [45][150/175]	Step 8070	lr 0.01488	Loss 0.8019 (0.7646)	Prec@(1,5) (76.7%, 96.0%)	
12/02 04:18:06午前 evaluateStage_trainer.py:138 [INFO] Train: Epoch: [45][175/175]	Step 8095	lr 0.01488	Loss 0.8654 (0.7717)	Prec@(1,5) (76.5%, 95.9%)	
12/02 04:18:07午前 evaluateStage_trainer.py:145 [INFO] Train: [ 45/99] Final Prec@1 76.4556%
12/02 04:18:10午前 evaluateStage_trainer.py:180 [INFO] Valid: [ 45/99] Final Prec@1 54.6600%
12/02 04:18:10午前 evaluateStage_main.py:75 [INFO] Until now, best Prec@1 = 54.7400%
12/02 04:18:24午前 evaluateStage_trainer.py:138 [INFO] Train: Epoch: [46][50/175]	Step 8146	lr 0.0145	Loss 0.7090 (0.7120)	Prec@(1,5) (78.3%, 96.5%)	
12/02 04:18:38午前 evaluateStage_trainer.py:138 [INFO] Train: Epoch: [46][100/175]	Step 8196	lr 0.0145	Loss 0.6824 (0.7123)	Prec@(1,5) (78.2%, 96.4%)	
12/02 04:18:51午前 evaluateStage_trainer.py:138 [INFO] Train: Epoch: [46][150/175]	Step 8246	lr 0.0145	Loss 0.7295 (0.7318)	Prec@(1,5) (77.6%, 96.2%)	
12/02 04:18:58午前 evaluateStage_trainer.py:138 [INFO] Train: Epoch: [46][175/175]	Step 8271	lr 0.0145	Loss 0.8418 (0.7384)	Prec@(1,5) (77.4%, 96.2%)	
12/02 04:18:58午前 evaluateStage_trainer.py:145 [INFO] Train: [ 46/99] Final Prec@1 77.3600%
12/02 04:19:01午前 evaluateStage_trainer.py:180 [INFO] Valid: [ 46/99] Final Prec@1 54.9400%
12/02 04:19:01午前 evaluateStage_main.py:75 [INFO] Until now, best Prec@1 = 54.9400%
12/02 04:19:16午前 evaluateStage_trainer.py:138 [INFO] Train: Epoch: [47][50/175]	Step 8322	lr 0.01413	Loss 0.7958 (0.6745)	Prec@(1,5) (79.3%, 96.9%)	
12/02 04:19:29午前 evaluateStage_trainer.py:138 [INFO] Train: Epoch: [47][100/175]	Step 8372	lr 0.01413	Loss 0.7270 (0.7042)	Prec@(1,5) (78.5%, 96.6%)	
12/02 04:19:42午前 evaluateStage_trainer.py:138 [INFO] Train: Epoch: [47][150/175]	Step 8422	lr 0.01413	Loss 0.7486 (0.7188)	Prec@(1,5) (78.0%, 96.5%)	
12/02 04:19:49午前 evaluateStage_trainer.py:138 [INFO] Train: Epoch: [47][175/175]	Step 8447	lr 0.01413	Loss 0.8010 (0.7245)	Prec@(1,5) (77.9%, 96.4%)	
12/02 04:19:49午前 evaluateStage_trainer.py:145 [INFO] Train: [ 47/99] Final Prec@1 77.8889%
12/02 04:19:52午前 evaluateStage_trainer.py:180 [INFO] Valid: [ 47/99] Final Prec@1 56.5000%
12/02 04:19:52午前 evaluateStage_main.py:75 [INFO] Until now, best Prec@1 = 56.5000%
12/02 04:20:07午前 evaluateStage_trainer.py:138 [INFO] Train: Epoch: [48][50/175]	Step 8498	lr 0.01375	Loss 0.6957 (0.6680)	Prec@(1,5) (79.7%, 96.8%)	
12/02 04:20:20午前 evaluateStage_trainer.py:138 [INFO] Train: Epoch: [48][100/175]	Step 8548	lr 0.01375	Loss 0.6789 (0.6709)	Prec@(1,5) (79.5%, 97.0%)	
12/02 04:20:33午前 evaluateStage_trainer.py:138 [INFO] Train: Epoch: [48][150/175]	Step 8598	lr 0.01375	Loss 0.8590 (0.6965)	Prec@(1,5) (78.7%, 96.7%)	
12/02 04:20:40午前 evaluateStage_trainer.py:138 [INFO] Train: Epoch: [48][175/175]	Step 8623	lr 0.01375	Loss 0.8649 (0.7034)	Prec@(1,5) (78.4%, 96.6%)	
12/02 04:20:40午前 evaluateStage_trainer.py:145 [INFO] Train: [ 48/99] Final Prec@1 78.4156%
12/02 04:20:43午前 evaluateStage_trainer.py:180 [INFO] Valid: [ 48/99] Final Prec@1 56.3000%
12/02 04:20:43午前 evaluateStage_main.py:75 [INFO] Until now, best Prec@1 = 56.5000%
12/02 04:20:57午前 evaluateStage_trainer.py:138 [INFO] Train: Epoch: [49][50/175]	Step 8674	lr 0.01338	Loss 0.6196 (0.6377)	Prec@(1,5) (80.4%, 97.4%)	
12/02 04:21:11午前 evaluateStage_trainer.py:138 [INFO] Train: Epoch: [49][100/175]	Step 8724	lr 0.01338	Loss 0.7752 (0.6581)	Prec@(1,5) (79.8%, 97.0%)	
12/02 04:21:24午前 evaluateStage_trainer.py:138 [INFO] Train: Epoch: [49][150/175]	Step 8774	lr 0.01338	Loss 0.7492 (0.6695)	Prec@(1,5) (79.4%, 96.9%)	
12/02 04:21:31午前 evaluateStage_trainer.py:138 [INFO] Train: Epoch: [49][175/175]	Step 8799	lr 0.01338	Loss 0.6157 (0.6726)	Prec@(1,5) (79.2%, 96.9%)	
12/02 04:21:31午前 evaluateStage_trainer.py:145 [INFO] Train: [ 49/99] Final Prec@1 79.2222%
12/02 04:21:34午前 evaluateStage_trainer.py:180 [INFO] Valid: [ 49/99] Final Prec@1 55.5800%
12/02 04:21:34午前 evaluateStage_main.py:75 [INFO] Until now, best Prec@1 = 56.5000%
12/02 04:21:49午前 evaluateStage_trainer.py:138 [INFO] Train: Epoch: [50][50/175]	Step 8850	lr 0.013	Loss 0.6500 (0.5850)	Prec@(1,5) (81.7%, 97.8%)	
12/02 04:22:02午前 evaluateStage_trainer.py:138 [INFO] Train: Epoch: [50][100/175]	Step 8900	lr 0.013	Loss 0.7410 (0.6167)	Prec@(1,5) (80.7%, 97.5%)	
12/02 04:22:15午前 evaluateStage_trainer.py:138 [INFO] Train: Epoch: [50][150/175]	Step 8950	lr 0.013	Loss 0.5780 (0.6341)	Prec@(1,5) (80.3%, 97.3%)	
12/02 04:22:22午前 evaluateStage_trainer.py:138 [INFO] Train: Epoch: [50][175/175]	Step 8975	lr 0.013	Loss 0.7613 (0.6403)	Prec@(1,5) (80.1%, 97.2%)	
12/02 04:22:22午前 evaluateStage_trainer.py:145 [INFO] Train: [ 50/99] Final Prec@1 80.1000%
12/02 04:22:25午前 evaluateStage_trainer.py:180 [INFO] Valid: [ 50/99] Final Prec@1 55.8800%
12/02 04:22:25午前 evaluateStage_main.py:75 [INFO] Until now, best Prec@1 = 56.5000%
12/02 04:22:40午前 evaluateStage_trainer.py:138 [INFO] Train: Epoch: [51][50/175]	Step 9026	lr 0.01262	Loss 0.5864 (0.5892)	Prec@(1,5) (81.2%, 97.7%)	
12/02 04:22:53午前 evaluateStage_trainer.py:138 [INFO] Train: Epoch: [51][100/175]	Step 9076	lr 0.01262	Loss 0.6149 (0.6048)	Prec@(1,5) (80.9%, 97.6%)	
12/02 04:23:06午前 evaluateStage_trainer.py:138 [INFO] Train: Epoch: [51][150/175]	Step 9126	lr 0.01262	Loss 0.7780 (0.6148)	Prec@(1,5) (80.6%, 97.6%)	
12/02 04:23:13午前 evaluateStage_trainer.py:138 [INFO] Train: Epoch: [51][175/175]	Step 9151	lr 0.01262	Loss 0.7101 (0.6242)	Prec@(1,5) (80.4%, 97.5%)	
12/02 04:23:13午前 evaluateStage_trainer.py:145 [INFO] Train: [ 51/99] Final Prec@1 80.3711%
12/02 04:23:16午前 evaluateStage_trainer.py:180 [INFO] Valid: [ 51/99] Final Prec@1 55.8600%
12/02 04:23:16午前 evaluateStage_main.py:75 [INFO] Until now, best Prec@1 = 56.5000%
12/02 04:23:31午前 evaluateStage_trainer.py:138 [INFO] Train: Epoch: [52][50/175]	Step 9202	lr 0.01225	Loss 0.4498 (0.5520)	Prec@(1,5) (82.9%, 98.0%)	
12/02 04:23:44午前 evaluateStage_trainer.py:138 [INFO] Train: Epoch: [52][100/175]	Step 9252	lr 0.01225	Loss 0.5626 (0.5738)	Prec@(1,5) (82.1%, 97.8%)	
12/02 04:23:57午前 evaluateStage_trainer.py:138 [INFO] Train: Epoch: [52][150/175]	Step 9302	lr 0.01225	Loss 0.5919 (0.5913)	Prec@(1,5) (81.5%, 97.7%)	
12/02 04:24:04午前 evaluateStage_trainer.py:138 [INFO] Train: Epoch: [52][175/175]	Step 9327	lr 0.01225	Loss 0.6014 (0.5972)	Prec@(1,5) (81.4%, 97.6%)	
12/02 04:24:04午前 evaluateStage_trainer.py:145 [INFO] Train: [ 52/99] Final Prec@1 81.3422%
12/02 04:24:07午前 evaluateStage_trainer.py:180 [INFO] Valid: [ 52/99] Final Prec@1 56.1200%
12/02 04:24:07午前 evaluateStage_main.py:75 [INFO] Until now, best Prec@1 = 56.5000%
12/02 04:24:21午前 evaluateStage_trainer.py:138 [INFO] Train: Epoch: [53][50/175]	Step 9378	lr 0.01187	Loss 0.5505 (0.5377)	Prec@(1,5) (83.7%, 98.0%)	
12/02 04:24:35午前 evaluateStage_trainer.py:138 [INFO] Train: Epoch: [53][100/175]	Step 9428	lr 0.01187	Loss 0.5694 (0.5499)	Prec@(1,5) (82.9%, 97.9%)	
12/02 04:24:48午前 evaluateStage_trainer.py:138 [INFO] Train: Epoch: [53][150/175]	Step 9478	lr 0.01187	Loss 0.6158 (0.5693)	Prec@(1,5) (82.2%, 97.8%)	
12/02 04:24:55午前 evaluateStage_trainer.py:138 [INFO] Train: Epoch: [53][175/175]	Step 9503	lr 0.01187	Loss 0.5985 (0.5786)	Prec@(1,5) (81.9%, 97.7%)	
12/02 04:24:55午前 evaluateStage_trainer.py:145 [INFO] Train: [ 53/99] Final Prec@1 81.9044%
12/02 04:24:58午前 evaluateStage_trainer.py:180 [INFO] Valid: [ 53/99] Final Prec@1 55.6800%
12/02 04:24:58午前 evaluateStage_main.py:75 [INFO] Until now, best Prec@1 = 56.5000%
12/02 04:25:12午前 evaluateStage_trainer.py:138 [INFO] Train: Epoch: [54][50/175]	Step 9554	lr 0.0115	Loss 0.5286 (0.5314)	Prec@(1,5) (83.6%, 98.0%)	
12/02 04:25:26午前 evaluateStage_trainer.py:138 [INFO] Train: Epoch: [54][100/175]	Step 9604	lr 0.0115	Loss 0.4890 (0.5355)	Prec@(1,5) (83.3%, 98.1%)	
12/02 04:25:39午前 evaluateStage_trainer.py:138 [INFO] Train: Epoch: [54][150/175]	Step 9654	lr 0.0115	Loss 0.5557 (0.5472)	Prec@(1,5) (82.9%, 98.0%)	
12/02 04:25:46午前 evaluateStage_trainer.py:138 [INFO] Train: Epoch: [54][175/175]	Step 9679	lr 0.0115	Loss 0.5394 (0.5524)	Prec@(1,5) (82.7%, 98.0%)	
12/02 04:25:46午前 evaluateStage_trainer.py:145 [INFO] Train: [ 54/99] Final Prec@1 82.7222%
12/02 04:25:49午前 evaluateStage_trainer.py:180 [INFO] Valid: [ 54/99] Final Prec@1 56.2200%
12/02 04:25:49午前 evaluateStage_main.py:75 [INFO] Until now, best Prec@1 = 56.5000%
12/02 04:26:03午前 evaluateStage_trainer.py:138 [INFO] Train: Epoch: [55][50/175]	Step 9730	lr 0.01112	Loss 0.5101 (0.4939)	Prec@(1,5) (84.8%, 98.3%)	
12/02 04:26:17午前 evaluateStage_trainer.py:138 [INFO] Train: Epoch: [55][100/175]	Step 9780	lr 0.01112	Loss 0.5326 (0.5031)	Prec@(1,5) (84.4%, 98.3%)	
12/02 04:26:30午前 evaluateStage_trainer.py:138 [INFO] Train: Epoch: [55][150/175]	Step 9830	lr 0.01112	Loss 0.4468 (0.5162)	Prec@(1,5) (84.0%, 98.2%)	
12/02 04:26:37午前 evaluateStage_trainer.py:138 [INFO] Train: Epoch: [55][175/175]	Step 9855	lr 0.01112	Loss 0.4480 (0.5234)	Prec@(1,5) (83.7%, 98.1%)	
12/02 04:26:37午前 evaluateStage_trainer.py:145 [INFO] Train: [ 55/99] Final Prec@1 83.7244%
12/02 04:26:40午前 evaluateStage_trainer.py:180 [INFO] Valid: [ 55/99] Final Prec@1 56.3200%
12/02 04:26:40午前 evaluateStage_main.py:75 [INFO] Until now, best Prec@1 = 56.5000%
12/02 04:26:54午前 evaluateStage_trainer.py:138 [INFO] Train: Epoch: [56][50/175]	Step 9906	lr 0.01075	Loss 0.3839 (0.4655)	Prec@(1,5) (85.8%, 98.6%)	
12/02 04:27:07午前 evaluateStage_trainer.py:138 [INFO] Train: Epoch: [56][100/175]	Step 9956	lr 0.01075	Loss 0.4591 (0.4893)	Prec@(1,5) (84.7%, 98.5%)	
12/02 04:27:21午前 evaluateStage_trainer.py:138 [INFO] Train: Epoch: [56][150/175]	Step 10006	lr 0.01075	Loss 0.5749 (0.5019)	Prec@(1,5) (84.2%, 98.4%)	
12/02 04:27:28午前 evaluateStage_trainer.py:138 [INFO] Train: Epoch: [56][175/175]	Step 10031	lr 0.01075	Loss 0.5674 (0.5057)	Prec@(1,5) (84.1%, 98.4%)	
12/02 04:27:28午前 evaluateStage_trainer.py:145 [INFO] Train: [ 56/99] Final Prec@1 84.0667%
12/02 04:27:31午前 evaluateStage_trainer.py:180 [INFO] Valid: [ 56/99] Final Prec@1 56.5200%
12/02 04:27:31午前 evaluateStage_main.py:75 [INFO] Until now, best Prec@1 = 56.5200%
12/02 04:27:45午前 evaluateStage_trainer.py:138 [INFO] Train: Epoch: [57][50/175]	Step 10082	lr 0.01038	Loss 0.4561 (0.4381)	Prec@(1,5) (86.5%, 98.7%)	
12/02 04:27:59午前 evaluateStage_trainer.py:138 [INFO] Train: Epoch: [57][100/175]	Step 10132	lr 0.01038	Loss 0.4438 (0.4491)	Prec@(1,5) (86.2%, 98.6%)	
12/02 04:28:12午前 evaluateStage_trainer.py:138 [INFO] Train: Epoch: [57][150/175]	Step 10182	lr 0.01038	Loss 0.4729 (0.4633)	Prec@(1,5) (85.7%, 98.5%)	
12/02 04:28:19午前 evaluateStage_trainer.py:138 [INFO] Train: Epoch: [57][175/175]	Step 10207	lr 0.01038	Loss 0.4293 (0.4712)	Prec@(1,5) (85.4%, 98.5%)	
12/02 04:28:19午前 evaluateStage_trainer.py:145 [INFO] Train: [ 57/99] Final Prec@1 85.3911%
12/02 04:28:22午前 evaluateStage_trainer.py:180 [INFO] Valid: [ 57/99] Final Prec@1 57.4600%
12/02 04:28:22午前 evaluateStage_main.py:75 [INFO] Until now, best Prec@1 = 57.4600%
12/02 04:28:37午前 evaluateStage_trainer.py:138 [INFO] Train: Epoch: [58][50/175]	Step 10258	lr 0.01002	Loss 0.4322 (0.4353)	Prec@(1,5) (86.9%, 98.8%)	
12/02 04:28:50午前 evaluateStage_trainer.py:138 [INFO] Train: Epoch: [58][100/175]	Step 10308	lr 0.01002	Loss 0.4377 (0.4364)	Prec@(1,5) (86.7%, 98.8%)	
12/02 04:29:03午前 evaluateStage_trainer.py:138 [INFO] Train: Epoch: [58][150/175]	Step 10358	lr 0.01002	Loss 0.5100 (0.4572)	Prec@(1,5) (85.8%, 98.7%)	
12/02 04:29:10午前 evaluateStage_trainer.py:138 [INFO] Train: Epoch: [58][175/175]	Step 10383	lr 0.01002	Loss 0.4315 (0.4633)	Prec@(1,5) (85.6%, 98.6%)	
12/02 04:29:10午前 evaluateStage_trainer.py:145 [INFO] Train: [ 58/99] Final Prec@1 85.5911%
12/02 04:29:13午前 evaluateStage_trainer.py:180 [INFO] Valid: [ 58/99] Final Prec@1 56.0000%
12/02 04:29:13午前 evaluateStage_main.py:75 [INFO] Until now, best Prec@1 = 57.4600%
12/02 04:29:27午前 evaluateStage_trainer.py:138 [INFO] Train: Epoch: [59][50/175]	Step 10434	lr 0.00965	Loss 0.4288 (0.4159)	Prec@(1,5) (87.0%, 99.0%)	
12/02 04:29:41午前 evaluateStage_trainer.py:138 [INFO] Train: Epoch: [59][100/175]	Step 10484	lr 0.00965	Loss 0.4265 (0.4262)	Prec@(1,5) (86.6%, 98.9%)	
12/02 04:29:54午前 evaluateStage_trainer.py:138 [INFO] Train: Epoch: [59][150/175]	Step 10534	lr 0.00965	Loss 0.4758 (0.4418)	Prec@(1,5) (86.1%, 98.8%)	
12/02 04:30:01午前 evaluateStage_trainer.py:138 [INFO] Train: Epoch: [59][175/175]	Step 10559	lr 0.00965	Loss 0.3939 (0.4458)	Prec@(1,5) (86.0%, 98.8%)	
12/02 04:30:01午前 evaluateStage_trainer.py:145 [INFO] Train: [ 59/99] Final Prec@1 86.0222%
12/02 04:30:04午前 evaluateStage_trainer.py:180 [INFO] Valid: [ 59/99] Final Prec@1 56.4800%
12/02 04:30:04午前 evaluateStage_main.py:75 [INFO] Until now, best Prec@1 = 57.4600%
12/02 04:30:18午前 evaluateStage_trainer.py:138 [INFO] Train: Epoch: [60][50/175]	Step 10610	lr 0.00929	Loss 0.3433 (0.3841)	Prec@(1,5) (88.2%, 99.0%)	
12/02 04:30:31午前 evaluateStage_trainer.py:138 [INFO] Train: Epoch: [60][100/175]	Step 10660	lr 0.00929	Loss 0.6014 (0.4005)	Prec@(1,5) (87.6%, 99.0%)	
12/02 04:30:45午前 evaluateStage_trainer.py:138 [INFO] Train: Epoch: [60][150/175]	Step 10710	lr 0.00929	Loss 0.4906 (0.4157)	Prec@(1,5) (87.2%, 98.9%)	
12/02 04:30:52午前 evaluateStage_trainer.py:138 [INFO] Train: Epoch: [60][175/175]	Step 10735	lr 0.00929	Loss 0.4003 (0.4186)	Prec@(1,5) (87.1%, 98.9%)	
12/02 04:30:52午前 evaluateStage_trainer.py:145 [INFO] Train: [ 60/99] Final Prec@1 87.0844%
12/02 04:30:55午前 evaluateStage_trainer.py:180 [INFO] Valid: [ 60/99] Final Prec@1 57.6600%
12/02 04:30:55午前 evaluateStage_main.py:75 [INFO] Until now, best Prec@1 = 57.6600%
12/02 04:31:09午前 evaluateStage_trainer.py:138 [INFO] Train: Epoch: [61][50/175]	Step 10786	lr 0.00894	Loss 0.3601 (0.3787)	Prec@(1,5) (88.5%, 99.2%)	
12/02 04:31:23午前 evaluateStage_trainer.py:138 [INFO] Train: Epoch: [61][100/175]	Step 10836	lr 0.00894	Loss 0.3768 (0.3838)	Prec@(1,5) (88.2%, 99.1%)	
12/02 04:31:36午前 evaluateStage_trainer.py:138 [INFO] Train: Epoch: [61][150/175]	Step 10886	lr 0.00894	Loss 0.3974 (0.3914)	Prec@(1,5) (87.8%, 99.1%)	
12/02 04:31:43午前 evaluateStage_trainer.py:138 [INFO] Train: Epoch: [61][175/175]	Step 10911	lr 0.00894	Loss 0.4533 (0.3951)	Prec@(1,5) (87.7%, 99.0%)	
12/02 04:31:43午前 evaluateStage_trainer.py:145 [INFO] Train: [ 61/99] Final Prec@1 87.6422%
12/02 04:31:46午前 evaluateStage_trainer.py:180 [INFO] Valid: [ 61/99] Final Prec@1 57.2200%
12/02 04:31:46午前 evaluateStage_main.py:75 [INFO] Until now, best Prec@1 = 57.6600%
12/02 04:32:00午前 evaluateStage_trainer.py:138 [INFO] Train: Epoch: [62][50/175]	Step 10962	lr 0.00858	Loss 0.3501 (0.3499)	Prec@(1,5) (89.8%, 99.1%)	
12/02 04:32:14午前 evaluateStage_trainer.py:138 [INFO] Train: Epoch: [62][100/175]	Step 11012	lr 0.00858	Loss 0.3743 (0.3618)	Prec@(1,5) (89.2%, 99.1%)	
12/02 04:32:27午前 evaluateStage_trainer.py:138 [INFO] Train: Epoch: [62][150/175]	Step 11062	lr 0.00858	Loss 0.3134 (0.3708)	Prec@(1,5) (88.7%, 99.0%)	
12/02 04:32:34午前 evaluateStage_trainer.py:138 [INFO] Train: Epoch: [62][175/175]	Step 11087	lr 0.00858	Loss 0.4269 (0.3759)	Prec@(1,5) (88.5%, 99.0%)	
12/02 04:32:34午前 evaluateStage_trainer.py:145 [INFO] Train: [ 62/99] Final Prec@1 88.4667%
12/02 04:32:37午前 evaluateStage_trainer.py:180 [INFO] Valid: [ 62/99] Final Prec@1 56.8600%
12/02 04:32:37午前 evaluateStage_main.py:75 [INFO] Until now, best Prec@1 = 57.6600%
12/02 04:32:51午前 evaluateStage_trainer.py:138 [INFO] Train: Epoch: [63][50/175]	Step 11138	lr 0.00823	Loss 0.3359 (0.3298)	Prec@(1,5) (90.0%, 99.3%)	
12/02 04:33:05午前 evaluateStage_trainer.py:138 [INFO] Train: Epoch: [63][100/175]	Step 11188	lr 0.00823	Loss 0.4074 (0.3374)	Prec@(1,5) (89.7%, 99.3%)	
12/02 04:33:18午前 evaluateStage_trainer.py:138 [INFO] Train: Epoch: [63][150/175]	Step 11238	lr 0.00823	Loss 0.4476 (0.3469)	Prec@(1,5) (89.4%, 99.2%)	
12/02 04:33:24午前 evaluateStage_trainer.py:138 [INFO] Train: Epoch: [63][175/175]	Step 11263	lr 0.00823	Loss 0.3693 (0.3519)	Prec@(1,5) (89.3%, 99.2%)	
12/02 04:33:25午前 evaluateStage_trainer.py:145 [INFO] Train: [ 63/99] Final Prec@1 89.2533%
12/02 04:33:28午前 evaluateStage_trainer.py:180 [INFO] Valid: [ 63/99] Final Prec@1 57.4400%
12/02 04:33:28午前 evaluateStage_main.py:75 [INFO] Until now, best Prec@1 = 57.6600%
12/02 04:33:42午前 evaluateStage_trainer.py:138 [INFO] Train: Epoch: [64][50/175]	Step 11314	lr 0.00789	Loss 0.3540 (0.3212)	Prec@(1,5) (90.3%, 99.5%)	
12/02 04:33:55午前 evaluateStage_trainer.py:138 [INFO] Train: Epoch: [64][100/175]	Step 11364	lr 0.00789	Loss 0.3853 (0.3222)	Prec@(1,5) (90.3%, 99.4%)	
12/02 04:34:09午前 evaluateStage_trainer.py:138 [INFO] Train: Epoch: [64][150/175]	Step 11414	lr 0.00789	Loss 0.3903 (0.3323)	Prec@(1,5) (89.9%, 99.4%)	
12/02 04:34:15午前 evaluateStage_trainer.py:138 [INFO] Train: Epoch: [64][175/175]	Step 11439	lr 0.00789	Loss 0.3700 (0.3375)	Prec@(1,5) (89.7%, 99.4%)	
12/02 04:34:16午前 evaluateStage_trainer.py:145 [INFO] Train: [ 64/99] Final Prec@1 89.7133%
12/02 04:34:18午前 evaluateStage_trainer.py:180 [INFO] Valid: [ 64/99] Final Prec@1 57.4000%
12/02 04:34:19午前 evaluateStage_main.py:75 [INFO] Until now, best Prec@1 = 57.6600%
12/02 04:34:33午前 evaluateStage_trainer.py:138 [INFO] Train: Epoch: [65][50/175]	Step 11490	lr 0.00755	Loss 0.2957 (0.3000)	Prec@(1,5) (91.2%, 99.5%)	
12/02 04:34:46午前 evaluateStage_trainer.py:138 [INFO] Train: Epoch: [65][100/175]	Step 11540	lr 0.00755	Loss 0.3411 (0.3128)	Prec@(1,5) (90.6%, 99.4%)	
12/02 04:35:00午前 evaluateStage_trainer.py:138 [INFO] Train: Epoch: [65][150/175]	Step 11590	lr 0.00755	Loss 0.2973 (0.3188)	Prec@(1,5) (90.2%, 99.4%)	
12/02 04:35:06午前 evaluateStage_trainer.py:138 [INFO] Train: Epoch: [65][175/175]	Step 11615	lr 0.00755	Loss 0.3581 (0.3224)	Prec@(1,5) (90.1%, 99.4%)	
12/02 04:35:07午前 evaluateStage_trainer.py:145 [INFO] Train: [ 65/99] Final Prec@1 90.1111%
12/02 04:35:09午前 evaluateStage_trainer.py:180 [INFO] Valid: [ 65/99] Final Prec@1 57.7200%
12/02 04:35:10午前 evaluateStage_main.py:75 [INFO] Until now, best Prec@1 = 57.7200%
12/02 04:35:24午前 evaluateStage_trainer.py:138 [INFO] Train: Epoch: [66][50/175]	Step 11666	lr 0.00722	Loss 0.3341 (0.2848)	Prec@(1,5) (91.6%, 99.5%)	
12/02 04:35:37午前 evaluateStage_trainer.py:138 [INFO] Train: Epoch: [66][100/175]	Step 11716	lr 0.00722	Loss 0.2797 (0.2880)	Prec@(1,5) (91.4%, 99.5%)	
12/02 04:35:51午前 evaluateStage_trainer.py:138 [INFO] Train: Epoch: [66][150/175]	Step 11766	lr 0.00722	Loss 0.3777 (0.2954)	Prec@(1,5) (91.1%, 99.5%)	
12/02 04:35:57午前 evaluateStage_trainer.py:138 [INFO] Train: Epoch: [66][175/175]	Step 11791	lr 0.00722	Loss 0.2851 (0.2996)	Prec@(1,5) (91.0%, 99.5%)	
12/02 04:35:58午前 evaluateStage_trainer.py:145 [INFO] Train: [ 66/99] Final Prec@1 90.9533%
12/02 04:36:00午前 evaluateStage_trainer.py:180 [INFO] Valid: [ 66/99] Final Prec@1 57.9400%
12/02 04:36:01午前 evaluateStage_main.py:75 [INFO] Until now, best Prec@1 = 57.9400%
12/02 04:36:15午前 evaluateStage_trainer.py:138 [INFO] Train: Epoch: [67][50/175]	Step 11842	lr 0.00689	Loss 0.3222 (0.2818)	Prec@(1,5) (91.7%, 99.5%)	
12/02 04:36:29午前 evaluateStage_trainer.py:138 [INFO] Train: Epoch: [67][100/175]	Step 11892	lr 0.00689	Loss 0.3146 (0.2832)	Prec@(1,5) (91.6%, 99.5%)	
12/02 04:36:42午前 evaluateStage_trainer.py:138 [INFO] Train: Epoch: [67][150/175]	Step 11942	lr 0.00689	Loss 0.2671 (0.2869)	Prec@(1,5) (91.4%, 99.5%)	
12/02 04:36:49午前 evaluateStage_trainer.py:138 [INFO] Train: Epoch: [67][175/175]	Step 11967	lr 0.00689	Loss 0.3316 (0.2891)	Prec@(1,5) (91.3%, 99.5%)	
12/02 04:36:49午前 evaluateStage_trainer.py:145 [INFO] Train: [ 67/99] Final Prec@1 91.3044%
12/02 04:36:52午前 evaluateStage_trainer.py:180 [INFO] Valid: [ 67/99] Final Prec@1 57.9800%
12/02 04:36:52午前 evaluateStage_main.py:75 [INFO] Until now, best Prec@1 = 57.9800%
12/02 04:37:07午前 evaluateStage_trainer.py:138 [INFO] Train: Epoch: [68][50/175]	Step 12018	lr 0.00657	Loss 0.3210 (0.2497)	Prec@(1,5) (93.0%, 99.7%)	
12/02 04:37:20午前 evaluateStage_trainer.py:138 [INFO] Train: Epoch: [68][100/175]	Step 12068	lr 0.00657	Loss 0.2862 (0.2591)	Prec@(1,5) (92.6%, 99.6%)	
12/02 04:37:33午前 evaluateStage_trainer.py:138 [INFO] Train: Epoch: [68][150/175]	Step 12118	lr 0.00657	Loss 0.2948 (0.2681)	Prec@(1,5) (92.1%, 99.6%)	
12/02 04:37:40午前 evaluateStage_trainer.py:138 [INFO] Train: Epoch: [68][175/175]	Step 12143	lr 0.00657	Loss 0.2640 (0.2701)	Prec@(1,5) (92.0%, 99.6%)	
12/02 04:37:40午前 evaluateStage_trainer.py:145 [INFO] Train: [ 68/99] Final Prec@1 92.0289%
12/02 04:37:43午前 evaluateStage_trainer.py:180 [INFO] Valid: [ 68/99] Final Prec@1 57.5200%
12/02 04:37:43午前 evaluateStage_main.py:75 [INFO] Until now, best Prec@1 = 57.9800%
12/02 04:37:58午前 evaluateStage_trainer.py:138 [INFO] Train: Epoch: [69][50/175]	Step 12194	lr 0.00625	Loss 0.2055 (0.2375)	Prec@(1,5) (93.2%, 99.8%)	
12/02 04:38:11午前 evaluateStage_trainer.py:138 [INFO] Train: Epoch: [69][100/175]	Step 12244	lr 0.00625	Loss 0.3010 (0.2459)	Prec@(1,5) (92.9%, 99.7%)	
12/02 04:38:24午前 evaluateStage_trainer.py:138 [INFO] Train: Epoch: [69][150/175]	Step 12294	lr 0.00625	Loss 0.2217 (0.2516)	Prec@(1,5) (92.6%, 99.7%)	
12/02 04:38:31午前 evaluateStage_trainer.py:138 [INFO] Train: Epoch: [69][175/175]	Step 12319	lr 0.00625	Loss 0.2912 (0.2549)	Prec@(1,5) (92.5%, 99.7%)	
12/02 04:38:31午前 evaluateStage_trainer.py:145 [INFO] Train: [ 69/99] Final Prec@1 92.4778%
12/02 04:38:34午前 evaluateStage_trainer.py:180 [INFO] Valid: [ 69/99] Final Prec@1 57.6200%
12/02 04:38:34午前 evaluateStage_main.py:75 [INFO] Until now, best Prec@1 = 57.9800%
12/02 04:38:48午前 evaluateStage_trainer.py:138 [INFO] Train: Epoch: [70][50/175]	Step 12370	lr 0.00595	Loss 0.2045 (0.2230)	Prec@(1,5) (93.5%, 99.8%)	
12/02 04:39:02午前 evaluateStage_trainer.py:138 [INFO] Train: Epoch: [70][100/175]	Step 12420	lr 0.00595	Loss 0.3545 (0.2321)	Prec@(1,5) (93.2%, 99.7%)	
12/02 04:39:15午前 evaluateStage_trainer.py:138 [INFO] Train: Epoch: [70][150/175]	Step 12470	lr 0.00595	Loss 0.2573 (0.2378)	Prec@(1,5) (93.0%, 99.7%)	
12/02 04:39:22午前 evaluateStage_trainer.py:138 [INFO] Train: Epoch: [70][175/175]	Step 12495	lr 0.00595	Loss 0.2822 (0.2399)	Prec@(1,5) (92.9%, 99.7%)	
12/02 04:39:22午前 evaluateStage_trainer.py:145 [INFO] Train: [ 70/99] Final Prec@1 92.8978%
12/02 04:39:25午前 evaluateStage_trainer.py:180 [INFO] Valid: [ 70/99] Final Prec@1 56.8800%
12/02 04:39:25午前 evaluateStage_main.py:75 [INFO] Until now, best Prec@1 = 57.9800%
12/02 04:39:39午前 evaluateStage_trainer.py:138 [INFO] Train: Epoch: [71][50/175]	Step 12546	lr 0.00565	Loss 0.2319 (0.2114)	Prec@(1,5) (94.2%, 99.8%)	
12/02 04:39:52午前 evaluateStage_trainer.py:138 [INFO] Train: Epoch: [71][100/175]	Step 12596	lr 0.00565	Loss 0.2230 (0.2165)	Prec@(1,5) (94.0%, 99.8%)	
12/02 04:40:06午前 evaluateStage_trainer.py:138 [INFO] Train: Epoch: [71][150/175]	Step 12646	lr 0.00565	Loss 0.2526 (0.2217)	Prec@(1,5) (93.8%, 99.7%)	
12/02 04:40:12午前 evaluateStage_trainer.py:138 [INFO] Train: Epoch: [71][175/175]	Step 12671	lr 0.00565	Loss 0.3025 (0.2260)	Prec@(1,5) (93.6%, 99.7%)	
12/02 04:40:13午前 evaluateStage_trainer.py:145 [INFO] Train: [ 71/99] Final Prec@1 93.6467%
12/02 04:40:15午前 evaluateStage_trainer.py:180 [INFO] Valid: [ 71/99] Final Prec@1 58.3200%
12/02 04:40:16午前 evaluateStage_main.py:75 [INFO] Until now, best Prec@1 = 58.3200%
12/02 04:40:30午前 evaluateStage_trainer.py:138 [INFO] Train: Epoch: [72][50/175]	Step 12722	lr 0.00535	Loss 0.1810 (0.1947)	Prec@(1,5) (94.7%, 99.9%)	
12/02 04:40:44午前 evaluateStage_trainer.py:138 [INFO] Train: Epoch: [72][100/175]	Step 12772	lr 0.00535	Loss 0.1916 (0.2057)	Prec@(1,5) (94.3%, 99.8%)	
12/02 04:40:57午前 evaluateStage_trainer.py:138 [INFO] Train: Epoch: [72][150/175]	Step 12822	lr 0.00535	Loss 0.2857 (0.2106)	Prec@(1,5) (94.1%, 99.8%)	
12/02 04:41:04午前 evaluateStage_trainer.py:138 [INFO] Train: Epoch: [72][175/175]	Step 12847	lr 0.00535	Loss 0.2263 (0.2133)	Prec@(1,5) (94.0%, 99.8%)	
12/02 04:41:04午前 evaluateStage_trainer.py:145 [INFO] Train: [ 72/99] Final Prec@1 93.9889%
12/02 04:41:07午前 evaluateStage_trainer.py:180 [INFO] Valid: [ 72/99] Final Prec@1 58.4200%
12/02 04:41:07午前 evaluateStage_main.py:75 [INFO] Until now, best Prec@1 = 58.4200%
12/02 04:41:22午前 evaluateStage_trainer.py:138 [INFO] Train: Epoch: [73][50/175]	Step 12898	lr 0.00506	Loss 0.2110 (0.1904)	Prec@(1,5) (95.0%, 99.8%)	
12/02 04:41:35午前 evaluateStage_trainer.py:138 [INFO] Train: Epoch: [73][100/175]	Step 12948	lr 0.00506	Loss 0.1704 (0.1926)	Prec@(1,5) (94.7%, 99.8%)	
12/02 04:41:48午前 evaluateStage_trainer.py:138 [INFO] Train: Epoch: [73][150/175]	Step 12998	lr 0.00506	Loss 0.2586 (0.1984)	Prec@(1,5) (94.5%, 99.8%)	
12/02 04:41:55午前 evaluateStage_trainer.py:138 [INFO] Train: Epoch: [73][175/175]	Step 13023	lr 0.00506	Loss 0.1917 (0.1994)	Prec@(1,5) (94.5%, 99.8%)	
12/02 04:41:55午前 evaluateStage_trainer.py:145 [INFO] Train: [ 73/99] Final Prec@1 94.4489%
12/02 04:41:58午前 evaluateStage_trainer.py:180 [INFO] Valid: [ 73/99] Final Prec@1 58.3400%
12/02 04:41:58午前 evaluateStage_main.py:75 [INFO] Until now, best Prec@1 = 58.4200%
12/02 04:42:12午前 evaluateStage_trainer.py:138 [INFO] Train: Epoch: [74][50/175]	Step 13074	lr 0.00479	Loss 0.1248 (0.1810)	Prec@(1,5) (95.1%, 99.9%)	
12/02 04:42:26午前 evaluateStage_trainer.py:138 [INFO] Train: Epoch: [74][100/175]	Step 13124	lr 0.00479	Loss 0.1809 (0.1832)	Prec@(1,5) (95.0%, 99.9%)	
12/02 04:42:39午前 evaluateStage_trainer.py:138 [INFO] Train: Epoch: [74][150/175]	Step 13174	lr 0.00479	Loss 0.2128 (0.1854)	Prec@(1,5) (94.9%, 99.8%)	
12/02 04:42:46午前 evaluateStage_trainer.py:138 [INFO] Train: Epoch: [74][175/175]	Step 13199	lr 0.00479	Loss 0.1704 (0.1883)	Prec@(1,5) (94.8%, 99.8%)	
12/02 04:42:46午前 evaluateStage_trainer.py:145 [INFO] Train: [ 74/99] Final Prec@1 94.8444%
12/02 04:42:49午前 evaluateStage_trainer.py:180 [INFO] Valid: [ 74/99] Final Prec@1 58.3800%
12/02 04:42:49午前 evaluateStage_main.py:75 [INFO] Until now, best Prec@1 = 58.4200%
12/02 04:43:03午前 evaluateStage_trainer.py:138 [INFO] Train: Epoch: [75][50/175]	Step 13250	lr 0.00451	Loss 0.1593 (0.1706)	Prec@(1,5) (95.5%, 99.9%)	
12/02 04:43:17午前 evaluateStage_trainer.py:138 [INFO] Train: Epoch: [75][100/175]	Step 13300	lr 0.00451	Loss 0.2185 (0.1699)	Prec@(1,5) (95.5%, 99.8%)	
12/02 04:43:30午前 evaluateStage_trainer.py:138 [INFO] Train: Epoch: [75][150/175]	Step 13350	lr 0.00451	Loss 0.1689 (0.1753)	Prec@(1,5) (95.2%, 99.8%)	
12/02 04:43:37午前 evaluateStage_trainer.py:138 [INFO] Train: Epoch: [75][175/175]	Step 13375	lr 0.00451	Loss 0.2030 (0.1770)	Prec@(1,5) (95.2%, 99.8%)	
12/02 04:43:37午前 evaluateStage_trainer.py:145 [INFO] Train: [ 75/99] Final Prec@1 95.1644%
12/02 04:43:40午前 evaluateStage_trainer.py:180 [INFO] Valid: [ 75/99] Final Prec@1 58.2000%
12/02 04:43:40午前 evaluateStage_main.py:75 [INFO] Until now, best Prec@1 = 58.4200%
12/02 04:43:54午前 evaluateStage_trainer.py:138 [INFO] Train: Epoch: [76][50/175]	Step 13426	lr 0.00425	Loss 0.2049 (0.1733)	Prec@(1,5) (95.4%, 99.8%)	
12/02 04:44:07午前 evaluateStage_trainer.py:138 [INFO] Train: Epoch: [76][100/175]	Step 13476	lr 0.00425	Loss 0.1709 (0.1721)	Prec@(1,5) (95.4%, 99.8%)	
12/02 04:44:21午前 evaluateStage_trainer.py:138 [INFO] Train: Epoch: [76][150/175]	Step 13526	lr 0.00425	Loss 0.1602 (0.1712)	Prec@(1,5) (95.4%, 99.8%)	
12/02 04:44:27午前 evaluateStage_trainer.py:138 [INFO] Train: Epoch: [76][175/175]	Step 13551	lr 0.00425	Loss 0.1613 (0.1707)	Prec@(1,5) (95.5%, 99.8%)	
12/02 04:44:28午前 evaluateStage_trainer.py:145 [INFO] Train: [ 76/99] Final Prec@1 95.4533%
12/02 04:44:30午前 evaluateStage_trainer.py:180 [INFO] Valid: [ 76/99] Final Prec@1 59.3800%
12/02 04:44:31午前 evaluateStage_main.py:75 [INFO] Until now, best Prec@1 = 59.3800%
12/02 04:44:45午前 evaluateStage_trainer.py:138 [INFO] Train: Epoch: [77][50/175]	Step 13602	lr 0.004	Loss 0.1874 (0.1515)	Prec@(1,5) (96.1%, 99.8%)	
12/02 04:44:59午前 evaluateStage_trainer.py:138 [INFO] Train: Epoch: [77][100/175]	Step 13652	lr 0.004	Loss 0.1737 (0.1599)	Prec@(1,5) (95.9%, 99.8%)	
12/02 04:45:12午前 evaluateStage_trainer.py:138 [INFO] Train: Epoch: [77][150/175]	Step 13702	lr 0.004	Loss 0.1865 (0.1600)	Prec@(1,5) (95.9%, 99.8%)	
12/02 04:45:19午前 evaluateStage_trainer.py:138 [INFO] Train: Epoch: [77][175/175]	Step 13727	lr 0.004	Loss 0.1601 (0.1611)	Prec@(1,5) (95.8%, 99.8%)	
12/02 04:45:19午前 evaluateStage_trainer.py:145 [INFO] Train: [ 77/99] Final Prec@1 95.7933%
12/02 04:45:22午前 evaluateStage_trainer.py:180 [INFO] Valid: [ 77/99] Final Prec@1 58.3200%
12/02 04:45:22午前 evaluateStage_main.py:75 [INFO] Until now, best Prec@1 = 59.3800%
12/02 04:45:36午前 evaluateStage_trainer.py:138 [INFO] Train: Epoch: [78][50/175]	Step 13778	lr 0.00375	Loss 0.1659 (0.1428)	Prec@(1,5) (96.4%, 99.9%)	
12/02 04:45:50午前 evaluateStage_trainer.py:138 [INFO] Train: Epoch: [78][100/175]	Step 13828	lr 0.00375	Loss 0.1313 (0.1473)	Prec@(1,5) (96.3%, 99.9%)	
12/02 04:46:03午前 evaluateStage_trainer.py:138 [INFO] Train: Epoch: [78][150/175]	Step 13878	lr 0.00375	Loss 0.1827 (0.1479)	Prec@(1,5) (96.3%, 99.9%)	
12/02 04:46:10午前 evaluateStage_trainer.py:138 [INFO] Train: Epoch: [78][175/175]	Step 13903	lr 0.00375	Loss 0.1623 (0.1497)	Prec@(1,5) (96.2%, 99.9%)	
12/02 04:46:10午前 evaluateStage_trainer.py:145 [INFO] Train: [ 78/99] Final Prec@1 96.2200%
12/02 04:46:13午前 evaluateStage_trainer.py:180 [INFO] Valid: [ 78/99] Final Prec@1 59.1800%
12/02 04:46:13午前 evaluateStage_main.py:75 [INFO] Until now, best Prec@1 = 59.3800%
12/02 04:46:27午前 evaluateStage_trainer.py:138 [INFO] Train: Epoch: [79][50/175]	Step 13954	lr 0.00352	Loss 0.1655 (0.1422)	Prec@(1,5) (96.3%, 99.9%)	
12/02 04:46:41午前 evaluateStage_trainer.py:138 [INFO] Train: Epoch: [79][100/175]	Step 14004	lr 0.00352	Loss 0.1397 (0.1426)	Prec@(1,5) (96.4%, 99.9%)	
12/02 04:46:54午前 evaluateStage_trainer.py:138 [INFO] Train: Epoch: [79][150/175]	Step 14054	lr 0.00352	Loss 0.1379 (0.1420)	Prec@(1,5) (96.4%, 99.9%)	
12/02 04:47:01午前 evaluateStage_trainer.py:138 [INFO] Train: Epoch: [79][175/175]	Step 14079	lr 0.00352	Loss 0.1481 (0.1438)	Prec@(1,5) (96.3%, 99.9%)	
12/02 04:47:01午前 evaluateStage_trainer.py:145 [INFO] Train: [ 79/99] Final Prec@1 96.3311%
12/02 04:47:04午前 evaluateStage_trainer.py:180 [INFO] Valid: [ 79/99] Final Prec@1 57.8000%
12/02 04:47:04午前 evaluateStage_main.py:75 [INFO] Until now, best Prec@1 = 59.3800%
12/02 04:47:18午前 evaluateStage_trainer.py:138 [INFO] Train: Epoch: [80][50/175]	Step 14130	lr 0.00329	Loss 0.1077 (0.1339)	Prec@(1,5) (96.7%, 99.9%)	
12/02 04:47:32午前 evaluateStage_trainer.py:138 [INFO] Train: Epoch: [80][100/175]	Step 14180	lr 0.00329	Loss 0.1377 (0.1348)	Prec@(1,5) (96.8%, 99.9%)	
12/02 04:47:45午前 evaluateStage_trainer.py:138 [INFO] Train: Epoch: [80][150/175]	Step 14230	lr 0.00329	Loss 0.1768 (0.1377)	Prec@(1,5) (96.6%, 99.9%)	
12/02 04:47:52午前 evaluateStage_trainer.py:138 [INFO] Train: Epoch: [80][175/175]	Step 14255	lr 0.00329	Loss 0.1204 (0.1386)	Prec@(1,5) (96.5%, 99.9%)	
12/02 04:47:52午前 evaluateStage_trainer.py:145 [INFO] Train: [ 80/99] Final Prec@1 96.5489%
12/02 04:47:55午前 evaluateStage_trainer.py:180 [INFO] Valid: [ 80/99] Final Prec@1 59.4400%
12/02 04:47:55午前 evaluateStage_main.py:75 [INFO] Until now, best Prec@1 = 59.4400%
12/02 04:48:09午前 evaluateStage_trainer.py:138 [INFO] Train: Epoch: [81][50/175]	Step 14306	lr 0.00308	Loss 0.1374 (0.1183)	Prec@(1,5) (97.2%, 99.9%)	
12/02 04:48:23午前 evaluateStage_trainer.py:138 [INFO] Train: Epoch: [81][100/175]	Step 14356	lr 0.00308	Loss 0.1018 (0.1227)	Prec@(1,5) (97.1%, 99.9%)	
12/02 04:48:36午前 evaluateStage_trainer.py:138 [INFO] Train: Epoch: [81][150/175]	Step 14406	lr 0.00308	Loss 0.1158 (0.1281)	Prec@(1,5) (96.9%, 99.9%)	
12/02 04:48:43午前 evaluateStage_trainer.py:138 [INFO] Train: Epoch: [81][175/175]	Step 14431	lr 0.00308	Loss 0.1441 (0.1299)	Prec@(1,5) (96.8%, 99.9%)	
12/02 04:48:43午前 evaluateStage_trainer.py:145 [INFO] Train: [ 81/99] Final Prec@1 96.8156%
12/02 04:48:46午前 evaluateStage_trainer.py:180 [INFO] Valid: [ 81/99] Final Prec@1 58.8200%
12/02 04:48:46午前 evaluateStage_main.py:75 [INFO] Until now, best Prec@1 = 59.4400%
12/02 04:49:00午前 evaluateStage_trainer.py:138 [INFO] Train: Epoch: [82][50/175]	Step 14482	lr 0.00287	Loss 0.1524 (0.1214)	Prec@(1,5) (97.2%, 100.0%)	
12/02 04:49:14午前 evaluateStage_trainer.py:138 [INFO] Train: Epoch: [82][100/175]	Step 14532	lr 0.00287	Loss 0.1373 (0.1231)	Prec@(1,5) (97.2%, 99.9%)	
12/02 04:49:27午前 evaluateStage_trainer.py:138 [INFO] Train: Epoch: [82][150/175]	Step 14582	lr 0.00287	Loss 0.1660 (0.1273)	Prec@(1,5) (97.0%, 99.9%)	
12/02 04:49:34午前 evaluateStage_trainer.py:138 [INFO] Train: Epoch: [82][175/175]	Step 14607	lr 0.00287	Loss 0.1086 (0.1272)	Prec@(1,5) (97.0%, 99.9%)	
12/02 04:49:34午前 evaluateStage_trainer.py:145 [INFO] Train: [ 82/99] Final Prec@1 97.0200%
12/02 04:49:37午前 evaluateStage_trainer.py:180 [INFO] Valid: [ 82/99] Final Prec@1 58.9200%
12/02 04:49:37午前 evaluateStage_main.py:75 [INFO] Until now, best Prec@1 = 59.4400%
12/02 04:49:51午前 evaluateStage_trainer.py:138 [INFO] Train: Epoch: [83][50/175]	Step 14658	lr 0.00267	Loss 0.0714 (0.1182)	Prec@(1,5) (97.3%, 100.0%)	
12/02 04:50:04午前 evaluateStage_trainer.py:138 [INFO] Train: Epoch: [83][100/175]	Step 14708	lr 0.00267	Loss 0.1249 (0.1186)	Prec@(1,5) (97.3%, 99.9%)	
12/02 04:50:17午前 evaluateStage_trainer.py:138 [INFO] Train: Epoch: [83][150/175]	Step 14758	lr 0.00267	Loss 0.1108 (0.1191)	Prec@(1,5) (97.2%, 100.0%)	
12/02 04:50:24午前 evaluateStage_trainer.py:138 [INFO] Train: Epoch: [83][175/175]	Step 14783	lr 0.00267	Loss 0.1315 (0.1205)	Prec@(1,5) (97.1%, 100.0%)	
12/02 04:50:24午前 evaluateStage_trainer.py:145 [INFO] Train: [ 83/99] Final Prec@1 97.1311%
12/02 04:50:27午前 evaluateStage_trainer.py:180 [INFO] Valid: [ 83/99] Final Prec@1 59.1200%
12/02 04:50:28午前 evaluateStage_main.py:75 [INFO] Until now, best Prec@1 = 59.4400%
12/02 04:50:42午前 evaluateStage_trainer.py:138 [INFO] Train: Epoch: [84][50/175]	Step 14834	lr 0.00248	Loss 0.1381 (0.1038)	Prec@(1,5) (97.7%, 99.9%)	
12/02 04:50:55午前 evaluateStage_trainer.py:138 [INFO] Train: Epoch: [84][100/175]	Step 14884	lr 0.00248	Loss 0.1109 (0.1065)	Prec@(1,5) (97.7%, 100.0%)	
12/02 04:51:09午前 evaluateStage_trainer.py:138 [INFO] Train: Epoch: [84][150/175]	Step 14934	lr 0.00248	Loss 0.1126 (0.1087)	Prec@(1,5) (97.6%, 100.0%)	
12/02 04:51:15午前 evaluateStage_trainer.py:138 [INFO] Train: Epoch: [84][175/175]	Step 14959	lr 0.00248	Loss 0.1589 (0.1107)	Prec@(1,5) (97.5%, 99.9%)	
12/02 04:51:15午前 evaluateStage_trainer.py:145 [INFO] Train: [ 84/99] Final Prec@1 97.4867%
12/02 04:51:18午前 evaluateStage_trainer.py:180 [INFO] Valid: [ 84/99] Final Prec@1 58.6400%
12/02 04:51:18午前 evaluateStage_main.py:75 [INFO] Until now, best Prec@1 = 59.4400%
12/02 04:51:33午前 evaluateStage_trainer.py:138 [INFO] Train: Epoch: [85][50/175]	Step 15010	lr 0.00231	Loss 0.0966 (0.1090)	Prec@(1,5) (97.5%, 99.9%)	
12/02 04:51:46午前 evaluateStage_trainer.py:138 [INFO] Train: Epoch: [85][100/175]	Step 15060	lr 0.00231	Loss 0.1227 (0.1081)	Prec@(1,5) (97.6%, 99.9%)	
12/02 04:51:59午前 evaluateStage_trainer.py:138 [INFO] Train: Epoch: [85][150/175]	Step 15110	lr 0.00231	Loss 0.1399 (0.1093)	Prec@(1,5) (97.5%, 100.0%)	
12/02 04:52:06午前 evaluateStage_trainer.py:138 [INFO] Train: Epoch: [85][175/175]	Step 15135	lr 0.00231	Loss 0.0989 (0.1103)	Prec@(1,5) (97.5%, 99.9%)	
12/02 04:52:06午前 evaluateStage_trainer.py:145 [INFO] Train: [ 85/99] Final Prec@1 97.5089%
12/02 04:52:09午前 evaluateStage_trainer.py:180 [INFO] Valid: [ 85/99] Final Prec@1 58.8400%
12/02 04:52:09午前 evaluateStage_main.py:75 [INFO] Until now, best Prec@1 = 59.4400%
12/02 04:52:24午前 evaluateStage_trainer.py:138 [INFO] Train: Epoch: [86][50/175]	Step 15186	lr 0.00214	Loss 0.0852 (0.1080)	Prec@(1,5) (97.5%, 99.9%)	
12/02 04:52:37午前 evaluateStage_trainer.py:138 [INFO] Train: Epoch: [86][100/175]	Step 15236	lr 0.00214	Loss 0.0993 (0.1051)	Prec@(1,5) (97.7%, 100.0%)	
12/02 04:52:50午前 evaluateStage_trainer.py:138 [INFO] Train: Epoch: [86][150/175]	Step 15286	lr 0.00214	Loss 0.0912 (0.1064)	Prec@(1,5) (97.7%, 99.9%)	
12/02 04:52:57午前 evaluateStage_trainer.py:138 [INFO] Train: Epoch: [86][175/175]	Step 15311	lr 0.00214	Loss 0.1254 (0.1068)	Prec@(1,5) (97.7%, 99.9%)	
12/02 04:52:57午前 evaluateStage_trainer.py:145 [INFO] Train: [ 86/99] Final Prec@1 97.6667%
12/02 04:53:00午前 evaluateStage_trainer.py:180 [INFO] Valid: [ 86/99] Final Prec@1 58.9200%
12/02 04:53:00午前 evaluateStage_main.py:75 [INFO] Until now, best Prec@1 = 59.4400%
12/02 04:53:14午前 evaluateStage_trainer.py:138 [INFO] Train: Epoch: [87][50/175]	Step 15362	lr 0.00199	Loss 0.0883 (0.0952)	Prec@(1,5) (98.2%, 100.0%)	
12/02 04:53:28午前 evaluateStage_trainer.py:138 [INFO] Train: Epoch: [87][100/175]	Step 15412	lr 0.00199	Loss 0.1041 (0.1023)	Prec@(1,5) (97.8%, 99.9%)	
12/02 04:53:41午前 evaluateStage_trainer.py:138 [INFO] Train: Epoch: [87][150/175]	Step 15462	lr 0.00199	Loss 0.1141 (0.1035)	Prec@(1,5) (97.8%, 99.9%)	
12/02 04:53:48午前 evaluateStage_trainer.py:138 [INFO] Train: Epoch: [87][175/175]	Step 15487	lr 0.00199	Loss 0.1420 (0.1041)	Prec@(1,5) (97.8%, 99.9%)	
12/02 04:53:48午前 evaluateStage_trainer.py:145 [INFO] Train: [ 87/99] Final Prec@1 97.7533%
12/02 04:53:51午前 evaluateStage_trainer.py:180 [INFO] Valid: [ 87/99] Final Prec@1 59.1800%
12/02 04:53:51午前 evaluateStage_main.py:75 [INFO] Until now, best Prec@1 = 59.4400%
12/02 04:54:05午前 evaluateStage_trainer.py:138 [INFO] Train: Epoch: [88][50/175]	Step 15538	lr 0.00184	Loss 0.0810 (0.0982)	Prec@(1,5) (98.0%, 99.9%)	
12/02 04:54:19午前 evaluateStage_trainer.py:138 [INFO] Train: Epoch: [88][100/175]	Step 15588	lr 0.00184	Loss 0.1066 (0.0995)	Prec@(1,5) (97.9%, 99.9%)	
12/02 04:54:32午前 evaluateStage_trainer.py:138 [INFO] Train: Epoch: [88][150/175]	Step 15638	lr 0.00184	Loss 0.1025 (0.1004)	Prec@(1,5) (97.9%, 100.0%)	
12/02 04:54:39午前 evaluateStage_trainer.py:138 [INFO] Train: Epoch: [88][175/175]	Step 15663	lr 0.00184	Loss 0.1357 (0.1008)	Prec@(1,5) (97.8%, 100.0%)	
12/02 04:54:39午前 evaluateStage_trainer.py:145 [INFO] Train: [ 88/99] Final Prec@1 97.8400%
12/02 04:54:42午前 evaluateStage_trainer.py:180 [INFO] Valid: [ 88/99] Final Prec@1 58.8400%
12/02 04:54:42午前 evaluateStage_main.py:75 [INFO] Until now, best Prec@1 = 59.4400%
12/02 04:54:56午前 evaluateStage_trainer.py:138 [INFO] Train: Epoch: [89][50/175]	Step 15714	lr 0.00171	Loss 0.0994 (0.0938)	Prec@(1,5) (98.3%, 99.9%)	
12/02 04:55:09午前 evaluateStage_trainer.py:138 [INFO] Train: Epoch: [89][100/175]	Step 15764	lr 0.00171	Loss 0.0869 (0.0941)	Prec@(1,5) (98.2%, 100.0%)	
12/02 04:55:23午前 evaluateStage_trainer.py:138 [INFO] Train: Epoch: [89][150/175]	Step 15814	lr 0.00171	Loss 0.1090 (0.0964)	Prec@(1,5) (98.0%, 100.0%)	
12/02 04:55:30午前 evaluateStage_trainer.py:138 [INFO] Train: Epoch: [89][175/175]	Step 15839	lr 0.00171	Loss 0.0928 (0.0964)	Prec@(1,5) (98.0%, 100.0%)	
12/02 04:55:30午前 evaluateStage_trainer.py:145 [INFO] Train: [ 89/99] Final Prec@1 98.0044%
12/02 04:55:33午前 evaluateStage_trainer.py:180 [INFO] Valid: [ 89/99] Final Prec@1 59.6200%
12/02 04:55:33午前 evaluateStage_main.py:75 [INFO] Until now, best Prec@1 = 59.6200%
12/02 04:55:47午前 evaluateStage_trainer.py:138 [INFO] Train: Epoch: [90][50/175]	Step 15890	lr 0.00159	Loss 0.0964 (0.0889)	Prec@(1,5) (98.3%, 100.0%)	
12/02 04:56:01午前 evaluateStage_trainer.py:138 [INFO] Train: Epoch: [90][100/175]	Step 15940	lr 0.00159	Loss 0.0911 (0.0917)	Prec@(1,5) (98.2%, 100.0%)	
12/02 04:56:14午前 evaluateStage_trainer.py:138 [INFO] Train: Epoch: [90][150/175]	Step 15990	lr 0.00159	Loss 0.1041 (0.0938)	Prec@(1,5) (98.1%, 100.0%)	
12/02 04:56:21午前 evaluateStage_trainer.py:138 [INFO] Train: Epoch: [90][175/175]	Step 16015	lr 0.00159	Loss 0.0819 (0.0946)	Prec@(1,5) (98.1%, 100.0%)	
12/02 04:56:21午前 evaluateStage_trainer.py:145 [INFO] Train: [ 90/99] Final Prec@1 98.0778%
12/02 04:56:24午前 evaluateStage_trainer.py:180 [INFO] Valid: [ 90/99] Final Prec@1 59.1200%
12/02 04:56:24午前 evaluateStage_main.py:75 [INFO] Until now, best Prec@1 = 59.6200%
12/02 04:56:38午前 evaluateStage_trainer.py:138 [INFO] Train: Epoch: [91][50/175]	Step 16066	lr 0.00148	Loss 0.1106 (0.0914)	Prec@(1,5) (98.1%, 100.0%)	
12/02 04:56:52午前 evaluateStage_trainer.py:138 [INFO] Train: Epoch: [91][100/175]	Step 16116	lr 0.00148	Loss 0.1252 (0.0919)	Prec@(1,5) (98.2%, 100.0%)	
12/02 04:57:05午前 evaluateStage_trainer.py:138 [INFO] Train: Epoch: [91][150/175]	Step 16166	lr 0.00148	Loss 0.1214 (0.0914)	Prec@(1,5) (98.2%, 100.0%)	
12/02 04:57:12午前 evaluateStage_trainer.py:138 [INFO] Train: Epoch: [91][175/175]	Step 16191	lr 0.00148	Loss 0.0708 (0.0920)	Prec@(1,5) (98.1%, 100.0%)	
12/02 04:57:12午前 evaluateStage_trainer.py:145 [INFO] Train: [ 91/99] Final Prec@1 98.1267%
12/02 04:57:15午前 evaluateStage_trainer.py:180 [INFO] Valid: [ 91/99] Final Prec@1 59.6400%
12/02 04:57:15午前 evaluateStage_main.py:75 [INFO] Until now, best Prec@1 = 59.6400%
12/02 04:57:29午前 evaluateStage_trainer.py:138 [INFO] Train: Epoch: [92][50/175]	Step 16242	lr 0.00138	Loss 0.0779 (0.0860)	Prec@(1,5) (98.4%, 100.0%)	
12/02 04:57:43午前 evaluateStage_trainer.py:138 [INFO] Train: Epoch: [92][100/175]	Step 16292	lr 0.00138	Loss 0.0877 (0.0881)	Prec@(1,5) (98.3%, 100.0%)	
12/02 04:57:56午前 evaluateStage_trainer.py:138 [INFO] Train: Epoch: [92][150/175]	Step 16342	lr 0.00138	Loss 0.0974 (0.0895)	Prec@(1,5) (98.2%, 100.0%)	
12/02 04:58:03午前 evaluateStage_trainer.py:138 [INFO] Train: Epoch: [92][175/175]	Step 16367	lr 0.00138	Loss 0.1106 (0.0900)	Prec@(1,5) (98.2%, 100.0%)	
12/02 04:58:03午前 evaluateStage_trainer.py:145 [INFO] Train: [ 92/99] Final Prec@1 98.2089%
12/02 04:58:06午前 evaluateStage_trainer.py:180 [INFO] Valid: [ 92/99] Final Prec@1 58.8000%
12/02 04:58:06午前 evaluateStage_main.py:75 [INFO] Until now, best Prec@1 = 59.6400%
12/02 04:58:20午前 evaluateStage_trainer.py:138 [INFO] Train: Epoch: [93][50/175]	Step 16418	lr 0.00129	Loss 0.0876 (0.0869)	Prec@(1,5) (98.3%, 100.0%)	
12/02 04:58:34午前 evaluateStage_trainer.py:138 [INFO] Train: Epoch: [93][100/175]	Step 16468	lr 0.00129	Loss 0.0733 (0.0872)	Prec@(1,5) (98.3%, 100.0%)	
12/02 04:58:47午前 evaluateStage_trainer.py:138 [INFO] Train: Epoch: [93][150/175]	Step 16518	lr 0.00129	Loss 0.1105 (0.0883)	Prec@(1,5) (98.3%, 100.0%)	
12/02 04:58:54午前 evaluateStage_trainer.py:138 [INFO] Train: Epoch: [93][175/175]	Step 16543	lr 0.00129	Loss 0.0802 (0.0894)	Prec@(1,5) (98.3%, 100.0%)	
12/02 04:58:54午前 evaluateStage_trainer.py:145 [INFO] Train: [ 93/99] Final Prec@1 98.2533%
12/02 04:58:57午前 evaluateStage_trainer.py:180 [INFO] Valid: [ 93/99] Final Prec@1 59.1000%
12/02 04:58:57午前 evaluateStage_main.py:75 [INFO] Until now, best Prec@1 = 59.6400%
12/02 04:59:11午前 evaluateStage_trainer.py:138 [INFO] Train: Epoch: [94][50/175]	Step 16594	lr 0.00121	Loss 0.0742 (0.0868)	Prec@(1,5) (98.3%, 100.0%)	
12/02 04:59:24午前 evaluateStage_trainer.py:138 [INFO] Train: Epoch: [94][100/175]	Step 16644	lr 0.00121	Loss 0.0925 (0.0849)	Prec@(1,5) (98.4%, 100.0%)	
12/02 04:59:38午前 evaluateStage_trainer.py:138 [INFO] Train: Epoch: [94][150/175]	Step 16694	lr 0.00121	Loss 0.0810 (0.0868)	Prec@(1,5) (98.3%, 100.0%)	
12/02 04:59:44午前 evaluateStage_trainer.py:138 [INFO] Train: Epoch: [94][175/175]	Step 16719	lr 0.00121	Loss 0.1089 (0.0871)	Prec@(1,5) (98.3%, 100.0%)	
12/02 04:59:45午前 evaluateStage_trainer.py:145 [INFO] Train: [ 94/99] Final Prec@1 98.2933%
12/02 04:59:47午前 evaluateStage_trainer.py:180 [INFO] Valid: [ 94/99] Final Prec@1 59.4000%
12/02 04:59:48午前 evaluateStage_main.py:75 [INFO] Until now, best Prec@1 = 59.6400%
12/02 05:00:02午前 evaluateStage_trainer.py:138 [INFO] Train: Epoch: [95][50/175]	Step 16770	lr 0.00115	Loss 0.1015 (0.0872)	Prec@(1,5) (98.2%, 100.0%)	
12/02 05:00:15午前 evaluateStage_trainer.py:138 [INFO] Train: Epoch: [95][100/175]	Step 16820	lr 0.00115	Loss 0.0932 (0.0853)	Prec@(1,5) (98.3%, 100.0%)	
12/02 05:00:29午前 evaluateStage_trainer.py:138 [INFO] Train: Epoch: [95][150/175]	Step 16870	lr 0.00115	Loss 0.0730 (0.0858)	Prec@(1,5) (98.3%, 100.0%)	
12/02 05:00:35午前 evaluateStage_trainer.py:138 [INFO] Train: Epoch: [95][175/175]	Step 16895	lr 0.00115	Loss 0.0907 (0.0857)	Prec@(1,5) (98.3%, 100.0%)	
12/02 05:00:36午前 evaluateStage_trainer.py:145 [INFO] Train: [ 95/99] Final Prec@1 98.3022%
12/02 05:00:38午前 evaluateStage_trainer.py:180 [INFO] Valid: [ 95/99] Final Prec@1 59.6400%
12/02 05:00:39午前 evaluateStage_main.py:75 [INFO] Until now, best Prec@1 = 59.6400%
12/02 05:00:53午前 evaluateStage_trainer.py:138 [INFO] Train: Epoch: [96][50/175]	Step 16946	lr 0.00109	Loss 0.0613 (0.0824)	Prec@(1,5) (98.4%, 100.0%)	
12/02 05:01:06午前 evaluateStage_trainer.py:138 [INFO] Train: Epoch: [96][100/175]	Step 16996	lr 0.00109	Loss 0.0719 (0.0846)	Prec@(1,5) (98.4%, 100.0%)	
12/02 05:01:19午前 evaluateStage_trainer.py:138 [INFO] Train: Epoch: [96][150/175]	Step 17046	lr 0.00109	Loss 0.0919 (0.0852)	Prec@(1,5) (98.3%, 100.0%)	
12/02 05:01:26午前 evaluateStage_trainer.py:138 [INFO] Train: Epoch: [96][175/175]	Step 17071	lr 0.00109	Loss 0.0671 (0.0855)	Prec@(1,5) (98.3%, 100.0%)	
12/02 05:01:26午前 evaluateStage_trainer.py:145 [INFO] Train: [ 96/99] Final Prec@1 98.3089%
12/02 05:01:29午前 evaluateStage_trainer.py:180 [INFO] Valid: [ 96/99] Final Prec@1 59.4000%
12/02 05:01:29午前 evaluateStage_main.py:75 [INFO] Until now, best Prec@1 = 59.6400%
12/02 05:01:44午前 evaluateStage_trainer.py:138 [INFO] Train: Epoch: [97][50/175]	Step 17122	lr 0.00105	Loss 0.0944 (0.0808)	Prec@(1,5) (98.4%, 100.0%)	
12/02 05:01:57午前 evaluateStage_trainer.py:138 [INFO] Train: Epoch: [97][100/175]	Step 17172	lr 0.00105	Loss 0.0793 (0.0809)	Prec@(1,5) (98.4%, 100.0%)	
12/02 05:02:10午前 evaluateStage_trainer.py:138 [INFO] Train: Epoch: [97][150/175]	Step 17222	lr 0.00105	Loss 0.0933 (0.0831)	Prec@(1,5) (98.4%, 100.0%)	
12/02 05:02:17午前 evaluateStage_trainer.py:138 [INFO] Train: Epoch: [97][175/175]	Step 17247	lr 0.00105	Loss 0.1054 (0.0829)	Prec@(1,5) (98.4%, 100.0%)	
12/02 05:02:17午前 evaluateStage_trainer.py:145 [INFO] Train: [ 97/99] Final Prec@1 98.4067%
12/02 05:02:20午前 evaluateStage_trainer.py:180 [INFO] Valid: [ 97/99] Final Prec@1 59.7200%
12/02 05:02:21午前 evaluateStage_main.py:75 [INFO] Until now, best Prec@1 = 59.7200%
12/02 05:02:35午前 evaluateStage_trainer.py:138 [INFO] Train: Epoch: [98][50/175]	Step 17298	lr 0.00102	Loss 0.0642 (0.0799)	Prec@(1,5) (98.5%, 100.0%)	
12/02 05:02:48午前 evaluateStage_trainer.py:138 [INFO] Train: Epoch: [98][100/175]	Step 17348	lr 0.00102	Loss 0.0935 (0.0823)	Prec@(1,5) (98.4%, 100.0%)	
12/02 05:03:02午前 evaluateStage_trainer.py:138 [INFO] Train: Epoch: [98][150/175]	Step 17398	lr 0.00102	Loss 0.0869 (0.0827)	Prec@(1,5) (98.4%, 100.0%)	
12/02 05:03:08午前 evaluateStage_trainer.py:138 [INFO] Train: Epoch: [98][175/175]	Step 17423	lr 0.00102	Loss 0.1012 (0.0830)	Prec@(1,5) (98.4%, 100.0%)	
12/02 05:03:09午前 evaluateStage_trainer.py:145 [INFO] Train: [ 98/99] Final Prec@1 98.3578%
12/02 05:03:11午前 evaluateStage_trainer.py:180 [INFO] Valid: [ 98/99] Final Prec@1 59.3000%
12/02 05:03:12午前 evaluateStage_main.py:75 [INFO] Until now, best Prec@1 = 59.7200%
12/02 05:03:26午前 evaluateStage_trainer.py:138 [INFO] Train: Epoch: [99][50/175]	Step 17474	lr 0.00101	Loss 0.0559 (0.0789)	Prec@(1,5) (98.6%, 100.0%)	
12/02 05:03:39午前 evaluateStage_trainer.py:138 [INFO] Train: Epoch: [99][100/175]	Step 17524	lr 0.00101	Loss 0.0799 (0.0798)	Prec@(1,5) (98.5%, 100.0%)	
12/02 05:03:52午前 evaluateStage_trainer.py:138 [INFO] Train: Epoch: [99][150/175]	Step 17574	lr 0.00101	Loss 0.0642 (0.0812)	Prec@(1,5) (98.5%, 100.0%)	
12/02 05:03:59午前 evaluateStage_trainer.py:138 [INFO] Train: Epoch: [99][175/175]	Step 17599	lr 0.00101	Loss 0.0827 (0.0815)	Prec@(1,5) (98.5%, 100.0%)	
12/02 05:03:59午前 evaluateStage_trainer.py:145 [INFO] Train: [ 99/99] Final Prec@1 98.5022%
12/02 05:04:02午前 evaluateStage_trainer.py:180 [INFO] Valid: [ 99/99] Final Prec@1 59.4200%
12/02 05:04:02午前 evaluateStage_main.py:75 [INFO] Until now, best Prec@1 = 59.7200%
12/02 05:04:02午前 evaluateStage_main.py:79 [INFO] Final best Prec@1 = 59.7200%
