08/06 08:18:21AM parser.py:28 [INFO] 
08/06 08:18:21AM parser.py:29 [INFO] Parameters:
08/06 08:18:21AM parser.py:31 [INFO] T=1.0
08/06 08:18:21AM parser.py:31 [INFO] ADVANCED=True
08/06 08:18:21AM parser.py:31 [INFO] AUX_WEIGHT=0.4
08/06 08:18:21AM parser.py:31 [INFO] BATCH_SIZE=64
08/06 08:18:21AM parser.py:31 [INFO] CUTOUT_LENGTH=16
08/06 08:18:21AM parser.py:31 [INFO] DATA_PATH=../data/
08/06 08:18:21AM parser.py:31 [INFO] DATASET=cifar100
08/06 08:18:21AM parser.py:31 [INFO] DESCRIPTION=evaluate_arch_only_KD
08/06 08:18:21AM parser.py:31 [INFO] DROP_PATH_PROB=0.2
08/06 08:18:21AM parser.py:31 [INFO] EPOCHS=100
08/06 08:18:21AM parser.py:31 [INFO] EXP_NAME=133134-20240806-081821
08/06 08:18:21AM parser.py:31 [INFO] GENOTYPE=Genotype3(normal1=[[('sep_conv_3x3', 0), ('sep_conv_3x3', 1)], [('sep_conv_5x5', 0), ('sep_conv_3x3', 1)], [('sep_conv_3x3', 0), ('sep_conv_3x3', 3)], [('sep_conv_3x3', 1), ('sep_conv_3x3', 0)]], normal1_concat=range(2, 6), reduce1=[[('sep_conv_3x3', 0), ('sep_conv_5x5', 1)], [('max_pool_3x3', 1), ('skip_connect', 2)], [('dil_conv_5x5', 3), ('skip_connect', 0)], [('sep_conv_3x3', 1), ('sep_conv_5x5', 4)]], reduce1_concat=range(2, 6), normal2=[[('skip_connect', 0), ('skip_connect', 1)], [('skip_connect', 0), ('skip_connect', 1)], [('skip_connect', 1), ('avg_pool_3x3', 0)], [('skip_connect', 0), ('dil_conv_3x3', 3)]], normal2_concat=range(2, 6), reduce2=[[('avg_pool_3x3', 0), ('max_pool_3x3', 1)], [('avg_pool_3x3', 0), ('skip_connect', 2)], [('avg_pool_3x3', 0), ('skip_connect', 2)], [('avg_pool_3x3', 0), ('skip_connect', 2)]], reduce2_concat=range(2, 6), normal3=[[('skip_connect', 0), ('dil_conv_5x5', 1)], [('skip_connect', 0), ('skip_connect', 2)], [('skip_connect', 0), ('skip_connect', 3)], [('skip_connect', 0), ('skip_connect', 4)]], normal3_concat=range(2, 6))
08/06 08:18:21AM parser.py:31 [INFO] GPUS=[0]
08/06 08:18:21AM parser.py:31 [INFO] GRAD_CLIP=5.0
08/06 08:18:21AM parser.py:31 [INFO] INIT_CHANNELS=32
08/06 08:18:21AM parser.py:31 [INFO] L=1.0
08/06 08:18:21AM parser.py:31 [INFO] LAYERS=20
08/06 08:18:21AM parser.py:31 [INFO] LOGGER=<Logger H-DAS (INFO)>
08/06 08:18:21AM parser.py:31 [INFO] LR=0.025
08/06 08:18:21AM parser.py:31 [INFO] LR_MIN=0.001
08/06 08:18:21AM parser.py:31 [INFO] MOMENTUM=0.9
08/06 08:18:21AM parser.py:31 [INFO] NAME=ONLY_ARCH
08/06 08:18:21AM parser.py:31 [INFO] NONKD=True
08/06 08:18:21AM parser.py:31 [INFO] PATH=results/evaluate_cell_KD/cifar100/ONLY_ARCH/133134-20240806-081821
08/06 08:18:21AM parser.py:31 [INFO] PRINT_FREQ=50
08/06 08:18:21AM parser.py:31 [INFO] RESUME_PATH=None
08/06 08:18:21AM parser.py:31 [INFO] SAVE=133134
08/06 08:18:21AM parser.py:31 [INFO] SEED=0
08/06 08:18:21AM parser.py:31 [INFO] TEACHER_NAME=non
08/06 08:18:21AM parser.py:31 [INFO] TEACHER_PATH=non
08/06 08:18:21AM parser.py:31 [INFO] TRAIN_PORTION=0.9
08/06 08:18:21AM parser.py:31 [INFO] WEIGHT_DECAY=0.0003
08/06 08:18:21AM parser.py:31 [INFO] WORKERS=4
08/06 08:18:21AM parser.py:32 [INFO] 
08/06 08:18:23AM evaluateCell_trainer.py:102 [INFO] --> No loaded checkpoint!
08/06 08:19:24AM evaluateCell_trainer.py:199 [INFO] Valid: Epoch: [0][50/79]	Step 704	Loss 3.5174	Prec@(1,5) (16.4%, 43.5%)
08/06 08:19:24AM evaluateCell_trainer.py:199 [INFO] Valid: Epoch: [0][78/79]	Step 704	Loss 3.5535	Prec@(1,5) (16.3%, 42.3%)
08/06 08:19:24AM evaluateCell_trainer.py:206 [INFO] Valid: [  0/99] Final Prec@1 16.3200%
08/06 08:19:25午前 evaluateCell_main.py:75 [INFO] Until now, best Prec@1 = 16.3200%
08/06 08:20:35午前 evaluateCell_trainer.py:199 [INFO] Valid: Epoch: [1][50/79]	Step 1408	Loss 3.0451	Prec@(1,5) (25.4%, 53.8%)
08/06 08:20:36午前 evaluateCell_trainer.py:199 [INFO] Valid: Epoch: [1][78/79]	Step 1408	Loss 3.0333	Prec@(1,5) (25.3%, 54.5%)
08/06 08:20:36午前 evaluateCell_trainer.py:206 [INFO] Valid: [  1/99] Final Prec@1 25.3000%
08/06 08:20:36午前 evaluateCell_main.py:75 [INFO] Until now, best Prec@1 = 25.3000%
08/06 08:21:47午前 evaluateCell_trainer.py:199 [INFO] Valid: Epoch: [2][50/79]	Step 2112	Loss 2.8944	Prec@(1,5) (28.4%, 58.9%)
08/06 08:21:47午前 evaluateCell_trainer.py:199 [INFO] Valid: Epoch: [2][78/79]	Step 2112	Loss 2.9203	Prec@(1,5) (27.9%, 58.4%)
08/06 08:21:47午前 evaluateCell_trainer.py:206 [INFO] Valid: [  2/99] Final Prec@1 27.8600%
08/06 08:21:48午前 evaluateCell_main.py:75 [INFO] Until now, best Prec@1 = 27.8600%
08/06 08:22:58午前 evaluateCell_trainer.py:199 [INFO] Valid: Epoch: [3][50/79]	Step 2816	Loss 2.6313	Prec@(1,5) (33.2%, 63.8%)
08/06 08:22:59午前 evaluateCell_trainer.py:199 [INFO] Valid: Epoch: [3][78/79]	Step 2816	Loss 2.6301	Prec@(1,5) (33.4%, 64.2%)
08/06 08:22:59午前 evaluateCell_trainer.py:206 [INFO] Valid: [  3/99] Final Prec@1 33.3200%
08/06 08:22:59午前 evaluateCell_main.py:75 [INFO] Until now, best Prec@1 = 33.3200%
08/06 08:24:09午前 evaluateCell_trainer.py:199 [INFO] Valid: Epoch: [4][50/79]	Step 3520	Loss 2.3188	Prec@(1,5) (38.4%, 72.1%)
08/06 08:24:10午前 evaluateCell_trainer.py:199 [INFO] Valid: Epoch: [4][78/79]	Step 3520	Loss 2.3135	Prec@(1,5) (38.5%, 71.9%)
08/06 08:24:10午前 evaluateCell_trainer.py:206 [INFO] Valid: [  4/99] Final Prec@1 38.5000%
08/06 08:24:10午前 evaluateCell_main.py:75 [INFO] Until now, best Prec@1 = 38.5000%
08/06 08:25:18午前 evaluateCell_trainer.py:199 [INFO] Valid: Epoch: [5][50/79]	Step 4224	Loss 2.3348	Prec@(1,5) (39.3%, 71.7%)
08/06 08:25:19午前 evaluateCell_trainer.py:199 [INFO] Valid: Epoch: [5][78/79]	Step 4224	Loss 2.3249	Prec@(1,5) (39.1%, 72.4%)
08/06 08:25:19午前 evaluateCell_trainer.py:206 [INFO] Valid: [  5/99] Final Prec@1 39.1400%
08/06 08:25:19午前 evaluateCell_main.py:75 [INFO] Until now, best Prec@1 = 39.1400%
08/06 08:26:29午前 evaluateCell_trainer.py:199 [INFO] Valid: Epoch: [6][50/79]	Step 4928	Loss 2.0364	Prec@(1,5) (45.5%, 77.2%)
08/06 08:26:30午前 evaluateCell_trainer.py:199 [INFO] Valid: Epoch: [6][78/79]	Step 4928	Loss 2.0411	Prec@(1,5) (45.4%, 77.1%)
08/06 08:26:30午前 evaluateCell_trainer.py:206 [INFO] Valid: [  6/99] Final Prec@1 45.4200%
08/06 08:26:30午前 evaluateCell_main.py:75 [INFO] Until now, best Prec@1 = 45.4200%
08/06 08:27:42午前 evaluateCell_trainer.py:199 [INFO] Valid: Epoch: [7][50/79]	Step 5632	Loss 2.0592	Prec@(1,5) (43.3%, 77.7%)
08/06 08:27:42午前 evaluateCell_trainer.py:199 [INFO] Valid: Epoch: [7][78/79]	Step 5632	Loss 2.0511	Prec@(1,5) (43.7%, 77.5%)
08/06 08:27:43午前 evaluateCell_trainer.py:206 [INFO] Valid: [  7/99] Final Prec@1 43.7400%
08/06 08:27:43午前 evaluateCell_main.py:75 [INFO] Until now, best Prec@1 = 45.4200%
08/06 08:28:53午前 evaluateCell_trainer.py:199 [INFO] Valid: Epoch: [8][50/79]	Step 6336	Loss 2.0101	Prec@(1,5) (46.1%, 78.7%)
08/06 08:28:54午前 evaluateCell_trainer.py:199 [INFO] Valid: Epoch: [8][78/79]	Step 6336	Loss 2.0334	Prec@(1,5) (45.9%, 78.0%)
08/06 08:28:54午前 evaluateCell_trainer.py:206 [INFO] Valid: [  8/99] Final Prec@1 45.8400%
08/06 08:28:54午前 evaluateCell_main.py:75 [INFO] Until now, best Prec@1 = 45.8400%
08/06 08:30:04午前 evaluateCell_trainer.py:199 [INFO] Valid: Epoch: [9][50/79]	Step 7040	Loss 1.9510	Prec@(1,5) (46.7%, 78.4%)
08/06 08:30:04午前 evaluateCell_trainer.py:199 [INFO] Valid: Epoch: [9][78/79]	Step 7040	Loss 1.9425	Prec@(1,5) (46.9%, 78.5%)
08/06 08:30:04午前 evaluateCell_trainer.py:206 [INFO] Valid: [  9/99] Final Prec@1 46.9200%
08/06 08:30:05午前 evaluateCell_main.py:75 [INFO] Until now, best Prec@1 = 46.9200%
08/06 08:31:14午前 evaluateCell_trainer.py:199 [INFO] Valid: Epoch: [10][50/79]	Step 7744	Loss 1.9246	Prec@(1,5) (46.9%, 79.7%)
08/06 08:31:14午前 evaluateCell_trainer.py:199 [INFO] Valid: Epoch: [10][78/79]	Step 7744	Loss 1.9385	Prec@(1,5) (47.1%, 79.6%)
08/06 08:31:14午前 evaluateCell_trainer.py:206 [INFO] Valid: [ 10/99] Final Prec@1 47.1000%
08/06 08:31:15午前 evaluateCell_main.py:75 [INFO] Until now, best Prec@1 = 47.1000%
08/06 08:32:21午前 evaluateCell_trainer.py:199 [INFO] Valid: Epoch: [11][50/79]	Step 8448	Loss 1.9799	Prec@(1,5) (47.0%, 79.4%)
08/06 08:32:21午前 evaluateCell_trainer.py:199 [INFO] Valid: Epoch: [11][78/79]	Step 8448	Loss 1.9632	Prec@(1,5) (47.1%, 79.7%)
08/06 08:32:21午前 evaluateCell_trainer.py:206 [INFO] Valid: [ 11/99] Final Prec@1 47.0800%
08/06 08:32:22午前 evaluateCell_main.py:75 [INFO] Until now, best Prec@1 = 47.1000%
08/06 08:33:26午前 evaluateCell_trainer.py:199 [INFO] Valid: Epoch: [12][50/79]	Step 9152	Loss 1.9104	Prec@(1,5) (49.1%, 79.7%)
08/06 08:33:27午前 evaluateCell_trainer.py:199 [INFO] Valid: Epoch: [12][78/79]	Step 9152	Loss 1.8845	Prec@(1,5) (49.1%, 80.1%)
08/06 08:33:27午前 evaluateCell_trainer.py:206 [INFO] Valid: [ 12/99] Final Prec@1 49.0400%
08/06 08:33:27午前 evaluateCell_main.py:75 [INFO] Until now, best Prec@1 = 49.0400%
08/06 08:34:37午前 evaluateCell_trainer.py:199 [INFO] Valid: Epoch: [13][50/79]	Step 9856	Loss 1.7207	Prec@(1,5) (53.1%, 83.1%)
08/06 08:34:38午前 evaluateCell_trainer.py:199 [INFO] Valid: Epoch: [13][78/79]	Step 9856	Loss 1.7378	Prec@(1,5) (52.6%, 82.5%)
08/06 08:34:38午前 evaluateCell_trainer.py:206 [INFO] Valid: [ 13/99] Final Prec@1 52.6000%
08/06 08:34:38午前 evaluateCell_main.py:75 [INFO] Until now, best Prec@1 = 52.6000%
08/06 08:35:48午前 evaluateCell_trainer.py:199 [INFO] Valid: Epoch: [14][50/79]	Step 10560	Loss 1.8045	Prec@(1,5) (51.1%, 82.4%)
08/06 08:35:48午前 evaluateCell_trainer.py:199 [INFO] Valid: Epoch: [14][78/79]	Step 10560	Loss 1.7799	Prec@(1,5) (51.4%, 82.3%)
08/06 08:35:48午前 evaluateCell_trainer.py:206 [INFO] Valid: [ 14/99] Final Prec@1 51.3200%
08/06 08:35:49午前 evaluateCell_main.py:75 [INFO] Until now, best Prec@1 = 52.6000%
08/06 08:36:59午前 evaluateCell_trainer.py:199 [INFO] Valid: Epoch: [15][50/79]	Step 11264	Loss 1.8189	Prec@(1,5) (51.2%, 81.4%)
08/06 08:37:00午前 evaluateCell_trainer.py:199 [INFO] Valid: Epoch: [15][78/79]	Step 11264	Loss 1.7955	Prec@(1,5) (51.7%, 81.6%)
08/06 08:37:00午前 evaluateCell_trainer.py:206 [INFO] Valid: [ 15/99] Final Prec@1 51.6600%
08/06 08:37:00午前 evaluateCell_main.py:75 [INFO] Until now, best Prec@1 = 52.6000%
08/06 08:38:08午前 evaluateCell_trainer.py:199 [INFO] Valid: Epoch: [16][50/79]	Step 11968	Loss 1.8702	Prec@(1,5) (49.4%, 80.7%)
08/06 08:38:09午前 evaluateCell_trainer.py:199 [INFO] Valid: Epoch: [16][78/79]	Step 11968	Loss 1.8575	Prec@(1,5) (49.5%, 81.1%)
08/06 08:38:09午前 evaluateCell_trainer.py:206 [INFO] Valid: [ 16/99] Final Prec@1 49.5200%
08/06 08:38:09午前 evaluateCell_main.py:75 [INFO] Until now, best Prec@1 = 52.6000%
08/06 08:39:14午前 evaluateCell_trainer.py:199 [INFO] Valid: Epoch: [17][50/79]	Step 12672	Loss 1.7970	Prec@(1,5) (52.1%, 82.4%)
08/06 08:39:15午前 evaluateCell_trainer.py:199 [INFO] Valid: Epoch: [17][78/79]	Step 12672	Loss 1.7721	Prec@(1,5) (52.7%, 82.7%)
08/06 08:39:15午前 evaluateCell_trainer.py:206 [INFO] Valid: [ 17/99] Final Prec@1 52.7200%
08/06 08:39:15午前 evaluateCell_main.py:75 [INFO] Until now, best Prec@1 = 52.7200%
08/06 08:40:25午前 evaluateCell_trainer.py:199 [INFO] Valid: Epoch: [18][50/79]	Step 13376	Loss 1.7022	Prec@(1,5) (54.1%, 83.1%)
08/06 08:40:25午前 evaluateCell_trainer.py:199 [INFO] Valid: Epoch: [18][78/79]	Step 13376	Loss 1.7043	Prec@(1,5) (54.3%, 83.1%)
08/06 08:40:25午前 evaluateCell_trainer.py:206 [INFO] Valid: [ 18/99] Final Prec@1 54.3600%
08/06 08:40:26午前 evaluateCell_main.py:75 [INFO] Until now, best Prec@1 = 54.3600%
08/06 08:41:34午前 evaluateCell_trainer.py:199 [INFO] Valid: Epoch: [19][50/79]	Step 14080	Loss 1.6709	Prec@(1,5) (55.0%, 84.6%)
08/06 08:41:35午前 evaluateCell_trainer.py:199 [INFO] Valid: Epoch: [19][78/79]	Step 14080	Loss 1.6922	Prec@(1,5) (54.4%, 84.2%)
08/06 08:41:35午前 evaluateCell_trainer.py:206 [INFO] Valid: [ 19/99] Final Prec@1 54.4200%
08/06 08:41:35午前 evaluateCell_main.py:75 [INFO] Until now, best Prec@1 = 54.4200%
08/06 08:42:39午前 evaluateCell_trainer.py:199 [INFO] Valid: Epoch: [20][50/79]	Step 14784	Loss 1.6526	Prec@(1,5) (54.2%, 84.1%)
08/06 08:42:40午前 evaluateCell_trainer.py:199 [INFO] Valid: Epoch: [20][78/79]	Step 14784	Loss 1.6346	Prec@(1,5) (55.1%, 84.3%)
08/06 08:42:40午前 evaluateCell_trainer.py:206 [INFO] Valid: [ 20/99] Final Prec@1 55.0600%
08/06 08:42:41午前 evaluateCell_main.py:75 [INFO] Until now, best Prec@1 = 55.0600%
08/06 08:43:48午前 evaluateCell_trainer.py:199 [INFO] Valid: Epoch: [21][50/79]	Step 15488	Loss 1.7591	Prec@(1,5) (52.5%, 82.2%)
08/06 08:43:48午前 evaluateCell_trainer.py:199 [INFO] Valid: Epoch: [21][78/79]	Step 15488	Loss 1.7737	Prec@(1,5) (52.3%, 82.2%)
08/06 08:43:48午前 evaluateCell_trainer.py:206 [INFO] Valid: [ 21/99] Final Prec@1 52.3000%
08/06 08:43:48午前 evaluateCell_main.py:75 [INFO] Until now, best Prec@1 = 55.0600%
08/06 08:44:54午前 evaluateCell_trainer.py:199 [INFO] Valid: Epoch: [22][50/79]	Step 16192	Loss 1.6125	Prec@(1,5) (55.3%, 85.6%)
08/06 08:44:54午前 evaluateCell_trainer.py:199 [INFO] Valid: Epoch: [22][78/79]	Step 16192	Loss 1.6317	Prec@(1,5) (54.9%, 84.8%)
08/06 08:44:54午前 evaluateCell_trainer.py:206 [INFO] Valid: [ 22/99] Final Prec@1 54.9200%
08/06 08:44:54午前 evaluateCell_main.py:75 [INFO] Until now, best Prec@1 = 55.0600%
08/06 08:46:03午前 evaluateCell_trainer.py:199 [INFO] Valid: Epoch: [23][50/79]	Step 16896	Loss 1.7003	Prec@(1,5) (55.2%, 84.6%)
08/06 08:46:03午前 evaluateCell_trainer.py:199 [INFO] Valid: Epoch: [23][78/79]	Step 16896	Loss 1.6992	Prec@(1,5) (55.1%, 84.6%)
08/06 08:46:03午前 evaluateCell_trainer.py:206 [INFO] Valid: [ 23/99] Final Prec@1 55.0600%
08/06 08:46:04午前 evaluateCell_main.py:75 [INFO] Until now, best Prec@1 = 55.0600%
08/06 08:47:08午前 evaluateCell_trainer.py:199 [INFO] Valid: Epoch: [24][50/79]	Step 17600	Loss 1.6662	Prec@(1,5) (55.4%, 83.9%)
08/06 08:47:09午前 evaluateCell_trainer.py:199 [INFO] Valid: Epoch: [24][78/79]	Step 17600	Loss 1.6562	Prec@(1,5) (55.7%, 84.3%)
08/06 08:47:09午前 evaluateCell_trainer.py:206 [INFO] Valid: [ 24/99] Final Prec@1 55.7400%
08/06 08:47:09午前 evaluateCell_main.py:75 [INFO] Until now, best Prec@1 = 55.7400%
08/06 08:48:20午前 evaluateCell_trainer.py:199 [INFO] Valid: Epoch: [25][50/79]	Step 18304	Loss 1.6521	Prec@(1,5) (56.2%, 83.9%)
08/06 08:48:21午前 evaluateCell_trainer.py:199 [INFO] Valid: Epoch: [25][78/79]	Step 18304	Loss 1.6696	Prec@(1,5) (55.7%, 83.9%)
08/06 08:48:21午前 evaluateCell_trainer.py:206 [INFO] Valid: [ 25/99] Final Prec@1 55.6800%
08/06 08:48:21午前 evaluateCell_main.py:75 [INFO] Until now, best Prec@1 = 55.7400%
08/06 08:49:31午前 evaluateCell_trainer.py:199 [INFO] Valid: Epoch: [26][50/79]	Step 19008	Loss 1.4399	Prec@(1,5) (59.0%, 87.3%)
08/06 08:49:31午前 evaluateCell_trainer.py:199 [INFO] Valid: Epoch: [26][78/79]	Step 19008	Loss 1.4830	Prec@(1,5) (58.4%, 86.5%)
08/06 08:49:31午前 evaluateCell_trainer.py:206 [INFO] Valid: [ 26/99] Final Prec@1 58.4200%
08/06 08:49:32午前 evaluateCell_main.py:75 [INFO] Until now, best Prec@1 = 58.4200%
08/06 08:50:42午前 evaluateCell_trainer.py:199 [INFO] Valid: Epoch: [27][50/79]	Step 19712	Loss 1.5191	Prec@(1,5) (58.5%, 86.3%)
08/06 08:50:42午前 evaluateCell_trainer.py:199 [INFO] Valid: Epoch: [27][78/79]	Step 19712	Loss 1.5454	Prec@(1,5) (57.7%, 85.9%)
08/06 08:50:42午前 evaluateCell_trainer.py:206 [INFO] Valid: [ 27/99] Final Prec@1 57.7000%
08/06 08:50:43午前 evaluateCell_main.py:75 [INFO] Until now, best Prec@1 = 58.4200%
08/06 08:51:53午前 evaluateCell_trainer.py:199 [INFO] Valid: Epoch: [28][50/79]	Step 20416	Loss 1.6776	Prec@(1,5) (55.3%, 83.7%)
08/06 08:51:54午前 evaluateCell_trainer.py:199 [INFO] Valid: Epoch: [28][78/79]	Step 20416	Loss 1.6806	Prec@(1,5) (55.3%, 83.8%)
08/06 08:51:54午前 evaluateCell_trainer.py:206 [INFO] Valid: [ 28/99] Final Prec@1 55.3400%
08/06 08:51:54午前 evaluateCell_main.py:75 [INFO] Until now, best Prec@1 = 58.4200%
08/06 08:53:01午前 evaluateCell_trainer.py:199 [INFO] Valid: Epoch: [29][50/79]	Step 21120	Loss 1.6040	Prec@(1,5) (56.9%, 85.9%)
08/06 08:53:02午前 evaluateCell_trainer.py:199 [INFO] Valid: Epoch: [29][78/79]	Step 21120	Loss 1.5876	Prec@(1,5) (57.1%, 85.9%)
08/06 08:53:02午前 evaluateCell_trainer.py:206 [INFO] Valid: [ 29/99] Final Prec@1 57.0600%
08/06 08:53:02午前 evaluateCell_main.py:75 [INFO] Until now, best Prec@1 = 58.4200%
08/06 08:54:13午前 evaluateCell_trainer.py:199 [INFO] Valid: Epoch: [30][50/79]	Step 21824	Loss 1.4739	Prec@(1,5) (59.1%, 87.4%)
08/06 08:54:13午前 evaluateCell_trainer.py:199 [INFO] Valid: Epoch: [30][78/79]	Step 21824	Loss 1.5253	Prec@(1,5) (58.0%, 86.6%)
08/06 08:54:13午前 evaluateCell_trainer.py:206 [INFO] Valid: [ 30/99] Final Prec@1 58.0200%
08/06 08:54:13午前 evaluateCell_main.py:75 [INFO] Until now, best Prec@1 = 58.4200%
08/06 08:55:25午前 evaluateCell_trainer.py:199 [INFO] Valid: Epoch: [31][50/79]	Step 22528	Loss 1.4985	Prec@(1,5) (59.2%, 87.1%)
08/06 08:55:25午前 evaluateCell_trainer.py:199 [INFO] Valid: Epoch: [31][78/79]	Step 22528	Loss 1.5007	Prec@(1,5) (59.6%, 87.2%)
08/06 08:55:26午前 evaluateCell_trainer.py:206 [INFO] Valid: [ 31/99] Final Prec@1 59.6000%
08/06 08:55:26午前 evaluateCell_main.py:75 [INFO] Until now, best Prec@1 = 59.6000%
08/06 08:56:31午前 evaluateCell_trainer.py:199 [INFO] Valid: Epoch: [32][50/79]	Step 23232	Loss 1.6580	Prec@(1,5) (55.2%, 85.1%)
08/06 08:56:32午前 evaluateCell_trainer.py:199 [INFO] Valid: Epoch: [32][78/79]	Step 23232	Loss 1.6359	Prec@(1,5) (55.6%, 85.6%)
08/06 08:56:32午前 evaluateCell_trainer.py:206 [INFO] Valid: [ 32/99] Final Prec@1 55.6600%
08/06 08:56:32午前 evaluateCell_main.py:75 [INFO] Until now, best Prec@1 = 59.6000%
08/06 08:57:41午前 evaluateCell_trainer.py:199 [INFO] Valid: Epoch: [33][50/79]	Step 23936	Loss 1.6228	Prec@(1,5) (57.7%, 84.9%)
08/06 08:57:42午前 evaluateCell_trainer.py:199 [INFO] Valid: Epoch: [33][78/79]	Step 23936	Loss 1.6166	Prec@(1,5) (57.7%, 85.3%)
08/06 08:57:42午前 evaluateCell_trainer.py:206 [INFO] Valid: [ 33/99] Final Prec@1 57.6800%
08/06 08:57:42午前 evaluateCell_main.py:75 [INFO] Until now, best Prec@1 = 59.6000%
08/06 08:58:51午前 evaluateCell_trainer.py:199 [INFO] Valid: Epoch: [34][50/79]	Step 24640	Loss 1.4936	Prec@(1,5) (59.6%, 87.9%)
08/06 08:58:52午前 evaluateCell_trainer.py:199 [INFO] Valid: Epoch: [34][78/79]	Step 24640	Loss 1.4947	Prec@(1,5) (59.2%, 87.6%)
08/06 08:58:52午前 evaluateCell_trainer.py:206 [INFO] Valid: [ 34/99] Final Prec@1 59.2400%
08/06 08:58:52午前 evaluateCell_main.py:75 [INFO] Until now, best Prec@1 = 59.6000%
08/06 08:59:59午前 evaluateCell_trainer.py:199 [INFO] Valid: Epoch: [35][50/79]	Step 25344	Loss 1.4883	Prec@(1,5) (59.4%, 86.7%)
08/06 08:59:59午前 evaluateCell_trainer.py:199 [INFO] Valid: Epoch: [35][78/79]	Step 25344	Loss 1.5151	Prec@(1,5) (58.7%, 86.7%)
08/06 08:59:59午前 evaluateCell_trainer.py:206 [INFO] Valid: [ 35/99] Final Prec@1 58.7200%
08/06 09:00:00午前 evaluateCell_main.py:75 [INFO] Until now, best Prec@1 = 59.6000%
08/06 09:01:11午前 evaluateCell_trainer.py:199 [INFO] Valid: Epoch: [36][50/79]	Step 26048	Loss 1.4966	Prec@(1,5) (58.5%, 86.8%)
08/06 09:01:12午前 evaluateCell_trainer.py:199 [INFO] Valid: Epoch: [36][78/79]	Step 26048	Loss 1.5068	Prec@(1,5) (58.2%, 87.0%)
08/06 09:01:12午前 evaluateCell_trainer.py:206 [INFO] Valid: [ 36/99] Final Prec@1 58.1800%
08/06 09:01:12午前 evaluateCell_main.py:75 [INFO] Until now, best Prec@1 = 59.6000%
08/06 09:02:22午前 evaluateCell_trainer.py:199 [INFO] Valid: Epoch: [37][50/79]	Step 26752	Loss 1.4530	Prec@(1,5) (60.8%, 87.7%)
08/06 09:02:22午前 evaluateCell_trainer.py:199 [INFO] Valid: Epoch: [37][78/79]	Step 26752	Loss 1.4990	Prec@(1,5) (59.7%, 86.8%)
08/06 09:02:22午前 evaluateCell_trainer.py:206 [INFO] Valid: [ 37/99] Final Prec@1 59.6400%
08/06 09:02:23午前 evaluateCell_main.py:75 [INFO] Until now, best Prec@1 = 59.6400%
08/06 09:03:33午前 evaluateCell_trainer.py:199 [INFO] Valid: Epoch: [38][50/79]	Step 27456	Loss 1.6156	Prec@(1,5) (57.8%, 86.7%)
08/06 09:03:33午前 evaluateCell_trainer.py:199 [INFO] Valid: Epoch: [38][78/79]	Step 27456	Loss 1.6063	Prec@(1,5) (57.9%, 86.7%)
08/06 09:03:33午前 evaluateCell_trainer.py:206 [INFO] Valid: [ 38/99] Final Prec@1 57.9200%
08/06 09:03:33午前 evaluateCell_main.py:75 [INFO] Until now, best Prec@1 = 59.6400%
08/06 09:04:44午前 evaluateCell_trainer.py:199 [INFO] Valid: Epoch: [39][50/79]	Step 28160	Loss 1.5181	Prec@(1,5) (59.5%, 86.6%)
08/06 09:04:45午前 evaluateCell_trainer.py:199 [INFO] Valid: Epoch: [39][78/79]	Step 28160	Loss 1.4712	Prec@(1,5) (60.4%, 87.2%)
08/06 09:04:45午前 evaluateCell_trainer.py:206 [INFO] Valid: [ 39/99] Final Prec@1 60.4200%
08/06 09:04:45午前 evaluateCell_main.py:75 [INFO] Until now, best Prec@1 = 60.4200%
08/06 09:05:55午前 evaluateCell_trainer.py:199 [INFO] Valid: Epoch: [40][50/79]	Step 28864	Loss 1.4516	Prec@(1,5) (59.9%, 87.7%)
08/06 09:05:56午前 evaluateCell_trainer.py:199 [INFO] Valid: Epoch: [40][78/79]	Step 28864	Loss 1.4435	Prec@(1,5) (60.4%, 87.9%)
08/06 09:05:56午前 evaluateCell_trainer.py:206 [INFO] Valid: [ 40/99] Final Prec@1 60.4200%
08/06 09:05:56午前 evaluateCell_main.py:75 [INFO] Until now, best Prec@1 = 60.4200%
08/06 09:07:04午前 evaluateCell_trainer.py:199 [INFO] Valid: Epoch: [41][50/79]	Step 29568	Loss 1.4379	Prec@(1,5) (61.0%, 88.1%)
08/06 09:07:04午前 evaluateCell_trainer.py:199 [INFO] Valid: Epoch: [41][78/79]	Step 29568	Loss 1.4446	Prec@(1,5) (61.4%, 87.9%)
08/06 09:07:05午前 evaluateCell_trainer.py:206 [INFO] Valid: [ 41/99] Final Prec@1 61.3400%
08/06 09:07:05午前 evaluateCell_main.py:75 [INFO] Until now, best Prec@1 = 61.3400%
08/06 09:08:17午前 evaluateCell_trainer.py:199 [INFO] Valid: Epoch: [42][50/79]	Step 30272	Loss 1.5486	Prec@(1,5) (58.9%, 86.6%)
08/06 09:08:17午前 evaluateCell_trainer.py:199 [INFO] Valid: Epoch: [42][78/79]	Step 30272	Loss 1.5818	Prec@(1,5) (58.5%, 86.1%)
08/06 09:08:17午前 evaluateCell_trainer.py:206 [INFO] Valid: [ 42/99] Final Prec@1 58.5200%
08/06 09:08:17午前 evaluateCell_main.py:75 [INFO] Until now, best Prec@1 = 61.3400%
08/06 09:09:26午前 evaluateCell_trainer.py:199 [INFO] Valid: Epoch: [43][50/79]	Step 30976	Loss 1.4947	Prec@(1,5) (59.7%, 87.7%)
08/06 09:09:26午前 evaluateCell_trainer.py:199 [INFO] Valid: Epoch: [43][78/79]	Step 30976	Loss 1.4708	Prec@(1,5) (60.3%, 87.6%)
08/06 09:09:26午前 evaluateCell_trainer.py:206 [INFO] Valid: [ 43/99] Final Prec@1 60.2600%
08/06 09:09:27午前 evaluateCell_main.py:75 [INFO] Until now, best Prec@1 = 61.3400%
08/06 09:10:36午前 evaluateCell_trainer.py:199 [INFO] Valid: Epoch: [44][50/79]	Step 31680	Loss 1.5530	Prec@(1,5) (60.2%, 87.4%)
08/06 09:10:37午前 evaluateCell_trainer.py:199 [INFO] Valid: Epoch: [44][78/79]	Step 31680	Loss 1.5330	Prec@(1,5) (60.1%, 87.3%)
08/06 09:10:37午前 evaluateCell_trainer.py:206 [INFO] Valid: [ 44/99] Final Prec@1 60.0800%
08/06 09:10:37午前 evaluateCell_main.py:75 [INFO] Until now, best Prec@1 = 61.3400%
08/06 09:11:41午前 evaluateCell_trainer.py:199 [INFO] Valid: Epoch: [45][50/79]	Step 32384	Loss 1.4860	Prec@(1,5) (60.5%, 87.4%)
08/06 09:11:42午前 evaluateCell_trainer.py:199 [INFO] Valid: Epoch: [45][78/79]	Step 32384	Loss 1.4590	Prec@(1,5) (61.1%, 87.9%)
08/06 09:11:42午前 evaluateCell_trainer.py:206 [INFO] Valid: [ 45/99] Final Prec@1 61.0800%
08/06 09:11:42午前 evaluateCell_main.py:75 [INFO] Until now, best Prec@1 = 61.3400%
08/06 09:12:46午前 evaluateCell_trainer.py:199 [INFO] Valid: Epoch: [46][50/79]	Step 33088	Loss 1.5296	Prec@(1,5) (59.9%, 86.7%)
08/06 09:12:47午前 evaluateCell_trainer.py:199 [INFO] Valid: Epoch: [46][78/79]	Step 33088	Loss 1.5281	Prec@(1,5) (60.2%, 86.8%)
08/06 09:12:47午前 evaluateCell_trainer.py:206 [INFO] Valid: [ 46/99] Final Prec@1 60.1600%
08/06 09:12:47午前 evaluateCell_main.py:75 [INFO] Until now, best Prec@1 = 61.3400%
08/06 09:13:56午前 evaluateCell_trainer.py:199 [INFO] Valid: Epoch: [47][50/79]	Step 33792	Loss 1.4491	Prec@(1,5) (61.9%, 88.2%)
08/06 09:13:57午前 evaluateCell_trainer.py:199 [INFO] Valid: Epoch: [47][78/79]	Step 33792	Loss 1.4376	Prec@(1,5) (62.2%, 88.4%)
08/06 09:13:57午前 evaluateCell_trainer.py:206 [INFO] Valid: [ 47/99] Final Prec@1 62.1800%
08/06 09:13:57午前 evaluateCell_main.py:75 [INFO] Until now, best Prec@1 = 62.1800%
08/06 09:15:08午前 evaluateCell_trainer.py:199 [INFO] Valid: Epoch: [48][50/79]	Step 34496	Loss 1.4137	Prec@(1,5) (62.5%, 88.7%)
08/06 09:15:09午前 evaluateCell_trainer.py:199 [INFO] Valid: Epoch: [48][78/79]	Step 34496	Loss 1.4060	Prec@(1,5) (62.6%, 88.7%)
08/06 09:15:09午前 evaluateCell_trainer.py:206 [INFO] Valid: [ 48/99] Final Prec@1 62.5800%
08/06 09:15:09午前 evaluateCell_main.py:75 [INFO] Until now, best Prec@1 = 62.5800%
08/06 09:16:21午前 evaluateCell_trainer.py:199 [INFO] Valid: Epoch: [49][50/79]	Step 35200	Loss 1.3476	Prec@(1,5) (63.2%, 89.2%)
08/06 09:16:22午前 evaluateCell_trainer.py:199 [INFO] Valid: Epoch: [49][78/79]	Step 35200	Loss 1.3566	Prec@(1,5) (63.2%, 88.9%)
08/06 09:16:22午前 evaluateCell_trainer.py:206 [INFO] Valid: [ 49/99] Final Prec@1 63.1600%
08/06 09:16:22午前 evaluateCell_main.py:75 [INFO] Until now, best Prec@1 = 63.1600%
08/06 09:17:33午前 evaluateCell_trainer.py:199 [INFO] Valid: Epoch: [50][50/79]	Step 35904	Loss 1.3989	Prec@(1,5) (62.5%, 88.9%)
08/06 09:17:34午前 evaluateCell_trainer.py:199 [INFO] Valid: Epoch: [50][78/79]	Step 35904	Loss 1.4049	Prec@(1,5) (62.7%, 88.6%)
08/06 09:17:34午前 evaluateCell_trainer.py:206 [INFO] Valid: [ 50/99] Final Prec@1 62.6400%
08/06 09:17:34午前 evaluateCell_main.py:75 [INFO] Until now, best Prec@1 = 63.1600%
08/06 09:18:44午前 evaluateCell_trainer.py:199 [INFO] Valid: Epoch: [51][50/79]	Step 36608	Loss 1.3667	Prec@(1,5) (63.1%, 89.3%)
08/06 09:18:45午前 evaluateCell_trainer.py:199 [INFO] Valid: Epoch: [51][78/79]	Step 36608	Loss 1.4033	Prec@(1,5) (62.5%, 89.0%)
08/06 09:18:45午前 evaluateCell_trainer.py:206 [INFO] Valid: [ 51/99] Final Prec@1 62.4600%
08/06 09:18:45午前 evaluateCell_main.py:75 [INFO] Until now, best Prec@1 = 63.1600%
08/06 09:19:55午前 evaluateCell_trainer.py:199 [INFO] Valid: Epoch: [52][50/79]	Step 37312	Loss 1.3653	Prec@(1,5) (63.2%, 89.5%)
08/06 09:19:56午前 evaluateCell_trainer.py:199 [INFO] Valid: Epoch: [52][78/79]	Step 37312	Loss 1.3479	Prec@(1,5) (63.4%, 90.0%)
08/06 09:19:56午前 evaluateCell_trainer.py:206 [INFO] Valid: [ 52/99] Final Prec@1 63.4400%
08/06 09:19:56午前 evaluateCell_main.py:75 [INFO] Until now, best Prec@1 = 63.4400%
08/06 09:21:07午前 evaluateCell_trainer.py:199 [INFO] Valid: Epoch: [53][50/79]	Step 38016	Loss 1.3728	Prec@(1,5) (64.1%, 89.4%)
08/06 09:21:07午前 evaluateCell_trainer.py:199 [INFO] Valid: Epoch: [53][78/79]	Step 38016	Loss 1.3624	Prec@(1,5) (63.9%, 89.3%)
08/06 09:21:07午前 evaluateCell_trainer.py:206 [INFO] Valid: [ 53/99] Final Prec@1 63.9400%
08/06 09:21:08午前 evaluateCell_main.py:75 [INFO] Until now, best Prec@1 = 63.9400%
08/06 09:22:18午前 evaluateCell_trainer.py:199 [INFO] Valid: Epoch: [54][50/79]	Step 38720	Loss 1.4332	Prec@(1,5) (62.1%, 89.2%)
08/06 09:22:19午前 evaluateCell_trainer.py:199 [INFO] Valid: Epoch: [54][78/79]	Step 38720	Loss 1.4171	Prec@(1,5) (63.1%, 89.0%)
08/06 09:22:19午前 evaluateCell_trainer.py:206 [INFO] Valid: [ 54/99] Final Prec@1 63.0600%
08/06 09:22:19午前 evaluateCell_main.py:75 [INFO] Until now, best Prec@1 = 63.9400%
08/06 09:23:28午前 evaluateCell_trainer.py:199 [INFO] Valid: Epoch: [55][50/79]	Step 39424	Loss 1.3388	Prec@(1,5) (64.2%, 89.8%)
08/06 09:23:28午前 evaluateCell_trainer.py:199 [INFO] Valid: Epoch: [55][78/79]	Step 39424	Loss 1.3951	Prec@(1,5) (63.3%, 89.4%)
08/06 09:23:28午前 evaluateCell_trainer.py:206 [INFO] Valid: [ 55/99] Final Prec@1 63.3200%
08/06 09:23:28午前 evaluateCell_main.py:75 [INFO] Until now, best Prec@1 = 63.9400%
08/06 09:24:35午前 evaluateCell_trainer.py:199 [INFO] Valid: Epoch: [56][50/79]	Step 40128	Loss 1.3300	Prec@(1,5) (64.8%, 89.7%)
08/06 09:24:35午前 evaluateCell_trainer.py:199 [INFO] Valid: Epoch: [56][78/79]	Step 40128	Loss 1.3792	Prec@(1,5) (63.8%, 89.2%)
08/06 09:24:35午前 evaluateCell_trainer.py:206 [INFO] Valid: [ 56/99] Final Prec@1 63.7800%
08/06 09:24:36午前 evaluateCell_main.py:75 [INFO] Until now, best Prec@1 = 63.9400%
08/06 09:25:46午前 evaluateCell_trainer.py:199 [INFO] Valid: Epoch: [57][50/79]	Step 40832	Loss 1.3136	Prec@(1,5) (65.0%, 89.8%)
08/06 09:25:47午前 evaluateCell_trainer.py:199 [INFO] Valid: Epoch: [57][78/79]	Step 40832	Loss 1.3472	Prec@(1,5) (64.5%, 89.5%)
08/06 09:25:47午前 evaluateCell_trainer.py:206 [INFO] Valid: [ 57/99] Final Prec@1 64.5000%
08/06 09:25:47午前 evaluateCell_main.py:75 [INFO] Until now, best Prec@1 = 64.5000%
08/06 09:26:58午前 evaluateCell_trainer.py:199 [INFO] Valid: Epoch: [58][50/79]	Step 41536	Loss 1.3589	Prec@(1,5) (65.0%, 89.4%)
08/06 09:26:58午前 evaluateCell_trainer.py:199 [INFO] Valid: Epoch: [58][78/79]	Step 41536	Loss 1.3395	Prec@(1,5) (65.1%, 89.8%)
08/06 09:26:58午前 evaluateCell_trainer.py:206 [INFO] Valid: [ 58/99] Final Prec@1 65.0800%
08/06 09:26:58午前 evaluateCell_main.py:75 [INFO] Until now, best Prec@1 = 65.0800%
08/06 09:28:07午前 evaluateCell_trainer.py:199 [INFO] Valid: Epoch: [59][50/79]	Step 42240	Loss 1.2996	Prec@(1,5) (65.2%, 90.3%)
08/06 09:28:07午前 evaluateCell_trainer.py:199 [INFO] Valid: Epoch: [59][78/79]	Step 42240	Loss 1.3105	Prec@(1,5) (65.4%, 90.1%)
08/06 09:28:08午前 evaluateCell_trainer.py:206 [INFO] Valid: [ 59/99] Final Prec@1 65.4400%
08/06 09:28:08午前 evaluateCell_main.py:75 [INFO] Until now, best Prec@1 = 65.4400%
08/06 09:29:18午前 evaluateCell_trainer.py:199 [INFO] Valid: Epoch: [60][50/79]	Step 42944	Loss 1.3370	Prec@(1,5) (65.3%, 90.3%)
08/06 09:29:19午前 evaluateCell_trainer.py:199 [INFO] Valid: Epoch: [60][78/79]	Step 42944	Loss 1.3087	Prec@(1,5) (65.9%, 90.6%)
08/06 09:29:19午前 evaluateCell_trainer.py:206 [INFO] Valid: [ 60/99] Final Prec@1 65.8600%
08/06 09:29:19午前 evaluateCell_main.py:75 [INFO] Until now, best Prec@1 = 65.8600%
08/06 09:30:30午前 evaluateCell_trainer.py:199 [INFO] Valid: Epoch: [61][50/79]	Step 43648	Loss 1.3356	Prec@(1,5) (64.6%, 89.5%)
08/06 09:30:31午前 evaluateCell_trainer.py:199 [INFO] Valid: Epoch: [61][78/79]	Step 43648	Loss 1.2805	Prec@(1,5) (66.3%, 90.5%)
08/06 09:30:31午前 evaluateCell_trainer.py:206 [INFO] Valid: [ 61/99] Final Prec@1 66.3200%
08/06 09:30:31午前 evaluateCell_main.py:75 [INFO] Until now, best Prec@1 = 66.3200%
08/06 09:31:42午前 evaluateCell_trainer.py:199 [INFO] Valid: Epoch: [62][50/79]	Step 44352	Loss 1.3430	Prec@(1,5) (65.2%, 90.2%)
08/06 09:31:43午前 evaluateCell_trainer.py:199 [INFO] Valid: Epoch: [62][78/79]	Step 44352	Loss 1.3262	Prec@(1,5) (65.5%, 90.0%)
08/06 09:31:43午前 evaluateCell_trainer.py:206 [INFO] Valid: [ 62/99] Final Prec@1 65.4800%
08/06 09:31:43午前 evaluateCell_main.py:75 [INFO] Until now, best Prec@1 = 66.3200%
08/06 09:32:54午前 evaluateCell_trainer.py:199 [INFO] Valid: Epoch: [63][50/79]	Step 45056	Loss 1.2974	Prec@(1,5) (66.4%, 90.9%)
08/06 09:32:55午前 evaluateCell_trainer.py:199 [INFO] Valid: Epoch: [63][78/79]	Step 45056	Loss 1.2987	Prec@(1,5) (66.3%, 90.6%)
08/06 09:32:55午前 evaluateCell_trainer.py:206 [INFO] Valid: [ 63/99] Final Prec@1 66.3000%
08/06 09:32:55午前 evaluateCell_main.py:75 [INFO] Until now, best Prec@1 = 66.3200%
08/06 09:34:05午前 evaluateCell_trainer.py:199 [INFO] Valid: Epoch: [64][50/79]	Step 45760	Loss 1.3323	Prec@(1,5) (66.0%, 89.9%)
08/06 09:34:06午前 evaluateCell_trainer.py:199 [INFO] Valid: Epoch: [64][78/79]	Step 45760	Loss 1.3176	Prec@(1,5) (66.0%, 90.0%)
08/06 09:34:06午前 evaluateCell_trainer.py:206 [INFO] Valid: [ 64/99] Final Prec@1 66.0000%
08/06 09:34:06午前 evaluateCell_main.py:75 [INFO] Until now, best Prec@1 = 66.3200%
08/06 09:35:17午前 evaluateCell_trainer.py:199 [INFO] Valid: Epoch: [65][50/79]	Step 46464	Loss 1.2955	Prec@(1,5) (66.4%, 90.0%)
08/06 09:35:18午前 evaluateCell_trainer.py:199 [INFO] Valid: Epoch: [65][78/79]	Step 46464	Loss 1.3296	Prec@(1,5) (66.1%, 89.8%)
08/06 09:35:18午前 evaluateCell_trainer.py:206 [INFO] Valid: [ 65/99] Final Prec@1 66.0600%
08/06 09:35:18午前 evaluateCell_main.py:75 [INFO] Until now, best Prec@1 = 66.3200%
08/06 09:36:29午前 evaluateCell_trainer.py:199 [INFO] Valid: Epoch: [66][50/79]	Step 47168	Loss 1.3497	Prec@(1,5) (65.9%, 89.9%)
08/06 09:36:30午前 evaluateCell_trainer.py:199 [INFO] Valid: Epoch: [66][78/79]	Step 47168	Loss 1.3308	Prec@(1,5) (66.3%, 90.1%)
08/06 09:36:30午前 evaluateCell_trainer.py:206 [INFO] Valid: [ 66/99] Final Prec@1 66.3000%
08/06 09:36:30午前 evaluateCell_main.py:75 [INFO] Until now, best Prec@1 = 66.3200%
08/06 09:37:42午前 evaluateCell_trainer.py:199 [INFO] Valid: Epoch: [67][50/79]	Step 47872	Loss 1.2841	Prec@(1,5) (67.2%, 91.0%)
08/06 09:37:42午前 evaluateCell_trainer.py:199 [INFO] Valid: Epoch: [67][78/79]	Step 47872	Loss 1.2718	Prec@(1,5) (67.1%, 91.0%)
08/06 09:37:42午前 evaluateCell_trainer.py:206 [INFO] Valid: [ 67/99] Final Prec@1 67.1600%
08/06 09:37:43午前 evaluateCell_main.py:75 [INFO] Until now, best Prec@1 = 67.1600%
08/06 09:38:54午前 evaluateCell_trainer.py:199 [INFO] Valid: Epoch: [68][50/79]	Step 48576	Loss 1.2193	Prec@(1,5) (67.9%, 91.7%)
08/06 09:38:55午前 evaluateCell_trainer.py:199 [INFO] Valid: Epoch: [68][78/79]	Step 48576	Loss 1.2558	Prec@(1,5) (67.2%, 91.8%)
08/06 09:38:55午前 evaluateCell_trainer.py:206 [INFO] Valid: [ 68/99] Final Prec@1 67.2200%
08/06 09:38:55午前 evaluateCell_main.py:75 [INFO] Until now, best Prec@1 = 67.2200%
08/06 09:40:07午前 evaluateCell_trainer.py:199 [INFO] Valid: Epoch: [69][50/79]	Step 49280	Loss 1.2294	Prec@(1,5) (67.4%, 91.1%)
08/06 09:40:07午前 evaluateCell_trainer.py:199 [INFO] Valid: Epoch: [69][78/79]	Step 49280	Loss 1.2526	Prec@(1,5) (66.9%, 90.7%)
08/06 09:40:07午前 evaluateCell_trainer.py:206 [INFO] Valid: [ 69/99] Final Prec@1 66.9400%
08/06 09:40:07午前 evaluateCell_main.py:75 [INFO] Until now, best Prec@1 = 67.2200%
08/06 09:41:18午前 evaluateCell_trainer.py:199 [INFO] Valid: Epoch: [70][50/79]	Step 49984	Loss 1.3063	Prec@(1,5) (67.0%, 90.9%)
08/06 09:41:18午前 evaluateCell_trainer.py:199 [INFO] Valid: Epoch: [70][78/79]	Step 49984	Loss 1.2962	Prec@(1,5) (67.0%, 90.8%)
08/06 09:41:18午前 evaluateCell_trainer.py:206 [INFO] Valid: [ 70/99] Final Prec@1 67.0600%
08/06 09:41:19午前 evaluateCell_main.py:75 [INFO] Until now, best Prec@1 = 67.2200%
08/06 09:42:27午前 evaluateCell_trainer.py:199 [INFO] Valid: Epoch: [71][50/79]	Step 50688	Loss 1.2126	Prec@(1,5) (69.2%, 91.5%)
08/06 09:42:28午前 evaluateCell_trainer.py:199 [INFO] Valid: Epoch: [71][78/79]	Step 50688	Loss 1.2564	Prec@(1,5) (68.1%, 90.9%)
08/06 09:42:28午前 evaluateCell_trainer.py:206 [INFO] Valid: [ 71/99] Final Prec@1 68.1000%
08/06 09:42:28午前 evaluateCell_main.py:75 [INFO] Until now, best Prec@1 = 68.1000%
08/06 09:43:32午前 evaluateCell_trainer.py:199 [INFO] Valid: Epoch: [72][50/79]	Step 51392	Loss 1.2766	Prec@(1,5) (68.4%, 91.4%)
08/06 09:43:33午前 evaluateCell_trainer.py:199 [INFO] Valid: Epoch: [72][78/79]	Step 51392	Loss 1.2955	Prec@(1,5) (67.7%, 91.2%)
08/06 09:43:33午前 evaluateCell_trainer.py:206 [INFO] Valid: [ 72/99] Final Prec@1 67.7200%
08/06 09:43:33午前 evaluateCell_main.py:75 [INFO] Until now, best Prec@1 = 68.1000%
08/06 09:44:36午前 evaluateCell_trainer.py:199 [INFO] Valid: Epoch: [73][50/79]	Step 52096	Loss 1.2956	Prec@(1,5) (67.6%, 91.0%)
08/06 09:44:36午前 evaluateCell_trainer.py:199 [INFO] Valid: Epoch: [73][78/79]	Step 52096	Loss 1.2687	Prec@(1,5) (68.4%, 91.1%)
08/06 09:44:36午前 evaluateCell_trainer.py:206 [INFO] Valid: [ 73/99] Final Prec@1 68.4000%
08/06 09:44:37午前 evaluateCell_main.py:75 [INFO] Until now, best Prec@1 = 68.4000%
08/06 09:45:43午前 evaluateCell_trainer.py:199 [INFO] Valid: Epoch: [74][50/79]	Step 52800	Loss 1.2638	Prec@(1,5) (69.0%, 91.0%)
08/06 09:45:44午前 evaluateCell_trainer.py:199 [INFO] Valid: Epoch: [74][78/79]	Step 52800	Loss 1.2503	Prec@(1,5) (69.0%, 91.2%)
08/06 09:45:44午前 evaluateCell_trainer.py:206 [INFO] Valid: [ 74/99] Final Prec@1 69.0400%
08/06 09:45:44午前 evaluateCell_main.py:75 [INFO] Until now, best Prec@1 = 69.0400%
08/06 09:46:55午前 evaluateCell_trainer.py:199 [INFO] Valid: Epoch: [75][50/79]	Step 53504	Loss 1.2788	Prec@(1,5) (68.0%, 91.2%)
08/06 09:46:56午前 evaluateCell_trainer.py:199 [INFO] Valid: Epoch: [75][78/79]	Step 53504	Loss 1.2710	Prec@(1,5) (68.4%, 91.0%)
08/06 09:46:56午前 evaluateCell_trainer.py:206 [INFO] Valid: [ 75/99] Final Prec@1 68.4400%
08/06 09:46:56午前 evaluateCell_main.py:75 [INFO] Until now, best Prec@1 = 69.0400%
08/06 09:48:08午前 evaluateCell_trainer.py:199 [INFO] Valid: Epoch: [76][50/79]	Step 54208	Loss 1.2669	Prec@(1,5) (68.1%, 91.8%)
08/06 09:48:08午前 evaluateCell_trainer.py:199 [INFO] Valid: Epoch: [76][78/79]	Step 54208	Loss 1.2804	Prec@(1,5) (68.1%, 91.3%)
08/06 09:48:08午前 evaluateCell_trainer.py:206 [INFO] Valid: [ 76/99] Final Prec@1 68.1000%
08/06 09:48:09午前 evaluateCell_main.py:75 [INFO] Until now, best Prec@1 = 69.0400%
08/06 09:49:21午前 evaluateCell_trainer.py:199 [INFO] Valid: Epoch: [77][50/79]	Step 54912	Loss 1.2918	Prec@(1,5) (68.7%, 91.2%)
08/06 09:49:21午前 evaluateCell_trainer.py:199 [INFO] Valid: Epoch: [77][78/79]	Step 54912	Loss 1.2645	Prec@(1,5) (69.0%, 91.7%)
08/06 09:49:22午前 evaluateCell_trainer.py:206 [INFO] Valid: [ 77/99] Final Prec@1 68.9400%
08/06 09:49:22午前 evaluateCell_main.py:75 [INFO] Until now, best Prec@1 = 69.0400%
08/06 09:50:32午前 evaluateCell_trainer.py:199 [INFO] Valid: Epoch: [78][50/79]	Step 55616	Loss 1.2859	Prec@(1,5) (68.5%, 91.3%)
08/06 09:50:33午前 evaluateCell_trainer.py:199 [INFO] Valid: Epoch: [78][78/79]	Step 55616	Loss 1.2880	Prec@(1,5) (68.8%, 91.3%)
08/06 09:50:33午前 evaluateCell_trainer.py:206 [INFO] Valid: [ 78/99] Final Prec@1 68.8000%
08/06 09:50:33午前 evaluateCell_main.py:75 [INFO] Until now, best Prec@1 = 69.0400%
08/06 09:51:44午前 evaluateCell_trainer.py:199 [INFO] Valid: Epoch: [79][50/79]	Step 56320	Loss 1.2609	Prec@(1,5) (68.4%, 91.7%)
08/06 09:51:45午前 evaluateCell_trainer.py:199 [INFO] Valid: Epoch: [79][78/79]	Step 56320	Loss 1.2560	Prec@(1,5) (69.0%, 91.7%)
08/06 09:51:45午前 evaluateCell_trainer.py:206 [INFO] Valid: [ 79/99] Final Prec@1 68.9600%
08/06 09:51:45午前 evaluateCell_main.py:75 [INFO] Until now, best Prec@1 = 69.0400%
08/06 09:52:56午前 evaluateCell_trainer.py:199 [INFO] Valid: Epoch: [80][50/79]	Step 57024	Loss 1.2687	Prec@(1,5) (69.8%, 91.1%)
08/06 09:52:57午前 evaluateCell_trainer.py:199 [INFO] Valid: Epoch: [80][78/79]	Step 57024	Loss 1.2590	Prec@(1,5) (69.3%, 91.3%)
08/06 09:52:57午前 evaluateCell_trainer.py:206 [INFO] Valid: [ 80/99] Final Prec@1 69.3200%
08/06 09:52:57午前 evaluateCell_main.py:75 [INFO] Until now, best Prec@1 = 69.3200%
08/06 09:54:06午前 evaluateCell_trainer.py:199 [INFO] Valid: Epoch: [81][50/79]	Step 57728	Loss 1.2958	Prec@(1,5) (68.7%, 91.7%)
08/06 09:54:07午前 evaluateCell_trainer.py:199 [INFO] Valid: Epoch: [81][78/79]	Step 57728	Loss 1.2635	Prec@(1,5) (69.1%, 91.7%)
08/06 09:54:07午前 evaluateCell_trainer.py:206 [INFO] Valid: [ 81/99] Final Prec@1 69.1200%
08/06 09:54:07午前 evaluateCell_main.py:75 [INFO] Until now, best Prec@1 = 69.3200%
08/06 09:55:19午前 evaluateCell_trainer.py:199 [INFO] Valid: Epoch: [82][50/79]	Step 58432	Loss 1.2454	Prec@(1,5) (69.9%, 91.9%)
08/06 09:55:19午前 evaluateCell_trainer.py:199 [INFO] Valid: Epoch: [82][78/79]	Step 58432	Loss 1.2684	Prec@(1,5) (69.4%, 91.6%)
08/06 09:55:20午前 evaluateCell_trainer.py:206 [INFO] Valid: [ 82/99] Final Prec@1 69.4000%
08/06 09:55:20午前 evaluateCell_main.py:75 [INFO] Until now, best Prec@1 = 69.4000%
08/06 09:56:31午前 evaluateCell_trainer.py:199 [INFO] Valid: Epoch: [83][50/79]	Step 59136	Loss 1.2197	Prec@(1,5) (69.9%, 92.3%)
08/06 09:56:32午前 evaluateCell_trainer.py:199 [INFO] Valid: Epoch: [83][78/79]	Step 59136	Loss 1.2424	Prec@(1,5) (69.3%, 91.8%)
08/06 09:56:32午前 evaluateCell_trainer.py:206 [INFO] Valid: [ 83/99] Final Prec@1 69.3600%
08/06 09:56:32午前 evaluateCell_main.py:75 [INFO] Until now, best Prec@1 = 69.4000%
08/06 09:57:43午前 evaluateCell_trainer.py:199 [INFO] Valid: Epoch: [84][50/79]	Step 59840	Loss 1.2654	Prec@(1,5) (69.7%, 92.2%)
08/06 09:57:43午前 evaluateCell_trainer.py:199 [INFO] Valid: Epoch: [84][78/79]	Step 59840	Loss 1.2668	Prec@(1,5) (69.4%, 92.0%)
08/06 09:57:44午前 evaluateCell_trainer.py:206 [INFO] Valid: [ 84/99] Final Prec@1 69.4400%
08/06 09:57:44午前 evaluateCell_main.py:75 [INFO] Until now, best Prec@1 = 69.4400%
08/06 09:58:55午前 evaluateCell_trainer.py:199 [INFO] Valid: Epoch: [85][50/79]	Step 60544	Loss 1.2728	Prec@(1,5) (69.4%, 91.5%)
08/06 09:58:55午前 evaluateCell_trainer.py:199 [INFO] Valid: Epoch: [85][78/79]	Step 60544	Loss 1.2507	Prec@(1,5) (69.7%, 91.9%)
08/06 09:58:56午前 evaluateCell_trainer.py:206 [INFO] Valid: [ 85/99] Final Prec@1 69.6400%
08/06 09:58:56午前 evaluateCell_main.py:75 [INFO] Until now, best Prec@1 = 69.6400%
08/06 10:00:09午前 evaluateCell_trainer.py:199 [INFO] Valid: Epoch: [86][50/79]	Step 61248	Loss 1.2564	Prec@(1,5) (69.6%, 92.0%)
08/06 10:00:09午前 evaluateCell_trainer.py:199 [INFO] Valid: Epoch: [86][78/79]	Step 61248	Loss 1.2563	Prec@(1,5) (69.6%, 92.1%)
08/06 10:00:09午前 evaluateCell_trainer.py:206 [INFO] Valid: [ 86/99] Final Prec@1 69.5800%
08/06 10:00:09午前 evaluateCell_main.py:75 [INFO] Until now, best Prec@1 = 69.6400%
08/06 10:01:21午前 evaluateCell_trainer.py:199 [INFO] Valid: Epoch: [87][50/79]	Step 61952	Loss 1.2637	Prec@(1,5) (69.9%, 91.9%)
08/06 10:01:22午前 evaluateCell_trainer.py:199 [INFO] Valid: Epoch: [87][78/79]	Step 61952	Loss 1.2861	Prec@(1,5) (69.6%, 91.9%)
08/06 10:01:22午前 evaluateCell_trainer.py:206 [INFO] Valid: [ 87/99] Final Prec@1 69.5600%
08/06 10:01:22午前 evaluateCell_main.py:75 [INFO] Until now, best Prec@1 = 69.6400%
08/06 10:02:28午前 evaluateCell_trainer.py:199 [INFO] Valid: Epoch: [88][50/79]	Step 62656	Loss 1.2986	Prec@(1,5) (69.0%, 91.8%)
08/06 10:02:29午前 evaluateCell_trainer.py:199 [INFO] Valid: Epoch: [88][78/79]	Step 62656	Loss 1.2490	Prec@(1,5) (69.7%, 92.0%)
08/06 10:02:29午前 evaluateCell_trainer.py:206 [INFO] Valid: [ 88/99] Final Prec@1 69.7200%
08/06 10:02:29午前 evaluateCell_main.py:75 [INFO] Until now, best Prec@1 = 69.7200%
08/06 10:03:41午前 evaluateCell_trainer.py:199 [INFO] Valid: Epoch: [89][50/79]	Step 63360	Loss 1.3065	Prec@(1,5) (69.9%, 92.2%)
08/06 10:03:41午前 evaluateCell_trainer.py:199 [INFO] Valid: Epoch: [89][78/79]	Step 63360	Loss 1.2663	Prec@(1,5) (70.2%, 92.3%)
08/06 10:03:41午前 evaluateCell_trainer.py:206 [INFO] Valid: [ 89/99] Final Prec@1 70.2200%
08/06 10:03:42午前 evaluateCell_main.py:75 [INFO] Until now, best Prec@1 = 70.2200%
08/06 10:04:52午前 evaluateCell_trainer.py:199 [INFO] Valid: Epoch: [90][50/79]	Step 64064	Loss 1.2790	Prec@(1,5) (69.9%, 91.5%)
08/06 10:04:52午前 evaluateCell_trainer.py:199 [INFO] Valid: Epoch: [90][78/79]	Step 64064	Loss 1.2670	Prec@(1,5) (70.0%, 91.8%)
08/06 10:04:53午前 evaluateCell_trainer.py:206 [INFO] Valid: [ 90/99] Final Prec@1 70.0200%
08/06 10:04:53午前 evaluateCell_main.py:75 [INFO] Until now, best Prec@1 = 70.2200%
08/06 10:06:04午前 evaluateCell_trainer.py:199 [INFO] Valid: Epoch: [91][50/79]	Step 64768	Loss 1.2894	Prec@(1,5) (69.4%, 91.6%)
08/06 10:06:05午前 evaluateCell_trainer.py:199 [INFO] Valid: Epoch: [91][78/79]	Step 64768	Loss 1.2832	Prec@(1,5) (69.5%, 91.6%)
08/06 10:06:05午前 evaluateCell_trainer.py:206 [INFO] Valid: [ 91/99] Final Prec@1 69.5200%
08/06 10:06:05午前 evaluateCell_main.py:75 [INFO] Until now, best Prec@1 = 70.2200%
08/06 10:07:16午前 evaluateCell_trainer.py:199 [INFO] Valid: Epoch: [92][50/79]	Step 65472	Loss 1.2556	Prec@(1,5) (70.9%, 91.8%)
08/06 10:07:17午前 evaluateCell_trainer.py:199 [INFO] Valid: Epoch: [92][78/79]	Step 65472	Loss 1.2437	Prec@(1,5) (70.3%, 92.2%)
08/06 10:07:17午前 evaluateCell_trainer.py:206 [INFO] Valid: [ 92/99] Final Prec@1 70.2800%
08/06 10:07:17午前 evaluateCell_main.py:75 [INFO] Until now, best Prec@1 = 70.2800%
08/06 10:08:24午前 evaluateCell_trainer.py:199 [INFO] Valid: Epoch: [93][50/79]	Step 66176	Loss 1.2698	Prec@(1,5) (70.4%, 92.5%)
08/06 10:08:25午前 evaluateCell_trainer.py:199 [INFO] Valid: Epoch: [93][78/79]	Step 66176	Loss 1.2590	Prec@(1,5) (70.5%, 92.4%)
08/06 10:08:25午前 evaluateCell_trainer.py:206 [INFO] Valid: [ 93/99] Final Prec@1 70.4600%
08/06 10:08:25午前 evaluateCell_main.py:75 [INFO] Until now, best Prec@1 = 70.4600%
08/06 10:09:28午前 evaluateCell_trainer.py:199 [INFO] Valid: Epoch: [94][50/79]	Step 66880	Loss 1.2830	Prec@(1,5) (69.5%, 91.9%)
08/06 10:09:29午前 evaluateCell_trainer.py:199 [INFO] Valid: Epoch: [94][78/79]	Step 66880	Loss 1.2674	Prec@(1,5) (70.0%, 92.3%)
08/06 10:09:29午前 evaluateCell_trainer.py:206 [INFO] Valid: [ 94/99] Final Prec@1 70.0400%
08/06 10:09:29午前 evaluateCell_main.py:75 [INFO] Until now, best Prec@1 = 70.4600%
08/06 10:10:40午前 evaluateCell_trainer.py:199 [INFO] Valid: Epoch: [95][50/79]	Step 67584	Loss 1.2349	Prec@(1,5) (70.5%, 92.3%)
08/06 10:10:41午前 evaluateCell_trainer.py:199 [INFO] Valid: Epoch: [95][78/79]	Step 67584	Loss 1.2398	Prec@(1,5) (70.7%, 92.2%)
08/06 10:10:41午前 evaluateCell_trainer.py:206 [INFO] Valid: [ 95/99] Final Prec@1 70.7000%
08/06 10:10:41午前 evaluateCell_main.py:75 [INFO] Until now, best Prec@1 = 70.7000%
08/06 10:11:49午前 evaluateCell_trainer.py:199 [INFO] Valid: Epoch: [96][50/79]	Step 68288	Loss 1.2296	Prec@(1,5) (71.2%, 92.5%)
08/06 10:11:50午前 evaluateCell_trainer.py:199 [INFO] Valid: Epoch: [96][78/79]	Step 68288	Loss 1.2557	Prec@(1,5) (70.4%, 92.2%)
08/06 10:11:50午前 evaluateCell_trainer.py:206 [INFO] Valid: [ 96/99] Final Prec@1 70.4200%
08/06 10:11:50午前 evaluateCell_main.py:75 [INFO] Until now, best Prec@1 = 70.7000%
08/06 10:12:57午前 evaluateCell_trainer.py:199 [INFO] Valid: Epoch: [97][50/79]	Step 68992	Loss 1.2189	Prec@(1,5) (70.8%, 92.7%)
08/06 10:12:57午前 evaluateCell_trainer.py:199 [INFO] Valid: Epoch: [97][78/79]	Step 68992	Loss 1.2544	Prec@(1,5) (70.4%, 92.6%)
08/06 10:12:57午前 evaluateCell_trainer.py:206 [INFO] Valid: [ 97/99] Final Prec@1 70.3600%
08/06 10:12:58午前 evaluateCell_main.py:75 [INFO] Until now, best Prec@1 = 70.7000%
08/06 10:14:04午前 evaluateCell_trainer.py:199 [INFO] Valid: Epoch: [98][50/79]	Step 69696	Loss 1.2383	Prec@(1,5) (70.7%, 92.2%)
08/06 10:14:05午前 evaluateCell_trainer.py:199 [INFO] Valid: Epoch: [98][78/79]	Step 69696	Loss 1.2386	Prec@(1,5) (70.4%, 92.4%)
08/06 10:14:05午前 evaluateCell_trainer.py:206 [INFO] Valid: [ 98/99] Final Prec@1 70.4400%
08/06 10:14:05午前 evaluateCell_main.py:75 [INFO] Until now, best Prec@1 = 70.7000%
08/06 10:15:16午前 evaluateCell_trainer.py:199 [INFO] Valid: Epoch: [99][50/79]	Step 70400	Loss 1.2750	Prec@(1,5) (70.9%, 92.8%)
08/06 10:15:16午前 evaluateCell_trainer.py:199 [INFO] Valid: Epoch: [99][78/79]	Step 70400	Loss 1.2610	Prec@(1,5) (71.1%, 92.3%)
08/06 10:15:16午前 evaluateCell_trainer.py:206 [INFO] Valid: [ 99/99] Final Prec@1 71.1000%
08/06 10:15:17午前 evaluateCell_main.py:75 [INFO] Until now, best Prec@1 = 71.1000%
08/06 10:15:17午前 evaluateCell_main.py:79 [INFO] Final best Prec@1 = 71.1000%
