08/02 01:28:37PM parser.py:28 [INFO] 
08/02 01:28:37PM parser.py:29 [INFO] Parameters:
08/02 01:28:37PM parser.py:31 [INFO] T=3.0
08/02 01:28:37PM parser.py:31 [INFO] ADVANCED=True
08/02 01:28:37PM parser.py:31 [INFO] AUX_WEIGHT=0.4
08/02 01:28:37PM parser.py:31 [INFO] BATCH_SIZE=64
08/02 01:28:37PM parser.py:31 [INFO] CUTOUT_LENGTH=16
08/02 01:28:37PM parser.py:31 [INFO] DATA_PATH=../data/
08/02 01:28:37PM parser.py:31 [INFO] DATASET=cifar100
08/02 01:28:37PM parser.py:31 [INFO] DESCRIPTION=baseline224
08/02 01:28:37PM parser.py:31 [INFO] DROP_PATH_PROB=0.2
08/02 01:28:37PM parser.py:31 [INFO] EPOCHS=100
08/02 01:28:37PM parser.py:31 [INFO] EXP_NAME=093713-20240802-132837
08/02 01:28:37PM parser.py:31 [INFO] GENOTYPE=Genotype3(normal1=[[('sep_conv_5x5', 0), ('sep_conv_3x3', 1)], [('sep_conv_3x3', 1), ('sep_conv_3x3', 0)], [('sep_conv_3x3', 1), ('sep_conv_3x3', 2)], [('sep_conv_3x3', 0), ('sep_conv_5x5', 4)]], normal1_concat=range(2, 6), reduce1=[[('sep_conv_3x3', 0), ('skip_connect', 1)], [('sep_conv_3x3', 1), ('max_pool_3x3', 0)], [('sep_conv_3x3', 2), ('sep_conv_3x3', 1)], [('max_pool_3x3', 0), ('dil_conv_3x3', 1)]], reduce1_concat=range(2, 6), normal2=[[('skip_connect', 0), ('sep_conv_5x5', 1)], [('skip_connect', 0), ('skip_connect', 2)], [('avg_pool_3x3', 0), ('avg_pool_3x3', 2)], [('skip_connect', 0), ('avg_pool_3x3', 2)]], normal2_concat=range(2, 6), reduce2=[[('avg_pool_3x3', 0), ('avg_pool_3x3', 1)], [('avg_pool_3x3', 0), ('skip_connect', 2)], [('skip_connect', 2), ('avg_pool_3x3', 0)], [('skip_connect', 2), ('avg_pool_3x3', 0)]], reduce2_concat=range(2, 6), normal3=[[('skip_connect', 0), ('skip_connect', 1)], [('skip_connect', 0), ('dil_conv_3x3', 1)], [('skip_connect', 0), ('skip_connect', 1)], [('skip_connect', 0), ('skip_connect', 2)]], normal3_concat=range(2, 6))
08/02 01:28:37PM parser.py:31 [INFO] GPUS=[0]
08/02 01:28:37PM parser.py:31 [INFO] GRAD_CLIP=5.0
08/02 01:28:37PM parser.py:31 [INFO] INIT_CHANNELS=32
08/02 01:28:37PM parser.py:31 [INFO] L=3.0
08/02 01:28:37PM parser.py:31 [INFO] LAYERS=20
08/02 01:28:37PM parser.py:31 [INFO] LOGGER=<Logger H-DAS (INFO)>
08/02 01:28:37PM parser.py:31 [INFO] LR=0.025
08/02 01:28:37PM parser.py:31 [INFO] LR_MIN=0.001
08/02 01:28:37PM parser.py:31 [INFO] MOMENTUM=0.9
08/02 01:28:37PM parser.py:31 [INFO] NAME=BASELINE224
08/02 01:28:37PM parser.py:31 [INFO] NONKD=True
08/02 01:28:37PM parser.py:31 [INFO] PATH=results/evaluate_cell_KD/cifar100/BASELINE224/093713-20240802-132837
08/02 01:28:37PM parser.py:31 [INFO] PRINT_FREQ=50
08/02 01:28:37PM parser.py:31 [INFO] RESUME_PATH=None
08/02 01:28:37PM parser.py:31 [INFO] SAVE=093713
08/02 01:28:37PM parser.py:31 [INFO] SEED=0
08/02 01:28:37PM parser.py:31 [INFO] TEACHER_NAME=non
08/02 01:28:37PM parser.py:31 [INFO] TEACHER_PATH=non
08/02 01:28:37PM parser.py:31 [INFO] TRAIN_PORTION=0.9
08/02 01:28:37PM parser.py:31 [INFO] WEIGHT_DECAY=0.0003
08/02 01:28:37PM parser.py:31 [INFO] WORKERS=4
08/02 01:28:37PM parser.py:32 [INFO] 
08/02 01:28:38PM evaluateCell_trainer.py:102 [INFO] --> No loaded checkpoint!
08/02 01:29:04PM evaluateCell_trainer.py:199 [INFO] Valid: Epoch: [0][50/79]	Step 704	Loss 3.6534	Prec@(1,5) (13.2%, 38.6%)
08/02 01:29:04PM evaluateCell_trainer.py:199 [INFO] Valid: Epoch: [0][78/79]	Step 704	Loss 3.6610	Prec@(1,5) (13.2%, 38.4%)
08/02 01:29:04PM evaluateCell_trainer.py:206 [INFO] Valid: [  0/99] Final Prec@1 13.1800%
08/02 01:29:04午後 evaluateCell_main.py:75 [INFO] Until now, best Prec@1 = 13.1800%
08/02 01:29:31午後 evaluateCell_trainer.py:199 [INFO] Valid: Epoch: [1][50/79]	Step 1408	Loss 3.3323	Prec@(1,5) (19.4%, 48.8%)
08/02 01:29:31午後 evaluateCell_trainer.py:199 [INFO] Valid: Epoch: [1][78/79]	Step 1408	Loss 3.3346	Prec@(1,5) (19.4%, 48.1%)
08/02 01:29:31午後 evaluateCell_trainer.py:206 [INFO] Valid: [  1/99] Final Prec@1 19.4000%
08/02 01:29:31午後 evaluateCell_main.py:75 [INFO] Until now, best Prec@1 = 19.4000%
08/02 01:29:59午後 evaluateCell_trainer.py:199 [INFO] Valid: Epoch: [2][50/79]	Step 2112	Loss 2.7661	Prec@(1,5) (29.7%, 60.6%)
08/02 01:29:59午後 evaluateCell_trainer.py:199 [INFO] Valid: Epoch: [2][78/79]	Step 2112	Loss 2.7367	Prec@(1,5) (30.1%, 61.0%)
08/02 01:29:59午後 evaluateCell_trainer.py:206 [INFO] Valid: [  2/99] Final Prec@1 30.1400%
08/02 01:29:59午後 evaluateCell_main.py:75 [INFO] Until now, best Prec@1 = 30.1400%
08/02 01:30:26午後 evaluateCell_trainer.py:199 [INFO] Valid: Epoch: [3][50/79]	Step 2816	Loss 2.5767	Prec@(1,5) (33.7%, 66.2%)
08/02 01:30:26午後 evaluateCell_trainer.py:199 [INFO] Valid: Epoch: [3][78/79]	Step 2816	Loss 2.6115	Prec@(1,5) (33.0%, 65.2%)
08/02 01:30:26午後 evaluateCell_trainer.py:206 [INFO] Valid: [  3/99] Final Prec@1 32.9600%
08/02 01:30:26午後 evaluateCell_main.py:75 [INFO] Until now, best Prec@1 = 32.9600%
08/02 01:30:53午後 evaluateCell_trainer.py:199 [INFO] Valid: Epoch: [4][50/79]	Step 3520	Loss 2.4117	Prec@(1,5) (36.3%, 69.4%)
08/02 01:30:54午後 evaluateCell_trainer.py:199 [INFO] Valid: Epoch: [4][78/79]	Step 3520	Loss 2.4046	Prec@(1,5) (36.0%, 69.9%)
08/02 01:30:54午後 evaluateCell_trainer.py:206 [INFO] Valid: [  4/99] Final Prec@1 35.9400%
08/02 01:30:54午後 evaluateCell_main.py:75 [INFO] Until now, best Prec@1 = 35.9400%
08/02 01:31:21午後 evaluateCell_trainer.py:199 [INFO] Valid: Epoch: [5][50/79]	Step 4224	Loss 2.3169	Prec@(1,5) (39.2%, 71.9%)
08/02 01:31:21午後 evaluateCell_trainer.py:199 [INFO] Valid: Epoch: [5][78/79]	Step 4224	Loss 2.3288	Prec@(1,5) (38.7%, 71.4%)
08/02 01:31:21午後 evaluateCell_trainer.py:206 [INFO] Valid: [  5/99] Final Prec@1 38.7200%
08/02 01:31:21午後 evaluateCell_main.py:75 [INFO] Until now, best Prec@1 = 38.7200%
08/02 01:31:48午後 evaluateCell_trainer.py:199 [INFO] Valid: Epoch: [6][50/79]	Step 4928	Loss 2.0829	Prec@(1,5) (44.5%, 76.0%)
08/02 01:31:49午後 evaluateCell_trainer.py:199 [INFO] Valid: Epoch: [6][78/79]	Step 4928	Loss 2.0920	Prec@(1,5) (43.8%, 76.0%)
08/02 01:31:49午後 evaluateCell_trainer.py:206 [INFO] Valid: [  6/99] Final Prec@1 43.8200%
08/02 01:31:49午後 evaluateCell_main.py:75 [INFO] Until now, best Prec@1 = 43.8200%
08/02 01:32:16午後 evaluateCell_trainer.py:199 [INFO] Valid: Epoch: [7][50/79]	Step 5632	Loss 2.2426	Prec@(1,5) (42.1%, 74.2%)
08/02 01:32:16午後 evaluateCell_trainer.py:199 [INFO] Valid: Epoch: [7][78/79]	Step 5632	Loss 2.2185	Prec@(1,5) (43.0%, 74.5%)
08/02 01:32:16午後 evaluateCell_trainer.py:206 [INFO] Valid: [  7/99] Final Prec@1 43.0000%
08/02 01:32:16午後 evaluateCell_main.py:75 [INFO] Until now, best Prec@1 = 43.8200%
08/02 01:32:43午後 evaluateCell_trainer.py:199 [INFO] Valid: Epoch: [8][50/79]	Step 6336	Loss 1.9827	Prec@(1,5) (46.1%, 78.5%)
08/02 01:32:43午後 evaluateCell_trainer.py:199 [INFO] Valid: Epoch: [8][78/79]	Step 6336	Loss 1.9884	Prec@(1,5) (46.2%, 78.3%)
08/02 01:32:43午後 evaluateCell_trainer.py:206 [INFO] Valid: [  8/99] Final Prec@1 46.1600%
08/02 01:32:44午後 evaluateCell_main.py:75 [INFO] Until now, best Prec@1 = 46.1600%
08/02 01:33:11午後 evaluateCell_trainer.py:199 [INFO] Valid: Epoch: [9][50/79]	Step 7040	Loss 1.8664	Prec@(1,5) (47.7%, 81.2%)
08/02 01:33:11午後 evaluateCell_trainer.py:199 [INFO] Valid: Epoch: [9][78/79]	Step 7040	Loss 1.8746	Prec@(1,5) (47.9%, 80.6%)
08/02 01:33:11午後 evaluateCell_trainer.py:206 [INFO] Valid: [  9/99] Final Prec@1 47.9200%
08/02 01:33:11午後 evaluateCell_main.py:75 [INFO] Until now, best Prec@1 = 47.9200%
08/02 01:33:38午後 evaluateCell_trainer.py:199 [INFO] Valid: Epoch: [10][50/79]	Step 7744	Loss 1.9397	Prec@(1,5) (47.7%, 79.5%)
08/02 01:33:38午後 evaluateCell_trainer.py:199 [INFO] Valid: Epoch: [10][78/79]	Step 7744	Loss 1.9262	Prec@(1,5) (47.8%, 79.9%)
08/02 01:33:38午後 evaluateCell_trainer.py:206 [INFO] Valid: [ 10/99] Final Prec@1 47.7800%
08/02 01:33:39午後 evaluateCell_main.py:75 [INFO] Until now, best Prec@1 = 47.9200%
08/02 01:34:06午後 evaluateCell_trainer.py:199 [INFO] Valid: Epoch: [11][50/79]	Step 8448	Loss 1.8329	Prec@(1,5) (49.9%, 81.1%)
08/02 01:34:06午後 evaluateCell_trainer.py:199 [INFO] Valid: Epoch: [11][78/79]	Step 8448	Loss 1.8309	Prec@(1,5) (49.6%, 81.1%)
08/02 01:34:06午後 evaluateCell_trainer.py:206 [INFO] Valid: [ 11/99] Final Prec@1 49.5200%
08/02 01:34:06午後 evaluateCell_main.py:75 [INFO] Until now, best Prec@1 = 49.5200%
08/02 01:34:33午後 evaluateCell_trainer.py:199 [INFO] Valid: Epoch: [12][50/79]	Step 9152	Loss 1.7762	Prec@(1,5) (50.3%, 82.9%)
08/02 01:34:34午後 evaluateCell_trainer.py:199 [INFO] Valid: Epoch: [12][78/79]	Step 9152	Loss 1.8069	Prec@(1,5) (49.9%, 82.3%)
08/02 01:34:34午後 evaluateCell_trainer.py:206 [INFO] Valid: [ 12/99] Final Prec@1 49.9200%
08/02 01:34:34午後 evaluateCell_main.py:75 [INFO] Until now, best Prec@1 = 49.9200%
08/02 01:35:01午後 evaluateCell_trainer.py:199 [INFO] Valid: Epoch: [13][50/79]	Step 9856	Loss 1.8715	Prec@(1,5) (49.4%, 80.2%)
08/02 01:35:01午後 evaluateCell_trainer.py:199 [INFO] Valid: Epoch: [13][78/79]	Step 9856	Loss 1.9171	Prec@(1,5) (48.3%, 79.8%)
08/02 01:35:01午後 evaluateCell_trainer.py:206 [INFO] Valid: [ 13/99] Final Prec@1 48.2600%
08/02 01:35:01午後 evaluateCell_main.py:75 [INFO] Until now, best Prec@1 = 49.9200%
08/02 01:35:29午後 evaluateCell_trainer.py:199 [INFO] Valid: Epoch: [14][50/79]	Step 10560	Loss 1.7193	Prec@(1,5) (52.8%, 83.4%)
08/02 01:35:29午後 evaluateCell_trainer.py:199 [INFO] Valid: Epoch: [14][78/79]	Step 10560	Loss 1.7198	Prec@(1,5) (52.4%, 83.1%)
08/02 01:35:29午後 evaluateCell_trainer.py:206 [INFO] Valid: [ 14/99] Final Prec@1 52.4600%
08/02 01:35:29午後 evaluateCell_main.py:75 [INFO] Until now, best Prec@1 = 52.4600%
08/02 01:35:56午後 evaluateCell_trainer.py:199 [INFO] Valid: Epoch: [15][50/79]	Step 11264	Loss 1.7708	Prec@(1,5) (50.8%, 81.8%)
08/02 01:35:56午後 evaluateCell_trainer.py:199 [INFO] Valid: Epoch: [15][78/79]	Step 11264	Loss 1.7905	Prec@(1,5) (50.2%, 81.8%)
08/02 01:35:57午後 evaluateCell_trainer.py:206 [INFO] Valid: [ 15/99] Final Prec@1 50.2200%
08/02 01:35:57午後 evaluateCell_main.py:75 [INFO] Until now, best Prec@1 = 52.4600%
08/02 01:36:24午後 evaluateCell_trainer.py:199 [INFO] Valid: Epoch: [16][50/79]	Step 11968	Loss 1.6916	Prec@(1,5) (53.5%, 83.1%)
08/02 01:36:24午後 evaluateCell_trainer.py:199 [INFO] Valid: Epoch: [16][78/79]	Step 11968	Loss 1.7030	Prec@(1,5) (53.1%, 82.8%)
08/02 01:36:24午後 evaluateCell_trainer.py:206 [INFO] Valid: [ 16/99] Final Prec@1 53.1800%
08/02 01:36:24午後 evaluateCell_main.py:75 [INFO] Until now, best Prec@1 = 53.1800%
08/02 01:36:51午後 evaluateCell_trainer.py:199 [INFO] Valid: Epoch: [17][50/79]	Step 12672	Loss 1.7078	Prec@(1,5) (53.6%, 83.8%)
08/02 01:36:52午後 evaluateCell_trainer.py:199 [INFO] Valid: Epoch: [17][78/79]	Step 12672	Loss 1.7148	Prec@(1,5) (53.5%, 83.9%)
08/02 01:36:52午後 evaluateCell_trainer.py:206 [INFO] Valid: [ 17/99] Final Prec@1 53.4600%
08/02 01:36:52午後 evaluateCell_main.py:75 [INFO] Until now, best Prec@1 = 53.4600%
08/02 01:37:19午後 evaluateCell_trainer.py:199 [INFO] Valid: Epoch: [18][50/79]	Step 13376	Loss 1.7963	Prec@(1,5) (52.2%, 83.3%)
08/02 01:37:19午後 evaluateCell_trainer.py:199 [INFO] Valid: Epoch: [18][78/79]	Step 13376	Loss 1.7641	Prec@(1,5) (53.0%, 83.2%)
08/02 01:37:19午後 evaluateCell_trainer.py:206 [INFO] Valid: [ 18/99] Final Prec@1 53.0000%
08/02 01:37:19午後 evaluateCell_main.py:75 [INFO] Until now, best Prec@1 = 53.4600%
08/02 01:37:47午後 evaluateCell_trainer.py:199 [INFO] Valid: Epoch: [19][50/79]	Step 14080	Loss 1.7279	Prec@(1,5) (52.0%, 83.7%)
08/02 01:37:47午後 evaluateCell_trainer.py:199 [INFO] Valid: Epoch: [19][78/79]	Step 14080	Loss 1.7439	Prec@(1,5) (51.5%, 83.4%)
08/02 01:37:47午後 evaluateCell_trainer.py:206 [INFO] Valid: [ 19/99] Final Prec@1 51.6000%
08/02 01:37:47午後 evaluateCell_main.py:75 [INFO] Until now, best Prec@1 = 53.4600%
08/02 01:38:14午後 evaluateCell_trainer.py:199 [INFO] Valid: Epoch: [20][50/79]	Step 14784	Loss 1.5984	Prec@(1,5) (55.8%, 84.6%)
08/02 01:38:14午後 evaluateCell_trainer.py:199 [INFO] Valid: Epoch: [20][78/79]	Step 14784	Loss 1.5869	Prec@(1,5) (55.9%, 84.6%)
08/02 01:38:14午後 evaluateCell_trainer.py:206 [INFO] Valid: [ 20/99] Final Prec@1 55.9200%
08/02 01:38:15午後 evaluateCell_main.py:75 [INFO] Until now, best Prec@1 = 55.9200%
08/02 01:38:42午後 evaluateCell_trainer.py:199 [INFO] Valid: Epoch: [21][50/79]	Step 15488	Loss 1.5829	Prec@(1,5) (56.4%, 85.2%)
08/02 01:38:42午後 evaluateCell_trainer.py:199 [INFO] Valid: Epoch: [21][78/79]	Step 15488	Loss 1.6109	Prec@(1,5) (56.0%, 84.8%)
08/02 01:38:42午後 evaluateCell_trainer.py:206 [INFO] Valid: [ 21/99] Final Prec@1 55.9800%
08/02 01:38:42午後 evaluateCell_main.py:75 [INFO] Until now, best Prec@1 = 55.9800%
08/02 01:39:09午後 evaluateCell_trainer.py:199 [INFO] Valid: Epoch: [22][50/79]	Step 16192	Loss 1.6391	Prec@(1,5) (55.9%, 83.2%)
08/02 01:39:10午後 evaluateCell_trainer.py:199 [INFO] Valid: Epoch: [22][78/79]	Step 16192	Loss 1.6531	Prec@(1,5) (55.4%, 83.3%)
08/02 01:39:10午後 evaluateCell_trainer.py:206 [INFO] Valid: [ 22/99] Final Prec@1 55.4000%
08/02 01:39:10午後 evaluateCell_main.py:75 [INFO] Until now, best Prec@1 = 55.9800%
08/02 01:39:37午後 evaluateCell_trainer.py:199 [INFO] Valid: Epoch: [23][50/79]	Step 16896	Loss 1.5853	Prec@(1,5) (57.1%, 85.1%)
08/02 01:39:37午後 evaluateCell_trainer.py:199 [INFO] Valid: Epoch: [23][78/79]	Step 16896	Loss 1.5872	Prec@(1,5) (56.6%, 85.2%)
08/02 01:39:37午後 evaluateCell_trainer.py:206 [INFO] Valid: [ 23/99] Final Prec@1 56.5800%
08/02 01:39:37午後 evaluateCell_main.py:75 [INFO] Until now, best Prec@1 = 56.5800%
08/02 01:40:05午後 evaluateCell_trainer.py:199 [INFO] Valid: Epoch: [24][50/79]	Step 17600	Loss 1.5541	Prec@(1,5) (57.6%, 85.9%)
08/02 01:40:05午後 evaluateCell_trainer.py:199 [INFO] Valid: Epoch: [24][78/79]	Step 17600	Loss 1.5400	Prec@(1,5) (57.5%, 86.3%)
08/02 01:40:05午後 evaluateCell_trainer.py:206 [INFO] Valid: [ 24/99] Final Prec@1 57.5200%
08/02 01:40:05午後 evaluateCell_main.py:75 [INFO] Until now, best Prec@1 = 57.5200%
08/02 01:40:33午後 evaluateCell_trainer.py:199 [INFO] Valid: Epoch: [25][50/79]	Step 18304	Loss 1.6341	Prec@(1,5) (55.1%, 84.6%)
08/02 01:40:33午後 evaluateCell_trainer.py:199 [INFO] Valid: Epoch: [25][78/79]	Step 18304	Loss 1.6750	Prec@(1,5) (54.5%, 84.4%)
08/02 01:40:33午後 evaluateCell_trainer.py:206 [INFO] Valid: [ 25/99] Final Prec@1 54.4800%
08/02 01:40:33午後 evaluateCell_main.py:75 [INFO] Until now, best Prec@1 = 57.5200%
08/02 01:41:01午後 evaluateCell_trainer.py:199 [INFO] Valid: Epoch: [26][50/79]	Step 19008	Loss 1.6228	Prec@(1,5) (55.0%, 85.6%)
08/02 01:41:01午後 evaluateCell_trainer.py:199 [INFO] Valid: Epoch: [26][78/79]	Step 19008	Loss 1.6197	Prec@(1,5) (55.8%, 85.2%)
08/02 01:41:01午後 evaluateCell_trainer.py:206 [INFO] Valid: [ 26/99] Final Prec@1 55.8400%
08/02 01:41:01午後 evaluateCell_main.py:75 [INFO] Until now, best Prec@1 = 57.5200%
08/02 01:41:28午後 evaluateCell_trainer.py:199 [INFO] Valid: Epoch: [27][50/79]	Step 19712	Loss 1.5592	Prec@(1,5) (55.8%, 85.9%)
08/02 01:41:28午後 evaluateCell_trainer.py:199 [INFO] Valid: Epoch: [27][78/79]	Step 19712	Loss 1.5858	Prec@(1,5) (56.0%, 85.7%)
08/02 01:41:28午後 evaluateCell_trainer.py:206 [INFO] Valid: [ 27/99] Final Prec@1 55.9600%
08/02 01:41:29午後 evaluateCell_main.py:75 [INFO] Until now, best Prec@1 = 57.5200%
08/02 01:41:57午後 evaluateCell_trainer.py:199 [INFO] Valid: Epoch: [28][50/79]	Step 20416	Loss 1.5946	Prec@(1,5) (56.1%, 85.1%)
08/02 01:41:57午後 evaluateCell_trainer.py:199 [INFO] Valid: Epoch: [28][78/79]	Step 20416	Loss 1.5589	Prec@(1,5) (57.3%, 85.7%)
08/02 01:41:57午後 evaluateCell_trainer.py:206 [INFO] Valid: [ 28/99] Final Prec@1 57.3000%
08/02 01:41:57午後 evaluateCell_main.py:75 [INFO] Until now, best Prec@1 = 57.5200%
08/02 01:42:24午後 evaluateCell_trainer.py:199 [INFO] Valid: Epoch: [29][50/79]	Step 21120	Loss 1.6049	Prec@(1,5) (57.0%, 84.7%)
08/02 01:42:25午後 evaluateCell_trainer.py:199 [INFO] Valid: Epoch: [29][78/79]	Step 21120	Loss 1.5780	Prec@(1,5) (57.1%, 85.4%)
08/02 01:42:25午後 evaluateCell_trainer.py:206 [INFO] Valid: [ 29/99] Final Prec@1 57.1800%
08/02 01:42:25午後 evaluateCell_main.py:75 [INFO] Until now, best Prec@1 = 57.5200%
08/02 01:42:52午後 evaluateCell_trainer.py:199 [INFO] Valid: Epoch: [30][50/79]	Step 21824	Loss 1.5290	Prec@(1,5) (58.1%, 86.1%)
08/02 01:42:52午後 evaluateCell_trainer.py:199 [INFO] Valid: Epoch: [30][78/79]	Step 21824	Loss 1.5218	Prec@(1,5) (58.3%, 86.0%)
08/02 01:42:52午後 evaluateCell_trainer.py:206 [INFO] Valid: [ 30/99] Final Prec@1 58.3000%
08/02 01:42:52午後 evaluateCell_main.py:75 [INFO] Until now, best Prec@1 = 58.3000%
08/02 01:43:20午後 evaluateCell_trainer.py:199 [INFO] Valid: Epoch: [31][50/79]	Step 22528	Loss 1.5425	Prec@(1,5) (58.3%, 86.1%)
08/02 01:43:21午後 evaluateCell_trainer.py:199 [INFO] Valid: Epoch: [31][78/79]	Step 22528	Loss 1.5642	Prec@(1,5) (57.4%, 86.0%)
08/02 01:43:21午後 evaluateCell_trainer.py:206 [INFO] Valid: [ 31/99] Final Prec@1 57.4600%
08/02 01:43:21午後 evaluateCell_main.py:75 [INFO] Until now, best Prec@1 = 58.3000%
08/02 01:43:49午後 evaluateCell_trainer.py:199 [INFO] Valid: Epoch: [32][50/79]	Step 23232	Loss 1.5858	Prec@(1,5) (57.3%, 86.3%)
08/02 01:43:49午後 evaluateCell_trainer.py:199 [INFO] Valid: Epoch: [32][78/79]	Step 23232	Loss 1.5842	Prec@(1,5) (57.4%, 86.1%)
08/02 01:43:49午後 evaluateCell_trainer.py:206 [INFO] Valid: [ 32/99] Final Prec@1 57.4400%
08/02 01:43:49午後 evaluateCell_main.py:75 [INFO] Until now, best Prec@1 = 58.3000%
08/02 01:44:16午後 evaluateCell_trainer.py:199 [INFO] Valid: Epoch: [33][50/79]	Step 23936	Loss 1.4530	Prec@(1,5) (60.5%, 87.4%)
08/02 01:44:17午後 evaluateCell_trainer.py:199 [INFO] Valid: Epoch: [33][78/79]	Step 23936	Loss 1.4820	Prec@(1,5) (59.3%, 87.3%)
08/02 01:44:17午後 evaluateCell_trainer.py:206 [INFO] Valid: [ 33/99] Final Prec@1 59.2600%
08/02 01:44:17午後 evaluateCell_main.py:75 [INFO] Until now, best Prec@1 = 59.2600%
08/02 01:44:45午後 evaluateCell_trainer.py:199 [INFO] Valid: Epoch: [34][50/79]	Step 24640	Loss 1.5679	Prec@(1,5) (58.2%, 86.7%)
08/02 01:44:45午後 evaluateCell_trainer.py:199 [INFO] Valid: Epoch: [34][78/79]	Step 24640	Loss 1.5782	Prec@(1,5) (57.7%, 86.2%)
08/02 01:44:45午後 evaluateCell_trainer.py:206 [INFO] Valid: [ 34/99] Final Prec@1 57.6600%
08/02 01:44:45午後 evaluateCell_main.py:75 [INFO] Until now, best Prec@1 = 59.2600%
08/02 01:45:13午後 evaluateCell_trainer.py:199 [INFO] Valid: Epoch: [35][50/79]	Step 25344	Loss 1.4702	Prec@(1,5) (59.7%, 87.3%)
08/02 01:45:13午後 evaluateCell_trainer.py:199 [INFO] Valid: Epoch: [35][78/79]	Step 25344	Loss 1.4829	Prec@(1,5) (59.7%, 87.0%)
08/02 01:45:13午後 evaluateCell_trainer.py:206 [INFO] Valid: [ 35/99] Final Prec@1 59.7200%
08/02 01:45:13午後 evaluateCell_main.py:75 [INFO] Until now, best Prec@1 = 59.7200%
08/02 01:45:40午後 evaluateCell_trainer.py:199 [INFO] Valid: Epoch: [36][50/79]	Step 26048	Loss 1.4406	Prec@(1,5) (59.7%, 87.7%)
08/02 01:45:41午後 evaluateCell_trainer.py:199 [INFO] Valid: Epoch: [36][78/79]	Step 26048	Loss 1.4747	Prec@(1,5) (59.2%, 87.4%)
08/02 01:45:41午後 evaluateCell_trainer.py:206 [INFO] Valid: [ 36/99] Final Prec@1 59.1600%
08/02 01:45:41午後 evaluateCell_main.py:75 [INFO] Until now, best Prec@1 = 59.7200%
08/02 01:46:08午後 evaluateCell_trainer.py:199 [INFO] Valid: Epoch: [37][50/79]	Step 26752	Loss 1.5009	Prec@(1,5) (59.2%, 86.5%)
08/02 01:46:08午後 evaluateCell_trainer.py:199 [INFO] Valid: Epoch: [37][78/79]	Step 26752	Loss 1.4918	Prec@(1,5) (59.6%, 86.9%)
08/02 01:46:08午後 evaluateCell_trainer.py:206 [INFO] Valid: [ 37/99] Final Prec@1 59.5800%
08/02 01:46:08午後 evaluateCell_main.py:75 [INFO] Until now, best Prec@1 = 59.7200%
08/02 01:46:36午後 evaluateCell_trainer.py:199 [INFO] Valid: Epoch: [38][50/79]	Step 27456	Loss 1.4460	Prec@(1,5) (60.2%, 88.4%)
08/02 01:46:37午後 evaluateCell_trainer.py:199 [INFO] Valid: Epoch: [38][78/79]	Step 27456	Loss 1.4041	Prec@(1,5) (61.1%, 88.4%)
08/02 01:46:37午後 evaluateCell_trainer.py:206 [INFO] Valid: [ 38/99] Final Prec@1 61.0800%
08/02 01:46:37午後 evaluateCell_main.py:75 [INFO] Until now, best Prec@1 = 61.0800%
08/02 01:47:04午後 evaluateCell_trainer.py:199 [INFO] Valid: Epoch: [39][50/79]	Step 28160	Loss 1.5084	Prec@(1,5) (59.5%, 87.2%)
08/02 01:47:04午後 evaluateCell_trainer.py:199 [INFO] Valid: Epoch: [39][78/79]	Step 28160	Loss 1.5165	Prec@(1,5) (59.0%, 87.0%)
08/02 01:47:04午後 evaluateCell_trainer.py:206 [INFO] Valid: [ 39/99] Final Prec@1 59.0000%
08/02 01:47:04午後 evaluateCell_main.py:75 [INFO] Until now, best Prec@1 = 61.0800%
08/02 01:47:32午後 evaluateCell_trainer.py:199 [INFO] Valid: Epoch: [40][50/79]	Step 28864	Loss 1.5151	Prec@(1,5) (59.0%, 87.2%)
08/02 01:47:32午後 evaluateCell_trainer.py:199 [INFO] Valid: Epoch: [40][78/79]	Step 28864	Loss 1.4976	Prec@(1,5) (59.2%, 87.3%)
08/02 01:47:32午後 evaluateCell_trainer.py:206 [INFO] Valid: [ 40/99] Final Prec@1 59.1800%
08/02 01:47:32午後 evaluateCell_main.py:75 [INFO] Until now, best Prec@1 = 61.0800%
08/02 01:48:00午後 evaluateCell_trainer.py:199 [INFO] Valid: Epoch: [41][50/79]	Step 29568	Loss 1.5024	Prec@(1,5) (60.5%, 87.0%)
08/02 01:48:00午後 evaluateCell_trainer.py:199 [INFO] Valid: Epoch: [41][78/79]	Step 29568	Loss 1.4801	Prec@(1,5) (60.8%, 87.1%)
08/02 01:48:00午後 evaluateCell_trainer.py:206 [INFO] Valid: [ 41/99] Final Prec@1 60.7400%
08/02 01:48:00午後 evaluateCell_main.py:75 [INFO] Until now, best Prec@1 = 61.0800%
08/02 01:48:27午後 evaluateCell_trainer.py:199 [INFO] Valid: Epoch: [42][50/79]	Step 30272	Loss 1.4627	Prec@(1,5) (61.8%, 88.2%)
08/02 01:48:28午後 evaluateCell_trainer.py:199 [INFO] Valid: Epoch: [42][78/79]	Step 30272	Loss 1.4429	Prec@(1,5) (62.0%, 88.3%)
08/02 01:48:28午後 evaluateCell_trainer.py:206 [INFO] Valid: [ 42/99] Final Prec@1 62.0000%
08/02 01:48:28午後 evaluateCell_main.py:75 [INFO] Until now, best Prec@1 = 62.0000%
08/02 01:48:55午後 evaluateCell_trainer.py:199 [INFO] Valid: Epoch: [43][50/79]	Step 30976	Loss 1.4452	Prec@(1,5) (60.7%, 87.8%)
08/02 01:48:55午後 evaluateCell_trainer.py:199 [INFO] Valid: Epoch: [43][78/79]	Step 30976	Loss 1.4536	Prec@(1,5) (60.8%, 87.7%)
08/02 01:48:55午後 evaluateCell_trainer.py:206 [INFO] Valid: [ 43/99] Final Prec@1 60.8400%
08/02 01:48:55午後 evaluateCell_main.py:75 [INFO] Until now, best Prec@1 = 62.0000%
08/02 01:49:23午後 evaluateCell_trainer.py:199 [INFO] Valid: Epoch: [44][50/79]	Step 31680	Loss 1.5052	Prec@(1,5) (59.7%, 88.0%)
08/02 01:49:23午後 evaluateCell_trainer.py:199 [INFO] Valid: Epoch: [44][78/79]	Step 31680	Loss 1.5264	Prec@(1,5) (59.8%, 87.3%)
08/02 01:49:23午後 evaluateCell_trainer.py:206 [INFO] Valid: [ 44/99] Final Prec@1 59.8600%
08/02 01:49:23午後 evaluateCell_main.py:75 [INFO] Until now, best Prec@1 = 62.0000%
08/02 01:49:51午後 evaluateCell_trainer.py:199 [INFO] Valid: Epoch: [45][50/79]	Step 32384	Loss 1.3541	Prec@(1,5) (63.6%, 89.6%)
08/02 01:49:51午後 evaluateCell_trainer.py:199 [INFO] Valid: Epoch: [45][78/79]	Step 32384	Loss 1.3824	Prec@(1,5) (62.9%, 89.0%)
08/02 01:49:51午後 evaluateCell_trainer.py:206 [INFO] Valid: [ 45/99] Final Prec@1 62.8800%
08/02 01:49:52午後 evaluateCell_main.py:75 [INFO] Until now, best Prec@1 = 62.8800%
08/02 01:50:19午後 evaluateCell_trainer.py:199 [INFO] Valid: Epoch: [46][50/79]	Step 33088	Loss 1.4565	Prec@(1,5) (61.4%, 87.1%)
08/02 01:50:19午後 evaluateCell_trainer.py:199 [INFO] Valid: Epoch: [46][78/79]	Step 33088	Loss 1.4247	Prec@(1,5) (61.9%, 87.7%)
08/02 01:50:19午後 evaluateCell_trainer.py:206 [INFO] Valid: [ 46/99] Final Prec@1 61.8800%
08/02 01:50:19午後 evaluateCell_main.py:75 [INFO] Until now, best Prec@1 = 62.8800%
08/02 01:50:46午後 evaluateCell_trainer.py:199 [INFO] Valid: Epoch: [47][50/79]	Step 33792	Loss 1.4197	Prec@(1,5) (61.0%, 88.3%)
08/02 01:50:47午後 evaluateCell_trainer.py:199 [INFO] Valid: Epoch: [47][78/79]	Step 33792	Loss 1.4118	Prec@(1,5) (61.3%, 88.5%)
08/02 01:50:47午後 evaluateCell_trainer.py:206 [INFO] Valid: [ 47/99] Final Prec@1 61.2800%
08/02 01:50:47午後 evaluateCell_main.py:75 [INFO] Until now, best Prec@1 = 62.8800%
08/02 01:51:14午後 evaluateCell_trainer.py:199 [INFO] Valid: Epoch: [48][50/79]	Step 34496	Loss 1.3991	Prec@(1,5) (62.7%, 88.1%)
08/02 01:51:14午後 evaluateCell_trainer.py:199 [INFO] Valid: Epoch: [48][78/79]	Step 34496	Loss 1.4258	Prec@(1,5) (61.4%, 87.8%)
08/02 01:51:14午後 evaluateCell_trainer.py:206 [INFO] Valid: [ 48/99] Final Prec@1 61.4400%
08/02 01:51:14午後 evaluateCell_main.py:75 [INFO] Until now, best Prec@1 = 62.8800%
08/02 01:51:42午後 evaluateCell_trainer.py:199 [INFO] Valid: Epoch: [49][50/79]	Step 35200	Loss 1.4375	Prec@(1,5) (61.2%, 88.3%)
08/02 01:51:42午後 evaluateCell_trainer.py:199 [INFO] Valid: Epoch: [49][78/79]	Step 35200	Loss 1.4112	Prec@(1,5) (61.8%, 88.5%)
08/02 01:51:42午後 evaluateCell_trainer.py:206 [INFO] Valid: [ 49/99] Final Prec@1 61.8000%
08/02 01:51:42午後 evaluateCell_main.py:75 [INFO] Until now, best Prec@1 = 62.8800%
08/02 01:52:09午後 evaluateCell_trainer.py:199 [INFO] Valid: Epoch: [50][50/79]	Step 35904	Loss 1.3739	Prec@(1,5) (62.9%, 89.4%)
08/02 01:52:09午後 evaluateCell_trainer.py:199 [INFO] Valid: Epoch: [50][78/79]	Step 35904	Loss 1.3899	Prec@(1,5) (62.7%, 89.1%)
08/02 01:52:09午後 evaluateCell_trainer.py:206 [INFO] Valid: [ 50/99] Final Prec@1 62.7000%
08/02 01:52:09午後 evaluateCell_main.py:75 [INFO] Until now, best Prec@1 = 62.8800%
08/02 01:52:38午後 evaluateCell_trainer.py:199 [INFO] Valid: Epoch: [51][50/79]	Step 36608	Loss 1.4036	Prec@(1,5) (62.6%, 88.4%)
08/02 01:52:38午後 evaluateCell_trainer.py:199 [INFO] Valid: Epoch: [51][78/79]	Step 36608	Loss 1.3729	Prec@(1,5) (63.4%, 88.6%)
08/02 01:52:38午後 evaluateCell_trainer.py:206 [INFO] Valid: [ 51/99] Final Prec@1 63.4000%
08/02 01:52:38午後 evaluateCell_main.py:75 [INFO] Until now, best Prec@1 = 63.4000%
08/02 01:53:05午後 evaluateCell_trainer.py:199 [INFO] Valid: Epoch: [52][50/79]	Step 37312	Loss 1.3881	Prec@(1,5) (63.3%, 88.7%)
08/02 01:53:06午後 evaluateCell_trainer.py:199 [INFO] Valid: Epoch: [52][78/79]	Step 37312	Loss 1.3512	Prec@(1,5) (64.0%, 89.4%)
08/02 01:53:06午後 evaluateCell_trainer.py:206 [INFO] Valid: [ 52/99] Final Prec@1 64.0200%
08/02 01:53:06午後 evaluateCell_main.py:75 [INFO] Until now, best Prec@1 = 64.0200%
08/02 01:53:33午後 evaluateCell_trainer.py:199 [INFO] Valid: Epoch: [53][50/79]	Step 38016	Loss 1.3258	Prec@(1,5) (65.2%, 90.0%)
08/02 01:53:34午後 evaluateCell_trainer.py:199 [INFO] Valid: Epoch: [53][78/79]	Step 38016	Loss 1.3312	Prec@(1,5) (64.5%, 89.8%)
08/02 01:53:34午後 evaluateCell_trainer.py:206 [INFO] Valid: [ 53/99] Final Prec@1 64.4800%
08/02 01:53:34午後 evaluateCell_main.py:75 [INFO] Until now, best Prec@1 = 64.4800%
08/02 01:54:02午後 evaluateCell_trainer.py:199 [INFO] Valid: Epoch: [54][50/79]	Step 38720	Loss 1.3896	Prec@(1,5) (62.3%, 89.7%)
08/02 01:54:02午後 evaluateCell_trainer.py:199 [INFO] Valid: Epoch: [54][78/79]	Step 38720	Loss 1.3859	Prec@(1,5) (62.6%, 89.3%)
08/02 01:54:02午後 evaluateCell_trainer.py:206 [INFO] Valid: [ 54/99] Final Prec@1 62.6600%
08/02 01:54:02午後 evaluateCell_main.py:75 [INFO] Until now, best Prec@1 = 64.4800%
08/02 01:54:30午後 evaluateCell_trainer.py:199 [INFO] Valid: Epoch: [55][50/79]	Step 39424	Loss 1.4026	Prec@(1,5) (62.0%, 88.7%)
08/02 01:54:30午後 evaluateCell_trainer.py:199 [INFO] Valid: Epoch: [55][78/79]	Step 39424	Loss 1.3879	Prec@(1,5) (62.7%, 88.9%)
08/02 01:54:30午後 evaluateCell_trainer.py:206 [INFO] Valid: [ 55/99] Final Prec@1 62.7800%
08/02 01:54:30午後 evaluateCell_main.py:75 [INFO] Until now, best Prec@1 = 64.4800%
08/02 01:54:59午後 evaluateCell_trainer.py:199 [INFO] Valid: Epoch: [56][50/79]	Step 40128	Loss 1.3202	Prec@(1,5) (65.1%, 89.9%)
08/02 01:54:59午後 evaluateCell_trainer.py:199 [INFO] Valid: Epoch: [56][78/79]	Step 40128	Loss 1.3103	Prec@(1,5) (65.0%, 90.0%)
08/02 01:54:59午後 evaluateCell_trainer.py:206 [INFO] Valid: [ 56/99] Final Prec@1 65.0200%
08/02 01:54:59午後 evaluateCell_main.py:75 [INFO] Until now, best Prec@1 = 65.0200%
08/02 01:55:26午後 evaluateCell_trainer.py:199 [INFO] Valid: Epoch: [57][50/79]	Step 40832	Loss 1.3429	Prec@(1,5) (64.0%, 89.4%)
08/02 01:55:27午後 evaluateCell_trainer.py:199 [INFO] Valid: Epoch: [57][78/79]	Step 40832	Loss 1.3350	Prec@(1,5) (64.1%, 89.7%)
08/02 01:55:27午後 evaluateCell_trainer.py:206 [INFO] Valid: [ 57/99] Final Prec@1 64.0800%
08/02 01:55:27午後 evaluateCell_main.py:75 [INFO] Until now, best Prec@1 = 65.0200%
08/02 01:55:54午後 evaluateCell_trainer.py:199 [INFO] Valid: Epoch: [58][50/79]	Step 41536	Loss 1.3151	Prec@(1,5) (66.0%, 89.7%)
08/02 01:55:55午後 evaluateCell_trainer.py:199 [INFO] Valid: Epoch: [58][78/79]	Step 41536	Loss 1.3264	Prec@(1,5) (65.5%, 89.6%)
08/02 01:55:55午後 evaluateCell_trainer.py:206 [INFO] Valid: [ 58/99] Final Prec@1 65.5800%
08/02 01:55:55午後 evaluateCell_main.py:75 [INFO] Until now, best Prec@1 = 65.5800%
08/02 01:56:23午後 evaluateCell_trainer.py:199 [INFO] Valid: Epoch: [59][50/79]	Step 42240	Loss 1.3018	Prec@(1,5) (65.4%, 90.6%)
08/02 01:56:23午後 evaluateCell_trainer.py:199 [INFO] Valid: Epoch: [59][78/79]	Step 42240	Loss 1.3327	Prec@(1,5) (64.8%, 90.1%)
08/02 01:56:23午後 evaluateCell_trainer.py:206 [INFO] Valid: [ 59/99] Final Prec@1 64.7600%
08/02 01:56:23午後 evaluateCell_main.py:75 [INFO] Until now, best Prec@1 = 65.5800%
08/02 01:56:51午後 evaluateCell_trainer.py:199 [INFO] Valid: Epoch: [60][50/79]	Step 42944	Loss 1.2865	Prec@(1,5) (66.1%, 90.8%)
08/02 01:56:51午後 evaluateCell_trainer.py:199 [INFO] Valid: Epoch: [60][78/79]	Step 42944	Loss 1.2882	Prec@(1,5) (66.0%, 90.5%)
08/02 01:56:51午後 evaluateCell_trainer.py:206 [INFO] Valid: [ 60/99] Final Prec@1 66.0200%
08/02 01:56:51午後 evaluateCell_main.py:75 [INFO] Until now, best Prec@1 = 66.0200%
08/02 01:57:18午後 evaluateCell_trainer.py:199 [INFO] Valid: Epoch: [61][50/79]	Step 43648	Loss 1.3035	Prec@(1,5) (65.8%, 90.8%)
08/02 01:57:18午後 evaluateCell_trainer.py:199 [INFO] Valid: Epoch: [61][78/79]	Step 43648	Loss 1.3033	Prec@(1,5) (66.1%, 90.6%)
08/02 01:57:18午後 evaluateCell_trainer.py:206 [INFO] Valid: [ 61/99] Final Prec@1 66.0600%
08/02 01:57:19午後 evaluateCell_main.py:75 [INFO] Until now, best Prec@1 = 66.0600%
08/02 01:57:47午後 evaluateCell_trainer.py:199 [INFO] Valid: Epoch: [62][50/79]	Step 44352	Loss 1.2757	Prec@(1,5) (65.6%, 91.1%)
08/02 01:57:47午後 evaluateCell_trainer.py:199 [INFO] Valid: Epoch: [62][78/79]	Step 44352	Loss 1.2921	Prec@(1,5) (65.4%, 90.7%)
08/02 01:57:47午後 evaluateCell_trainer.py:206 [INFO] Valid: [ 62/99] Final Prec@1 65.4200%
08/02 01:57:47午後 evaluateCell_main.py:75 [INFO] Until now, best Prec@1 = 66.0600%
08/02 01:58:15午後 evaluateCell_trainer.py:199 [INFO] Valid: Epoch: [63][50/79]	Step 45056	Loss 1.3140	Prec@(1,5) (65.4%, 90.4%)
08/02 01:58:15午後 evaluateCell_trainer.py:199 [INFO] Valid: Epoch: [63][78/79]	Step 45056	Loss 1.2832	Prec@(1,5) (66.2%, 90.4%)
08/02 01:58:15午後 evaluateCell_trainer.py:206 [INFO] Valid: [ 63/99] Final Prec@1 66.1800%
08/02 01:58:16午後 evaluateCell_main.py:75 [INFO] Until now, best Prec@1 = 66.1800%
08/02 01:58:43午後 evaluateCell_trainer.py:199 [INFO] Valid: Epoch: [64][50/79]	Step 45760	Loss 1.2845	Prec@(1,5) (66.8%, 90.4%)
08/02 01:58:43午後 evaluateCell_trainer.py:199 [INFO] Valid: Epoch: [64][78/79]	Step 45760	Loss 1.2629	Prec@(1,5) (66.9%, 91.0%)
08/02 01:58:43午後 evaluateCell_trainer.py:206 [INFO] Valid: [ 64/99] Final Prec@1 66.9200%
08/02 01:58:43午後 evaluateCell_main.py:75 [INFO] Until now, best Prec@1 = 66.9200%
08/02 01:59:11午後 evaluateCell_trainer.py:199 [INFO] Valid: Epoch: [65][50/79]	Step 46464	Loss 1.3040	Prec@(1,5) (66.1%, 90.9%)
08/02 01:59:11午後 evaluateCell_trainer.py:199 [INFO] Valid: Epoch: [65][78/79]	Step 46464	Loss 1.2810	Prec@(1,5) (66.4%, 90.9%)
08/02 01:59:11午後 evaluateCell_trainer.py:206 [INFO] Valid: [ 65/99] Final Prec@1 66.4200%
08/02 01:59:11午後 evaluateCell_main.py:75 [INFO] Until now, best Prec@1 = 66.9200%
08/02 01:59:39午後 evaluateCell_trainer.py:199 [INFO] Valid: Epoch: [66][50/79]	Step 47168	Loss 1.2645	Prec@(1,5) (67.5%, 90.8%)
08/02 01:59:39午後 evaluateCell_trainer.py:199 [INFO] Valid: Epoch: [66][78/79]	Step 47168	Loss 1.2550	Prec@(1,5) (67.5%, 90.9%)
08/02 01:59:39午後 evaluateCell_trainer.py:206 [INFO] Valid: [ 66/99] Final Prec@1 67.5000%
08/02 01:59:40午後 evaluateCell_main.py:75 [INFO] Until now, best Prec@1 = 67.5000%
08/02 02:00:07午後 evaluateCell_trainer.py:199 [INFO] Valid: Epoch: [67][50/79]	Step 47872	Loss 1.2966	Prec@(1,5) (66.3%, 90.3%)
08/02 02:00:07午後 evaluateCell_trainer.py:199 [INFO] Valid: Epoch: [67][78/79]	Step 47872	Loss 1.3027	Prec@(1,5) (66.3%, 90.6%)
08/02 02:00:07午後 evaluateCell_trainer.py:206 [INFO] Valid: [ 67/99] Final Prec@1 66.3400%
08/02 02:00:07午後 evaluateCell_main.py:75 [INFO] Until now, best Prec@1 = 67.5000%
08/02 02:00:35午後 evaluateCell_trainer.py:199 [INFO] Valid: Epoch: [68][50/79]	Step 48576	Loss 1.2636	Prec@(1,5) (68.6%, 90.9%)
08/02 02:00:35午後 evaluateCell_trainer.py:199 [INFO] Valid: Epoch: [68][78/79]	Step 48576	Loss 1.2534	Prec@(1,5) (68.3%, 91.1%)
08/02 02:00:35午後 evaluateCell_trainer.py:206 [INFO] Valid: [ 68/99] Final Prec@1 68.3800%
08/02 02:00:35午後 evaluateCell_main.py:75 [INFO] Until now, best Prec@1 = 68.3800%
08/02 02:01:03午後 evaluateCell_trainer.py:199 [INFO] Valid: Epoch: [69][50/79]	Step 49280	Loss 1.3365	Prec@(1,5) (66.5%, 90.2%)
08/02 02:01:03午後 evaluateCell_trainer.py:199 [INFO] Valid: Epoch: [69][78/79]	Step 49280	Loss 1.2870	Prec@(1,5) (67.3%, 90.9%)
08/02 02:01:03午後 evaluateCell_trainer.py:206 [INFO] Valid: [ 69/99] Final Prec@1 67.3000%
08/02 02:01:03午後 evaluateCell_main.py:75 [INFO] Until now, best Prec@1 = 68.3800%
08/02 02:01:32午後 evaluateCell_trainer.py:199 [INFO] Valid: Epoch: [70][50/79]	Step 49984	Loss 1.2748	Prec@(1,5) (67.7%, 91.1%)
08/02 02:01:32午後 evaluateCell_trainer.py:199 [INFO] Valid: Epoch: [70][78/79]	Step 49984	Loss 1.2570	Prec@(1,5) (67.9%, 91.3%)
08/02 02:01:32午後 evaluateCell_trainer.py:206 [INFO] Valid: [ 70/99] Final Prec@1 67.9200%
08/02 02:01:32午後 evaluateCell_main.py:75 [INFO] Until now, best Prec@1 = 68.3800%
08/02 02:01:59午後 evaluateCell_trainer.py:199 [INFO] Valid: Epoch: [71][50/79]	Step 50688	Loss 1.2506	Prec@(1,5) (67.9%, 91.0%)
08/02 02:01:59午後 evaluateCell_trainer.py:199 [INFO] Valid: Epoch: [71][78/79]	Step 50688	Loss 1.2595	Prec@(1,5) (68.1%, 91.1%)
08/02 02:01:59午後 evaluateCell_trainer.py:206 [INFO] Valid: [ 71/99] Final Prec@1 68.0800%
08/02 02:02:00午後 evaluateCell_main.py:75 [INFO] Until now, best Prec@1 = 68.3800%
08/02 02:02:27午後 evaluateCell_trainer.py:199 [INFO] Valid: Epoch: [72][50/79]	Step 51392	Loss 1.2412	Prec@(1,5) (67.5%, 91.4%)
08/02 02:02:27午後 evaluateCell_trainer.py:199 [INFO] Valid: Epoch: [72][78/79]	Step 51392	Loss 1.2558	Prec@(1,5) (67.6%, 91.0%)
08/02 02:02:27午後 evaluateCell_trainer.py:206 [INFO] Valid: [ 72/99] Final Prec@1 67.6800%
08/02 02:02:27午後 evaluateCell_main.py:75 [INFO] Until now, best Prec@1 = 68.3800%
08/02 02:02:55午後 evaluateCell_trainer.py:199 [INFO] Valid: Epoch: [73][50/79]	Step 52096	Loss 1.2455	Prec@(1,5) (68.9%, 91.3%)
08/02 02:02:55午後 evaluateCell_trainer.py:199 [INFO] Valid: Epoch: [73][78/79]	Step 52096	Loss 1.2627	Prec@(1,5) (68.9%, 91.2%)
08/02 02:02:55午後 evaluateCell_trainer.py:206 [INFO] Valid: [ 73/99] Final Prec@1 68.9400%
08/02 02:02:55午後 evaluateCell_main.py:75 [INFO] Until now, best Prec@1 = 68.9400%
08/02 02:03:23午後 evaluateCell_trainer.py:199 [INFO] Valid: Epoch: [74][50/79]	Step 52800	Loss 1.2516	Prec@(1,5) (68.2%, 91.1%)
08/02 02:03:23午後 evaluateCell_trainer.py:199 [INFO] Valid: Epoch: [74][78/79]	Step 52800	Loss 1.2532	Prec@(1,5) (68.0%, 91.3%)
08/02 02:03:23午後 evaluateCell_trainer.py:206 [INFO] Valid: [ 74/99] Final Prec@1 67.9600%
08/02 02:03:23午後 evaluateCell_main.py:75 [INFO] Until now, best Prec@1 = 68.9400%
08/02 02:03:51午後 evaluateCell_trainer.py:199 [INFO] Valid: Epoch: [75][50/79]	Step 53504	Loss 1.1712	Prec@(1,5) (69.2%, 92.1%)
08/02 02:03:51午後 evaluateCell_trainer.py:199 [INFO] Valid: Epoch: [75][78/79]	Step 53504	Loss 1.2084	Prec@(1,5) (68.6%, 91.7%)
08/02 02:03:51午後 evaluateCell_trainer.py:206 [INFO] Valid: [ 75/99] Final Prec@1 68.6200%
08/02 02:03:51午後 evaluateCell_main.py:75 [INFO] Until now, best Prec@1 = 68.9400%
08/02 02:04:19午後 evaluateCell_trainer.py:199 [INFO] Valid: Epoch: [76][50/79]	Step 54208	Loss 1.2486	Prec@(1,5) (69.1%, 91.0%)
08/02 02:04:20午後 evaluateCell_trainer.py:199 [INFO] Valid: Epoch: [76][78/79]	Step 54208	Loss 1.2660	Prec@(1,5) (68.7%, 91.2%)
08/02 02:04:20午後 evaluateCell_trainer.py:206 [INFO] Valid: [ 76/99] Final Prec@1 68.7400%
08/02 02:04:20午後 evaluateCell_main.py:75 [INFO] Until now, best Prec@1 = 68.9400%
08/02 02:04:47午後 evaluateCell_trainer.py:199 [INFO] Valid: Epoch: [77][50/79]	Step 54912	Loss 1.2027	Prec@(1,5) (69.8%, 91.9%)
08/02 02:04:48午後 evaluateCell_trainer.py:199 [INFO] Valid: Epoch: [77][78/79]	Step 54912	Loss 1.2142	Prec@(1,5) (69.5%, 91.4%)
08/02 02:04:48午後 evaluateCell_trainer.py:206 [INFO] Valid: [ 77/99] Final Prec@1 69.4800%
08/02 02:04:48午後 evaluateCell_main.py:75 [INFO] Until now, best Prec@1 = 69.4800%
08/02 02:05:15午後 evaluateCell_trainer.py:199 [INFO] Valid: Epoch: [78][50/79]	Step 55616	Loss 1.2277	Prec@(1,5) (69.7%, 91.5%)
08/02 02:05:16午後 evaluateCell_trainer.py:199 [INFO] Valid: Epoch: [78][78/79]	Step 55616	Loss 1.2298	Prec@(1,5) (69.3%, 91.7%)
08/02 02:05:16午後 evaluateCell_trainer.py:206 [INFO] Valid: [ 78/99] Final Prec@1 69.2200%
08/02 02:05:16午後 evaluateCell_main.py:75 [INFO] Until now, best Prec@1 = 69.4800%
08/02 02:05:43午後 evaluateCell_trainer.py:199 [INFO] Valid: Epoch: [79][50/79]	Step 56320	Loss 1.2468	Prec@(1,5) (69.3%, 91.5%)
08/02 02:05:43午後 evaluateCell_trainer.py:199 [INFO] Valid: Epoch: [79][78/79]	Step 56320	Loss 1.2509	Prec@(1,5) (68.8%, 91.5%)
08/02 02:05:43午後 evaluateCell_trainer.py:206 [INFO] Valid: [ 79/99] Final Prec@1 68.8400%
08/02 02:05:43午後 evaluateCell_main.py:75 [INFO] Until now, best Prec@1 = 69.4800%
08/02 02:06:10午後 evaluateCell_trainer.py:199 [INFO] Valid: Epoch: [80][50/79]	Step 57024	Loss 1.2124	Prec@(1,5) (69.3%, 91.7%)
08/02 02:06:11午後 evaluateCell_trainer.py:199 [INFO] Valid: Epoch: [80][78/79]	Step 57024	Loss 1.2084	Prec@(1,5) (69.5%, 91.9%)
08/02 02:06:11午後 evaluateCell_trainer.py:206 [INFO] Valid: [ 80/99] Final Prec@1 69.5000%
08/02 02:06:11午後 evaluateCell_main.py:75 [INFO] Until now, best Prec@1 = 69.5000%
08/02 02:06:38午後 evaluateCell_trainer.py:199 [INFO] Valid: Epoch: [81][50/79]	Step 57728	Loss 1.1948	Prec@(1,5) (70.3%, 91.7%)
08/02 02:06:38午後 evaluateCell_trainer.py:199 [INFO] Valid: Epoch: [81][78/79]	Step 57728	Loss 1.2302	Prec@(1,5) (69.7%, 91.6%)
08/02 02:06:38午後 evaluateCell_trainer.py:206 [INFO] Valid: [ 81/99] Final Prec@1 69.6000%
08/02 02:06:39午後 evaluateCell_main.py:75 [INFO] Until now, best Prec@1 = 69.6000%
08/02 02:07:06午後 evaluateCell_trainer.py:199 [INFO] Valid: Epoch: [82][50/79]	Step 58432	Loss 1.2626	Prec@(1,5) (69.1%, 91.8%)
08/02 02:07:06午後 evaluateCell_trainer.py:199 [INFO] Valid: Epoch: [82][78/79]	Step 58432	Loss 1.2393	Prec@(1,5) (69.7%, 91.6%)
08/02 02:07:06午後 evaluateCell_trainer.py:206 [INFO] Valid: [ 82/99] Final Prec@1 69.6800%
08/02 02:07:06午後 evaluateCell_main.py:75 [INFO] Until now, best Prec@1 = 69.6800%
08/02 02:07:33午後 evaluateCell_trainer.py:199 [INFO] Valid: Epoch: [83][50/79]	Step 59136	Loss 1.2881	Prec@(1,5) (69.1%, 90.9%)
08/02 02:07:34午後 evaluateCell_trainer.py:199 [INFO] Valid: Epoch: [83][78/79]	Step 59136	Loss 1.2453	Prec@(1,5) (69.8%, 91.3%)
08/02 02:07:34午後 evaluateCell_trainer.py:206 [INFO] Valid: [ 83/99] Final Prec@1 69.7800%
08/02 02:07:34午後 evaluateCell_main.py:75 [INFO] Until now, best Prec@1 = 69.7800%
08/02 02:08:01午後 evaluateCell_trainer.py:199 [INFO] Valid: Epoch: [84][50/79]	Step 59840	Loss 1.2014	Prec@(1,5) (69.8%, 92.0%)
08/02 02:08:01午後 evaluateCell_trainer.py:199 [INFO] Valid: Epoch: [84][78/79]	Step 59840	Loss 1.2172	Prec@(1,5) (69.7%, 91.9%)
08/02 02:08:01午後 evaluateCell_trainer.py:206 [INFO] Valid: [ 84/99] Final Prec@1 69.7000%
08/02 02:08:02午後 evaluateCell_main.py:75 [INFO] Until now, best Prec@1 = 69.7800%
08/02 02:08:29午後 evaluateCell_trainer.py:199 [INFO] Valid: Epoch: [85][50/79]	Step 60544	Loss 1.2310	Prec@(1,5) (69.1%, 92.0%)
08/02 02:08:29午後 evaluateCell_trainer.py:199 [INFO] Valid: Epoch: [85][78/79]	Step 60544	Loss 1.2282	Prec@(1,5) (69.3%, 91.8%)
08/02 02:08:29午後 evaluateCell_trainer.py:206 [INFO] Valid: [ 85/99] Final Prec@1 69.3200%
08/02 02:08:29午後 evaluateCell_main.py:75 [INFO] Until now, best Prec@1 = 69.7800%
08/02 02:08:56午後 evaluateCell_trainer.py:199 [INFO] Valid: Epoch: [86][50/79]	Step 61248	Loss 1.2246	Prec@(1,5) (70.0%, 91.9%)
08/02 02:08:57午後 evaluateCell_trainer.py:199 [INFO] Valid: Epoch: [86][78/79]	Step 61248	Loss 1.2314	Prec@(1,5) (69.8%, 91.6%)
08/02 02:08:57午後 evaluateCell_trainer.py:206 [INFO] Valid: [ 86/99] Final Prec@1 69.7400%
08/02 02:08:57午後 evaluateCell_main.py:75 [INFO] Until now, best Prec@1 = 69.7800%
08/02 02:09:24午後 evaluateCell_trainer.py:199 [INFO] Valid: Epoch: [87][50/79]	Step 61952	Loss 1.1759	Prec@(1,5) (70.7%, 92.4%)
08/02 02:09:24午後 evaluateCell_trainer.py:199 [INFO] Valid: Epoch: [87][78/79]	Step 61952	Loss 1.2044	Prec@(1,5) (70.6%, 91.9%)
08/02 02:09:24午後 evaluateCell_trainer.py:206 [INFO] Valid: [ 87/99] Final Prec@1 70.6600%
08/02 02:09:24午後 evaluateCell_main.py:75 [INFO] Until now, best Prec@1 = 70.6600%
08/02 02:09:52午後 evaluateCell_trainer.py:199 [INFO] Valid: Epoch: [88][50/79]	Step 62656	Loss 1.2467	Prec@(1,5) (70.2%, 91.6%)
08/02 02:09:52午後 evaluateCell_trainer.py:199 [INFO] Valid: Epoch: [88][78/79]	Step 62656	Loss 1.2317	Prec@(1,5) (70.0%, 91.8%)
08/02 02:09:52午後 evaluateCell_trainer.py:206 [INFO] Valid: [ 88/99] Final Prec@1 70.0000%
08/02 02:09:52午後 evaluateCell_main.py:75 [INFO] Until now, best Prec@1 = 70.6600%
08/02 02:10:19午後 evaluateCell_trainer.py:199 [INFO] Valid: Epoch: [89][50/79]	Step 63360	Loss 1.2475	Prec@(1,5) (69.5%, 91.4%)
08/02 02:10:20午後 evaluateCell_trainer.py:199 [INFO] Valid: Epoch: [89][78/79]	Step 63360	Loss 1.2322	Prec@(1,5) (70.0%, 91.6%)
08/02 02:10:20午後 evaluateCell_trainer.py:206 [INFO] Valid: [ 89/99] Final Prec@1 70.0000%
08/02 02:10:20午後 evaluateCell_main.py:75 [INFO] Until now, best Prec@1 = 70.6600%
08/02 02:10:47午後 evaluateCell_trainer.py:199 [INFO] Valid: Epoch: [90][50/79]	Step 64064	Loss 1.2184	Prec@(1,5) (70.3%, 92.1%)
08/02 02:10:47午後 evaluateCell_trainer.py:199 [INFO] Valid: Epoch: [90][78/79]	Step 64064	Loss 1.2368	Prec@(1,5) (70.1%, 91.9%)
08/02 02:10:47午後 evaluateCell_trainer.py:206 [INFO] Valid: [ 90/99] Final Prec@1 70.0600%
08/02 02:10:47午後 evaluateCell_main.py:75 [INFO] Until now, best Prec@1 = 70.6600%
08/02 02:11:15午後 evaluateCell_trainer.py:199 [INFO] Valid: Epoch: [91][50/79]	Step 64768	Loss 1.1881	Prec@(1,5) (70.4%, 92.3%)
08/02 02:11:15午後 evaluateCell_trainer.py:199 [INFO] Valid: Epoch: [91][78/79]	Step 64768	Loss 1.2134	Prec@(1,5) (69.9%, 92.2%)
08/02 02:11:15午後 evaluateCell_trainer.py:206 [INFO] Valid: [ 91/99] Final Prec@1 69.8600%
08/02 02:11:15午後 evaluateCell_main.py:75 [INFO] Until now, best Prec@1 = 70.6600%
08/02 02:11:42午後 evaluateCell_trainer.py:199 [INFO] Valid: Epoch: [92][50/79]	Step 65472	Loss 1.2223	Prec@(1,5) (70.4%, 92.4%)
08/02 02:11:42午後 evaluateCell_trainer.py:199 [INFO] Valid: Epoch: [92][78/79]	Step 65472	Loss 1.2176	Prec@(1,5) (69.9%, 92.3%)
08/02 02:11:42午後 evaluateCell_trainer.py:206 [INFO] Valid: [ 92/99] Final Prec@1 69.8200%
08/02 02:11:43午後 evaluateCell_main.py:75 [INFO] Until now, best Prec@1 = 70.6600%
08/02 02:12:10午後 evaluateCell_trainer.py:199 [INFO] Valid: Epoch: [93][50/79]	Step 66176	Loss 1.2165	Prec@(1,5) (70.7%, 91.7%)
08/02 02:12:10午後 evaluateCell_trainer.py:199 [INFO] Valid: Epoch: [93][78/79]	Step 66176	Loss 1.2109	Prec@(1,5) (70.8%, 91.8%)
08/02 02:12:10午後 evaluateCell_trainer.py:206 [INFO] Valid: [ 93/99] Final Prec@1 70.8600%
08/02 02:12:10午後 evaluateCell_main.py:75 [INFO] Until now, best Prec@1 = 70.8600%
08/02 02:12:37午後 evaluateCell_trainer.py:199 [INFO] Valid: Epoch: [94][50/79]	Step 66880	Loss 1.2406	Prec@(1,5) (70.7%, 91.9%)
08/02 02:12:38午後 evaluateCell_trainer.py:199 [INFO] Valid: Epoch: [94][78/79]	Step 66880	Loss 1.2173	Prec@(1,5) (70.7%, 92.1%)
08/02 02:12:38午後 evaluateCell_trainer.py:206 [INFO] Valid: [ 94/99] Final Prec@1 70.6600%
08/02 02:12:38午後 evaluateCell_main.py:75 [INFO] Until now, best Prec@1 = 70.8600%
08/02 02:13:05午後 evaluateCell_trainer.py:199 [INFO] Valid: Epoch: [95][50/79]	Step 67584	Loss 1.2423	Prec@(1,5) (69.3%, 92.4%)
08/02 02:13:05午後 evaluateCell_trainer.py:199 [INFO] Valid: Epoch: [95][78/79]	Step 67584	Loss 1.2186	Prec@(1,5) (70.4%, 92.4%)
08/02 02:13:05午後 evaluateCell_trainer.py:206 [INFO] Valid: [ 95/99] Final Prec@1 70.3800%
08/02 02:13:05午後 evaluateCell_main.py:75 [INFO] Until now, best Prec@1 = 70.8600%
08/02 02:13:33午後 evaluateCell_trainer.py:199 [INFO] Valid: Epoch: [96][50/79]	Step 68288	Loss 1.2373	Prec@(1,5) (70.9%, 92.1%)
08/02 02:13:34午後 evaluateCell_trainer.py:199 [INFO] Valid: Epoch: [96][78/79]	Step 68288	Loss 1.2338	Prec@(1,5) (70.4%, 92.2%)
08/02 02:13:34午後 evaluateCell_trainer.py:206 [INFO] Valid: [ 96/99] Final Prec@1 70.4400%
08/02 02:13:34午後 evaluateCell_main.py:75 [INFO] Until now, best Prec@1 = 70.8600%
08/02 02:14:01午後 evaluateCell_trainer.py:199 [INFO] Valid: Epoch: [97][50/79]	Step 68992	Loss 1.2419	Prec@(1,5) (70.5%, 91.4%)
08/02 02:14:01午後 evaluateCell_trainer.py:199 [INFO] Valid: Epoch: [97][78/79]	Step 68992	Loss 1.2279	Prec@(1,5) (70.8%, 91.8%)
08/02 02:14:01午後 evaluateCell_trainer.py:206 [INFO] Valid: [ 97/99] Final Prec@1 70.7800%
08/02 02:14:01午後 evaluateCell_main.py:75 [INFO] Until now, best Prec@1 = 70.8600%
08/02 02:14:29午後 evaluateCell_trainer.py:199 [INFO] Valid: Epoch: [98][50/79]	Step 69696	Loss 1.2199	Prec@(1,5) (70.4%, 92.3%)
08/02 02:14:29午後 evaluateCell_trainer.py:199 [INFO] Valid: Epoch: [98][78/79]	Step 69696	Loss 1.2171	Prec@(1,5) (70.6%, 91.9%)
08/02 02:14:29午後 evaluateCell_trainer.py:206 [INFO] Valid: [ 98/99] Final Prec@1 70.5600%
08/02 02:14:29午後 evaluateCell_main.py:75 [INFO] Until now, best Prec@1 = 70.8600%
08/02 02:14:57午後 evaluateCell_trainer.py:199 [INFO] Valid: Epoch: [99][50/79]	Step 70400	Loss 1.2358	Prec@(1,5) (70.2%, 91.7%)
08/02 02:14:57午後 evaluateCell_trainer.py:199 [INFO] Valid: Epoch: [99][78/79]	Step 70400	Loss 1.2152	Prec@(1,5) (70.3%, 92.0%)
08/02 02:14:57午後 evaluateCell_trainer.py:206 [INFO] Valid: [ 99/99] Final Prec@1 70.2600%
08/02 02:14:57午後 evaluateCell_main.py:75 [INFO] Until now, best Prec@1 = 70.8600%
08/02 02:14:57午後 evaluateCell_main.py:79 [INFO] Final best Prec@1 = 70.8600%
