07/13 04:53:09PM parser.py:28 [INFO] 
07/13 04:53:09PM parser.py:29 [INFO] Parameters:
07/13 04:53:09PM parser.py:31 [INFO] ADVANCED=True
07/13 04:53:09PM parser.py:31 [INFO] BATCH_SIZE=64
07/13 04:53:09PM parser.py:31 [INFO] CIFAR=True
07/13 04:53:09PM parser.py:31 [INFO] CUTOUT_LENGTH=16
07/13 04:53:09PM parser.py:31 [INFO] DATA_PATH=../data/
07/13 04:53:09PM parser.py:31 [INFO] DATASET=cifar100
07/13 04:53:09PM parser.py:31 [INFO] DESCRIPTION=pretrained_LR-0.01
07/13 04:53:09PM parser.py:31 [INFO] EPOCHS=100
07/13 04:53:09PM parser.py:31 [INFO] EXP_NAME=lr0.01-20240713-165309
07/13 04:53:09PM parser.py:31 [INFO] GPUS=[0]
07/13 04:53:09PM parser.py:31 [INFO] LOGGER=<Logger H-DAS (INFO)>
07/13 04:53:09PM parser.py:31 [INFO] LR=0.01
07/13 04:53:09PM parser.py:31 [INFO] LR_MIN=0.001
07/13 04:53:09PM parser.py:31 [INFO] MODEL_NAME=efficientnet_b0
07/13 04:53:09PM parser.py:31 [INFO] MOMENTUM=0.9
07/13 04:53:09PM parser.py:31 [INFO] NAME=FINETUNE2
07/13 04:53:09PM parser.py:31 [INFO] PATH=results/teacher/cifar100/efficientnet_b0/FINETUNE2/lr0.01-20240713-165309
07/13 04:53:09PM parser.py:31 [INFO] PRETRAINED=True
07/13 04:53:09PM parser.py:31 [INFO] SAVE=lr0.01
07/13 04:53:09PM parser.py:31 [INFO] SEED=0
07/13 04:53:09PM parser.py:31 [INFO] TRAIN_PORTION=0.9
07/13 04:53:09PM parser.py:31 [INFO] WEIGHT_DECAY=0.0003
07/13 04:53:09PM parser.py:31 [INFO] WORKERS=4
07/13 04:53:09PM parser.py:32 [INFO] 
07/13 04:53:48PM trainTeacher_main.py:195 [INFO] Train: [  0/99] Final Prec@1 53.3489%
07/13 04:53:49PM trainTeacher_main.py:223 [INFO] Valid: [  0/99] Final Prec@1 71.2000%
07/13 04:53:49PM trainTeacher_main.py:139 [INFO] model parameters unfreezed!
07/13 04:53:50午後 trainTeacher_main.py:165 [INFO] Until now, best Prec@1 = 71.2000%
07/13 04:54:26午後 trainTeacher_main.py:195 [INFO] Train: [  1/99] Final Prec@1 74.0022%
07/13 04:54:27午後 trainTeacher_main.py:223 [INFO] Valid: [  1/99] Final Prec@1 75.0000%
07/13 04:54:27午後 trainTeacher_main.py:165 [INFO] Until now, best Prec@1 = 75.0000%
07/13 04:55:04午後 trainTeacher_main.py:195 [INFO] Train: [  2/99] Final Prec@1 79.4000%
07/13 04:55:05午後 trainTeacher_main.py:223 [INFO] Valid: [  2/99] Final Prec@1 76.3200%
07/13 04:55:05午後 trainTeacher_main.py:165 [INFO] Until now, best Prec@1 = 76.3200%
07/13 04:55:41午後 trainTeacher_main.py:195 [INFO] Train: [  3/99] Final Prec@1 82.7933%
07/13 04:55:42午後 trainTeacher_main.py:223 [INFO] Valid: [  3/99] Final Prec@1 77.3800%
07/13 04:55:42午後 trainTeacher_main.py:165 [INFO] Until now, best Prec@1 = 77.3800%
07/13 04:56:19午後 trainTeacher_main.py:195 [INFO] Train: [  4/99] Final Prec@1 84.8111%
07/13 04:56:20午後 trainTeacher_main.py:223 [INFO] Valid: [  4/99] Final Prec@1 76.7400%
07/13 04:56:20午後 trainTeacher_main.py:165 [INFO] Until now, best Prec@1 = 77.3800%
07/13 04:56:56午後 trainTeacher_main.py:195 [INFO] Train: [  5/99] Final Prec@1 87.0311%
07/13 04:56:57午後 trainTeacher_main.py:223 [INFO] Valid: [  5/99] Final Prec@1 80.4000%
07/13 04:56:57午後 trainTeacher_main.py:165 [INFO] Until now, best Prec@1 = 80.4000%
07/13 04:57:33午後 trainTeacher_main.py:195 [INFO] Train: [  6/99] Final Prec@1 88.3844%
07/13 04:57:35午後 trainTeacher_main.py:223 [INFO] Valid: [  6/99] Final Prec@1 79.8200%
07/13 04:57:35午後 trainTeacher_main.py:165 [INFO] Until now, best Prec@1 = 80.4000%
07/13 04:58:11午後 trainTeacher_main.py:195 [INFO] Train: [  7/99] Final Prec@1 89.7067%
07/13 04:58:12午後 trainTeacher_main.py:223 [INFO] Valid: [  7/99] Final Prec@1 78.3800%
07/13 04:58:12午後 trainTeacher_main.py:165 [INFO] Until now, best Prec@1 = 80.4000%
07/13 04:58:48午後 trainTeacher_main.py:195 [INFO] Train: [  8/99] Final Prec@1 90.6622%
07/13 04:58:50午後 trainTeacher_main.py:223 [INFO] Valid: [  8/99] Final Prec@1 80.1000%
07/13 04:58:50午後 trainTeacher_main.py:165 [INFO] Until now, best Prec@1 = 80.4000%
07/13 04:59:26午後 trainTeacher_main.py:195 [INFO] Train: [  9/99] Final Prec@1 91.5556%
07/13 04:59:27午後 trainTeacher_main.py:223 [INFO] Valid: [  9/99] Final Prec@1 80.5200%
07/13 04:59:27午後 trainTeacher_main.py:165 [INFO] Until now, best Prec@1 = 80.5200%
07/13 05:00:03午後 trainTeacher_main.py:195 [INFO] Train: [ 10/99] Final Prec@1 92.1178%
07/13 05:00:04午後 trainTeacher_main.py:223 [INFO] Valid: [ 10/99] Final Prec@1 75.3800%
07/13 05:00:05午後 trainTeacher_main.py:165 [INFO] Until now, best Prec@1 = 80.5200%
07/13 05:00:41午後 trainTeacher_main.py:195 [INFO] Train: [ 11/99] Final Prec@1 92.5600%
07/13 05:00:42午後 trainTeacher_main.py:223 [INFO] Valid: [ 11/99] Final Prec@1 80.1600%
07/13 05:00:42午後 trainTeacher_main.py:165 [INFO] Until now, best Prec@1 = 80.5200%
07/13 05:01:18午後 trainTeacher_main.py:195 [INFO] Train: [ 12/99] Final Prec@1 93.0022%
07/13 05:01:19午後 trainTeacher_main.py:223 [INFO] Valid: [ 12/99] Final Prec@1 79.5200%
07/13 05:01:19午後 trainTeacher_main.py:165 [INFO] Until now, best Prec@1 = 80.5200%
07/13 05:01:57午後 trainTeacher_main.py:195 [INFO] Train: [ 13/99] Final Prec@1 93.3822%
07/13 05:01:59午後 trainTeacher_main.py:223 [INFO] Valid: [ 13/99] Final Prec@1 79.2000%
07/13 05:01:59午後 trainTeacher_main.py:165 [INFO] Until now, best Prec@1 = 80.5200%
07/13 05:02:36午後 trainTeacher_main.py:195 [INFO] Train: [ 14/99] Final Prec@1 93.7867%
07/13 05:02:38午後 trainTeacher_main.py:223 [INFO] Valid: [ 14/99] Final Prec@1 80.3600%
07/13 05:02:38午後 trainTeacher_main.py:165 [INFO] Until now, best Prec@1 = 80.5200%
07/13 05:03:14午後 trainTeacher_main.py:195 [INFO] Train: [ 15/99] Final Prec@1 93.8156%
07/13 05:03:15午後 trainTeacher_main.py:223 [INFO] Valid: [ 15/99] Final Prec@1 79.0600%
07/13 05:03:16午後 trainTeacher_main.py:165 [INFO] Until now, best Prec@1 = 80.5200%
07/13 05:03:52午後 trainTeacher_main.py:195 [INFO] Train: [ 16/99] Final Prec@1 94.2467%
07/13 05:03:53午後 trainTeacher_main.py:223 [INFO] Valid: [ 16/99] Final Prec@1 79.5400%
07/13 05:03:53午後 trainTeacher_main.py:165 [INFO] Until now, best Prec@1 = 80.5200%
07/13 05:04:35午後 trainTeacher_main.py:195 [INFO] Train: [ 17/99] Final Prec@1 94.6600%
07/13 05:04:36午後 trainTeacher_main.py:223 [INFO] Valid: [ 17/99] Final Prec@1 78.6000%
07/13 05:04:36午後 trainTeacher_main.py:165 [INFO] Until now, best Prec@1 = 80.5200%
07/13 05:05:12午後 trainTeacher_main.py:195 [INFO] Train: [ 18/99] Final Prec@1 94.7089%
07/13 05:05:13午後 trainTeacher_main.py:223 [INFO] Valid: [ 18/99] Final Prec@1 79.0400%
07/13 05:05:13午後 trainTeacher_main.py:165 [INFO] Until now, best Prec@1 = 80.5200%
07/13 05:05:50午後 trainTeacher_main.py:195 [INFO] Train: [ 19/99] Final Prec@1 94.5578%
07/13 05:05:51午後 trainTeacher_main.py:223 [INFO] Valid: [ 19/99] Final Prec@1 79.8800%
07/13 05:05:51午後 trainTeacher_main.py:165 [INFO] Until now, best Prec@1 = 80.5200%
07/13 05:06:27午後 trainTeacher_main.py:195 [INFO] Train: [ 20/99] Final Prec@1 95.0356%
07/13 05:06:28午後 trainTeacher_main.py:223 [INFO] Valid: [ 20/99] Final Prec@1 79.7600%
07/13 05:06:29午後 trainTeacher_main.py:165 [INFO] Until now, best Prec@1 = 80.5200%
07/13 05:07:05午後 trainTeacher_main.py:195 [INFO] Train: [ 21/99] Final Prec@1 94.9822%
07/13 05:07:06午後 trainTeacher_main.py:223 [INFO] Valid: [ 21/99] Final Prec@1 79.3000%
07/13 05:07:06午後 trainTeacher_main.py:165 [INFO] Until now, best Prec@1 = 80.5200%
07/13 05:07:42午後 trainTeacher_main.py:195 [INFO] Train: [ 22/99] Final Prec@1 95.0911%
07/13 05:07:43午後 trainTeacher_main.py:223 [INFO] Valid: [ 22/99] Final Prec@1 79.3000%
07/13 05:07:43午後 trainTeacher_main.py:165 [INFO] Until now, best Prec@1 = 80.5200%
07/13 05:08:20午後 trainTeacher_main.py:195 [INFO] Train: [ 23/99] Final Prec@1 94.8689%
07/13 05:08:21午後 trainTeacher_main.py:223 [INFO] Valid: [ 23/99] Final Prec@1 79.2600%
07/13 05:08:21午後 trainTeacher_main.py:165 [INFO] Until now, best Prec@1 = 80.5200%
07/13 05:08:57午後 trainTeacher_main.py:195 [INFO] Train: [ 24/99] Final Prec@1 95.3467%
07/13 05:08:58午後 trainTeacher_main.py:223 [INFO] Valid: [ 24/99] Final Prec@1 78.3200%
07/13 05:08:58午後 trainTeacher_main.py:165 [INFO] Until now, best Prec@1 = 80.5200%
07/13 05:09:35午後 trainTeacher_main.py:195 [INFO] Train: [ 25/99] Final Prec@1 95.2022%
07/13 05:09:36午後 trainTeacher_main.py:223 [INFO] Valid: [ 25/99] Final Prec@1 79.9600%
07/13 05:09:36午後 trainTeacher_main.py:165 [INFO] Until now, best Prec@1 = 80.5200%
07/13 05:10:12午後 trainTeacher_main.py:195 [INFO] Train: [ 26/99] Final Prec@1 95.1556%
07/13 05:10:13午後 trainTeacher_main.py:223 [INFO] Valid: [ 26/99] Final Prec@1 79.2000%
07/13 05:10:13午後 trainTeacher_main.py:165 [INFO] Until now, best Prec@1 = 80.5200%
07/13 05:10:49午後 trainTeacher_main.py:195 [INFO] Train: [ 27/99] Final Prec@1 95.6222%
07/13 05:10:51午後 trainTeacher_main.py:223 [INFO] Valid: [ 27/99] Final Prec@1 79.3400%
07/13 05:10:51午後 trainTeacher_main.py:165 [INFO] Until now, best Prec@1 = 80.5200%
07/13 05:11:31午後 trainTeacher_main.py:195 [INFO] Train: [ 28/99] Final Prec@1 95.4444%
07/13 05:11:32午後 trainTeacher_main.py:223 [INFO] Valid: [ 28/99] Final Prec@1 79.0200%
07/13 05:11:32午後 trainTeacher_main.py:165 [INFO] Until now, best Prec@1 = 80.5200%
07/13 05:12:08午後 trainTeacher_main.py:195 [INFO] Train: [ 29/99] Final Prec@1 95.8178%
07/13 05:12:09午後 trainTeacher_main.py:223 [INFO] Valid: [ 29/99] Final Prec@1 78.9000%
07/13 05:12:09午後 trainTeacher_main.py:165 [INFO] Until now, best Prec@1 = 80.5200%
07/13 05:12:46午後 trainTeacher_main.py:195 [INFO] Train: [ 30/99] Final Prec@1 95.7689%
07/13 05:12:47午後 trainTeacher_main.py:223 [INFO] Valid: [ 30/99] Final Prec@1 77.3200%
07/13 05:12:47午後 trainTeacher_main.py:165 [INFO] Until now, best Prec@1 = 80.5200%
07/13 05:13:23午後 trainTeacher_main.py:195 [INFO] Train: [ 31/99] Final Prec@1 95.7533%
07/13 05:13:24午後 trainTeacher_main.py:223 [INFO] Valid: [ 31/99] Final Prec@1 77.4600%
07/13 05:13:24午後 trainTeacher_main.py:165 [INFO] Until now, best Prec@1 = 80.5200%
07/13 05:14:01午後 trainTeacher_main.py:195 [INFO] Train: [ 32/99] Final Prec@1 96.0133%
07/13 05:14:02午後 trainTeacher_main.py:223 [INFO] Valid: [ 32/99] Final Prec@1 78.9600%
07/13 05:14:02午後 trainTeacher_main.py:165 [INFO] Until now, best Prec@1 = 80.5200%
07/13 05:14:38午後 trainTeacher_main.py:195 [INFO] Train: [ 33/99] Final Prec@1 95.5489%
07/13 05:14:39午後 trainTeacher_main.py:223 [INFO] Valid: [ 33/99] Final Prec@1 78.3400%
07/13 05:14:39午後 trainTeacher_main.py:165 [INFO] Until now, best Prec@1 = 80.5200%
07/13 05:15:15午後 trainTeacher_main.py:195 [INFO] Train: [ 34/99] Final Prec@1 95.8444%
07/13 05:15:17午後 trainTeacher_main.py:223 [INFO] Valid: [ 34/99] Final Prec@1 79.2000%
07/13 05:15:17午後 trainTeacher_main.py:165 [INFO] Until now, best Prec@1 = 80.5200%
07/13 05:15:53午後 trainTeacher_main.py:195 [INFO] Train: [ 35/99] Final Prec@1 95.9711%
07/13 05:15:54午後 trainTeacher_main.py:223 [INFO] Valid: [ 35/99] Final Prec@1 78.8400%
07/13 05:15:54午後 trainTeacher_main.py:165 [INFO] Until now, best Prec@1 = 80.5200%
07/13 05:16:30午後 trainTeacher_main.py:195 [INFO] Train: [ 36/99] Final Prec@1 95.8111%
07/13 05:16:32午後 trainTeacher_main.py:223 [INFO] Valid: [ 36/99] Final Prec@1 78.2600%
07/13 05:16:32午後 trainTeacher_main.py:165 [INFO] Until now, best Prec@1 = 80.5200%
07/13 05:17:08午後 trainTeacher_main.py:195 [INFO] Train: [ 37/99] Final Prec@1 96.1089%
07/13 05:17:09午後 trainTeacher_main.py:223 [INFO] Valid: [ 37/99] Final Prec@1 78.5400%
07/13 05:17:09午後 trainTeacher_main.py:165 [INFO] Until now, best Prec@1 = 80.5200%
07/13 05:17:45午後 trainTeacher_main.py:195 [INFO] Train: [ 38/99] Final Prec@1 96.4222%
07/13 05:17:47午後 trainTeacher_main.py:223 [INFO] Valid: [ 38/99] Final Prec@1 78.7200%
07/13 05:17:47午後 trainTeacher_main.py:165 [INFO] Until now, best Prec@1 = 80.5200%
07/13 05:18:23午後 trainTeacher_main.py:195 [INFO] Train: [ 39/99] Final Prec@1 96.0222%
07/13 05:18:24午後 trainTeacher_main.py:223 [INFO] Valid: [ 39/99] Final Prec@1 76.9800%
07/13 05:18:24午後 trainTeacher_main.py:165 [INFO] Until now, best Prec@1 = 80.5200%
07/13 05:19:00午後 trainTeacher_main.py:195 [INFO] Train: [ 40/99] Final Prec@1 96.4067%
07/13 05:19:02午後 trainTeacher_main.py:223 [INFO] Valid: [ 40/99] Final Prec@1 78.4400%
07/13 05:19:02午後 trainTeacher_main.py:165 [INFO] Until now, best Prec@1 = 80.5200%
07/13 05:19:38午後 trainTeacher_main.py:195 [INFO] Train: [ 41/99] Final Prec@1 96.2489%
07/13 05:19:39午後 trainTeacher_main.py:223 [INFO] Valid: [ 41/99] Final Prec@1 77.2000%
07/13 05:19:39午後 trainTeacher_main.py:165 [INFO] Until now, best Prec@1 = 80.5200%
07/13 05:20:15午後 trainTeacher_main.py:195 [INFO] Train: [ 42/99] Final Prec@1 96.7756%
07/13 05:20:16午後 trainTeacher_main.py:223 [INFO] Valid: [ 42/99] Final Prec@1 78.1800%
07/13 05:20:17午後 trainTeacher_main.py:165 [INFO] Until now, best Prec@1 = 80.5200%
07/13 05:20:53午後 trainTeacher_main.py:195 [INFO] Train: [ 43/99] Final Prec@1 96.6956%
07/13 05:20:54午後 trainTeacher_main.py:223 [INFO] Valid: [ 43/99] Final Prec@1 77.7400%
07/13 05:20:54午後 trainTeacher_main.py:165 [INFO] Until now, best Prec@1 = 80.5200%
07/13 05:21:30午後 trainTeacher_main.py:195 [INFO] Train: [ 44/99] Final Prec@1 96.6844%
07/13 05:21:31午後 trainTeacher_main.py:223 [INFO] Valid: [ 44/99] Final Prec@1 79.0400%
07/13 05:21:32午後 trainTeacher_main.py:165 [INFO] Until now, best Prec@1 = 80.5200%
07/13 05:22:08午後 trainTeacher_main.py:195 [INFO] Train: [ 45/99] Final Prec@1 97.0511%
07/13 05:22:09午後 trainTeacher_main.py:223 [INFO] Valid: [ 45/99] Final Prec@1 77.4000%
07/13 05:22:09午後 trainTeacher_main.py:165 [INFO] Until now, best Prec@1 = 80.5200%
07/13 05:22:45午後 trainTeacher_main.py:195 [INFO] Train: [ 46/99] Final Prec@1 97.1311%
07/13 05:22:46午後 trainTeacher_main.py:223 [INFO] Valid: [ 46/99] Final Prec@1 78.5600%
07/13 05:22:46午後 trainTeacher_main.py:165 [INFO] Until now, best Prec@1 = 80.5200%
07/13 05:23:23午後 trainTeacher_main.py:195 [INFO] Train: [ 47/99] Final Prec@1 97.0333%
07/13 05:23:24午後 trainTeacher_main.py:223 [INFO] Valid: [ 47/99] Final Prec@1 79.0600%
07/13 05:23:24午後 trainTeacher_main.py:165 [INFO] Until now, best Prec@1 = 80.5200%
07/13 05:24:00午後 trainTeacher_main.py:195 [INFO] Train: [ 48/99] Final Prec@1 96.9889%
07/13 05:24:01午後 trainTeacher_main.py:223 [INFO] Valid: [ 48/99] Final Prec@1 79.2600%
07/13 05:24:01午後 trainTeacher_main.py:165 [INFO] Until now, best Prec@1 = 80.5200%
07/13 05:24:38午後 trainTeacher_main.py:195 [INFO] Train: [ 49/99] Final Prec@1 97.2067%
07/13 05:24:39午後 trainTeacher_main.py:223 [INFO] Valid: [ 49/99] Final Prec@1 78.7600%
07/13 05:24:39午後 trainTeacher_main.py:165 [INFO] Until now, best Prec@1 = 80.5200%
07/13 05:25:15午後 trainTeacher_main.py:195 [INFO] Train: [ 50/99] Final Prec@1 97.3711%
07/13 05:25:17午後 trainTeacher_main.py:223 [INFO] Valid: [ 50/99] Final Prec@1 79.0000%
07/13 05:25:17午後 trainTeacher_main.py:165 [INFO] Until now, best Prec@1 = 80.5200%
07/13 05:25:53午後 trainTeacher_main.py:195 [INFO] Train: [ 51/99] Final Prec@1 97.4333%
07/13 05:25:54午後 trainTeacher_main.py:223 [INFO] Valid: [ 51/99] Final Prec@1 76.3200%
07/13 05:25:54午後 trainTeacher_main.py:165 [INFO] Until now, best Prec@1 = 80.5200%
07/13 05:26:30午後 trainTeacher_main.py:195 [INFO] Train: [ 52/99] Final Prec@1 97.4578%
07/13 05:26:31午後 trainTeacher_main.py:223 [INFO] Valid: [ 52/99] Final Prec@1 79.5000%
07/13 05:26:31午後 trainTeacher_main.py:165 [INFO] Until now, best Prec@1 = 80.5200%
07/13 05:27:08午後 trainTeacher_main.py:195 [INFO] Train: [ 53/99] Final Prec@1 97.8067%
07/13 05:27:09午後 trainTeacher_main.py:223 [INFO] Valid: [ 53/99] Final Prec@1 79.8200%
07/13 05:27:09午後 trainTeacher_main.py:165 [INFO] Until now, best Prec@1 = 80.5200%
07/13 05:27:45午後 trainTeacher_main.py:195 [INFO] Train: [ 54/99] Final Prec@1 98.0956%
07/13 05:27:46午後 trainTeacher_main.py:223 [INFO] Valid: [ 54/99] Final Prec@1 80.0800%
07/13 05:27:46午後 trainTeacher_main.py:165 [INFO] Until now, best Prec@1 = 80.5200%
07/13 05:28:23午後 trainTeacher_main.py:195 [INFO] Train: [ 55/99] Final Prec@1 97.9733%
07/13 05:28:24午後 trainTeacher_main.py:223 [INFO] Valid: [ 55/99] Final Prec@1 78.0600%
07/13 05:28:24午後 trainTeacher_main.py:165 [INFO] Until now, best Prec@1 = 80.5200%
07/13 05:29:00午後 trainTeacher_main.py:195 [INFO] Train: [ 56/99] Final Prec@1 97.9600%
07/13 05:29:01午後 trainTeacher_main.py:223 [INFO] Valid: [ 56/99] Final Prec@1 77.7000%
07/13 05:29:01午後 trainTeacher_main.py:165 [INFO] Until now, best Prec@1 = 80.5200%
07/13 05:29:38午後 trainTeacher_main.py:195 [INFO] Train: [ 57/99] Final Prec@1 97.9822%
07/13 05:29:39午後 trainTeacher_main.py:223 [INFO] Valid: [ 57/99] Final Prec@1 79.7200%
07/13 05:29:39午後 trainTeacher_main.py:165 [INFO] Until now, best Prec@1 = 80.5200%
07/13 05:30:15午後 trainTeacher_main.py:195 [INFO] Train: [ 58/99] Final Prec@1 98.2311%
07/13 05:30:16午後 trainTeacher_main.py:223 [INFO] Valid: [ 58/99] Final Prec@1 79.4800%
07/13 05:30:16午後 trainTeacher_main.py:165 [INFO] Until now, best Prec@1 = 80.5200%
07/13 05:30:52午後 trainTeacher_main.py:195 [INFO] Train: [ 59/99] Final Prec@1 98.4289%
07/13 05:30:54午後 trainTeacher_main.py:223 [INFO] Valid: [ 59/99] Final Prec@1 79.1600%
07/13 05:30:54午後 trainTeacher_main.py:165 [INFO] Until now, best Prec@1 = 80.5200%
07/13 05:31:30午後 trainTeacher_main.py:195 [INFO] Train: [ 60/99] Final Prec@1 98.2578%
07/13 05:31:31午後 trainTeacher_main.py:223 [INFO] Valid: [ 60/99] Final Prec@1 79.1000%
07/13 05:31:31午後 trainTeacher_main.py:165 [INFO] Until now, best Prec@1 = 80.5200%
07/13 05:32:07午後 trainTeacher_main.py:195 [INFO] Train: [ 61/99] Final Prec@1 98.1822%
07/13 05:32:09午後 trainTeacher_main.py:223 [INFO] Valid: [ 61/99] Final Prec@1 79.7600%
07/13 05:32:09午後 trainTeacher_main.py:165 [INFO] Until now, best Prec@1 = 80.5200%
07/13 05:32:45午後 trainTeacher_main.py:195 [INFO] Train: [ 62/99] Final Prec@1 98.5844%
07/13 05:32:46午後 trainTeacher_main.py:223 [INFO] Valid: [ 62/99] Final Prec@1 79.4400%
07/13 05:32:46午後 trainTeacher_main.py:165 [INFO] Until now, best Prec@1 = 80.5200%
07/13 05:33:22午後 trainTeacher_main.py:195 [INFO] Train: [ 63/99] Final Prec@1 98.6511%
07/13 05:33:24午後 trainTeacher_main.py:223 [INFO] Valid: [ 63/99] Final Prec@1 80.4400%
07/13 05:33:24午後 trainTeacher_main.py:165 [INFO] Until now, best Prec@1 = 80.5200%
07/13 05:34:00午後 trainTeacher_main.py:195 [INFO] Train: [ 64/99] Final Prec@1 98.6133%
07/13 05:34:01午後 trainTeacher_main.py:223 [INFO] Valid: [ 64/99] Final Prec@1 79.8400%
07/13 05:34:01午後 trainTeacher_main.py:165 [INFO] Until now, best Prec@1 = 80.5200%
07/13 05:34:37午後 trainTeacher_main.py:195 [INFO] Train: [ 65/99] Final Prec@1 98.8622%
07/13 05:34:39午後 trainTeacher_main.py:223 [INFO] Valid: [ 65/99] Final Prec@1 80.3600%
07/13 05:34:39午後 trainTeacher_main.py:165 [INFO] Until now, best Prec@1 = 80.5200%
07/13 05:35:15午後 trainTeacher_main.py:195 [INFO] Train: [ 66/99] Final Prec@1 98.9089%
07/13 05:35:16午後 trainTeacher_main.py:223 [INFO] Valid: [ 66/99] Final Prec@1 79.8600%
07/13 05:35:16午後 trainTeacher_main.py:165 [INFO] Until now, best Prec@1 = 80.5200%
07/13 05:35:52午後 trainTeacher_main.py:195 [INFO] Train: [ 67/99] Final Prec@1 98.9489%
07/13 05:35:54午後 trainTeacher_main.py:223 [INFO] Valid: [ 67/99] Final Prec@1 79.4200%
07/13 05:35:54午後 trainTeacher_main.py:165 [INFO] Until now, best Prec@1 = 80.5200%
07/13 05:36:30午後 trainTeacher_main.py:195 [INFO] Train: [ 68/99] Final Prec@1 99.0467%
07/13 05:36:31午後 trainTeacher_main.py:223 [INFO] Valid: [ 68/99] Final Prec@1 80.1000%
07/13 05:36:31午後 trainTeacher_main.py:165 [INFO] Until now, best Prec@1 = 80.5200%
07/13 05:37:07午後 trainTeacher_main.py:195 [INFO] Train: [ 69/99] Final Prec@1 99.0356%
07/13 05:37:08午後 trainTeacher_main.py:223 [INFO] Valid: [ 69/99] Final Prec@1 80.8800%
07/13 05:37:09午後 trainTeacher_main.py:165 [INFO] Until now, best Prec@1 = 80.8800%
07/13 05:37:45午後 trainTeacher_main.py:195 [INFO] Train: [ 70/99] Final Prec@1 99.1178%
07/13 05:37:46午後 trainTeacher_main.py:223 [INFO] Valid: [ 70/99] Final Prec@1 81.2800%
07/13 05:37:46午後 trainTeacher_main.py:165 [INFO] Until now, best Prec@1 = 81.2800%
07/13 05:38:22午後 trainTeacher_main.py:195 [INFO] Train: [ 71/99] Final Prec@1 99.0422%
07/13 05:38:23午後 trainTeacher_main.py:223 [INFO] Valid: [ 71/99] Final Prec@1 80.4800%
07/13 05:38:23午後 trainTeacher_main.py:165 [INFO] Until now, best Prec@1 = 81.2800%
07/13 05:39:00午後 trainTeacher_main.py:195 [INFO] Train: [ 72/99] Final Prec@1 99.2800%
07/13 05:39:01午後 trainTeacher_main.py:223 [INFO] Valid: [ 72/99] Final Prec@1 80.6000%
07/13 05:39:01午後 trainTeacher_main.py:165 [INFO] Until now, best Prec@1 = 81.2800%
07/13 05:39:37午後 trainTeacher_main.py:195 [INFO] Train: [ 73/99] Final Prec@1 99.3178%
07/13 05:39:38午後 trainTeacher_main.py:223 [INFO] Valid: [ 73/99] Final Prec@1 80.5800%
07/13 05:39:38午後 trainTeacher_main.py:165 [INFO] Until now, best Prec@1 = 81.2800%
07/13 05:40:15午後 trainTeacher_main.py:195 [INFO] Train: [ 74/99] Final Prec@1 99.3578%
07/13 05:40:16午後 trainTeacher_main.py:223 [INFO] Valid: [ 74/99] Final Prec@1 81.2200%
07/13 05:40:16午後 trainTeacher_main.py:165 [INFO] Until now, best Prec@1 = 81.2800%
07/13 05:40:52午後 trainTeacher_main.py:195 [INFO] Train: [ 75/99] Final Prec@1 99.4244%
07/13 05:40:53午後 trainTeacher_main.py:223 [INFO] Valid: [ 75/99] Final Prec@1 80.8000%
07/13 05:40:53午後 trainTeacher_main.py:165 [INFO] Until now, best Prec@1 = 81.2800%
07/13 05:41:29午後 trainTeacher_main.py:195 [INFO] Train: [ 76/99] Final Prec@1 99.4978%
07/13 05:41:31午後 trainTeacher_main.py:223 [INFO] Valid: [ 76/99] Final Prec@1 80.5400%
07/13 05:41:31午後 trainTeacher_main.py:165 [INFO] Until now, best Prec@1 = 81.2800%
07/13 05:42:07午後 trainTeacher_main.py:195 [INFO] Train: [ 77/99] Final Prec@1 99.4978%
07/13 05:42:08午後 trainTeacher_main.py:223 [INFO] Valid: [ 77/99] Final Prec@1 81.3000%
07/13 05:42:08午後 trainTeacher_main.py:165 [INFO] Until now, best Prec@1 = 81.3000%
07/13 05:42:44午後 trainTeacher_main.py:195 [INFO] Train: [ 78/99] Final Prec@1 99.5444%
07/13 05:42:46午後 trainTeacher_main.py:223 [INFO] Valid: [ 78/99] Final Prec@1 81.3600%
07/13 05:42:46午後 trainTeacher_main.py:165 [INFO] Until now, best Prec@1 = 81.3600%
07/13 05:43:22午後 trainTeacher_main.py:195 [INFO] Train: [ 79/99] Final Prec@1 99.4733%
07/13 05:43:23午後 trainTeacher_main.py:223 [INFO] Valid: [ 79/99] Final Prec@1 81.9600%
07/13 05:43:23午後 trainTeacher_main.py:165 [INFO] Until now, best Prec@1 = 81.9600%
07/13 05:44:00午後 trainTeacher_main.py:195 [INFO] Train: [ 80/99] Final Prec@1 99.5911%
07/13 05:44:01午後 trainTeacher_main.py:223 [INFO] Valid: [ 80/99] Final Prec@1 81.4800%
07/13 05:44:01午後 trainTeacher_main.py:165 [INFO] Until now, best Prec@1 = 81.9600%
07/13 05:44:37午後 trainTeacher_main.py:195 [INFO] Train: [ 81/99] Final Prec@1 99.5333%
07/13 05:44:38午後 trainTeacher_main.py:223 [INFO] Valid: [ 81/99] Final Prec@1 81.3400%
07/13 05:44:38午後 trainTeacher_main.py:165 [INFO] Until now, best Prec@1 = 81.9600%
07/13 05:45:14午後 trainTeacher_main.py:195 [INFO] Train: [ 82/99] Final Prec@1 99.6133%
07/13 05:45:16午後 trainTeacher_main.py:223 [INFO] Valid: [ 82/99] Final Prec@1 81.7400%
07/13 05:45:16午後 trainTeacher_main.py:165 [INFO] Until now, best Prec@1 = 81.9600%
07/13 05:45:53午後 trainTeacher_main.py:195 [INFO] Train: [ 83/99] Final Prec@1 99.5733%
07/13 05:45:54午後 trainTeacher_main.py:223 [INFO] Valid: [ 83/99] Final Prec@1 80.9200%
07/13 05:45:54午後 trainTeacher_main.py:165 [INFO] Until now, best Prec@1 = 81.9600%
07/13 05:46:30午後 trainTeacher_main.py:195 [INFO] Train: [ 84/99] Final Prec@1 99.6711%
07/13 05:46:31午後 trainTeacher_main.py:223 [INFO] Valid: [ 84/99] Final Prec@1 81.8600%
07/13 05:46:31午後 trainTeacher_main.py:165 [INFO] Until now, best Prec@1 = 81.9600%
07/13 05:47:08午後 trainTeacher_main.py:195 [INFO] Train: [ 85/99] Final Prec@1 99.7444%
07/13 05:47:09午後 trainTeacher_main.py:223 [INFO] Valid: [ 85/99] Final Prec@1 81.0800%
07/13 05:47:09午後 trainTeacher_main.py:165 [INFO] Until now, best Prec@1 = 81.9600%
07/13 05:47:45午後 trainTeacher_main.py:195 [INFO] Train: [ 86/99] Final Prec@1 99.6800%
07/13 05:47:46午後 trainTeacher_main.py:223 [INFO] Valid: [ 86/99] Final Prec@1 81.6000%
07/13 05:47:46午後 trainTeacher_main.py:165 [INFO] Until now, best Prec@1 = 81.9600%
07/13 05:48:22午後 trainTeacher_main.py:195 [INFO] Train: [ 87/99] Final Prec@1 99.6111%
07/13 05:48:24午後 trainTeacher_main.py:223 [INFO] Valid: [ 87/99] Final Prec@1 81.4800%
07/13 05:48:24午後 trainTeacher_main.py:165 [INFO] Until now, best Prec@1 = 81.9600%
07/13 05:49:00午後 trainTeacher_main.py:195 [INFO] Train: [ 88/99] Final Prec@1 99.6711%
07/13 05:49:01午後 trainTeacher_main.py:223 [INFO] Valid: [ 88/99] Final Prec@1 82.0200%
07/13 05:49:01午後 trainTeacher_main.py:165 [INFO] Until now, best Prec@1 = 82.0200%
07/13 05:49:37午後 trainTeacher_main.py:195 [INFO] Train: [ 89/99] Final Prec@1 99.6644%
07/13 05:49:39午後 trainTeacher_main.py:223 [INFO] Valid: [ 89/99] Final Prec@1 81.4000%
07/13 05:49:39午後 trainTeacher_main.py:165 [INFO] Until now, best Prec@1 = 82.0200%
07/13 05:50:15午後 trainTeacher_main.py:195 [INFO] Train: [ 90/99] Final Prec@1 99.7733%
07/13 05:50:16午後 trainTeacher_main.py:223 [INFO] Valid: [ 90/99] Final Prec@1 81.6400%
07/13 05:50:16午後 trainTeacher_main.py:165 [INFO] Until now, best Prec@1 = 82.0200%
07/13 05:50:52午後 trainTeacher_main.py:195 [INFO] Train: [ 91/99] Final Prec@1 99.7111%
07/13 05:50:54午後 trainTeacher_main.py:223 [INFO] Valid: [ 91/99] Final Prec@1 82.0400%
07/13 05:50:54午後 trainTeacher_main.py:165 [INFO] Until now, best Prec@1 = 82.0400%
07/13 05:51:30午後 trainTeacher_main.py:195 [INFO] Train: [ 92/99] Final Prec@1 99.7111%
07/13 05:51:31午後 trainTeacher_main.py:223 [INFO] Valid: [ 92/99] Final Prec@1 81.7800%
07/13 05:51:31午後 trainTeacher_main.py:165 [INFO] Until now, best Prec@1 = 82.0400%
07/13 05:52:07午後 trainTeacher_main.py:195 [INFO] Train: [ 93/99] Final Prec@1 99.7667%
07/13 05:52:08午後 trainTeacher_main.py:223 [INFO] Valid: [ 93/99] Final Prec@1 82.2200%
07/13 05:52:09午後 trainTeacher_main.py:165 [INFO] Until now, best Prec@1 = 82.2200%
07/13 05:52:45午後 trainTeacher_main.py:195 [INFO] Train: [ 94/99] Final Prec@1 99.7644%
07/13 05:52:46午後 trainTeacher_main.py:223 [INFO] Valid: [ 94/99] Final Prec@1 81.6200%
07/13 05:52:46午後 trainTeacher_main.py:165 [INFO] Until now, best Prec@1 = 82.2200%
07/13 05:53:23午後 trainTeacher_main.py:195 [INFO] Train: [ 95/99] Final Prec@1 99.7489%
07/13 05:53:24午後 trainTeacher_main.py:223 [INFO] Valid: [ 95/99] Final Prec@1 82.1600%
07/13 05:53:24午後 trainTeacher_main.py:165 [INFO] Until now, best Prec@1 = 82.2200%
07/13 05:54:01午後 trainTeacher_main.py:195 [INFO] Train: [ 96/99] Final Prec@1 99.7511%
07/13 05:54:02午後 trainTeacher_main.py:223 [INFO] Valid: [ 96/99] Final Prec@1 81.5200%
07/13 05:54:02午後 trainTeacher_main.py:165 [INFO] Until now, best Prec@1 = 82.2200%
07/13 05:54:38午後 trainTeacher_main.py:195 [INFO] Train: [ 97/99] Final Prec@1 99.8111%
07/13 05:54:39午後 trainTeacher_main.py:223 [INFO] Valid: [ 97/99] Final Prec@1 82.6400%
07/13 05:54:40午後 trainTeacher_main.py:165 [INFO] Until now, best Prec@1 = 82.6400%
07/13 05:55:17午後 trainTeacher_main.py:195 [INFO] Train: [ 98/99] Final Prec@1 99.7689%
07/13 05:55:19午後 trainTeacher_main.py:223 [INFO] Valid: [ 98/99] Final Prec@1 82.1400%
07/13 05:55:19午後 trainTeacher_main.py:165 [INFO] Until now, best Prec@1 = 82.6400%
07/13 05:55:56午後 trainTeacher_main.py:195 [INFO] Train: [ 99/99] Final Prec@1 99.7800%
07/13 05:55:57午後 trainTeacher_main.py:223 [INFO] Valid: [ 99/99] Final Prec@1 81.8400%
07/13 05:55:57午後 trainTeacher_main.py:165 [INFO] Until now, best Prec@1 = 82.6400%
07/13 05:55:57午後 trainTeacher_main.py:167 [INFO] Final best Prec@1 = 82.6400%
