08/06 04:06:36AM parser.py:28 [INFO] 
08/06 04:06:36AM parser.py:29 [INFO] Parameters:
08/06 04:06:36AM parser.py:31 [INFO] T=1.0
08/06 04:06:36AM parser.py:31 [INFO] ADVANCED=True
08/06 04:06:36AM parser.py:31 [INFO] AUX_WEIGHT=0.4
08/06 04:06:36AM parser.py:31 [INFO] BATCH_SIZE=64
08/06 04:06:36AM parser.py:31 [INFO] CUTOUT_LENGTH=16
08/06 04:06:36AM parser.py:31 [INFO] DATA_PATH=../data/
08/06 04:06:36AM parser.py:31 [INFO] DATASET=cifar100
08/06 04:06:36AM parser.py:31 [INFO] DESCRIPTION=evaluate_arch_only_KD
08/06 04:06:36AM parser.py:31 [INFO] DROP_PATH_PROB=0.2
08/06 04:06:36AM parser.py:31 [INFO] EPOCHS=100
08/06 04:06:36AM parser.py:31 [INFO] EXP_NAME=032507-20240806-040636
08/06 04:06:36AM parser.py:31 [INFO] GENOTYPE=Genotype3(normal1=[[('sep_conv_3x3', 1), ('sep_conv_3x3', 0)], [('sep_conv_3x3', 1), ('sep_conv_3x3', 2)], [('sep_conv_3x3', 2), ('sep_conv_3x3', 3)], [('sep_conv_3x3', 1), ('sep_conv_3x3', 3)]], normal1_concat=range(2, 6), reduce1=[[('max_pool_3x3', 1), ('sep_conv_3x3', 0)], [('sep_conv_5x5', 0), ('max_pool_3x3', 1)], [('max_pool_3x3', 1), ('sep_conv_3x3', 3)], [('sep_conv_3x3', 3), ('sep_conv_5x5', 4)]], reduce1_concat=range(2, 6), normal2=[[('skip_connect', 0), ('sep_conv_3x3', 1)], [('skip_connect', 0), ('sep_conv_3x3', 1)], [('skip_connect', 0), ('dil_conv_3x3', 1)], [('skip_connect', 0), ('dil_conv_5x5', 3)]], normal2_concat=range(2, 6), reduce2=[[('avg_pool_3x3', 0), ('avg_pool_3x3', 1)], [('avg_pool_3x3', 0), ('skip_connect', 2)], [('avg_pool_3x3', 0), ('skip_connect', 2)], [('skip_connect', 2), ('avg_pool_3x3', 0)]], reduce2_concat=range(2, 6), normal3=[[('skip_connect', 0), ('dil_conv_5x5', 1)], [('skip_connect', 0), ('skip_connect', 2)], [('skip_connect', 0), ('skip_connect', 3)], [('skip_connect', 0), ('skip_connect', 4)]], normal3_concat=range(2, 6))
08/06 04:06:36AM parser.py:31 [INFO] GPUS=[0]
08/06 04:06:36AM parser.py:31 [INFO] GRAD_CLIP=5.0
08/06 04:06:36AM parser.py:31 [INFO] INIT_CHANNELS=32
08/06 04:06:36AM parser.py:31 [INFO] L=1.0
08/06 04:06:36AM parser.py:31 [INFO] LAYERS=20
08/06 04:06:36AM parser.py:31 [INFO] LOGGER=<Logger H-DAS (INFO)>
08/06 04:06:36AM parser.py:31 [INFO] LR=0.025
08/06 04:06:36AM parser.py:31 [INFO] LR_MIN=0.001
08/06 04:06:36AM parser.py:31 [INFO] MOMENTUM=0.9
08/06 04:06:36AM parser.py:31 [INFO] NAME=ONLY_ARCH
08/06 04:06:36AM parser.py:31 [INFO] NONKD=True
08/06 04:06:36AM parser.py:31 [INFO] PATH=results/evaluate_cell_KD/cifar100/ONLY_ARCH/032507-20240806-040636
08/06 04:06:36AM parser.py:31 [INFO] PRINT_FREQ=50
08/06 04:06:36AM parser.py:31 [INFO] RESUME_PATH=None
08/06 04:06:36AM parser.py:31 [INFO] SAVE=032507
08/06 04:06:36AM parser.py:31 [INFO] SEED=0
08/06 04:06:36AM parser.py:31 [INFO] TEACHER_NAME=non
08/06 04:06:36AM parser.py:31 [INFO] TEACHER_PATH=non
08/06 04:06:36AM parser.py:31 [INFO] TRAIN_PORTION=0.9
08/06 04:06:36AM parser.py:31 [INFO] WEIGHT_DECAY=0.0003
08/06 04:06:36AM parser.py:31 [INFO] WORKERS=4
08/06 04:06:36AM parser.py:32 [INFO] 
08/06 04:06:38AM evaluateCell_trainer.py:102 [INFO] --> No loaded checkpoint!
08/06 04:07:46AM evaluateCell_trainer.py:199 [INFO] Valid: Epoch: [0][50/79]	Step 704	Loss 4.1989	Prec@(1,5) (11.0%, 34.3%)
08/06 04:07:47AM evaluateCell_trainer.py:199 [INFO] Valid: Epoch: [0][78/79]	Step 704	Loss 4.1672	Prec@(1,5) (11.4%, 34.7%)
08/06 04:07:47AM evaluateCell_trainer.py:206 [INFO] Valid: [  0/99] Final Prec@1 11.3800%
08/06 04:07:48午前 evaluateCell_main.py:75 [INFO] Until now, best Prec@1 = 11.3800%
08/06 04:09:03午前 evaluateCell_trainer.py:199 [INFO] Valid: Epoch: [1][50/79]	Step 1408	Loss 3.1367	Prec@(1,5) (22.1%, 52.3%)
08/06 04:09:04午前 evaluateCell_trainer.py:199 [INFO] Valid: Epoch: [1][78/79]	Step 1408	Loss 3.1380	Prec@(1,5) (22.5%, 52.1%)
08/06 04:09:04午前 evaluateCell_trainer.py:206 [INFO] Valid: [  1/99] Final Prec@1 22.5000%
08/06 04:09:04午前 evaluateCell_main.py:75 [INFO] Until now, best Prec@1 = 22.5000%
08/06 04:10:22午前 evaluateCell_trainer.py:199 [INFO] Valid: Epoch: [2][50/79]	Step 2112	Loss 2.8573	Prec@(1,5) (28.2%, 59.2%)
08/06 04:10:22午前 evaluateCell_trainer.py:199 [INFO] Valid: Epoch: [2][78/79]	Step 2112	Loss 2.8823	Prec@(1,5) (27.7%, 58.6%)
08/06 04:10:22午前 evaluateCell_trainer.py:206 [INFO] Valid: [  2/99] Final Prec@1 27.6800%
08/06 04:10:23午前 evaluateCell_main.py:75 [INFO] Until now, best Prec@1 = 27.6800%
08/06 04:11:42午前 evaluateCell_trainer.py:199 [INFO] Valid: Epoch: [3][50/79]	Step 2816	Loss 2.6593	Prec@(1,5) (30.9%, 64.8%)
08/06 04:11:43午前 evaluateCell_trainer.py:199 [INFO] Valid: Epoch: [3][78/79]	Step 2816	Loss 2.6291	Prec@(1,5) (31.5%, 65.1%)
08/06 04:11:43午前 evaluateCell_trainer.py:206 [INFO] Valid: [  3/99] Final Prec@1 31.5400%
08/06 04:11:43午前 evaluateCell_main.py:75 [INFO] Until now, best Prec@1 = 31.5400%
08/06 04:12:57午前 evaluateCell_trainer.py:199 [INFO] Valid: Epoch: [4][50/79]	Step 3520	Loss 2.3811	Prec@(1,5) (36.8%, 70.5%)
08/06 04:12:58午前 evaluateCell_trainer.py:199 [INFO] Valid: Epoch: [4][78/79]	Step 3520	Loss 2.4251	Prec@(1,5) (36.5%, 69.4%)
08/06 04:12:58午前 evaluateCell_trainer.py:206 [INFO] Valid: [  4/99] Final Prec@1 36.5000%
08/06 04:12:58午前 evaluateCell_main.py:75 [INFO] Until now, best Prec@1 = 36.5000%
08/06 04:14:14午前 evaluateCell_trainer.py:199 [INFO] Valid: Epoch: [5][50/79]	Step 4224	Loss 2.2762	Prec@(1,5) (39.3%, 72.0%)
08/06 04:14:15午前 evaluateCell_trainer.py:199 [INFO] Valid: Epoch: [5][78/79]	Step 4224	Loss 2.2923	Prec@(1,5) (39.3%, 72.3%)
08/06 04:14:15午前 evaluateCell_trainer.py:206 [INFO] Valid: [  5/99] Final Prec@1 39.3400%
08/06 04:14:15午前 evaluateCell_main.py:75 [INFO] Until now, best Prec@1 = 39.3400%
08/06 04:15:35午前 evaluateCell_trainer.py:199 [INFO] Valid: Epoch: [6][50/79]	Step 4928	Loss 2.2355	Prec@(1,5) (41.3%, 72.9%)
08/06 04:15:35午前 evaluateCell_trainer.py:199 [INFO] Valid: Epoch: [6][78/79]	Step 4928	Loss 2.2270	Prec@(1,5) (41.0%, 73.2%)
08/06 04:15:35午前 evaluateCell_trainer.py:206 [INFO] Valid: [  6/99] Final Prec@1 40.9400%
08/06 04:15:36午前 evaluateCell_main.py:75 [INFO] Until now, best Prec@1 = 40.9400%
08/06 04:16:55午前 evaluateCell_trainer.py:199 [INFO] Valid: Epoch: [7][50/79]	Step 5632	Loss 2.1804	Prec@(1,5) (41.5%, 75.3%)
08/06 04:16:55午前 evaluateCell_trainer.py:199 [INFO] Valid: Epoch: [7][78/79]	Step 5632	Loss 2.1834	Prec@(1,5) (41.5%, 75.2%)
08/06 04:16:56午前 evaluateCell_trainer.py:206 [INFO] Valid: [  7/99] Final Prec@1 41.5000%
08/06 04:16:56午前 evaluateCell_main.py:75 [INFO] Until now, best Prec@1 = 41.5000%
08/06 04:18:08午前 evaluateCell_trainer.py:199 [INFO] Valid: Epoch: [8][50/79]	Step 6336	Loss 2.0873	Prec@(1,5) (43.9%, 76.9%)
08/06 04:18:09午前 evaluateCell_trainer.py:199 [INFO] Valid: Epoch: [8][78/79]	Step 6336	Loss 2.0834	Prec@(1,5) (44.0%, 76.6%)
08/06 04:18:09午前 evaluateCell_trainer.py:206 [INFO] Valid: [  8/99] Final Prec@1 43.9200%
08/06 04:18:09午前 evaluateCell_main.py:75 [INFO] Until now, best Prec@1 = 43.9200%
08/06 04:19:29午前 evaluateCell_trainer.py:199 [INFO] Valid: Epoch: [9][50/79]	Step 7040	Loss 2.0246	Prec@(1,5) (45.6%, 77.7%)
08/06 04:19:29午前 evaluateCell_trainer.py:199 [INFO] Valid: Epoch: [9][78/79]	Step 7040	Loss 2.0320	Prec@(1,5) (45.3%, 77.5%)
08/06 04:19:29午前 evaluateCell_trainer.py:206 [INFO] Valid: [  9/99] Final Prec@1 45.3000%
08/06 04:19:30午前 evaluateCell_main.py:75 [INFO] Until now, best Prec@1 = 45.3000%
08/06 04:20:49午前 evaluateCell_trainer.py:199 [INFO] Valid: Epoch: [10][50/79]	Step 7744	Loss 1.9182	Prec@(1,5) (48.1%, 80.3%)
08/06 04:20:50午前 evaluateCell_trainer.py:199 [INFO] Valid: Epoch: [10][78/79]	Step 7744	Loss 1.9171	Prec@(1,5) (48.2%, 79.7%)
08/06 04:20:50午前 evaluateCell_trainer.py:206 [INFO] Valid: [ 10/99] Final Prec@1 48.1800%
08/06 04:20:50午前 evaluateCell_main.py:75 [INFO] Until now, best Prec@1 = 48.1800%
08/06 04:22:03午前 evaluateCell_trainer.py:199 [INFO] Valid: Epoch: [11][50/79]	Step 8448	Loss 2.0385	Prec@(1,5) (47.1%, 77.6%)
08/06 04:22:04午前 evaluateCell_trainer.py:199 [INFO] Valid: Epoch: [11][78/79]	Step 8448	Loss 2.0317	Prec@(1,5) (46.5%, 77.5%)
08/06 04:22:04午前 evaluateCell_trainer.py:206 [INFO] Valid: [ 11/99] Final Prec@1 46.5800%
08/06 04:22:04午前 evaluateCell_main.py:75 [INFO] Until now, best Prec@1 = 48.1800%
08/06 04:23:23午前 evaluateCell_trainer.py:199 [INFO] Valid: Epoch: [12][50/79]	Step 9152	Loss 1.8698	Prec@(1,5) (49.7%, 80.8%)
08/06 04:23:24午前 evaluateCell_trainer.py:199 [INFO] Valid: Epoch: [12][78/79]	Step 9152	Loss 1.8625	Prec@(1,5) (49.8%, 81.1%)
08/06 04:23:24午前 evaluateCell_trainer.py:206 [INFO] Valid: [ 12/99] Final Prec@1 49.7600%
08/06 04:23:24午前 evaluateCell_main.py:75 [INFO] Until now, best Prec@1 = 49.7600%
08/06 04:24:37午前 evaluateCell_trainer.py:199 [INFO] Valid: Epoch: [13][50/79]	Step 9856	Loss 1.8080	Prec@(1,5) (51.8%, 81.3%)
08/06 04:24:38午前 evaluateCell_trainer.py:199 [INFO] Valid: Epoch: [13][78/79]	Step 9856	Loss 1.8255	Prec@(1,5) (51.3%, 80.8%)
08/06 04:24:38午前 evaluateCell_trainer.py:206 [INFO] Valid: [ 13/99] Final Prec@1 51.3000%
08/06 04:24:38午前 evaluateCell_main.py:75 [INFO] Until now, best Prec@1 = 51.3000%
08/06 04:25:58午前 evaluateCell_trainer.py:199 [INFO] Valid: Epoch: [14][50/79]	Step 10560	Loss 1.7593	Prec@(1,5) (52.7%, 81.7%)
08/06 04:25:59午前 evaluateCell_trainer.py:199 [INFO] Valid: Epoch: [14][78/79]	Step 10560	Loss 1.8032	Prec@(1,5) (51.8%, 80.9%)
08/06 04:25:59午前 evaluateCell_trainer.py:206 [INFO] Valid: [ 14/99] Final Prec@1 51.8400%
08/06 04:25:59午前 evaluateCell_main.py:75 [INFO] Until now, best Prec@1 = 51.8400%
08/06 04:27:13午前 evaluateCell_trainer.py:199 [INFO] Valid: Epoch: [15][50/79]	Step 11264	Loss 1.8319	Prec@(1,5) (50.6%, 81.9%)
08/06 04:27:13午前 evaluateCell_trainer.py:199 [INFO] Valid: Epoch: [15][78/79]	Step 11264	Loss 1.8260	Prec@(1,5) (50.2%, 82.0%)
08/06 04:27:14午前 evaluateCell_trainer.py:206 [INFO] Valid: [ 15/99] Final Prec@1 50.1400%
08/06 04:27:14午前 evaluateCell_main.py:75 [INFO] Until now, best Prec@1 = 51.8400%
08/06 04:28:34午前 evaluateCell_trainer.py:199 [INFO] Valid: Epoch: [16][50/79]	Step 11968	Loss 1.7864	Prec@(1,5) (52.8%, 81.5%)
08/06 04:28:34午前 evaluateCell_trainer.py:199 [INFO] Valid: Epoch: [16][78/79]	Step 11968	Loss 1.7590	Prec@(1,5) (53.1%, 81.9%)
08/06 04:28:34午前 evaluateCell_trainer.py:206 [INFO] Valid: [ 16/99] Final Prec@1 53.0800%
08/06 04:28:35午前 evaluateCell_main.py:75 [INFO] Until now, best Prec@1 = 53.0800%
08/06 04:29:48午前 evaluateCell_trainer.py:199 [INFO] Valid: Epoch: [17][50/79]	Step 12672	Loss 1.6916	Prec@(1,5) (54.2%, 83.0%)
08/06 04:29:49午前 evaluateCell_trainer.py:199 [INFO] Valid: Epoch: [17][78/79]	Step 12672	Loss 1.7118	Prec@(1,5) (53.4%, 82.7%)
08/06 04:29:49午前 evaluateCell_trainer.py:206 [INFO] Valid: [ 17/99] Final Prec@1 53.4600%
08/06 04:29:49午前 evaluateCell_main.py:75 [INFO] Until now, best Prec@1 = 53.4600%
08/06 04:31:05午前 evaluateCell_trainer.py:199 [INFO] Valid: Epoch: [18][50/79]	Step 13376	Loss 1.7200	Prec@(1,5) (52.9%, 82.4%)
08/06 04:31:06午前 evaluateCell_trainer.py:199 [INFO] Valid: Epoch: [18][78/79]	Step 13376	Loss 1.7490	Prec@(1,5) (52.2%, 82.4%)
08/06 04:31:06午前 evaluateCell_trainer.py:206 [INFO] Valid: [ 18/99] Final Prec@1 52.2600%
08/06 04:31:06午前 evaluateCell_main.py:75 [INFO] Until now, best Prec@1 = 53.4600%
08/06 04:32:20午前 evaluateCell_trainer.py:199 [INFO] Valid: Epoch: [19][50/79]	Step 14080	Loss 1.8182	Prec@(1,5) (51.7%, 81.7%)
08/06 04:32:21午前 evaluateCell_trainer.py:199 [INFO] Valid: Epoch: [19][78/79]	Step 14080	Loss 1.8069	Prec@(1,5) (52.4%, 81.8%)
08/06 04:32:21午前 evaluateCell_trainer.py:206 [INFO] Valid: [ 19/99] Final Prec@1 52.4200%
08/06 04:32:21午前 evaluateCell_main.py:75 [INFO] Until now, best Prec@1 = 53.4600%
08/06 04:33:31午前 evaluateCell_trainer.py:199 [INFO] Valid: Epoch: [20][50/79]	Step 14784	Loss 1.7519	Prec@(1,5) (53.0%, 82.9%)
08/06 04:33:32午前 evaluateCell_trainer.py:199 [INFO] Valid: Epoch: [20][78/79]	Step 14784	Loss 1.7517	Prec@(1,5) (53.0%, 82.9%)
08/06 04:33:32午前 evaluateCell_trainer.py:206 [INFO] Valid: [ 20/99] Final Prec@1 52.9800%
08/06 04:33:32午前 evaluateCell_main.py:75 [INFO] Until now, best Prec@1 = 53.4600%
08/06 04:34:45午前 evaluateCell_trainer.py:199 [INFO] Valid: Epoch: [21][50/79]	Step 15488	Loss 1.6749	Prec@(1,5) (54.6%, 84.0%)
08/06 04:34:45午前 evaluateCell_trainer.py:199 [INFO] Valid: Epoch: [21][78/79]	Step 15488	Loss 1.6860	Prec@(1,5) (54.4%, 83.7%)
08/06 04:34:46午前 evaluateCell_trainer.py:206 [INFO] Valid: [ 21/99] Final Prec@1 54.3800%
08/06 04:34:46午前 evaluateCell_main.py:75 [INFO] Until now, best Prec@1 = 54.3800%
08/06 04:36:04午前 evaluateCell_trainer.py:199 [INFO] Valid: Epoch: [22][50/79]	Step 16192	Loss 1.7700	Prec@(1,5) (53.7%, 82.2%)
08/06 04:36:05午前 evaluateCell_trainer.py:199 [INFO] Valid: Epoch: [22][78/79]	Step 16192	Loss 1.7456	Prec@(1,5) (53.9%, 82.7%)
08/06 04:36:05午前 evaluateCell_trainer.py:206 [INFO] Valid: [ 22/99] Final Prec@1 53.9400%
08/06 04:36:06午前 evaluateCell_main.py:75 [INFO] Until now, best Prec@1 = 54.3800%
08/06 04:37:28午前 evaluateCell_trainer.py:199 [INFO] Valid: Epoch: [23][50/79]	Step 16896	Loss 1.6229	Prec@(1,5) (55.2%, 84.5%)
08/06 04:37:28午前 evaluateCell_trainer.py:199 [INFO] Valid: Epoch: [23][78/79]	Step 16896	Loss 1.6341	Prec@(1,5) (55.1%, 84.2%)
08/06 04:37:29午前 evaluateCell_trainer.py:206 [INFO] Valid: [ 23/99] Final Prec@1 55.0800%
08/06 04:37:29午前 evaluateCell_main.py:75 [INFO] Until now, best Prec@1 = 55.0800%
08/06 04:38:47午前 evaluateCell_trainer.py:199 [INFO] Valid: Epoch: [24][50/79]	Step 17600	Loss 1.7911	Prec@(1,5) (54.3%, 82.1%)
08/06 04:38:48午前 evaluateCell_trainer.py:199 [INFO] Valid: Epoch: [24][78/79]	Step 17600	Loss 1.7588	Prec@(1,5) (54.4%, 83.1%)
08/06 04:38:48午前 evaluateCell_trainer.py:206 [INFO] Valid: [ 24/99] Final Prec@1 54.4000%
08/06 04:38:48午前 evaluateCell_main.py:75 [INFO] Until now, best Prec@1 = 55.0800%
08/06 04:40:00午前 evaluateCell_trainer.py:199 [INFO] Valid: Epoch: [25][50/79]	Step 18304	Loss 1.7302	Prec@(1,5) (54.9%, 82.3%)
08/06 04:40:01午前 evaluateCell_trainer.py:199 [INFO] Valid: Epoch: [25][78/79]	Step 18304	Loss 1.7493	Prec@(1,5) (54.3%, 82.0%)
08/06 04:40:01午前 evaluateCell_trainer.py:206 [INFO] Valid: [ 25/99] Final Prec@1 54.2600%
08/06 04:40:01午前 evaluateCell_main.py:75 [INFO] Until now, best Prec@1 = 55.0800%
08/06 04:41:14午前 evaluateCell_trainer.py:199 [INFO] Valid: Epoch: [26][50/79]	Step 19008	Loss 1.6504	Prec@(1,5) (55.3%, 84.6%)
08/06 04:41:15午前 evaluateCell_trainer.py:199 [INFO] Valid: Epoch: [26][78/79]	Step 19008	Loss 1.6797	Prec@(1,5) (55.0%, 84.1%)
08/06 04:41:15午前 evaluateCell_trainer.py:206 [INFO] Valid: [ 26/99] Final Prec@1 54.9600%
08/06 04:41:15午前 evaluateCell_main.py:75 [INFO] Until now, best Prec@1 = 55.0800%
08/06 04:42:27午前 evaluateCell_trainer.py:199 [INFO] Valid: Epoch: [27][50/79]	Step 19712	Loss 1.6915	Prec@(1,5) (54.6%, 83.7%)
08/06 04:42:27午前 evaluateCell_trainer.py:199 [INFO] Valid: Epoch: [27][78/79]	Step 19712	Loss 1.6674	Prec@(1,5) (54.7%, 84.1%)
08/06 04:42:27午前 evaluateCell_trainer.py:206 [INFO] Valid: [ 27/99] Final Prec@1 54.7000%
08/06 04:42:27午前 evaluateCell_main.py:75 [INFO] Until now, best Prec@1 = 55.0800%
08/06 04:43:41午前 evaluateCell_trainer.py:199 [INFO] Valid: Epoch: [28][50/79]	Step 20416	Loss 1.6423	Prec@(1,5) (56.7%, 84.1%)
08/06 04:43:42午前 evaluateCell_trainer.py:199 [INFO] Valid: Epoch: [28][78/79]	Step 20416	Loss 1.6150	Prec@(1,5) (57.4%, 84.7%)
08/06 04:43:42午前 evaluateCell_trainer.py:206 [INFO] Valid: [ 28/99] Final Prec@1 57.4200%
08/06 04:43:42午前 evaluateCell_main.py:75 [INFO] Until now, best Prec@1 = 57.4200%
08/06 04:44:56午前 evaluateCell_trainer.py:199 [INFO] Valid: Epoch: [29][50/79]	Step 21120	Loss 1.6845	Prec@(1,5) (55.4%, 83.7%)
08/06 04:44:57午前 evaluateCell_trainer.py:199 [INFO] Valid: Epoch: [29][78/79]	Step 21120	Loss 1.6617	Prec@(1,5) (55.3%, 84.3%)
08/06 04:44:57午前 evaluateCell_trainer.py:206 [INFO] Valid: [ 29/99] Final Prec@1 55.2800%
08/06 04:44:57午前 evaluateCell_main.py:75 [INFO] Until now, best Prec@1 = 57.4200%
08/06 04:46:18午前 evaluateCell_trainer.py:199 [INFO] Valid: Epoch: [30][50/79]	Step 21824	Loss 2.0388	Prec@(1,5) (49.7%, 78.5%)
08/06 04:46:18午前 evaluateCell_trainer.py:199 [INFO] Valid: Epoch: [30][78/79]	Step 21824	Loss 2.0470	Prec@(1,5) (49.6%, 78.2%)
08/06 04:46:18午前 evaluateCell_trainer.py:206 [INFO] Valid: [ 30/99] Final Prec@1 49.6000%
08/06 04:46:19午前 evaluateCell_main.py:75 [INFO] Until now, best Prec@1 = 57.4200%
08/06 04:47:32午前 evaluateCell_trainer.py:199 [INFO] Valid: Epoch: [31][50/79]	Step 22528	Loss 1.5523	Prec@(1,5) (57.5%, 86.3%)
08/06 04:47:33午前 evaluateCell_trainer.py:199 [INFO] Valid: Epoch: [31][78/79]	Step 22528	Loss 1.5955	Prec@(1,5) (57.1%, 85.3%)
08/06 04:47:33午前 evaluateCell_trainer.py:206 [INFO] Valid: [ 31/99] Final Prec@1 57.1000%
08/06 04:47:33午前 evaluateCell_main.py:75 [INFO] Until now, best Prec@1 = 57.4200%
08/06 04:48:46午前 evaluateCell_trainer.py:199 [INFO] Valid: Epoch: [32][50/79]	Step 23232	Loss 1.5567	Prec@(1,5) (59.3%, 85.9%)
08/06 04:48:47午前 evaluateCell_trainer.py:199 [INFO] Valid: Epoch: [32][78/79]	Step 23232	Loss 1.5446	Prec@(1,5) (58.8%, 85.8%)
08/06 04:48:47午前 evaluateCell_trainer.py:206 [INFO] Valid: [ 32/99] Final Prec@1 58.7800%
08/06 04:48:48午前 evaluateCell_main.py:75 [INFO] Until now, best Prec@1 = 58.7800%
08/06 04:50:06午前 evaluateCell_trainer.py:199 [INFO] Valid: Epoch: [33][50/79]	Step 23936	Loss 1.4984	Prec@(1,5) (58.9%, 86.1%)
08/06 04:50:06午前 evaluateCell_trainer.py:199 [INFO] Valid: Epoch: [33][78/79]	Step 23936	Loss 1.5151	Prec@(1,5) (58.9%, 85.8%)
08/06 04:50:06午前 evaluateCell_trainer.py:206 [INFO] Valid: [ 33/99] Final Prec@1 58.9600%
08/06 04:50:07午前 evaluateCell_main.py:75 [INFO] Until now, best Prec@1 = 58.9600%
08/06 04:51:18午前 evaluateCell_trainer.py:199 [INFO] Valid: Epoch: [34][50/79]	Step 24640	Loss 1.5673	Prec@(1,5) (57.9%, 85.3%)
08/06 04:51:19午前 evaluateCell_trainer.py:199 [INFO] Valid: Epoch: [34][78/79]	Step 24640	Loss 1.5846	Prec@(1,5) (57.7%, 85.2%)
08/06 04:51:19午前 evaluateCell_trainer.py:206 [INFO] Valid: [ 34/99] Final Prec@1 57.6600%
08/06 04:51:19午前 evaluateCell_main.py:75 [INFO] Until now, best Prec@1 = 58.9600%
08/06 04:52:38午前 evaluateCell_trainer.py:199 [INFO] Valid: Epoch: [35][50/79]	Step 25344	Loss 1.5150	Prec@(1,5) (59.1%, 86.0%)
08/06 04:52:39午前 evaluateCell_trainer.py:199 [INFO] Valid: Epoch: [35][78/79]	Step 25344	Loss 1.5008	Prec@(1,5) (59.3%, 86.9%)
08/06 04:52:39午前 evaluateCell_trainer.py:206 [INFO] Valid: [ 35/99] Final Prec@1 59.2800%
08/06 04:52:39午前 evaluateCell_main.py:75 [INFO] Until now, best Prec@1 = 59.2800%
08/06 04:53:56午前 evaluateCell_trainer.py:199 [INFO] Valid: Epoch: [36][50/79]	Step 26048	Loss 1.6145	Prec@(1,5) (57.3%, 84.6%)
08/06 04:53:57午前 evaluateCell_trainer.py:199 [INFO] Valid: Epoch: [36][78/79]	Step 26048	Loss 1.6595	Prec@(1,5) (56.2%, 84.1%)
08/06 04:53:57午前 evaluateCell_trainer.py:206 [INFO] Valid: [ 36/99] Final Prec@1 56.2000%
08/06 04:53:57午前 evaluateCell_main.py:75 [INFO] Until now, best Prec@1 = 59.2800%
08/06 04:55:08午前 evaluateCell_trainer.py:199 [INFO] Valid: Epoch: [37][50/79]	Step 26752	Loss 1.5006	Prec@(1,5) (59.4%, 86.8%)
08/06 04:55:09午前 evaluateCell_trainer.py:199 [INFO] Valid: Epoch: [37][78/79]	Step 26752	Loss 1.5169	Prec@(1,5) (58.8%, 86.4%)
08/06 04:55:09午前 evaluateCell_trainer.py:206 [INFO] Valid: [ 37/99] Final Prec@1 58.7800%
08/06 04:55:09午前 evaluateCell_main.py:75 [INFO] Until now, best Prec@1 = 59.2800%
08/06 04:56:21午前 evaluateCell_trainer.py:199 [INFO] Valid: Epoch: [38][50/79]	Step 27456	Loss 1.5606	Prec@(1,5) (57.7%, 86.0%)
08/06 04:56:22午前 evaluateCell_trainer.py:199 [INFO] Valid: Epoch: [38][78/79]	Step 27456	Loss 1.5931	Prec@(1,5) (56.9%, 85.3%)
08/06 04:56:22午前 evaluateCell_trainer.py:206 [INFO] Valid: [ 38/99] Final Prec@1 56.8200%
08/06 04:56:22午前 evaluateCell_main.py:75 [INFO] Until now, best Prec@1 = 59.2800%
08/06 04:57:43午前 evaluateCell_trainer.py:199 [INFO] Valid: Epoch: [39][50/79]	Step 28160	Loss 1.4387	Prec@(1,5) (61.1%, 87.1%)
08/06 04:57:44午前 evaluateCell_trainer.py:199 [INFO] Valid: Epoch: [39][78/79]	Step 28160	Loss 1.4472	Prec@(1,5) (60.7%, 87.3%)
08/06 04:57:44午前 evaluateCell_trainer.py:206 [INFO] Valid: [ 39/99] Final Prec@1 60.7000%
08/06 04:57:44午前 evaluateCell_main.py:75 [INFO] Until now, best Prec@1 = 60.7000%
08/06 04:59:04午前 evaluateCell_trainer.py:199 [INFO] Valid: Epoch: [40][50/79]	Step 28864	Loss 1.6707	Prec@(1,5) (56.8%, 84.7%)
08/06 04:59:05午前 evaluateCell_trainer.py:199 [INFO] Valid: Epoch: [40][78/79]	Step 28864	Loss 1.6566	Prec@(1,5) (56.9%, 84.6%)
08/06 04:59:05午前 evaluateCell_trainer.py:206 [INFO] Valid: [ 40/99] Final Prec@1 56.9200%
08/06 04:59:05午前 evaluateCell_main.py:75 [INFO] Until now, best Prec@1 = 60.7000%
08/06 05:00:17午前 evaluateCell_trainer.py:199 [INFO] Valid: Epoch: [41][50/79]	Step 29568	Loss 1.4397	Prec@(1,5) (61.2%, 87.2%)
08/06 05:00:18午前 evaluateCell_trainer.py:199 [INFO] Valid: Epoch: [41][78/79]	Step 29568	Loss 1.4326	Prec@(1,5) (61.1%, 87.5%)
08/06 05:00:18午前 evaluateCell_trainer.py:206 [INFO] Valid: [ 41/99] Final Prec@1 61.1800%
08/06 05:00:18午前 evaluateCell_main.py:75 [INFO] Until now, best Prec@1 = 61.1800%
08/06 05:01:36午前 evaluateCell_trainer.py:199 [INFO] Valid: Epoch: [42][50/79]	Step 30272	Loss 1.4788	Prec@(1,5) (60.7%, 87.8%)
08/06 05:01:37午前 evaluateCell_trainer.py:199 [INFO] Valid: Epoch: [42][78/79]	Step 30272	Loss 1.4748	Prec@(1,5) (60.7%, 87.6%)
08/06 05:01:37午前 evaluateCell_trainer.py:206 [INFO] Valid: [ 42/99] Final Prec@1 60.7000%
08/06 05:01:37午前 evaluateCell_main.py:75 [INFO] Until now, best Prec@1 = 61.1800%
08/06 05:02:51午前 evaluateCell_trainer.py:199 [INFO] Valid: Epoch: [43][50/79]	Step 30976	Loss 1.6443	Prec@(1,5) (57.4%, 85.0%)
08/06 05:02:52午前 evaluateCell_trainer.py:199 [INFO] Valid: Epoch: [43][78/79]	Step 30976	Loss 1.6663	Prec@(1,5) (57.1%, 85.0%)
08/06 05:02:52午前 evaluateCell_trainer.py:206 [INFO] Valid: [ 43/99] Final Prec@1 57.1200%
08/06 05:02:52午前 evaluateCell_main.py:75 [INFO] Until now, best Prec@1 = 61.1800%
08/06 05:04:06午前 evaluateCell_trainer.py:199 [INFO] Valid: Epoch: [44][50/79]	Step 31680	Loss 1.4337	Prec@(1,5) (62.0%, 87.5%)
08/06 05:04:06午前 evaluateCell_trainer.py:199 [INFO] Valid: Epoch: [44][78/79]	Step 31680	Loss 1.4192	Prec@(1,5) (61.8%, 88.1%)
08/06 05:04:06午前 evaluateCell_trainer.py:206 [INFO] Valid: [ 44/99] Final Prec@1 61.8000%
08/06 05:04:07午前 evaluateCell_main.py:75 [INFO] Until now, best Prec@1 = 61.8000%
08/06 05:05:19午前 evaluateCell_trainer.py:199 [INFO] Valid: Epoch: [45][50/79]	Step 32384	Loss 1.4272	Prec@(1,5) (62.2%, 87.6%)
08/06 05:05:20午前 evaluateCell_trainer.py:199 [INFO] Valid: Epoch: [45][78/79]	Step 32384	Loss 1.4337	Prec@(1,5) (61.6%, 87.8%)
08/06 05:05:20午前 evaluateCell_trainer.py:206 [INFO] Valid: [ 45/99] Final Prec@1 61.5800%
08/06 05:05:20午前 evaluateCell_main.py:75 [INFO] Until now, best Prec@1 = 61.8000%
08/06 05:06:38午前 evaluateCell_trainer.py:199 [INFO] Valid: Epoch: [46][50/79]	Step 33088	Loss 1.4225	Prec@(1,5) (60.6%, 88.1%)
08/06 05:06:39午前 evaluateCell_trainer.py:199 [INFO] Valid: Epoch: [46][78/79]	Step 33088	Loss 1.4590	Prec@(1,5) (60.4%, 87.8%)
08/06 05:06:39午前 evaluateCell_trainer.py:206 [INFO] Valid: [ 46/99] Final Prec@1 60.3400%
08/06 05:06:39午前 evaluateCell_main.py:75 [INFO] Until now, best Prec@1 = 61.8000%
08/06 05:07:52午前 evaluateCell_trainer.py:199 [INFO] Valid: Epoch: [47][50/79]	Step 33792	Loss 1.3701	Prec@(1,5) (62.7%, 88.8%)
08/06 05:07:53午前 evaluateCell_trainer.py:199 [INFO] Valid: Epoch: [47][78/79]	Step 33792	Loss 1.4208	Prec@(1,5) (62.1%, 88.3%)
08/06 05:07:53午前 evaluateCell_trainer.py:206 [INFO] Valid: [ 47/99] Final Prec@1 62.1200%
08/06 05:07:53午前 evaluateCell_main.py:75 [INFO] Until now, best Prec@1 = 62.1200%
08/06 05:09:15午前 evaluateCell_trainer.py:199 [INFO] Valid: Epoch: [48][50/79]	Step 34496	Loss 1.4612	Prec@(1,5) (61.1%, 87.4%)
08/06 05:09:16午前 evaluateCell_trainer.py:199 [INFO] Valid: Epoch: [48][78/79]	Step 34496	Loss 1.4333	Prec@(1,5) (62.0%, 87.7%)
08/06 05:09:16午前 evaluateCell_trainer.py:206 [INFO] Valid: [ 48/99] Final Prec@1 61.9800%
08/06 05:09:16午前 evaluateCell_main.py:75 [INFO] Until now, best Prec@1 = 62.1200%
08/06 05:10:36午前 evaluateCell_trainer.py:199 [INFO] Valid: Epoch: [49][50/79]	Step 35200	Loss 1.3887	Prec@(1,5) (62.8%, 88.1%)
08/06 05:10:36午前 evaluateCell_trainer.py:199 [INFO] Valid: Epoch: [49][78/79]	Step 35200	Loss 1.4050	Prec@(1,5) (62.5%, 88.1%)
08/06 05:10:37午前 evaluateCell_trainer.py:206 [INFO] Valid: [ 49/99] Final Prec@1 62.5400%
08/06 05:10:37午前 evaluateCell_main.py:75 [INFO] Until now, best Prec@1 = 62.5400%
08/06 05:11:53午前 evaluateCell_trainer.py:199 [INFO] Valid: Epoch: [50][50/79]	Step 35904	Loss 1.3283	Prec@(1,5) (64.3%, 89.7%)
08/06 05:11:54午前 evaluateCell_trainer.py:199 [INFO] Valid: Epoch: [50][78/79]	Step 35904	Loss 1.3534	Prec@(1,5) (63.7%, 89.5%)
08/06 05:11:54午前 evaluateCell_trainer.py:206 [INFO] Valid: [ 50/99] Final Prec@1 63.6400%
08/06 05:11:54午前 evaluateCell_main.py:75 [INFO] Until now, best Prec@1 = 63.6400%
08/06 05:13:08午前 evaluateCell_trainer.py:199 [INFO] Valid: Epoch: [51][50/79]	Step 36608	Loss 1.3747	Prec@(1,5) (63.7%, 89.0%)
08/06 05:13:09午前 evaluateCell_trainer.py:199 [INFO] Valid: Epoch: [51][78/79]	Step 36608	Loss 1.3548	Prec@(1,5) (63.8%, 89.5%)
08/06 05:13:09午前 evaluateCell_trainer.py:206 [INFO] Valid: [ 51/99] Final Prec@1 63.8200%
08/06 05:13:09午前 evaluateCell_main.py:75 [INFO] Until now, best Prec@1 = 63.8200%
08/06 05:14:22午前 evaluateCell_trainer.py:199 [INFO] Valid: Epoch: [52][50/79]	Step 37312	Loss 1.4849	Prec@(1,5) (62.0%, 87.8%)
08/06 05:14:23午前 evaluateCell_trainer.py:199 [INFO] Valid: Epoch: [52][78/79]	Step 37312	Loss 1.4597	Prec@(1,5) (62.2%, 87.9%)
08/06 05:14:23午前 evaluateCell_trainer.py:206 [INFO] Valid: [ 52/99] Final Prec@1 62.2200%
08/06 05:14:23午前 evaluateCell_main.py:75 [INFO] Until now, best Prec@1 = 63.8200%
08/06 05:15:39午前 evaluateCell_trainer.py:199 [INFO] Valid: Epoch: [53][50/79]	Step 38016	Loss 1.3435	Prec@(1,5) (64.0%, 89.5%)
08/06 05:15:40午前 evaluateCell_trainer.py:199 [INFO] Valid: Epoch: [53][78/79]	Step 38016	Loss 1.3622	Prec@(1,5) (63.3%, 89.2%)
08/06 05:15:40午前 evaluateCell_trainer.py:206 [INFO] Valid: [ 53/99] Final Prec@1 63.3400%
08/06 05:15:40午前 evaluateCell_main.py:75 [INFO] Until now, best Prec@1 = 63.8200%
08/06 05:16:54午前 evaluateCell_trainer.py:199 [INFO] Valid: Epoch: [54][50/79]	Step 38720	Loss 1.3094	Prec@(1,5) (64.7%, 90.0%)
08/06 05:16:54午前 evaluateCell_trainer.py:199 [INFO] Valid: Epoch: [54][78/79]	Step 38720	Loss 1.3229	Prec@(1,5) (64.4%, 89.7%)
08/06 05:16:54午前 evaluateCell_trainer.py:206 [INFO] Valid: [ 54/99] Final Prec@1 64.4400%
08/06 05:16:55午前 evaluateCell_main.py:75 [INFO] Until now, best Prec@1 = 64.4400%
08/06 05:18:17午前 evaluateCell_trainer.py:199 [INFO] Valid: Epoch: [55][50/79]	Step 39424	Loss 1.4405	Prec@(1,5) (62.8%, 88.5%)
08/06 05:18:17午前 evaluateCell_trainer.py:199 [INFO] Valid: Epoch: [55][78/79]	Step 39424	Loss 1.4307	Prec@(1,5) (62.6%, 88.3%)
08/06 05:18:17午前 evaluateCell_trainer.py:206 [INFO] Valid: [ 55/99] Final Prec@1 62.6200%
08/06 05:18:17午前 evaluateCell_main.py:75 [INFO] Until now, best Prec@1 = 64.4400%
08/06 05:19:33午前 evaluateCell_trainer.py:199 [INFO] Valid: Epoch: [56][50/79]	Step 40128	Loss 1.3600	Prec@(1,5) (63.5%, 89.7%)
08/06 05:19:34午前 evaluateCell_trainer.py:199 [INFO] Valid: Epoch: [56][78/79]	Step 40128	Loss 1.3544	Prec@(1,5) (63.5%, 89.9%)
08/06 05:19:34午前 evaluateCell_trainer.py:206 [INFO] Valid: [ 56/99] Final Prec@1 63.4800%
08/06 05:19:34午前 evaluateCell_main.py:75 [INFO] Until now, best Prec@1 = 64.4400%
08/06 05:20:47午前 evaluateCell_trainer.py:199 [INFO] Valid: Epoch: [57][50/79]	Step 40832	Loss 1.3969	Prec@(1,5) (63.9%, 89.3%)
08/06 05:20:47午前 evaluateCell_trainer.py:199 [INFO] Valid: Epoch: [57][78/79]	Step 40832	Loss 1.3671	Prec@(1,5) (64.5%, 89.5%)
08/06 05:20:47午前 evaluateCell_trainer.py:206 [INFO] Valid: [ 57/99] Final Prec@1 64.5200%
08/06 05:20:48午前 evaluateCell_main.py:75 [INFO] Until now, best Prec@1 = 64.5200%
08/06 05:22:08午前 evaluateCell_trainer.py:199 [INFO] Valid: Epoch: [58][50/79]	Step 41536	Loss 1.3155	Prec@(1,5) (65.6%, 89.8%)
08/06 05:22:09午前 evaluateCell_trainer.py:199 [INFO] Valid: Epoch: [58][78/79]	Step 41536	Loss 1.3574	Prec@(1,5) (64.6%, 89.3%)
08/06 05:22:09午前 evaluateCell_trainer.py:206 [INFO] Valid: [ 58/99] Final Prec@1 64.5800%
08/06 05:22:09午前 evaluateCell_main.py:75 [INFO] Until now, best Prec@1 = 64.5800%
08/06 05:23:31午前 evaluateCell_trainer.py:199 [INFO] Valid: Epoch: [59][50/79]	Step 42240	Loss 1.3110	Prec@(1,5) (65.8%, 90.4%)
08/06 05:23:32午前 evaluateCell_trainer.py:199 [INFO] Valid: Epoch: [59][78/79]	Step 42240	Loss 1.3360	Prec@(1,5) (65.2%, 90.2%)
08/06 05:23:32午前 evaluateCell_trainer.py:206 [INFO] Valid: [ 59/99] Final Prec@1 65.2200%
08/06 05:23:33午前 evaluateCell_main.py:75 [INFO] Until now, best Prec@1 = 65.2200%
08/06 05:24:50午前 evaluateCell_trainer.py:199 [INFO] Valid: Epoch: [60][50/79]	Step 42944	Loss 1.3335	Prec@(1,5) (65.1%, 89.4%)
08/06 05:24:51午前 evaluateCell_trainer.py:199 [INFO] Valid: Epoch: [60][78/79]	Step 42944	Loss 1.3262	Prec@(1,5) (64.6%, 89.8%)
08/06 05:24:51午前 evaluateCell_trainer.py:206 [INFO] Valid: [ 60/99] Final Prec@1 64.5800%
08/06 05:24:52午前 evaluateCell_main.py:75 [INFO] Until now, best Prec@1 = 65.2200%
08/06 05:26:10午前 evaluateCell_trainer.py:199 [INFO] Valid: Epoch: [61][50/79]	Step 43648	Loss 1.2824	Prec@(1,5) (65.3%, 91.7%)
08/06 05:26:11午前 evaluateCell_trainer.py:199 [INFO] Valid: Epoch: [61][78/79]	Step 43648	Loss 1.3048	Prec@(1,5) (65.4%, 91.1%)
08/06 05:26:11午前 evaluateCell_trainer.py:206 [INFO] Valid: [ 61/99] Final Prec@1 65.4000%
08/06 05:26:12午前 evaluateCell_main.py:75 [INFO] Until now, best Prec@1 = 65.4000%
08/06 05:27:22午前 evaluateCell_trainer.py:199 [INFO] Valid: Epoch: [62][50/79]	Step 44352	Loss 1.3202	Prec@(1,5) (65.9%, 90.6%)
08/06 05:27:23午前 evaluateCell_trainer.py:199 [INFO] Valid: Epoch: [62][78/79]	Step 44352	Loss 1.3330	Prec@(1,5) (65.5%, 90.4%)
08/06 05:27:23午前 evaluateCell_trainer.py:206 [INFO] Valid: [ 62/99] Final Prec@1 65.6000%
08/06 05:27:23午前 evaluateCell_main.py:75 [INFO] Until now, best Prec@1 = 65.6000%
08/06 05:28:46午前 evaluateCell_trainer.py:199 [INFO] Valid: Epoch: [63][50/79]	Step 45056	Loss 1.3946	Prec@(1,5) (64.8%, 89.5%)
08/06 05:28:47午前 evaluateCell_trainer.py:199 [INFO] Valid: Epoch: [63][78/79]	Step 45056	Loss 1.3561	Prec@(1,5) (65.3%, 90.1%)
08/06 05:28:47午前 evaluateCell_trainer.py:206 [INFO] Valid: [ 63/99] Final Prec@1 65.3200%
08/06 05:28:47午前 evaluateCell_main.py:75 [INFO] Until now, best Prec@1 = 65.6000%
08/06 05:30:09午前 evaluateCell_trainer.py:199 [INFO] Valid: Epoch: [64][50/79]	Step 45760	Loss 1.2665	Prec@(1,5) (66.4%, 90.3%)
08/06 05:30:10午前 evaluateCell_trainer.py:199 [INFO] Valid: Epoch: [64][78/79]	Step 45760	Loss 1.3046	Prec@(1,5) (66.2%, 90.0%)
08/06 05:30:10午前 evaluateCell_trainer.py:206 [INFO] Valid: [ 64/99] Final Prec@1 66.2200%
08/06 05:30:10午前 evaluateCell_main.py:75 [INFO] Until now, best Prec@1 = 66.2200%
08/06 05:31:25午前 evaluateCell_trainer.py:199 [INFO] Valid: Epoch: [65][50/79]	Step 46464	Loss 1.2553	Prec@(1,5) (67.0%, 91.2%)
08/06 05:31:26午前 evaluateCell_trainer.py:199 [INFO] Valid: Epoch: [65][78/79]	Step 46464	Loss 1.3013	Prec@(1,5) (66.3%, 90.7%)
08/06 05:31:26午前 evaluateCell_trainer.py:206 [INFO] Valid: [ 65/99] Final Prec@1 66.2800%
08/06 05:31:26午前 evaluateCell_main.py:75 [INFO] Until now, best Prec@1 = 66.2800%
08/06 05:32:41午前 evaluateCell_trainer.py:199 [INFO] Valid: Epoch: [66][50/79]	Step 47168	Loss 1.3075	Prec@(1,5) (66.4%, 89.9%)
08/06 05:32:41午前 evaluateCell_trainer.py:199 [INFO] Valid: Epoch: [66][78/79]	Step 47168	Loss 1.3065	Prec@(1,5) (66.3%, 90.0%)
08/06 05:32:41午前 evaluateCell_trainer.py:206 [INFO] Valid: [ 66/99] Final Prec@1 66.3000%
08/06 05:32:42午前 evaluateCell_main.py:75 [INFO] Until now, best Prec@1 = 66.3000%
08/06 05:33:54午前 evaluateCell_trainer.py:199 [INFO] Valid: Epoch: [67][50/79]	Step 47872	Loss 1.3559	Prec@(1,5) (65.5%, 89.4%)
08/06 05:33:55午前 evaluateCell_trainer.py:199 [INFO] Valid: Epoch: [67][78/79]	Step 47872	Loss 1.3440	Prec@(1,5) (66.0%, 89.8%)
08/06 05:33:55午前 evaluateCell_trainer.py:206 [INFO] Valid: [ 67/99] Final Prec@1 66.0000%
08/06 05:33:55午前 evaluateCell_main.py:75 [INFO] Until now, best Prec@1 = 66.3000%
08/06 05:35:10午前 evaluateCell_trainer.py:199 [INFO] Valid: Epoch: [68][50/79]	Step 48576	Loss 1.2910	Prec@(1,5) (67.1%, 90.3%)
08/06 05:35:11午前 evaluateCell_trainer.py:199 [INFO] Valid: Epoch: [68][78/79]	Step 48576	Loss 1.3283	Prec@(1,5) (66.3%, 90.1%)
08/06 05:35:11午前 evaluateCell_trainer.py:206 [INFO] Valid: [ 68/99] Final Prec@1 66.3400%
08/06 05:35:11午前 evaluateCell_main.py:75 [INFO] Until now, best Prec@1 = 66.3400%
08/06 05:36:26午前 evaluateCell_trainer.py:199 [INFO] Valid: Epoch: [69][50/79]	Step 49280	Loss 1.2456	Prec@(1,5) (68.1%, 91.0%)
08/06 05:36:27午前 evaluateCell_trainer.py:199 [INFO] Valid: Epoch: [69][78/79]	Step 49280	Loss 1.2647	Prec@(1,5) (68.0%, 90.9%)
08/06 05:36:27午前 evaluateCell_trainer.py:206 [INFO] Valid: [ 69/99] Final Prec@1 68.0400%
08/06 05:36:27午前 evaluateCell_main.py:75 [INFO] Until now, best Prec@1 = 68.0400%
08/06 05:37:48午前 evaluateCell_trainer.py:199 [INFO] Valid: Epoch: [70][50/79]	Step 49984	Loss 1.2812	Prec@(1,5) (67.3%, 91.4%)
08/06 05:37:49午前 evaluateCell_trainer.py:199 [INFO] Valid: Epoch: [70][78/79]	Step 49984	Loss 1.3027	Prec@(1,5) (66.8%, 91.0%)
08/06 05:37:49午前 evaluateCell_trainer.py:206 [INFO] Valid: [ 70/99] Final Prec@1 66.7800%
08/06 05:37:49午前 evaluateCell_main.py:75 [INFO] Until now, best Prec@1 = 68.0400%
08/06 05:39:04午前 evaluateCell_trainer.py:199 [INFO] Valid: Epoch: [71][50/79]	Step 50688	Loss 1.3430	Prec@(1,5) (67.7%, 90.3%)
08/06 05:39:05午前 evaluateCell_trainer.py:199 [INFO] Valid: Epoch: [71][78/79]	Step 50688	Loss 1.3432	Prec@(1,5) (66.8%, 90.5%)
08/06 05:39:05午前 evaluateCell_trainer.py:206 [INFO] Valid: [ 71/99] Final Prec@1 66.8400%
08/06 05:39:05午前 evaluateCell_main.py:75 [INFO] Until now, best Prec@1 = 68.0400%
08/06 05:40:18午前 evaluateCell_trainer.py:199 [INFO] Valid: Epoch: [72][50/79]	Step 51392	Loss 1.3115	Prec@(1,5) (67.6%, 90.3%)
08/06 05:40:19午前 evaluateCell_trainer.py:199 [INFO] Valid: Epoch: [72][78/79]	Step 51392	Loss 1.2939	Prec@(1,5) (67.3%, 90.5%)
08/06 05:40:19午前 evaluateCell_trainer.py:206 [INFO] Valid: [ 72/99] Final Prec@1 67.3200%
08/06 05:40:20午前 evaluateCell_main.py:75 [INFO] Until now, best Prec@1 = 68.0400%
08/06 05:41:32午前 evaluateCell_trainer.py:199 [INFO] Valid: Epoch: [73][50/79]	Step 52096	Loss 1.2929	Prec@(1,5) (68.4%, 91.2%)
08/06 05:41:33午前 evaluateCell_trainer.py:199 [INFO] Valid: Epoch: [73][78/79]	Step 52096	Loss 1.2996	Prec@(1,5) (68.1%, 90.9%)
08/06 05:41:33午前 evaluateCell_trainer.py:206 [INFO] Valid: [ 73/99] Final Prec@1 68.1200%
08/06 05:41:33午前 evaluateCell_main.py:75 [INFO] Until now, best Prec@1 = 68.1200%
08/06 05:42:54午前 evaluateCell_trainer.py:199 [INFO] Valid: Epoch: [74][50/79]	Step 52800	Loss 1.3195	Prec@(1,5) (67.0%, 90.7%)
08/06 05:42:55午前 evaluateCell_trainer.py:199 [INFO] Valid: Epoch: [74][78/79]	Step 52800	Loss 1.3004	Prec@(1,5) (67.4%, 90.8%)
08/06 05:42:55午前 evaluateCell_trainer.py:206 [INFO] Valid: [ 74/99] Final Prec@1 67.4000%
08/06 05:42:55午前 evaluateCell_main.py:75 [INFO] Until now, best Prec@1 = 68.1200%
08/06 05:44:16午前 evaluateCell_trainer.py:199 [INFO] Valid: Epoch: [75][50/79]	Step 53504	Loss 1.3374	Prec@(1,5) (67.1%, 90.5%)
08/06 05:44:17午前 evaluateCell_trainer.py:199 [INFO] Valid: Epoch: [75][78/79]	Step 53504	Loss 1.3128	Prec@(1,5) (67.5%, 91.0%)
08/06 05:44:17午前 evaluateCell_trainer.py:206 [INFO] Valid: [ 75/99] Final Prec@1 67.5600%
08/06 05:44:17午前 evaluateCell_main.py:75 [INFO] Until now, best Prec@1 = 68.1200%
08/06 05:45:31午前 evaluateCell_trainer.py:199 [INFO] Valid: Epoch: [76][50/79]	Step 54208	Loss 1.2464	Prec@(1,5) (69.8%, 91.6%)
08/06 05:45:31午前 evaluateCell_trainer.py:199 [INFO] Valid: Epoch: [76][78/79]	Step 54208	Loss 1.2681	Prec@(1,5) (69.4%, 91.3%)
08/06 05:45:31午前 evaluateCell_trainer.py:206 [INFO] Valid: [ 76/99] Final Prec@1 69.3800%
08/06 05:45:32午前 evaluateCell_main.py:75 [INFO] Until now, best Prec@1 = 69.3800%
08/06 05:46:45午前 evaluateCell_trainer.py:199 [INFO] Valid: Epoch: [77][50/79]	Step 54912	Loss 1.2823	Prec@(1,5) (68.1%, 91.4%)
08/06 05:46:46午前 evaluateCell_trainer.py:199 [INFO] Valid: Epoch: [77][78/79]	Step 54912	Loss 1.2724	Prec@(1,5) (68.4%, 91.6%)
08/06 05:46:46午前 evaluateCell_trainer.py:206 [INFO] Valid: [ 77/99] Final Prec@1 68.4200%
08/06 05:46:46午前 evaluateCell_main.py:75 [INFO] Until now, best Prec@1 = 69.3800%
08/06 05:47:59午前 evaluateCell_trainer.py:199 [INFO] Valid: Epoch: [78][50/79]	Step 55616	Loss 1.2825	Prec@(1,5) (68.9%, 91.3%)
08/06 05:48:00午前 evaluateCell_trainer.py:199 [INFO] Valid: Epoch: [78][78/79]	Step 55616	Loss 1.2713	Prec@(1,5) (68.9%, 91.2%)
08/06 05:48:00午前 evaluateCell_trainer.py:206 [INFO] Valid: [ 78/99] Final Prec@1 68.8800%
08/06 05:48:00午前 evaluateCell_main.py:75 [INFO] Until now, best Prec@1 = 69.3800%
08/06 05:49:18午前 evaluateCell_trainer.py:199 [INFO] Valid: Epoch: [79][50/79]	Step 56320	Loss 1.3003	Prec@(1,5) (68.7%, 90.7%)
08/06 05:49:18午前 evaluateCell_trainer.py:199 [INFO] Valid: Epoch: [79][78/79]	Step 56320	Loss 1.2995	Prec@(1,5) (68.9%, 91.0%)
08/06 05:49:18午前 evaluateCell_trainer.py:206 [INFO] Valid: [ 79/99] Final Prec@1 68.9000%
08/06 05:49:19午前 evaluateCell_main.py:75 [INFO] Until now, best Prec@1 = 69.3800%
08/06 05:50:36午前 evaluateCell_trainer.py:199 [INFO] Valid: Epoch: [80][50/79]	Step 57024	Loss 1.2668	Prec@(1,5) (69.2%, 91.8%)
08/06 05:50:37午前 evaluateCell_trainer.py:199 [INFO] Valid: Epoch: [80][78/79]	Step 57024	Loss 1.2715	Prec@(1,5) (69.0%, 91.9%)
08/06 05:50:37午前 evaluateCell_trainer.py:206 [INFO] Valid: [ 80/99] Final Prec@1 69.0800%
08/06 05:50:38午前 evaluateCell_main.py:75 [INFO] Until now, best Prec@1 = 69.3800%
08/06 05:51:51午前 evaluateCell_trainer.py:199 [INFO] Valid: Epoch: [81][50/79]	Step 57728	Loss 1.2798	Prec@(1,5) (69.2%, 91.7%)
08/06 05:51:51午前 evaluateCell_trainer.py:199 [INFO] Valid: Epoch: [81][78/79]	Step 57728	Loss 1.2936	Prec@(1,5) (68.9%, 91.5%)
08/06 05:51:51午前 evaluateCell_trainer.py:206 [INFO] Valid: [ 81/99] Final Prec@1 68.8600%
08/06 05:51:52午前 evaluateCell_main.py:75 [INFO] Until now, best Prec@1 = 69.3800%
08/06 05:53:08午前 evaluateCell_trainer.py:199 [INFO] Valid: Epoch: [82][50/79]	Step 58432	Loss 1.2886	Prec@(1,5) (69.1%, 91.1%)
08/06 05:53:08午前 evaluateCell_trainer.py:199 [INFO] Valid: Epoch: [82][78/79]	Step 58432	Loss 1.2647	Prec@(1,5) (69.6%, 91.3%)
08/06 05:53:08午前 evaluateCell_trainer.py:206 [INFO] Valid: [ 82/99] Final Prec@1 69.5800%
08/06 05:53:09午前 evaluateCell_main.py:75 [INFO] Until now, best Prec@1 = 69.5800%
08/06 05:54:21午前 evaluateCell_trainer.py:199 [INFO] Valid: Epoch: [83][50/79]	Step 59136	Loss 1.2713	Prec@(1,5) (69.5%, 91.3%)
08/06 05:54:22午前 evaluateCell_trainer.py:199 [INFO] Valid: Epoch: [83][78/79]	Step 59136	Loss 1.2593	Prec@(1,5) (69.9%, 91.4%)
08/06 05:54:22午前 evaluateCell_trainer.py:206 [INFO] Valid: [ 83/99] Final Prec@1 69.8800%
08/06 05:54:22午前 evaluateCell_main.py:75 [INFO] Until now, best Prec@1 = 69.8800%
08/06 05:55:41午前 evaluateCell_trainer.py:199 [INFO] Valid: Epoch: [84][50/79]	Step 59840	Loss 1.2797	Prec@(1,5) (69.9%, 90.9%)
08/06 05:55:42午前 evaluateCell_trainer.py:199 [INFO] Valid: Epoch: [84][78/79]	Step 59840	Loss 1.2632	Prec@(1,5) (70.4%, 91.5%)
08/06 05:55:42午前 evaluateCell_trainer.py:206 [INFO] Valid: [ 84/99] Final Prec@1 70.3600%
08/06 05:55:42午前 evaluateCell_main.py:75 [INFO] Until now, best Prec@1 = 70.3600%
08/06 05:56:56午前 evaluateCell_trainer.py:199 [INFO] Valid: Epoch: [85][50/79]	Step 60544	Loss 1.2463	Prec@(1,5) (69.6%, 92.1%)
08/06 05:56:57午前 evaluateCell_trainer.py:199 [INFO] Valid: Epoch: [85][78/79]	Step 60544	Loss 1.2787	Prec@(1,5) (69.1%, 91.6%)
08/06 05:56:57午前 evaluateCell_trainer.py:206 [INFO] Valid: [ 85/99] Final Prec@1 69.1000%
08/06 05:56:57午前 evaluateCell_main.py:75 [INFO] Until now, best Prec@1 = 70.3600%
08/06 05:58:11午前 evaluateCell_trainer.py:199 [INFO] Valid: Epoch: [86][50/79]	Step 61248	Loss 1.2543	Prec@(1,5) (69.5%, 92.3%)
08/06 05:58:11午前 evaluateCell_trainer.py:199 [INFO] Valid: Epoch: [86][78/79]	Step 61248	Loss 1.2500	Prec@(1,5) (69.4%, 92.1%)
08/06 05:58:11午前 evaluateCell_trainer.py:206 [INFO] Valid: [ 86/99] Final Prec@1 69.4000%
08/06 05:58:12午前 evaluateCell_main.py:75 [INFO] Until now, best Prec@1 = 70.3600%
08/06 05:59:28午前 evaluateCell_trainer.py:199 [INFO] Valid: Epoch: [87][50/79]	Step 61952	Loss 1.2791	Prec@(1,5) (69.6%, 92.1%)
08/06 05:59:28午前 evaluateCell_trainer.py:199 [INFO] Valid: Epoch: [87][78/79]	Step 61952	Loss 1.2803	Prec@(1,5) (70.0%, 92.0%)
08/06 05:59:29午前 evaluateCell_trainer.py:206 [INFO] Valid: [ 87/99] Final Prec@1 69.9200%
08/06 05:59:29午前 evaluateCell_main.py:75 [INFO] Until now, best Prec@1 = 70.3600%
08/06 06:00:48午前 evaluateCell_trainer.py:199 [INFO] Valid: Epoch: [88][50/79]	Step 62656	Loss 1.2553	Prec@(1,5) (70.5%, 91.7%)
08/06 06:00:49午前 evaluateCell_trainer.py:199 [INFO] Valid: Epoch: [88][78/79]	Step 62656	Loss 1.2746	Prec@(1,5) (69.9%, 91.6%)
08/06 06:00:49午前 evaluateCell_trainer.py:206 [INFO] Valid: [ 88/99] Final Prec@1 69.9000%
08/06 06:00:49午前 evaluateCell_main.py:75 [INFO] Until now, best Prec@1 = 70.3600%
08/06 06:02:10午前 evaluateCell_trainer.py:199 [INFO] Valid: Epoch: [89][50/79]	Step 63360	Loss 1.2639	Prec@(1,5) (70.7%, 92.1%)
08/06 06:02:11午前 evaluateCell_trainer.py:199 [INFO] Valid: Epoch: [89][78/79]	Step 63360	Loss 1.2790	Prec@(1,5) (70.3%, 91.9%)
08/06 06:02:11午前 evaluateCell_trainer.py:206 [INFO] Valid: [ 89/99] Final Prec@1 70.3000%
08/06 06:02:11午前 evaluateCell_main.py:75 [INFO] Until now, best Prec@1 = 70.3600%
08/06 06:03:31午前 evaluateCell_trainer.py:199 [INFO] Valid: Epoch: [90][50/79]	Step 64064	Loss 1.2669	Prec@(1,5) (70.5%, 91.4%)
08/06 06:03:32午前 evaluateCell_trainer.py:199 [INFO] Valid: Epoch: [90][78/79]	Step 64064	Loss 1.2706	Prec@(1,5) (70.0%, 91.6%)
08/06 06:03:32午前 evaluateCell_trainer.py:206 [INFO] Valid: [ 90/99] Final Prec@1 69.9400%
08/06 06:03:32午前 evaluateCell_main.py:75 [INFO] Until now, best Prec@1 = 70.3600%
08/06 06:04:48午前 evaluateCell_trainer.py:199 [INFO] Valid: Epoch: [91][50/79]	Step 64768	Loss 1.3120	Prec@(1,5) (69.3%, 91.3%)
08/06 06:04:49午前 evaluateCell_trainer.py:199 [INFO] Valid: Epoch: [91][78/79]	Step 64768	Loss 1.2991	Prec@(1,5) (69.9%, 91.5%)
08/06 06:04:49午前 evaluateCell_trainer.py:206 [INFO] Valid: [ 91/99] Final Prec@1 69.9000%
08/06 06:04:49午前 evaluateCell_main.py:75 [INFO] Until now, best Prec@1 = 70.3600%
08/06 06:06:02午前 evaluateCell_trainer.py:199 [INFO] Valid: Epoch: [92][50/79]	Step 65472	Loss 1.2779	Prec@(1,5) (70.4%, 92.0%)
08/06 06:06:02午前 evaluateCell_trainer.py:199 [INFO] Valid: Epoch: [92][78/79]	Step 65472	Loss 1.2633	Prec@(1,5) (70.0%, 92.2%)
08/06 06:06:02午前 evaluateCell_trainer.py:206 [INFO] Valid: [ 92/99] Final Prec@1 69.9600%
08/06 06:06:03午前 evaluateCell_main.py:75 [INFO] Until now, best Prec@1 = 70.3600%
08/06 06:07:21午前 evaluateCell_trainer.py:199 [INFO] Valid: Epoch: [93][50/79]	Step 66176	Loss 1.2677	Prec@(1,5) (70.9%, 92.0%)
08/06 06:07:22午前 evaluateCell_trainer.py:199 [INFO] Valid: Epoch: [93][78/79]	Step 66176	Loss 1.2635	Prec@(1,5) (70.4%, 92.0%)
08/06 06:07:22午前 evaluateCell_trainer.py:206 [INFO] Valid: [ 93/99] Final Prec@1 70.4400%
08/06 06:07:22午前 evaluateCell_main.py:75 [INFO] Until now, best Prec@1 = 70.4400%
08/06 06:08:42午前 evaluateCell_trainer.py:199 [INFO] Valid: Epoch: [94][50/79]	Step 66880	Loss 1.2711	Prec@(1,5) (69.9%, 92.0%)
08/06 06:08:42午前 evaluateCell_trainer.py:199 [INFO] Valid: Epoch: [94][78/79]	Step 66880	Loss 1.2505	Prec@(1,5) (70.3%, 92.2%)
08/06 06:08:42午前 evaluateCell_trainer.py:206 [INFO] Valid: [ 94/99] Final Prec@1 70.2000%
08/06 06:08:42午前 evaluateCell_main.py:75 [INFO] Until now, best Prec@1 = 70.4400%
08/06 06:10:02午前 evaluateCell_trainer.py:199 [INFO] Valid: Epoch: [95][50/79]	Step 67584	Loss 1.3046	Prec@(1,5) (69.2%, 91.8%)
08/06 06:10:03午前 evaluateCell_trainer.py:199 [INFO] Valid: Epoch: [95][78/79]	Step 67584	Loss 1.3018	Prec@(1,5) (69.9%, 91.6%)
08/06 06:10:03午前 evaluateCell_trainer.py:206 [INFO] Valid: [ 95/99] Final Prec@1 69.8800%
08/06 06:10:03午前 evaluateCell_main.py:75 [INFO] Until now, best Prec@1 = 70.4400%
08/06 06:11:18午前 evaluateCell_trainer.py:199 [INFO] Valid: Epoch: [96][50/79]	Step 68288	Loss 1.2250	Prec@(1,5) (70.9%, 92.2%)
08/06 06:11:19午前 evaluateCell_trainer.py:199 [INFO] Valid: Epoch: [96][78/79]	Step 68288	Loss 1.2399	Prec@(1,5) (70.4%, 91.9%)
08/06 06:11:19午前 evaluateCell_trainer.py:206 [INFO] Valid: [ 96/99] Final Prec@1 70.3600%
08/06 06:11:19午前 evaluateCell_main.py:75 [INFO] Until now, best Prec@1 = 70.4400%
08/06 06:12:31午前 evaluateCell_trainer.py:199 [INFO] Valid: Epoch: [97][50/79]	Step 68992	Loss 1.3168	Prec@(1,5) (70.2%, 92.3%)
08/06 06:12:32午前 evaluateCell_trainer.py:199 [INFO] Valid: Epoch: [97][78/79]	Step 68992	Loss 1.2850	Prec@(1,5) (70.6%, 92.0%)
08/06 06:12:32午前 evaluateCell_trainer.py:206 [INFO] Valid: [ 97/99] Final Prec@1 70.5800%
08/06 06:12:32午前 evaluateCell_main.py:75 [INFO] Until now, best Prec@1 = 70.5800%
08/06 06:13:46午前 evaluateCell_trainer.py:199 [INFO] Valid: Epoch: [98][50/79]	Step 69696	Loss 1.2983	Prec@(1,5) (70.3%, 91.8%)
08/06 06:13:47午前 evaluateCell_trainer.py:199 [INFO] Valid: Epoch: [98][78/79]	Step 69696	Loss 1.2786	Prec@(1,5) (70.6%, 91.8%)
08/06 06:13:47午前 evaluateCell_trainer.py:206 [INFO] Valid: [ 98/99] Final Prec@1 70.6000%
08/06 06:13:48午前 evaluateCell_main.py:75 [INFO] Until now, best Prec@1 = 70.6000%
08/06 06:15:06午前 evaluateCell_trainer.py:199 [INFO] Valid: Epoch: [99][50/79]	Step 70400	Loss 1.2539	Prec@(1,5) (71.4%, 92.6%)
08/06 06:15:07午前 evaluateCell_trainer.py:199 [INFO] Valid: Epoch: [99][78/79]	Step 70400	Loss 1.2892	Prec@(1,5) (70.5%, 92.2%)
08/06 06:15:07午前 evaluateCell_trainer.py:206 [INFO] Valid: [ 99/99] Final Prec@1 70.5400%
08/06 06:15:07午前 evaluateCell_main.py:75 [INFO] Until now, best Prec@1 = 70.6000%
08/06 06:15:07午前 evaluateCell_main.py:79 [INFO] Final best Prec@1 = 70.6000%
