07/19 03:48:17PM parser.py:28 [INFO] 
07/19 03:48:17PM parser.py:29 [INFO] Parameters:
07/19 03:48:17PM parser.py:31 [INFO] ADVANCED=True
07/19 03:48:17PM parser.py:31 [INFO] BATCH_SIZE=64
07/19 03:48:17PM parser.py:31 [INFO] CIFAR=True
07/19 03:48:17PM parser.py:31 [INFO] CUTOUT_LENGTH=16
07/19 03:48:17PM parser.py:31 [INFO] DATA_PATH=../data/
07/19 03:48:17PM parser.py:31 [INFO] DATASET=cifar100
07/19 03:48:17PM parser.py:31 [INFO] DESCRIPTION=pretrained_advanced_feature-0.001_classifier-0.01
07/19 03:48:17PM parser.py:31 [INFO] EPOCHS=100
07/19 03:48:17PM parser.py:31 [INFO] EXP_NAME=pretrained-20240719-154817
07/19 03:48:17PM parser.py:31 [INFO] GPUS=[0]
07/19 03:48:17PM parser.py:31 [INFO] LOGGER=<Logger H-DAS (INFO)>
07/19 03:48:17PM parser.py:31 [INFO] LR=0.1
07/19 03:48:17PM parser.py:31 [INFO] LR_MIN=0.001
07/19 03:48:17PM parser.py:31 [INFO] MODEL_NAME=wide_resnet50_2
07/19 03:48:17PM parser.py:31 [INFO] MOMENTUM=0.9
07/19 03:48:17PM parser.py:31 [INFO] NAME=FINETUNE2
07/19 03:48:17PM parser.py:31 [INFO] PATH=results/teacher/cifar100/wide_resnet50_2/FINETUNE2/pretrained-20240719-154817
07/19 03:48:17PM parser.py:31 [INFO] PRETRAINED=True
07/19 03:48:17PM parser.py:31 [INFO] SAVE=pretrained
07/19 03:48:17PM parser.py:31 [INFO] SEED=0
07/19 03:48:17PM parser.py:31 [INFO] TRAIN_PORTION=0.9
07/19 03:48:17PM parser.py:31 [INFO] WEIGHT_DECAY=0.0003
07/19 03:48:17PM parser.py:31 [INFO] WORKERS=4
07/19 03:48:17PM parser.py:32 [INFO] 
07/19 03:48:18PM layer_replace.py:21 [INFO] model classifier is replaced to Linear(in_features=2048, out_features=100, bias=True)
07/19 03:50:44PM trainTeacher_main.py:209 [INFO] Train: [  0/99] Final Prec@1 53.2533%
07/19 03:50:49PM trainTeacher_main.py:237 [INFO] Valid: [  0/99] Final Prec@1 70.2600%
07/19 03:50:49午後 trainTeacher_main.py:179 [INFO] Until now, best Prec@1 = 70.2600%
07/19 03:53:11午後 trainTeacher_main.py:209 [INFO] Train: [  1/99] Final Prec@1 75.9956%
07/19 03:53:16午後 trainTeacher_main.py:237 [INFO] Valid: [  1/99] Final Prec@1 76.5200%
07/19 03:53:16午後 trainTeacher_main.py:179 [INFO] Until now, best Prec@1 = 76.5200%
07/19 03:55:37午後 trainTeacher_main.py:209 [INFO] Train: [  2/99] Final Prec@1 81.1800%
07/19 03:55:42午後 trainTeacher_main.py:237 [INFO] Valid: [  2/99] Final Prec@1 79.0000%
07/19 03:55:43午後 trainTeacher_main.py:179 [INFO] Until now, best Prec@1 = 79.0000%
07/19 03:58:04午後 trainTeacher_main.py:209 [INFO] Train: [  3/99] Final Prec@1 84.2711%
07/19 03:58:09午後 trainTeacher_main.py:237 [INFO] Valid: [  3/99] Final Prec@1 79.0200%
07/19 03:58:10午後 trainTeacher_main.py:179 [INFO] Until now, best Prec@1 = 79.0200%
07/19 04:00:23午後 trainTeacher_main.py:209 [INFO] Train: [  4/99] Final Prec@1 86.9000%
07/19 04:00:27午後 trainTeacher_main.py:237 [INFO] Valid: [  4/99] Final Prec@1 80.3600%
07/19 04:00:28午後 trainTeacher_main.py:179 [INFO] Until now, best Prec@1 = 80.3600%
07/19 04:02:32午後 trainTeacher_main.py:209 [INFO] Train: [  5/99] Final Prec@1 88.6844%
07/19 04:02:37午後 trainTeacher_main.py:237 [INFO] Valid: [  5/99] Final Prec@1 80.9800%
07/19 04:02:38午後 trainTeacher_main.py:179 [INFO] Until now, best Prec@1 = 80.9800%
07/19 04:04:43午後 trainTeacher_main.py:209 [INFO] Train: [  6/99] Final Prec@1 90.4444%
07/19 04:04:47午後 trainTeacher_main.py:237 [INFO] Valid: [  6/99] Final Prec@1 80.9600%
07/19 04:04:47午後 trainTeacher_main.py:179 [INFO] Until now, best Prec@1 = 80.9800%
07/19 04:06:52午後 trainTeacher_main.py:209 [INFO] Train: [  7/99] Final Prec@1 91.5511%
07/19 04:06:56午後 trainTeacher_main.py:237 [INFO] Valid: [  7/99] Final Prec@1 81.6200%
07/19 04:06:57午後 trainTeacher_main.py:179 [INFO] Until now, best Prec@1 = 81.6200%
07/19 04:09:01午後 trainTeacher_main.py:209 [INFO] Train: [  8/99] Final Prec@1 92.8000%
07/19 04:09:06午後 trainTeacher_main.py:237 [INFO] Valid: [  8/99] Final Prec@1 81.7200%
07/19 04:09:06午後 trainTeacher_main.py:179 [INFO] Until now, best Prec@1 = 81.7200%
07/19 04:11:11午後 trainTeacher_main.py:209 [INFO] Train: [  9/99] Final Prec@1 93.6444%
07/19 04:11:16午後 trainTeacher_main.py:237 [INFO] Valid: [  9/99] Final Prec@1 81.8600%
07/19 04:11:16午後 trainTeacher_main.py:179 [INFO] Until now, best Prec@1 = 81.8600%
07/19 04:13:21午後 trainTeacher_main.py:209 [INFO] Train: [ 10/99] Final Prec@1 94.7000%
07/19 04:13:25午後 trainTeacher_main.py:237 [INFO] Valid: [ 10/99] Final Prec@1 82.3800%
07/19 04:13:26午後 trainTeacher_main.py:179 [INFO] Until now, best Prec@1 = 82.3800%
07/19 04:15:33午後 trainTeacher_main.py:209 [INFO] Train: [ 11/99] Final Prec@1 95.1489%
07/19 04:15:38午後 trainTeacher_main.py:237 [INFO] Valid: [ 11/99] Final Prec@1 81.3000%
07/19 04:15:38午後 trainTeacher_main.py:179 [INFO] Until now, best Prec@1 = 82.3800%
07/19 04:17:59午後 trainTeacher_main.py:209 [INFO] Train: [ 12/99] Final Prec@1 95.9378%
07/19 04:18:04午後 trainTeacher_main.py:237 [INFO] Valid: [ 12/99] Final Prec@1 82.3200%
07/19 04:18:04午後 trainTeacher_main.py:179 [INFO] Until now, best Prec@1 = 82.3800%
07/19 04:20:25午後 trainTeacher_main.py:209 [INFO] Train: [ 13/99] Final Prec@1 96.4800%
07/19 04:20:30午後 trainTeacher_main.py:237 [INFO] Valid: [ 13/99] Final Prec@1 82.0800%
07/19 04:20:30午後 trainTeacher_main.py:179 [INFO] Until now, best Prec@1 = 82.3800%
07/19 04:22:51午後 trainTeacher_main.py:209 [INFO] Train: [ 14/99] Final Prec@1 96.9689%
07/19 04:22:56午後 trainTeacher_main.py:237 [INFO] Valid: [ 14/99] Final Prec@1 81.8000%
07/19 04:22:56午後 trainTeacher_main.py:179 [INFO] Until now, best Prec@1 = 82.3800%
07/19 04:25:16午後 trainTeacher_main.py:209 [INFO] Train: [ 15/99] Final Prec@1 97.3600%
07/19 04:25:22午後 trainTeacher_main.py:237 [INFO] Valid: [ 15/99] Final Prec@1 82.2000%
07/19 04:25:22午後 trainTeacher_main.py:179 [INFO] Until now, best Prec@1 = 82.3800%
07/19 04:27:42午後 trainTeacher_main.py:209 [INFO] Train: [ 16/99] Final Prec@1 97.6600%
07/19 04:27:47午後 trainTeacher_main.py:237 [INFO] Valid: [ 16/99] Final Prec@1 82.6400%
07/19 04:27:48午後 trainTeacher_main.py:179 [INFO] Until now, best Prec@1 = 82.6400%
07/19 04:30:09午後 trainTeacher_main.py:209 [INFO] Train: [ 17/99] Final Prec@1 97.7533%
07/19 04:30:14午後 trainTeacher_main.py:237 [INFO] Valid: [ 17/99] Final Prec@1 82.3600%
07/19 04:30:14午後 trainTeacher_main.py:179 [INFO] Until now, best Prec@1 = 82.6400%
07/19 04:32:30午後 trainTeacher_main.py:209 [INFO] Train: [ 18/99] Final Prec@1 98.0556%
07/19 04:32:34午後 trainTeacher_main.py:237 [INFO] Valid: [ 18/99] Final Prec@1 82.2000%
07/19 04:32:34午後 trainTeacher_main.py:179 [INFO] Until now, best Prec@1 = 82.6400%
07/19 04:34:56午後 trainTeacher_main.py:209 [INFO] Train: [ 19/99] Final Prec@1 98.2800%
07/19 04:35:03午後 trainTeacher_main.py:237 [INFO] Valid: [ 19/99] Final Prec@1 82.9000%
07/19 04:35:04午後 trainTeacher_main.py:179 [INFO] Until now, best Prec@1 = 82.9000%
07/19 04:37:44午後 trainTeacher_main.py:209 [INFO] Train: [ 20/99] Final Prec@1 98.4556%
07/19 04:37:51午後 trainTeacher_main.py:237 [INFO] Valid: [ 20/99] Final Prec@1 82.7800%
07/19 04:37:51午後 trainTeacher_main.py:179 [INFO] Until now, best Prec@1 = 82.9000%
07/19 04:40:33午後 trainTeacher_main.py:209 [INFO] Train: [ 21/99] Final Prec@1 98.5667%
07/19 04:40:38午後 trainTeacher_main.py:237 [INFO] Valid: [ 21/99] Final Prec@1 82.3000%
07/19 04:40:38午後 trainTeacher_main.py:179 [INFO] Until now, best Prec@1 = 82.9000%
07/19 04:43:21午後 trainTeacher_main.py:209 [INFO] Train: [ 22/99] Final Prec@1 98.6000%
07/19 04:43:26午後 trainTeacher_main.py:237 [INFO] Valid: [ 22/99] Final Prec@1 82.4600%
07/19 04:43:26午後 trainTeacher_main.py:179 [INFO] Until now, best Prec@1 = 82.9000%
07/19 04:46:08午後 trainTeacher_main.py:209 [INFO] Train: [ 23/99] Final Prec@1 98.8333%
07/19 04:46:14午後 trainTeacher_main.py:237 [INFO] Valid: [ 23/99] Final Prec@1 82.5200%
07/19 04:46:14午後 trainTeacher_main.py:179 [INFO] Until now, best Prec@1 = 82.9000%
07/19 04:48:55午後 trainTeacher_main.py:209 [INFO] Train: [ 24/99] Final Prec@1 98.8889%
07/19 04:49:01午後 trainTeacher_main.py:237 [INFO] Valid: [ 24/99] Final Prec@1 82.6400%
07/19 04:49:01午後 trainTeacher_main.py:179 [INFO] Until now, best Prec@1 = 82.9000%
07/19 04:51:43午後 trainTeacher_main.py:209 [INFO] Train: [ 25/99] Final Prec@1 99.0022%
07/19 04:51:49午後 trainTeacher_main.py:237 [INFO] Valid: [ 25/99] Final Prec@1 82.8000%
07/19 04:51:49午後 trainTeacher_main.py:179 [INFO] Until now, best Prec@1 = 82.9000%
07/19 04:54:31午後 trainTeacher_main.py:209 [INFO] Train: [ 26/99] Final Prec@1 99.0511%
07/19 04:54:36午後 trainTeacher_main.py:237 [INFO] Valid: [ 26/99] Final Prec@1 83.0800%
07/19 04:54:37午後 trainTeacher_main.py:179 [INFO] Until now, best Prec@1 = 83.0800%
07/19 04:57:18午後 trainTeacher_main.py:209 [INFO] Train: [ 27/99] Final Prec@1 99.0622%
07/19 04:57:24午後 trainTeacher_main.py:237 [INFO] Valid: [ 27/99] Final Prec@1 82.4600%
07/19 04:57:24午後 trainTeacher_main.py:179 [INFO] Until now, best Prec@1 = 83.0800%
07/19 05:00:06午後 trainTeacher_main.py:209 [INFO] Train: [ 28/99] Final Prec@1 99.2756%
07/19 05:00:11午後 trainTeacher_main.py:237 [INFO] Valid: [ 28/99] Final Prec@1 82.7000%
07/19 05:00:12午後 trainTeacher_main.py:179 [INFO] Until now, best Prec@1 = 83.0800%
07/19 05:02:55午後 trainTeacher_main.py:209 [INFO] Train: [ 29/99] Final Prec@1 99.2622%
07/19 05:03:01午後 trainTeacher_main.py:237 [INFO] Valid: [ 29/99] Final Prec@1 82.7000%
07/19 05:03:01午後 trainTeacher_main.py:179 [INFO] Until now, best Prec@1 = 83.0800%
07/19 05:05:42午後 trainTeacher_main.py:209 [INFO] Train: [ 30/99] Final Prec@1 99.2933%
07/19 05:05:48午後 trainTeacher_main.py:237 [INFO] Valid: [ 30/99] Final Prec@1 82.7800%
07/19 05:05:48午後 trainTeacher_main.py:179 [INFO] Until now, best Prec@1 = 83.0800%
07/19 05:08:28午後 trainTeacher_main.py:209 [INFO] Train: [ 31/99] Final Prec@1 99.3089%
07/19 05:08:34午後 trainTeacher_main.py:237 [INFO] Valid: [ 31/99] Final Prec@1 83.0400%
07/19 05:08:34午後 trainTeacher_main.py:179 [INFO] Until now, best Prec@1 = 83.0800%
07/19 05:11:16午後 trainTeacher_main.py:209 [INFO] Train: [ 32/99] Final Prec@1 99.4444%
07/19 05:11:22午後 trainTeacher_main.py:237 [INFO] Valid: [ 32/99] Final Prec@1 82.5000%
07/19 05:11:22午後 trainTeacher_main.py:179 [INFO] Until now, best Prec@1 = 83.0800%
07/19 05:14:04午後 trainTeacher_main.py:209 [INFO] Train: [ 33/99] Final Prec@1 99.2911%
07/19 05:14:10午後 trainTeacher_main.py:237 [INFO] Valid: [ 33/99] Final Prec@1 83.2000%
07/19 05:14:11午後 trainTeacher_main.py:179 [INFO] Until now, best Prec@1 = 83.2000%
07/19 05:16:52午後 trainTeacher_main.py:209 [INFO] Train: [ 34/99] Final Prec@1 99.4778%
07/19 05:16:58午後 trainTeacher_main.py:237 [INFO] Valid: [ 34/99] Final Prec@1 83.1400%
07/19 05:16:58午後 trainTeacher_main.py:179 [INFO] Until now, best Prec@1 = 83.2000%
07/19 05:19:40午後 trainTeacher_main.py:209 [INFO] Train: [ 35/99] Final Prec@1 99.4822%
07/19 05:19:45午後 trainTeacher_main.py:237 [INFO] Valid: [ 35/99] Final Prec@1 82.4000%
07/19 05:19:45午後 trainTeacher_main.py:179 [INFO] Until now, best Prec@1 = 83.2000%
07/19 05:22:27午後 trainTeacher_main.py:209 [INFO] Train: [ 36/99] Final Prec@1 99.4756%
07/19 05:22:33午後 trainTeacher_main.py:237 [INFO] Valid: [ 36/99] Final Prec@1 83.0800%
07/19 05:22:33午後 trainTeacher_main.py:179 [INFO] Until now, best Prec@1 = 83.2000%
07/19 05:25:15午後 trainTeacher_main.py:209 [INFO] Train: [ 37/99] Final Prec@1 99.5267%
07/19 05:25:21午後 trainTeacher_main.py:237 [INFO] Valid: [ 37/99] Final Prec@1 82.8200%
07/19 05:25:21午後 trainTeacher_main.py:179 [INFO] Until now, best Prec@1 = 83.2000%
07/19 05:28:02午後 trainTeacher_main.py:209 [INFO] Train: [ 38/99] Final Prec@1 99.5200%
07/19 05:28:08午後 trainTeacher_main.py:237 [INFO] Valid: [ 38/99] Final Prec@1 82.5200%
07/19 05:28:08午後 trainTeacher_main.py:179 [INFO] Until now, best Prec@1 = 83.2000%
07/19 05:30:50午後 trainTeacher_main.py:209 [INFO] Train: [ 39/99] Final Prec@1 99.5333%
07/19 05:30:55午後 trainTeacher_main.py:237 [INFO] Valid: [ 39/99] Final Prec@1 82.5800%
07/19 05:30:55午後 trainTeacher_main.py:179 [INFO] Until now, best Prec@1 = 83.2000%
07/19 05:33:37午後 trainTeacher_main.py:209 [INFO] Train: [ 40/99] Final Prec@1 99.5844%
07/19 05:33:43午後 trainTeacher_main.py:237 [INFO] Valid: [ 40/99] Final Prec@1 83.0400%
07/19 05:33:43午後 trainTeacher_main.py:179 [INFO] Until now, best Prec@1 = 83.2000%
07/19 05:36:26午後 trainTeacher_main.py:209 [INFO] Train: [ 41/99] Final Prec@1 99.6022%
07/19 05:36:32午後 trainTeacher_main.py:237 [INFO] Valid: [ 41/99] Final Prec@1 82.7200%
07/19 05:36:32午後 trainTeacher_main.py:179 [INFO] Until now, best Prec@1 = 83.2000%
07/19 05:39:13午後 trainTeacher_main.py:209 [INFO] Train: [ 42/99] Final Prec@1 99.6244%
07/19 05:39:20午後 trainTeacher_main.py:237 [INFO] Valid: [ 42/99] Final Prec@1 82.4800%
07/19 05:39:20午後 trainTeacher_main.py:179 [INFO] Until now, best Prec@1 = 83.2000%
07/19 05:42:02午後 trainTeacher_main.py:209 [INFO] Train: [ 43/99] Final Prec@1 99.6156%
07/19 05:42:07午後 trainTeacher_main.py:237 [INFO] Valid: [ 43/99] Final Prec@1 82.7000%
07/19 05:42:07午後 trainTeacher_main.py:179 [INFO] Until now, best Prec@1 = 83.2000%
07/19 05:44:48午後 trainTeacher_main.py:209 [INFO] Train: [ 44/99] Final Prec@1 99.6000%
07/19 05:44:55午後 trainTeacher_main.py:237 [INFO] Valid: [ 44/99] Final Prec@1 82.7000%
07/19 05:44:55午後 trainTeacher_main.py:179 [INFO] Until now, best Prec@1 = 83.2000%
07/19 05:47:35午後 trainTeacher_main.py:209 [INFO] Train: [ 45/99] Final Prec@1 99.7244%
07/19 05:47:42午後 trainTeacher_main.py:237 [INFO] Valid: [ 45/99] Final Prec@1 83.3200%
07/19 05:47:43午後 trainTeacher_main.py:179 [INFO] Until now, best Prec@1 = 83.3200%
07/19 05:50:24午後 trainTeacher_main.py:209 [INFO] Train: [ 46/99] Final Prec@1 99.6978%
07/19 05:50:29午後 trainTeacher_main.py:237 [INFO] Valid: [ 46/99] Final Prec@1 82.5400%
07/19 05:50:29午後 trainTeacher_main.py:179 [INFO] Until now, best Prec@1 = 83.3200%
07/19 05:53:12午後 trainTeacher_main.py:209 [INFO] Train: [ 47/99] Final Prec@1 99.7089%
07/19 05:53:17午後 trainTeacher_main.py:237 [INFO] Valid: [ 47/99] Final Prec@1 83.1000%
07/19 05:53:17午後 trainTeacher_main.py:179 [INFO] Until now, best Prec@1 = 83.3200%
07/19 05:55:59午後 trainTeacher_main.py:209 [INFO] Train: [ 48/99] Final Prec@1 99.7400%
07/19 05:56:06午後 trainTeacher_main.py:237 [INFO] Valid: [ 48/99] Final Prec@1 83.0000%
07/19 05:56:06午後 trainTeacher_main.py:179 [INFO] Until now, best Prec@1 = 83.3200%
07/19 05:58:46午後 trainTeacher_main.py:209 [INFO] Train: [ 49/99] Final Prec@1 99.7133%
07/19 05:58:53午後 trainTeacher_main.py:237 [INFO] Valid: [ 49/99] Final Prec@1 82.8000%
07/19 05:58:53午後 trainTeacher_main.py:179 [INFO] Until now, best Prec@1 = 83.3200%
07/19 06:01:35午後 trainTeacher_main.py:209 [INFO] Train: [ 50/99] Final Prec@1 99.6733%
07/19 06:01:41午後 trainTeacher_main.py:237 [INFO] Valid: [ 50/99] Final Prec@1 83.3000%
07/19 06:01:41午後 trainTeacher_main.py:179 [INFO] Until now, best Prec@1 = 83.3200%
07/19 06:04:11午後 trainTeacher_main.py:209 [INFO] Train: [ 51/99] Final Prec@1 99.7756%
07/19 06:04:16午後 trainTeacher_main.py:237 [INFO] Valid: [ 51/99] Final Prec@1 83.0800%
07/19 06:04:16午後 trainTeacher_main.py:179 [INFO] Until now, best Prec@1 = 83.3200%
07/19 06:06:53午後 trainTeacher_main.py:209 [INFO] Train: [ 52/99] Final Prec@1 99.7200%
07/19 06:06:58午後 trainTeacher_main.py:237 [INFO] Valid: [ 52/99] Final Prec@1 83.3000%
07/19 06:06:58午後 trainTeacher_main.py:179 [INFO] Until now, best Prec@1 = 83.3200%
07/19 06:09:40午後 trainTeacher_main.py:209 [INFO] Train: [ 53/99] Final Prec@1 99.7622%
07/19 06:09:45午後 trainTeacher_main.py:237 [INFO] Valid: [ 53/99] Final Prec@1 83.0800%
07/19 06:09:45午後 trainTeacher_main.py:179 [INFO] Until now, best Prec@1 = 83.3200%
07/19 06:12:26午後 trainTeacher_main.py:209 [INFO] Train: [ 54/99] Final Prec@1 99.7578%
07/19 06:12:32午後 trainTeacher_main.py:237 [INFO] Valid: [ 54/99] Final Prec@1 83.1000%
07/19 06:12:32午後 trainTeacher_main.py:179 [INFO] Until now, best Prec@1 = 83.3200%
07/19 06:15:13午後 trainTeacher_main.py:209 [INFO] Train: [ 55/99] Final Prec@1 99.8044%
07/19 06:15:19午後 trainTeacher_main.py:237 [INFO] Valid: [ 55/99] Final Prec@1 83.3400%
07/19 06:15:20午後 trainTeacher_main.py:179 [INFO] Until now, best Prec@1 = 83.3400%
07/19 06:18:03午後 trainTeacher_main.py:209 [INFO] Train: [ 56/99] Final Prec@1 99.7978%
07/19 06:18:08午後 trainTeacher_main.py:237 [INFO] Valid: [ 56/99] Final Prec@1 83.0800%
07/19 06:18:08午後 trainTeacher_main.py:179 [INFO] Until now, best Prec@1 = 83.3400%
07/19 06:20:50午後 trainTeacher_main.py:209 [INFO] Train: [ 57/99] Final Prec@1 99.8089%
07/19 06:20:55午後 trainTeacher_main.py:237 [INFO] Valid: [ 57/99] Final Prec@1 83.2600%
07/19 06:20:55午後 trainTeacher_main.py:179 [INFO] Until now, best Prec@1 = 83.3400%
07/19 06:23:37午後 trainTeacher_main.py:209 [INFO] Train: [ 58/99] Final Prec@1 99.7644%
07/19 06:23:44午後 trainTeacher_main.py:237 [INFO] Valid: [ 58/99] Final Prec@1 82.9600%
07/19 06:23:44午後 trainTeacher_main.py:179 [INFO] Until now, best Prec@1 = 83.3400%
07/19 06:26:26午後 trainTeacher_main.py:209 [INFO] Train: [ 59/99] Final Prec@1 99.7600%
07/19 06:26:31午後 trainTeacher_main.py:237 [INFO] Valid: [ 59/99] Final Prec@1 83.2200%
07/19 06:26:31午後 trainTeacher_main.py:179 [INFO] Until now, best Prec@1 = 83.3400%
07/19 06:29:14午後 trainTeacher_main.py:209 [INFO] Train: [ 60/99] Final Prec@1 99.8178%
07/19 06:29:20午後 trainTeacher_main.py:237 [INFO] Valid: [ 60/99] Final Prec@1 83.5000%
07/19 06:29:21午後 trainTeacher_main.py:179 [INFO] Until now, best Prec@1 = 83.5000%
07/19 06:31:58午後 trainTeacher_main.py:209 [INFO] Train: [ 61/99] Final Prec@1 99.8200%
07/19 06:32:03午後 trainTeacher_main.py:237 [INFO] Valid: [ 61/99] Final Prec@1 83.7200%
07/19 06:32:04午後 trainTeacher_main.py:179 [INFO] Until now, best Prec@1 = 83.7200%
07/19 06:34:36午後 trainTeacher_main.py:209 [INFO] Train: [ 62/99] Final Prec@1 99.7911%
07/19 06:34:41午後 trainTeacher_main.py:237 [INFO] Valid: [ 62/99] Final Prec@1 83.2200%
07/19 06:34:41午後 trainTeacher_main.py:179 [INFO] Until now, best Prec@1 = 83.7200%
07/19 06:37:22午後 trainTeacher_main.py:209 [INFO] Train: [ 63/99] Final Prec@1 99.8178%
07/19 06:37:29午後 trainTeacher_main.py:237 [INFO] Valid: [ 63/99] Final Prec@1 83.8800%
07/19 06:37:29午後 trainTeacher_main.py:179 [INFO] Until now, best Prec@1 = 83.8800%
07/19 06:40:11午後 trainTeacher_main.py:209 [INFO] Train: [ 64/99] Final Prec@1 99.8022%
07/19 06:40:17午後 trainTeacher_main.py:237 [INFO] Valid: [ 64/99] Final Prec@1 83.3400%
07/19 06:40:17午後 trainTeacher_main.py:179 [INFO] Until now, best Prec@1 = 83.8800%
07/19 06:42:58午後 trainTeacher_main.py:209 [INFO] Train: [ 65/99] Final Prec@1 99.7867%
07/19 06:43:04午後 trainTeacher_main.py:237 [INFO] Valid: [ 65/99] Final Prec@1 83.4800%
07/19 06:43:04午後 trainTeacher_main.py:179 [INFO] Until now, best Prec@1 = 83.8800%
07/19 06:45:45午後 trainTeacher_main.py:209 [INFO] Train: [ 66/99] Final Prec@1 99.8044%
07/19 06:45:50午後 trainTeacher_main.py:237 [INFO] Valid: [ 66/99] Final Prec@1 83.8800%
07/19 06:45:51午後 trainTeacher_main.py:179 [INFO] Until now, best Prec@1 = 83.8800%
07/19 06:48:33午後 trainTeacher_main.py:209 [INFO] Train: [ 67/99] Final Prec@1 99.8200%
07/19 06:48:38午後 trainTeacher_main.py:237 [INFO] Valid: [ 67/99] Final Prec@1 83.0800%
07/19 06:48:38午後 trainTeacher_main.py:179 [INFO] Until now, best Prec@1 = 83.8800%
07/19 06:51:20午後 trainTeacher_main.py:209 [INFO] Train: [ 68/99] Final Prec@1 99.8156%
07/19 06:51:26午後 trainTeacher_main.py:237 [INFO] Valid: [ 68/99] Final Prec@1 82.8600%
07/19 06:51:26午後 trainTeacher_main.py:179 [INFO] Until now, best Prec@1 = 83.8800%
07/19 06:54:07午後 trainTeacher_main.py:209 [INFO] Train: [ 69/99] Final Prec@1 99.8533%
07/19 06:54:14午後 trainTeacher_main.py:237 [INFO] Valid: [ 69/99] Final Prec@1 83.4600%
07/19 06:54:14午後 trainTeacher_main.py:179 [INFO] Until now, best Prec@1 = 83.8800%
07/19 06:56:55午後 trainTeacher_main.py:209 [INFO] Train: [ 70/99] Final Prec@1 99.8422%
07/19 06:57:00午後 trainTeacher_main.py:237 [INFO] Valid: [ 70/99] Final Prec@1 83.3200%
07/19 06:57:00午後 trainTeacher_main.py:179 [INFO] Until now, best Prec@1 = 83.8800%
07/19 06:59:40午後 trainTeacher_main.py:209 [INFO] Train: [ 71/99] Final Prec@1 99.8044%
07/19 06:59:45午後 trainTeacher_main.py:237 [INFO] Valid: [ 71/99] Final Prec@1 83.4800%
07/19 06:59:45午後 trainTeacher_main.py:179 [INFO] Until now, best Prec@1 = 83.8800%
07/19 07:02:18午後 trainTeacher_main.py:209 [INFO] Train: [ 72/99] Final Prec@1 99.8156%
07/19 07:02:23午後 trainTeacher_main.py:237 [INFO] Valid: [ 72/99] Final Prec@1 83.6600%
07/19 07:02:23午後 trainTeacher_main.py:179 [INFO] Until now, best Prec@1 = 83.8800%
07/19 07:05:05午後 trainTeacher_main.py:209 [INFO] Train: [ 73/99] Final Prec@1 99.8244%
07/19 07:05:12午後 trainTeacher_main.py:237 [INFO] Valid: [ 73/99] Final Prec@1 83.4600%
07/19 07:05:12午後 trainTeacher_main.py:179 [INFO] Until now, best Prec@1 = 83.8800%
07/19 07:07:51午後 trainTeacher_main.py:209 [INFO] Train: [ 74/99] Final Prec@1 99.8578%
07/19 07:07:58午後 trainTeacher_main.py:237 [INFO] Valid: [ 74/99] Final Prec@1 83.6600%
07/19 07:07:58午後 trainTeacher_main.py:179 [INFO] Until now, best Prec@1 = 83.8800%
07/19 07:10:39午後 trainTeacher_main.py:209 [INFO] Train: [ 75/99] Final Prec@1 99.8178%
07/19 07:10:45午後 trainTeacher_main.py:237 [INFO] Valid: [ 75/99] Final Prec@1 83.5600%
07/19 07:10:45午後 trainTeacher_main.py:179 [INFO] Until now, best Prec@1 = 83.8800%
07/19 07:13:27午後 trainTeacher_main.py:209 [INFO] Train: [ 76/99] Final Prec@1 99.8556%
07/19 07:13:32午後 trainTeacher_main.py:237 [INFO] Valid: [ 76/99] Final Prec@1 83.5400%
07/19 07:13:32午後 trainTeacher_main.py:179 [INFO] Until now, best Prec@1 = 83.8800%
07/19 07:16:14午後 trainTeacher_main.py:209 [INFO] Train: [ 77/99] Final Prec@1 99.8489%
07/19 07:16:20午後 trainTeacher_main.py:237 [INFO] Valid: [ 77/99] Final Prec@1 83.8000%
07/19 07:16:20午後 trainTeacher_main.py:179 [INFO] Until now, best Prec@1 = 83.8800%
07/19 07:19:02午後 trainTeacher_main.py:209 [INFO] Train: [ 78/99] Final Prec@1 99.8622%
07/19 07:19:08午後 trainTeacher_main.py:237 [INFO] Valid: [ 78/99] Final Prec@1 83.7800%
07/19 07:19:08午後 trainTeacher_main.py:179 [INFO] Until now, best Prec@1 = 83.8800%
07/19 07:21:49午後 trainTeacher_main.py:209 [INFO] Train: [ 79/99] Final Prec@1 99.8978%
07/19 07:21:55午後 trainTeacher_main.py:237 [INFO] Valid: [ 79/99] Final Prec@1 83.8800%
07/19 07:21:56午後 trainTeacher_main.py:179 [INFO] Until now, best Prec@1 = 83.8800%
07/19 07:24:36午後 trainTeacher_main.py:209 [INFO] Train: [ 80/99] Final Prec@1 99.8778%
07/19 07:24:42午後 trainTeacher_main.py:237 [INFO] Valid: [ 80/99] Final Prec@1 83.4400%
07/19 07:24:42午後 trainTeacher_main.py:179 [INFO] Until now, best Prec@1 = 83.8800%
07/19 07:27:23午後 trainTeacher_main.py:209 [INFO] Train: [ 81/99] Final Prec@1 99.8422%
07/19 07:27:28午後 trainTeacher_main.py:237 [INFO] Valid: [ 81/99] Final Prec@1 83.1800%
07/19 07:27:28午後 trainTeacher_main.py:179 [INFO] Until now, best Prec@1 = 83.8800%
07/19 07:30:12午後 trainTeacher_main.py:209 [INFO] Train: [ 82/99] Final Prec@1 99.8756%
07/19 07:30:17午後 trainTeacher_main.py:237 [INFO] Valid: [ 82/99] Final Prec@1 83.4600%
07/19 07:30:17午後 trainTeacher_main.py:179 [INFO] Until now, best Prec@1 = 83.8800%
07/19 07:32:58午後 trainTeacher_main.py:209 [INFO] Train: [ 83/99] Final Prec@1 99.8911%
07/19 07:33:05午後 trainTeacher_main.py:237 [INFO] Valid: [ 83/99] Final Prec@1 83.7200%
07/19 07:33:05午後 trainTeacher_main.py:179 [INFO] Until now, best Prec@1 = 83.8800%
07/19 07:35:35午後 trainTeacher_main.py:209 [INFO] Train: [ 84/99] Final Prec@1 99.8800%
07/19 07:35:39午後 trainTeacher_main.py:237 [INFO] Valid: [ 84/99] Final Prec@1 82.8200%
07/19 07:35:40午後 trainTeacher_main.py:179 [INFO] Until now, best Prec@1 = 83.8800%
07/19 07:38:16午後 trainTeacher_main.py:209 [INFO] Train: [ 85/99] Final Prec@1 99.8778%
07/19 07:38:21午後 trainTeacher_main.py:237 [INFO] Valid: [ 85/99] Final Prec@1 83.6800%
07/19 07:38:21午後 trainTeacher_main.py:179 [INFO] Until now, best Prec@1 = 83.8800%
07/19 07:41:03午後 trainTeacher_main.py:209 [INFO] Train: [ 86/99] Final Prec@1 99.8800%
07/19 07:41:08午後 trainTeacher_main.py:237 [INFO] Valid: [ 86/99] Final Prec@1 83.3400%
07/19 07:41:08午後 trainTeacher_main.py:179 [INFO] Until now, best Prec@1 = 83.8800%
07/19 07:43:49午後 trainTeacher_main.py:209 [INFO] Train: [ 87/99] Final Prec@1 99.9000%
07/19 07:43:56午後 trainTeacher_main.py:237 [INFO] Valid: [ 87/99] Final Prec@1 83.3600%
07/19 07:43:56午後 trainTeacher_main.py:179 [INFO] Until now, best Prec@1 = 83.8800%
07/19 07:46:36午後 trainTeacher_main.py:209 [INFO] Train: [ 88/99] Final Prec@1 99.8933%
07/19 07:46:43午後 trainTeacher_main.py:237 [INFO] Valid: [ 88/99] Final Prec@1 83.8600%
07/19 07:46:43午後 trainTeacher_main.py:179 [INFO] Until now, best Prec@1 = 83.8800%
07/19 07:49:23午後 trainTeacher_main.py:209 [INFO] Train: [ 89/99] Final Prec@1 99.8844%
07/19 07:49:29午後 trainTeacher_main.py:237 [INFO] Valid: [ 89/99] Final Prec@1 83.6400%
07/19 07:49:29午後 trainTeacher_main.py:179 [INFO] Until now, best Prec@1 = 83.8800%
07/19 07:52:12午後 trainTeacher_main.py:209 [INFO] Train: [ 90/99] Final Prec@1 99.9333%
07/19 07:52:17午後 trainTeacher_main.py:237 [INFO] Valid: [ 90/99] Final Prec@1 83.6400%
07/19 07:52:17午後 trainTeacher_main.py:179 [INFO] Until now, best Prec@1 = 83.8800%
07/19 07:54:59午後 trainTeacher_main.py:209 [INFO] Train: [ 91/99] Final Prec@1 99.9200%
07/19 07:55:04午後 trainTeacher_main.py:237 [INFO] Valid: [ 91/99] Final Prec@1 83.9200%
07/19 07:55:05午後 trainTeacher_main.py:179 [INFO] Until now, best Prec@1 = 83.9200%
07/19 07:57:45午後 trainTeacher_main.py:209 [INFO] Train: [ 92/99] Final Prec@1 99.8844%
07/19 07:57:51午後 trainTeacher_main.py:237 [INFO] Valid: [ 92/99] Final Prec@1 83.4200%
07/19 07:57:52午後 trainTeacher_main.py:179 [INFO] Until now, best Prec@1 = 83.9200%
07/19 08:00:33午後 trainTeacher_main.py:209 [INFO] Train: [ 93/99] Final Prec@1 99.9133%
07/19 08:00:39午後 trainTeacher_main.py:237 [INFO] Valid: [ 93/99] Final Prec@1 83.4400%
07/19 08:00:39午後 trainTeacher_main.py:179 [INFO] Until now, best Prec@1 = 83.9200%
07/19 08:03:20午後 trainTeacher_main.py:209 [INFO] Train: [ 94/99] Final Prec@1 99.8889%
07/19 08:03:26午後 trainTeacher_main.py:237 [INFO] Valid: [ 94/99] Final Prec@1 84.2600%
07/19 08:03:27午後 trainTeacher_main.py:179 [INFO] Until now, best Prec@1 = 84.2600%
07/19 08:06:08午後 trainTeacher_main.py:209 [INFO] Train: [ 95/99] Final Prec@1 99.8933%
07/19 08:06:13午後 trainTeacher_main.py:237 [INFO] Valid: [ 95/99] Final Prec@1 83.8400%
07/19 08:06:13午後 trainTeacher_main.py:179 [INFO] Until now, best Prec@1 = 84.2600%
07/19 08:08:56午後 trainTeacher_main.py:209 [INFO] Train: [ 96/99] Final Prec@1 99.9111%
07/19 08:09:01午後 trainTeacher_main.py:237 [INFO] Valid: [ 96/99] Final Prec@1 83.1200%
07/19 08:09:01午後 trainTeacher_main.py:179 [INFO] Until now, best Prec@1 = 84.2600%
07/19 08:11:39午後 trainTeacher_main.py:209 [INFO] Train: [ 97/99] Final Prec@1 99.9289%
07/19 08:11:43午後 trainTeacher_main.py:237 [INFO] Valid: [ 97/99] Final Prec@1 83.5000%
07/19 08:11:43午後 trainTeacher_main.py:179 [INFO] Until now, best Prec@1 = 84.2600%
07/19 08:13:23午後 trainTeacher_main.py:209 [INFO] Train: [ 98/99] Final Prec@1 99.9156%
07/19 08:13:27午後 trainTeacher_main.py:237 [INFO] Valid: [ 98/99] Final Prec@1 83.7400%
07/19 08:13:27午後 trainTeacher_main.py:179 [INFO] Until now, best Prec@1 = 84.2600%
07/19 08:16:02午後 trainTeacher_main.py:209 [INFO] Train: [ 99/99] Final Prec@1 99.9089%
07/19 08:16:06午後 trainTeacher_main.py:237 [INFO] Valid: [ 99/99] Final Prec@1 83.3200%
07/19 08:16:06午後 trainTeacher_main.py:179 [INFO] Until now, best Prec@1 = 84.2600%
07/19 08:16:06午後 trainTeacher_main.py:181 [INFO] Final best Prec@1 = 84.2600%
