06/26 03:29:03PM parser.py:28 [INFO] 
06/26 03:29:03PM parser.py:29 [INFO] Parameters:
06/26 03:29:03PM parser.py:31 [INFO] BATCH_SIZE=64
06/26 03:29:03PM parser.py:31 [INFO] CUTOUT_LENGTH=0
06/26 03:29:03PM parser.py:31 [INFO] DATA_PATH=../data/
06/26 03:29:03PM parser.py:31 [INFO] DATASET=cifar10
06/26 03:29:03PM parser.py:31 [INFO] EPOCHS=25
06/26 03:29:03PM parser.py:31 [INFO] EXP_NAME=E25-20240626-152903
06/26 03:29:03PM parser.py:31 [INFO] GPUS=[0]
06/26 03:29:03PM parser.py:31 [INFO] LOCAL_RANK=0
06/26 03:29:03PM parser.py:31 [INFO] LOGGER=<Logger H-DAS (INFO)>
06/26 03:29:03PM parser.py:31 [INFO] MODEL_NAME=tf_efficientnetv2_s
06/26 03:29:03PM parser.py:31 [INFO] NAME=FINETUNE
06/26 03:29:03PM parser.py:31 [INFO] PATH=results/teacher/cifar10/tf_efficientnetv2_s/FINETUNE/E25-20240626-152903
06/26 03:29:03PM parser.py:31 [INFO] PLOT_PATH=results/teacher/cifar10/tf_efficientnetv2_s/FINETUNE/E25-20240626-152903/plots
06/26 03:29:03PM parser.py:31 [INFO] PRINT_FREQ=50
06/26 03:29:03PM parser.py:31 [INFO] RESUME_PATH=None
06/26 03:29:03PM parser.py:31 [INFO] SAVE=E25
06/26 03:29:03PM parser.py:31 [INFO] SEED=0
06/26 03:29:03PM parser.py:31 [INFO] TRAIN_PORTION=1.0
06/26 03:29:03PM parser.py:31 [INFO] W_GRAD_CLIP=5.0
06/26 03:29:03PM parser.py:31 [INFO] W_LR=0.025
06/26 03:29:03PM parser.py:31 [INFO] W_LR_MIN=0.001
06/26 03:29:03PM parser.py:31 [INFO] W_MOMENTUM=0.9
06/26 03:29:03PM parser.py:31 [INFO] W_WEIGHT_DECAY=0.0003
06/26 03:29:03PM parser.py:31 [INFO] WORKERS=4
06/26 03:29:03PM parser.py:32 [INFO] 
06/26 03:29:09PM finetuneTeacher_trainer.py:109 [INFO] --> No loaded checkpoint!
06/26 03:29:14PM finetuneTeacher_trainer.py:171 [INFO] Train: Epoch: [0][50/781]	Step 50	lr 0.025	Loss 1.9618 (3.8966)	Prec@(1,5) (16.8%, 60.2%)	
06/26 03:29:17PM finetuneTeacher_trainer.py:171 [INFO] Train: Epoch: [0][100/781]	Step 100	lr 0.025	Loss 1.6316 (2.8738)	Prec@(1,5) (25.8%, 71.1%)	
06/26 03:29:20PM finetuneTeacher_trainer.py:171 [INFO] Train: Epoch: [0][150/781]	Step 150	lr 0.025	Loss 1.5153 (2.4098)	Prec@(1,5) (33.2%, 77.9%)	
06/26 03:29:23PM finetuneTeacher_trainer.py:171 [INFO] Train: Epoch: [0][200/781]	Step 200	lr 0.025	Loss 1.2559 (2.1324)	Prec@(1,5) (38.5%, 81.8%)	
06/26 03:29:26PM finetuneTeacher_trainer.py:171 [INFO] Train: Epoch: [0][250/781]	Step 250	lr 0.025	Loss 1.2955 (1.9453)	Prec@(1,5) (42.5%, 84.5%)	
06/26 03:29:30PM finetuneTeacher_trainer.py:171 [INFO] Train: Epoch: [0][300/781]	Step 300	lr 0.025	Loss 1.2228 (1.8035)	Prec@(1,5) (45.7%, 86.4%)	
06/26 03:29:32PM finetuneTeacher_trainer.py:171 [INFO] Train: Epoch: [0][350/781]	Step 350	lr 0.025	Loss 0.9251 (1.6973)	Prec@(1,5) (48.0%, 87.8%)	
06/26 03:29:35PM finetuneTeacher_trainer.py:171 [INFO] Train: Epoch: [0][400/781]	Step 400	lr 0.025	Loss 0.9245 (1.6066)	Prec@(1,5) (50.3%, 88.9%)	
06/26 03:29:38PM finetuneTeacher_trainer.py:171 [INFO] Train: Epoch: [0][450/781]	Step 450	lr 0.025	Loss 1.2866 (1.5247)	Prec@(1,5) (52.6%, 89.8%)	
06/26 03:29:40PM finetuneTeacher_trainer.py:171 [INFO] Train: Epoch: [0][500/781]	Step 500	lr 0.025	Loss 1.1109 (1.4610)	Prec@(1,5) (54.3%, 90.6%)	
06/26 03:29:43PM finetuneTeacher_trainer.py:171 [INFO] Train: Epoch: [0][550/781]	Step 550	lr 0.025	Loss 0.9104 (1.4047)	Prec@(1,5) (55.8%, 91.2%)	
06/26 03:29:46PM finetuneTeacher_trainer.py:171 [INFO] Train: Epoch: [0][600/781]	Step 600	lr 0.025	Loss 0.9936 (1.3623)	Prec@(1,5) (56.9%, 91.7%)	
06/26 03:29:48PM finetuneTeacher_trainer.py:171 [INFO] Train: Epoch: [0][650/781]	Step 650	lr 0.025	Loss 0.9980 (1.3282)	Prec@(1,5) (57.8%, 92.1%)	
06/26 03:29:51PM finetuneTeacher_trainer.py:171 [INFO] Train: Epoch: [0][700/781]	Step 700	lr 0.025	Loss 0.7502 (1.2946)	Prec@(1,5) (58.7%, 92.5%)	
06/26 03:29:54PM finetuneTeacher_trainer.py:171 [INFO] Train: Epoch: [0][750/781]	Step 750	lr 0.025	Loss 0.9120 (1.2658)	Prec@(1,5) (59.5%, 92.8%)	
06/26 03:29:55PM finetuneTeacher_trainer.py:171 [INFO] Train: Epoch: [0][781/781]	Step 781	lr 0.025	Loss 0.6619 (1.2457)	Prec@(1,5) (60.0%, 93.0%)	
06/26 03:29:56PM finetuneTeacher_trainer.py:181 [INFO] Train: [  0/24] Final Prec@1 60.0400%
06/26 03:29:57PM finetuneTeacher_trainer.py:209 [INFO] Valid: Epoch: [0][50/391]	Step 782	Loss 0.7382	Prec@(1,5) (74.3%, 98.4%)
06/26 03:29:58PM finetuneTeacher_trainer.py:209 [INFO] Valid: Epoch: [0][100/391]	Step 782	Loss 0.7373	Prec@(1,5) (74.5%, 98.4%)
06/26 03:29:59PM finetuneTeacher_trainer.py:209 [INFO] Valid: Epoch: [0][150/391]	Step 782	Loss 0.7318	Prec@(1,5) (74.4%, 98.6%)
06/26 03:30:00PM finetuneTeacher_trainer.py:209 [INFO] Valid: Epoch: [0][200/391]	Step 782	Loss 0.7289	Prec@(1,5) (74.5%, 98.6%)
06/26 03:30:00PM finetuneTeacher_trainer.py:209 [INFO] Valid: Epoch: [0][250/391]	Step 782	Loss 0.7364	Prec@(1,5) (74.3%, 98.6%)
06/26 03:30:01PM finetuneTeacher_trainer.py:209 [INFO] Valid: Epoch: [0][300/391]	Step 782	Loss 0.7423	Prec@(1,5) (74.2%, 98.6%)
06/26 03:30:02PM finetuneTeacher_trainer.py:209 [INFO] Valid: Epoch: [0][350/391]	Step 782	Loss 0.7424	Prec@(1,5) (74.1%, 98.6%)
06/26 03:30:03PM finetuneTeacher_trainer.py:209 [INFO] Valid: Epoch: [0][390/391]	Step 782	Loss 0.7427	Prec@(1,5) (74.1%, 98.5%)
06/26 03:30:03PM finetuneTeacher_trainer.py:216 [INFO] Valid: [  0/24] Final Prec@1 74.0840%
06/26 03:30:04午後 finetuneTeacher_main.py:54 [INFO] Until now, best Prec@1 = 74.0840%
06/26 03:30:08午後 finetuneTeacher_trainer.py:171 [INFO] Train: Epoch: [1][50/781]	Step 832	lr 0.02491	Loss 0.7782 (0.8015)	Prec@(1,5) (72.5%, 98.3%)	
06/26 03:30:12午後 finetuneTeacher_trainer.py:171 [INFO] Train: Epoch: [1][100/781]	Step 882	lr 0.02491	Loss 0.8945 (0.7823)	Prec@(1,5) (72.8%, 98.5%)	
06/26 03:30:15午後 finetuneTeacher_trainer.py:171 [INFO] Train: Epoch: [1][150/781]	Step 932	lr 0.02491	Loss 0.7849 (0.7791)	Prec@(1,5) (73.3%, 98.3%)	
06/26 03:30:19午後 finetuneTeacher_trainer.py:171 [INFO] Train: Epoch: [1][200/781]	Step 982	lr 0.02491	Loss 0.7480 (0.7747)	Prec@(1,5) (73.5%, 98.2%)	
06/26 03:30:22午後 finetuneTeacher_trainer.py:171 [INFO] Train: Epoch: [1][250/781]	Step 1032	lr 0.02491	Loss 0.8357 (0.7761)	Prec@(1,5) (73.3%, 98.2%)	
06/26 03:30:26午後 finetuneTeacher_trainer.py:171 [INFO] Train: Epoch: [1][300/781]	Step 1082	lr 0.02491	Loss 0.6770 (0.7696)	Prec@(1,5) (73.6%, 98.2%)	
06/26 03:30:29午後 finetuneTeacher_trainer.py:171 [INFO] Train: Epoch: [1][350/781]	Step 1132	lr 0.02491	Loss 0.7600 (0.7634)	Prec@(1,5) (73.7%, 98.2%)	
06/26 03:30:33午後 finetuneTeacher_trainer.py:171 [INFO] Train: Epoch: [1][400/781]	Step 1182	lr 0.02491	Loss 0.8069 (0.7610)	Prec@(1,5) (73.8%, 98.2%)	
06/26 03:30:36午後 finetuneTeacher_trainer.py:171 [INFO] Train: Epoch: [1][450/781]	Step 1232	lr 0.02491	Loss 0.7070 (0.7616)	Prec@(1,5) (73.7%, 98.2%)	
06/26 03:30:39午後 finetuneTeacher_trainer.py:171 [INFO] Train: Epoch: [1][500/781]	Step 1282	lr 0.02491	Loss 0.6571 (0.7577)	Prec@(1,5) (73.8%, 98.2%)	
06/26 03:30:42午後 finetuneTeacher_trainer.py:171 [INFO] Train: Epoch: [1][550/781]	Step 1332	lr 0.02491	Loss 0.8088 (0.7569)	Prec@(1,5) (73.8%, 98.2%)	
06/26 03:30:46午後 finetuneTeacher_trainer.py:171 [INFO] Train: Epoch: [1][600/781]	Step 1382	lr 0.02491	Loss 0.4975 (0.7568)	Prec@(1,5) (73.8%, 98.1%)	
06/26 03:30:49午後 finetuneTeacher_trainer.py:171 [INFO] Train: Epoch: [1][650/781]	Step 1432	lr 0.02491	Loss 0.7449 (0.7572)	Prec@(1,5) (73.8%, 98.1%)	
06/26 03:30:53午後 finetuneTeacher_trainer.py:171 [INFO] Train: Epoch: [1][700/781]	Step 1482	lr 0.02491	Loss 0.5518 (0.7516)	Prec@(1,5) (74.0%, 98.2%)	
06/26 03:30:56午後 finetuneTeacher_trainer.py:171 [INFO] Train: Epoch: [1][750/781]	Step 1532	lr 0.02491	Loss 0.5691 (0.7482)	Prec@(1,5) (74.2%, 98.2%)	
06/26 03:30:58午後 finetuneTeacher_trainer.py:171 [INFO] Train: Epoch: [1][781/781]	Step 1563	lr 0.02491	Loss 0.4899 (0.7443)	Prec@(1,5) (74.4%, 98.2%)	
06/26 03:30:59午後 finetuneTeacher_trainer.py:181 [INFO] Train: [  1/24] Final Prec@1 74.3560%
06/26 03:31:00午後 finetuneTeacher_trainer.py:209 [INFO] Valid: Epoch: [1][50/391]	Step 1564	Loss 0.5677	Prec@(1,5) (80.7%, 99.1%)
06/26 03:31:00午後 finetuneTeacher_trainer.py:209 [INFO] Valid: Epoch: [1][100/391]	Step 1564	Loss 0.5610	Prec@(1,5) (80.7%, 99.2%)
06/26 03:31:01午後 finetuneTeacher_trainer.py:209 [INFO] Valid: Epoch: [1][150/391]	Step 1564	Loss 0.5693	Prec@(1,5) (80.3%, 99.2%)
06/26 03:31:02午後 finetuneTeacher_trainer.py:209 [INFO] Valid: Epoch: [1][200/391]	Step 1564	Loss 0.5710	Prec@(1,5) (80.2%, 99.1%)
06/26 03:31:03午後 finetuneTeacher_trainer.py:209 [INFO] Valid: Epoch: [1][250/391]	Step 1564	Loss 0.5671	Prec@(1,5) (80.3%, 99.1%)
06/26 03:31:03午後 finetuneTeacher_trainer.py:209 [INFO] Valid: Epoch: [1][300/391]	Step 1564	Loss 0.5704	Prec@(1,5) (80.4%, 99.1%)
06/26 03:31:04午後 finetuneTeacher_trainer.py:209 [INFO] Valid: Epoch: [1][350/391]	Step 1564	Loss 0.5688	Prec@(1,5) (80.5%, 99.1%)
06/26 03:31:05午後 finetuneTeacher_trainer.py:209 [INFO] Valid: Epoch: [1][390/391]	Step 1564	Loss 0.5688	Prec@(1,5) (80.4%, 99.1%)
06/26 03:31:05午後 finetuneTeacher_trainer.py:216 [INFO] Valid: [  1/24] Final Prec@1 80.4040%
06/26 03:31:05午後 finetuneTeacher_main.py:54 [INFO] Until now, best Prec@1 = 80.4040%
06/26 03:31:10午後 finetuneTeacher_trainer.py:171 [INFO] Train: Epoch: [2][50/781]	Step 1614	lr 0.02462	Loss 0.5951 (0.6801)	Prec@(1,5) (77.8%, 98.4%)	
06/26 03:31:13午後 finetuneTeacher_trainer.py:171 [INFO] Train: Epoch: [2][100/781]	Step 1664	lr 0.02462	Loss 0.6149 (0.6524)	Prec@(1,5) (78.4%, 98.6%)	
06/26 03:31:17午後 finetuneTeacher_trainer.py:171 [INFO] Train: Epoch: [2][150/781]	Step 1714	lr 0.02462	Loss 0.4029 (0.6383)	Prec@(1,5) (78.8%, 98.7%)	
06/26 03:31:20午後 finetuneTeacher_trainer.py:171 [INFO] Train: Epoch: [2][200/781]	Step 1764	lr 0.02462	Loss 0.7032 (0.6266)	Prec@(1,5) (79.0%, 98.8%)	
06/26 03:31:23午後 finetuneTeacher_trainer.py:171 [INFO] Train: Epoch: [2][250/781]	Step 1814	lr 0.02462	Loss 0.6638 (0.6259)	Prec@(1,5) (78.9%, 98.8%)	
06/26 03:31:27午後 finetuneTeacher_trainer.py:171 [INFO] Train: Epoch: [2][300/781]	Step 1864	lr 0.02462	Loss 0.5645 (0.6239)	Prec@(1,5) (79.0%, 98.9%)	
06/26 03:31:30午後 finetuneTeacher_trainer.py:171 [INFO] Train: Epoch: [2][350/781]	Step 1914	lr 0.02462	Loss 0.4038 (0.6175)	Prec@(1,5) (79.1%, 98.9%)	
06/26 03:31:34午後 finetuneTeacher_trainer.py:171 [INFO] Train: Epoch: [2][400/781]	Step 1964	lr 0.02462	Loss 0.4190 (0.6157)	Prec@(1,5) (79.2%, 98.9%)	
06/26 03:31:37午後 finetuneTeacher_trainer.py:171 [INFO] Train: Epoch: [2][450/781]	Step 2014	lr 0.02462	Loss 0.5382 (0.6093)	Prec@(1,5) (79.4%, 98.9%)	
06/26 03:31:40午後 finetuneTeacher_trainer.py:171 [INFO] Train: Epoch: [2][500/781]	Step 2064	lr 0.02462	Loss 0.5285 (0.6087)	Prec@(1,5) (79.4%, 98.9%)	
06/26 03:31:44午後 finetuneTeacher_trainer.py:171 [INFO] Train: Epoch: [2][550/781]	Step 2114	lr 0.02462	Loss 0.5207 (0.6063)	Prec@(1,5) (79.5%, 98.9%)	
06/26 03:31:47午後 finetuneTeacher_trainer.py:171 [INFO] Train: Epoch: [2][600/781]	Step 2164	lr 0.02462	Loss 0.5111 (0.6037)	Prec@(1,5) (79.6%, 98.9%)	
06/26 03:31:50午後 finetuneTeacher_trainer.py:171 [INFO] Train: Epoch: [2][650/781]	Step 2214	lr 0.02462	Loss 0.6592 (0.6034)	Prec@(1,5) (79.6%, 98.9%)	
06/26 03:31:53午後 finetuneTeacher_trainer.py:171 [INFO] Train: Epoch: [2][700/781]	Step 2264	lr 0.02462	Loss 0.6350 (0.6006)	Prec@(1,5) (79.7%, 98.9%)	
06/26 03:31:57午後 finetuneTeacher_trainer.py:171 [INFO] Train: Epoch: [2][750/781]	Step 2314	lr 0.02462	Loss 0.4696 (0.5969)	Prec@(1,5) (79.8%, 98.9%)	
06/26 03:31:59午後 finetuneTeacher_trainer.py:171 [INFO] Train: Epoch: [2][781/781]	Step 2345	lr 0.02462	Loss 0.5318 (0.5964)	Prec@(1,5) (79.9%, 98.9%)	
06/26 03:31:59午後 finetuneTeacher_trainer.py:181 [INFO] Train: [  2/24] Final Prec@1 79.8520%
06/26 03:32:00午後 finetuneTeacher_trainer.py:209 [INFO] Valid: Epoch: [2][50/391]	Step 2346	Loss 0.4918	Prec@(1,5) (84.1%, 99.1%)
06/26 03:32:00午後 finetuneTeacher_trainer.py:209 [INFO] Valid: Epoch: [2][100/391]	Step 2346	Loss 0.4874	Prec@(1,5) (83.9%, 99.3%)
06/26 03:32:01午後 finetuneTeacher_trainer.py:209 [INFO] Valid: Epoch: [2][150/391]	Step 2346	Loss 0.4779	Prec@(1,5) (84.1%, 99.3%)
06/26 03:32:02午後 finetuneTeacher_trainer.py:209 [INFO] Valid: Epoch: [2][200/391]	Step 2346	Loss 0.4808	Prec@(1,5) (83.9%, 99.2%)
06/26 03:32:03午後 finetuneTeacher_trainer.py:209 [INFO] Valid: Epoch: [2][250/391]	Step 2346	Loss 0.4856	Prec@(1,5) (83.6%, 99.3%)
06/26 03:32:03午後 finetuneTeacher_trainer.py:209 [INFO] Valid: Epoch: [2][300/391]	Step 2346	Loss 0.4841	Prec@(1,5) (83.6%, 99.3%)
06/26 03:32:04午後 finetuneTeacher_trainer.py:209 [INFO] Valid: Epoch: [2][350/391]	Step 2346	Loss 0.4842	Prec@(1,5) (83.6%, 99.3%)
06/26 03:32:05午後 finetuneTeacher_trainer.py:209 [INFO] Valid: Epoch: [2][390/391]	Step 2346	Loss 0.4842	Prec@(1,5) (83.6%, 99.3%)
06/26 03:32:05午後 finetuneTeacher_trainer.py:216 [INFO] Valid: [  2/24] Final Prec@1 83.6360%
06/26 03:32:06午後 finetuneTeacher_main.py:54 [INFO] Until now, best Prec@1 = 83.6360%
06/26 03:32:10午後 finetuneTeacher_trainer.py:171 [INFO] Train: Epoch: [3][50/781]	Step 2396	lr 0.02416	Loss 0.4002 (0.5259)	Prec@(1,5) (81.2%, 99.1%)	
06/26 03:32:13午後 finetuneTeacher_trainer.py:171 [INFO] Train: Epoch: [3][100/781]	Step 2446	lr 0.02416	Loss 0.4459 (0.5127)	Prec@(1,5) (82.1%, 99.1%)	
06/26 03:32:16午後 finetuneTeacher_trainer.py:171 [INFO] Train: Epoch: [3][150/781]	Step 2496	lr 0.02416	Loss 0.5600 (0.5093)	Prec@(1,5) (82.5%, 99.2%)	
06/26 03:32:20午後 finetuneTeacher_trainer.py:171 [INFO] Train: Epoch: [3][200/781]	Step 2546	lr 0.02416	Loss 0.4295 (0.4986)	Prec@(1,5) (83.0%, 99.2%)	
06/26 03:32:23午後 finetuneTeacher_trainer.py:171 [INFO] Train: Epoch: [3][250/781]	Step 2596	lr 0.02416	Loss 0.3968 (0.4991)	Prec@(1,5) (82.8%, 99.2%)	
06/26 03:32:26午後 finetuneTeacher_trainer.py:171 [INFO] Train: Epoch: [3][300/781]	Step 2646	lr 0.02416	Loss 0.4094 (0.5049)	Prec@(1,5) (82.6%, 99.2%)	
06/26 03:32:30午後 finetuneTeacher_trainer.py:171 [INFO] Train: Epoch: [3][350/781]	Step 2696	lr 0.02416	Loss 0.4816 (0.5071)	Prec@(1,5) (82.5%, 99.2%)	
06/26 03:32:33午後 finetuneTeacher_trainer.py:171 [INFO] Train: Epoch: [3][400/781]	Step 2746	lr 0.02416	Loss 0.4764 (0.5146)	Prec@(1,5) (82.3%, 99.1%)	
06/26 03:32:37午後 finetuneTeacher_trainer.py:171 [INFO] Train: Epoch: [3][450/781]	Step 2796	lr 0.02416	Loss 0.5711 (0.5268)	Prec@(1,5) (82.0%, 99.1%)	
06/26 03:32:40午後 finetuneTeacher_trainer.py:171 [INFO] Train: Epoch: [3][500/781]	Step 2846	lr 0.02416	Loss 0.5015 (0.5338)	Prec@(1,5) (81.7%, 99.0%)	
06/26 03:32:43午後 finetuneTeacher_trainer.py:171 [INFO] Train: Epoch: [3][550/781]	Step 2896	lr 0.02416	Loss 0.6741 (0.5362)	Prec@(1,5) (81.6%, 99.1%)	
06/26 03:32:46午後 finetuneTeacher_trainer.py:171 [INFO] Train: Epoch: [3][600/781]	Step 2946	lr 0.02416	Loss 0.4528 (0.5331)	Prec@(1,5) (81.7%, 99.1%)	
06/26 03:32:49午後 finetuneTeacher_trainer.py:171 [INFO] Train: Epoch: [3][650/781]	Step 2996	lr 0.02416	Loss 0.4945 (0.5308)	Prec@(1,5) (81.7%, 99.1%)	
06/26 03:32:52午後 finetuneTeacher_trainer.py:171 [INFO] Train: Epoch: [3][700/781]	Step 3046	lr 0.02416	Loss 0.5998 (0.5323)	Prec@(1,5) (81.7%, 99.1%)	
06/26 03:32:56午後 finetuneTeacher_trainer.py:171 [INFO] Train: Epoch: [3][750/781]	Step 3096	lr 0.02416	Loss 0.5814 (0.5346)	Prec@(1,5) (81.7%, 99.1%)	
06/26 03:32:58午後 finetuneTeacher_trainer.py:171 [INFO] Train: Epoch: [3][781/781]	Step 3127	lr 0.02416	Loss 0.4238 (0.5349)	Prec@(1,5) (81.7%, 99.1%)	
06/26 03:32:58午後 finetuneTeacher_trainer.py:181 [INFO] Train: [  3/24] Final Prec@1 81.6680%
06/26 03:32:59午後 finetuneTeacher_trainer.py:209 [INFO] Valid: Epoch: [3][50/391]	Step 3128	Loss 0.4562	Prec@(1,5) (84.5%, 99.3%)
06/26 03:33:00午後 finetuneTeacher_trainer.py:209 [INFO] Valid: Epoch: [3][100/391]	Step 3128	Loss 0.4637	Prec@(1,5) (84.0%, 99.2%)
06/26 03:33:00午後 finetuneTeacher_trainer.py:209 [INFO] Valid: Epoch: [3][150/391]	Step 3128	Loss 0.4597	Prec@(1,5) (84.2%, 99.2%)
06/26 03:33:01午後 finetuneTeacher_trainer.py:209 [INFO] Valid: Epoch: [3][200/391]	Step 3128	Loss 0.4611	Prec@(1,5) (84.0%, 99.3%)
06/26 03:33:02午後 finetuneTeacher_trainer.py:209 [INFO] Valid: Epoch: [3][250/391]	Step 3128	Loss 0.4657	Prec@(1,5) (83.8%, 99.3%)
06/26 03:33:03午後 finetuneTeacher_trainer.py:209 [INFO] Valid: Epoch: [3][300/391]	Step 3128	Loss 0.4670	Prec@(1,5) (83.8%, 99.3%)
06/26 03:33:03午後 finetuneTeacher_trainer.py:209 [INFO] Valid: Epoch: [3][350/391]	Step 3128	Loss 0.4684	Prec@(1,5) (83.8%, 99.3%)
06/26 03:33:04午後 finetuneTeacher_trainer.py:209 [INFO] Valid: Epoch: [3][390/391]	Step 3128	Loss 0.4662	Prec@(1,5) (83.9%, 99.3%)
06/26 03:33:04午後 finetuneTeacher_trainer.py:216 [INFO] Valid: [  3/24] Final Prec@1 83.8560%
06/26 03:33:05午後 finetuneTeacher_main.py:54 [INFO] Until now, best Prec@1 = 83.8560%
06/26 03:33:08午後 finetuneTeacher_trainer.py:171 [INFO] Train: Epoch: [4][50/781]	Step 3178	lr 0.02352	Loss 0.4810 (0.5216)	Prec@(1,5) (82.2%, 99.2%)	
06/26 03:33:12午後 finetuneTeacher_trainer.py:171 [INFO] Train: Epoch: [4][100/781]	Step 3228	lr 0.02352	Loss 0.5314 (0.5420)	Prec@(1,5) (81.3%, 99.1%)	
06/26 03:33:15午後 finetuneTeacher_trainer.py:171 [INFO] Train: Epoch: [4][150/781]	Step 3278	lr 0.02352	Loss 0.9612 (0.5363)	Prec@(1,5) (81.6%, 99.1%)	
06/26 03:33:19午後 finetuneTeacher_trainer.py:171 [INFO] Train: Epoch: [4][200/781]	Step 3328	lr 0.02352	Loss 0.5038 (0.5346)	Prec@(1,5) (81.8%, 99.0%)	
06/26 03:33:22午後 finetuneTeacher_trainer.py:171 [INFO] Train: Epoch: [4][250/781]	Step 3378	lr 0.02352	Loss 0.5264 (0.5263)	Prec@(1,5) (82.0%, 99.1%)	
06/26 03:33:26午後 finetuneTeacher_trainer.py:171 [INFO] Train: Epoch: [4][300/781]	Step 3428	lr 0.02352	Loss 0.4542 (0.5238)	Prec@(1,5) (82.1%, 99.1%)	
06/26 03:33:29午後 finetuneTeacher_trainer.py:171 [INFO] Train: Epoch: [4][350/781]	Step 3478	lr 0.02352	Loss 0.3203 (0.5175)	Prec@(1,5) (82.4%, 99.2%)	
06/26 03:33:32午後 finetuneTeacher_trainer.py:171 [INFO] Train: Epoch: [4][400/781]	Step 3528	lr 0.02352	Loss 0.4858 (0.5157)	Prec@(1,5) (82.4%, 99.2%)	
06/26 03:33:35午後 finetuneTeacher_trainer.py:171 [INFO] Train: Epoch: [4][450/781]	Step 3578	lr 0.02352	Loss 0.5343 (0.5101)	Prec@(1,5) (82.6%, 99.2%)	
06/26 03:33:39午後 finetuneTeacher_trainer.py:171 [INFO] Train: Epoch: [4][500/781]	Step 3628	lr 0.02352	Loss 0.5520 (0.5077)	Prec@(1,5) (82.8%, 99.2%)	
06/26 03:33:42午後 finetuneTeacher_trainer.py:171 [INFO] Train: Epoch: [4][550/781]	Step 3678	lr 0.02352	Loss 0.4895 (0.5060)	Prec@(1,5) (82.9%, 99.2%)	
06/26 03:33:46午後 finetuneTeacher_trainer.py:171 [INFO] Train: Epoch: [4][600/781]	Step 3728	lr 0.02352	Loss 0.6791 (0.5080)	Prec@(1,5) (82.8%, 99.2%)	
06/26 03:33:49午後 finetuneTeacher_trainer.py:171 [INFO] Train: Epoch: [4][650/781]	Step 3778	lr 0.02352	Loss 0.4151 (0.5084)	Prec@(1,5) (82.9%, 99.1%)	
06/26 03:33:53午後 finetuneTeacher_trainer.py:171 [INFO] Train: Epoch: [4][700/781]	Step 3828	lr 0.02352	Loss 0.2532 (0.5068)	Prec@(1,5) (82.9%, 99.1%)	
06/26 03:33:56午後 finetuneTeacher_trainer.py:171 [INFO] Train: Epoch: [4][750/781]	Step 3878	lr 0.02352	Loss 0.4508 (0.5039)	Prec@(1,5) (82.9%, 99.2%)	
06/26 03:33:58午後 finetuneTeacher_trainer.py:171 [INFO] Train: Epoch: [4][781/781]	Step 3909	lr 0.02352	Loss 0.2705 (0.5037)	Prec@(1,5) (82.9%, 99.2%)	
06/26 03:33:58午後 finetuneTeacher_trainer.py:181 [INFO] Train: [  4/24] Final Prec@1 82.9180%
06/26 03:33:59午後 finetuneTeacher_trainer.py:209 [INFO] Valid: Epoch: [4][50/391]	Step 3910	Loss 0.4094	Prec@(1,5) (85.8%, 99.6%)
06/26 03:34:00午後 finetuneTeacher_trainer.py:209 [INFO] Valid: Epoch: [4][100/391]	Step 3910	Loss 0.4134	Prec@(1,5) (85.9%, 99.5%)
06/26 03:34:01午後 finetuneTeacher_trainer.py:209 [INFO] Valid: Epoch: [4][150/391]	Step 3910	Loss 0.4100	Prec@(1,5) (86.1%, 99.5%)
06/26 03:34:02午後 finetuneTeacher_trainer.py:209 [INFO] Valid: Epoch: [4][200/391]	Step 3910	Loss 0.4211	Prec@(1,5) (85.7%, 99.5%)
06/26 03:34:02午後 finetuneTeacher_trainer.py:209 [INFO] Valid: Epoch: [4][250/391]	Step 3910	Loss 0.4185	Prec@(1,5) (85.9%, 99.4%)
06/26 03:34:03午後 finetuneTeacher_trainer.py:209 [INFO] Valid: Epoch: [4][300/391]	Step 3910	Loss 0.4218	Prec@(1,5) (85.8%, 99.5%)
06/26 03:34:04午後 finetuneTeacher_trainer.py:209 [INFO] Valid: Epoch: [4][350/391]	Step 3910	Loss 0.4204	Prec@(1,5) (85.8%, 99.5%)
06/26 03:34:04午後 finetuneTeacher_trainer.py:209 [INFO] Valid: Epoch: [4][390/391]	Step 3910	Loss 0.4210	Prec@(1,5) (85.7%, 99.5%)
06/26 03:34:04午後 finetuneTeacher_trainer.py:216 [INFO] Valid: [  4/24] Final Prec@1 85.7000%
06/26 03:34:05午後 finetuneTeacher_main.py:54 [INFO] Until now, best Prec@1 = 85.7000%
06/26 03:34:09午後 finetuneTeacher_trainer.py:171 [INFO] Train: Epoch: [5][50/781]	Step 3960	lr 0.02271	Loss 0.6108 (0.4549)	Prec@(1,5) (84.2%, 99.6%)	
06/26 03:34:11午後 finetuneTeacher_trainer.py:171 [INFO] Train: Epoch: [5][100/781]	Step 4010	lr 0.02271	Loss 0.4100 (0.4567)	Prec@(1,5) (84.3%, 99.5%)	
06/26 03:34:15午後 finetuneTeacher_trainer.py:171 [INFO] Train: Epoch: [5][150/781]	Step 4060	lr 0.02271	Loss 0.5080 (0.4410)	Prec@(1,5) (84.8%, 99.4%)	
06/26 03:34:19午後 finetuneTeacher_trainer.py:171 [INFO] Train: Epoch: [5][200/781]	Step 4110	lr 0.02271	Loss 0.4760 (0.4408)	Prec@(1,5) (84.9%, 99.4%)	
06/26 03:34:22午後 finetuneTeacher_trainer.py:171 [INFO] Train: Epoch: [5][250/781]	Step 4160	lr 0.02271	Loss 0.2354 (0.4381)	Prec@(1,5) (85.0%, 99.5%)	
06/26 03:34:26午後 finetuneTeacher_trainer.py:171 [INFO] Train: Epoch: [5][300/781]	Step 4210	lr 0.02271	Loss 0.3964 (0.4384)	Prec@(1,5) (85.0%, 99.5%)	
06/26 03:34:30午後 finetuneTeacher_trainer.py:171 [INFO] Train: Epoch: [5][350/781]	Step 4260	lr 0.02271	Loss 0.5020 (0.4360)	Prec@(1,5) (85.1%, 99.5%)	
06/26 03:34:34午後 finetuneTeacher_trainer.py:171 [INFO] Train: Epoch: [5][400/781]	Step 4310	lr 0.02271	Loss 0.4426 (0.4385)	Prec@(1,5) (84.9%, 99.5%)	
06/26 03:34:37午後 finetuneTeacher_trainer.py:171 [INFO] Train: Epoch: [5][450/781]	Step 4360	lr 0.02271	Loss 0.5408 (0.4340)	Prec@(1,5) (85.1%, 99.5%)	
06/26 03:34:41午後 finetuneTeacher_trainer.py:171 [INFO] Train: Epoch: [5][500/781]	Step 4410	lr 0.02271	Loss 0.4895 (0.4343)	Prec@(1,5) (85.1%, 99.5%)	
06/26 03:34:44午後 finetuneTeacher_trainer.py:171 [INFO] Train: Epoch: [5][550/781]	Step 4460	lr 0.02271	Loss 0.4630 (0.4329)	Prec@(1,5) (85.2%, 99.5%)	
06/26 03:34:48午後 finetuneTeacher_trainer.py:171 [INFO] Train: Epoch: [5][600/781]	Step 4510	lr 0.02271	Loss 0.4740 (0.4330)	Prec@(1,5) (85.2%, 99.5%)	
06/26 03:34:51午後 finetuneTeacher_trainer.py:171 [INFO] Train: Epoch: [5][650/781]	Step 4560	lr 0.02271	Loss 0.2412 (0.4314)	Prec@(1,5) (85.2%, 99.5%)	
06/26 03:34:55午後 finetuneTeacher_trainer.py:171 [INFO] Train: Epoch: [5][700/781]	Step 4610	lr 0.02271	Loss 0.3023 (0.4295)	Prec@(1,5) (85.3%, 99.5%)	
06/26 03:34:58午後 finetuneTeacher_trainer.py:171 [INFO] Train: Epoch: [5][750/781]	Step 4660	lr 0.02271	Loss 0.4786 (0.4323)	Prec@(1,5) (85.3%, 99.5%)	
06/26 03:35:01午後 finetuneTeacher_trainer.py:171 [INFO] Train: Epoch: [5][781/781]	Step 4691	lr 0.02271	Loss 0.6235 (0.4327)	Prec@(1,5) (85.2%, 99.5%)	
06/26 03:35:01午後 finetuneTeacher_trainer.py:181 [INFO] Train: [  5/24] Final Prec@1 85.2200%
06/26 03:35:02午後 finetuneTeacher_trainer.py:209 [INFO] Valid: Epoch: [5][50/391]	Step 4692	Loss 0.4100	Prec@(1,5) (85.7%, 99.5%)
06/26 03:35:02午後 finetuneTeacher_trainer.py:209 [INFO] Valid: Epoch: [5][100/391]	Step 4692	Loss 0.3938	Prec@(1,5) (85.8%, 99.5%)
06/26 03:35:03午後 finetuneTeacher_trainer.py:209 [INFO] Valid: Epoch: [5][150/391]	Step 4692	Loss 0.3883	Prec@(1,5) (86.0%, 99.6%)
06/26 03:35:04午後 finetuneTeacher_trainer.py:209 [INFO] Valid: Epoch: [5][200/391]	Step 4692	Loss 0.3847	Prec@(1,5) (86.1%, 99.6%)
06/26 03:35:05午後 finetuneTeacher_trainer.py:209 [INFO] Valid: Epoch: [5][250/391]	Step 4692	Loss 0.3818	Prec@(1,5) (86.2%, 99.6%)
06/26 03:35:05午後 finetuneTeacher_trainer.py:209 [INFO] Valid: Epoch: [5][300/391]	Step 4692	Loss 0.3806	Prec@(1,5) (86.2%, 99.6%)
06/26 03:35:06午後 finetuneTeacher_trainer.py:209 [INFO] Valid: Epoch: [5][350/391]	Step 4692	Loss 0.3833	Prec@(1,5) (86.1%, 99.7%)
06/26 03:35:07午後 finetuneTeacher_trainer.py:209 [INFO] Valid: Epoch: [5][390/391]	Step 4692	Loss 0.3871	Prec@(1,5) (85.9%, 99.6%)
06/26 03:35:07午後 finetuneTeacher_trainer.py:216 [INFO] Valid: [  5/24] Final Prec@1 85.9600%
06/26 03:35:07午後 finetuneTeacher_main.py:54 [INFO] Until now, best Prec@1 = 85.9600%
06/26 03:35:12午後 finetuneTeacher_trainer.py:171 [INFO] Train: Epoch: [6][50/781]	Step 4742	lr 0.02175	Loss 0.2386 (0.4006)	Prec@(1,5) (86.2%, 99.6%)	
06/26 03:35:15午後 finetuneTeacher_trainer.py:171 [INFO] Train: Epoch: [6][100/781]	Step 4792	lr 0.02175	Loss 0.3794 (0.3940)	Prec@(1,5) (86.3%, 99.5%)	
06/26 03:35:19午後 finetuneTeacher_trainer.py:171 [INFO] Train: Epoch: [6][150/781]	Step 4842	lr 0.02175	Loss 0.4576 (0.4099)	Prec@(1,5) (85.7%, 99.5%)	
06/26 03:35:23午後 finetuneTeacher_trainer.py:171 [INFO] Train: Epoch: [6][200/781]	Step 4892	lr 0.02175	Loss 0.4100 (0.4156)	Prec@(1,5) (85.7%, 99.4%)	
06/26 03:35:27午後 finetuneTeacher_trainer.py:171 [INFO] Train: Epoch: [6][250/781]	Step 4942	lr 0.02175	Loss 0.3562 (0.4217)	Prec@(1,5) (85.5%, 99.4%)	
06/26 03:35:31午後 finetuneTeacher_trainer.py:171 [INFO] Train: Epoch: [6][300/781]	Step 4992	lr 0.02175	Loss 0.5922 (0.4195)	Prec@(1,5) (85.5%, 99.4%)	
06/26 03:35:34午後 finetuneTeacher_trainer.py:171 [INFO] Train: Epoch: [6][350/781]	Step 5042	lr 0.02175	Loss 0.2881 (0.4149)	Prec@(1,5) (85.6%, 99.4%)	
06/26 03:35:38午後 finetuneTeacher_trainer.py:171 [INFO] Train: Epoch: [6][400/781]	Step 5092	lr 0.02175	Loss 0.2247 (0.4113)	Prec@(1,5) (85.8%, 99.4%)	
06/26 03:35:41午後 finetuneTeacher_trainer.py:171 [INFO] Train: Epoch: [6][450/781]	Step 5142	lr 0.02175	Loss 0.5353 (0.4123)	Prec@(1,5) (85.8%, 99.4%)	
06/26 03:35:45午後 finetuneTeacher_trainer.py:171 [INFO] Train: Epoch: [6][500/781]	Step 5192	lr 0.02175	Loss 0.3513 (0.4108)	Prec@(1,5) (85.9%, 99.4%)	
06/26 03:35:48午後 finetuneTeacher_trainer.py:171 [INFO] Train: Epoch: [6][550/781]	Step 5242	lr 0.02175	Loss 0.4335 (0.4088)	Prec@(1,5) (86.0%, 99.4%)	
06/26 03:35:51午後 finetuneTeacher_trainer.py:171 [INFO] Train: Epoch: [6][600/781]	Step 5292	lr 0.02175	Loss 0.2748 (0.4049)	Prec@(1,5) (86.0%, 99.5%)	
06/26 03:35:55午後 finetuneTeacher_trainer.py:171 [INFO] Train: Epoch: [6][650/781]	Step 5342	lr 0.02175	Loss 0.3736 (0.4044)	Prec@(1,5) (86.0%, 99.4%)	
06/26 03:35:58午後 finetuneTeacher_trainer.py:171 [INFO] Train: Epoch: [6][700/781]	Step 5392	lr 0.02175	Loss 0.5783 (0.4020)	Prec@(1,5) (86.1%, 99.5%)	
06/26 03:36:01午後 finetuneTeacher_trainer.py:171 [INFO] Train: Epoch: [6][750/781]	Step 5442	lr 0.02175	Loss 0.2850 (0.4003)	Prec@(1,5) (86.2%, 99.5%)	
06/26 03:36:03午後 finetuneTeacher_trainer.py:171 [INFO] Train: Epoch: [6][781/781]	Step 5473	lr 0.02175	Loss 0.4204 (0.4002)	Prec@(1,5) (86.2%, 99.5%)	
06/26 03:36:03午後 finetuneTeacher_trainer.py:181 [INFO] Train: [  6/24] Final Prec@1 86.1900%
06/26 03:36:04午後 finetuneTeacher_trainer.py:209 [INFO] Valid: Epoch: [6][50/391]	Step 5474	Loss 0.3223	Prec@(1,5) (88.3%, 99.6%)
06/26 03:36:05午後 finetuneTeacher_trainer.py:209 [INFO] Valid: Epoch: [6][100/391]	Step 5474	Loss 0.3159	Prec@(1,5) (88.7%, 99.6%)
06/26 03:36:06午後 finetuneTeacher_trainer.py:209 [INFO] Valid: Epoch: [6][150/391]	Step 5474	Loss 0.3177	Prec@(1,5) (88.6%, 99.6%)
06/26 03:36:07午後 finetuneTeacher_trainer.py:209 [INFO] Valid: Epoch: [6][200/391]	Step 5474	Loss 0.3215	Prec@(1,5) (88.5%, 99.6%)
06/26 03:36:07午後 finetuneTeacher_trainer.py:209 [INFO] Valid: Epoch: [6][250/391]	Step 5474	Loss 0.3205	Prec@(1,5) (88.7%, 99.7%)
06/26 03:36:08午後 finetuneTeacher_trainer.py:209 [INFO] Valid: Epoch: [6][300/391]	Step 5474	Loss 0.3206	Prec@(1,5) (88.7%, 99.7%)
06/26 03:36:09午後 finetuneTeacher_trainer.py:209 [INFO] Valid: Epoch: [6][350/391]	Step 5474	Loss 0.3204	Prec@(1,5) (88.6%, 99.7%)
06/26 03:36:09午後 finetuneTeacher_trainer.py:209 [INFO] Valid: Epoch: [6][390/391]	Step 5474	Loss 0.3240	Prec@(1,5) (88.5%, 99.7%)
06/26 03:36:09午後 finetuneTeacher_trainer.py:216 [INFO] Valid: [  6/24] Final Prec@1 88.5200%
06/26 03:36:10午後 finetuneTeacher_main.py:54 [INFO] Until now, best Prec@1 = 88.5200%
06/26 03:36:14午後 finetuneTeacher_trainer.py:171 [INFO] Train: Epoch: [7][50/781]	Step 5524	lr 0.02065	Loss 0.3726 (0.3484)	Prec@(1,5) (87.9%, 99.7%)	
06/26 03:36:18午後 finetuneTeacher_trainer.py:171 [INFO] Train: Epoch: [7][100/781]	Step 5574	lr 0.02065	Loss 0.2564 (0.3643)	Prec@(1,5) (87.5%, 99.6%)	
06/26 03:36:21午後 finetuneTeacher_trainer.py:171 [INFO] Train: Epoch: [7][150/781]	Step 5624	lr 0.02065	Loss 0.3669 (0.3795)	Prec@(1,5) (87.0%, 99.5%)	
06/26 03:36:25午後 finetuneTeacher_trainer.py:171 [INFO] Train: Epoch: [7][200/781]	Step 5674	lr 0.02065	Loss 0.3002 (0.3862)	Prec@(1,5) (86.9%, 99.5%)	
06/26 03:36:29午後 finetuneTeacher_trainer.py:171 [INFO] Train: Epoch: [7][250/781]	Step 5724	lr 0.02065	Loss 0.6358 (0.3860)	Prec@(1,5) (86.9%, 99.5%)	
06/26 03:36:32午後 finetuneTeacher_trainer.py:171 [INFO] Train: Epoch: [7][300/781]	Step 5774	lr 0.02065	Loss 0.2623 (0.3854)	Prec@(1,5) (87.0%, 99.5%)	
06/26 03:36:36午後 finetuneTeacher_trainer.py:171 [INFO] Train: Epoch: [7][350/781]	Step 5824	lr 0.02065	Loss 0.2829 (0.3812)	Prec@(1,5) (87.1%, 99.6%)	
06/26 03:36:40午後 finetuneTeacher_trainer.py:171 [INFO] Train: Epoch: [7][400/781]	Step 5874	lr 0.02065	Loss 0.5951 (0.3827)	Prec@(1,5) (87.0%, 99.6%)	
06/26 03:36:44午後 finetuneTeacher_trainer.py:171 [INFO] Train: Epoch: [7][450/781]	Step 5924	lr 0.02065	Loss 0.4428 (0.3832)	Prec@(1,5) (87.0%, 99.6%)	
06/26 03:36:47午後 finetuneTeacher_trainer.py:171 [INFO] Train: Epoch: [7][500/781]	Step 5974	lr 0.02065	Loss 0.4101 (0.3830)	Prec@(1,5) (87.0%, 99.6%)	
06/26 03:36:50午後 finetuneTeacher_trainer.py:171 [INFO] Train: Epoch: [7][550/781]	Step 6024	lr 0.02065	Loss 0.3151 (0.3803)	Prec@(1,5) (87.0%, 99.6%)	
06/26 03:36:53午後 finetuneTeacher_trainer.py:171 [INFO] Train: Epoch: [7][600/781]	Step 6074	lr 0.02065	Loss 0.3281 (0.3773)	Prec@(1,5) (87.1%, 99.6%)	
06/26 03:36:57午後 finetuneTeacher_trainer.py:171 [INFO] Train: Epoch: [7][650/781]	Step 6124	lr 0.02065	Loss 0.3875 (0.3768)	Prec@(1,5) (87.1%, 99.6%)	
06/26 03:37:00午後 finetuneTeacher_trainer.py:171 [INFO] Train: Epoch: [7][700/781]	Step 6174	lr 0.02065	Loss 0.2346 (0.3764)	Prec@(1,5) (87.2%, 99.6%)	
06/26 03:37:03午後 finetuneTeacher_trainer.py:171 [INFO] Train: Epoch: [7][750/781]	Step 6224	lr 0.02065	Loss 0.3987 (0.3735)	Prec@(1,5) (87.2%, 99.6%)	
06/26 03:37:05午後 finetuneTeacher_trainer.py:171 [INFO] Train: Epoch: [7][781/781]	Step 6255	lr 0.02065	Loss 0.2522 (0.3714)	Prec@(1,5) (87.3%, 99.6%)	
06/26 03:37:05午後 finetuneTeacher_trainer.py:181 [INFO] Train: [  7/24] Final Prec@1 87.3060%
06/26 03:37:06午後 finetuneTeacher_trainer.py:209 [INFO] Valid: Epoch: [7][50/391]	Step 6256	Loss 0.3036	Prec@(1,5) (89.2%, 99.7%)
06/26 03:37:07午後 finetuneTeacher_trainer.py:209 [INFO] Valid: Epoch: [7][100/391]	Step 6256	Loss 0.2971	Prec@(1,5) (89.7%, 99.7%)
06/26 03:37:08午後 finetuneTeacher_trainer.py:209 [INFO] Valid: Epoch: [7][150/391]	Step 6256	Loss 0.3074	Prec@(1,5) (89.4%, 99.7%)
06/26 03:37:09午後 finetuneTeacher_trainer.py:209 [INFO] Valid: Epoch: [7][200/391]	Step 6256	Loss 0.3038	Prec@(1,5) (89.6%, 99.8%)
06/26 03:37:09午後 finetuneTeacher_trainer.py:209 [INFO] Valid: Epoch: [7][250/391]	Step 6256	Loss 0.3045	Prec@(1,5) (89.5%, 99.8%)
06/26 03:37:10午後 finetuneTeacher_trainer.py:209 [INFO] Valid: Epoch: [7][300/391]	Step 6256	Loss 0.3049	Prec@(1,5) (89.5%, 99.8%)
06/26 03:37:11午後 finetuneTeacher_trainer.py:209 [INFO] Valid: Epoch: [7][350/391]	Step 6256	Loss 0.3039	Prec@(1,5) (89.5%, 99.8%)
06/26 03:37:11午後 finetuneTeacher_trainer.py:209 [INFO] Valid: Epoch: [7][390/391]	Step 6256	Loss 0.3045	Prec@(1,5) (89.5%, 99.8%)
06/26 03:37:12午後 finetuneTeacher_trainer.py:216 [INFO] Valid: [  7/24] Final Prec@1 89.5240%
06/26 03:37:12午後 finetuneTeacher_main.py:54 [INFO] Until now, best Prec@1 = 89.5240%
06/26 03:37:16午後 finetuneTeacher_trainer.py:171 [INFO] Train: Epoch: [8][50/781]	Step 6306	lr 0.01943	Loss 0.5340 (0.3131)	Prec@(1,5) (89.3%, 99.7%)	
06/26 03:37:20午後 finetuneTeacher_trainer.py:171 [INFO] Train: Epoch: [8][100/781]	Step 6356	lr 0.01943	Loss 0.3154 (0.3266)	Prec@(1,5) (88.6%, 99.7%)	
06/26 03:37:23午後 finetuneTeacher_trainer.py:171 [INFO] Train: Epoch: [8][150/781]	Step 6406	lr 0.01943	Loss 0.5073 (0.3247)	Prec@(1,5) (88.6%, 99.7%)	
06/26 03:37:26午後 finetuneTeacher_trainer.py:171 [INFO] Train: Epoch: [8][200/781]	Step 6456	lr 0.01943	Loss 0.3780 (0.3236)	Prec@(1,5) (88.6%, 99.7%)	
06/26 03:37:30午後 finetuneTeacher_trainer.py:171 [INFO] Train: Epoch: [8][250/781]	Step 6506	lr 0.01943	Loss 0.3962 (0.3228)	Prec@(1,5) (88.7%, 99.7%)	
06/26 03:37:34午後 finetuneTeacher_trainer.py:171 [INFO] Train: Epoch: [8][300/781]	Step 6556	lr 0.01943	Loss 0.2938 (0.3268)	Prec@(1,5) (88.6%, 99.6%)	
06/26 03:37:37午後 finetuneTeacher_trainer.py:171 [INFO] Train: Epoch: [8][350/781]	Step 6606	lr 0.01943	Loss 0.4740 (0.3275)	Prec@(1,5) (88.7%, 99.7%)	
06/26 03:37:40午後 finetuneTeacher_trainer.py:171 [INFO] Train: Epoch: [8][400/781]	Step 6656	lr 0.01943	Loss 0.3193 (0.3296)	Prec@(1,5) (88.7%, 99.7%)	
06/26 03:37:44午後 finetuneTeacher_trainer.py:171 [INFO] Train: Epoch: [8][450/781]	Step 6706	lr 0.01943	Loss 0.3681 (0.3336)	Prec@(1,5) (88.6%, 99.6%)	
06/26 03:37:47午後 finetuneTeacher_trainer.py:171 [INFO] Train: Epoch: [8][500/781]	Step 6756	lr 0.01943	Loss 0.3870 (0.3361)	Prec@(1,5) (88.5%, 99.6%)	
06/26 03:37:51午後 finetuneTeacher_trainer.py:171 [INFO] Train: Epoch: [8][550/781]	Step 6806	lr 0.01943	Loss 0.3873 (0.3383)	Prec@(1,5) (88.4%, 99.6%)	
06/26 03:37:54午後 finetuneTeacher_trainer.py:171 [INFO] Train: Epoch: [8][600/781]	Step 6856	lr 0.01943	Loss 0.5442 (0.3362)	Prec@(1,5) (88.5%, 99.6%)	
06/26 03:37:58午後 finetuneTeacher_trainer.py:171 [INFO] Train: Epoch: [8][650/781]	Step 6906	lr 0.01943	Loss 0.2931 (0.3338)	Prec@(1,5) (88.6%, 99.6%)	
06/26 03:38:01午後 finetuneTeacher_trainer.py:171 [INFO] Train: Epoch: [8][700/781]	Step 6956	lr 0.01943	Loss 0.4553 (0.3321)	Prec@(1,5) (88.7%, 99.6%)	
06/26 03:38:05午後 finetuneTeacher_trainer.py:171 [INFO] Train: Epoch: [8][750/781]	Step 7006	lr 0.01943	Loss 0.1096 (0.3313)	Prec@(1,5) (88.7%, 99.6%)	
06/26 03:38:07午後 finetuneTeacher_trainer.py:171 [INFO] Train: Epoch: [8][781/781]	Step 7037	lr 0.01943	Loss 0.4754 (0.3319)	Prec@(1,5) (88.6%, 99.6%)	
06/26 03:38:07午後 finetuneTeacher_trainer.py:181 [INFO] Train: [  8/24] Final Prec@1 88.6300%
06/26 03:38:08午後 finetuneTeacher_trainer.py:209 [INFO] Valid: Epoch: [8][50/391]	Step 7038	Loss 0.2793	Prec@(1,5) (90.3%, 99.9%)
06/26 03:38:09午後 finetuneTeacher_trainer.py:209 [INFO] Valid: Epoch: [8][100/391]	Step 7038	Loss 0.2919	Prec@(1,5) (89.9%, 99.8%)
06/26 03:38:09午後 finetuneTeacher_trainer.py:209 [INFO] Valid: Epoch: [8][150/391]	Step 7038	Loss 0.2885	Prec@(1,5) (89.9%, 99.8%)
06/26 03:38:10午後 finetuneTeacher_trainer.py:209 [INFO] Valid: Epoch: [8][200/391]	Step 7038	Loss 0.2845	Prec@(1,5) (89.9%, 99.8%)
06/26 03:38:11午後 finetuneTeacher_trainer.py:209 [INFO] Valid: Epoch: [8][250/391]	Step 7038	Loss 0.2878	Prec@(1,5) (89.8%, 99.8%)
06/26 03:38:12午後 finetuneTeacher_trainer.py:209 [INFO] Valid: Epoch: [8][300/391]	Step 7038	Loss 0.2875	Prec@(1,5) (89.8%, 99.8%)
06/26 03:38:12午後 finetuneTeacher_trainer.py:209 [INFO] Valid: Epoch: [8][350/391]	Step 7038	Loss 0.2879	Prec@(1,5) (89.8%, 99.8%)
06/26 03:38:13午後 finetuneTeacher_trainer.py:209 [INFO] Valid: Epoch: [8][390/391]	Step 7038	Loss 0.2895	Prec@(1,5) (89.7%, 99.8%)
06/26 03:38:13午後 finetuneTeacher_trainer.py:216 [INFO] Valid: [  8/24] Final Prec@1 89.7000%
06/26 03:38:14午後 finetuneTeacher_main.py:54 [INFO] Until now, best Prec@1 = 89.7000%
06/26 03:38:18午後 finetuneTeacher_trainer.py:171 [INFO] Train: Epoch: [9][50/781]	Step 7088	lr 0.01811	Loss 0.2291 (0.3097)	Prec@(1,5) (88.5%, 99.7%)	
06/26 03:38:21午後 finetuneTeacher_trainer.py:171 [INFO] Train: Epoch: [9][100/781]	Step 7138	lr 0.01811	Loss 0.1661 (0.2923)	Prec@(1,5) (89.4%, 99.8%)	
06/26 03:38:24午後 finetuneTeacher_trainer.py:171 [INFO] Train: Epoch: [9][150/781]	Step 7188	lr 0.01811	Loss 0.0862 (0.2889)	Prec@(1,5) (89.7%, 99.8%)	
06/26 03:38:28午後 finetuneTeacher_trainer.py:171 [INFO] Train: Epoch: [9][200/781]	Step 7238	lr 0.01811	Loss 0.5958 (0.2885)	Prec@(1,5) (89.8%, 99.8%)	
06/26 03:38:31午後 finetuneTeacher_trainer.py:171 [INFO] Train: Epoch: [9][250/781]	Step 7288	lr 0.01811	Loss 0.2334 (0.2952)	Prec@(1,5) (89.7%, 99.7%)	
06/26 03:38:34午後 finetuneTeacher_trainer.py:171 [INFO] Train: Epoch: [9][300/781]	Step 7338	lr 0.01811	Loss 0.1366 (0.2951)	Prec@(1,5) (89.7%, 99.8%)	
06/26 03:38:37午後 finetuneTeacher_trainer.py:171 [INFO] Train: Epoch: [9][350/781]	Step 7388	lr 0.01811	Loss 0.3378 (0.2982)	Prec@(1,5) (89.5%, 99.8%)	
06/26 03:38:41午後 finetuneTeacher_trainer.py:171 [INFO] Train: Epoch: [9][400/781]	Step 7438	lr 0.01811	Loss 0.2406 (0.2988)	Prec@(1,5) (89.5%, 99.8%)	
06/26 03:38:44午後 finetuneTeacher_trainer.py:171 [INFO] Train: Epoch: [9][450/781]	Step 7488	lr 0.01811	Loss 0.2773 (0.3015)	Prec@(1,5) (89.5%, 99.8%)	
06/26 03:38:47午後 finetuneTeacher_trainer.py:171 [INFO] Train: Epoch: [9][500/781]	Step 7538	lr 0.01811	Loss 0.1834 (0.3048)	Prec@(1,5) (89.4%, 99.7%)	
06/26 03:38:51午後 finetuneTeacher_trainer.py:171 [INFO] Train: Epoch: [9][550/781]	Step 7588	lr 0.01811	Loss 0.1922 (0.3054)	Prec@(1,5) (89.4%, 99.8%)	
06/26 03:38:54午後 finetuneTeacher_trainer.py:171 [INFO] Train: Epoch: [9][600/781]	Step 7638	lr 0.01811	Loss 0.2141 (0.3081)	Prec@(1,5) (89.4%, 99.7%)	
06/26 03:38:58午後 finetuneTeacher_trainer.py:171 [INFO] Train: Epoch: [9][650/781]	Step 7688	lr 0.01811	Loss 0.3408 (0.3093)	Prec@(1,5) (89.3%, 99.8%)	
06/26 03:39:01午後 finetuneTeacher_trainer.py:171 [INFO] Train: Epoch: [9][700/781]	Step 7738	lr 0.01811	Loss 0.3300 (0.3102)	Prec@(1,5) (89.3%, 99.7%)	
06/26 03:39:05午後 finetuneTeacher_trainer.py:171 [INFO] Train: Epoch: [9][750/781]	Step 7788	lr 0.01811	Loss 0.2845 (0.3142)	Prec@(1,5) (89.2%, 99.7%)	
06/26 03:39:07午後 finetuneTeacher_trainer.py:171 [INFO] Train: Epoch: [9][781/781]	Step 7819	lr 0.01811	Loss 0.3213 (0.3142)	Prec@(1,5) (89.2%, 99.7%)	
06/26 03:39:08午後 finetuneTeacher_trainer.py:181 [INFO] Train: [  9/24] Final Prec@1 89.2080%
06/26 03:39:09午後 finetuneTeacher_trainer.py:209 [INFO] Valid: Epoch: [9][50/391]	Step 7820	Loss 0.3023	Prec@(1,5) (89.4%, 99.7%)
06/26 03:39:09午後 finetuneTeacher_trainer.py:209 [INFO] Valid: Epoch: [9][100/391]	Step 7820	Loss 0.3127	Prec@(1,5) (89.3%, 99.7%)
06/26 03:39:10午後 finetuneTeacher_trainer.py:209 [INFO] Valid: Epoch: [9][150/391]	Step 7820	Loss 0.3044	Prec@(1,5) (89.5%, 99.8%)
06/26 03:39:11午後 finetuneTeacher_trainer.py:209 [INFO] Valid: Epoch: [9][200/391]	Step 7820	Loss 0.3080	Prec@(1,5) (89.4%, 99.8%)
06/26 03:39:12午後 finetuneTeacher_trainer.py:209 [INFO] Valid: Epoch: [9][250/391]	Step 7820	Loss 0.3068	Prec@(1,5) (89.4%, 99.8%)
06/26 03:39:12午後 finetuneTeacher_trainer.py:209 [INFO] Valid: Epoch: [9][300/391]	Step 7820	Loss 0.3060	Prec@(1,5) (89.5%, 99.8%)
06/26 03:39:13午後 finetuneTeacher_trainer.py:209 [INFO] Valid: Epoch: [9][350/391]	Step 7820	Loss 0.3064	Prec@(1,5) (89.5%, 99.8%)
06/26 03:39:14午後 finetuneTeacher_trainer.py:209 [INFO] Valid: Epoch: [9][390/391]	Step 7820	Loss 0.3052	Prec@(1,5) (89.6%, 99.8%)
06/26 03:39:14午後 finetuneTeacher_trainer.py:216 [INFO] Valid: [  9/24] Final Prec@1 89.5560%
06/26 03:39:14午後 finetuneTeacher_main.py:54 [INFO] Until now, best Prec@1 = 89.7000%
06/26 03:39:18午後 finetuneTeacher_trainer.py:171 [INFO] Train: Epoch: [10][50/781]	Step 7870	lr 0.01671	Loss 0.4223 (0.3048)	Prec@(1,5) (89.6%, 99.7%)	
06/26 03:39:22午後 finetuneTeacher_trainer.py:171 [INFO] Train: Epoch: [10][100/781]	Step 7920	lr 0.01671	Loss 0.3149 (0.3066)	Prec@(1,5) (89.4%, 99.8%)	
06/26 03:39:26午後 finetuneTeacher_trainer.py:171 [INFO] Train: Epoch: [10][150/781]	Step 7970	lr 0.01671	Loss 0.1432 (0.2946)	Prec@(1,5) (89.9%, 99.8%)	
06/26 03:39:29午後 finetuneTeacher_trainer.py:171 [INFO] Train: Epoch: [10][200/781]	Step 8020	lr 0.01671	Loss 0.3477 (0.2939)	Prec@(1,5) (89.9%, 99.8%)	
06/26 03:39:33午後 finetuneTeacher_trainer.py:171 [INFO] Train: Epoch: [10][250/781]	Step 8070	lr 0.01671	Loss 0.3700 (0.2994)	Prec@(1,5) (89.7%, 99.8%)	
06/26 03:39:37午後 finetuneTeacher_trainer.py:171 [INFO] Train: Epoch: [10][300/781]	Step 8120	lr 0.01671	Loss 0.2972 (0.3010)	Prec@(1,5) (89.7%, 99.7%)	
06/26 03:39:41午後 finetuneTeacher_trainer.py:171 [INFO] Train: Epoch: [10][350/781]	Step 8170	lr 0.01671	Loss 0.2375 (0.3001)	Prec@(1,5) (89.8%, 99.7%)	
06/26 03:39:44午後 finetuneTeacher_trainer.py:171 [INFO] Train: Epoch: [10][400/781]	Step 8220	lr 0.01671	Loss 0.2103 (0.2974)	Prec@(1,5) (89.9%, 99.8%)	
06/26 03:39:47午後 finetuneTeacher_trainer.py:171 [INFO] Train: Epoch: [10][450/781]	Step 8270	lr 0.01671	Loss 0.4504 (0.2981)	Prec@(1,5) (89.8%, 99.7%)	
06/26 03:39:50午後 finetuneTeacher_trainer.py:171 [INFO] Train: Epoch: [10][500/781]	Step 8320	lr 0.01671	Loss 0.3615 (0.2978)	Prec@(1,5) (89.8%, 99.7%)	
06/26 03:39:54午後 finetuneTeacher_trainer.py:171 [INFO] Train: Epoch: [10][550/781]	Step 8370	lr 0.01671	Loss 0.2641 (0.2993)	Prec@(1,5) (89.7%, 99.7%)	
06/26 03:39:57午後 finetuneTeacher_trainer.py:171 [INFO] Train: Epoch: [10][600/781]	Step 8420	lr 0.01671	Loss 0.2786 (0.3010)	Prec@(1,5) (89.7%, 99.7%)	
06/26 03:40:00午後 finetuneTeacher_trainer.py:171 [INFO] Train: Epoch: [10][650/781]	Step 8470	lr 0.01671	Loss 0.2114 (0.2995)	Prec@(1,5) (89.7%, 99.7%)	
06/26 03:40:03午後 finetuneTeacher_trainer.py:171 [INFO] Train: Epoch: [10][700/781]	Step 8520	lr 0.01671	Loss 0.2171 (0.2993)	Prec@(1,5) (89.7%, 99.7%)	
06/26 03:40:07午後 finetuneTeacher_trainer.py:171 [INFO] Train: Epoch: [10][750/781]	Step 8570	lr 0.01671	Loss 0.2355 (0.3003)	Prec@(1,5) (89.7%, 99.7%)	
06/26 03:40:09午後 finetuneTeacher_trainer.py:171 [INFO] Train: Epoch: [10][781/781]	Step 8601	lr 0.01671	Loss 0.2305 (0.3000)	Prec@(1,5) (89.7%, 99.7%)	
06/26 03:40:09午後 finetuneTeacher_trainer.py:181 [INFO] Train: [ 10/24] Final Prec@1 89.6960%
06/26 03:40:10午後 finetuneTeacher_trainer.py:209 [INFO] Valid: Epoch: [10][50/391]	Step 8602	Loss 0.2490	Prec@(1,5) (91.4%, 99.9%)
06/26 03:40:11午後 finetuneTeacher_trainer.py:209 [INFO] Valid: Epoch: [10][100/391]	Step 8602	Loss 0.2489	Prec@(1,5) (91.4%, 99.8%)
06/26 03:40:11午後 finetuneTeacher_trainer.py:209 [INFO] Valid: Epoch: [10][150/391]	Step 8602	Loss 0.2440	Prec@(1,5) (91.6%, 99.8%)
06/26 03:40:12午後 finetuneTeacher_trainer.py:209 [INFO] Valid: Epoch: [10][200/391]	Step 8602	Loss 0.2422	Prec@(1,5) (91.7%, 99.9%)
06/26 03:40:13午後 finetuneTeacher_trainer.py:209 [INFO] Valid: Epoch: [10][250/391]	Step 8602	Loss 0.2432	Prec@(1,5) (91.7%, 99.8%)
06/26 03:40:14午後 finetuneTeacher_trainer.py:209 [INFO] Valid: Epoch: [10][300/391]	Step 8602	Loss 0.2446	Prec@(1,5) (91.5%, 99.8%)
06/26 03:40:14午後 finetuneTeacher_trainer.py:209 [INFO] Valid: Epoch: [10][350/391]	Step 8602	Loss 0.2428	Prec@(1,5) (91.5%, 99.8%)
06/26 03:40:15午後 finetuneTeacher_trainer.py:209 [INFO] Valid: Epoch: [10][390/391]	Step 8602	Loss 0.2437	Prec@(1,5) (91.5%, 99.8%)
06/26 03:40:15午後 finetuneTeacher_trainer.py:216 [INFO] Valid: [ 10/24] Final Prec@1 91.5080%
06/26 03:40:16午後 finetuneTeacher_main.py:54 [INFO] Until now, best Prec@1 = 91.5080%
06/26 03:40:20午後 finetuneTeacher_trainer.py:171 [INFO] Train: Epoch: [11][50/781]	Step 8652	lr 0.01525	Loss 0.2423 (0.2551)	Prec@(1,5) (91.1%, 99.8%)	
06/26 03:40:23午後 finetuneTeacher_trainer.py:171 [INFO] Train: Epoch: [11][100/781]	Step 8702	lr 0.01525	Loss 0.2180 (0.2534)	Prec@(1,5) (91.2%, 99.9%)	
06/26 03:40:27午後 finetuneTeacher_trainer.py:171 [INFO] Train: Epoch: [11][150/781]	Step 8752	lr 0.01525	Loss 0.2189 (0.2520)	Prec@(1,5) (91.2%, 99.8%)	
06/26 03:40:31午後 finetuneTeacher_trainer.py:171 [INFO] Train: Epoch: [11][200/781]	Step 8802	lr 0.01525	Loss 0.1582 (0.2577)	Prec@(1,5) (91.0%, 99.8%)	
06/26 03:40:34午後 finetuneTeacher_trainer.py:171 [INFO] Train: Epoch: [11][250/781]	Step 8852	lr 0.01525	Loss 0.1755 (0.2581)	Prec@(1,5) (91.0%, 99.8%)	
06/26 03:40:38午後 finetuneTeacher_trainer.py:171 [INFO] Train: Epoch: [11][300/781]	Step 8902	lr 0.01525	Loss 0.2759 (0.2603)	Prec@(1,5) (91.0%, 99.7%)	
06/26 03:40:41午後 finetuneTeacher_trainer.py:171 [INFO] Train: Epoch: [11][350/781]	Step 8952	lr 0.01525	Loss 0.1179 (0.2597)	Prec@(1,5) (90.9%, 99.8%)	
06/26 03:40:44午後 finetuneTeacher_trainer.py:171 [INFO] Train: Epoch: [11][400/781]	Step 9002	lr 0.01525	Loss 0.2868 (0.2644)	Prec@(1,5) (90.7%, 99.8%)	
06/26 03:40:48午後 finetuneTeacher_trainer.py:171 [INFO] Train: Epoch: [11][450/781]	Step 9052	lr 0.01525	Loss 0.2360 (0.2656)	Prec@(1,5) (90.6%, 99.8%)	
06/26 03:40:51午後 finetuneTeacher_trainer.py:171 [INFO] Train: Epoch: [11][500/781]	Step 9102	lr 0.01525	Loss 0.2870 (0.2660)	Prec@(1,5) (90.6%, 99.8%)	
06/26 03:40:54午後 finetuneTeacher_trainer.py:171 [INFO] Train: Epoch: [11][550/781]	Step 9152	lr 0.01525	Loss 0.3462 (0.2693)	Prec@(1,5) (90.6%, 99.8%)	
06/26 03:40:57午後 finetuneTeacher_trainer.py:171 [INFO] Train: Epoch: [11][600/781]	Step 9202	lr 0.01525	Loss 0.3090 (0.2709)	Prec@(1,5) (90.5%, 99.8%)	
06/26 03:41:00午後 finetuneTeacher_trainer.py:171 [INFO] Train: Epoch: [11][650/781]	Step 9252	lr 0.01525	Loss 0.2010 (0.2723)	Prec@(1,5) (90.4%, 99.8%)	
06/26 03:41:04午後 finetuneTeacher_trainer.py:171 [INFO] Train: Epoch: [11][700/781]	Step 9302	lr 0.01525	Loss 0.3801 (0.2748)	Prec@(1,5) (90.4%, 99.8%)	
06/26 03:41:07午後 finetuneTeacher_trainer.py:171 [INFO] Train: Epoch: [11][750/781]	Step 9352	lr 0.01525	Loss 0.3561 (0.2739)	Prec@(1,5) (90.4%, 99.8%)	
06/26 03:41:09午後 finetuneTeacher_trainer.py:171 [INFO] Train: Epoch: [11][781/781]	Step 9383	lr 0.01525	Loss 0.1649 (0.2732)	Prec@(1,5) (90.4%, 99.8%)	
06/26 03:41:09午後 finetuneTeacher_trainer.py:181 [INFO] Train: [ 11/24] Final Prec@1 90.3900%
06/26 03:41:10午後 finetuneTeacher_trainer.py:209 [INFO] Valid: Epoch: [11][50/391]	Step 9384	Loss 0.2259	Prec@(1,5) (92.2%, 99.7%)
06/26 03:41:11午後 finetuneTeacher_trainer.py:209 [INFO] Valid: Epoch: [11][100/391]	Step 9384	Loss 0.2210	Prec@(1,5) (92.3%, 99.8%)
06/26 03:41:11午後 finetuneTeacher_trainer.py:209 [INFO] Valid: Epoch: [11][150/391]	Step 9384	Loss 0.2195	Prec@(1,5) (92.5%, 99.8%)
06/26 03:41:12午後 finetuneTeacher_trainer.py:209 [INFO] Valid: Epoch: [11][200/391]	Step 9384	Loss 0.2158	Prec@(1,5) (92.5%, 99.8%)
06/26 03:41:13午後 finetuneTeacher_trainer.py:209 [INFO] Valid: Epoch: [11][250/391]	Step 9384	Loss 0.2181	Prec@(1,5) (92.5%, 99.8%)
06/26 03:41:14午後 finetuneTeacher_trainer.py:209 [INFO] Valid: Epoch: [11][300/391]	Step 9384	Loss 0.2176	Prec@(1,5) (92.4%, 99.8%)
06/26 03:41:14午後 finetuneTeacher_trainer.py:209 [INFO] Valid: Epoch: [11][350/391]	Step 9384	Loss 0.2184	Prec@(1,5) (92.4%, 99.9%)
06/26 03:41:15午後 finetuneTeacher_trainer.py:209 [INFO] Valid: Epoch: [11][390/391]	Step 9384	Loss 0.2178	Prec@(1,5) (92.3%, 99.9%)
06/26 03:41:15午後 finetuneTeacher_trainer.py:216 [INFO] Valid: [ 11/24] Final Prec@1 92.3320%
06/26 03:41:16午後 finetuneTeacher_main.py:54 [INFO] Until now, best Prec@1 = 92.3320%
06/26 03:41:19午後 finetuneTeacher_trainer.py:171 [INFO] Train: Epoch: [12][50/781]	Step 9434	lr 0.01375	Loss 0.2622 (0.2772)	Prec@(1,5) (91.1%, 99.9%)	
06/26 03:41:22午後 finetuneTeacher_trainer.py:171 [INFO] Train: Epoch: [12][100/781]	Step 9484	lr 0.01375	Loss 0.4330 (0.2681)	Prec@(1,5) (91.1%, 99.9%)	
06/26 03:41:26午後 finetuneTeacher_trainer.py:171 [INFO] Train: Epoch: [12][150/781]	Step 9534	lr 0.01375	Loss 0.3650 (0.2649)	Prec@(1,5) (91.0%, 99.9%)	
06/26 03:41:29午後 finetuneTeacher_trainer.py:171 [INFO] Train: Epoch: [12][200/781]	Step 9584	lr 0.01375	Loss 0.3416 (0.2579)	Prec@(1,5) (91.2%, 99.9%)	
06/26 03:41:33午後 finetuneTeacher_trainer.py:171 [INFO] Train: Epoch: [12][250/781]	Step 9634	lr 0.01375	Loss 0.2196 (0.2525)	Prec@(1,5) (91.4%, 99.8%)	
06/26 03:41:36午後 finetuneTeacher_trainer.py:171 [INFO] Train: Epoch: [12][300/781]	Step 9684	lr 0.01375	Loss 0.1041 (0.2499)	Prec@(1,5) (91.5%, 99.8%)	
06/26 03:41:40午後 finetuneTeacher_trainer.py:171 [INFO] Train: Epoch: [12][350/781]	Step 9734	lr 0.01375	Loss 0.2500 (0.2479)	Prec@(1,5) (91.5%, 99.8%)	
06/26 03:41:43午後 finetuneTeacher_trainer.py:171 [INFO] Train: Epoch: [12][400/781]	Step 9784	lr 0.01375	Loss 0.2197 (0.2497)	Prec@(1,5) (91.4%, 99.8%)	
06/26 03:41:47午後 finetuneTeacher_trainer.py:171 [INFO] Train: Epoch: [12][450/781]	Step 9834	lr 0.01375	Loss 0.1533 (0.2512)	Prec@(1,5) (91.3%, 99.8%)	
06/26 03:41:50午後 finetuneTeacher_trainer.py:171 [INFO] Train: Epoch: [12][500/781]	Step 9884	lr 0.01375	Loss 0.2008 (0.2513)	Prec@(1,5) (91.3%, 99.8%)	
06/26 03:41:53午後 finetuneTeacher_trainer.py:171 [INFO] Train: Epoch: [12][550/781]	Step 9934	lr 0.01375	Loss 0.2347 (0.2522)	Prec@(1,5) (91.3%, 99.8%)	
06/26 03:41:56午後 finetuneTeacher_trainer.py:171 [INFO] Train: Epoch: [12][600/781]	Step 9984	lr 0.01375	Loss 0.1086 (0.2502)	Prec@(1,5) (91.4%, 99.8%)	
06/26 03:42:00午後 finetuneTeacher_trainer.py:171 [INFO] Train: Epoch: [12][650/781]	Step 10034	lr 0.01375	Loss 0.2589 (0.2487)	Prec@(1,5) (91.4%, 99.8%)	
06/26 03:42:03午後 finetuneTeacher_trainer.py:171 [INFO] Train: Epoch: [12][700/781]	Step 10084	lr 0.01375	Loss 0.3192 (0.2491)	Prec@(1,5) (91.4%, 99.8%)	
06/26 03:42:06午後 finetuneTeacher_trainer.py:171 [INFO] Train: Epoch: [12][750/781]	Step 10134	lr 0.01375	Loss 0.2414 (0.2480)	Prec@(1,5) (91.4%, 99.8%)	
06/26 03:42:08午後 finetuneTeacher_trainer.py:171 [INFO] Train: Epoch: [12][781/781]	Step 10165	lr 0.01375	Loss 0.2657 (0.2483)	Prec@(1,5) (91.4%, 99.8%)	
06/26 03:42:08午後 finetuneTeacher_trainer.py:181 [INFO] Train: [ 12/24] Final Prec@1 91.4040%
06/26 03:42:09午後 finetuneTeacher_trainer.py:209 [INFO] Valid: Epoch: [12][50/391]	Step 10166	Loss 0.2122	Prec@(1,5) (92.4%, 99.9%)
06/26 03:42:10午後 finetuneTeacher_trainer.py:209 [INFO] Valid: Epoch: [12][100/391]	Step 10166	Loss 0.2238	Prec@(1,5) (92.0%, 99.9%)
06/26 03:42:11午後 finetuneTeacher_trainer.py:209 [INFO] Valid: Epoch: [12][150/391]	Step 10166	Loss 0.2244	Prec@(1,5) (92.0%, 99.9%)
06/26 03:42:12午後 finetuneTeacher_trainer.py:209 [INFO] Valid: Epoch: [12][200/391]	Step 10166	Loss 0.2212	Prec@(1,5) (92.2%, 99.9%)
06/26 03:42:13午後 finetuneTeacher_trainer.py:209 [INFO] Valid: Epoch: [12][250/391]	Step 10166	Loss 0.2201	Prec@(1,5) (92.2%, 99.9%)
06/26 03:42:14午後 finetuneTeacher_trainer.py:209 [INFO] Valid: Epoch: [12][300/391]	Step 10166	Loss 0.2220	Prec@(1,5) (92.2%, 99.9%)
06/26 03:42:15午後 finetuneTeacher_trainer.py:209 [INFO] Valid: Epoch: [12][350/391]	Step 10166	Loss 0.2229	Prec@(1,5) (92.2%, 99.9%)
06/26 03:42:15午後 finetuneTeacher_trainer.py:209 [INFO] Valid: Epoch: [12][390/391]	Step 10166	Loss 0.2222	Prec@(1,5) (92.2%, 99.9%)
06/26 03:42:15午後 finetuneTeacher_trainer.py:216 [INFO] Valid: [ 12/24] Final Prec@1 92.1440%
06/26 03:42:15午後 finetuneTeacher_main.py:54 [INFO] Until now, best Prec@1 = 92.3320%
06/26 03:42:19午後 finetuneTeacher_trainer.py:171 [INFO] Train: Epoch: [13][50/781]	Step 10216	lr 0.01225	Loss 0.3109 (0.2495)	Prec@(1,5) (91.7%, 99.7%)	
06/26 03:42:23午後 finetuneTeacher_trainer.py:171 [INFO] Train: Epoch: [13][100/781]	Step 10266	lr 0.01225	Loss 0.1835 (0.2243)	Prec@(1,5) (92.1%, 99.9%)	
06/26 03:42:27午後 finetuneTeacher_trainer.py:171 [INFO] Train: Epoch: [13][150/781]	Step 10316	lr 0.01225	Loss 0.3875 (0.2283)	Prec@(1,5) (92.0%, 99.9%)	
06/26 03:42:30午後 finetuneTeacher_trainer.py:171 [INFO] Train: Epoch: [13][200/781]	Step 10366	lr 0.01225	Loss 0.1104 (0.2287)	Prec@(1,5) (92.1%, 99.8%)	
06/26 03:42:34午後 finetuneTeacher_trainer.py:171 [INFO] Train: Epoch: [13][250/781]	Step 10416	lr 0.01225	Loss 0.1247 (0.2266)	Prec@(1,5) (92.2%, 99.8%)	
06/26 03:42:38午後 finetuneTeacher_trainer.py:171 [INFO] Train: Epoch: [13][300/781]	Step 10466	lr 0.01225	Loss 0.2379 (0.2261)	Prec@(1,5) (92.2%, 99.8%)	
06/26 03:42:41午後 finetuneTeacher_trainer.py:171 [INFO] Train: Epoch: [13][350/781]	Step 10516	lr 0.01225	Loss 0.2067 (0.2272)	Prec@(1,5) (92.1%, 99.8%)	
06/26 03:42:45午後 finetuneTeacher_trainer.py:171 [INFO] Train: Epoch: [13][400/781]	Step 10566	lr 0.01225	Loss 0.2063 (0.2269)	Prec@(1,5) (92.2%, 99.8%)	
06/26 03:42:48午後 finetuneTeacher_trainer.py:171 [INFO] Train: Epoch: [13][450/781]	Step 10616	lr 0.01225	Loss 0.2153 (0.2264)	Prec@(1,5) (92.2%, 99.8%)	
06/26 03:42:51午後 finetuneTeacher_trainer.py:171 [INFO] Train: Epoch: [13][500/781]	Step 10666	lr 0.01225	Loss 0.1871 (0.2268)	Prec@(1,5) (92.2%, 99.8%)	
06/26 03:42:54午後 finetuneTeacher_trainer.py:171 [INFO] Train: Epoch: [13][550/781]	Step 10716	lr 0.01225	Loss 0.1894 (0.2269)	Prec@(1,5) (92.2%, 99.8%)	
06/26 03:42:57午後 finetuneTeacher_trainer.py:171 [INFO] Train: Epoch: [13][600/781]	Step 10766	lr 0.01225	Loss 0.1893 (0.2282)	Prec@(1,5) (92.1%, 99.8%)	
06/26 03:43:01午後 finetuneTeacher_trainer.py:171 [INFO] Train: Epoch: [13][650/781]	Step 10816	lr 0.01225	Loss 0.2644 (0.2277)	Prec@(1,5) (92.2%, 99.8%)	
06/26 03:43:04午後 finetuneTeacher_trainer.py:171 [INFO] Train: Epoch: [13][700/781]	Step 10866	lr 0.01225	Loss 0.2674 (0.2285)	Prec@(1,5) (92.2%, 99.8%)	
06/26 03:43:07午後 finetuneTeacher_trainer.py:171 [INFO] Train: Epoch: [13][750/781]	Step 10916	lr 0.01225	Loss 0.2068 (0.2293)	Prec@(1,5) (92.1%, 99.9%)	
06/26 03:43:09午後 finetuneTeacher_trainer.py:171 [INFO] Train: Epoch: [13][781/781]	Step 10947	lr 0.01225	Loss 0.2255 (0.2295)	Prec@(1,5) (92.1%, 99.9%)	
06/26 03:43:09午後 finetuneTeacher_trainer.py:181 [INFO] Train: [ 13/24] Final Prec@1 92.1040%
06/26 03:43:10午後 finetuneTeacher_trainer.py:209 [INFO] Valid: Epoch: [13][50/391]	Step 10948	Loss 0.2237	Prec@(1,5) (92.2%, 100.0%)
06/26 03:43:11午後 finetuneTeacher_trainer.py:209 [INFO] Valid: Epoch: [13][100/391]	Step 10948	Loss 0.2139	Prec@(1,5) (92.5%, 100.0%)
06/26 03:43:12午後 finetuneTeacher_trainer.py:209 [INFO] Valid: Epoch: [13][150/391]	Step 10948	Loss 0.2099	Prec@(1,5) (92.5%, 99.9%)
06/26 03:43:13午後 finetuneTeacher_trainer.py:209 [INFO] Valid: Epoch: [13][200/391]	Step 10948	Loss 0.2051	Prec@(1,5) (92.7%, 100.0%)
06/26 03:43:13午後 finetuneTeacher_trainer.py:209 [INFO] Valid: Epoch: [13][250/391]	Step 10948	Loss 0.2049	Prec@(1,5) (92.7%, 99.9%)
06/26 03:43:14午後 finetuneTeacher_trainer.py:209 [INFO] Valid: Epoch: [13][300/391]	Step 10948	Loss 0.2083	Prec@(1,5) (92.6%, 99.9%)
06/26 03:43:15午後 finetuneTeacher_trainer.py:209 [INFO] Valid: Epoch: [13][350/391]	Step 10948	Loss 0.2092	Prec@(1,5) (92.6%, 99.9%)
06/26 03:43:15午後 finetuneTeacher_trainer.py:209 [INFO] Valid: Epoch: [13][390/391]	Step 10948	Loss 0.2092	Prec@(1,5) (92.6%, 99.9%)
06/26 03:43:16午後 finetuneTeacher_trainer.py:216 [INFO] Valid: [ 13/24] Final Prec@1 92.6160%
06/26 03:43:16午後 finetuneTeacher_main.py:54 [INFO] Until now, best Prec@1 = 92.6160%
06/26 03:43:21午後 finetuneTeacher_trainer.py:171 [INFO] Train: Epoch: [14][50/781]	Step 10998	lr 0.01075	Loss 0.2230 (0.2094)	Prec@(1,5) (92.9%, 99.9%)	
06/26 03:43:24午後 finetuneTeacher_trainer.py:171 [INFO] Train: Epoch: [14][100/781]	Step 11048	lr 0.01075	Loss 0.1846 (0.2023)	Prec@(1,5) (92.9%, 99.9%)	
06/26 03:43:28午後 finetuneTeacher_trainer.py:171 [INFO] Train: Epoch: [14][150/781]	Step 11098	lr 0.01075	Loss 0.1105 (0.1966)	Prec@(1,5) (93.2%, 99.9%)	
06/26 03:43:31午後 finetuneTeacher_trainer.py:171 [INFO] Train: Epoch: [14][200/781]	Step 11148	lr 0.01075	Loss 0.2561 (0.1990)	Prec@(1,5) (93.1%, 99.9%)	
06/26 03:43:35午後 finetuneTeacher_trainer.py:171 [INFO] Train: Epoch: [14][250/781]	Step 11198	lr 0.01075	Loss 0.1127 (0.2029)	Prec@(1,5) (93.0%, 99.9%)	
06/26 03:43:38午後 finetuneTeacher_trainer.py:171 [INFO] Train: Epoch: [14][300/781]	Step 11248	lr 0.01075	Loss 0.1329 (0.2006)	Prec@(1,5) (93.0%, 99.9%)	
06/26 03:43:42午後 finetuneTeacher_trainer.py:171 [INFO] Train: Epoch: [14][350/781]	Step 11298	lr 0.01075	Loss 0.2216 (0.2003)	Prec@(1,5) (92.9%, 99.9%)	
06/26 03:43:45午後 finetuneTeacher_trainer.py:171 [INFO] Train: Epoch: [14][400/781]	Step 11348	lr 0.01075	Loss 0.3491 (0.2000)	Prec@(1,5) (92.9%, 99.9%)	
06/26 03:43:49午後 finetuneTeacher_trainer.py:171 [INFO] Train: Epoch: [14][450/781]	Step 11398	lr 0.01075	Loss 0.1506 (0.1993)	Prec@(1,5) (93.0%, 99.9%)	
06/26 03:43:52午後 finetuneTeacher_trainer.py:171 [INFO] Train: Epoch: [14][500/781]	Step 11448	lr 0.01075	Loss 0.3315 (0.2007)	Prec@(1,5) (93.0%, 99.9%)	
06/26 03:43:55午後 finetuneTeacher_trainer.py:171 [INFO] Train: Epoch: [14][550/781]	Step 11498	lr 0.01075	Loss 0.1998 (0.2002)	Prec@(1,5) (93.0%, 99.9%)	
06/26 03:43:58午後 finetuneTeacher_trainer.py:171 [INFO] Train: Epoch: [14][600/781]	Step 11548	lr 0.01075	Loss 0.2961 (0.2009)	Prec@(1,5) (93.0%, 99.9%)	
06/26 03:44:01午後 finetuneTeacher_trainer.py:171 [INFO] Train: Epoch: [14][650/781]	Step 11598	lr 0.01075	Loss 0.0932 (0.2018)	Prec@(1,5) (92.9%, 99.9%)	
06/26 03:44:04午後 finetuneTeacher_trainer.py:171 [INFO] Train: Epoch: [14][700/781]	Step 11648	lr 0.01075	Loss 0.2963 (0.2032)	Prec@(1,5) (92.8%, 99.9%)	
06/26 03:44:07午後 finetuneTeacher_trainer.py:171 [INFO] Train: Epoch: [14][750/781]	Step 11698	lr 0.01075	Loss 0.2030 (0.2056)	Prec@(1,5) (92.8%, 99.9%)	
06/26 03:44:09午後 finetuneTeacher_trainer.py:171 [INFO] Train: Epoch: [14][781/781]	Step 11729	lr 0.01075	Loss 0.2428 (0.2063)	Prec@(1,5) (92.7%, 99.9%)	
06/26 03:44:09午後 finetuneTeacher_trainer.py:181 [INFO] Train: [ 14/24] Final Prec@1 92.7420%
06/26 03:44:10午後 finetuneTeacher_trainer.py:209 [INFO] Valid: Epoch: [14][50/391]	Step 11730	Loss 0.1968	Prec@(1,5) (92.9%, 99.9%)
06/26 03:44:11午後 finetuneTeacher_trainer.py:209 [INFO] Valid: Epoch: [14][100/391]	Step 11730	Loss 0.1914	Prec@(1,5) (92.9%, 99.9%)
06/26 03:44:11午後 finetuneTeacher_trainer.py:209 [INFO] Valid: Epoch: [14][150/391]	Step 11730	Loss 0.1943	Prec@(1,5) (92.8%, 100.0%)
06/26 03:44:12午後 finetuneTeacher_trainer.py:209 [INFO] Valid: Epoch: [14][200/391]	Step 11730	Loss 0.1941	Prec@(1,5) (93.0%, 100.0%)
06/26 03:44:13午後 finetuneTeacher_trainer.py:209 [INFO] Valid: Epoch: [14][250/391]	Step 11730	Loss 0.1973	Prec@(1,5) (93.0%, 99.9%)
06/26 03:44:14午後 finetuneTeacher_trainer.py:209 [INFO] Valid: Epoch: [14][300/391]	Step 11730	Loss 0.1938	Prec@(1,5) (93.2%, 99.9%)
06/26 03:44:14午後 finetuneTeacher_trainer.py:209 [INFO] Valid: Epoch: [14][350/391]	Step 11730	Loss 0.1941	Prec@(1,5) (93.2%, 99.9%)
06/26 03:44:15午後 finetuneTeacher_trainer.py:209 [INFO] Valid: Epoch: [14][390/391]	Step 11730	Loss 0.1943	Prec@(1,5) (93.1%, 99.9%)
06/26 03:44:15午後 finetuneTeacher_trainer.py:216 [INFO] Valid: [ 14/24] Final Prec@1 93.1160%
06/26 03:44:16午後 finetuneTeacher_main.py:54 [INFO] Until now, best Prec@1 = 93.1160%
06/26 03:44:20午後 finetuneTeacher_trainer.py:171 [INFO] Train: Epoch: [15][50/781]	Step 11780	lr 0.00929	Loss 0.1937 (0.1871)	Prec@(1,5) (93.7%, 99.9%)	
06/26 03:44:24午後 finetuneTeacher_trainer.py:171 [INFO] Train: Epoch: [15][100/781]	Step 11830	lr 0.00929	Loss 0.2204 (0.1863)	Prec@(1,5) (93.7%, 99.9%)	
06/26 03:44:27午後 finetuneTeacher_trainer.py:171 [INFO] Train: Epoch: [15][150/781]	Step 11880	lr 0.00929	Loss 0.1001 (0.1840)	Prec@(1,5) (93.8%, 99.9%)	
06/26 03:44:31午後 finetuneTeacher_trainer.py:171 [INFO] Train: Epoch: [15][200/781]	Step 11930	lr 0.00929	Loss 0.1469 (0.1853)	Prec@(1,5) (93.7%, 99.9%)	
06/26 03:44:35午後 finetuneTeacher_trainer.py:171 [INFO] Train: Epoch: [15][250/781]	Step 11980	lr 0.00929	Loss 0.1398 (0.1893)	Prec@(1,5) (93.5%, 99.9%)	
06/26 03:44:38午後 finetuneTeacher_trainer.py:171 [INFO] Train: Epoch: [15][300/781]	Step 12030	lr 0.00929	Loss 0.1976 (0.1937)	Prec@(1,5) (93.3%, 99.9%)	
06/26 03:44:42午後 finetuneTeacher_trainer.py:171 [INFO] Train: Epoch: [15][350/781]	Step 12080	lr 0.00929	Loss 0.1207 (0.1910)	Prec@(1,5) (93.3%, 99.9%)	
06/26 03:44:45午後 finetuneTeacher_trainer.py:171 [INFO] Train: Epoch: [15][400/781]	Step 12130	lr 0.00929	Loss 0.0684 (0.1916)	Prec@(1,5) (93.3%, 99.9%)	
06/26 03:44:48午後 finetuneTeacher_trainer.py:171 [INFO] Train: Epoch: [15][450/781]	Step 12180	lr 0.00929	Loss 0.2449 (0.1897)	Prec@(1,5) (93.4%, 99.9%)	
06/26 03:44:51午後 finetuneTeacher_trainer.py:171 [INFO] Train: Epoch: [15][500/781]	Step 12230	lr 0.00929	Loss 0.1357 (0.1896)	Prec@(1,5) (93.4%, 99.9%)	
06/26 03:44:55午後 finetuneTeacher_trainer.py:171 [INFO] Train: Epoch: [15][550/781]	Step 12280	lr 0.00929	Loss 0.2323 (0.1899)	Prec@(1,5) (93.4%, 99.9%)	
06/26 03:44:58午後 finetuneTeacher_trainer.py:171 [INFO] Train: Epoch: [15][600/781]	Step 12330	lr 0.00929	Loss 0.1953 (0.1903)	Prec@(1,5) (93.4%, 99.9%)	
06/26 03:45:01午後 finetuneTeacher_trainer.py:171 [INFO] Train: Epoch: [15][650/781]	Step 12380	lr 0.00929	Loss 0.2754 (0.1907)	Prec@(1,5) (93.4%, 99.9%)	
06/26 03:45:04午後 finetuneTeacher_trainer.py:171 [INFO] Train: Epoch: [15][700/781]	Step 12430	lr 0.00929	Loss 0.2206 (0.1898)	Prec@(1,5) (93.4%, 99.9%)	
06/26 03:45:08午後 finetuneTeacher_trainer.py:171 [INFO] Train: Epoch: [15][750/781]	Step 12480	lr 0.00929	Loss 0.0999 (0.1888)	Prec@(1,5) (93.5%, 99.9%)	
06/26 03:45:10午後 finetuneTeacher_trainer.py:171 [INFO] Train: Epoch: [15][781/781]	Step 12511	lr 0.00929	Loss 0.2065 (0.1889)	Prec@(1,5) (93.5%, 99.9%)	
06/26 03:45:10午後 finetuneTeacher_trainer.py:181 [INFO] Train: [ 15/24] Final Prec@1 93.4640%
06/26 03:45:11午後 finetuneTeacher_trainer.py:209 [INFO] Valid: Epoch: [15][50/391]	Step 12512	Loss 0.1730	Prec@(1,5) (93.7%, 99.9%)
06/26 03:45:12午後 finetuneTeacher_trainer.py:209 [INFO] Valid: Epoch: [15][100/391]	Step 12512	Loss 0.1835	Prec@(1,5) (93.4%, 99.9%)
06/26 03:45:12午後 finetuneTeacher_trainer.py:209 [INFO] Valid: Epoch: [15][150/391]	Step 12512	Loss 0.1773	Prec@(1,5) (93.6%, 100.0%)
06/26 03:45:13午後 finetuneTeacher_trainer.py:209 [INFO] Valid: Epoch: [15][200/391]	Step 12512	Loss 0.1759	Prec@(1,5) (93.7%, 100.0%)
06/26 03:45:14午後 finetuneTeacher_trainer.py:209 [INFO] Valid: Epoch: [15][250/391]	Step 12512	Loss 0.1775	Prec@(1,5) (93.7%, 100.0%)
06/26 03:45:15午後 finetuneTeacher_trainer.py:209 [INFO] Valid: Epoch: [15][300/391]	Step 12512	Loss 0.1775	Prec@(1,5) (93.6%, 100.0%)
06/26 03:45:15午後 finetuneTeacher_trainer.py:209 [INFO] Valid: Epoch: [15][350/391]	Step 12512	Loss 0.1766	Prec@(1,5) (93.6%, 100.0%)
06/26 03:45:16午後 finetuneTeacher_trainer.py:209 [INFO] Valid: Epoch: [15][390/391]	Step 12512	Loss 0.1775	Prec@(1,5) (93.6%, 100.0%)
06/26 03:45:16午後 finetuneTeacher_trainer.py:216 [INFO] Valid: [ 15/24] Final Prec@1 93.6000%
06/26 03:45:17午後 finetuneTeacher_main.py:54 [INFO] Until now, best Prec@1 = 93.6000%
06/26 03:45:21午後 finetuneTeacher_trainer.py:171 [INFO] Train: Epoch: [16][50/781]	Step 12562	lr 0.00789	Loss 0.0698 (0.1665)	Prec@(1,5) (94.2%, 99.9%)	
06/26 03:45:23午後 finetuneTeacher_trainer.py:171 [INFO] Train: Epoch: [16][100/781]	Step 12612	lr 0.00789	Loss 0.1361 (0.1641)	Prec@(1,5) (94.5%, 99.9%)	
06/26 03:45:27午後 finetuneTeacher_trainer.py:171 [INFO] Train: Epoch: [16][150/781]	Step 12662	lr 0.00789	Loss 0.0814 (0.1642)	Prec@(1,5) (94.5%, 99.9%)	
06/26 03:45:30午後 finetuneTeacher_trainer.py:171 [INFO] Train: Epoch: [16][200/781]	Step 12712	lr 0.00789	Loss 0.1694 (0.1608)	Prec@(1,5) (94.7%, 99.9%)	
06/26 03:45:33午後 finetuneTeacher_trainer.py:171 [INFO] Train: Epoch: [16][250/781]	Step 12762	lr 0.00789	Loss 0.1576 (0.1630)	Prec@(1,5) (94.6%, 99.9%)	
06/26 03:45:37午後 finetuneTeacher_trainer.py:171 [INFO] Train: Epoch: [16][300/781]	Step 12812	lr 0.00789	Loss 0.1207 (0.1606)	Prec@(1,5) (94.6%, 99.9%)	
06/26 03:45:40午後 finetuneTeacher_trainer.py:171 [INFO] Train: Epoch: [16][350/781]	Step 12862	lr 0.00789	Loss 0.0713 (0.1614)	Prec@(1,5) (94.5%, 99.9%)	
06/26 03:45:44午後 finetuneTeacher_trainer.py:171 [INFO] Train: Epoch: [16][400/781]	Step 12912	lr 0.00789	Loss 0.1521 (0.1609)	Prec@(1,5) (94.5%, 99.9%)	
06/26 03:45:47午後 finetuneTeacher_trainer.py:171 [INFO] Train: Epoch: [16][450/781]	Step 12962	lr 0.00789	Loss 0.1407 (0.1605)	Prec@(1,5) (94.5%, 99.9%)	
06/26 03:45:50午後 finetuneTeacher_trainer.py:171 [INFO] Train: Epoch: [16][500/781]	Step 13012	lr 0.00789	Loss 0.1525 (0.1603)	Prec@(1,5) (94.5%, 99.9%)	
06/26 03:45:53午後 finetuneTeacher_trainer.py:171 [INFO] Train: Epoch: [16][550/781]	Step 13062	lr 0.00789	Loss 0.2081 (0.1623)	Prec@(1,5) (94.4%, 99.9%)	
06/26 03:45:56午後 finetuneTeacher_trainer.py:171 [INFO] Train: Epoch: [16][600/781]	Step 13112	lr 0.00789	Loss 0.1582 (0.1646)	Prec@(1,5) (94.3%, 99.9%)	
06/26 03:45:59午後 finetuneTeacher_trainer.py:171 [INFO] Train: Epoch: [16][650/781]	Step 13162	lr 0.00789	Loss 0.1421 (0.1658)	Prec@(1,5) (94.3%, 99.9%)	
06/26 03:46:02午後 finetuneTeacher_trainer.py:171 [INFO] Train: Epoch: [16][700/781]	Step 13212	lr 0.00789	Loss 0.3998 (0.1658)	Prec@(1,5) (94.3%, 99.9%)	
06/26 03:46:05午後 finetuneTeacher_trainer.py:171 [INFO] Train: Epoch: [16][750/781]	Step 13262	lr 0.00789	Loss 0.2292 (0.1665)	Prec@(1,5) (94.2%, 99.9%)	
06/26 03:46:08午後 finetuneTeacher_trainer.py:171 [INFO] Train: Epoch: [16][781/781]	Step 13293	lr 0.00789	Loss 0.1544 (0.1667)	Prec@(1,5) (94.2%, 99.9%)	
06/26 03:46:08午後 finetuneTeacher_trainer.py:181 [INFO] Train: [ 16/24] Final Prec@1 94.2400%
06/26 03:46:09午後 finetuneTeacher_trainer.py:209 [INFO] Valid: Epoch: [16][50/391]	Step 13294	Loss 0.3382	Prec@(1,5) (93.9%, 100.0%)
06/26 03:46:10午後 finetuneTeacher_trainer.py:209 [INFO] Valid: Epoch: [16][100/391]	Step 13294	Loss 0.2857	Prec@(1,5) (94.4%, 99.9%)
06/26 03:46:10午後 finetuneTeacher_trainer.py:209 [INFO] Valid: Epoch: [16][150/391]	Step 13294	Loss 0.3091	Prec@(1,5) (94.2%, 100.0%)
06/26 03:46:11午後 finetuneTeacher_trainer.py:209 [INFO] Valid: Epoch: [16][200/391]	Step 13294	Loss 0.3101	Prec@(1,5) (94.2%, 100.0%)
06/26 03:46:12午後 finetuneTeacher_trainer.py:209 [INFO] Valid: Epoch: [16][250/391]	Step 13294	Loss 0.3197	Prec@(1,5) (94.1%, 100.0%)
06/26 03:46:12午後 finetuneTeacher_trainer.py:209 [INFO] Valid: Epoch: [16][300/391]	Step 13294	Loss 0.3323	Prec@(1,5) (94.1%, 100.0%)
06/26 03:46:13午後 finetuneTeacher_trainer.py:209 [INFO] Valid: Epoch: [16][350/391]	Step 13294	Loss 0.3274	Prec@(1,5) (94.2%, 100.0%)
06/26 03:46:14午後 finetuneTeacher_trainer.py:209 [INFO] Valid: Epoch: [16][390/391]	Step 13294	Loss 0.3322	Prec@(1,5) (94.2%, 100.0%)
06/26 03:46:14午後 finetuneTeacher_trainer.py:216 [INFO] Valid: [ 16/24] Final Prec@1 94.1760%
06/26 03:46:14午後 finetuneTeacher_main.py:54 [INFO] Until now, best Prec@1 = 94.1760%
06/26 03:46:19午後 finetuneTeacher_trainer.py:171 [INFO] Train: Epoch: [17][50/781]	Step 13344	lr 0.00657	Loss 0.1289 (0.1627)	Prec@(1,5) (93.8%, 100.0%)	
06/26 03:46:23午後 finetuneTeacher_trainer.py:171 [INFO] Train: Epoch: [17][100/781]	Step 13394	lr 0.00657	Loss 0.0977 (0.1518)	Prec@(1,5) (94.5%, 100.0%)	
06/26 03:46:26午後 finetuneTeacher_trainer.py:171 [INFO] Train: Epoch: [17][150/781]	Step 13444	lr 0.00657	Loss 0.1546 (0.1454)	Prec@(1,5) (94.8%, 100.0%)	
06/26 03:46:30午後 finetuneTeacher_trainer.py:171 [INFO] Train: Epoch: [17][200/781]	Step 13494	lr 0.00657	Loss 0.1194 (0.1479)	Prec@(1,5) (94.7%, 100.0%)	
06/26 03:46:34午後 finetuneTeacher_trainer.py:171 [INFO] Train: Epoch: [17][250/781]	Step 13544	lr 0.00657	Loss 0.1806 (0.1467)	Prec@(1,5) (94.9%, 100.0%)	
06/26 03:46:38午後 finetuneTeacher_trainer.py:171 [INFO] Train: Epoch: [17][300/781]	Step 13594	lr 0.00657	Loss 0.0893 (0.1436)	Prec@(1,5) (95.0%, 100.0%)	
06/26 03:46:41午後 finetuneTeacher_trainer.py:171 [INFO] Train: Epoch: [17][350/781]	Step 13644	lr 0.00657	Loss 0.0606 (0.1446)	Prec@(1,5) (95.0%, 100.0%)	
06/26 03:46:45午後 finetuneTeacher_trainer.py:171 [INFO] Train: Epoch: [17][400/781]	Step 13694	lr 0.00657	Loss 0.1935 (0.1448)	Prec@(1,5) (95.0%, 100.0%)	
06/26 03:46:48午後 finetuneTeacher_trainer.py:171 [INFO] Train: Epoch: [17][450/781]	Step 13744	lr 0.00657	Loss 0.1673 (0.1449)	Prec@(1,5) (94.9%, 100.0%)	
06/26 03:46:51午後 finetuneTeacher_trainer.py:171 [INFO] Train: Epoch: [17][500/781]	Step 13794	lr 0.00657	Loss 0.1994 (0.1448)	Prec@(1,5) (95.0%, 100.0%)	
06/26 03:46:55午後 finetuneTeacher_trainer.py:171 [INFO] Train: Epoch: [17][550/781]	Step 13844	lr 0.00657	Loss 0.1384 (0.1454)	Prec@(1,5) (94.9%, 100.0%)	
06/26 03:46:58午後 finetuneTeacher_trainer.py:171 [INFO] Train: Epoch: [17][600/781]	Step 13894	lr 0.00657	Loss 0.2516 (0.1458)	Prec@(1,5) (94.9%, 100.0%)	
06/26 03:47:01午後 finetuneTeacher_trainer.py:171 [INFO] Train: Epoch: [17][650/781]	Step 13944	lr 0.00657	Loss 0.2571 (0.1463)	Prec@(1,5) (94.9%, 100.0%)	
06/26 03:47:04午後 finetuneTeacher_trainer.py:171 [INFO] Train: Epoch: [17][700/781]	Step 13994	lr 0.00657	Loss 0.1456 (0.1456)	Prec@(1,5) (94.9%, 100.0%)	
06/26 03:47:07午後 finetuneTeacher_trainer.py:171 [INFO] Train: Epoch: [17][750/781]	Step 14044	lr 0.00657	Loss 0.3707 (0.1473)	Prec@(1,5) (94.9%, 99.9%)	
06/26 03:47:09午後 finetuneTeacher_trainer.py:171 [INFO] Train: Epoch: [17][781/781]	Step 14075	lr 0.00657	Loss 0.2073 (0.1475)	Prec@(1,5) (94.9%, 99.9%)	
06/26 03:47:10午後 finetuneTeacher_trainer.py:181 [INFO] Train: [ 17/24] Final Prec@1 94.8780%
06/26 03:47:11午後 finetuneTeacher_trainer.py:209 [INFO] Valid: Epoch: [17][50/391]	Step 14076	Loss 0.1229	Prec@(1,5) (95.8%, 100.0%)
06/26 03:47:11午後 finetuneTeacher_trainer.py:209 [INFO] Valid: Epoch: [17][100/391]	Step 14076	Loss 0.1144	Prec@(1,5) (96.1%, 100.0%)
06/26 03:47:12午後 finetuneTeacher_trainer.py:209 [INFO] Valid: Epoch: [17][150/391]	Step 14076	Loss 0.1175	Prec@(1,5) (96.0%, 100.0%)
06/26 03:47:13午後 finetuneTeacher_trainer.py:209 [INFO] Valid: Epoch: [17][200/391]	Step 14076	Loss 0.1175	Prec@(1,5) (96.0%, 100.0%)
06/26 03:47:14午後 finetuneTeacher_trainer.py:209 [INFO] Valid: Epoch: [17][250/391]	Step 14076	Loss 0.1185	Prec@(1,5) (95.9%, 100.0%)
06/26 03:47:15午後 finetuneTeacher_trainer.py:209 [INFO] Valid: Epoch: [17][300/391]	Step 14076	Loss 0.1180	Prec@(1,5) (96.0%, 100.0%)
06/26 03:47:15午後 finetuneTeacher_trainer.py:209 [INFO] Valid: Epoch: [17][350/391]	Step 14076	Loss 0.1174	Prec@(1,5) (96.0%, 100.0%)
06/26 03:47:16午後 finetuneTeacher_trainer.py:209 [INFO] Valid: Epoch: [17][390/391]	Step 14076	Loss 0.1173	Prec@(1,5) (96.0%, 100.0%)
06/26 03:47:16午後 finetuneTeacher_trainer.py:216 [INFO] Valid: [ 17/24] Final Prec@1 96.0440%
06/26 03:47:17午後 finetuneTeacher_main.py:54 [INFO] Until now, best Prec@1 = 96.0440%
06/26 03:47:21午後 finetuneTeacher_trainer.py:171 [INFO] Train: Epoch: [18][50/781]	Step 14126	lr 0.00535	Loss 0.1500 (0.1178)	Prec@(1,5) (96.2%, 100.0%)	
06/26 03:47:24午後 finetuneTeacher_trainer.py:171 [INFO] Train: Epoch: [18][100/781]	Step 14176	lr 0.00535	Loss 0.2644 (0.1229)	Prec@(1,5) (96.0%, 99.9%)	
06/26 03:47:28午後 finetuneTeacher_trainer.py:171 [INFO] Train: Epoch: [18][150/781]	Step 14226	lr 0.00535	Loss 0.0568 (0.1207)	Prec@(1,5) (96.0%, 99.9%)	
06/26 03:47:31午後 finetuneTeacher_trainer.py:171 [INFO] Train: Epoch: [18][200/781]	Step 14276	lr 0.00535	Loss 0.0833 (0.1188)	Prec@(1,5) (96.0%, 99.9%)	
06/26 03:47:34午後 finetuneTeacher_trainer.py:171 [INFO] Train: Epoch: [18][250/781]	Step 14326	lr 0.00535	Loss 0.0520 (0.1235)	Prec@(1,5) (95.8%, 99.9%)	
06/26 03:47:38午後 finetuneTeacher_trainer.py:171 [INFO] Train: Epoch: [18][300/781]	Step 14376	lr 0.00535	Loss 0.1733 (0.1279)	Prec@(1,5) (95.6%, 99.9%)	
06/26 03:47:41午後 finetuneTeacher_trainer.py:171 [INFO] Train: Epoch: [18][350/781]	Step 14426	lr 0.00535	Loss 0.1784 (0.1297)	Prec@(1,5) (95.5%, 99.9%)	
06/26 03:47:44午後 finetuneTeacher_trainer.py:171 [INFO] Train: Epoch: [18][400/781]	Step 14476	lr 0.00535	Loss 0.0768 (0.1287)	Prec@(1,5) (95.6%, 99.9%)	
06/26 03:47:48午後 finetuneTeacher_trainer.py:171 [INFO] Train: Epoch: [18][450/781]	Step 14526	lr 0.00535	Loss 0.0472 (0.1288)	Prec@(1,5) (95.5%, 100.0%)	
06/26 03:47:51午後 finetuneTeacher_trainer.py:171 [INFO] Train: Epoch: [18][500/781]	Step 14576	lr 0.00535	Loss 0.1211 (0.1280)	Prec@(1,5) (95.6%, 100.0%)	
06/26 03:47:54午後 finetuneTeacher_trainer.py:171 [INFO] Train: Epoch: [18][550/781]	Step 14626	lr 0.00535	Loss 0.1375 (0.1282)	Prec@(1,5) (95.6%, 100.0%)	
06/26 03:47:57午後 finetuneTeacher_trainer.py:171 [INFO] Train: Epoch: [18][600/781]	Step 14676	lr 0.00535	Loss 0.1675 (0.1281)	Prec@(1,5) (95.6%, 100.0%)	
06/26 03:48:01午後 finetuneTeacher_trainer.py:171 [INFO] Train: Epoch: [18][650/781]	Step 14726	lr 0.00535	Loss 0.1386 (0.1284)	Prec@(1,5) (95.5%, 100.0%)	
06/26 03:48:04午後 finetuneTeacher_trainer.py:171 [INFO] Train: Epoch: [18][700/781]	Step 14776	lr 0.00535	Loss 0.0324 (0.1283)	Prec@(1,5) (95.5%, 100.0%)	
06/26 03:48:07午後 finetuneTeacher_trainer.py:171 [INFO] Train: Epoch: [18][750/781]	Step 14826	lr 0.00535	Loss 0.1140 (0.1287)	Prec@(1,5) (95.5%, 100.0%)	
06/26 03:48:09午後 finetuneTeacher_trainer.py:171 [INFO] Train: Epoch: [18][781/781]	Step 14857	lr 0.00535	Loss 0.1353 (0.1291)	Prec@(1,5) (95.5%, 100.0%)	
06/26 03:48:09午後 finetuneTeacher_trainer.py:181 [INFO] Train: [ 18/24] Final Prec@1 95.5300%
06/26 03:48:10午後 finetuneTeacher_trainer.py:209 [INFO] Valid: Epoch: [18][50/391]	Step 14858	Loss 0.1037	Prec@(1,5) (96.1%, 100.0%)
06/26 03:48:11午後 finetuneTeacher_trainer.py:209 [INFO] Valid: Epoch: [18][100/391]	Step 14858	Loss 0.1058	Prec@(1,5) (96.1%, 100.0%)
06/26 03:48:12午後 finetuneTeacher_trainer.py:209 [INFO] Valid: Epoch: [18][150/391]	Step 14858	Loss 0.1019	Prec@(1,5) (96.3%, 100.0%)
06/26 03:48:13午後 finetuneTeacher_trainer.py:209 [INFO] Valid: Epoch: [18][200/391]	Step 14858	Loss 0.1036	Prec@(1,5) (96.3%, 100.0%)
06/26 03:48:14午後 finetuneTeacher_trainer.py:209 [INFO] Valid: Epoch: [18][250/391]	Step 14858	Loss 0.1044	Prec@(1,5) (96.3%, 100.0%)
06/26 03:48:15午後 finetuneTeacher_trainer.py:209 [INFO] Valid: Epoch: [18][300/391]	Step 14858	Loss 0.1039	Prec@(1,5) (96.3%, 100.0%)
06/26 03:48:16午後 finetuneTeacher_trainer.py:209 [INFO] Valid: Epoch: [18][350/391]	Step 14858	Loss 0.1051	Prec@(1,5) (96.2%, 100.0%)
06/26 03:48:16午後 finetuneTeacher_trainer.py:209 [INFO] Valid: Epoch: [18][390/391]	Step 14858	Loss 0.1034	Prec@(1,5) (96.3%, 100.0%)
06/26 03:48:16午後 finetuneTeacher_trainer.py:216 [INFO] Valid: [ 18/24] Final Prec@1 96.3400%
06/26 03:48:17午後 finetuneTeacher_main.py:54 [INFO] Until now, best Prec@1 = 96.3400%
06/26 03:48:21午後 finetuneTeacher_trainer.py:171 [INFO] Train: Epoch: [19][50/781]	Step 14908	lr 0.00425	Loss 0.0704 (0.1003)	Prec@(1,5) (96.4%, 100.0%)	
06/26 03:48:25午後 finetuneTeacher_trainer.py:171 [INFO] Train: Epoch: [19][100/781]	Step 14958	lr 0.00425	Loss 0.0826 (0.1023)	Prec@(1,5) (96.4%, 100.0%)	
06/26 03:48:28午後 finetuneTeacher_trainer.py:171 [INFO] Train: Epoch: [19][150/781]	Step 15008	lr 0.00425	Loss 0.1279 (0.1022)	Prec@(1,5) (96.4%, 100.0%)	
06/26 03:48:32午後 finetuneTeacher_trainer.py:171 [INFO] Train: Epoch: [19][200/781]	Step 15058	lr 0.00425	Loss 0.0197 (0.1051)	Prec@(1,5) (96.3%, 100.0%)	
06/26 03:48:35午後 finetuneTeacher_trainer.py:171 [INFO] Train: Epoch: [19][250/781]	Step 15108	lr 0.00425	Loss 0.0394 (0.1068)	Prec@(1,5) (96.2%, 100.0%)	
06/26 03:48:38午後 finetuneTeacher_trainer.py:171 [INFO] Train: Epoch: [19][300/781]	Step 15158	lr 0.00425	Loss 0.1647 (0.1056)	Prec@(1,5) (96.2%, 100.0%)	
06/26 03:48:42午後 finetuneTeacher_trainer.py:171 [INFO] Train: Epoch: [19][350/781]	Step 15208	lr 0.00425	Loss 0.0796 (0.1070)	Prec@(1,5) (96.2%, 100.0%)	
06/26 03:48:45午後 finetuneTeacher_trainer.py:171 [INFO] Train: Epoch: [19][400/781]	Step 15258	lr 0.00425	Loss 0.0921 (0.1069)	Prec@(1,5) (96.2%, 100.0%)	
06/26 03:48:48午後 finetuneTeacher_trainer.py:171 [INFO] Train: Epoch: [19][450/781]	Step 15308	lr 0.00425	Loss 0.0780 (0.1073)	Prec@(1,5) (96.2%, 100.0%)	
06/26 03:48:52午後 finetuneTeacher_trainer.py:171 [INFO] Train: Epoch: [19][500/781]	Step 15358	lr 0.00425	Loss 0.1319 (0.1071)	Prec@(1,5) (96.2%, 100.0%)	
06/26 03:48:55午後 finetuneTeacher_trainer.py:171 [INFO] Train: Epoch: [19][550/781]	Step 15408	lr 0.00425	Loss 0.0904 (0.1086)	Prec@(1,5) (96.1%, 100.0%)	
06/26 03:48:58午後 finetuneTeacher_trainer.py:171 [INFO] Train: Epoch: [19][600/781]	Step 15458	lr 0.00425	Loss 0.0745 (0.1087)	Prec@(1,5) (96.1%, 100.0%)	
06/26 03:49:01午後 finetuneTeacher_trainer.py:171 [INFO] Train: Epoch: [19][650/781]	Step 15508	lr 0.00425	Loss 0.2132 (0.1090)	Prec@(1,5) (96.1%, 100.0%)	
06/26 03:49:04午後 finetuneTeacher_trainer.py:171 [INFO] Train: Epoch: [19][700/781]	Step 15558	lr 0.00425	Loss 0.0979 (0.1094)	Prec@(1,5) (96.1%, 100.0%)	
06/26 03:49:08午後 finetuneTeacher_trainer.py:171 [INFO] Train: Epoch: [19][750/781]	Step 15608	lr 0.00425	Loss 0.1525 (0.1097)	Prec@(1,5) (96.1%, 100.0%)	
06/26 03:49:10午後 finetuneTeacher_trainer.py:171 [INFO] Train: Epoch: [19][781/781]	Step 15639	lr 0.00425	Loss 0.1573 (0.1107)	Prec@(1,5) (96.1%, 100.0%)	
06/26 03:49:10午後 finetuneTeacher_trainer.py:181 [INFO] Train: [ 19/24] Final Prec@1 96.0540%
06/26 03:49:11午後 finetuneTeacher_trainer.py:209 [INFO] Valid: Epoch: [19][50/391]	Step 15640	Loss 0.0823	Prec@(1,5) (97.4%, 100.0%)
06/26 03:49:12午後 finetuneTeacher_trainer.py:209 [INFO] Valid: Epoch: [19][100/391]	Step 15640	Loss 0.0830	Prec@(1,5) (97.3%, 100.0%)
06/26 03:49:13午後 finetuneTeacher_trainer.py:209 [INFO] Valid: Epoch: [19][150/391]	Step 15640	Loss 0.0828	Prec@(1,5) (97.2%, 100.0%)
06/26 03:49:13午後 finetuneTeacher_trainer.py:209 [INFO] Valid: Epoch: [19][200/391]	Step 15640	Loss 0.0853	Prec@(1,5) (97.1%, 100.0%)
06/26 03:49:14午後 finetuneTeacher_trainer.py:209 [INFO] Valid: Epoch: [19][250/391]	Step 15640	Loss 0.0819	Prec@(1,5) (97.2%, 100.0%)
06/26 03:49:15午後 finetuneTeacher_trainer.py:209 [INFO] Valid: Epoch: [19][300/391]	Step 15640	Loss 0.0816	Prec@(1,5) (97.2%, 100.0%)
06/26 03:49:16午後 finetuneTeacher_trainer.py:209 [INFO] Valid: Epoch: [19][350/391]	Step 15640	Loss 0.0828	Prec@(1,5) (97.2%, 100.0%)
06/26 03:49:16午後 finetuneTeacher_trainer.py:209 [INFO] Valid: Epoch: [19][390/391]	Step 15640	Loss 0.0833	Prec@(1,5) (97.2%, 100.0%)
06/26 03:49:16午後 finetuneTeacher_trainer.py:216 [INFO] Valid: [ 19/24] Final Prec@1 97.1840%
06/26 03:49:17午後 finetuneTeacher_main.py:54 [INFO] Until now, best Prec@1 = 97.1840%
06/26 03:49:21午後 finetuneTeacher_trainer.py:171 [INFO] Train: Epoch: [20][50/781]	Step 15690	lr 0.00329	Loss 0.1119 (0.1052)	Prec@(1,5) (96.3%, 100.0%)	
06/26 03:49:25午後 finetuneTeacher_trainer.py:171 [INFO] Train: Epoch: [20][100/781]	Step 15740	lr 0.00329	Loss 0.1533 (0.1061)	Prec@(1,5) (96.2%, 100.0%)	
06/26 03:49:28午後 finetuneTeacher_trainer.py:171 [INFO] Train: Epoch: [20][150/781]	Step 15790	lr 0.00329	Loss 0.0250 (0.1040)	Prec@(1,5) (96.2%, 100.0%)	
06/26 03:49:32午後 finetuneTeacher_trainer.py:171 [INFO] Train: Epoch: [20][200/781]	Step 15840	lr 0.00329	Loss 0.1098 (0.0999)	Prec@(1,5) (96.5%, 100.0%)	
06/26 03:49:36午後 finetuneTeacher_trainer.py:171 [INFO] Train: Epoch: [20][250/781]	Step 15890	lr 0.00329	Loss 0.0664 (0.0990)	Prec@(1,5) (96.5%, 100.0%)	
06/26 03:49:39午後 finetuneTeacher_trainer.py:171 [INFO] Train: Epoch: [20][300/781]	Step 15940	lr 0.00329	Loss 0.0426 (0.0983)	Prec@(1,5) (96.5%, 100.0%)	
06/26 03:49:43午後 finetuneTeacher_trainer.py:171 [INFO] Train: Epoch: [20][350/781]	Step 15990	lr 0.00329	Loss 0.0685 (0.0993)	Prec@(1,5) (96.6%, 100.0%)	
06/26 03:49:47午後 finetuneTeacher_trainer.py:171 [INFO] Train: Epoch: [20][400/781]	Step 16040	lr 0.00329	Loss 0.0996 (0.0992)	Prec@(1,5) (96.6%, 100.0%)	
06/26 03:49:50午後 finetuneTeacher_trainer.py:171 [INFO] Train: Epoch: [20][450/781]	Step 16090	lr 0.00329	Loss 0.1125 (0.0990)	Prec@(1,5) (96.6%, 100.0%)	
06/26 03:49:54午後 finetuneTeacher_trainer.py:171 [INFO] Train: Epoch: [20][500/781]	Step 16140	lr 0.00329	Loss 0.2270 (0.0994)	Prec@(1,5) (96.6%, 100.0%)	
06/26 03:49:57午後 finetuneTeacher_trainer.py:171 [INFO] Train: Epoch: [20][550/781]	Step 16190	lr 0.00329	Loss 0.0898 (0.1001)	Prec@(1,5) (96.6%, 100.0%)	
06/26 03:50:00午後 finetuneTeacher_trainer.py:171 [INFO] Train: Epoch: [20][600/781]	Step 16240	lr 0.00329	Loss 0.0236 (0.0993)	Prec@(1,5) (96.6%, 100.0%)	
06/26 03:50:02午後 finetuneTeacher_trainer.py:171 [INFO] Train: Epoch: [20][650/781]	Step 16290	lr 0.00329	Loss 0.0415 (0.0992)	Prec@(1,5) (96.5%, 100.0%)	
06/26 03:50:05午後 finetuneTeacher_trainer.py:171 [INFO] Train: Epoch: [20][700/781]	Step 16340	lr 0.00329	Loss 0.1549 (0.0990)	Prec@(1,5) (96.6%, 100.0%)	
06/26 03:50:08午後 finetuneTeacher_trainer.py:171 [INFO] Train: Epoch: [20][750/781]	Step 16390	lr 0.00329	Loss 0.2008 (0.0981)	Prec@(1,5) (96.6%, 100.0%)	
06/26 03:50:10午後 finetuneTeacher_trainer.py:171 [INFO] Train: Epoch: [20][781/781]	Step 16421	lr 0.00329	Loss 0.1574 (0.0982)	Prec@(1,5) (96.6%, 100.0%)	
06/26 03:50:10午後 finetuneTeacher_trainer.py:181 [INFO] Train: [ 20/24] Final Prec@1 96.5660%
06/26 03:50:11午後 finetuneTeacher_trainer.py:209 [INFO] Valid: Epoch: [20][50/391]	Step 16422	Loss 0.0733	Prec@(1,5) (97.5%, 100.0%)
06/26 03:50:12午後 finetuneTeacher_trainer.py:209 [INFO] Valid: Epoch: [20][100/391]	Step 16422	Loss 0.0630	Prec@(1,5) (97.9%, 100.0%)
06/26 03:50:12午後 finetuneTeacher_trainer.py:209 [INFO] Valid: Epoch: [20][150/391]	Step 16422	Loss 0.0665	Prec@(1,5) (97.8%, 100.0%)
06/26 03:50:13午後 finetuneTeacher_trainer.py:209 [INFO] Valid: Epoch: [20][200/391]	Step 16422	Loss 0.0724	Prec@(1,5) (97.8%, 100.0%)
06/26 03:50:14午後 finetuneTeacher_trainer.py:209 [INFO] Valid: Epoch: [20][250/391]	Step 16422	Loss 0.0811	Prec@(1,5) (97.7%, 99.9%)
06/26 03:50:15午後 finetuneTeacher_trainer.py:209 [INFO] Valid: Epoch: [20][300/391]	Step 16422	Loss 0.0889	Prec@(1,5) (97.6%, 99.9%)
06/26 03:50:15午後 finetuneTeacher_trainer.py:209 [INFO] Valid: Epoch: [20][350/391]	Step 16422	Loss 0.0883	Prec@(1,5) (97.6%, 99.9%)
06/26 03:50:16午後 finetuneTeacher_trainer.py:209 [INFO] Valid: Epoch: [20][390/391]	Step 16422	Loss 0.0867	Prec@(1,5) (97.7%, 99.9%)
06/26 03:50:16午後 finetuneTeacher_trainer.py:216 [INFO] Valid: [ 20/24] Final Prec@1 97.6560%
06/26 03:50:17午後 finetuneTeacher_main.py:54 [INFO] Until now, best Prec@1 = 97.6560%
06/26 03:50:20午後 finetuneTeacher_trainer.py:171 [INFO] Train: Epoch: [21][50/781]	Step 16472	lr 0.00248	Loss 0.0642 (0.0870)	Prec@(1,5) (97.0%, 100.0%)	
06/26 03:50:24午後 finetuneTeacher_trainer.py:171 [INFO] Train: Epoch: [21][100/781]	Step 16522	lr 0.00248	Loss 0.0877 (0.0840)	Prec@(1,5) (97.3%, 100.0%)	
06/26 03:50:28午後 finetuneTeacher_trainer.py:171 [INFO] Train: Epoch: [21][150/781]	Step 16572	lr 0.00248	Loss 0.1674 (0.0851)	Prec@(1,5) (97.3%, 100.0%)	
06/26 03:50:31午後 finetuneTeacher_trainer.py:171 [INFO] Train: Epoch: [21][200/781]	Step 16622	lr 0.00248	Loss 0.1012 (0.0824)	Prec@(1,5) (97.3%, 100.0%)	
06/26 03:50:35午後 finetuneTeacher_trainer.py:171 [INFO] Train: Epoch: [21][250/781]	Step 16672	lr 0.00248	Loss 0.0785 (0.0836)	Prec@(1,5) (97.1%, 100.0%)	
06/26 03:50:38午後 finetuneTeacher_trainer.py:171 [INFO] Train: Epoch: [21][300/781]	Step 16722	lr 0.00248	Loss 0.0235 (0.0840)	Prec@(1,5) (97.1%, 100.0%)	
06/26 03:50:41午後 finetuneTeacher_trainer.py:171 [INFO] Train: Epoch: [21][350/781]	Step 16772	lr 0.00248	Loss 0.0737 (0.0817)	Prec@(1,5) (97.1%, 100.0%)	
06/26 03:50:45午後 finetuneTeacher_trainer.py:171 [INFO] Train: Epoch: [21][400/781]	Step 16822	lr 0.00248	Loss 0.0748 (0.0816)	Prec@(1,5) (97.1%, 100.0%)	
06/26 03:50:49午後 finetuneTeacher_trainer.py:171 [INFO] Train: Epoch: [21][450/781]	Step 16872	lr 0.00248	Loss 0.0266 (0.0809)	Prec@(1,5) (97.1%, 100.0%)	
06/26 03:50:52午後 finetuneTeacher_trainer.py:171 [INFO] Train: Epoch: [21][500/781]	Step 16922	lr 0.00248	Loss 0.0589 (0.0806)	Prec@(1,5) (97.2%, 100.0%)	
06/26 03:50:56午後 finetuneTeacher_trainer.py:171 [INFO] Train: Epoch: [21][550/781]	Step 16972	lr 0.00248	Loss 0.0658 (0.0801)	Prec@(1,5) (97.2%, 100.0%)	
06/26 03:50:59午後 finetuneTeacher_trainer.py:171 [INFO] Train: Epoch: [21][600/781]	Step 17022	lr 0.00248	Loss 0.2535 (0.0808)	Prec@(1,5) (97.2%, 100.0%)	
06/26 03:51:03午後 finetuneTeacher_trainer.py:171 [INFO] Train: Epoch: [21][650/781]	Step 17072	lr 0.00248	Loss 0.0763 (0.0804)	Prec@(1,5) (97.2%, 100.0%)	
06/26 03:51:06午後 finetuneTeacher_trainer.py:171 [INFO] Train: Epoch: [21][700/781]	Step 17122	lr 0.00248	Loss 0.0810 (0.0816)	Prec@(1,5) (97.2%, 100.0%)	
06/26 03:51:10午後 finetuneTeacher_trainer.py:171 [INFO] Train: Epoch: [21][750/781]	Step 17172	lr 0.00248	Loss 0.0094 (0.0812)	Prec@(1,5) (97.2%, 100.0%)	
06/26 03:51:12午後 finetuneTeacher_trainer.py:171 [INFO] Train: Epoch: [21][781/781]	Step 17203	lr 0.00248	Loss 0.0622 (0.0816)	Prec@(1,5) (97.1%, 100.0%)	
06/26 03:51:12午後 finetuneTeacher_trainer.py:181 [INFO] Train: [ 21/24] Final Prec@1 97.1440%
06/26 03:51:13午後 finetuneTeacher_trainer.py:209 [INFO] Valid: Epoch: [21][50/391]	Step 17204	Loss 0.2423	Prec@(1,5) (97.9%, 99.9%)
06/26 03:51:14午後 finetuneTeacher_trainer.py:209 [INFO] Valid: Epoch: [21][100/391]	Step 17204	Loss 0.1563	Prec@(1,5) (98.1%, 99.9%)
06/26 03:51:15午後 finetuneTeacher_trainer.py:209 [INFO] Valid: Epoch: [21][150/391]	Step 17204	Loss 0.2129	Prec@(1,5) (98.0%, 99.9%)
06/26 03:51:15午後 finetuneTeacher_trainer.py:209 [INFO] Valid: Epoch: [21][200/391]	Step 17204	Loss 0.1881	Prec@(1,5) (97.9%, 99.9%)
06/26 03:51:16午後 finetuneTeacher_trainer.py:209 [INFO] Valid: Epoch: [21][250/391]	Step 17204	Loss 0.1825	Prec@(1,5) (97.8%, 99.9%)
06/26 03:51:17午後 finetuneTeacher_trainer.py:209 [INFO] Valid: Epoch: [21][300/391]	Step 17204	Loss 0.1703	Prec@(1,5) (97.8%, 99.9%)
06/26 03:51:18午後 finetuneTeacher_trainer.py:209 [INFO] Valid: Epoch: [21][350/391]	Step 17204	Loss 0.1538	Prec@(1,5) (97.9%, 99.9%)
06/26 03:51:18午後 finetuneTeacher_trainer.py:209 [INFO] Valid: Epoch: [21][390/391]	Step 17204	Loss 0.1436	Prec@(1,5) (97.9%, 99.9%)
06/26 03:51:18午後 finetuneTeacher_trainer.py:216 [INFO] Valid: [ 21/24] Final Prec@1 97.9240%
06/26 03:51:19午後 finetuneTeacher_main.py:54 [INFO] Until now, best Prec@1 = 97.9240%
06/26 03:51:23午後 finetuneTeacher_trainer.py:171 [INFO] Train: Epoch: [22][50/781]	Step 17254	lr 0.00184	Loss 0.0661 (0.0792)	Prec@(1,5) (97.3%, 100.0%)	
06/26 03:51:26午後 finetuneTeacher_trainer.py:171 [INFO] Train: Epoch: [22][100/781]	Step 17304	lr 0.00184	Loss 0.0913 (0.0748)	Prec@(1,5) (97.5%, 100.0%)	
06/26 03:51:29午後 finetuneTeacher_trainer.py:171 [INFO] Train: Epoch: [22][150/781]	Step 17354	lr 0.00184	Loss 0.1338 (0.0789)	Prec@(1,5) (97.5%, 100.0%)	
06/26 03:51:33午後 finetuneTeacher_trainer.py:171 [INFO] Train: Epoch: [22][200/781]	Step 17404	lr 0.00184	Loss 0.0649 (0.0774)	Prec@(1,5) (97.5%, 100.0%)	
06/26 03:51:37午後 finetuneTeacher_trainer.py:171 [INFO] Train: Epoch: [22][250/781]	Step 17454	lr 0.00184	Loss 0.0685 (0.0743)	Prec@(1,5) (97.6%, 100.0%)	
06/26 03:51:40午後 finetuneTeacher_trainer.py:171 [INFO] Train: Epoch: [22][300/781]	Step 17504	lr 0.00184	Loss 0.0327 (0.0736)	Prec@(1,5) (97.6%, 100.0%)	
06/26 03:51:44午後 finetuneTeacher_trainer.py:171 [INFO] Train: Epoch: [22][350/781]	Step 17554	lr 0.00184	Loss 0.1084 (0.0731)	Prec@(1,5) (97.6%, 100.0%)	
06/26 03:51:48午後 finetuneTeacher_trainer.py:171 [INFO] Train: Epoch: [22][400/781]	Step 17604	lr 0.00184	Loss 0.0268 (0.0724)	Prec@(1,5) (97.6%, 100.0%)	
06/26 03:51:51午後 finetuneTeacher_trainer.py:171 [INFO] Train: Epoch: [22][450/781]	Step 17654	lr 0.00184	Loss 0.0314 (0.0724)	Prec@(1,5) (97.5%, 100.0%)	
06/26 03:51:55午後 finetuneTeacher_trainer.py:171 [INFO] Train: Epoch: [22][500/781]	Step 17704	lr 0.00184	Loss 0.0341 (0.0717)	Prec@(1,5) (97.5%, 100.0%)	
06/26 03:51:58午後 finetuneTeacher_trainer.py:171 [INFO] Train: Epoch: [22][550/781]	Step 17754	lr 0.00184	Loss 0.0295 (0.0715)	Prec@(1,5) (97.6%, 100.0%)	
06/26 03:52:01午後 finetuneTeacher_trainer.py:171 [INFO] Train: Epoch: [22][600/781]	Step 17804	lr 0.00184	Loss 0.1317 (0.0723)	Prec@(1,5) (97.5%, 100.0%)	
06/26 03:52:05午後 finetuneTeacher_trainer.py:171 [INFO] Train: Epoch: [22][650/781]	Step 17854	lr 0.00184	Loss 0.0154 (0.0721)	Prec@(1,5) (97.6%, 100.0%)	
06/26 03:52:08午後 finetuneTeacher_trainer.py:171 [INFO] Train: Epoch: [22][700/781]	Step 17904	lr 0.00184	Loss 0.0331 (0.0719)	Prec@(1,5) (97.6%, 100.0%)	
06/26 03:52:11午後 finetuneTeacher_trainer.py:171 [INFO] Train: Epoch: [22][750/781]	Step 17954	lr 0.00184	Loss 0.0429 (0.0722)	Prec@(1,5) (97.5%, 100.0%)	
06/26 03:52:13午後 finetuneTeacher_trainer.py:171 [INFO] Train: Epoch: [22][781/781]	Step 17985	lr 0.00184	Loss 0.0289 (0.0724)	Prec@(1,5) (97.5%, 100.0%)	
06/26 03:52:13午後 finetuneTeacher_trainer.py:181 [INFO] Train: [ 22/24] Final Prec@1 97.5260%
06/26 03:52:14午後 finetuneTeacher_trainer.py:209 [INFO] Valid: Epoch: [22][50/391]	Step 17986	Loss 0.2018	Prec@(1,5) (97.9%, 99.9%)
06/26 03:52:15午後 finetuneTeacher_trainer.py:209 [INFO] Valid: Epoch: [22][100/391]	Step 17986	Loss 0.2224	Prec@(1,5) (98.0%, 99.9%)
06/26 03:52:16午後 finetuneTeacher_trainer.py:209 [INFO] Valid: Epoch: [22][150/391]	Step 17986	Loss 0.3500	Prec@(1,5) (98.0%, 99.8%)
06/26 03:52:17午後 finetuneTeacher_trainer.py:209 [INFO] Valid: Epoch: [22][200/391]	Step 17986	Loss 0.2802	Prec@(1,5) (98.0%, 99.9%)
06/26 03:52:17午後 finetuneTeacher_trainer.py:209 [INFO] Valid: Epoch: [22][250/391]	Step 17986	Loss 0.2798	Prec@(1,5) (98.0%, 99.9%)
06/26 03:52:18午後 finetuneTeacher_trainer.py:209 [INFO] Valid: Epoch: [22][300/391]	Step 17986	Loss 0.2904	Prec@(1,5) (98.0%, 99.9%)
06/26 03:52:19午後 finetuneTeacher_trainer.py:209 [INFO] Valid: Epoch: [22][350/391]	Step 17986	Loss 0.2870	Prec@(1,5) (98.0%, 99.9%)
06/26 03:52:20午後 finetuneTeacher_trainer.py:209 [INFO] Valid: Epoch: [22][390/391]	Step 17986	Loss 0.2919	Prec@(1,5) (98.0%, 99.9%)
06/26 03:52:20午後 finetuneTeacher_trainer.py:216 [INFO] Valid: [ 22/24] Final Prec@1 98.0200%
06/26 03:52:20午後 finetuneTeacher_main.py:54 [INFO] Until now, best Prec@1 = 98.0200%
06/26 03:52:25午後 finetuneTeacher_trainer.py:171 [INFO] Train: Epoch: [23][50/781]	Step 18036	lr 0.00138	Loss 0.0724 (0.0697)	Prec@(1,5) (97.4%, 100.0%)	
06/26 03:52:29午後 finetuneTeacher_trainer.py:171 [INFO] Train: Epoch: [23][100/781]	Step 18086	lr 0.00138	Loss 0.1096 (0.0636)	Prec@(1,5) (97.7%, 100.0%)	
06/26 03:52:32午後 finetuneTeacher_trainer.py:171 [INFO] Train: Epoch: [23][150/781]	Step 18136	lr 0.00138	Loss 0.0198 (0.0651)	Prec@(1,5) (97.6%, 100.0%)	
06/26 03:52:36午後 finetuneTeacher_trainer.py:171 [INFO] Train: Epoch: [23][200/781]	Step 18186	lr 0.00138	Loss 0.0510 (0.0661)	Prec@(1,5) (97.6%, 100.0%)	
06/26 03:52:39午後 finetuneTeacher_trainer.py:171 [INFO] Train: Epoch: [23][250/781]	Step 18236	lr 0.00138	Loss 0.0467 (0.0649)	Prec@(1,5) (97.7%, 100.0%)	
06/26 03:52:42午後 finetuneTeacher_trainer.py:171 [INFO] Train: Epoch: [23][300/781]	Step 18286	lr 0.00138	Loss 0.0216 (0.0635)	Prec@(1,5) (97.7%, 100.0%)	
06/26 03:52:46午後 finetuneTeacher_trainer.py:171 [INFO] Train: Epoch: [23][350/781]	Step 18336	lr 0.00138	Loss 0.0702 (0.0631)	Prec@(1,5) (97.7%, 100.0%)	
06/26 03:52:50午後 finetuneTeacher_trainer.py:171 [INFO] Train: Epoch: [23][400/781]	Step 18386	lr 0.00138	Loss 0.0521 (0.0632)	Prec@(1,5) (97.7%, 100.0%)	
06/26 03:52:53午後 finetuneTeacher_trainer.py:171 [INFO] Train: Epoch: [23][450/781]	Step 18436	lr 0.00138	Loss 0.0259 (0.0622)	Prec@(1,5) (97.8%, 100.0%)	
06/26 03:52:56午後 finetuneTeacher_trainer.py:171 [INFO] Train: Epoch: [23][500/781]	Step 18486	lr 0.00138	Loss 0.0400 (0.0620)	Prec@(1,5) (97.8%, 100.0%)	
06/26 03:52:59午後 finetuneTeacher_trainer.py:171 [INFO] Train: Epoch: [23][550/781]	Step 18536	lr 0.00138	Loss 0.0429 (0.0615)	Prec@(1,5) (97.8%, 100.0%)	
06/26 03:53:03午後 finetuneTeacher_trainer.py:171 [INFO] Train: Epoch: [23][600/781]	Step 18586	lr 0.00138	Loss 0.0622 (0.0617)	Prec@(1,5) (97.8%, 100.0%)	
06/26 03:53:06午後 finetuneTeacher_trainer.py:171 [INFO] Train: Epoch: [23][650/781]	Step 18636	lr 0.00138	Loss 0.0219 (0.0617)	Prec@(1,5) (97.8%, 100.0%)	
06/26 03:53:09午後 finetuneTeacher_trainer.py:171 [INFO] Train: Epoch: [23][700/781]	Step 18686	lr 0.00138	Loss 0.0263 (0.0613)	Prec@(1,5) (97.8%, 100.0%)	
06/26 03:53:13午後 finetuneTeacher_trainer.py:171 [INFO] Train: Epoch: [23][750/781]	Step 18736	lr 0.00138	Loss 0.0127 (0.0615)	Prec@(1,5) (97.8%, 100.0%)	
06/26 03:53:15午後 finetuneTeacher_trainer.py:171 [INFO] Train: Epoch: [23][781/781]	Step 18767	lr 0.00138	Loss 0.0161 (0.0616)	Prec@(1,5) (97.8%, 100.0%)	
06/26 03:53:15午後 finetuneTeacher_trainer.py:181 [INFO] Train: [ 23/24] Final Prec@1 97.7960%
06/26 03:53:16午後 finetuneTeacher_trainer.py:209 [INFO] Valid: Epoch: [23][50/391]	Step 18768	Loss 0.3433	Prec@(1,5) (98.3%, 99.8%)
06/26 03:53:16午後 finetuneTeacher_trainer.py:209 [INFO] Valid: Epoch: [23][100/391]	Step 18768	Loss 0.3157	Prec@(1,5) (98.5%, 99.8%)
06/26 03:53:17午後 finetuneTeacher_trainer.py:209 [INFO] Valid: Epoch: [23][150/391]	Step 18768	Loss 0.3907	Prec@(1,5) (98.6%, 99.8%)
06/26 03:53:18午後 finetuneTeacher_trainer.py:209 [INFO] Valid: Epoch: [23][200/391]	Step 18768	Loss 0.4763	Prec@(1,5) (98.4%, 99.8%)
06/26 03:53:19午後 finetuneTeacher_trainer.py:209 [INFO] Valid: Epoch: [23][250/391]	Step 18768	Loss 0.4288	Prec@(1,5) (98.4%, 99.8%)
06/26 03:53:19午後 finetuneTeacher_trainer.py:209 [INFO] Valid: Epoch: [23][300/391]	Step 18768	Loss 0.4765	Prec@(1,5) (98.4%, 99.8%)
06/26 03:53:20午後 finetuneTeacher_trainer.py:209 [INFO] Valid: Epoch: [23][350/391]	Step 18768	Loss 0.4632	Prec@(1,5) (98.4%, 99.8%)
06/26 03:53:21午後 finetuneTeacher_trainer.py:209 [INFO] Valid: Epoch: [23][390/391]	Step 18768	Loss 0.4288	Prec@(1,5) (98.3%, 99.8%)
06/26 03:53:21午後 finetuneTeacher_trainer.py:216 [INFO] Valid: [ 23/24] Final Prec@1 98.3360%
06/26 03:53:21午後 finetuneTeacher_main.py:54 [INFO] Until now, best Prec@1 = 98.3360%
06/26 03:53:26午後 finetuneTeacher_trainer.py:171 [INFO] Train: Epoch: [24][50/781]	Step 18818	lr 0.00109	Loss 0.0896 (0.0591)	Prec@(1,5) (97.9%, 100.0%)	
06/26 03:53:29午後 finetuneTeacher_trainer.py:171 [INFO] Train: Epoch: [24][100/781]	Step 18868	lr 0.00109	Loss 0.0993 (0.0555)	Prec@(1,5) (98.0%, 100.0%)	
06/26 03:53:32午後 finetuneTeacher_trainer.py:171 [INFO] Train: Epoch: [24][150/781]	Step 18918	lr 0.00109	Loss 0.0593 (0.0555)	Prec@(1,5) (98.0%, 100.0%)	
06/26 03:53:36午後 finetuneTeacher_trainer.py:171 [INFO] Train: Epoch: [24][200/781]	Step 18968	lr 0.00109	Loss 0.0531 (0.0556)	Prec@(1,5) (98.0%, 100.0%)	
06/26 03:53:39午後 finetuneTeacher_trainer.py:171 [INFO] Train: Epoch: [24][250/781]	Step 19018	lr 0.00109	Loss 0.1089 (0.0537)	Prec@(1,5) (98.1%, 100.0%)	
06/26 03:53:42午後 finetuneTeacher_trainer.py:171 [INFO] Train: Epoch: [24][300/781]	Step 19068	lr 0.00109	Loss 0.1538 (0.0555)	Prec@(1,5) (98.1%, 100.0%)	
06/26 03:53:46午後 finetuneTeacher_trainer.py:171 [INFO] Train: Epoch: [24][350/781]	Step 19118	lr 0.00109	Loss 0.0135 (0.0559)	Prec@(1,5) (98.1%, 100.0%)	
06/26 03:53:49午後 finetuneTeacher_trainer.py:171 [INFO] Train: Epoch: [24][400/781]	Step 19168	lr 0.00109	Loss 0.0862 (0.0571)	Prec@(1,5) (98.1%, 100.0%)	
06/26 03:53:52午後 finetuneTeacher_trainer.py:171 [INFO] Train: Epoch: [24][450/781]	Step 19218	lr 0.00109	Loss 0.0076 (0.0561)	Prec@(1,5) (98.1%, 100.0%)	
06/26 03:53:55午後 finetuneTeacher_trainer.py:171 [INFO] Train: Epoch: [24][500/781]	Step 19268	lr 0.00109	Loss 0.0454 (0.0558)	Prec@(1,5) (98.1%, 100.0%)	
06/26 03:53:59午後 finetuneTeacher_trainer.py:171 [INFO] Train: Epoch: [24][550/781]	Step 19318	lr 0.00109	Loss 0.0640 (0.0563)	Prec@(1,5) (98.1%, 100.0%)	
06/26 03:54:02午後 finetuneTeacher_trainer.py:171 [INFO] Train: Epoch: [24][600/781]	Step 19368	lr 0.00109	Loss 0.0626 (0.0569)	Prec@(1,5) (98.0%, 100.0%)	
06/26 03:54:05午後 finetuneTeacher_trainer.py:171 [INFO] Train: Epoch: [24][650/781]	Step 19418	lr 0.00109	Loss 0.0443 (0.0581)	Prec@(1,5) (98.0%, 100.0%)	
06/26 03:54:09午後 finetuneTeacher_trainer.py:171 [INFO] Train: Epoch: [24][700/781]	Step 19468	lr 0.00109	Loss 0.2066 (0.0584)	Prec@(1,5) (98.0%, 100.0%)	
06/26 03:54:12午後 finetuneTeacher_trainer.py:171 [INFO] Train: Epoch: [24][750/781]	Step 19518	lr 0.00109	Loss 0.0732 (0.0580)	Prec@(1,5) (98.0%, 100.0%)	
06/26 03:54:14午後 finetuneTeacher_trainer.py:171 [INFO] Train: Epoch: [24][781/781]	Step 19549	lr 0.00109	Loss 0.0571 (0.0582)	Prec@(1,5) (98.0%, 100.0%)	
06/26 03:54:14午後 finetuneTeacher_trainer.py:181 [INFO] Train: [ 24/24] Final Prec@1 97.9760%
06/26 03:54:15午後 finetuneTeacher_trainer.py:209 [INFO] Valid: Epoch: [24][50/391]	Step 19550	Loss 0.0682	Prec@(1,5) (99.0%, 100.0%)
06/26 03:54:16午後 finetuneTeacher_trainer.py:209 [INFO] Valid: Epoch: [24][100/391]	Step 19550	Loss 0.0583	Prec@(1,5) (98.7%, 100.0%)
06/26 03:54:17午後 finetuneTeacher_trainer.py:209 [INFO] Valid: Epoch: [24][150/391]	Step 19550	Loss 0.0718	Prec@(1,5) (98.6%, 99.9%)
06/26 03:54:17午後 finetuneTeacher_trainer.py:209 [INFO] Valid: Epoch: [24][200/391]	Step 19550	Loss 0.0806	Prec@(1,5) (98.5%, 99.9%)
06/26 03:54:18午後 finetuneTeacher_trainer.py:209 [INFO] Valid: Epoch: [24][250/391]	Step 19550	Loss 0.0930	Prec@(1,5) (98.5%, 99.9%)
06/26 03:54:19午後 finetuneTeacher_trainer.py:209 [INFO] Valid: Epoch: [24][300/391]	Step 19550	Loss 0.0842	Prec@(1,5) (98.6%, 99.9%)
06/26 03:54:20午後 finetuneTeacher_trainer.py:209 [INFO] Valid: Epoch: [24][350/391]	Step 19550	Loss 0.0793	Prec@(1,5) (98.6%, 99.9%)
06/26 03:54:20午後 finetuneTeacher_trainer.py:209 [INFO] Valid: Epoch: [24][390/391]	Step 19550	Loss 0.0766	Prec@(1,5) (98.6%, 99.9%)
06/26 03:54:20午後 finetuneTeacher_trainer.py:216 [INFO] Valid: [ 24/24] Final Prec@1 98.5920%
06/26 03:54:21午後 finetuneTeacher_main.py:54 [INFO] Until now, best Prec@1 = 98.5920%
06/26 03:54:21午後 finetuneTeacher_main.py:56 [INFO] Final best Prec@1 = 98.5920%
